[2022-10-18 16:09:51,148] {taskinstance.py:1159} INFO - Dependencies all met for <TaskInstance: clinical_trials__lung_cancer__etl__20220109.load_data_to_blob_storage_task scheduled__2022-10-18T14:00:00+00:00 map_index=46 [queued]>
[2022-10-18 16:09:51,156] {taskinstance.py:1159} INFO - Dependencies all met for <TaskInstance: clinical_trials__lung_cancer__etl__20220109.load_data_to_blob_storage_task scheduled__2022-10-18T14:00:00+00:00 map_index=46 [queued]>
[2022-10-18 16:09:51,157] {taskinstance.py:1356} INFO - 
--------------------------------------------------------------------------------
[2022-10-18 16:09:51,158] {taskinstance.py:1357} INFO - Starting attempt 1 of 1
[2022-10-18 16:09:51,159] {taskinstance.py:1358} INFO - 
--------------------------------------------------------------------------------
[2022-10-18 16:09:51,166] {taskinstance.py:1377} INFO - Executing <Mapped(_PythonDecoratedOperator): load_data_to_blob_storage_task> on 2022-10-18 14:00:00+00:00
[2022-10-18 16:09:51,170] {standard_task_runner.py:52} INFO - Started process 815 to run task
[2022-10-18 16:09:51,173] {standard_task_runner.py:79} INFO - Running: ['airflow', 'tasks', 'run', 'clinical_trials__lung_cancer__etl__20220109', 'load_data_to_blob_storage_task', 'scheduled__2022-10-18T14:00:00+00:00', '--job-id', '113', '--raw', '--subdir', 'DAGS_FOLDER/process_news_dags.py', '--cfg-path', '/tmp/tmprg0uwi0c', '--map-index', '46', '--error-file', '/tmp/tmpktbtf8nj']
[2022-10-18 16:09:51,174] {standard_task_runner.py:80} INFO - Job 113: Subtask load_data_to_blob_storage_task
[2022-10-18 16:09:51,186] {logging_mixin.py:115} WARNING - /root/.cache/pypoetry/virtualenvs/***-tXitOD5F-py3.8/lib/python3.8/site-packages/airflow/configuration.py:525 DeprecationWarning: The sql_alchemy_conn option in [core] has been moved to the sql_alchemy_conn option in [database] - the old setting has been used, but please update your config.
[2022-10-18 16:09:51,213] {task_command.py:370} INFO - Running <TaskInstance: clinical_trials__lung_cancer__etl__20220109.load_data_to_blob_storage_task scheduled__2022-10-18T14:00:00+00:00 map_index=46 [running]> on host 6cdf6d517dc4
[2022-10-18 16:09:51,252] {taskinstance.py:1569} INFO - Exporting the following env vars:
AIRFLOW_CTX_DAG_EMAIL=wais@datakimia.com,david@datakimia.com,juanm@datakimia.com,tomas@datakimia.com
AIRFLOW_CTX_DAG_OWNER=atacana
AIRFLOW_CTX_DAG_ID=clinical_trials__lung_cancer__etl__20220109
AIRFLOW_CTX_TASK_ID=load_data_to_blob_storage_task
AIRFLOW_CTX_EXECUTION_DATE=2022-10-18T14:00:00+00:00
AIRFLOW_CTX_TRY_NUMBER=1
AIRFLOW_CTX_DAG_RUN_ID=scheduled__2022-10-18T14:00:00+00:00
[2022-10-18 16:09:51,254] {process_news_dag_factory.py:105} INFO - Reading temp file: lung-cancer_clinical-trials_opdivo_20221018-14_df.json
[2022-10-18 16:09:51,270] {helpers.py:114} INFO - Going to save clinical_trials data..
[2022-10-18 16:09:51,271] {helpers.py:115} INFO -                                                title  ...                  updated_at
0  CARG, VES13, G8 Scales in Predicting Drug Toxi...  ...  2022-10-18 16:07:54.438000
1  Nivolumab During Active Surveillance After Neo...  ...  2022-10-18 16:07:54.438000
2  Phase Ib/II Study to Evaluate the Safety and E...  ...  2022-10-18 16:07:54.438000
3  Study of Relatlimab in Combination With Nivolu...  ...  2022-10-18 16:07:54.438000
4  A Study of BMS-986442 With Nivolumab With or W...  ...  2022-10-18 16:07:54.438000

[5 rows x 13 columns]
[2022-10-18 16:09:51,280] {helpers.py:116} INFO - Index(['title', 'link', 'id', 'published_at', 'conditions', 'intervention',
       'publisher', 'status', 'source', 'keyword', 'indication',
       'therapeutic_area', 'updated_at'],
      dtype='object')
[2022-10-18 16:09:51,284] {_universal.py:473} INFO - Request URL: 'https://atacananews.blob.core.windows.net/atacana-blob-container/lung-cancer/clinical-trials/20221018/opdivo/lung-cancer_clinical-trials_20221018_opdivo_NCT05564923.json'
Request method: 'PUT'
Request headers:
    'Content-Length': '532'
    'x-ms-blob-type': 'REDACTED'
    'x-ms-version': 'REDACTED'
    'Content-Type': 'application/octet-stream'
    'Accept': 'application/xml'
    'User-Agent': 'azsdk-python-storage-blob/12.13.1 Python/3.8.15 (Linux-5.10.124-linuxkit-aarch64-with-glibc2.17)'
    'x-ms-date': 'REDACTED'
    'x-ms-client-request-id': '4bbfc43e-4eff-11ed-8f0a-0242bebc0005'
    'Authorization': 'REDACTED'
A body is sent with the request
[2022-10-18 16:09:52,026] {_universal.py:504} INFO - Response status: 201
Response headers:
    'Content-Length': '0'
    'Content-MD5': 'REDACTED'
    'Last-Modified': 'Tue, 18 Oct 2022 16:09:52 GMT'
    'ETag': '"0x8DAB123306371AF"'
    'Server': 'Windows-Azure-Blob/1.0 Microsoft-HTTPAPI/2.0'
    'x-ms-request-id': '57e2530a-e01e-0034-6a0c-e38ccf000000'
    'x-ms-client-request-id': '4bbfc43e-4eff-11ed-8f0a-0242bebc0005'
    'x-ms-version': 'REDACTED'
    'x-ms-content-crc64': 'REDACTED'
    'x-ms-request-server-encrypted': 'REDACTED'
    'Date': 'Tue, 18 Oct 2022 16:09:51 GMT'
[2022-10-18 16:09:52,029] {_universal.py:473} INFO - Request URL: 'https://atacananews.blob.core.windows.net/atacana-blob-container/lung-cancer/clinical-trials/20221018/opdivo/lung-cancer_clinical-trials_20221018_opdivo_NCT05491616.json'
Request method: 'PUT'
Request headers:
    'Content-Length': '531'
    'x-ms-blob-type': 'REDACTED'
    'x-ms-version': 'REDACTED'
    'Content-Type': 'application/octet-stream'
    'Accept': 'application/xml'
    'User-Agent': 'azsdk-python-storage-blob/12.13.1 Python/3.8.15 (Linux-5.10.124-linuxkit-aarch64-with-glibc2.17)'
    'x-ms-date': 'REDACTED'
    'x-ms-client-request-id': '4c317674-4eff-11ed-8f0a-0242bebc0005'
    'Authorization': 'REDACTED'
A body is sent with the request
[2022-10-18 16:09:52,250] {_universal.py:504} INFO - Response status: 201
Response headers:
    'Content-Length': '0'
    'Content-MD5': 'REDACTED'
    'Last-Modified': 'Tue, 18 Oct 2022 16:09:52 GMT'
    'ETag': '"0x8DAB123308636EB"'
    'Server': 'Windows-Azure-Blob/1.0 Microsoft-HTTPAPI/2.0'
    'x-ms-request-id': '57e253f2-e01e-0034-490c-e38ccf000000'
    'x-ms-client-request-id': '4c317674-4eff-11ed-8f0a-0242bebc0005'
    'x-ms-version': 'REDACTED'
    'x-ms-content-crc64': 'REDACTED'
    'x-ms-request-server-encrypted': 'REDACTED'
    'Date': 'Tue, 18 Oct 2022 16:09:51 GMT'
[2022-10-18 16:09:52,253] {_universal.py:473} INFO - Request URL: 'https://atacananews.blob.core.windows.net/atacana-blob-container/lung-cancer/clinical-trials/20221018/opdivo/lung-cancer_clinical-trials_20221018_opdivo_NCT05535569.json'
Request method: 'PUT'
Request headers:
    'Content-Length': '704'
    'x-ms-blob-type': 'REDACTED'
    'x-ms-version': 'REDACTED'
    'Content-Type': 'application/octet-stream'
    'Accept': 'application/xml'
    'User-Agent': 'azsdk-python-storage-blob/12.13.1 Python/3.8.15 (Linux-5.10.124-linuxkit-aarch64-with-glibc2.17)'
    'x-ms-date': 'REDACTED'
    'x-ms-client-request-id': '4c53a618-4eff-11ed-8f0a-0242bebc0005'
    'Authorization': 'REDACTED'
A body is sent with the request
[2022-10-18 16:09:52,438] {_universal.py:504} INFO - Response status: 201
Response headers:
    'Content-Length': '0'
    'Content-MD5': 'REDACTED'
    'Last-Modified': 'Tue, 18 Oct 2022 16:09:52 GMT'
    'ETag': '"0x8DAB12330A26D6A"'
    'Server': 'Windows-Azure-Blob/1.0 Microsoft-HTTPAPI/2.0'
    'x-ms-request-id': '57e254fe-e01e-0034-490c-e38ccf000000'
    'x-ms-client-request-id': '4c53a618-4eff-11ed-8f0a-0242bebc0005'
    'x-ms-version': 'REDACTED'
    'x-ms-content-crc64': 'REDACTED'
    'x-ms-request-server-encrypted': 'REDACTED'
    'Date': 'Tue, 18 Oct 2022 16:09:51 GMT'
[2022-10-18 16:09:52,440] {_universal.py:473} INFO - Request URL: 'https://atacananews.blob.core.windows.net/atacana-blob-container/lung-cancer/clinical-trials/20221018/opdivo/lung-cancer_clinical-trials_20221018_opdivo_NCT05498480.json'
Request method: 'PUT'
Request headers:
    'Content-Length': '541'
    'x-ms-blob-type': 'REDACTED'
    'x-ms-version': 'REDACTED'
    'Content-Type': 'application/octet-stream'
    'Accept': 'application/xml'
    'User-Agent': 'azsdk-python-storage-blob/12.13.1 Python/3.8.15 (Linux-5.10.124-linuxkit-aarch64-with-glibc2.17)'
    'x-ms-date': 'REDACTED'
    'x-ms-client-request-id': '4c70499e-4eff-11ed-8f0a-0242bebc0005'
    'Authorization': 'REDACTED'
A body is sent with the request
[2022-10-18 16:09:52,631] {_universal.py:504} INFO - Response status: 201
Response headers:
    'Content-Length': '0'
    'Content-MD5': 'REDACTED'
    'Last-Modified': 'Tue, 18 Oct 2022 16:09:52 GMT'
    'ETag': '"0x8DAB12330BFB529"'
    'Server': 'Windows-Azure-Blob/1.0 Microsoft-HTTPAPI/2.0'
    'x-ms-request-id': '57e255e7-e01e-0034-270c-e38ccf000000'
    'x-ms-client-request-id': '4c70499e-4eff-11ed-8f0a-0242bebc0005'
    'x-ms-version': 'REDACTED'
    'x-ms-content-crc64': 'REDACTED'
    'x-ms-request-server-encrypted': 'REDACTED'
    'Date': 'Tue, 18 Oct 2022 16:09:51 GMT'
[2022-10-18 16:09:52,634] {_universal.py:473} INFO - Request URL: 'https://atacananews.blob.core.windows.net/atacana-blob-container/lung-cancer/clinical-trials/20221018/opdivo/lung-cancer_clinical-trials_20221018_opdivo_NCT05543629.json'
Request method: 'PUT'
Request headers:
    'Content-Length': '690'
    'x-ms-blob-type': 'REDACTED'
    'x-ms-version': 'REDACTED'
    'Content-Type': 'application/octet-stream'
    'Accept': 'application/xml'
    'User-Agent': 'azsdk-python-storage-blob/12.13.1 Python/3.8.15 (Linux-5.10.124-linuxkit-aarch64-with-glibc2.17)'
    'x-ms-date': 'REDACTED'
    'x-ms-client-request-id': '4c8de062-4eff-11ed-8f0a-0242bebc0005'
    'Authorization': 'REDACTED'
A body is sent with the request
[2022-10-18 16:09:52,820] {_universal.py:504} INFO - Response status: 201
Response headers:
    'Content-Length': '0'
    'Content-MD5': 'REDACTED'
    'Last-Modified': 'Tue, 18 Oct 2022 16:09:52 GMT'
    'ETag': '"0x8DAB12330DCAEE0"'
    'Server': 'Windows-Azure-Blob/1.0 Microsoft-HTTPAPI/2.0'
    'x-ms-request-id': '57e256c4-e01e-0034-770c-e38ccf000000'
    'x-ms-client-request-id': '4c8de062-4eff-11ed-8f0a-0242bebc0005'
    'x-ms-version': 'REDACTED'
    'x-ms-content-crc64': 'REDACTED'
    'x-ms-request-server-encrypted': 'REDACTED'
    'Date': 'Tue, 18 Oct 2022 16:09:52 GMT'
[2022-10-18 16:09:52,825] {_universal.py:473} INFO - Request URL: 'https://atacananews.blob.core.windows.net/atacana-blob-container/lung-cancer/clinical-trials/20221018/opdivo/lung-cancer_clinical-trials_20221018_opdivo_NCT05482451.json'
Request method: 'PUT'
Request headers:
    'Content-Length': '538'
    'x-ms-blob-type': 'REDACTED'
    'x-ms-version': 'REDACTED'
    'Content-Type': 'application/octet-stream'
    'Accept': 'application/xml'
    'User-Agent': 'azsdk-python-storage-blob/12.13.1 Python/3.8.15 (Linux-5.10.124-linuxkit-aarch64-with-glibc2.17)'
    'x-ms-date': 'REDACTED'
    'x-ms-client-request-id': '4caae5f4-4eff-11ed-8f0a-0242bebc0005'
    'Authorization': 'REDACTED'
A body is sent with the request
[2022-10-18 16:09:53,032] {_universal.py:504} INFO - Response status: 201
Response headers:
    'Content-Length': '0'
    'Content-MD5': 'REDACTED'
    'Last-Modified': 'Tue, 18 Oct 2022 16:09:52 GMT'
    'ETag': '"0x8DAB12330F98181"'
    'Server': 'Windows-Azure-Blob/1.0 Microsoft-HTTPAPI/2.0'
    'x-ms-request-id': '57e25793-e01e-0034-3c0c-e38ccf000000'
    'x-ms-client-request-id': '4caae5f4-4eff-11ed-8f0a-0242bebc0005'
    'x-ms-version': 'REDACTED'
    'x-ms-content-crc64': 'REDACTED'
    'x-ms-request-server-encrypted': 'REDACTED'
    'Date': 'Tue, 18 Oct 2022 16:09:52 GMT'
[2022-10-18 16:09:53,035] {_universal.py:473} INFO - Request URL: 'https://atacananews.blob.core.windows.net/atacana-blob-container/lung-cancer/clinical-trials/20221018/opdivo/lung-cancer_clinical-trials_20221018_opdivo_NCT05472623.json'
Request method: 'PUT'
Request headers:
    'Content-Length': '676'
    'x-ms-blob-type': 'REDACTED'
    'x-ms-version': 'REDACTED'
    'Content-Type': 'application/octet-stream'
    'Accept': 'application/xml'
    'User-Agent': 'azsdk-python-storage-blob/12.13.1 Python/3.8.15 (Linux-5.10.124-linuxkit-aarch64-with-glibc2.17)'
    'x-ms-date': 'REDACTED'
    'x-ms-client-request-id': '4ccaf36c-4eff-11ed-8f0a-0242bebc0005'
    'Authorization': 'REDACTED'
A body is sent with the request
[2022-10-18 16:09:53,282] {_universal.py:504} INFO - Response status: 201
Response headers:
    'Content-Length': '0'
    'Content-MD5': 'REDACTED'
    'Last-Modified': 'Tue, 18 Oct 2022 16:09:53 GMT'
    'ETag': '"0x8DAB1233123BFB4"'
    'Server': 'Windows-Azure-Blob/1.0 Microsoft-HTTPAPI/2.0'
    'x-ms-request-id': '57e25858-e01e-0034-760c-e38ccf000000'
    'x-ms-client-request-id': '4ccaf36c-4eff-11ed-8f0a-0242bebc0005'
    'x-ms-version': 'REDACTED'
    'x-ms-content-crc64': 'REDACTED'
    'x-ms-request-server-encrypted': 'REDACTED'
    'Date': 'Tue, 18 Oct 2022 16:09:52 GMT'
[2022-10-18 16:09:53,284] {_universal.py:473} INFO - Request URL: 'https://atacananews.blob.core.windows.net/atacana-blob-container/lung-cancer/clinical-trials/20221018/opdivo/lung-cancer_clinical-trials_20221018_opdivo_NCT05492123.json'
Request method: 'PUT'
Request headers:
    'Content-Length': '638'
    'x-ms-blob-type': 'REDACTED'
    'x-ms-version': 'REDACTED'
    'Content-Type': 'application/octet-stream'
    'Accept': 'application/xml'
    'User-Agent': 'azsdk-python-storage-blob/12.13.1 Python/3.8.15 (Linux-5.10.124-linuxkit-aarch64-with-glibc2.17)'
    'x-ms-date': 'REDACTED'
    'x-ms-client-request-id': '4cf11484-4eff-11ed-8f0a-0242bebc0005'
    'Authorization': 'REDACTED'
A body is sent with the request
[2022-10-18 16:09:53,473] {_universal.py:504} INFO - Response status: 201
Response headers:
    'Content-Length': '0'
    'Content-MD5': 'REDACTED'
    'Last-Modified': 'Tue, 18 Oct 2022 16:09:53 GMT'
    'ETag': '"0x8DAB1233140E067"'
    'Server': 'Windows-Azure-Blob/1.0 Microsoft-HTTPAPI/2.0'
    'x-ms-request-id': '57e2596e-e01e-0034-700c-e38ccf000000'
    'x-ms-client-request-id': '4cf11484-4eff-11ed-8f0a-0242bebc0005'
    'x-ms-version': 'REDACTED'
    'x-ms-content-crc64': 'REDACTED'
    'x-ms-request-server-encrypted': 'REDACTED'
    'Date': 'Tue, 18 Oct 2022 16:09:52 GMT'
[2022-10-18 16:09:53,475] {_universal.py:473} INFO - Request URL: 'https://atacananews.blob.core.windows.net/atacana-blob-container/lung-cancer/clinical-trials/20221018/opdivo/lung-cancer_clinical-trials_20221018_opdivo_NCT05496192.json'
Request method: 'PUT'
Request headers:
    'Content-Length': '580'
    'x-ms-blob-type': 'REDACTED'
    'x-ms-version': 'REDACTED'
    'Content-Type': 'application/octet-stream'
    'Accept': 'application/xml'
    'User-Agent': 'azsdk-python-storage-blob/12.13.1 Python/3.8.15 (Linux-5.10.124-linuxkit-aarch64-with-glibc2.17)'
    'x-ms-date': 'REDACTED'
    'x-ms-client-request-id': '4d0e23e4-4eff-11ed-8f0a-0242bebc0005'
    'Authorization': 'REDACTED'
A body is sent with the request
[2022-10-18 16:09:53,660] {_universal.py:504} INFO - Response status: 201
Response headers:
    'Content-Length': '0'
    'Content-MD5': 'REDACTED'
    'Last-Modified': 'Tue, 18 Oct 2022 16:09:53 GMT'
    'ETag': '"0x8DAB123315CC8C8"'
    'Server': 'Windows-Azure-Blob/1.0 Microsoft-HTTPAPI/2.0'
    'x-ms-request-id': '57e25a4f-e01e-0034-3f0c-e38ccf000000'
    'x-ms-client-request-id': '4d0e23e4-4eff-11ed-8f0a-0242bebc0005'
    'x-ms-version': 'REDACTED'
    'x-ms-content-crc64': 'REDACTED'
    'x-ms-request-server-encrypted': 'REDACTED'
    'Date': 'Tue, 18 Oct 2022 16:09:52 GMT'
[2022-10-18 16:09:53,663] {_universal.py:473} INFO - Request URL: 'https://atacananews.blob.core.windows.net/atacana-blob-container/lung-cancer/clinical-trials/20221018/opdivo/lung-cancer_clinical-trials_20221018_opdivo_NCT05465174.json'
Request method: 'PUT'
Request headers:
    'Content-Length': '646'
    'x-ms-blob-type': 'REDACTED'
    'x-ms-version': 'REDACTED'
    'Content-Type': 'application/octet-stream'
    'Accept': 'application/xml'
    'User-Agent': 'azsdk-python-storage-blob/12.13.1 Python/3.8.15 (Linux-5.10.124-linuxkit-aarch64-with-glibc2.17)'
    'x-ms-date': 'REDACTED'
    'x-ms-client-request-id': '4d2ae40c-4eff-11ed-8f0a-0242bebc0005'
    'Authorization': 'REDACTED'
A body is sent with the request
[2022-10-18 16:09:53,851] {_universal.py:504} INFO - Response status: 201
Response headers:
    'Content-Length': '0'
    'Content-MD5': 'REDACTED'
    'Last-Modified': 'Tue, 18 Oct 2022 16:09:53 GMT'
    'ETag': '"0x8DAB1233179C27C"'
    'Server': 'Windows-Azure-Blob/1.0 Microsoft-HTTPAPI/2.0'
    'x-ms-request-id': '57e25b35-e01e-0034-130c-e38ccf000000'
    'x-ms-client-request-id': '4d2ae40c-4eff-11ed-8f0a-0242bebc0005'
    'x-ms-version': 'REDACTED'
    'x-ms-content-crc64': 'REDACTED'
    'x-ms-request-server-encrypted': 'REDACTED'
    'Date': 'Tue, 18 Oct 2022 16:09:53 GMT'
[2022-10-18 16:09:53,853] {_universal.py:473} INFO - Request URL: 'https://atacananews.blob.core.windows.net/atacana-blob-container/lung-cancer/clinical-trials/20221018/opdivo/lung-cancer_clinical-trials_20221018_opdivo_NCT05472506.json'
Request method: 'PUT'
Request headers:
    'Content-Length': '697'
    'x-ms-blob-type': 'REDACTED'
    'x-ms-version': 'REDACTED'
    'Content-Type': 'application/octet-stream'
    'Accept': 'application/xml'
    'User-Agent': 'azsdk-python-storage-blob/12.13.1 Python/3.8.15 (Linux-5.10.124-linuxkit-aarch64-with-glibc2.17)'
    'x-ms-date': 'REDACTED'
    'x-ms-client-request-id': '4d47e5d4-4eff-11ed-8f0a-0242bebc0005'
    'Authorization': 'REDACTED'
A body is sent with the request
[2022-10-18 16:09:54,039] {_universal.py:504} INFO - Response status: 201
Response headers:
    'Content-Length': '0'
    'Content-MD5': 'REDACTED'
    'Last-Modified': 'Tue, 18 Oct 2022 16:09:54 GMT'
    'ETag': '"0x8DAB1233196E336"'
    'Server': 'Windows-Azure-Blob/1.0 Microsoft-HTTPAPI/2.0'
    'x-ms-request-id': '57e25bf5-e01e-0034-430c-e38ccf000000'
    'x-ms-client-request-id': '4d47e5d4-4eff-11ed-8f0a-0242bebc0005'
    'x-ms-version': 'REDACTED'
    'x-ms-content-crc64': 'REDACTED'
    'x-ms-request-server-encrypted': 'REDACTED'
    'Date': 'Tue, 18 Oct 2022 16:09:53 GMT'
[2022-10-18 16:09:54,041] {_universal.py:473} INFO - Request URL: 'https://atacananews.blob.core.windows.net/atacana-blob-container/lung-cancer/clinical-trials/20221018/opdivo/lung-cancer_clinical-trials_20221018_opdivo_NCT05504642.json'
Request method: 'PUT'
Request headers:
    'Content-Length': '801'
    'x-ms-blob-type': 'REDACTED'
    'x-ms-version': 'REDACTED'
    'Content-Type': 'application/octet-stream'
    'Accept': 'application/xml'
    'User-Agent': 'azsdk-python-storage-blob/12.13.1 Python/3.8.15 (Linux-5.10.124-linuxkit-aarch64-with-glibc2.17)'
    'x-ms-date': 'REDACTED'
    'x-ms-client-request-id': '4d648144-4eff-11ed-8f0a-0242bebc0005'
    'Authorization': 'REDACTED'
A body is sent with the request
[2022-10-18 16:09:54,223] {_universal.py:504} INFO - Response status: 201
Response headers:
    'Content-Length': '0'
    'Content-MD5': 'REDACTED'
    'Last-Modified': 'Tue, 18 Oct 2022 16:09:54 GMT'
    'ETag': '"0x8DAB12331B319B4"'
    'Server': 'Windows-Azure-Blob/1.0 Microsoft-HTTPAPI/2.0'
    'x-ms-request-id': '57e25c9a-e01e-0034-540c-e38ccf000000'
    'x-ms-client-request-id': '4d648144-4eff-11ed-8f0a-0242bebc0005'
    'x-ms-version': 'REDACTED'
    'x-ms-content-crc64': 'REDACTED'
    'x-ms-request-server-encrypted': 'REDACTED'
    'Date': 'Tue, 18 Oct 2022 16:09:53 GMT'
[2022-10-18 16:09:54,226] {_universal.py:473} INFO - Request URL: 'https://atacananews.blob.core.windows.net/atacana-blob-container/lung-cancer/clinical-trials/20221018/opdivo/lung-cancer_clinical-trials_20221018_opdivo_NCT05502315.json'
Request method: 'PUT'
Request headers:
    'Content-Length': '610'
    'x-ms-blob-type': 'REDACTED'
    'x-ms-version': 'REDACTED'
    'Content-Type': 'application/octet-stream'
    'Accept': 'application/xml'
    'User-Agent': 'azsdk-python-storage-blob/12.13.1 Python/3.8.15 (Linux-5.10.124-linuxkit-aarch64-with-glibc2.17)'
    'x-ms-date': 'REDACTED'
    'x-ms-client-request-id': '4d80b77e-4eff-11ed-8f0a-0242bebc0005'
    'Authorization': 'REDACTED'
A body is sent with the request
[2022-10-18 16:09:54,418] {_universal.py:504} INFO - Response status: 201
Response headers:
    'Content-Length': '0'
    'Content-MD5': 'REDACTED'
    'Last-Modified': 'Tue, 18 Oct 2022 16:09:54 GMT'
    'ETag': '"0x8DAB12331D0136F"'
    'Server': 'Windows-Azure-Blob/1.0 Microsoft-HTTPAPI/2.0'
    'x-ms-request-id': '57e25d28-e01e-0034-540c-e38ccf000000'
    'x-ms-client-request-id': '4d80b77e-4eff-11ed-8f0a-0242bebc0005'
    'x-ms-version': 'REDACTED'
    'x-ms-content-crc64': 'REDACTED'
    'x-ms-request-server-encrypted': 'REDACTED'
    'Date': 'Tue, 18 Oct 2022 16:09:53 GMT'
[2022-10-18 16:09:54,426] {_universal.py:473} INFO - Request URL: 'https://atacananews.blob.core.windows.net/atacana-blob-container/lung-cancer/clinical-trials/20221018/opdivo/lung-cancer_clinical-trials_20221018_opdivo_NCT05533983.json'
Request method: 'PUT'
Request headers:
    'Content-Length': '574'
    'x-ms-blob-type': 'REDACTED'
    'x-ms-version': 'REDACTED'
    'Content-Type': 'application/octet-stream'
    'Accept': 'application/xml'
    'User-Agent': 'azsdk-python-storage-blob/12.13.1 Python/3.8.15 (Linux-5.10.124-linuxkit-aarch64-with-glibc2.17)'
    'x-ms-date': 'REDACTED'
    'x-ms-client-request-id': '4d9f28f8-4eff-11ed-8f0a-0242bebc0005'
    'Authorization': 'REDACTED'
A body is sent with the request
[2022-10-18 16:09:54,615] {_universal.py:504} INFO - Response status: 201
Response headers:
    'Content-Length': '0'
    'Content-MD5': 'REDACTED'
    'Last-Modified': 'Tue, 18 Oct 2022 16:09:54 GMT'
    'ETag': '"0x8DAB12331EE6C6D"'
    'Server': 'Windows-Azure-Blob/1.0 Microsoft-HTTPAPI/2.0'
    'x-ms-request-id': '57e25de0-e01e-0034-7d0c-e38ccf000000'
    'x-ms-client-request-id': '4d9f28f8-4eff-11ed-8f0a-0242bebc0005'
    'x-ms-version': 'REDACTED'
    'x-ms-content-crc64': 'REDACTED'
    'x-ms-request-server-encrypted': 'REDACTED'
    'Date': 'Tue, 18 Oct 2022 16:09:53 GMT'
[2022-10-18 16:09:54,618] {_universal.py:473} INFO - Request URL: 'https://atacananews.blob.core.windows.net/atacana-blob-container/lung-cancer/clinical-trials/20221018/opdivo/lung-cancer_clinical-trials_20221018_opdivo_NCT05468294.json'
Request method: 'PUT'
Request headers:
    'Content-Length': '556'
    'x-ms-blob-type': 'REDACTED'
    'x-ms-version': 'REDACTED'
    'Content-Type': 'application/octet-stream'
    'Accept': 'application/xml'
    'User-Agent': 'azsdk-python-storage-blob/12.13.1 Python/3.8.15 (Linux-5.10.124-linuxkit-aarch64-with-glibc2.17)'
    'x-ms-date': 'REDACTED'
    'x-ms-client-request-id': '4dbc7fde-4eff-11ed-8f0a-0242bebc0005'
    'Authorization': 'REDACTED'
A body is sent with the request
[2022-10-18 16:09:54,806] {_universal.py:504} INFO - Response status: 201
Response headers:
    'Content-Length': '0'
    'Content-MD5': 'REDACTED'
    'Last-Modified': 'Tue, 18 Oct 2022 16:09:54 GMT'
    'ETag': '"0x8DAB123320BDB39"'
    'Server': 'Windows-Azure-Blob/1.0 Microsoft-HTTPAPI/2.0'
    'x-ms-request-id': '57e25e6b-e01e-0034-790c-e38ccf000000'
    'x-ms-client-request-id': '4dbc7fde-4eff-11ed-8f0a-0242bebc0005'
    'x-ms-version': 'REDACTED'
    'x-ms-content-crc64': 'REDACTED'
    'x-ms-request-server-encrypted': 'REDACTED'
    'Date': 'Tue, 18 Oct 2022 16:09:54 GMT'
[2022-10-18 16:09:54,808] {_universal.py:473} INFO - Request URL: 'https://atacananews.blob.core.windows.net/atacana-blob-container/lung-cancer/clinical-trials/20221018/opdivo/lung-cancer_clinical-trials_20221018_opdivo_NCT05501054.json'
Request method: 'PUT'
Request headers:
    'Content-Length': '625'
    'x-ms-blob-type': 'REDACTED'
    'x-ms-version': 'REDACTED'
    'Content-Type': 'application/octet-stream'
    'Accept': 'application/xml'
    'User-Agent': 'azsdk-python-storage-blob/12.13.1 Python/3.8.15 (Linux-5.10.124-linuxkit-aarch64-with-glibc2.17)'
    'x-ms-date': 'REDACTED'
    'x-ms-client-request-id': '4dd99d30-4eff-11ed-8f0a-0242bebc0005'
    'Authorization': 'REDACTED'
A body is sent with the request
[2022-10-18 16:09:55,022] {_universal.py:504} INFO - Response status: 201
Response headers:
    'Content-Length': '0'
    'Content-MD5': 'REDACTED'
    'Last-Modified': 'Tue, 18 Oct 2022 16:09:54 GMT'
    'ETag': '"0x8DAB1233228FBED"'
    'Server': 'Windows-Azure-Blob/1.0 Microsoft-HTTPAPI/2.0'
    'x-ms-request-id': '57e25f27-e01e-0034-240c-e38ccf000000'
    'x-ms-client-request-id': '4dd99d30-4eff-11ed-8f0a-0242bebc0005'
    'x-ms-version': 'REDACTED'
    'x-ms-content-crc64': 'REDACTED'
    'x-ms-request-server-encrypted': 'REDACTED'
    'Date': 'Tue, 18 Oct 2022 16:09:54 GMT'
[2022-10-18 16:09:55,026] {_universal.py:473} INFO - Request URL: 'https://atacananews.blob.core.windows.net/atacana-blob-container/lung-cancer/clinical-trials/20221018/opdivo/lung-cancer_clinical-trials_20221018_opdivo_NCT05500092.json'
Request method: 'PUT'
Request headers:
    'Content-Length': '749'
    'x-ms-blob-type': 'REDACTED'
    'x-ms-version': 'REDACTED'
    'Content-Type': 'application/octet-stream'
    'Accept': 'application/xml'
    'User-Agent': 'azsdk-python-storage-blob/12.13.1 Python/3.8.15 (Linux-5.10.124-linuxkit-aarch64-with-glibc2.17)'
    'x-ms-date': 'REDACTED'
    'x-ms-client-request-id': '4dfadf72-4eff-11ed-8f0a-0242bebc0005'
    'Authorization': 'REDACTED'
A body is sent with the request
[2022-10-18 16:09:55,210] {_universal.py:504} INFO - Response status: 201
Response headers:
    'Content-Length': '0'
    'Content-MD5': 'REDACTED'
    'Last-Modified': 'Tue, 18 Oct 2022 16:09:55 GMT'
    'ETag': '"0x8DAB1233249778F"'
    'Server': 'Windows-Azure-Blob/1.0 Microsoft-HTTPAPI/2.0'
    'x-ms-request-id': '57e25fdd-e01e-0034-490c-e38ccf000000'
    'x-ms-client-request-id': '4dfadf72-4eff-11ed-8f0a-0242bebc0005'
    'x-ms-version': 'REDACTED'
    'x-ms-content-crc64': 'REDACTED'
    'x-ms-request-server-encrypted': 'REDACTED'
    'Date': 'Tue, 18 Oct 2022 16:09:54 GMT'
[2022-10-18 16:09:55,212] {_universal.py:473} INFO - Request URL: 'https://atacananews.blob.core.windows.net/atacana-blob-container/lung-cancer/clinical-trials/20221018/opdivo/lung-cancer_clinical-trials_20221018_opdivo_NCT05498792.json'
Request method: 'PUT'
Request headers:
    'Content-Length': '586'
    'x-ms-blob-type': 'REDACTED'
    'x-ms-version': 'REDACTED'
    'Content-Type': 'application/octet-stream'
    'Accept': 'application/xml'
    'User-Agent': 'azsdk-python-storage-blob/12.13.1 Python/3.8.15 (Linux-5.10.124-linuxkit-aarch64-with-glibc2.17)'
    'x-ms-date': 'REDACTED'
    'x-ms-client-request-id': '4e173a32-4eff-11ed-8f0a-0242bebc0005'
    'Authorization': 'REDACTED'
A body is sent with the request
[2022-10-18 16:09:55,404] {_universal.py:504} INFO - Response status: 201
Response headers:
    'Content-Length': '0'
    'Content-MD5': 'REDACTED'
    'Last-Modified': 'Tue, 18 Oct 2022 16:09:55 GMT'
    'ETag': '"0x8DAB12332662325"'
    'Server': 'Windows-Azure-Blob/1.0 Microsoft-HTTPAPI/2.0'
    'x-ms-request-id': '57e2605c-e01e-0034-3b0c-e38ccf000000'
    'x-ms-client-request-id': '4e173a32-4eff-11ed-8f0a-0242bebc0005'
    'x-ms-version': 'REDACTED'
    'x-ms-content-crc64': 'REDACTED'
    'x-ms-request-server-encrypted': 'REDACTED'
    'Date': 'Tue, 18 Oct 2022 16:09:54 GMT'
[2022-10-18 16:09:55,407] {_universal.py:473} INFO - Request URL: 'https://atacananews.blob.core.windows.net/atacana-blob-container/lung-cancer/clinical-trials/20221018/opdivo/lung-cancer_clinical-trials_20221018_opdivo_NCT05457959.json'
Request method: 'PUT'
Request headers:
    'Content-Length': '837'
    'x-ms-blob-type': 'REDACTED'
    'x-ms-version': 'REDACTED'
    'Content-Type': 'application/octet-stream'
    'Accept': 'application/xml'
    'User-Agent': 'azsdk-python-storage-blob/12.13.1 Python/3.8.15 (Linux-5.10.124-linuxkit-aarch64-with-glibc2.17)'
    'x-ms-date': 'REDACTED'
    'x-ms-client-request-id': '4e34e8b6-4eff-11ed-8f0a-0242bebc0005'
    'Authorization': 'REDACTED'
A body is sent with the request
[2022-10-18 16:09:55,593] {_universal.py:504} INFO - Response status: 201
Response headers:
    'Content-Length': '0'
    'Content-MD5': 'REDACTED'
    'Last-Modified': 'Tue, 18 Oct 2022 16:09:55 GMT'
    'ETag': '"0x8DAB12332840714"'
    'Server': 'Windows-Azure-Blob/1.0 Microsoft-HTTPAPI/2.0'
    'x-ms-request-id': '57e26103-e01e-0034-540c-e38ccf000000'
    'x-ms-client-request-id': '4e34e8b6-4eff-11ed-8f0a-0242bebc0005'
    'x-ms-version': 'REDACTED'
    'x-ms-content-crc64': 'REDACTED'
    'x-ms-request-server-encrypted': 'REDACTED'
    'Date': 'Tue, 18 Oct 2022 16:09:54 GMT'
[2022-10-18 16:09:55,597] {_universal.py:473} INFO - Request URL: 'https://atacananews.blob.core.windows.net/atacana-blob-container/lung-cancer/clinical-trials/20221018/opdivo/lung-cancer_clinical-trials_20221018_opdivo_NCT05480384.json'
Request method: 'PUT'
Request headers:
    'Content-Length': '776'
    'x-ms-blob-type': 'REDACTED'
    'x-ms-version': 'REDACTED'
    'Content-Type': 'application/octet-stream'
    'Accept': 'application/xml'
    'User-Agent': 'azsdk-python-storage-blob/12.13.1 Python/3.8.15 (Linux-5.10.124-linuxkit-aarch64-with-glibc2.17)'
    'x-ms-date': 'REDACTED'
    'x-ms-client-request-id': '4e51f122-4eff-11ed-8f0a-0242bebc0005'
    'Authorization': 'REDACTED'
A body is sent with the request
[2022-10-18 16:09:55,811] {_universal.py:504} INFO - Response status: 201
Response headers:
    'Content-Length': '0'
    'Content-MD5': 'REDACTED'
    'Last-Modified': 'Tue, 18 Oct 2022 16:09:55 GMT'
    'ETag': '"0x8DAB12332A3BF83"'
    'Server': 'Windows-Azure-Blob/1.0 Microsoft-HTTPAPI/2.0'
    'x-ms-request-id': '57e26195-e01e-0034-5c0c-e38ccf000000'
    'x-ms-client-request-id': '4e51f122-4eff-11ed-8f0a-0242bebc0005'
    'x-ms-version': 'REDACTED'
    'x-ms-content-crc64': 'REDACTED'
    'x-ms-request-server-encrypted': 'REDACTED'
    'Date': 'Tue, 18 Oct 2022 16:09:55 GMT'
[2022-10-18 16:09:55,814] {_universal.py:473} INFO - Request URL: 'https://atacananews.blob.core.windows.net/atacana-blob-container/lung-cancer/clinical-trials/20221018/opdivo/lung-cancer_clinical-trials_20221018_opdivo_NCT05568095.json'
Request method: 'PUT'
Request headers:
    'Content-Length': '858'
    'x-ms-blob-type': 'REDACTED'
    'x-ms-version': 'REDACTED'
    'Content-Type': 'application/octet-stream'
    'Accept': 'application/xml'
    'User-Agent': 'azsdk-python-storage-blob/12.13.1 Python/3.8.15 (Linux-5.10.124-linuxkit-aarch64-with-glibc2.17)'
    'x-ms-date': 'REDACTED'
    'x-ms-client-request-id': '4e72fcbe-4eff-11ed-8f0a-0242bebc0005'
    'Authorization': 'REDACTED'
A body is sent with the request
[2022-10-18 16:09:56,002] {_universal.py:504} INFO - Response status: 201
Response headers:
    'Content-Length': '0'
    'Content-MD5': 'REDACTED'
    'Last-Modified': 'Tue, 18 Oct 2022 16:09:55 GMT'
    'ETag': '"0x8DAB12332C23F9A"'
    'Server': 'Windows-Azure-Blob/1.0 Microsoft-HTTPAPI/2.0'
    'x-ms-request-id': '57e26255-e01e-0034-0c0c-e38ccf000000'
    'x-ms-client-request-id': '4e72fcbe-4eff-11ed-8f0a-0242bebc0005'
    'x-ms-version': 'REDACTED'
    'x-ms-content-crc64': 'REDACTED'
    'x-ms-request-server-encrypted': 'REDACTED'
    'Date': 'Tue, 18 Oct 2022 16:09:55 GMT'
[2022-10-18 16:09:56,006] {_universal.py:473} INFO - Request URL: 'https://atacananews.blob.core.windows.net/atacana-blob-container/lung-cancer/clinical-trials/20221018/opdivo/lung-cancer_clinical-trials_20221018_opdivo_NCT05504252.json'
Request method: 'PUT'
Request headers:
    'Content-Length': '669'
    'x-ms-blob-type': 'REDACTED'
    'x-ms-version': 'REDACTED'
    'Content-Type': 'application/octet-stream'
    'Accept': 'application/xml'
    'User-Agent': 'azsdk-python-storage-blob/12.13.1 Python/3.8.15 (Linux-5.10.124-linuxkit-aarch64-with-glibc2.17)'
    'x-ms-date': 'REDACTED'
    'x-ms-client-request-id': '4e904e36-4eff-11ed-8f0a-0242bebc0005'
    'Authorization': 'REDACTED'
A body is sent with the request
[2022-10-18 16:09:56,197] {_universal.py:504} INFO - Response status: 201
Response headers:
    'Content-Length': '0'
    'Content-MD5': 'REDACTED'
    'Last-Modified': 'Tue, 18 Oct 2022 16:09:56 GMT'
    'ETag': '"0x8DAB12332DFD56E"'
    'Server': 'Windows-Azure-Blob/1.0 Microsoft-HTTPAPI/2.0'
    'x-ms-request-id': '57e26304-e01e-0034-2b0c-e38ccf000000'
    'x-ms-client-request-id': '4e904e36-4eff-11ed-8f0a-0242bebc0005'
    'x-ms-version': 'REDACTED'
    'x-ms-content-crc64': 'REDACTED'
    'x-ms-request-server-encrypted': 'REDACTED'
    'Date': 'Tue, 18 Oct 2022 16:09:55 GMT'
[2022-10-18 16:09:56,203] {_universal.py:473} INFO - Request URL: 'https://atacananews.blob.core.windows.net/atacana-blob-container/lung-cancer/clinical-trials/20221018/opdivo/lung-cancer_clinical-trials_20221018_opdivo_NCT05583188.json'
Request method: 'PUT'
Request headers:
    'Content-Length': '695'
    'x-ms-blob-type': 'REDACTED'
    'x-ms-version': 'REDACTED'
    'Content-Type': 'application/octet-stream'
    'Accept': 'application/xml'
    'User-Agent': 'azsdk-python-storage-blob/12.13.1 Python/3.8.15 (Linux-5.10.124-linuxkit-aarch64-with-glibc2.17)'
    'x-ms-date': 'REDACTED'
    'x-ms-client-request-id': '4eae5b4c-4eff-11ed-8f0a-0242bebc0005'
    'Authorization': 'REDACTED'
A body is sent with the request
[2022-10-18 16:09:56,391] {_universal.py:504} INFO - Response status: 201
Response headers:
    'Content-Length': '0'
    'Content-MD5': 'REDACTED'
    'Last-Modified': 'Tue, 18 Oct 2022 16:09:56 GMT'
    'ETag': '"0x8DAB12332FD6B46"'
    'Server': 'Windows-Azure-Blob/1.0 Microsoft-HTTPAPI/2.0'
    'x-ms-request-id': '57e263c1-e01e-0034-5a0c-e38ccf000000'
    'x-ms-client-request-id': '4eae5b4c-4eff-11ed-8f0a-0242bebc0005'
    'x-ms-version': 'REDACTED'
    'x-ms-content-crc64': 'REDACTED'
    'x-ms-request-server-encrypted': 'REDACTED'
    'Date': 'Tue, 18 Oct 2022 16:09:55 GMT'
[2022-10-18 16:09:56,393] {python.py:173} INFO - Done. Returned value was: None
[2022-10-18 16:09:56,402] {taskinstance.py:1395} INFO - Marking task as SUCCESS. dag_id=clinical_trials__lung_cancer__etl__20220109, task_id=load_data_to_blob_storage_task, map_index=46, execution_date=20221018T140000, start_date=20221018T160951, end_date=20221018T160956
[2022-10-18 16:09:56,446] {local_task_job.py:156} INFO - Task exited with return code 0
[2022-10-18 16:09:56,478] {local_task_job.py:273} INFO - 0 downstream tasks scheduled from follow-on schedule check
