[2022-10-18 18:01:52,278] {taskinstance.py:1159} INFO - Dependencies all met for <TaskInstance: clinical_trials__lung_cancer__etl__20220109.load_data_to_blob_storage_task scheduled__2022-10-18T16:00:00+00:00 map_index=16 [queued]>
[2022-10-18 18:01:52,287] {taskinstance.py:1159} INFO - Dependencies all met for <TaskInstance: clinical_trials__lung_cancer__etl__20220109.load_data_to_blob_storage_task scheduled__2022-10-18T16:00:00+00:00 map_index=16 [queued]>
[2022-10-18 18:01:52,288] {taskinstance.py:1356} INFO - 
--------------------------------------------------------------------------------
[2022-10-18 18:01:52,288] {taskinstance.py:1357} INFO - Starting attempt 1 of 1
[2022-10-18 18:01:52,290] {taskinstance.py:1358} INFO - 
--------------------------------------------------------------------------------
[2022-10-18 18:01:52,296] {taskinstance.py:1377} INFO - Executing <Mapped(_PythonDecoratedOperator): load_data_to_blob_storage_task> on 2022-10-18 16:00:00+00:00
[2022-10-18 18:01:52,301] {standard_task_runner.py:52} INFO - Started process 2688 to run task
[2022-10-18 18:01:52,303] {standard_task_runner.py:79} INFO - Running: ['airflow', 'tasks', 'run', 'clinical_trials__lung_cancer__etl__20220109', 'load_data_to_blob_storage_task', 'scheduled__2022-10-18T16:00:00+00:00', '--job-id', '339', '--raw', '--subdir', 'DAGS_FOLDER/process_news_dags.py', '--cfg-path', '/tmp/tmp19adtxy1', '--map-index', '16', '--error-file', '/tmp/tmpb1d8amyd']
[2022-10-18 18:01:52,305] {standard_task_runner.py:80} INFO - Job 339: Subtask load_data_to_blob_storage_task
[2022-10-18 18:01:52,316] {logging_mixin.py:115} WARNING - /root/.cache/pypoetry/virtualenvs/***-tXitOD5F-py3.8/lib/python3.8/site-packages/airflow/configuration.py:525 DeprecationWarning: The sql_alchemy_conn option in [core] has been moved to the sql_alchemy_conn option in [database] - the old setting has been used, but please update your config.
[2022-10-18 18:01:52,343] {task_command.py:370} INFO - Running <TaskInstance: clinical_trials__lung_cancer__etl__20220109.load_data_to_blob_storage_task scheduled__2022-10-18T16:00:00+00:00 map_index=16 [running]> on host 6cdf6d517dc4
[2022-10-18 18:01:52,398] {taskinstance.py:1569} INFO - Exporting the following env vars:
AIRFLOW_CTX_DAG_EMAIL=wais@datakimia.com,david@datakimia.com,juanm@datakimia.com,tomas@datakimia.com
AIRFLOW_CTX_DAG_OWNER=atacana
AIRFLOW_CTX_DAG_ID=clinical_trials__lung_cancer__etl__20220109
AIRFLOW_CTX_TASK_ID=load_data_to_blob_storage_task
AIRFLOW_CTX_EXECUTION_DATE=2022-10-18T16:00:00+00:00
AIRFLOW_CTX_TRY_NUMBER=1
AIRFLOW_CTX_DAG_RUN_ID=scheduled__2022-10-18T16:00:00+00:00
[2022-10-18 18:01:52,401] {process_news_dag_factory.py:105} INFO - Reading temp file: lung-cancer_clinical-trials_lynparza_20221018-16_df.json
[2022-10-18 18:01:52,420] {helpers.py:114} INFO - Going to save clinical_trials data..
[2022-10-18 18:01:52,422] {helpers.py:115} INFO -                                                title  ...                  updated_at
0  Phase II Study of PARP Inhibitor Olaparib and ...  ...  2022-10-18 18:00:09.195000
1  Olaparib in Unresectable/Metastatic Melanoma W...  ...  2022-10-18 18:00:09.195000
2  Olaparib in Combination With Pembrolizumab for...  ...  2022-10-18 18:00:09.195000
3        Surgical Pembro +/- Olaparib w TMZ for rGBM  ...  2022-10-18 18:00:09.195000
4     Pembro With Radiation With or Without Olaparib  ...  2022-10-18 18:00:09.195000

[5 rows x 13 columns]
[2022-10-18 18:01:52,431] {helpers.py:116} INFO - Index(['title', 'link', 'id', 'published_at', 'conditions', 'intervention',
       'publisher', 'status', 'source', 'keyword', 'indication',
       'therapeutic_area', 'updated_at'],
      dtype='object')
[2022-10-18 18:01:52,435] {_universal.py:473} INFO - Request URL: 'https://atacananews.blob.core.windows.net/atacana-blob-container/lung-cancer/clinical-trials/20221018/lynparza/lung-cancer_clinical-trials_20221018_lynparza_NCT05501548.json'
Request method: 'PUT'
Request headers:
    'Content-Length': '714'
    'x-ms-blob-type': 'REDACTED'
    'x-ms-version': 'REDACTED'
    'Content-Type': 'application/octet-stream'
    'Accept': 'application/xml'
    'User-Agent': 'azsdk-python-storage-blob/12.13.1 Python/3.8.15 (Linux-5.10.124-linuxkit-aarch64-with-glibc2.17)'
    'x-ms-date': 'REDACTED'
    'x-ms-client-request-id': 'f1de0178-4f0e-11ed-bc79-0242bebc0005'
    'Authorization': 'REDACTED'
A body is sent with the request
[2022-10-18 18:01:53,177] {_universal.py:504} INFO - Response status: 201
Response headers:
    'Content-Length': '0'
    'Content-MD5': 'REDACTED'
    'Last-Modified': 'Tue, 18 Oct 2022 18:01:53 GMT'
    'ETag': '"0x8DAB132D67D48C5"'
    'Server': 'Windows-Azure-Blob/1.0 Microsoft-HTTPAPI/2.0'
    'x-ms-request-id': '2fb7ecfb-101e-0030-2d1b-e301c8000000'
    'x-ms-client-request-id': 'f1de0178-4f0e-11ed-bc79-0242bebc0005'
    'x-ms-version': 'REDACTED'
    'x-ms-content-crc64': 'REDACTED'
    'x-ms-request-server-encrypted': 'REDACTED'
    'Date': 'Tue, 18 Oct 2022 18:01:52 GMT'
[2022-10-18 18:01:53,179] {_universal.py:473} INFO - Request URL: 'https://atacananews.blob.core.windows.net/atacana-blob-container/lung-cancer/clinical-trials/20221018/lynparza/lung-cancer_clinical-trials_20221018_lynparza_NCT05482074.json'
Request method: 'PUT'
Request headers:
    'Content-Length': '589'
    'x-ms-blob-type': 'REDACTED'
    'x-ms-version': 'REDACTED'
    'Content-Type': 'application/octet-stream'
    'Accept': 'application/xml'
    'User-Agent': 'azsdk-python-storage-blob/12.13.1 Python/3.8.15 (Linux-5.10.124-linuxkit-aarch64-with-glibc2.17)'
    'x-ms-date': 'REDACTED'
    'x-ms-client-request-id': 'f24f9540-4f0e-11ed-bc79-0242bebc0005'
    'Authorization': 'REDACTED'
A body is sent with the request
[2022-10-18 18:01:53,362] {_universal.py:504} INFO - Response status: 201
Response headers:
    'Content-Length': '0'
    'Content-MD5': 'REDACTED'
    'Last-Modified': 'Tue, 18 Oct 2022 18:01:53 GMT'
    'ETag': '"0x8DAB132D6997F4A"'
    'Server': 'Windows-Azure-Blob/1.0 Microsoft-HTTPAPI/2.0'
    'x-ms-request-id': '2fb7ee7c-101e-0030-1a1b-e301c8000000'
    'x-ms-client-request-id': 'f24f9540-4f0e-11ed-bc79-0242bebc0005'
    'x-ms-version': 'REDACTED'
    'x-ms-content-crc64': 'REDACTED'
    'x-ms-request-server-encrypted': 'REDACTED'
    'Date': 'Tue, 18 Oct 2022 18:01:53 GMT'
[2022-10-18 18:01:53,365] {_universal.py:473} INFO - Request URL: 'https://atacananews.blob.core.windows.net/atacana-blob-container/lung-cancer/clinical-trials/20221018/lynparza/lung-cancer_clinical-trials_20221018_lynparza_NCT05524935.json'
Request method: 'PUT'
Request headers:
    'Content-Length': '594'
    'x-ms-blob-type': 'REDACTED'
    'x-ms-version': 'REDACTED'
    'Content-Type': 'application/octet-stream'
    'Accept': 'application/xml'
    'User-Agent': 'azsdk-python-storage-blob/12.13.1 Python/3.8.15 (Linux-5.10.124-linuxkit-aarch64-with-glibc2.17)'
    'x-ms-date': 'REDACTED'
    'x-ms-client-request-id': 'f26bf06e-4f0e-11ed-bc79-0242bebc0005'
    'Authorization': 'REDACTED'
A body is sent with the request
[2022-10-18 18:01:53,561] {_universal.py:504} INFO - Response status: 201
Response headers:
    'Content-Length': '0'
    'Content-MD5': 'REDACTED'
    'Last-Modified': 'Tue, 18 Oct 2022 18:01:53 GMT'
    'ETag': '"0x8DAB132D6B7D846"'
    'Server': 'Windows-Azure-Blob/1.0 Microsoft-HTTPAPI/2.0'
    'x-ms-request-id': '2fb7f017-101e-0030-281b-e301c8000000'
    'x-ms-client-request-id': 'f26bf06e-4f0e-11ed-bc79-0242bebc0005'
    'x-ms-version': 'REDACTED'
    'x-ms-content-crc64': 'REDACTED'
    'x-ms-request-server-encrypted': 'REDACTED'
    'Date': 'Tue, 18 Oct 2022 18:01:53 GMT'
[2022-10-18 18:01:53,564] {_universal.py:473} INFO - Request URL: 'https://atacananews.blob.core.windows.net/atacana-blob-container/lung-cancer/clinical-trials/20221018/lynparza/lung-cancer_clinical-trials_20221018_lynparza_NCT05463848.json'
Request method: 'PUT'
Request headers:
    'Content-Length': '570'
    'x-ms-blob-type': 'REDACTED'
    'x-ms-version': 'REDACTED'
    'Content-Type': 'application/octet-stream'
    'Accept': 'application/xml'
    'User-Agent': 'azsdk-python-storage-blob/12.13.1 Python/3.8.15 (Linux-5.10.124-linuxkit-aarch64-with-glibc2.17)'
    'x-ms-date': 'REDACTED'
    'x-ms-client-request-id': 'f28a4c08-4f0e-11ed-bc79-0242bebc0005'
    'Authorization': 'REDACTED'
A body is sent with the request
[2022-10-18 18:01:53,753] {_universal.py:504} INFO - Response status: 201
Response headers:
    'Content-Length': '0'
    'Content-MD5': 'REDACTED'
    'Last-Modified': 'Tue, 18 Oct 2022 18:01:53 GMT'
    'ETag': '"0x8DAB132D6D4F8F7"'
    'Server': 'Windows-Azure-Blob/1.0 Microsoft-HTTPAPI/2.0'
    'x-ms-request-id': '2fb7f18c-101e-0030-121b-e301c8000000'
    'x-ms-client-request-id': 'f28a4c08-4f0e-11ed-bc79-0242bebc0005'
    'x-ms-version': 'REDACTED'
    'x-ms-content-crc64': 'REDACTED'
    'x-ms-request-server-encrypted': 'REDACTED'
    'Date': 'Tue, 18 Oct 2022 18:01:53 GMT'
[2022-10-18 18:01:53,755] {_universal.py:473} INFO - Request URL: 'https://atacananews.blob.core.windows.net/atacana-blob-container/lung-cancer/clinical-trials/20221018/lynparza/lung-cancer_clinical-trials_20221018_lynparza_NCT05568550.json'
Request method: 'PUT'
Request headers:
    'Content-Length': '596'
    'x-ms-blob-type': 'REDACTED'
    'x-ms-version': 'REDACTED'
    'Content-Type': 'application/octet-stream'
    'Accept': 'application/xml'
    'User-Agent': 'azsdk-python-storage-blob/12.13.1 Python/3.8.15 (Linux-5.10.124-linuxkit-aarch64-with-glibc2.17)'
    'x-ms-date': 'REDACTED'
    'x-ms-client-request-id': 'f2a78d86-4f0e-11ed-bc79-0242bebc0005'
    'Authorization': 'REDACTED'
A body is sent with the request
[2022-10-18 18:01:53,949] {_universal.py:504} INFO - Response status: 201
Response headers:
    'Content-Length': '0'
    'Content-MD5': 'REDACTED'
    'Last-Modified': 'Tue, 18 Oct 2022 18:01:53 GMT'
    'ETag': '"0x8DAB132D6F28EC2"'
    'Server': 'Windows-Azure-Blob/1.0 Microsoft-HTTPAPI/2.0'
    'x-ms-request-id': '2fb7f2c5-101e-0030-331b-e301c8000000'
    'x-ms-client-request-id': 'f2a78d86-4f0e-11ed-bc79-0242bebc0005'
    'x-ms-version': 'REDACTED'
    'x-ms-content-crc64': 'REDACTED'
    'x-ms-request-server-encrypted': 'REDACTED'
    'Date': 'Tue, 18 Oct 2022 18:01:53 GMT'
[2022-10-18 18:01:53,951] {_universal.py:473} INFO - Request URL: 'https://atacananews.blob.core.windows.net/atacana-blob-container/lung-cancer/clinical-trials/20221018/lynparza/lung-cancer_clinical-trials_20221018_lynparza_NCT05522491.json'
Request method: 'PUT'
Request headers:
    'Content-Length': '581'
    'x-ms-blob-type': 'REDACTED'
    'x-ms-version': 'REDACTED'
    'Content-Type': 'application/octet-stream'
    'Accept': 'application/xml'
    'User-Agent': 'azsdk-python-storage-blob/12.13.1 Python/3.8.15 (Linux-5.10.124-linuxkit-aarch64-with-glibc2.17)'
    'x-ms-date': 'REDACTED'
    'x-ms-client-request-id': 'f2c57242-4f0e-11ed-bc79-0242bebc0005'
    'Authorization': 'REDACTED'
A body is sent with the request
[2022-10-18 18:01:54,141] {_universal.py:504} INFO - Response status: 201
Response headers:
    'Content-Length': '0'
    'Content-MD5': 'REDACTED'
    'Last-Modified': 'Tue, 18 Oct 2022 18:01:54 GMT'
    'ETag': '"0x8DAB132D70FFD8D"'
    'Server': 'Windows-Azure-Blob/1.0 Microsoft-HTTPAPI/2.0'
    'x-ms-request-id': '2fb7f43f-101e-0030-191b-e301c8000000'
    'x-ms-client-request-id': 'f2c57242-4f0e-11ed-bc79-0242bebc0005'
    'x-ms-version': 'REDACTED'
    'x-ms-content-crc64': 'REDACTED'
    'x-ms-request-server-encrypted': 'REDACTED'
    'Date': 'Tue, 18 Oct 2022 18:01:53 GMT'
[2022-10-18 18:01:54,145] {_universal.py:473} INFO - Request URL: 'https://atacananews.blob.core.windows.net/atacana-blob-container/lung-cancer/clinical-trials/20221018/lynparza/lung-cancer_clinical-trials_20221018_lynparza_NCT05498155.json'
Request method: 'PUT'
Request headers:
    'Content-Length': '656'
    'x-ms-blob-type': 'REDACTED'
    'x-ms-version': 'REDACTED'
    'Content-Type': 'application/octet-stream'
    'Accept': 'application/xml'
    'User-Agent': 'azsdk-python-storage-blob/12.13.1 Python/3.8.15 (Linux-5.10.124-linuxkit-aarch64-with-glibc2.17)'
    'x-ms-date': 'REDACTED'
    'x-ms-client-request-id': 'f2e2fa24-4f0e-11ed-bc79-0242bebc0005'
    'Authorization': 'REDACTED'
A body is sent with the request
[2022-10-18 18:01:54,339] {_universal.py:504} INFO - Response status: 201
Response headers:
    'Content-Length': '0'
    'Content-MD5': 'REDACTED'
    'Last-Modified': 'Tue, 18 Oct 2022 18:01:54 GMT'
    'ETag': '"0x8DAB132D72E7DA3"'
    'Server': 'Windows-Azure-Blob/1.0 Microsoft-HTTPAPI/2.0'
    'x-ms-request-id': '2fb7f5bd-101e-0030-091b-e301c8000000'
    'x-ms-client-request-id': 'f2e2fa24-4f0e-11ed-bc79-0242bebc0005'
    'x-ms-version': 'REDACTED'
    'x-ms-content-crc64': 'REDACTED'
    'x-ms-request-server-encrypted': 'REDACTED'
    'Date': 'Tue, 18 Oct 2022 18:01:54 GMT'
[2022-10-18 18:01:54,342] {_universal.py:473} INFO - Request URL: 'https://atacananews.blob.core.windows.net/atacana-blob-container/lung-cancer/clinical-trials/20221018/lynparza/lung-cancer_clinical-trials_20221018_lynparza_NCT05457257.json'
Request method: 'PUT'
Request headers:
    'Content-Length': '819'
    'x-ms-blob-type': 'REDACTED'
    'x-ms-version': 'REDACTED'
    'Content-Type': 'application/octet-stream'
    'Accept': 'application/xml'
    'User-Agent': 'azsdk-python-storage-blob/12.13.1 Python/3.8.15 (Linux-5.10.124-linuxkit-aarch64-with-glibc2.17)'
    'x-ms-date': 'REDACTED'
    'x-ms-client-request-id': 'f300fe7a-4f0e-11ed-bc79-0242bebc0005'
    'Authorization': 'REDACTED'
A body is sent with the request
[2022-10-18 18:01:54,528] {_universal.py:504} INFO - Response status: 201
Response headers:
    'Content-Length': '0'
    'Content-MD5': 'REDACTED'
    'Last-Modified': 'Tue, 18 Oct 2022 18:01:54 GMT'
    'ETag': '"0x8DAB132D74B7747"'
    'Server': 'Windows-Azure-Blob/1.0 Microsoft-HTTPAPI/2.0'
    'x-ms-request-id': '2fb7f70d-101e-0030-4c1b-e301c8000000'
    'x-ms-client-request-id': 'f300fe7a-4f0e-11ed-bc79-0242bebc0005'
    'x-ms-version': 'REDACTED'
    'x-ms-content-crc64': 'REDACTED'
    'x-ms-request-server-encrypted': 'REDACTED'
    'Date': 'Tue, 18 Oct 2022 18:01:54 GMT'
[2022-10-18 18:01:54,530] {_universal.py:473} INFO - Request URL: 'https://atacananews.blob.core.windows.net/atacana-blob-container/lung-cancer/clinical-trials/20221018/lynparza/lung-cancer_clinical-trials_20221018_lynparza_NCT05554328.json'
Request method: 'PUT'
Request headers:
    'Content-Length': '871'
    'x-ms-blob-type': 'REDACTED'
    'x-ms-version': 'REDACTED'
    'Content-Type': 'application/octet-stream'
    'Accept': 'application/xml'
    'User-Agent': 'azsdk-python-storage-blob/12.13.1 Python/3.8.15 (Linux-5.10.124-linuxkit-aarch64-with-glibc2.17)'
    'x-ms-date': 'REDACTED'
    'x-ms-client-request-id': 'f31dd32e-4f0e-11ed-bc79-0242bebc0005'
    'Authorization': 'REDACTED'
A body is sent with the request
[2022-10-18 18:01:54,724] {_universal.py:504} INFO - Response status: 201
Response headers:
    'Content-Length': '0'
    'Content-MD5': 'REDACTED'
    'Last-Modified': 'Tue, 18 Oct 2022 18:01:54 GMT'
    'ETag': '"0x8DAB132D7693421"'
    'Server': 'Windows-Azure-Blob/1.0 Microsoft-HTTPAPI/2.0'
    'x-ms-request-id': '2fb7f89c-101e-0030-281b-e301c8000000'
    'x-ms-client-request-id': 'f31dd32e-4f0e-11ed-bc79-0242bebc0005'
    'x-ms-version': 'REDACTED'
    'x-ms-content-crc64': 'REDACTED'
    'x-ms-request-server-encrypted': 'REDACTED'
    'Date': 'Tue, 18 Oct 2022 18:01:54 GMT'
[2022-10-18 18:01:54,726] {_universal.py:473} INFO - Request URL: 'https://atacananews.blob.core.windows.net/atacana-blob-container/lung-cancer/clinical-trials/20221018/lynparza/lung-cancer_clinical-trials_20221018_lynparza_NCT05485766.json'
Request method: 'PUT'
Request headers:
    'Content-Length': '831'
    'x-ms-blob-type': 'REDACTED'
    'x-ms-version': 'REDACTED'
    'Content-Type': 'application/octet-stream'
    'Accept': 'application/xml'
    'User-Agent': 'azsdk-python-storage-blob/12.13.1 Python/3.8.15 (Linux-5.10.124-linuxkit-aarch64-with-glibc2.17)'
    'x-ms-date': 'REDACTED'
    'x-ms-client-request-id': 'f33bbc68-4f0e-11ed-bc79-0242bebc0005'
    'Authorization': 'REDACTED'
A body is sent with the request
[2022-10-18 18:01:54,920] {_universal.py:504} INFO - Response status: 201
Response headers:
    'Content-Length': '0'
    'Content-MD5': 'REDACTED'
    'Last-Modified': 'Tue, 18 Oct 2022 18:01:54 GMT'
    'ETag': '"0x8DAB132D786A2EB"'
    'Server': 'Windows-Azure-Blob/1.0 Microsoft-HTTPAPI/2.0'
    'x-ms-request-id': '2fb7fa59-101e-0030-521b-e301c8000000'
    'x-ms-client-request-id': 'f33bbc68-4f0e-11ed-bc79-0242bebc0005'
    'x-ms-version': 'REDACTED'
    'x-ms-content-crc64': 'REDACTED'
    'x-ms-request-server-encrypted': 'REDACTED'
    'Date': 'Tue, 18 Oct 2022 18:01:54 GMT'
[2022-10-18 18:01:54,924] {python.py:173} INFO - Done. Returned value was: None
[2022-10-18 18:01:54,935] {taskinstance.py:1395} INFO - Marking task as SUCCESS. dag_id=clinical_trials__lung_cancer__etl__20220109, task_id=load_data_to_blob_storage_task, map_index=16, execution_date=20221018T160000, start_date=20221018T180152, end_date=20221018T180154
[2022-10-18 18:01:54,983] {local_task_job.py:156} INFO - Task exited with return code 0
[2022-10-18 18:01:55,016] {local_task_job.py:273} INFO - 0 downstream tasks scheduled from follow-on schedule check
