[2022-10-18 22:06:50,942] {taskinstance.py:1159} INFO - Dependencies all met for <TaskInstance: clinical_trials__lung_cancer__etl__20220109.load_data_to_mongodb_task scheduled__2022-10-18T20:00:00+00:00 map_index=27 [queued]>
[2022-10-18 22:06:50,953] {taskinstance.py:1159} INFO - Dependencies all met for <TaskInstance: clinical_trials__lung_cancer__etl__20220109.load_data_to_mongodb_task scheduled__2022-10-18T20:00:00+00:00 map_index=27 [queued]>
[2022-10-18 22:06:50,954] {taskinstance.py:1356} INFO - 
--------------------------------------------------------------------------------
[2022-10-18 22:06:50,956] {taskinstance.py:1357} INFO - Starting attempt 1 of 1
[2022-10-18 22:06:50,957] {taskinstance.py:1358} INFO - 
--------------------------------------------------------------------------------
[2022-10-18 22:06:50,963] {taskinstance.py:1377} INFO - Executing <Mapped(_PythonDecoratedOperator): load_data_to_mongodb_task> on 2022-10-18 20:00:00+00:00
[2022-10-18 22:06:50,969] {standard_task_runner.py:52} INFO - Started process 7330 to run task
[2022-10-18 22:06:50,973] {standard_task_runner.py:79} INFO - Running: ['airflow', 'tasks', 'run', 'clinical_trials__lung_cancer__etl__20220109', 'load_data_to_mongodb_task', 'scheduled__2022-10-18T20:00:00+00:00', '--job-id', '925', '--raw', '--subdir', 'DAGS_FOLDER/process_news_dags.py', '--cfg-path', '/tmp/tmplh5jtmoa', '--map-index', '27', '--error-file', '/tmp/tmp4w8ilsuz']
[2022-10-18 22:06:50,974] {standard_task_runner.py:80} INFO - Job 925: Subtask load_data_to_mongodb_task
[2022-10-18 22:06:50,988] {logging_mixin.py:115} WARNING - /root/.cache/pypoetry/virtualenvs/***-tXitOD5F-py3.8/lib/python3.8/site-packages/airflow/configuration.py:525 DeprecationWarning: The sql_alchemy_conn option in [core] has been moved to the sql_alchemy_conn option in [database] - the old setting has been used, but please update your config.
[2022-10-18 22:06:51,022] {task_command.py:370} INFO - Running <TaskInstance: clinical_trials__lung_cancer__etl__20220109.load_data_to_mongodb_task scheduled__2022-10-18T20:00:00+00:00 map_index=27 [running]> on host 6cdf6d517dc4
[2022-10-18 22:06:51,077] {taskinstance.py:1569} INFO - Exporting the following env vars:
AIRFLOW_CTX_DAG_EMAIL=wais@datakimia.com,david@datakimia.com,juanm@datakimia.com,tomas@datakimia.com
AIRFLOW_CTX_DAG_OWNER=atacana
AIRFLOW_CTX_DAG_ID=clinical_trials__lung_cancer__etl__20220109
AIRFLOW_CTX_TASK_ID=load_data_to_mongodb_task
AIRFLOW_CTX_EXECUTION_DATE=2022-10-18T20:00:00+00:00
AIRFLOW_CTX_TRY_NUMBER=1
AIRFLOW_CTX_DAG_RUN_ID=scheduled__2022-10-18T20:00:00+00:00
[2022-10-18 22:06:51,079] {process_news_dag_factory.py:128} INFO - Going to load data from clinical_trials about topic Merck
[2022-10-18 22:06:51,101] {db_helpers.py:35} INFO - Connected successfully!!!
[2022-10-18 22:06:51,106] {_universal.py:476} INFO - Request URL: 'https://atacananews.blob.core.windows.net/atacana-blob-container?restype=REDACTED&comp=REDACTED&prefix=REDACTED&delimiter=REDACTED'
Request method: 'GET'
Request headers:
    'x-ms-version': 'REDACTED'
    'Accept': 'application/xml'
    'User-Agent': 'azsdk-python-storage-blob/12.13.1 Python/3.8.15 (Linux-5.10.124-linuxkit-aarch64-with-glibc2.17)'
    'x-ms-date': 'REDACTED'
    'x-ms-client-request-id': '2af52b90-4f31-11ed-9feb-0242bebc0005'
    'Authorization': 'REDACTED'
No body was attached to the request
[2022-10-18 22:06:51,837] {_universal.py:504} INFO - Response status: 200
Response headers:
    'Transfer-Encoding': 'chunked'
    'Content-Type': 'application/xml'
    'Server': 'Windows-Azure-Blob/1.0 Microsoft-HTTPAPI/2.0'
    'x-ms-request-id': 'b0aaedf8-701e-0019-4f3d-e33fbc000000'
    'x-ms-client-request-id': '2af52b90-4f31-11ed-9feb-0242bebc0005'
    'x-ms-version': 'REDACTED'
    'Date': 'Tue, 18 Oct 2022 22:06:51 GMT'
[2022-10-18 22:06:51,839] {_universal.py:476} INFO - Request URL: 'https://atacananews.blob.core.windows.net/atacana-blob-container/lung-cancer/clinical-trials/20221018/merck/lung-cancer_clinical-trials_20221018_merck_NCT05463094.json'
Request method: 'GET'
Request headers:
    'x-ms-range': 'REDACTED'
    'x-ms-version': 'REDACTED'
    'Accept': 'application/xml'
    'User-Agent': 'azsdk-python-storage-blob/12.13.1 Python/3.8.15 (Linux-5.10.124-linuxkit-aarch64-with-glibc2.17)'
    'x-ms-date': 'REDACTED'
    'x-ms-client-request-id': '2b653700-4f31-11ed-9feb-0242bebc0005'
    'Authorization': 'REDACTED'
No body was attached to the request
[2022-10-18 22:06:52,022] {_universal.py:504} INFO - Response status: 206
Response headers:
    'Content-Length': '578'
    'Content-Type': 'application/octet-stream'
    'Content-Range': 'REDACTED'
    'Last-Modified': 'Tue, 18 Oct 2022 22:01:59 GMT'
    'Accept-Ranges': 'REDACTED'
    'ETag': '"0x8DAB1546123AB2A"'
    'Server': 'Windows-Azure-Blob/1.0 Microsoft-HTTPAPI/2.0'
    'x-ms-request-id': 'b0aaef4f-701e-0019-1d3d-e33fbc000000'
    'x-ms-client-request-id': '2b653700-4f31-11ed-9feb-0242bebc0005'
    'x-ms-version': 'REDACTED'
    'x-ms-creation-time': 'REDACTED'
    'x-ms-blob-content-md5': 'REDACTED'
    'x-ms-lease-status': 'REDACTED'
    'x-ms-lease-state': 'REDACTED'
    'x-ms-blob-type': 'REDACTED'
    'x-ms-server-encrypted': 'REDACTED'
    'Date': 'Tue, 18 Oct 2022 22:06:51 GMT'
[2022-10-18 22:06:52,034] {logging_mixin.py:115} INFO - <class 'pandas.core.frame.DataFrame'>
RangeIndex: 1 entries, 0 to 0
Data columns (total 13 columns):
 #   Column            Non-Null Count  Dtype 
---  ------            --------------  ----- 
 0   title             1 non-null      object
 1   link              1 non-null      object
 2   id                1 non-null      object
 3   published_at      1 non-null      object
 4   conditions        1 non-null      object
 5   intervention      1 non-null      object
 6   publisher         1 non-null      object
 7   status            1 non-null      object
 8   source            1 non-null      object
 9   keyword           1 non-null      object
 10  indication        1 non-null      object
 11  therapeutic_area  1 non-null      object
 12  updated_at        1 non-null      object
dtypes: object(13)
memory usage: 232.0+ bytes
[2022-10-18 22:06:52,035] {process_news_dag_factory.py:159} INFO - None
[2022-10-18 22:06:52,038] {process_news_dag_factory.py:167} INFO - {'id': 'NCT05463094', 'source': 'clinical_trials', 'therapeutic_area': 'Oncology', 'indication': 'Lung Cancer', 'keyword': 'Merck', 'title': 'GXR RM China BE Study (Darmstadt - Jiangsu)', 'link': 'https://clinicaltrials.gov/ct2/show/NCT05463094?cond=Merck&sfpd_d=100', 'publisher': 'Merck Healthcare KGaA, Darmstadt, Germany, an affiliate of Merck KGaA, Darmstadt, Germany', 'published_at': '2022-07-18T12:00:00.000Z', 'updated_at': '2022-10-18T22:00:36.974Z', 'atacana_team': None, 'category': None, 'priority': None, 'content': None}
[2022-10-18 22:06:53,240] {python.py:173} INFO - Done. Returned value was: None
[2022-10-18 22:06:53,267] {taskinstance.py:1395} INFO - Marking task as SUCCESS. dag_id=clinical_trials__lung_cancer__etl__20220109, task_id=load_data_to_mongodb_task, map_index=27, execution_date=20221018T200000, start_date=20221018T220650, end_date=20221018T220653
[2022-10-18 22:06:53,325] {local_task_job.py:156} INFO - Task exited with return code 0
[2022-10-18 22:06:53,353] {local_task_job.py:273} INFO - 0 downstream tasks scheduled from follow-on schedule check
