[2022-10-18 22:03:29,747] {taskinstance.py:1159} INFO - Dependencies all met for <TaskInstance: clinical_trials__lung_cancer__etl__20220109.load_data_to_blob_storage_task scheduled__2022-10-18T20:00:00+00:00 map_index=0 [queued]>
[2022-10-18 22:03:29,760] {taskinstance.py:1159} INFO - Dependencies all met for <TaskInstance: clinical_trials__lung_cancer__etl__20220109.load_data_to_blob_storage_task scheduled__2022-10-18T20:00:00+00:00 map_index=0 [queued]>
[2022-10-18 22:03:29,761] {taskinstance.py:1356} INFO - 
--------------------------------------------------------------------------------
[2022-10-18 22:03:29,762] {taskinstance.py:1357} INFO - Starting attempt 1 of 1
[2022-10-18 22:03:29,764] {taskinstance.py:1358} INFO - 
--------------------------------------------------------------------------------
[2022-10-18 22:03:29,772] {taskinstance.py:1377} INFO - Executing <Mapped(_PythonDecoratedOperator): load_data_to_blob_storage_task> on 2022-10-18 20:00:00+00:00
[2022-10-18 22:03:29,778] {standard_task_runner.py:52} INFO - Started process 6797 to run task
[2022-10-18 22:03:29,782] {standard_task_runner.py:79} INFO - Running: ['airflow', 'tasks', 'run', 'clinical_trials__lung_cancer__etl__20220109', 'load_data_to_blob_storage_task', 'scheduled__2022-10-18T20:00:00+00:00', '--job-id', '852', '--raw', '--subdir', 'DAGS_FOLDER/process_news_dags.py', '--cfg-path', '/tmp/tmpb_d4f3wd', '--map-index', '0', '--error-file', '/tmp/tmpyd1rgwaf']
[2022-10-18 22:03:29,784] {standard_task_runner.py:80} INFO - Job 852: Subtask load_data_to_blob_storage_task
[2022-10-18 22:03:29,799] {logging_mixin.py:115} WARNING - /root/.cache/pypoetry/virtualenvs/***-tXitOD5F-py3.8/lib/python3.8/site-packages/airflow/configuration.py:525 DeprecationWarning: The sql_alchemy_conn option in [core] has been moved to the sql_alchemy_conn option in [database] - the old setting has been used, but please update your config.
[2022-10-18 22:03:29,835] {task_command.py:370} INFO - Running <TaskInstance: clinical_trials__lung_cancer__etl__20220109.load_data_to_blob_storage_task scheduled__2022-10-18T20:00:00+00:00 map_index=0 [running]> on host 6cdf6d517dc4
[2022-10-18 22:03:29,887] {taskinstance.py:1569} INFO - Exporting the following env vars:
AIRFLOW_CTX_DAG_EMAIL=wais@datakimia.com,david@datakimia.com,juanm@datakimia.com,tomas@datakimia.com
AIRFLOW_CTX_DAG_OWNER=atacana
AIRFLOW_CTX_DAG_ID=clinical_trials__lung_cancer__etl__20220109
AIRFLOW_CTX_TASK_ID=load_data_to_blob_storage_task
AIRFLOW_CTX_EXECUTION_DATE=2022-10-18T20:00:00+00:00
AIRFLOW_CTX_TRY_NUMBER=1
AIRFLOW_CTX_DAG_RUN_ID=scheduled__2022-10-18T20:00:00+00:00
[2022-10-18 22:03:29,890] {process_news_dag_factory.py:105} INFO - Reading temp file: lung-cancer_clinical-trials_astrazeneca_20221018-20_df.json
[2022-10-18 22:03:29,907] {helpers.py:114} INFO - Going to save clinical_trials data..
[2022-10-18 22:03:29,909] {helpers.py:115} INFO -                                                title  ...                  updated_at
0  An Observer-blind, Cohort Randomized, Explorat...  ...  2022-10-18 22:00:06.539000

[1 rows x 13 columns]
[2022-10-18 22:03:29,918] {helpers.py:116} INFO - Index(['title', 'link', 'id', 'published_at', 'conditions', 'intervention',
       'publisher', 'status', 'source', 'keyword', 'indication',
       'therapeutic_area', 'updated_at'],
      dtype='object')
[2022-10-18 22:03:29,923] {_universal.py:473} INFO - Request URL: 'https://atacananews.blob.core.windows.net/atacana-blob-container/lung-cancer/clinical-trials/20221018/astrazeneca/lung-cancer_clinical-trials_20221018_astrazeneca_NCT05470803.json'
Request method: 'PUT'
Request headers:
    'Content-Length': '880'
    'x-ms-blob-type': 'REDACTED'
    'x-ms-version': 'REDACTED'
    'Content-Type': 'application/octet-stream'
    'Accept': 'application/xml'
    'User-Agent': 'azsdk-python-storage-blob/12.13.1 Python/3.8.15 (Linux-5.10.124-linuxkit-aarch64-with-glibc2.17)'
    'x-ms-date': 'REDACTED'
    'x-ms-client-request-id': 'b30b195a-4f30-11ed-afcd-0242bebc0005'
    'Authorization': 'REDACTED'
A body is sent with the request
[2022-10-18 22:03:30,669] {_universal.py:504} INFO - Response status: 201
Response headers:
    'Content-Length': '0'
    'Content-MD5': 'REDACTED'
    'Last-Modified': 'Tue, 18 Oct 2022 22:03:30 GMT'
    'ETag': '"0x8DAB15497B73628"'
    'Server': 'Windows-Azure-Blob/1.0 Microsoft-HTTPAPI/2.0'
    'x-ms-request-id': 'a49721ff-901e-002e-023d-e3ed10000000'
    'x-ms-client-request-id': 'b30b195a-4f30-11ed-afcd-0242bebc0005'
    'x-ms-version': 'REDACTED'
    'x-ms-content-crc64': 'REDACTED'
    'x-ms-request-server-encrypted': 'REDACTED'
    'Date': 'Tue, 18 Oct 2022 22:03:30 GMT'
[2022-10-18 22:03:30,685] {python.py:173} INFO - Done. Returned value was: None
[2022-10-18 22:03:30,709] {taskinstance.py:1395} INFO - Marking task as SUCCESS. dag_id=clinical_trials__lung_cancer__etl__20220109, task_id=load_data_to_blob_storage_task, map_index=0, execution_date=20221018T200000, start_date=20221018T220329, end_date=20221018T220330
[2022-10-18 22:03:30,793] {local_task_job.py:156} INFO - Task exited with return code 0
[2022-10-18 22:03:30,837] {local_task_job.py:273} INFO - 0 downstream tasks scheduled from follow-on schedule check
