[2022-10-18 20:01:13,179] {taskinstance.py:1159} INFO - Dependencies all met for <TaskInstance: clinical_trials__lung_cancer__etl__20220109.get_data_task scheduled__2022-10-18T18:00:00+00:00 map_index=58 [queued]>
[2022-10-18 20:01:13,187] {taskinstance.py:1159} INFO - Dependencies all met for <TaskInstance: clinical_trials__lung_cancer__etl__20220109.get_data_task scheduled__2022-10-18T18:00:00+00:00 map_index=58 [queued]>
[2022-10-18 20:01:13,188] {taskinstance.py:1356} INFO - 
--------------------------------------------------------------------------------
[2022-10-18 20:01:13,189] {taskinstance.py:1357} INFO - Starting attempt 1 of 1
[2022-10-18 20:01:13,190] {taskinstance.py:1358} INFO - 
--------------------------------------------------------------------------------
[2022-10-18 20:01:13,197] {taskinstance.py:1377} INFO - Executing <Mapped(_PythonDecoratedOperator): get_data_task> on 2022-10-18 18:00:00+00:00
[2022-10-18 20:01:13,201] {standard_task_runner.py:52} INFO - Started process 4759 to run task
[2022-10-18 20:01:13,204] {standard_task_runner.py:79} INFO - Running: ['airflow', 'tasks', 'run', 'clinical_trials__lung_cancer__etl__20220109', 'get_data_task', 'scheduled__2022-10-18T18:00:00+00:00', '--job-id', '558', '--raw', '--subdir', 'DAGS_FOLDER/process_news_dags.py', '--cfg-path', '/tmp/tmpofhie0xc', '--map-index', '58', '--error-file', '/tmp/tmpa17l2_bf']
[2022-10-18 20:01:13,206] {standard_task_runner.py:80} INFO - Job 558: Subtask get_data_task
[2022-10-18 20:01:13,216] {logging_mixin.py:115} WARNING - /root/.cache/pypoetry/virtualenvs/***-tXitOD5F-py3.8/lib/python3.8/site-packages/airflow/configuration.py:525 DeprecationWarning: The sql_alchemy_conn option in [core] has been moved to the sql_alchemy_conn option in [database] - the old setting has been used, but please update your config.
[2022-10-18 20:01:13,243] {task_command.py:370} INFO - Running <TaskInstance: clinical_trials__lung_cancer__etl__20220109.get_data_task scheduled__2022-10-18T18:00:00+00:00 map_index=58 [running]> on host 6cdf6d517dc4
[2022-10-18 20:01:13,282] {taskinstance.py:1569} INFO - Exporting the following env vars:
AIRFLOW_CTX_DAG_EMAIL=wais@datakimia.com,david@datakimia.com,juanm@datakimia.com,tomas@datakimia.com
AIRFLOW_CTX_DAG_OWNER=atacana
AIRFLOW_CTX_DAG_ID=clinical_trials__lung_cancer__etl__20220109
AIRFLOW_CTX_TASK_ID=get_data_task
AIRFLOW_CTX_EXECUTION_DATE=2022-10-18T18:00:00+00:00
AIRFLOW_CTX_TRY_NUMBER=1
AIRFLOW_CTX_DAG_RUN_ID=scheduled__2022-10-18T18:00:00+00:00
[2022-10-18 20:01:13,284] {process_news_dag_factory.py:57} INFO - Extracting data for indication: Lung Cancer, source: clinical_trials, TA: Oncology, keyword: SCH 900475 
[2022-10-18 20:01:13,286] {extract.py:30} INFO - Going to extract clinicaltrials data about keyword SCH 900475
[2022-10-18 20:01:14,291] {process_news_dag_factory.py:66} INFO - Skipping... No new news articles found for clinical_trials-SCH 900475
[2022-10-18 20:01:14,367] {taskinstance.py:1395} INFO - Marking task as SKIPPED. dag_id=clinical_trials__lung_cancer__etl__20220109, task_id=get_data_task, map_index=58, execution_date=20221018T180000, start_date=20221018T200113, end_date=20221018T200114
[2022-10-18 20:01:14,389] {local_task_job.py:156} INFO - Task exited with return code 0
[2022-10-18 20:01:14,437] {local_task_job.py:273} INFO - 0 downstream tasks scheduled from follow-on schedule check
