[2022-10-18 22:03:23,795] {taskinstance.py:1159} INFO - Dependencies all met for <TaskInstance: clinical_trials__lung_cancer__etl__20220109.load_data_to_blob_storage_task scheduled__2022-10-18T20:00:00+00:00 map_index=51 [queued]>
[2022-10-18 22:03:23,806] {taskinstance.py:1159} INFO - Dependencies all met for <TaskInstance: clinical_trials__lung_cancer__etl__20220109.load_data_to_blob_storage_task scheduled__2022-10-18T20:00:00+00:00 map_index=51 [queued]>
[2022-10-18 22:03:23,807] {taskinstance.py:1356} INFO - 
--------------------------------------------------------------------------------
[2022-10-18 22:03:23,808] {taskinstance.py:1357} INFO - Starting attempt 1 of 1
[2022-10-18 22:03:23,809] {taskinstance.py:1358} INFO - 
--------------------------------------------------------------------------------
[2022-10-18 22:03:23,822] {taskinstance.py:1377} INFO - Executing <Mapped(_PythonDecoratedOperator): load_data_to_blob_storage_task> on 2022-10-18 20:00:00+00:00
[2022-10-18 22:03:23,833] {standard_task_runner.py:79} INFO - Running: ['airflow', 'tasks', 'run', 'clinical_trials__lung_cancer__etl__20220109', 'load_data_to_blob_storage_task', 'scheduled__2022-10-18T20:00:00+00:00', '--job-id', '849', '--raw', '--subdir', 'DAGS_FOLDER/process_news_dags.py', '--cfg-path', '/tmp/tmptsxlhycu', '--map-index', '51', '--error-file', '/tmp/tmp_3v6yr4d']
[2022-10-18 22:03:23,839] {standard_task_runner.py:80} INFO - Job 849: Subtask load_data_to_blob_storage_task
[2022-10-18 22:03:23,830] {standard_task_runner.py:52} INFO - Started process 6791 to run task
[2022-10-18 22:03:23,871] {logging_mixin.py:115} WARNING - /root/.cache/pypoetry/virtualenvs/***-tXitOD5F-py3.8/lib/python3.8/site-packages/airflow/configuration.py:525 DeprecationWarning: The sql_alchemy_conn option in [core] has been moved to the sql_alchemy_conn option in [database] - the old setting has been used, but please update your config.
[2022-10-18 22:03:23,916] {task_command.py:370} INFO - Running <TaskInstance: clinical_trials__lung_cancer__etl__20220109.load_data_to_blob_storage_task scheduled__2022-10-18T20:00:00+00:00 map_index=51 [running]> on host 6cdf6d517dc4
[2022-10-18 22:03:23,963] {taskinstance.py:1569} INFO - Exporting the following env vars:
AIRFLOW_CTX_DAG_EMAIL=wais@datakimia.com,david@datakimia.com,juanm@datakimia.com,tomas@datakimia.com
AIRFLOW_CTX_DAG_OWNER=atacana
AIRFLOW_CTX_DAG_ID=clinical_trials__lung_cancer__etl__20220109
AIRFLOW_CTX_TASK_ID=load_data_to_blob_storage_task
AIRFLOW_CTX_EXECUTION_DATE=2022-10-18T20:00:00+00:00
AIRFLOW_CTX_TRY_NUMBER=1
AIRFLOW_CTX_DAG_RUN_ID=scheduled__2022-10-18T20:00:00+00:00
[2022-10-18 22:03:23,966] {process_news_dag_factory.py:105} INFO - Reading temp file: lung-cancer_clinical-trials_rg-7446_20221018-20_df.json
[2022-10-18 22:03:23,984] {helpers.py:114} INFO - Going to save clinical_trials data..
[2022-10-18 22:03:23,986] {helpers.py:115} INFO -                                                title  ...                  updated_at
0  Open Label Phase 2 Basket Trial With Atezolizu...  ...  2022-10-18 22:01:06.364000
1  ONC201 and Atezolizumab in Obesity-Driven Endo...  ...  2022-10-18 22:01:06.364000
2  Investigate the Contribution of Ipatasertib to...  ...  2022-10-18 22:01:06.364000
3     Atezolizumab for Idiopathic Pulmonary Fibrosis  ...  2022-10-18 22:01:06.364000
4  Deep, Multi-omics Phenotyping to Predict Respo...  ...  2022-10-18 22:01:06.364000

[5 rows x 13 columns]
[2022-10-18 22:03:23,994] {helpers.py:116} INFO - Index(['title', 'link', 'id', 'published_at', 'conditions', 'intervention',
       'publisher', 'status', 'source', 'keyword', 'indication',
       'therapeutic_area', 'updated_at'],
      dtype='object')
[2022-10-18 22:03:23,999] {_universal.py:473} INFO - Request URL: 'https://atacananews.blob.core.windows.net/atacana-blob-container/lung-cancer/clinical-trials/20221018/rg-7446/lung-cancer_clinical-trials_20221018_rg-7446_NCT05483400.json'
Request method: 'PUT'
Request headers:
    'Content-Length': '583'
    'x-ms-blob-type': 'REDACTED'
    'x-ms-version': 'REDACTED'
    'Content-Type': 'application/octet-stream'
    'Accept': 'application/xml'
    'User-Agent': 'azsdk-python-storage-blob/12.13.1 Python/3.8.15 (Linux-5.10.124-linuxkit-aarch64-with-glibc2.17)'
    'x-ms-date': 'REDACTED'
    'x-ms-client-request-id': 'af833830-4f30-11ed-808a-0242bebc0005'
    'Authorization': 'REDACTED'
A body is sent with the request
[2022-10-18 22:03:24,804] {_universal.py:504} INFO - Response status: 201
Response headers:
    'Content-Length': '0'
    'Content-MD5': 'REDACTED'
    'Last-Modified': 'Tue, 18 Oct 2022 22:03:24 GMT'
    'ETag': '"0x8DAB154943807AF"'
    'Server': 'Windows-Azure-Blob/1.0 Microsoft-HTTPAPI/2.0'
    'x-ms-request-id': 'b0a4cbeb-701e-0019-193d-e33fbc000000'
    'x-ms-client-request-id': 'af833830-4f30-11ed-808a-0242bebc0005'
    'x-ms-version': 'REDACTED'
    'x-ms-content-crc64': 'REDACTED'
    'x-ms-request-server-encrypted': 'REDACTED'
    'Date': 'Tue, 18 Oct 2022 22:03:24 GMT'
[2022-10-18 22:03:24,821] {_universal.py:473} INFO - Request URL: 'https://atacananews.blob.core.windows.net/atacana-blob-container/lung-cancer/clinical-trials/20221018/rg-7446/lung-cancer_clinical-trials_20221018_rg-7446_NCT05542407.json'
Request method: 'PUT'
Request headers:
    'Content-Length': '590'
    'x-ms-blob-type': 'REDACTED'
    'x-ms-version': 'REDACTED'
    'Content-Type': 'application/octet-stream'
    'Accept': 'application/xml'
    'User-Agent': 'azsdk-python-storage-blob/12.13.1 Python/3.8.15 (Linux-5.10.124-linuxkit-aarch64-with-glibc2.17)'
    'x-ms-date': 'REDACTED'
    'x-ms-client-request-id': 'b000be9a-4f30-11ed-808a-0242bebc0005'
    'Authorization': 'REDACTED'
A body is sent with the request
[2022-10-18 22:03:25,048] {_universal.py:504} INFO - Response status: 201
Response headers:
    'Content-Length': '0'
    'Content-MD5': 'REDACTED'
    'Last-Modified': 'Tue, 18 Oct 2022 22:03:25 GMT'
    'ETag': '"0x8DAB154945C2C3F"'
    'Server': 'Windows-Azure-Blob/1.0 Microsoft-HTTPAPI/2.0'
    'x-ms-request-id': 'b0a4cdb5-701e-0019-503d-e33fbc000000'
    'x-ms-client-request-id': 'b000be9a-4f30-11ed-808a-0242bebc0005'
    'x-ms-version': 'REDACTED'
    'x-ms-content-crc64': 'REDACTED'
    'x-ms-request-server-encrypted': 'REDACTED'
    'Date': 'Tue, 18 Oct 2022 22:03:24 GMT'
[2022-10-18 22:03:25,062] {_universal.py:473} INFO - Request URL: 'https://atacananews.blob.core.windows.net/atacana-blob-container/lung-cancer/clinical-trials/20221018/rg-7446/lung-cancer_clinical-trials_20221018_rg-7446_NCT05498896.json'
Request method: 'PUT'
Request headers:
    'Content-Length': '721'
    'x-ms-blob-type': 'REDACTED'
    'x-ms-version': 'REDACTED'
    'Content-Type': 'application/octet-stream'
    'Accept': 'application/xml'
    'User-Agent': 'azsdk-python-storage-blob/12.13.1 Python/3.8.15 (Linux-5.10.124-linuxkit-aarch64-with-glibc2.17)'
    'x-ms-date': 'REDACTED'
    'x-ms-client-request-id': 'b02584a0-4f30-11ed-808a-0242bebc0005'
    'Authorization': 'REDACTED'
A body is sent with the request
[2022-10-18 22:03:25,267] {_universal.py:504} INFO - Response status: 201
Response headers:
    'Content-Length': '0'
    'Content-MD5': 'REDACTED'
    'Last-Modified': 'Tue, 18 Oct 2022 22:03:25 GMT'
    'ETag': '"0x8DAB154947E7C48"'
    'Server': 'Windows-Azure-Blob/1.0 Microsoft-HTTPAPI/2.0'
    'x-ms-request-id': 'b0a4cf22-701e-0019-2c3d-e33fbc000000'
    'x-ms-client-request-id': 'b02584a0-4f30-11ed-808a-0242bebc0005'
    'x-ms-version': 'REDACTED'
    'x-ms-content-crc64': 'REDACTED'
    'x-ms-request-server-encrypted': 'REDACTED'
    'Date': 'Tue, 18 Oct 2022 22:03:24 GMT'
[2022-10-18 22:03:25,271] {_universal.py:473} INFO - Request URL: 'https://atacananews.blob.core.windows.net/atacana-blob-container/lung-cancer/clinical-trials/20221018/rg-7446/lung-cancer_clinical-trials_20221018_rg-7446_NCT05515627.json'
Request method: 'PUT'
Request headers:
    'Content-Length': '521'
    'x-ms-blob-type': 'REDACTED'
    'x-ms-version': 'REDACTED'
    'Content-Type': 'application/octet-stream'
    'Accept': 'application/xml'
    'User-Agent': 'azsdk-python-storage-blob/12.13.1 Python/3.8.15 (Linux-5.10.124-linuxkit-aarch64-with-glibc2.17)'
    'x-ms-date': 'REDACTED'
    'x-ms-client-request-id': 'b0454a06-4f30-11ed-808a-0242bebc0005'
    'Authorization': 'REDACTED'
A body is sent with the request
[2022-10-18 22:03:25,468] {_universal.py:504} INFO - Response status: 201
Response headers:
    'Content-Length': '0'
    'Content-MD5': 'REDACTED'
    'Last-Modified': 'Tue, 18 Oct 2022 22:03:25 GMT'
    'ETag': '"0x8DAB154949CAE47"'
    'Server': 'Windows-Azure-Blob/1.0 Microsoft-HTTPAPI/2.0'
    'x-ms-request-id': 'b0a4d067-701e-0019-693d-e33fbc000000'
    'x-ms-client-request-id': 'b0454a06-4f30-11ed-808a-0242bebc0005'
    'x-ms-version': 'REDACTED'
    'x-ms-content-crc64': 'REDACTED'
    'x-ms-request-server-encrypted': 'REDACTED'
    'Date': 'Tue, 18 Oct 2022 22:03:24 GMT'
[2022-10-18 22:03:25,470] {_universal.py:473} INFO - Request URL: 'https://atacananews.blob.core.windows.net/atacana-blob-container/lung-cancer/clinical-trials/20221018/rg-7446/lung-cancer_clinical-trials_20221018_rg-7446_NCT05516628.json'
Request method: 'PUT'
Request headers:
    'Content-Length': '1133'
    'x-ms-blob-type': 'REDACTED'
    'x-ms-version': 'REDACTED'
    'Content-Type': 'application/octet-stream'
    'Accept': 'application/xml'
    'User-Agent': 'azsdk-python-storage-blob/12.13.1 Python/3.8.15 (Linux-5.10.124-linuxkit-aarch64-with-glibc2.17)'
    'x-ms-date': 'REDACTED'
    'x-ms-client-request-id': 'b063bb6c-4f30-11ed-808a-0242bebc0005'
    'Authorization': 'REDACTED'
A body is sent with the request
[2022-10-18 22:03:25,661] {_universal.py:504} INFO - Response status: 201
Response headers:
    'Content-Length': '0'
    'Content-MD5': 'REDACTED'
    'Last-Modified': 'Tue, 18 Oct 2022 22:03:25 GMT'
    'ETag': '"0x8DAB15494BB7C69"'
    'Server': 'Windows-Azure-Blob/1.0 Microsoft-HTTPAPI/2.0'
    'x-ms-request-id': 'b0a4d1c2-701e-0019-403d-e33fbc000000'
    'x-ms-client-request-id': 'b063bb6c-4f30-11ed-808a-0242bebc0005'
    'x-ms-version': 'REDACTED'
    'x-ms-content-crc64': 'REDACTED'
    'x-ms-request-server-encrypted': 'REDACTED'
    'Date': 'Tue, 18 Oct 2022 22:03:25 GMT'
[2022-10-18 22:03:25,663] {_universal.py:473} INFO - Request URL: 'https://atacananews.blob.core.windows.net/atacana-blob-container/lung-cancer/clinical-trials/20221018/rg-7446/lung-cancer_clinical-trials_20221018_rg-7446_NCT05538091.json'
Request method: 'PUT'
Request headers:
    'Content-Length': '705'
    'x-ms-blob-type': 'REDACTED'
    'x-ms-version': 'REDACTED'
    'Content-Type': 'application/octet-stream'
    'Accept': 'application/xml'
    'User-Agent': 'azsdk-python-storage-blob/12.13.1 Python/3.8.15 (Linux-5.10.124-linuxkit-aarch64-with-glibc2.17)'
    'x-ms-date': 'REDACTED'
    'x-ms-client-request-id': 'b0813a70-4f30-11ed-808a-0242bebc0005'
    'Authorization': 'REDACTED'
A body is sent with the request
[2022-10-18 22:03:25,850] {_universal.py:504} INFO - Response status: 201
Response headers:
    'Content-Length': '0'
    'Content-MD5': 'REDACTED'
    'Last-Modified': 'Tue, 18 Oct 2022 22:03:25 GMT'
    'ETag': '"0x8DAB15494D8EB29"'
    'Server': 'Windows-Azure-Blob/1.0 Microsoft-HTTPAPI/2.0'
    'x-ms-request-id': 'b0a4d2e2-701e-0019-513d-e33fbc000000'
    'x-ms-client-request-id': 'b0813a70-4f30-11ed-808a-0242bebc0005'
    'x-ms-version': 'REDACTED'
    'x-ms-content-crc64': 'REDACTED'
    'x-ms-request-server-encrypted': 'REDACTED'
    'Date': 'Tue, 18 Oct 2022 22:03:25 GMT'
[2022-10-18 22:03:25,853] {_universal.py:473} INFO - Request URL: 'https://atacananews.blob.core.windows.net/atacana-blob-container/lung-cancer/clinical-trials/20221018/rg-7446/lung-cancer_clinical-trials_20221018_rg-7446_NCT05470595.json'
Request method: 'PUT'
Request headers:
    'Content-Length': '623'
    'x-ms-blob-type': 'REDACTED'
    'x-ms-version': 'REDACTED'
    'Content-Type': 'application/octet-stream'
    'Accept': 'application/xml'
    'User-Agent': 'azsdk-python-storage-blob/12.13.1 Python/3.8.15 (Linux-5.10.124-linuxkit-aarch64-with-glibc2.17)'
    'x-ms-date': 'REDACTED'
    'x-ms-client-request-id': 'b09e2a2c-4f30-11ed-808a-0242bebc0005'
    'Authorization': 'REDACTED'
A body is sent with the request
[2022-10-18 22:03:26,039] {_universal.py:504} INFO - Response status: 201
Response headers:
    'Content-Length': '0'
    'Content-MD5': 'REDACTED'
    'Last-Modified': 'Tue, 18 Oct 2022 22:03:26 GMT'
    'ETag': '"0x8DAB15494F5219B"'
    'Server': 'Windows-Azure-Blob/1.0 Microsoft-HTTPAPI/2.0'
    'x-ms-request-id': 'b0a4d43b-701e-0019-1d3d-e33fbc000000'
    'x-ms-client-request-id': 'b09e2a2c-4f30-11ed-808a-0242bebc0005'
    'x-ms-version': 'REDACTED'
    'x-ms-content-crc64': 'REDACTED'
    'x-ms-request-server-encrypted': 'REDACTED'
    'Date': 'Tue, 18 Oct 2022 22:03:25 GMT'
[2022-10-18 22:03:26,041] {_universal.py:473} INFO - Request URL: 'https://atacananews.blob.core.windows.net/atacana-blob-container/lung-cancer/clinical-trials/20221018/rg-7446/lung-cancer_clinical-trials_20221018_rg-7446_NCT05546879.json'
Request method: 'PUT'
Request headers:
    'Content-Length': '647'
    'x-ms-blob-type': 'REDACTED'
    'x-ms-version': 'REDACTED'
    'Content-Type': 'application/octet-stream'
    'Accept': 'application/xml'
    'User-Agent': 'azsdk-python-storage-blob/12.13.1 Python/3.8.15 (Linux-5.10.124-linuxkit-aarch64-with-glibc2.17)'
    'x-ms-date': 'REDACTED'
    'x-ms-client-request-id': 'b0baed7e-4f30-11ed-808a-0242bebc0005'
    'Authorization': 'REDACTED'
A body is sent with the request
[2022-10-18 22:03:26,225] {_universal.py:504} INFO - Response status: 201
Response headers:
    'Content-Length': '0'
    'Content-MD5': 'REDACTED'
    'Last-Modified': 'Tue, 18 Oct 2022 22:03:26 GMT'
    'ETag': '"0x8DAB1549511CD2D"'
    'Server': 'Windows-Azure-Blob/1.0 Microsoft-HTTPAPI/2.0'
    'x-ms-request-id': 'b0a4d592-701e-0019-693d-e33fbc000000'
    'x-ms-client-request-id': 'b0baed7e-4f30-11ed-808a-0242bebc0005'
    'x-ms-version': 'REDACTED'
    'x-ms-content-crc64': 'REDACTED'
    'x-ms-request-server-encrypted': 'REDACTED'
    'Date': 'Tue, 18 Oct 2022 22:03:25 GMT'
[2022-10-18 22:03:26,232] {_universal.py:473} INFO - Request URL: 'https://atacananews.blob.core.windows.net/atacana-blob-container/lung-cancer/clinical-trials/20221018/rg-7446/lung-cancer_clinical-trials_20221018_rg-7446_NCT05564416.json'
Request method: 'PUT'
Request headers:
    'Content-Length': '1022'
    'x-ms-blob-type': 'REDACTED'
    'x-ms-version': 'REDACTED'
    'Content-Type': 'application/octet-stream'
    'Accept': 'application/xml'
    'User-Agent': 'azsdk-python-storage-blob/12.13.1 Python/3.8.15 (Linux-5.10.124-linuxkit-aarch64-with-glibc2.17)'
    'x-ms-date': 'REDACTED'
    'x-ms-client-request-id': 'b0d7fc34-4f30-11ed-808a-0242bebc0005'
    'Authorization': 'REDACTED'
A body is sent with the request
[2022-10-18 22:03:26,443] {_universal.py:504} INFO - Response status: 201
Response headers:
    'Content-Length': '0'
    'Content-MD5': 'REDACTED'
    'Last-Modified': 'Tue, 18 Oct 2022 22:03:26 GMT'
    'ETag': '"0x8DAB1549531106D"'
    'Server': 'Windows-Azure-Blob/1.0 Microsoft-HTTPAPI/2.0'
    'x-ms-request-id': 'b0a4d6d4-701e-0019-213d-e33fbc000000'
    'x-ms-client-request-id': 'b0d7fc34-4f30-11ed-808a-0242bebc0005'
    'x-ms-version': 'REDACTED'
    'x-ms-content-crc64': 'REDACTED'
    'x-ms-request-server-encrypted': 'REDACTED'
    'Date': 'Tue, 18 Oct 2022 22:03:25 GMT'
[2022-10-18 22:03:26,456] {_universal.py:473} INFO - Request URL: 'https://atacananews.blob.core.windows.net/atacana-blob-container/lung-cancer/clinical-trials/20221018/rg-7446/lung-cancer_clinical-trials_20221018_rg-7446_NCT05510427.json'
Request method: 'PUT'
Request headers:
    'Content-Length': '699'
    'x-ms-blob-type': 'REDACTED'
    'x-ms-version': 'REDACTED'
    'Content-Type': 'application/octet-stream'
    'Accept': 'application/xml'
    'User-Agent': 'azsdk-python-storage-blob/12.13.1 Python/3.8.15 (Linux-5.10.124-linuxkit-aarch64-with-glibc2.17)'
    'x-ms-date': 'REDACTED'
    'x-ms-client-request-id': 'b0fa22be-4f30-11ed-808a-0242bebc0005'
    'Authorization': 'REDACTED'
A body is sent with the request
[2022-10-18 22:03:26,664] {_universal.py:504} INFO - Response status: 201
Response headers:
    'Content-Length': '0'
    'Content-MD5': 'REDACTED'
    'Last-Modified': 'Tue, 18 Oct 2022 22:03:26 GMT'
    'ETag': '"0x8DAB1549553AE94"'
    'Server': 'Windows-Azure-Blob/1.0 Microsoft-HTTPAPI/2.0'
    'x-ms-request-id': 'b0a4d861-701e-0019-213d-e33fbc000000'
    'x-ms-client-request-id': 'b0fa22be-4f30-11ed-808a-0242bebc0005'
    'x-ms-version': 'REDACTED'
    'x-ms-content-crc64': 'REDACTED'
    'x-ms-request-server-encrypted': 'REDACTED'
    'Date': 'Tue, 18 Oct 2022 22:03:26 GMT'
[2022-10-18 22:03:26,668] {_universal.py:473} INFO - Request URL: 'https://atacananews.blob.core.windows.net/atacana-blob-container/lung-cancer/clinical-trials/20221018/rg-7446/lung-cancer_clinical-trials_20221018_rg-7446_NCT05487235.json'
Request method: 'PUT'
Request headers:
    'Content-Length': '665'
    'x-ms-blob-type': 'REDACTED'
    'x-ms-version': 'REDACTED'
    'Content-Type': 'application/octet-stream'
    'Accept': 'application/xml'
    'User-Agent': 'azsdk-python-storage-blob/12.13.1 Python/3.8.15 (Linux-5.10.124-linuxkit-aarch64-with-glibc2.17)'
    'x-ms-date': 'REDACTED'
    'x-ms-client-request-id': 'b11a92ba-4f30-11ed-808a-0242bebc0005'
    'Authorization': 'REDACTED'
A body is sent with the request
[2022-10-18 22:03:26,860] {_universal.py:504} INFO - Response status: 201
Response headers:
    'Content-Length': '0'
    'Content-MD5': 'REDACTED'
    'Last-Modified': 'Tue, 18 Oct 2022 22:03:26 GMT'
    'ETag': '"0x8DAB1549570F65D"'
    'Server': 'Windows-Azure-Blob/1.0 Microsoft-HTTPAPI/2.0'
    'x-ms-request-id': 'b0a4d979-701e-0019-2f3d-e33fbc000000'
    'x-ms-client-request-id': 'b11a92ba-4f30-11ed-808a-0242bebc0005'
    'x-ms-version': 'REDACTED'
    'x-ms-content-crc64': 'REDACTED'
    'x-ms-request-server-encrypted': 'REDACTED'
    'Date': 'Tue, 18 Oct 2022 22:03:26 GMT'
[2022-10-18 22:03:26,863] {_universal.py:473} INFO - Request URL: 'https://atacananews.blob.core.windows.net/atacana-blob-container/lung-cancer/clinical-trials/20221018/rg-7446/lung-cancer_clinical-trials_20221018_rg-7446_NCT05528952.json'
Request method: 'PUT'
Request headers:
    'Content-Length': '723'
    'x-ms-blob-type': 'REDACTED'
    'x-ms-version': 'REDACTED'
    'Content-Type': 'application/octet-stream'
    'Accept': 'application/xml'
    'User-Agent': 'azsdk-python-storage-blob/12.13.1 Python/3.8.15 (Linux-5.10.124-linuxkit-aarch64-with-glibc2.17)'
    'x-ms-date': 'REDACTED'
    'x-ms-client-request-id': 'b1383eb4-4f30-11ed-808a-0242bebc0005'
    'Authorization': 'REDACTED'
A body is sent with the request
[2022-10-18 22:03:27,055] {_universal.py:504} INFO - Response status: 201
Response headers:
    'Content-Length': '0'
    'Content-MD5': 'REDACTED'
    'Last-Modified': 'Tue, 18 Oct 2022 22:03:27 GMT'
    'ETag': '"0x8DAB154958F9D65"'
    'Server': 'Windows-Azure-Blob/1.0 Microsoft-HTTPAPI/2.0'
    'x-ms-request-id': 'b0a4dada-701e-0019-043d-e33fbc000000'
    'x-ms-client-request-id': 'b1383eb4-4f30-11ed-808a-0242bebc0005'
    'x-ms-version': 'REDACTED'
    'x-ms-content-crc64': 'REDACTED'
    'x-ms-request-server-encrypted': 'REDACTED'
    'Date': 'Tue, 18 Oct 2022 22:03:26 GMT'
[2022-10-18 22:03:27,078] {_universal.py:473} INFO - Request URL: 'https://atacananews.blob.core.windows.net/atacana-blob-container/lung-cancer/clinical-trials/20221018/rg-7446/lung-cancer_clinical-trials_20221018_rg-7446_NCT05581004.json'
Request method: 'PUT'
Request headers:
    'Content-Length': '809'
    'x-ms-blob-type': 'REDACTED'
    'x-ms-version': 'REDACTED'
    'Content-Type': 'application/octet-stream'
    'Accept': 'application/xml'
    'User-Agent': 'azsdk-python-storage-blob/12.13.1 Python/3.8.15 (Linux-5.10.124-linuxkit-aarch64-with-glibc2.17)'
    'x-ms-date': 'REDACTED'
    'x-ms-client-request-id': 'b15803b6-4f30-11ed-808a-0242bebc0005'
    'Authorization': 'REDACTED'
A body is sent with the request
[2022-10-18 22:03:27,263] {_universal.py:504} INFO - Response status: 201
Response headers:
    'Content-Length': '0'
    'Content-MD5': 'REDACTED'
    'Last-Modified': 'Tue, 18 Oct 2022 22:03:27 GMT'
    'ETag': '"0x8DAB15495B018FC"'
    'Server': 'Windows-Azure-Blob/1.0 Microsoft-HTTPAPI/2.0'
    'x-ms-request-id': 'b0a4dc38-701e-0019-513d-e33fbc000000'
    'x-ms-client-request-id': 'b15803b6-4f30-11ed-808a-0242bebc0005'
    'x-ms-version': 'REDACTED'
    'x-ms-content-crc64': 'REDACTED'
    'x-ms-request-server-encrypted': 'REDACTED'
    'Date': 'Tue, 18 Oct 2022 22:03:26 GMT'
[2022-10-18 22:03:27,267] {_universal.py:473} INFO - Request URL: 'https://atacananews.blob.core.windows.net/atacana-blob-container/lung-cancer/clinical-trials/20221018/rg-7446/lung-cancer_clinical-trials_20221018_rg-7446_NCT05468359.json'
Request method: 'PUT'
Request headers:
    'Content-Length': '730'
    'x-ms-blob-type': 'REDACTED'
    'x-ms-version': 'REDACTED'
    'Content-Type': 'application/octet-stream'
    'Accept': 'application/xml'
    'User-Agent': 'azsdk-python-storage-blob/12.13.1 Python/3.8.15 (Linux-5.10.124-linuxkit-aarch64-with-glibc2.17)'
    'x-ms-date': 'REDACTED'
    'x-ms-client-request-id': 'b175eaac-4f30-11ed-808a-0242bebc0005'
    'Authorization': 'REDACTED'
A body is sent with the request
[2022-10-18 22:03:27,453] {_universal.py:504} INFO - Response status: 201
Response headers:
    'Content-Length': '0'
    'Content-MD5': 'REDACTED'
    'Last-Modified': 'Tue, 18 Oct 2022 22:03:27 GMT'
    'ETag': '"0x8DAB15495CD12A8"'
    'Server': 'Windows-Azure-Blob/1.0 Microsoft-HTTPAPI/2.0'
    'x-ms-request-id': 'b0a4dd72-701e-0019-743d-e33fbc000000'
    'x-ms-client-request-id': 'b175eaac-4f30-11ed-808a-0242bebc0005'
    'x-ms-version': 'REDACTED'
    'x-ms-content-crc64': 'REDACTED'
    'x-ms-request-server-encrypted': 'REDACTED'
    'Date': 'Tue, 18 Oct 2022 22:03:26 GMT'
[2022-10-18 22:03:27,455] {_universal.py:473} INFO - Request URL: 'https://atacananews.blob.core.windows.net/atacana-blob-container/lung-cancer/clinical-trials/20221018/rg-7446/lung-cancer_clinical-trials_20221018_rg-7446_NCT05488522.json'
Request method: 'PUT'
Request headers:
    'Content-Length': '529'
    'x-ms-blob-type': 'REDACTED'
    'x-ms-version': 'REDACTED'
    'Content-Type': 'application/octet-stream'
    'Accept': 'application/xml'
    'User-Agent': 'azsdk-python-storage-blob/12.13.1 Python/3.8.15 (Linux-5.10.124-linuxkit-aarch64-with-glibc2.17)'
    'x-ms-date': 'REDACTED'
    'x-ms-client-request-id': 'b192a9bc-4f30-11ed-808a-0242bebc0005'
    'Authorization': 'REDACTED'
A body is sent with the request
[2022-10-18 22:03:27,644] {_universal.py:504} INFO - Response status: 201
Response headers:
    'Content-Length': '0'
    'Content-MD5': 'REDACTED'
    'Last-Modified': 'Tue, 18 Oct 2022 22:03:27 GMT'
    'ETag': '"0x8DAB15495EA0C56"'
    'Server': 'Windows-Azure-Blob/1.0 Microsoft-HTTPAPI/2.0'
    'x-ms-request-id': 'b0a4deba-701e-0019-2f3d-e33fbc000000'
    'x-ms-client-request-id': 'b192a9bc-4f30-11ed-808a-0242bebc0005'
    'x-ms-version': 'REDACTED'
    'x-ms-content-crc64': 'REDACTED'
    'x-ms-request-server-encrypted': 'REDACTED'
    'Date': 'Tue, 18 Oct 2022 22:03:27 GMT'
[2022-10-18 22:03:27,652] {_universal.py:473} INFO - Request URL: 'https://atacananews.blob.core.windows.net/atacana-blob-container/lung-cancer/clinical-trials/20221018/rg-7446/lung-cancer_clinical-trials_20221018_rg-7446_NCT05468489.json'
Request method: 'PUT'
Request headers:
    'Content-Length': '655'
    'x-ms-blob-type': 'REDACTED'
    'x-ms-version': 'REDACTED'
    'Content-Type': 'application/octet-stream'
    'Accept': 'application/xml'
    'User-Agent': 'azsdk-python-storage-blob/12.13.1 Python/3.8.15 (Linux-5.10.124-linuxkit-aarch64-with-glibc2.17)'
    'x-ms-date': 'REDACTED'
    'x-ms-client-request-id': 'b1b0bb1e-4f30-11ed-808a-0242bebc0005'
    'Authorization': 'REDACTED'
A body is sent with the request
[2022-10-18 22:03:27,853] {_universal.py:504} INFO - Response status: 201
Response headers:
    'Content-Length': '0'
    'Content-MD5': 'REDACTED'
    'Last-Modified': 'Tue, 18 Oct 2022 22:03:27 GMT'
    'ETag': '"0x8DAB1549609EBB5"'
    'Server': 'Windows-Azure-Blob/1.0 Microsoft-HTTPAPI/2.0'
    'x-ms-request-id': 'b0a4e009-701e-0019-723d-e33fbc000000'
    'x-ms-client-request-id': 'b1b0bb1e-4f30-11ed-808a-0242bebc0005'
    'x-ms-version': 'REDACTED'
    'x-ms-content-crc64': 'REDACTED'
    'x-ms-request-server-encrypted': 'REDACTED'
    'Date': 'Tue, 18 Oct 2022 22:03:27 GMT'
[2022-10-18 22:03:27,867] {_universal.py:473} INFO - Request URL: 'https://atacananews.blob.core.windows.net/atacana-blob-container/lung-cancer/clinical-trials/20221018/rg-7446/lung-cancer_clinical-trials_20221018_rg-7446_NCT05537402.json'
Request method: 'PUT'
Request headers:
    'Content-Length': '682'
    'x-ms-blob-type': 'REDACTED'
    'x-ms-version': 'REDACTED'
    'Content-Type': 'application/octet-stream'
    'Accept': 'application/xml'
    'User-Agent': 'azsdk-python-storage-blob/12.13.1 Python/3.8.15 (Linux-5.10.124-linuxkit-aarch64-with-glibc2.17)'
    'x-ms-date': 'REDACTED'
    'x-ms-client-request-id': 'b1d18484-4f30-11ed-808a-0242bebc0005'
    'Authorization': 'REDACTED'
A body is sent with the request
[2022-10-18 22:03:28,071] {_universal.py:504} INFO - Response status: 201
Response headers:
    'Content-Length': '0'
    'Content-MD5': 'REDACTED'
    'Last-Modified': 'Tue, 18 Oct 2022 22:03:28 GMT'
    'ETag': '"0x8DAB154962AB561"'
    'Server': 'Windows-Azure-Blob/1.0 Microsoft-HTTPAPI/2.0'
    'x-ms-request-id': 'b0a4e151-701e-0019-2c3d-e33fbc000000'
    'x-ms-client-request-id': 'b1d18484-4f30-11ed-808a-0242bebc0005'
    'x-ms-version': 'REDACTED'
    'x-ms-content-crc64': 'REDACTED'
    'x-ms-request-server-encrypted': 'REDACTED'
    'Date': 'Tue, 18 Oct 2022 22:03:27 GMT'
[2022-10-18 22:03:28,074] {_universal.py:473} INFO - Request URL: 'https://atacananews.blob.core.windows.net/atacana-blob-container/lung-cancer/clinical-trials/20221018/rg-7446/lung-cancer_clinical-trials_20221018_rg-7446_NCT05492123.json'
Request method: 'PUT'
Request headers:
    'Content-Length': '640'
    'x-ms-blob-type': 'REDACTED'
    'x-ms-version': 'REDACTED'
    'Content-Type': 'application/octet-stream'
    'Accept': 'application/xml'
    'User-Agent': 'azsdk-python-storage-blob/12.13.1 Python/3.8.15 (Linux-5.10.124-linuxkit-aarch64-with-glibc2.17)'
    'x-ms-date': 'REDACTED'
    'x-ms-client-request-id': 'b1f104bc-4f30-11ed-808a-0242bebc0005'
    'Authorization': 'REDACTED'
A body is sent with the request
[2022-10-18 22:03:28,259] {_universal.py:504} INFO - Response status: 201
Response headers:
    'Content-Length': '0'
    'Content-MD5': 'REDACTED'
    'Last-Modified': 'Tue, 18 Oct 2022 22:03:28 GMT'
    'ETag': '"0x8DAB1549647FD29"'
    'Server': 'Windows-Azure-Blob/1.0 Microsoft-HTTPAPI/2.0'
    'x-ms-request-id': 'b0a4e297-701e-0019-683d-e33fbc000000'
    'x-ms-client-request-id': 'b1f104bc-4f30-11ed-808a-0242bebc0005'
    'x-ms-version': 'REDACTED'
    'x-ms-content-crc64': 'REDACTED'
    'x-ms-request-server-encrypted': 'REDACTED'
    'Date': 'Tue, 18 Oct 2022 22:03:27 GMT'
[2022-10-18 22:03:28,262] {_universal.py:473} INFO - Request URL: 'https://atacananews.blob.core.windows.net/atacana-blob-container/lung-cancer/clinical-trials/20221018/rg-7446/lung-cancer_clinical-trials_20221018_rg-7446_NCT05549297.json'
Request method: 'PUT'
Request headers:
    'Content-Length': '598'
    'x-ms-blob-type': 'REDACTED'
    'x-ms-version': 'REDACTED'
    'Content-Type': 'application/octet-stream'
    'Accept': 'application/xml'
    'User-Agent': 'azsdk-python-storage-blob/12.13.1 Python/3.8.15 (Linux-5.10.124-linuxkit-aarch64-with-glibc2.17)'
    'x-ms-date': 'REDACTED'
    'x-ms-client-request-id': 'b20dc4c6-4f30-11ed-808a-0242bebc0005'
    'Authorization': 'REDACTED'
A body is sent with the request
[2022-10-18 22:03:28,468] {_universal.py:504} INFO - Response status: 201
Response headers:
    'Content-Length': '0'
    'Content-MD5': 'REDACTED'
    'Last-Modified': 'Tue, 18 Oct 2022 22:03:28 GMT'
    'ETag': '"0x8DAB154966481A2"'
    'Server': 'Windows-Azure-Blob/1.0 Microsoft-HTTPAPI/2.0'
    'x-ms-request-id': 'b0a4e3c0-701e-0019-0b3d-e33fbc000000'
    'x-ms-client-request-id': 'b20dc4c6-4f30-11ed-808a-0242bebc0005'
    'x-ms-version': 'REDACTED'
    'x-ms-content-crc64': 'REDACTED'
    'x-ms-request-server-encrypted': 'REDACTED'
    'Date': 'Tue, 18 Oct 2022 22:03:27 GMT'
[2022-10-18 22:03:28,472] {python.py:173} INFO - Done. Returned value was: None
[2022-10-18 22:03:28,482] {taskinstance.py:1395} INFO - Marking task as SUCCESS. dag_id=clinical_trials__lung_cancer__etl__20220109, task_id=load_data_to_blob_storage_task, map_index=51, execution_date=20221018T200000, start_date=20221018T220323, end_date=20221018T220328
[2022-10-18 22:03:28,506] {local_task_job.py:156} INFO - Task exited with return code 0
[2022-10-18 22:03:28,549] {local_task_job.py:273} INFO - 0 downstream tasks scheduled from follow-on schedule check
