[2022-10-18 20:01:40,879] {taskinstance.py:1159} INFO - Dependencies all met for <TaskInstance: clinical_trials__lung_cancer__etl__20220109.load_data_to_blob_storage_task scheduled__2022-10-18T18:00:00+00:00 map_index=35 [queued]>
[2022-10-18 20:01:40,887] {taskinstance.py:1159} INFO - Dependencies all met for <TaskInstance: clinical_trials__lung_cancer__etl__20220109.load_data_to_blob_storage_task scheduled__2022-10-18T18:00:00+00:00 map_index=35 [queued]>
[2022-10-18 20:01:40,888] {taskinstance.py:1356} INFO - 
--------------------------------------------------------------------------------
[2022-10-18 20:01:40,889] {taskinstance.py:1357} INFO - Starting attempt 1 of 1
[2022-10-18 20:01:40,890] {taskinstance.py:1358} INFO - 
--------------------------------------------------------------------------------
[2022-10-18 20:01:40,897] {taskinstance.py:1377} INFO - Executing <Mapped(_PythonDecoratedOperator): load_data_to_blob_storage_task> on 2022-10-18 18:00:00+00:00
[2022-10-18 20:01:40,901] {standard_task_runner.py:52} INFO - Started process 4783 to run task
[2022-10-18 20:01:40,904] {standard_task_runner.py:79} INFO - Running: ['airflow', 'tasks', 'run', 'clinical_trials__lung_cancer__etl__20220109', 'load_data_to_blob_storage_task', 'scheduled__2022-10-18T18:00:00+00:00', '--job-id', '570', '--raw', '--subdir', 'DAGS_FOLDER/process_news_dags.py', '--cfg-path', '/tmp/tmpdl2eyamq', '--map-index', '35', '--error-file', '/tmp/tmpnfz66ivi']
[2022-10-18 20:01:40,905] {standard_task_runner.py:80} INFO - Job 570: Subtask load_data_to_blob_storage_task
[2022-10-18 20:01:40,916] {logging_mixin.py:115} WARNING - /root/.cache/pypoetry/virtualenvs/***-tXitOD5F-py3.8/lib/python3.8/site-packages/airflow/configuration.py:525 DeprecationWarning: The sql_alchemy_conn option in [core] has been moved to the sql_alchemy_conn option in [database] - the old setting has been used, but please update your config.
[2022-10-18 20:01:40,942] {task_command.py:370} INFO - Running <TaskInstance: clinical_trials__lung_cancer__etl__20220109.load_data_to_blob_storage_task scheduled__2022-10-18T18:00:00+00:00 map_index=35 [running]> on host 6cdf6d517dc4
[2022-10-18 20:01:40,981] {taskinstance.py:1569} INFO - Exporting the following env vars:
AIRFLOW_CTX_DAG_EMAIL=wais@datakimia.com,david@datakimia.com,juanm@datakimia.com,tomas@datakimia.com
AIRFLOW_CTX_DAG_OWNER=atacana
AIRFLOW_CTX_DAG_ID=clinical_trials__lung_cancer__etl__20220109
AIRFLOW_CTX_TASK_ID=load_data_to_blob_storage_task
AIRFLOW_CTX_EXECUTION_DATE=2022-10-18T18:00:00+00:00
AIRFLOW_CTX_TRY_NUMBER=1
AIRFLOW_CTX_DAG_RUN_ID=scheduled__2022-10-18T18:00:00+00:00
[2022-10-18 20:01:40,983] {process_news_dag_factory.py:105} INFO - Reading temp file: lung-cancer_clinical-trials_mpdl-3280a_20221018-18_df.json
[2022-10-18 20:01:40,995] {helpers.py:114} INFO - Going to save clinical_trials data..
[2022-10-18 20:01:40,997] {helpers.py:115} INFO -                                                title  ...                  updated_at
0  Open Label Phase 2 Basket Trial With Atezolizu...  ...  2022-10-18 20:00:47.736000
1  ONC201 and Atezolizumab in Obesity-Driven Endo...  ...  2022-10-18 20:00:47.736000
2  Investigate the Contribution of Ipatasertib to...  ...  2022-10-18 20:00:47.736000
3     Atezolizumab for Idiopathic Pulmonary Fibrosis  ...  2022-10-18 20:00:47.736000
4  Deep, Multi-omics Phenotyping to Predict Respo...  ...  2022-10-18 20:00:47.736000

[5 rows x 13 columns]
[2022-10-18 20:01:41,004] {helpers.py:116} INFO - Index(['title', 'link', 'id', 'published_at', 'conditions', 'intervention',
       'publisher', 'status', 'source', 'keyword', 'indication',
       'therapeutic_area', 'updated_at'],
      dtype='object')
[2022-10-18 20:01:41,008] {_universal.py:473} INFO - Request URL: 'https://atacananews.blob.core.windows.net/atacana-blob-container/lung-cancer/clinical-trials/20221018/mpdl-3280a/lung-cancer_clinical-trials_20221018_mpdl-3280a_NCT05483400.json'
Request method: 'PUT'
Request headers:
    'Content-Length': '589'
    'x-ms-blob-type': 'REDACTED'
    'x-ms-version': 'REDACTED'
    'Content-Type': 'application/octet-stream'
    'Accept': 'application/xml'
    'User-Agent': 'azsdk-python-storage-blob/12.13.1 Python/3.8.15 (Linux-5.10.124-linuxkit-aarch64-with-glibc2.17)'
    'x-ms-date': 'REDACTED'
    'x-ms-client-request-id': 'ae973f68-4f1f-11ed-af93-0242bebc0005'
    'Authorization': 'REDACTED'
A body is sent with the request
[2022-10-18 20:01:41,761] {_universal.py:504} INFO - Response status: 201
Response headers:
    'Content-Length': '0'
    'Content-MD5': 'REDACTED'
    'Last-Modified': 'Tue, 18 Oct 2022 20:01:41 GMT'
    'ETag': '"0x8DAB1439340A5B6"'
    'Server': 'Windows-Azure-Blob/1.0 Microsoft-HTTPAPI/2.0'
    'x-ms-request-id': '0d25cccb-f01e-0017-612c-e3160c000000'
    'x-ms-client-request-id': 'ae973f68-4f1f-11ed-af93-0242bebc0005'
    'x-ms-version': 'REDACTED'
    'x-ms-content-crc64': 'REDACTED'
    'x-ms-request-server-encrypted': 'REDACTED'
    'Date': 'Tue, 18 Oct 2022 20:01:41 GMT'
[2022-10-18 20:01:41,763] {_universal.py:473} INFO - Request URL: 'https://atacananews.blob.core.windows.net/atacana-blob-container/lung-cancer/clinical-trials/20221018/mpdl-3280a/lung-cancer_clinical-trials_20221018_mpdl-3280a_NCT05542407.json'
Request method: 'PUT'
Request headers:
    'Content-Length': '596'
    'x-ms-blob-type': 'REDACTED'
    'x-ms-version': 'REDACTED'
    'Content-Type': 'application/octet-stream'
    'Accept': 'application/xml'
    'User-Agent': 'azsdk-python-storage-blob/12.13.1 Python/3.8.15 (Linux-5.10.124-linuxkit-aarch64-with-glibc2.17)'
    'x-ms-date': 'REDACTED'
    'x-ms-client-request-id': 'af0a7b7c-4f1f-11ed-af93-0242bebc0005'
    'Authorization': 'REDACTED'
A body is sent with the request
[2022-10-18 20:01:41,953] {_universal.py:504} INFO - Response status: 201
Response headers:
    'Content-Length': '0'
    'Content-MD5': 'REDACTED'
    'Last-Modified': 'Tue, 18 Oct 2022 20:01:41 GMT'
    'ETag': '"0x8DAB143935DC660"'
    'Server': 'Windows-Azure-Blob/1.0 Microsoft-HTTPAPI/2.0'
    'x-ms-request-id': '0d25ce4c-f01e-0017-302c-e3160c000000'
    'x-ms-client-request-id': 'af0a7b7c-4f1f-11ed-af93-0242bebc0005'
    'x-ms-version': 'REDACTED'
    'x-ms-content-crc64': 'REDACTED'
    'x-ms-request-server-encrypted': 'REDACTED'
    'Date': 'Tue, 18 Oct 2022 20:01:41 GMT'
[2022-10-18 20:01:41,956] {_universal.py:473} INFO - Request URL: 'https://atacananews.blob.core.windows.net/atacana-blob-container/lung-cancer/clinical-trials/20221018/mpdl-3280a/lung-cancer_clinical-trials_20221018_mpdl-3280a_NCT05498896.json'
Request method: 'PUT'
Request headers:
    'Content-Length': '727'
    'x-ms-blob-type': 'REDACTED'
    'x-ms-version': 'REDACTED'
    'Content-Type': 'application/octet-stream'
    'Accept': 'application/xml'
    'User-Agent': 'azsdk-python-storage-blob/12.13.1 Python/3.8.15 (Linux-5.10.124-linuxkit-aarch64-with-glibc2.17)'
    'x-ms-date': 'REDACTED'
    'x-ms-client-request-id': 'af27dd5c-4f1f-11ed-af93-0242bebc0005'
    'Authorization': 'REDACTED'
A body is sent with the request
[2022-10-18 20:01:42,145] {_universal.py:504} INFO - Response status: 201
Response headers:
    'Content-Length': '0'
    'Content-MD5': 'REDACTED'
    'Last-Modified': 'Tue, 18 Oct 2022 20:01:42 GMT'
    'ETag': '"0x8DAB143937AE714"'
    'Server': 'Windows-Azure-Blob/1.0 Microsoft-HTTPAPI/2.0'
    'x-ms-request-id': '0d25cfaf-f01e-0017-702c-e3160c000000'
    'x-ms-client-request-id': 'af27dd5c-4f1f-11ed-af93-0242bebc0005'
    'x-ms-version': 'REDACTED'
    'x-ms-content-crc64': 'REDACTED'
    'x-ms-request-server-encrypted': 'REDACTED'
    'Date': 'Tue, 18 Oct 2022 20:01:42 GMT'
[2022-10-18 20:01:42,148] {_universal.py:473} INFO - Request URL: 'https://atacananews.blob.core.windows.net/atacana-blob-container/lung-cancer/clinical-trials/20221018/mpdl-3280a/lung-cancer_clinical-trials_20221018_mpdl-3280a_NCT05515627.json'
Request method: 'PUT'
Request headers:
    'Content-Length': '527'
    'x-ms-blob-type': 'REDACTED'
    'x-ms-version': 'REDACTED'
    'Content-Type': 'application/octet-stream'
    'Accept': 'application/xml'
    'User-Agent': 'azsdk-python-storage-blob/12.13.1 Python/3.8.15 (Linux-5.10.124-linuxkit-aarch64-with-glibc2.17)'
    'x-ms-date': 'REDACTED'
    'x-ms-client-request-id': 'af4542f2-4f1f-11ed-af93-0242bebc0005'
    'Authorization': 'REDACTED'
A body is sent with the request
[2022-10-18 20:01:42,344] {_universal.py:504} INFO - Response status: 201
Response headers:
    'Content-Length': '0'
    'Content-MD5': 'REDACTED'
    'Last-Modified': 'Tue, 18 Oct 2022 20:01:42 GMT'
    'ETag': '"0x8DAB14393994017"'
    'Server': 'Windows-Azure-Blob/1.0 Microsoft-HTTPAPI/2.0'
    'x-ms-request-id': '0d25d10f-f01e-0017-1c2c-e3160c000000'
    'x-ms-client-request-id': 'af4542f2-4f1f-11ed-af93-0242bebc0005'
    'x-ms-version': 'REDACTED'
    'x-ms-content-crc64': 'REDACTED'
    'x-ms-request-server-encrypted': 'REDACTED'
    'Date': 'Tue, 18 Oct 2022 20:01:42 GMT'
[2022-10-18 20:01:42,346] {_universal.py:473} INFO - Request URL: 'https://atacananews.blob.core.windows.net/atacana-blob-container/lung-cancer/clinical-trials/20221018/mpdl-3280a/lung-cancer_clinical-trials_20221018_mpdl-3280a_NCT05516628.json'
Request method: 'PUT'
Request headers:
    'Content-Length': '1139'
    'x-ms-blob-type': 'REDACTED'
    'x-ms-version': 'REDACTED'
    'Content-Type': 'application/octet-stream'
    'Accept': 'application/xml'
    'User-Agent': 'azsdk-python-storage-blob/12.13.1 Python/3.8.15 (Linux-5.10.124-linuxkit-aarch64-with-glibc2.17)'
    'x-ms-date': 'REDACTED'
    'x-ms-client-request-id': 'af63823a-4f1f-11ed-af93-0242bebc0005'
    'Authorization': 'REDACTED'
A body is sent with the request
[2022-10-18 20:01:42,537] {_universal.py:504} INFO - Response status: 201
Response headers:
    'Content-Length': '0'
    'Content-MD5': 'REDACTED'
    'Last-Modified': 'Tue, 18 Oct 2022 20:01:42 GMT'
    'ETag': '"0x8DAB14393B6AEDC"'
    'Server': 'Windows-Azure-Blob/1.0 Microsoft-HTTPAPI/2.0'
    'x-ms-request-id': '0d25d23a-f01e-0017-1f2c-e3160c000000'
    'x-ms-client-request-id': 'af63823a-4f1f-11ed-af93-0242bebc0005'
    'x-ms-version': 'REDACTED'
    'x-ms-content-crc64': 'REDACTED'
    'x-ms-request-server-encrypted': 'REDACTED'
    'Date': 'Tue, 18 Oct 2022 20:01:42 GMT'
[2022-10-18 20:01:42,543] {_universal.py:473} INFO - Request URL: 'https://atacananews.blob.core.windows.net/atacana-blob-container/lung-cancer/clinical-trials/20221018/mpdl-3280a/lung-cancer_clinical-trials_20221018_mpdl-3280a_NCT05538091.json'
Request method: 'PUT'
Request headers:
    'Content-Length': '711'
    'x-ms-blob-type': 'REDACTED'
    'x-ms-version': 'REDACTED'
    'Content-Type': 'application/octet-stream'
    'Accept': 'application/xml'
    'User-Agent': 'azsdk-python-storage-blob/12.13.1 Python/3.8.15 (Linux-5.10.124-linuxkit-aarch64-with-glibc2.17)'
    'x-ms-date': 'REDACTED'
    'x-ms-client-request-id': 'af8173f8-4f1f-11ed-af93-0242bebc0005'
    'Authorization': 'REDACTED'
A body is sent with the request
[2022-10-18 20:01:42,757] {_universal.py:504} INFO - Response status: 201
Response headers:
    'Content-Length': '0'
    'Content-MD5': 'REDACTED'
    'Last-Modified': 'Tue, 18 Oct 2022 20:01:42 GMT'
    'ETag': '"0x8DAB14393D5CB2A"'
    'Server': 'Windows-Azure-Blob/1.0 Microsoft-HTTPAPI/2.0'
    'x-ms-request-id': '0d25d38c-f01e-0017-502c-e3160c000000'
    'x-ms-client-request-id': 'af8173f8-4f1f-11ed-af93-0242bebc0005'
    'x-ms-version': 'REDACTED'
    'x-ms-content-crc64': 'REDACTED'
    'x-ms-request-server-encrypted': 'REDACTED'
    'Date': 'Tue, 18 Oct 2022 20:01:42 GMT'
[2022-10-18 20:01:42,760] {_universal.py:473} INFO - Request URL: 'https://atacananews.blob.core.windows.net/atacana-blob-container/lung-cancer/clinical-trials/20221018/mpdl-3280a/lung-cancer_clinical-trials_20221018_mpdl-3280a_NCT05470595.json'
Request method: 'PUT'
Request headers:
    'Content-Length': '629'
    'x-ms-blob-type': 'REDACTED'
    'x-ms-version': 'REDACTED'
    'Content-Type': 'application/octet-stream'
    'Accept': 'application/xml'
    'User-Agent': 'azsdk-python-storage-blob/12.13.1 Python/3.8.15 (Linux-5.10.124-linuxkit-aarch64-with-glibc2.17)'
    'x-ms-date': 'REDACTED'
    'x-ms-client-request-id': 'afa2ac3a-4f1f-11ed-af93-0242bebc0005'
    'Authorization': 'REDACTED'
A body is sent with the request
[2022-10-18 20:01:42,956] {_universal.py:504} INFO - Response status: 201
Response headers:
    'Content-Length': '0'
    'Content-MD5': 'REDACTED'
    'Last-Modified': 'Tue, 18 Oct 2022 20:01:42 GMT'
    'ETag': '"0x8DAB14393F646B1"'
    'Server': 'Windows-Azure-Blob/1.0 Microsoft-HTTPAPI/2.0'
    'x-ms-request-id': '0d25d50e-f01e-0017-272c-e3160c000000'
    'x-ms-client-request-id': 'afa2ac3a-4f1f-11ed-af93-0242bebc0005'
    'x-ms-version': 'REDACTED'
    'x-ms-content-crc64': 'REDACTED'
    'x-ms-request-server-encrypted': 'REDACTED'
    'Date': 'Tue, 18 Oct 2022 20:01:42 GMT'
[2022-10-18 20:01:42,960] {_universal.py:473} INFO - Request URL: 'https://atacananews.blob.core.windows.net/atacana-blob-container/lung-cancer/clinical-trials/20221018/mpdl-3280a/lung-cancer_clinical-trials_20221018_mpdl-3280a_NCT05546879.json'
Request method: 'PUT'
Request headers:
    'Content-Length': '653'
    'x-ms-blob-type': 'REDACTED'
    'x-ms-version': 'REDACTED'
    'Content-Type': 'application/octet-stream'
    'Accept': 'application/xml'
    'User-Agent': 'azsdk-python-storage-blob/12.13.1 Python/3.8.15 (Linux-5.10.124-linuxkit-aarch64-with-glibc2.17)'
    'x-ms-date': 'REDACTED'
    'x-ms-client-request-id': 'afc11152-4f1f-11ed-af93-0242bebc0005'
    'Authorization': 'REDACTED'
A body is sent with the request
[2022-10-18 20:01:43,152] {_universal.py:504} INFO - Response status: 201
Response headers:
    'Content-Length': '0'
    'Content-MD5': 'REDACTED'
    'Last-Modified': 'Tue, 18 Oct 2022 20:01:43 GMT'
    'ETag': '"0x8DAB1439414C6BD"'
    'Server': 'Windows-Azure-Blob/1.0 Microsoft-HTTPAPI/2.0'
    'x-ms-request-id': '0d25d65f-f01e-0017-472c-e3160c000000'
    'x-ms-client-request-id': 'afc11152-4f1f-11ed-af93-0242bebc0005'
    'x-ms-version': 'REDACTED'
    'x-ms-content-crc64': 'REDACTED'
    'x-ms-request-server-encrypted': 'REDACTED'
    'Date': 'Tue, 18 Oct 2022 20:01:43 GMT'
[2022-10-18 20:01:43,156] {_universal.py:473} INFO - Request URL: 'https://atacananews.blob.core.windows.net/atacana-blob-container/lung-cancer/clinical-trials/20221018/mpdl-3280a/lung-cancer_clinical-trials_20221018_mpdl-3280a_NCT05564416.json'
Request method: 'PUT'
Request headers:
    'Content-Length': '1028'
    'x-ms-blob-type': 'REDACTED'
    'x-ms-version': 'REDACTED'
    'Content-Type': 'application/octet-stream'
    'Accept': 'application/xml'
    'User-Agent': 'azsdk-python-storage-blob/12.13.1 Python/3.8.15 (Linux-5.10.124-linuxkit-aarch64-with-glibc2.17)'
    'x-ms-date': 'REDACTED'
    'x-ms-client-request-id': 'afdf0158-4f1f-11ed-af93-0242bebc0005'
    'Authorization': 'REDACTED'
A body is sent with the request
[2022-10-18 20:01:43,348] {_universal.py:504} INFO - Response status: 201
Response headers:
    'Content-Length': '0'
    'Content-MD5': 'REDACTED'
    'Last-Modified': 'Tue, 18 Oct 2022 20:01:43 GMT'
    'ETag': '"0x8DAB1439432AAA3"'
    'Server': 'Windows-Azure-Blob/1.0 Microsoft-HTTPAPI/2.0'
    'x-ms-request-id': '0d25d7cc-f01e-0017-0b2c-e3160c000000'
    'x-ms-client-request-id': 'afdf0158-4f1f-11ed-af93-0242bebc0005'
    'x-ms-version': 'REDACTED'
    'x-ms-content-crc64': 'REDACTED'
    'x-ms-request-server-encrypted': 'REDACTED'
    'Date': 'Tue, 18 Oct 2022 20:01:43 GMT'
[2022-10-18 20:01:43,350] {_universal.py:473} INFO - Request URL: 'https://atacananews.blob.core.windows.net/atacana-blob-container/lung-cancer/clinical-trials/20221018/mpdl-3280a/lung-cancer_clinical-trials_20221018_mpdl-3280a_NCT05510427.json'
Request method: 'PUT'
Request headers:
    'Content-Length': '705'
    'x-ms-blob-type': 'REDACTED'
    'x-ms-version': 'REDACTED'
    'Content-Type': 'application/octet-stream'
    'Accept': 'application/xml'
    'User-Agent': 'azsdk-python-storage-blob/12.13.1 Python/3.8.15 (Linux-5.10.124-linuxkit-aarch64-with-glibc2.17)'
    'x-ms-date': 'REDACTED'
    'x-ms-client-request-id': 'affcaadc-4f1f-11ed-af93-0242bebc0005'
    'Authorization': 'REDACTED'
A body is sent with the request
[2022-10-18 20:01:43,536] {_universal.py:504} INFO - Response status: 201
Response headers:
    'Content-Length': '0'
    'Content-MD5': 'REDACTED'
    'Last-Modified': 'Tue, 18 Oct 2022 20:01:43 GMT'
    'ETag': '"0x8DAB143944FA44D"'
    'Server': 'Windows-Azure-Blob/1.0 Microsoft-HTTPAPI/2.0'
    'x-ms-request-id': '0d25d941-f01e-0017-4b2c-e3160c000000'
    'x-ms-client-request-id': 'affcaadc-4f1f-11ed-af93-0242bebc0005'
    'x-ms-version': 'REDACTED'
    'x-ms-content-crc64': 'REDACTED'
    'x-ms-request-server-encrypted': 'REDACTED'
    'Date': 'Tue, 18 Oct 2022 20:01:43 GMT'
[2022-10-18 20:01:43,540] {_universal.py:473} INFO - Request URL: 'https://atacananews.blob.core.windows.net/atacana-blob-container/lung-cancer/clinical-trials/20221018/mpdl-3280a/lung-cancer_clinical-trials_20221018_mpdl-3280a_NCT05487235.json'
Request method: 'PUT'
Request headers:
    'Content-Length': '671'
    'x-ms-blob-type': 'REDACTED'
    'x-ms-version': 'REDACTED'
    'Content-Type': 'application/octet-stream'
    'Accept': 'application/xml'
    'User-Agent': 'azsdk-python-storage-blob/12.13.1 Python/3.8.15 (Linux-5.10.124-linuxkit-aarch64-with-glibc2.17)'
    'x-ms-date': 'REDACTED'
    'x-ms-client-request-id': 'b019967e-4f1f-11ed-af93-0242bebc0005'
    'Authorization': 'REDACTED'
A body is sent with the request
[2022-10-18 20:01:43,730] {_universal.py:504} INFO - Response status: 201
Response headers:
    'Content-Length': '0'
    'Content-MD5': 'REDACTED'
    'Last-Modified': 'Tue, 18 Oct 2022 20:01:43 GMT'
    'ETag': '"0x8DAB143946C9DED"'
    'Server': 'Windows-Azure-Blob/1.0 Microsoft-HTTPAPI/2.0'
    'x-ms-request-id': '0d25daad-f01e-0017-062c-e3160c000000'
    'x-ms-client-request-id': 'b019967e-4f1f-11ed-af93-0242bebc0005'
    'x-ms-version': 'REDACTED'
    'x-ms-content-crc64': 'REDACTED'
    'x-ms-request-server-encrypted': 'REDACTED'
    'Date': 'Tue, 18 Oct 2022 20:01:43 GMT'
[2022-10-18 20:01:43,733] {_universal.py:473} INFO - Request URL: 'https://atacananews.blob.core.windows.net/atacana-blob-container/lung-cancer/clinical-trials/20221018/mpdl-3280a/lung-cancer_clinical-trials_20221018_mpdl-3280a_NCT05528952.json'
Request method: 'PUT'
Request headers:
    'Content-Length': '729'
    'x-ms-blob-type': 'REDACTED'
    'x-ms-version': 'REDACTED'
    'Content-Type': 'application/octet-stream'
    'Accept': 'application/xml'
    'User-Agent': 'azsdk-python-storage-blob/12.13.1 Python/3.8.15 (Linux-5.10.124-linuxkit-aarch64-with-glibc2.17)'
    'x-ms-date': 'REDACTED'
    'x-ms-client-request-id': 'b037059c-4f1f-11ed-af93-0242bebc0005'
    'Authorization': 'REDACTED'
A body is sent with the request
[2022-10-18 20:01:43,922] {_universal.py:504} INFO - Response status: 201
Response headers:
    'Content-Length': '0'
    'Content-MD5': 'REDACTED'
    'Last-Modified': 'Tue, 18 Oct 2022 20:01:43 GMT'
    'ETag': '"0x8DAB143948A5ACA"'
    'Server': 'Windows-Azure-Blob/1.0 Microsoft-HTTPAPI/2.0'
    'x-ms-request-id': '0d25dc06-f01e-0017-312c-e3160c000000'
    'x-ms-client-request-id': 'b037059c-4f1f-11ed-af93-0242bebc0005'
    'x-ms-version': 'REDACTED'
    'x-ms-content-crc64': 'REDACTED'
    'x-ms-request-server-encrypted': 'REDACTED'
    'Date': 'Tue, 18 Oct 2022 20:01:43 GMT'
[2022-10-18 20:01:43,926] {_universal.py:473} INFO - Request URL: 'https://atacananews.blob.core.windows.net/atacana-blob-container/lung-cancer/clinical-trials/20221018/mpdl-3280a/lung-cancer_clinical-trials_20221018_mpdl-3280a_NCT05581004.json'
Request method: 'PUT'
Request headers:
    'Content-Length': '815'
    'x-ms-blob-type': 'REDACTED'
    'x-ms-version': 'REDACTED'
    'Content-Type': 'application/octet-stream'
    'Accept': 'application/xml'
    'User-Agent': 'azsdk-python-storage-blob/12.13.1 Python/3.8.15 (Linux-5.10.124-linuxkit-aarch64-with-glibc2.17)'
    'x-ms-date': 'REDACTED'
    'x-ms-client-request-id': 'b05490e4-4f1f-11ed-af93-0242bebc0005'
    'Authorization': 'REDACTED'
A body is sent with the request
[2022-10-18 20:01:44,131] {_universal.py:504} INFO - Response status: 201
Response headers:
    'Content-Length': '0'
    'Content-MD5': 'REDACTED'
    'Last-Modified': 'Tue, 18 Oct 2022 20:01:44 GMT'
    'ETag': '"0x8DAB14394A99E0D"'
    'Server': 'Windows-Azure-Blob/1.0 Microsoft-HTTPAPI/2.0'
    'x-ms-request-id': '0d25dd71-f01e-0017-6f2c-e3160c000000'
    'x-ms-client-request-id': 'b05490e4-4f1f-11ed-af93-0242bebc0005'
    'x-ms-version': 'REDACTED'
    'x-ms-content-crc64': 'REDACTED'
    'x-ms-request-server-encrypted': 'REDACTED'
    'Date': 'Tue, 18 Oct 2022 20:01:44 GMT'
[2022-10-18 20:01:44,143] {_universal.py:473} INFO - Request URL: 'https://atacananews.blob.core.windows.net/atacana-blob-container/lung-cancer/clinical-trials/20221018/mpdl-3280a/lung-cancer_clinical-trials_20221018_mpdl-3280a_NCT05468359.json'
Request method: 'PUT'
Request headers:
    'Content-Length': '736'
    'x-ms-blob-type': 'REDACTED'
    'x-ms-version': 'REDACTED'
    'Content-Type': 'application/octet-stream'
    'Accept': 'application/xml'
    'User-Agent': 'azsdk-python-storage-blob/12.13.1 Python/3.8.15 (Linux-5.10.124-linuxkit-aarch64-with-glibc2.17)'
    'x-ms-date': 'REDACTED'
    'x-ms-client-request-id': 'b075ab9e-4f1f-11ed-af93-0242bebc0005'
    'Authorization': 'REDACTED'
A body is sent with the request
[2022-10-18 20:01:44,332] {_universal.py:504} INFO - Response status: 201
Response headers:
    'Content-Length': '0'
    'Content-MD5': 'REDACTED'
    'Last-Modified': 'Tue, 18 Oct 2022 20:01:44 GMT'
    'ETag': '"0x8DAB14394C9085A"'
    'Server': 'Windows-Azure-Blob/1.0 Microsoft-HTTPAPI/2.0'
    'x-ms-request-id': '0d25deff-f01e-0017-482c-e3160c000000'
    'x-ms-client-request-id': 'b075ab9e-4f1f-11ed-af93-0242bebc0005'
    'x-ms-version': 'REDACTED'
    'x-ms-content-crc64': 'REDACTED'
    'x-ms-request-server-encrypted': 'REDACTED'
    'Date': 'Tue, 18 Oct 2022 20:01:44 GMT'
[2022-10-18 20:01:44,334] {_universal.py:473} INFO - Request URL: 'https://atacananews.blob.core.windows.net/atacana-blob-container/lung-cancer/clinical-trials/20221018/mpdl-3280a/lung-cancer_clinical-trials_20221018_mpdl-3280a_NCT05488522.json'
Request method: 'PUT'
Request headers:
    'Content-Length': '535'
    'x-ms-blob-type': 'REDACTED'
    'x-ms-version': 'REDACTED'
    'Content-Type': 'application/octet-stream'
    'Accept': 'application/xml'
    'User-Agent': 'azsdk-python-storage-blob/12.13.1 Python/3.8.15 (Linux-5.10.124-linuxkit-aarch64-with-glibc2.17)'
    'x-ms-date': 'REDACTED'
    'x-ms-client-request-id': 'b092db9c-4f1f-11ed-af93-0242bebc0005'
    'Authorization': 'REDACTED'
A body is sent with the request
[2022-10-18 20:01:44,526] {_universal.py:504} INFO - Response status: 201
Response headers:
    'Content-Length': '0'
    'Content-MD5': 'REDACTED'
    'Last-Modified': 'Tue, 18 Oct 2022 20:01:44 GMT'
    'ETag': '"0x8DAB14394E67722"'
    'Server': 'Windows-Azure-Blob/1.0 Microsoft-HTTPAPI/2.0'
    'x-ms-request-id': '0d25e032-f01e-0017-512c-e3160c000000'
    'x-ms-client-request-id': 'b092db9c-4f1f-11ed-af93-0242bebc0005'
    'x-ms-version': 'REDACTED'
    'x-ms-content-crc64': 'REDACTED'
    'x-ms-request-server-encrypted': 'REDACTED'
    'Date': 'Tue, 18 Oct 2022 20:01:44 GMT'
[2022-10-18 20:01:44,528] {_universal.py:473} INFO - Request URL: 'https://atacananews.blob.core.windows.net/atacana-blob-container/lung-cancer/clinical-trials/20221018/mpdl-3280a/lung-cancer_clinical-trials_20221018_mpdl-3280a_NCT05468489.json'
Request method: 'PUT'
Request headers:
    'Content-Length': '661'
    'x-ms-blob-type': 'REDACTED'
    'x-ms-version': 'REDACTED'
    'Content-Type': 'application/octet-stream'
    'Accept': 'application/xml'
    'User-Agent': 'azsdk-python-storage-blob/12.13.1 Python/3.8.15 (Linux-5.10.124-linuxkit-aarch64-with-glibc2.17)'
    'x-ms-date': 'REDACTED'
    'x-ms-client-request-id': 'b0b066a8-4f1f-11ed-af93-0242bebc0005'
    'Authorization': 'REDACTED'
A body is sent with the request
[2022-10-18 20:01:44,719] {_universal.py:504} INFO - Response status: 201
Response headers:
    'Content-Length': '0'
    'Content-MD5': 'REDACTED'
    'Last-Modified': 'Tue, 18 Oct 2022 20:01:44 GMT'
    'ETag': '"0x8DAB14395040CF7"'
    'Server': 'Windows-Azure-Blob/1.0 Microsoft-HTTPAPI/2.0'
    'x-ms-request-id': '0d25e18b-f01e-0017-7c2c-e3160c000000'
    'x-ms-client-request-id': 'b0b066a8-4f1f-11ed-af93-0242bebc0005'
    'x-ms-version': 'REDACTED'
    'x-ms-content-crc64': 'REDACTED'
    'x-ms-request-server-encrypted': 'REDACTED'
    'Date': 'Tue, 18 Oct 2022 20:01:44 GMT'
[2022-10-18 20:01:44,723] {_universal.py:473} INFO - Request URL: 'https://atacananews.blob.core.windows.net/atacana-blob-container/lung-cancer/clinical-trials/20221018/mpdl-3280a/lung-cancer_clinical-trials_20221018_mpdl-3280a_NCT05537402.json'
Request method: 'PUT'
Request headers:
    'Content-Length': '688'
    'x-ms-blob-type': 'REDACTED'
    'x-ms-version': 'REDACTED'
    'Content-Type': 'application/octet-stream'
    'Accept': 'application/xml'
    'User-Agent': 'azsdk-python-storage-blob/12.13.1 Python/3.8.15 (Linux-5.10.124-linuxkit-aarch64-with-glibc2.17)'
    'x-ms-date': 'REDACTED'
    'x-ms-client-request-id': 'b0ce1c20-4f1f-11ed-af93-0242bebc0005'
    'Authorization': 'REDACTED'
A body is sent with the request
[2022-10-18 20:01:44,914] {_universal.py:504} INFO - Response status: 201
Response headers:
    'Content-Length': '0'
    'Content-MD5': 'REDACTED'
    'Last-Modified': 'Tue, 18 Oct 2022 20:01:44 GMT'
    'ETag': '"0x8DAB14395217BC0"'
    'Server': 'Windows-Azure-Blob/1.0 Microsoft-HTTPAPI/2.0'
    'x-ms-request-id': '0d25e295-f01e-0017-592c-e3160c000000'
    'x-ms-client-request-id': 'b0ce1c20-4f1f-11ed-af93-0242bebc0005'
    'x-ms-version': 'REDACTED'
    'x-ms-content-crc64': 'REDACTED'
    'x-ms-request-server-encrypted': 'REDACTED'
    'Date': 'Tue, 18 Oct 2022 20:01:44 GMT'
[2022-10-18 20:01:44,919] {_universal.py:473} INFO - Request URL: 'https://atacananews.blob.core.windows.net/atacana-blob-container/lung-cancer/clinical-trials/20221018/mpdl-3280a/lung-cancer_clinical-trials_20221018_mpdl-3280a_NCT05492123.json'
Request method: 'PUT'
Request headers:
    'Content-Length': '646'
    'x-ms-blob-type': 'REDACTED'
    'x-ms-version': 'REDACTED'
    'Content-Type': 'application/octet-stream'
    'Accept': 'application/xml'
    'User-Agent': 'azsdk-python-storage-blob/12.13.1 Python/3.8.15 (Linux-5.10.124-linuxkit-aarch64-with-glibc2.17)'
    'x-ms-date': 'REDACTED'
    'x-ms-client-request-id': 'b0ec0604-4f1f-11ed-af93-0242bebc0005'
    'Authorization': 'REDACTED'
A body is sent with the request
[2022-10-18 20:01:45,210] {_universal.py:504} INFO - Response status: 201
Response headers:
    'Content-Length': '0'
    'Content-MD5': 'REDACTED'
    'Last-Modified': 'Tue, 18 Oct 2022 20:01:45 GMT'
    'ETag': '"0x8DAB143954E9FAF"'
    'Server': 'Windows-Azure-Blob/1.0 Microsoft-HTTPAPI/2.0'
    'x-ms-request-id': '0d25e3b1-f01e-0017-4a2c-e3160c000000'
    'x-ms-client-request-id': 'b0ec0604-4f1f-11ed-af93-0242bebc0005'
    'x-ms-version': 'REDACTED'
    'x-ms-content-crc64': 'REDACTED'
    'x-ms-request-server-encrypted': 'REDACTED'
    'Date': 'Tue, 18 Oct 2022 20:01:45 GMT'
[2022-10-18 20:01:45,215] {_universal.py:473} INFO - Request URL: 'https://atacananews.blob.core.windows.net/atacana-blob-container/lung-cancer/clinical-trials/20221018/mpdl-3280a/lung-cancer_clinical-trials_20221018_mpdl-3280a_NCT05549297.json'
Request method: 'PUT'
Request headers:
    'Content-Length': '604'
    'x-ms-blob-type': 'REDACTED'
    'x-ms-version': 'REDACTED'
    'Content-Type': 'application/octet-stream'
    'Accept': 'application/xml'
    'User-Agent': 'azsdk-python-storage-blob/12.13.1 Python/3.8.15 (Linux-5.10.124-linuxkit-aarch64-with-glibc2.17)'
    'x-ms-date': 'REDACTED'
    'x-ms-client-request-id': 'b1193fca-4f1f-11ed-af93-0242bebc0005'
    'Authorization': 'REDACTED'
A body is sent with the request
[2022-10-18 20:01:45,404] {_universal.py:504} INFO - Response status: 201
Response headers:
    'Content-Length': '0'
    'Content-MD5': 'REDACTED'
    'Last-Modified': 'Tue, 18 Oct 2022 20:01:45 GMT'
    'ETag': '"0x8DAB143956CAA9A"'
    'Server': 'Windows-Azure-Blob/1.0 Microsoft-HTTPAPI/2.0'
    'x-ms-request-id': '0d25e56e-f01e-0017-582c-e3160c000000'
    'x-ms-client-request-id': 'b1193fca-4f1f-11ed-af93-0242bebc0005'
    'x-ms-version': 'REDACTED'
    'x-ms-content-crc64': 'REDACTED'
    'x-ms-request-server-encrypted': 'REDACTED'
    'Date': 'Tue, 18 Oct 2022 20:01:45 GMT'
[2022-10-18 20:01:45,408] {python.py:173} INFO - Done. Returned value was: None
[2022-10-18 20:01:45,418] {taskinstance.py:1395} INFO - Marking task as SUCCESS. dag_id=clinical_trials__lung_cancer__etl__20220109, task_id=load_data_to_blob_storage_task, map_index=35, execution_date=20221018T180000, start_date=20221018T200140, end_date=20221018T200145
[2022-10-18 20:01:45,466] {local_task_job.py:156} INFO - Task exited with return code 0
[2022-10-18 20:01:45,506] {local_task_job.py:273} INFO - 0 downstream tasks scheduled from follow-on schedule check
