[2022-10-18 18:03:56,124] {taskinstance.py:1159} INFO - Dependencies all met for <TaskInstance: clinical_trials__lung_cancer__etl__20220109.load_data_to_blob_storage_task scheduled__2022-10-18T16:00:00+00:00 map_index=64 [queued]>
[2022-10-18 18:03:56,134] {taskinstance.py:1159} INFO - Dependencies all met for <TaskInstance: clinical_trials__lung_cancer__etl__20220109.load_data_to_blob_storage_task scheduled__2022-10-18T16:00:00+00:00 map_index=64 [queued]>
[2022-10-18 18:03:56,135] {taskinstance.py:1356} INFO - 
--------------------------------------------------------------------------------
[2022-10-18 18:03:56,136] {taskinstance.py:1357} INFO - Starting attempt 1 of 1
[2022-10-18 18:03:56,137] {taskinstance.py:1358} INFO - 
--------------------------------------------------------------------------------
[2022-10-18 18:03:56,144] {taskinstance.py:1377} INFO - Executing <Mapped(_PythonDecoratedOperator): load_data_to_blob_storage_task> on 2022-10-18 16:00:00+00:00
[2022-10-18 18:03:56,148] {standard_task_runner.py:52} INFO - Started process 2810 to run task
[2022-10-18 18:03:56,151] {standard_task_runner.py:79} INFO - Running: ['airflow', 'tasks', 'run', 'clinical_trials__lung_cancer__etl__20220109', 'load_data_to_blob_storage_task', 'scheduled__2022-10-18T16:00:00+00:00', '--job-id', '385', '--raw', '--subdir', 'DAGS_FOLDER/process_news_dags.py', '--cfg-path', '/tmp/tmpg763bf7d', '--map-index', '64', '--error-file', '/tmp/tmp87eal8u7']
[2022-10-18 18:03:56,152] {standard_task_runner.py:80} INFO - Job 385: Subtask load_data_to_blob_storage_task
[2022-10-18 18:03:56,163] {logging_mixin.py:115} WARNING - /root/.cache/pypoetry/virtualenvs/***-tXitOD5F-py3.8/lib/python3.8/site-packages/airflow/configuration.py:525 DeprecationWarning: The sql_alchemy_conn option in [core] has been moved to the sql_alchemy_conn option in [database] - the old setting has been used, but please update your config.
[2022-10-18 18:03:56,191] {task_command.py:370} INFO - Running <TaskInstance: clinical_trials__lung_cancer__etl__20220109.load_data_to_blob_storage_task scheduled__2022-10-18T16:00:00+00:00 map_index=64 [running]> on host 6cdf6d517dc4
[2022-10-18 18:03:56,231] {taskinstance.py:1569} INFO - Exporting the following env vars:
AIRFLOW_CTX_DAG_EMAIL=wais@datakimia.com,david@datakimia.com,juanm@datakimia.com,tomas@datakimia.com
AIRFLOW_CTX_DAG_OWNER=atacana
AIRFLOW_CTX_DAG_ID=clinical_trials__lung_cancer__etl__20220109
AIRFLOW_CTX_TASK_ID=load_data_to_blob_storage_task
AIRFLOW_CTX_EXECUTION_DATE=2022-10-18T16:00:00+00:00
AIRFLOW_CTX_TRY_NUMBER=1
AIRFLOW_CTX_DAG_RUN_ID=scheduled__2022-10-18T16:00:00+00:00
[2022-10-18 18:03:56,233] {process_news_dag_factory.py:105} INFO - Reading temp file: lung-cancer_clinical-trials_yervoy_20221018-16_df.json
[2022-10-18 18:03:56,247] {helpers.py:114} INFO - Going to save clinical_trials data..
[2022-10-18 18:03:56,248] {helpers.py:115} INFO -                                                title  ...                  updated_at
0  Nivolumab-ipilimumab and Chemoradiation for Ce...  ...  2022-10-18 18:01:28.927000
1  Chemo-radio-immunotherapy With Nivolumab and I...  ...  2022-10-18 18:01:28.927000
2  Phase 1b/2 Trial of Ipilimumab, Nivolumab, and...  ...  2022-10-18 18:01:28.927000
3  Study of CBL0137 in Combination With Ipilimuma...  ...  2022-10-18 18:01:28.927000
4  Peptide-Pulsed Dendritic Cell Vaccination in C...  ...  2022-10-18 18:01:28.927000

[5 rows x 13 columns]
[2022-10-18 18:03:56,257] {helpers.py:116} INFO - Index(['title', 'link', 'id', 'published_at', 'conditions', 'intervention',
       'publisher', 'status', 'source', 'keyword', 'indication',
       'therapeutic_area', 'updated_at'],
      dtype='object')
[2022-10-18 18:03:56,260] {_universal.py:473} INFO - Request URL: 'https://atacananews.blob.core.windows.net/atacana-blob-container/lung-cancer/clinical-trials/20221018/yervoy/lung-cancer_clinical-trials_20221018_yervoy_NCT05492123.json'
Request method: 'PUT'
Request headers:
    'Content-Length': '638'
    'x-ms-blob-type': 'REDACTED'
    'x-ms-version': 'REDACTED'
    'Content-Type': 'application/octet-stream'
    'Accept': 'application/xml'
    'User-Agent': 'azsdk-python-storage-blob/12.13.1 Python/3.8.15 (Linux-5.10.124-linuxkit-aarch64-with-glibc2.17)'
    'x-ms-date': 'REDACTED'
    'x-ms-client-request-id': '3bac523c-4f0f-11ed-a901-0242bebc0005'
    'Authorization': 'REDACTED'
A body is sent with the request
[2022-10-18 18:03:56,977] {_universal.py:504} INFO - Response status: 201
Response headers:
    'Content-Length': '0'
    'Content-MD5': 'REDACTED'
    'Last-Modified': 'Tue, 18 Oct 2022 18:03:56 GMT'
    'ETag': '"0x8DAB13320480E1F"'
    'Server': 'Windows-Azure-Blob/1.0 Microsoft-HTTPAPI/2.0'
    'x-ms-request-id': '33c1c87f-a01e-0047-2d1b-e3d45c000000'
    'x-ms-client-request-id': '3bac523c-4f0f-11ed-a901-0242bebc0005'
    'x-ms-version': 'REDACTED'
    'x-ms-content-crc64': 'REDACTED'
    'x-ms-request-server-encrypted': 'REDACTED'
    'Date': 'Tue, 18 Oct 2022 18:03:56 GMT'
[2022-10-18 18:03:56,980] {_universal.py:473} INFO - Request URL: 'https://atacananews.blob.core.windows.net/atacana-blob-container/lung-cancer/clinical-trials/20221018/yervoy/lung-cancer_clinical-trials_20221018_yervoy_NCT05504642.json'
Request method: 'PUT'
Request headers:
    'Content-Length': '801'
    'x-ms-blob-type': 'REDACTED'
    'x-ms-version': 'REDACTED'
    'Content-Type': 'application/octet-stream'
    'Accept': 'application/xml'
    'User-Agent': 'azsdk-python-storage-blob/12.13.1 Python/3.8.15 (Linux-5.10.124-linuxkit-aarch64-with-glibc2.17)'
    'x-ms-date': 'REDACTED'
    'x-ms-client-request-id': '3c1a2564-4f0f-11ed-a901-0242bebc0005'
    'Authorization': 'REDACTED'
A body is sent with the request
[2022-10-18 18:03:57,164] {_universal.py:504} INFO - Response status: 201
Response headers:
    'Content-Length': '0'
    'Content-MD5': 'REDACTED'
    'Last-Modified': 'Tue, 18 Oct 2022 18:03:57 GMT'
    'ETag': '"0x8DAB1332064449A"'
    'Server': 'Windows-Azure-Blob/1.0 Microsoft-HTTPAPI/2.0'
    'x-ms-request-id': '33c1c939-a01e-0047-581b-e3d45c000000'
    'x-ms-client-request-id': '3c1a2564-4f0f-11ed-a901-0242bebc0005'
    'x-ms-version': 'REDACTED'
    'x-ms-content-crc64': 'REDACTED'
    'x-ms-request-server-encrypted': 'REDACTED'
    'Date': 'Tue, 18 Oct 2022 18:03:56 GMT'
[2022-10-18 18:03:57,166] {_universal.py:473} INFO - Request URL: 'https://atacananews.blob.core.windows.net/atacana-blob-container/lung-cancer/clinical-trials/20221018/yervoy/lung-cancer_clinical-trials_20221018_yervoy_NCT05501054.json'
Request method: 'PUT'
Request headers:
    'Content-Length': '625'
    'x-ms-blob-type': 'REDACTED'
    'x-ms-version': 'REDACTED'
    'Content-Type': 'application/octet-stream'
    'Accept': 'application/xml'
    'User-Agent': 'azsdk-python-storage-blob/12.13.1 Python/3.8.15 (Linux-5.10.124-linuxkit-aarch64-with-glibc2.17)'
    'x-ms-date': 'REDACTED'
    'x-ms-client-request-id': '3c368eca-4f0f-11ed-a901-0242bebc0005'
    'Authorization': 'REDACTED'
A body is sent with the request
[2022-10-18 18:03:57,354] {_universal.py:504} INFO - Response status: 201
Response headers:
    'Content-Length': '0'
    'Content-MD5': 'REDACTED'
    'Last-Modified': 'Tue, 18 Oct 2022 18:03:57 GMT'
    'ETag': '"0x8DAB1332080C91C"'
    'Server': 'Windows-Azure-Blob/1.0 Microsoft-HTTPAPI/2.0'
    'x-ms-request-id': '33c1c9b4-a01e-0047-481b-e3d45c000000'
    'x-ms-client-request-id': '3c368eca-4f0f-11ed-a901-0242bebc0005'
    'x-ms-version': 'REDACTED'
    'x-ms-content-crc64': 'REDACTED'
    'x-ms-request-server-encrypted': 'REDACTED'
    'Date': 'Tue, 18 Oct 2022 18:03:56 GMT'
[2022-10-18 18:03:57,358] {_universal.py:473} INFO - Request URL: 'https://atacananews.blob.core.windows.net/atacana-blob-container/lung-cancer/clinical-trials/20221018/yervoy/lung-cancer_clinical-trials_20221018_yervoy_NCT05498792.json'
Request method: 'PUT'
Request headers:
    'Content-Length': '586'
    'x-ms-blob-type': 'REDACTED'
    'x-ms-version': 'REDACTED'
    'Content-Type': 'application/octet-stream'
    'Accept': 'application/xml'
    'User-Agent': 'azsdk-python-storage-blob/12.13.1 Python/3.8.15 (Linux-5.10.124-linuxkit-aarch64-with-glibc2.17)'
    'x-ms-date': 'REDACTED'
    'x-ms-client-request-id': '3c53c544-4f0f-11ed-a901-0242bebc0005'
    'Authorization': 'REDACTED'
A body is sent with the request
[2022-10-18 18:03:57,544] {_universal.py:504} INFO - Response status: 201
Response headers:
    'Content-Length': '0'
    'Content-MD5': 'REDACTED'
    'Last-Modified': 'Tue, 18 Oct 2022 18:03:57 GMT'
    'ETag': '"0x8DAB133209E5EED"'
    'Server': 'Windows-Azure-Blob/1.0 Microsoft-HTTPAPI/2.0'
    'x-ms-request-id': '33c1ca51-a01e-0047-571b-e3d45c000000'
    'x-ms-client-request-id': '3c53c544-4f0f-11ed-a901-0242bebc0005'
    'x-ms-version': 'REDACTED'
    'x-ms-content-crc64': 'REDACTED'
    'x-ms-request-server-encrypted': 'REDACTED'
    'Date': 'Tue, 18 Oct 2022 18:03:56 GMT'
[2022-10-18 18:03:57,550] {_universal.py:473} INFO - Request URL: 'https://atacananews.blob.core.windows.net/atacana-blob-container/lung-cancer/clinical-trials/20221018/yervoy/lung-cancer_clinical-trials_20221018_yervoy_NCT05457959.json'
Request method: 'PUT'
Request headers:
    'Content-Length': '837'
    'x-ms-blob-type': 'REDACTED'
    'x-ms-version': 'REDACTED'
    'Content-Type': 'application/octet-stream'
    'Accept': 'application/xml'
    'User-Agent': 'azsdk-python-storage-blob/12.13.1 Python/3.8.15 (Linux-5.10.124-linuxkit-aarch64-with-glibc2.17)'
    'x-ms-date': 'REDACTED'
    'x-ms-client-request-id': '3c710e74-4f0f-11ed-a901-0242bebc0005'
    'Authorization': 'REDACTED'
A body is sent with the request
[2022-10-18 18:03:57,740] {_universal.py:504} INFO - Response status: 201
Response headers:
    'Content-Length': '0'
    'Content-MD5': 'REDACTED'
    'Last-Modified': 'Tue, 18 Oct 2022 18:03:57 GMT'
    'ETag': '"0x8DAB13320BC1BCB"'
    'Server': 'Windows-Azure-Blob/1.0 Microsoft-HTTPAPI/2.0'
    'x-ms-request-id': '33c1cb01-a01e-0047-761b-e3d45c000000'
    'x-ms-client-request-id': '3c710e74-4f0f-11ed-a901-0242bebc0005'
    'x-ms-version': 'REDACTED'
    'x-ms-content-crc64': 'REDACTED'
    'x-ms-request-server-encrypted': 'REDACTED'
    'Date': 'Tue, 18 Oct 2022 18:03:56 GMT'
[2022-10-18 18:03:57,745] {python.py:173} INFO - Done. Returned value was: None
[2022-10-18 18:03:57,761] {taskinstance.py:1395} INFO - Marking task as SUCCESS. dag_id=clinical_trials__lung_cancer__etl__20220109, task_id=load_data_to_blob_storage_task, map_index=64, execution_date=20221018T160000, start_date=20221018T180356, end_date=20221018T180357
[2022-10-18 18:03:57,792] {local_task_job.py:156} INFO - Task exited with return code 0
[2022-10-18 18:03:57,827] {local_task_job.py:273} INFO - 0 downstream tasks scheduled from follow-on schedule check
