[2022-10-18 18:08:05,297] {taskinstance.py:1159} INFO - Dependencies all met for <TaskInstance: clinical_trials__lung_cancer__etl__20220109.load_data_to_mongodb_task scheduled__2022-10-18T16:00:00+00:00 map_index=48 [queued]>
[2022-10-18 18:08:05,308] {taskinstance.py:1159} INFO - Dependencies all met for <TaskInstance: clinical_trials__lung_cancer__etl__20220109.load_data_to_mongodb_task scheduled__2022-10-18T16:00:00+00:00 map_index=48 [queued]>
[2022-10-18 18:08:05,309] {taskinstance.py:1356} INFO - 
--------------------------------------------------------------------------------
[2022-10-18 18:08:05,310] {taskinstance.py:1357} INFO - Starting attempt 1 of 1
[2022-10-18 18:08:05,311] {taskinstance.py:1358} INFO - 
--------------------------------------------------------------------------------
[2022-10-18 18:08:05,318] {taskinstance.py:1377} INFO - Executing <Mapped(_PythonDecoratedOperator): load_data_to_mongodb_task> on 2022-10-18 16:00:00+00:00
[2022-10-18 18:08:05,323] {standard_task_runner.py:52} INFO - Started process 3293 to run task
[2022-10-18 18:08:05,326] {standard_task_runner.py:79} INFO - Running: ['airflow', 'tasks', 'run', 'clinical_trials__lung_cancer__etl__20220109', 'load_data_to_mongodb_task', 'scheduled__2022-10-18T16:00:00+00:00', '--job-id', '436', '--raw', '--subdir', 'DAGS_FOLDER/process_news_dags.py', '--cfg-path', '/tmp/tmpslql8elk', '--map-index', '48', '--error-file', '/tmp/tmphgsf5tyo']
[2022-10-18 18:08:05,327] {standard_task_runner.py:80} INFO - Job 436: Subtask load_data_to_mongodb_task
[2022-10-18 18:08:05,340] {logging_mixin.py:115} WARNING - /root/.cache/pypoetry/virtualenvs/***-tXitOD5F-py3.8/lib/python3.8/site-packages/airflow/configuration.py:525 DeprecationWarning: The sql_alchemy_conn option in [core] has been moved to the sql_alchemy_conn option in [database] - the old setting has been used, but please update your config.
[2022-10-18 18:08:05,368] {task_command.py:370} INFO - Running <TaskInstance: clinical_trials__lung_cancer__etl__20220109.load_data_to_mongodb_task scheduled__2022-10-18T16:00:00+00:00 map_index=48 [running]> on host 6cdf6d517dc4
[2022-10-18 18:08:05,406] {taskinstance.py:1569} INFO - Exporting the following env vars:
AIRFLOW_CTX_DAG_EMAIL=wais@datakimia.com,david@datakimia.com,juanm@datakimia.com,tomas@datakimia.com
AIRFLOW_CTX_DAG_OWNER=atacana
AIRFLOW_CTX_DAG_ID=clinical_trials__lung_cancer__etl__20220109
AIRFLOW_CTX_TASK_ID=load_data_to_mongodb_task
AIRFLOW_CTX_EXECUTION_DATE=2022-10-18T16:00:00+00:00
AIRFLOW_CTX_TRY_NUMBER=1
AIRFLOW_CTX_DAG_RUN_ID=scheduled__2022-10-18T16:00:00+00:00
[2022-10-18 18:08:05,408] {process_news_dag_factory.py:128} INFO - Going to load data from clinical_trials about topic RG 7446
[2022-10-18 18:08:05,504] {db_helpers.py:35} INFO - Connected successfully!!!
[2022-10-18 18:08:05,509] {_universal.py:476} INFO - Request URL: 'https://atacananews.blob.core.windows.net/atacana-blob-container?restype=REDACTED&comp=REDACTED&prefix=REDACTED&delimiter=REDACTED'
Request method: 'GET'
Request headers:
    'x-ms-version': 'REDACTED'
    'Accept': 'application/xml'
    'User-Agent': 'azsdk-python-storage-blob/12.13.1 Python/3.8.15 (Linux-5.10.124-linuxkit-aarch64-with-glibc2.17)'
    'x-ms-date': 'REDACTED'
    'x-ms-client-request-id': 'd03c871e-4f0f-11ed-953e-0242bebc0005'
    'Authorization': 'REDACTED'
No body was attached to the request
[2022-10-18 18:08:06,571] {_universal.py:504} INFO - Response status: 200
Response headers:
    'Transfer-Encoding': 'chunked'
    'Content-Type': 'application/xml'
    'Server': 'Windows-Azure-Blob/1.0 Microsoft-HTTPAPI/2.0'
    'x-ms-request-id': 'e44f0510-701e-0054-4c1c-e3f050000000'
    'x-ms-client-request-id': 'd03c871e-4f0f-11ed-953e-0242bebc0005'
    'x-ms-version': 'REDACTED'
    'Date': 'Tue, 18 Oct 2022 18:08:06 GMT'
[2022-10-18 18:08:06,585] {_universal.py:476} INFO - Request URL: 'https://atacananews.blob.core.windows.net/atacana-blob-container/lung-cancer/clinical-trials/20221018/rg-7446/lung-cancer_clinical-trials_20221018_rg-7446_NCT05468359.json'
Request method: 'GET'
Request headers:
    'x-ms-range': 'REDACTED'
    'x-ms-version': 'REDACTED'
    'Accept': 'application/xml'
    'User-Agent': 'azsdk-python-storage-blob/12.13.1 Python/3.8.15 (Linux-5.10.124-linuxkit-aarch64-with-glibc2.17)'
    'x-ms-date': 'REDACTED'
    'x-ms-client-request-id': 'd0e0cc52-4f0f-11ed-953e-0242bebc0005'
    'Authorization': 'REDACTED'
No body was attached to the request
[2022-10-18 18:08:06,770] {_universal.py:504} INFO - Response status: 206
Response headers:
    'Content-Length': '730'
    'Content-Type': 'application/octet-stream'
    'Content-Range': 'REDACTED'
    'Last-Modified': 'Tue, 18 Oct 2022 18:03:43 GMT'
    'Accept-Ranges': 'REDACTED'
    'ETag': '"0x8DAB13318397A49"'
    'Server': 'Windows-Azure-Blob/1.0 Microsoft-HTTPAPI/2.0'
    'x-ms-request-id': 'e44f0735-701e-0054-0a1c-e3f050000000'
    'x-ms-client-request-id': 'd0e0cc52-4f0f-11ed-953e-0242bebc0005'
    'x-ms-version': 'REDACTED'
    'x-ms-creation-time': 'REDACTED'
    'x-ms-blob-content-md5': 'REDACTED'
    'x-ms-lease-status': 'REDACTED'
    'x-ms-lease-state': 'REDACTED'
    'x-ms-blob-type': 'REDACTED'
    'x-ms-server-encrypted': 'REDACTED'
    'Date': 'Tue, 18 Oct 2022 18:08:06 GMT'
[2022-10-18 18:08:06,808] {logging_mixin.py:115} INFO - <class 'pandas.core.frame.DataFrame'>
RangeIndex: 1 entries, 0 to 0
Data columns (total 13 columns):
 #   Column            Non-Null Count  Dtype 
---  ------            --------------  ----- 
 0   title             1 non-null      object
 1   link              1 non-null      object
 2   id                1 non-null      object
 3   published_at      1 non-null      object
 4   conditions        1 non-null      object
 5   intervention      1 non-null      object
 6   publisher         1 non-null      object
 7   status            1 non-null      object
 8   source            1 non-null      object
 9   keyword           1 non-null      object
 10  indication        1 non-null      object
 11  therapeutic_area  1 non-null      object
 12  updated_at        1 non-null      object
dtypes: object(13)
memory usage: 232.0+ bytes
[2022-10-18 18:08:06,811] {process_news_dag_factory.py:159} INFO - None
[2022-10-18 18:08:06,816] {process_news_dag_factory.py:167} INFO - {'id': 'NCT05468359', 'source': 'clinical_trials', 'therapeutic_area': 'Oncology', 'indication': 'Lung Cancer', 'keyword': 'RG-7446', 'title': 'Safety and Efficacy of Cyclophosphamide, Sorafenib, Bevacizumab, and Atezolizumab in Pediatric Solid Tumor Patients', 'link': 'https://clinicaltrials.gov/ct2/show/NCT05468359?cond=RG-7446&sfpd_d=100', 'publisher': "St. Jude Children's Research Hospital", 'published_at': '2022-07-21T12:00:00.000Z', 'updated_at': '2022-10-18T18:01:10.244Z', 'atacana_team': None, 'category': None, 'priority': None, 'content': None}
[2022-10-18 18:08:07,995] {_universal.py:476} INFO - Request URL: 'https://atacananews.blob.core.windows.net/atacana-blob-container/lung-cancer/clinical-trials/20221018/rg-7446/lung-cancer_clinical-trials_20221018_rg-7446_NCT05468489.json'
Request method: 'GET'
Request headers:
    'x-ms-range': 'REDACTED'
    'x-ms-version': 'REDACTED'
    'Accept': 'application/xml'
    'User-Agent': 'azsdk-python-storage-blob/12.13.1 Python/3.8.15 (Linux-5.10.124-linuxkit-aarch64-with-glibc2.17)'
    'x-ms-date': 'REDACTED'
    'x-ms-client-request-id': 'd1b7fd08-4f0f-11ed-953e-0242bebc0005'
    'Authorization': 'REDACTED'
No body was attached to the request
[2022-10-18 18:08:08,178] {_universal.py:504} INFO - Response status: 206
Response headers:
    'Content-Length': '655'
    'Content-Type': 'application/octet-stream'
    'Content-Range': 'REDACTED'
    'Last-Modified': 'Tue, 18 Oct 2022 18:03:43 GMT'
    'Accept-Ranges': 'REDACTED'
    'ETag': '"0x8DAB1331873E2B4"'
    'Server': 'Windows-Azure-Blob/1.0 Microsoft-HTTPAPI/2.0'
    'x-ms-request-id': 'e44f0e7c-701e-0054-641c-e3f050000000'
    'x-ms-client-request-id': 'd1b7fd08-4f0f-11ed-953e-0242bebc0005'
    'x-ms-version': 'REDACTED'
    'x-ms-creation-time': 'REDACTED'
    'x-ms-blob-content-md5': 'REDACTED'
    'x-ms-lease-status': 'REDACTED'
    'x-ms-lease-state': 'REDACTED'
    'x-ms-blob-type': 'REDACTED'
    'x-ms-server-encrypted': 'REDACTED'
    'Date': 'Tue, 18 Oct 2022 18:08:08 GMT'
[2022-10-18 18:08:08,190] {logging_mixin.py:115} INFO - <class 'pandas.core.frame.DataFrame'>
RangeIndex: 1 entries, 0 to 0
Data columns (total 13 columns):
 #   Column            Non-Null Count  Dtype 
---  ------            --------------  ----- 
 0   title             1 non-null      object
 1   link              1 non-null      object
 2   id                1 non-null      object
 3   published_at      1 non-null      object
 4   conditions        1 non-null      object
 5   intervention      1 non-null      object
 6   publisher         1 non-null      object
 7   status            1 non-null      object
 8   source            1 non-null      object
 9   keyword           1 non-null      object
 10  indication        1 non-null      object
 11  therapeutic_area  1 non-null      object
 12  updated_at        1 non-null      object
dtypes: object(13)
memory usage: 232.0+ bytes
[2022-10-18 18:08:08,192] {process_news_dag_factory.py:159} INFO - None
[2022-10-18 18:08:08,197] {process_news_dag_factory.py:167} INFO - {'id': 'NCT05468489', 'source': 'clinical_trials', 'therapeutic_area': 'Oncology', 'indication': 'Lung Cancer', 'keyword': 'RG-7446', 'title': 'To Evaluate Efficacy and Safety of HLX10 + Chemotherapy (Carboplatin- Etoposide) in US Patients With ES-SCLC', 'link': 'https://clinicaltrials.gov/ct2/show/NCT05468489?cond=RG-7446&sfpd_d=100', 'publisher': 'Shanghai Henlius Biotech', 'published_at': '2022-07-21T12:00:00.000Z', 'updated_at': '2022-10-18T18:01:10.244Z', 'atacana_team': None, 'category': None, 'priority': None, 'content': None}
[2022-10-18 18:08:08,403] {_universal.py:476} INFO - Request URL: 'https://atacananews.blob.core.windows.net/atacana-blob-container/lung-cancer/clinical-trials/20221018/rg-7446/lung-cancer_clinical-trials_20221018_rg-7446_NCT05470595.json'
Request method: 'GET'
Request headers:
    'x-ms-range': 'REDACTED'
    'x-ms-version': 'REDACTED'
    'Accept': 'application/xml'
    'User-Agent': 'azsdk-python-storage-blob/12.13.1 Python/3.8.15 (Linux-5.10.124-linuxkit-aarch64-with-glibc2.17)'
    'x-ms-date': 'REDACTED'
    'x-ms-client-request-id': 'd1f63a78-4f0f-11ed-953e-0242bebc0005'
    'Authorization': 'REDACTED'
No body was attached to the request
[2022-10-18 18:08:08,588] {_universal.py:504} INFO - Response status: 206
Response headers:
    'Content-Length': '623'
    'Content-Type': 'application/octet-stream'
    'Content-Range': 'REDACTED'
    'Last-Modified': 'Tue, 18 Oct 2022 18:03:41 GMT'
    'Accept-Ranges': 'REDACTED'
    'ETag': '"0x8DAB13317572A83"'
    'Server': 'Windows-Azure-Blob/1.0 Microsoft-HTTPAPI/2.0'
    'x-ms-request-id': 'e44f10c0-701e-0054-331c-e3f050000000'
    'x-ms-client-request-id': 'd1f63a78-4f0f-11ed-953e-0242bebc0005'
    'x-ms-version': 'REDACTED'
    'x-ms-creation-time': 'REDACTED'
    'x-ms-blob-content-md5': 'REDACTED'
    'x-ms-lease-status': 'REDACTED'
    'x-ms-lease-state': 'REDACTED'
    'x-ms-blob-type': 'REDACTED'
    'x-ms-server-encrypted': 'REDACTED'
    'Date': 'Tue, 18 Oct 2022 18:08:08 GMT'
[2022-10-18 18:08:08,594] {logging_mixin.py:115} INFO - <class 'pandas.core.frame.DataFrame'>
RangeIndex: 1 entries, 0 to 0
Data columns (total 13 columns):
 #   Column            Non-Null Count  Dtype 
---  ------            --------------  ----- 
 0   title             1 non-null      object
 1   link              1 non-null      object
 2   id                1 non-null      object
 3   published_at      1 non-null      object
 4   conditions        1 non-null      object
 5   intervention      1 non-null      object
 6   publisher         1 non-null      object
 7   status            1 non-null      object
 8   source            1 non-null      object
 9   keyword           1 non-null      object
 10  indication        1 non-null      object
 11  therapeutic_area  1 non-null      object
 12  updated_at        1 non-null      object
dtypes: object(13)
memory usage: 232.0+ bytes
[2022-10-18 18:08:08,596] {process_news_dag_factory.py:159} INFO - None
[2022-10-18 18:08:08,600] {process_news_dag_factory.py:167} INFO - {'id': 'NCT05470595', 'source': 'clinical_trials', 'therapeutic_area': 'Oncology', 'indication': 'Lung Cancer', 'keyword': 'RG-7446', 'title': 'A Single-arm Trial of Atezolizumab/Platinum/Etoposide for the Treatment of Advanced Large-cell Neuroendocrine Cancer of the Lung', 'link': 'https://clinicaltrials.gov/ct2/show/NCT05470595?cond=RG-7446&sfpd_d=100', 'publisher': 'Technische Universität Dresden;   Roche Pharma AG', 'published_at': '2022-07-22T12:00:00.000Z', 'updated_at': '2022-10-18T18:01:10.244Z', 'atacana_team': None, 'category': None, 'priority': None, 'content': None}
[2022-10-18 18:08:08,805] {_universal.py:476} INFO - Request URL: 'https://atacananews.blob.core.windows.net/atacana-blob-container/lung-cancer/clinical-trials/20221018/rg-7446/lung-cancer_clinical-trials_20221018_rg-7446_NCT05483400.json'
Request method: 'GET'
Request headers:
    'x-ms-range': 'REDACTED'
    'x-ms-version': 'REDACTED'
    'Accept': 'application/xml'
    'User-Agent': 'azsdk-python-storage-blob/12.13.1 Python/3.8.15 (Linux-5.10.124-linuxkit-aarch64-with-glibc2.17)'
    'x-ms-date': 'REDACTED'
    'x-ms-client-request-id': 'd2338c70-4f0f-11ed-953e-0242bebc0005'
    'Authorization': 'REDACTED'
No body was attached to the request
[2022-10-18 18:08:08,987] {_universal.py:504} INFO - Response status: 206
Response headers:
    'Content-Length': '583'
    'Content-Type': 'application/octet-stream'
    'Content-Range': 'REDACTED'
    'Last-Modified': 'Tue, 18 Oct 2022 18:03:40 GMT'
    'Accept-Ranges': 'REDACTED'
    'ETag': '"0x8DAB133169A5E9F"'
    'Server': 'Windows-Azure-Blob/1.0 Microsoft-HTTPAPI/2.0'
    'x-ms-request-id': 'e44f12d9-701e-0054-661c-e3f050000000'
    'x-ms-client-request-id': 'd2338c70-4f0f-11ed-953e-0242bebc0005'
    'x-ms-version': 'REDACTED'
    'x-ms-creation-time': 'REDACTED'
    'x-ms-blob-content-md5': 'REDACTED'
    'x-ms-lease-status': 'REDACTED'
    'x-ms-lease-state': 'REDACTED'
    'x-ms-blob-type': 'REDACTED'
    'x-ms-server-encrypted': 'REDACTED'
    'Date': 'Tue, 18 Oct 2022 18:08:08 GMT'
[2022-10-18 18:08:09,009] {logging_mixin.py:115} INFO - <class 'pandas.core.frame.DataFrame'>
RangeIndex: 1 entries, 0 to 0
Data columns (total 13 columns):
 #   Column            Non-Null Count  Dtype 
---  ------            --------------  ----- 
 0   title             1 non-null      object
 1   link              1 non-null      object
 2   id                1 non-null      object
 3   published_at      1 non-null      object
 4   conditions        1 non-null      object
 5   intervention      1 non-null      object
 6   publisher         1 non-null      object
 7   status            1 non-null      object
 8   source            1 non-null      object
 9   keyword           1 non-null      object
 10  indication        1 non-null      object
 11  therapeutic_area  1 non-null      object
 12  updated_at        1 non-null      object
dtypes: object(13)
memory usage: 232.0+ bytes
[2022-10-18 18:08:09,025] {process_news_dag_factory.py:159} INFO - None
[2022-10-18 18:08:09,034] {process_news_dag_factory.py:167} INFO - {'id': 'NCT05483400', 'source': 'clinical_trials', 'therapeutic_area': 'Oncology', 'indication': 'Lung Cancer', 'keyword': 'RG-7446', 'title': 'Open Label Phase 2 Basket Trial With Atezolizumab and Tiragolumab in Solid Tumors', 'link': 'https://clinicaltrials.gov/ct2/show/NCT05483400?cond=RG-7446&sfpd_d=100', 'publisher': 'University Medical Center Groningen', 'published_at': '2022-08-02T12:00:00.000Z', 'updated_at': '2022-10-18T18:01:10.244Z', 'atacana_team': None, 'category': None, 'priority': None, 'content': None}
[2022-10-18 18:08:09,383] {_universal.py:476} INFO - Request URL: 'https://atacananews.blob.core.windows.net/atacana-blob-container/lung-cancer/clinical-trials/20221018/rg-7446/lung-cancer_clinical-trials_20221018_rg-7446_NCT05487235.json'
Request method: 'GET'
Request headers:
    'x-ms-range': 'REDACTED'
    'x-ms-version': 'REDACTED'
    'Accept': 'application/xml'
    'User-Agent': 'azsdk-python-storage-blob/12.13.1 Python/3.8.15 (Linux-5.10.124-linuxkit-aarch64-with-glibc2.17)'
    'x-ms-date': 'REDACTED'
    'x-ms-client-request-id': 'd28ba20c-4f0f-11ed-953e-0242bebc0005'
    'Authorization': 'REDACTED'
No body was attached to the request
[2022-10-18 18:08:10,049] {_universal.py:504} INFO - Response status: 206
Response headers:
    'Content-Length': '665'
    'Content-Type': 'application/octet-stream'
    'Content-Range': 'REDACTED'
    'Last-Modified': 'Tue, 18 Oct 2022 18:03:42 GMT'
    'Accept-Ranges': 'REDACTED'
    'ETag': '"0x8DAB13317D87CB2"'
    'Server': 'Windows-Azure-Blob/1.0 Microsoft-HTTPAPI/2.0'
    'x-ms-request-id': 'e44f18b3-701e-0054-2b1c-e3f050000000'
    'x-ms-client-request-id': 'd28ba20c-4f0f-11ed-953e-0242bebc0005'
    'x-ms-version': 'REDACTED'
    'x-ms-creation-time': 'REDACTED'
    'x-ms-blob-content-md5': 'REDACTED'
    'x-ms-lease-status': 'REDACTED'
    'x-ms-lease-state': 'REDACTED'
    'x-ms-blob-type': 'REDACTED'
    'x-ms-server-encrypted': 'REDACTED'
    'Date': 'Tue, 18 Oct 2022 18:08:09 GMT'
[2022-10-18 18:08:10,060] {logging_mixin.py:115} INFO - <class 'pandas.core.frame.DataFrame'>
RangeIndex: 1 entries, 0 to 0
Data columns (total 13 columns):
 #   Column            Non-Null Count  Dtype 
---  ------            --------------  ----- 
 0   title             1 non-null      object
 1   link              1 non-null      object
 2   id                1 non-null      object
 3   published_at      1 non-null      object
 4   conditions        1 non-null      object
 5   intervention      1 non-null      object
 6   publisher         1 non-null      object
 7   status            1 non-null      object
 8   source            1 non-null      object
 9   keyword           1 non-null      object
 10  indication        1 non-null      object
 11  therapeutic_area  1 non-null      object
 12  updated_at        1 non-null      object
dtypes: object(13)
memory usage: 232.0+ bytes
[2022-10-18 18:08:10,062] {process_news_dag_factory.py:159} INFO - None
[2022-10-18 18:08:10,066] {process_news_dag_factory.py:167} INFO - {'id': 'NCT05487235', 'source': 'clinical_trials', 'therapeutic_area': 'Oncology', 'indication': 'Lung Cancer', 'keyword': 'RG-7446', 'title': 'A Study to Evaluate the Safety, Pharmacokinetics, and Activity of GDC-1971 in Combination With Atezolizumab in Participants With Locally Advanced or Metastatic Solid Tumors', 'link': 'https://clinicaltrials.gov/ct2/show/NCT05487235?cond=RG-7446&sfpd_d=100', 'publisher': 'Genentech, Inc.', 'published_at': '2022-08-04T12:00:00.000Z', 'updated_at': '2022-10-18T18:01:10.244Z', 'atacana_team': None, 'category': None, 'priority': None, 'content': None}
[2022-10-18 18:08:10,402] {_universal.py:476} INFO - Request URL: 'https://atacananews.blob.core.windows.net/atacana-blob-container/lung-cancer/clinical-trials/20221018/rg-7446/lung-cancer_clinical-trials_20221018_rg-7446_NCT05488522.json'
Request method: 'GET'
Request headers:
    'x-ms-range': 'REDACTED'
    'x-ms-version': 'REDACTED'
    'Accept': 'application/xml'
    'User-Agent': 'azsdk-python-storage-blob/12.13.1 Python/3.8.15 (Linux-5.10.124-linuxkit-aarch64-with-glibc2.17)'
    'x-ms-date': 'REDACTED'
    'x-ms-client-request-id': 'd3272e0c-4f0f-11ed-953e-0242bebc0005'
    'Authorization': 'REDACTED'
No body was attached to the request
[2022-10-18 18:08:10,588] {_universal.py:504} INFO - Response status: 206
Response headers:
    'Content-Length': '529'
    'Content-Type': 'application/octet-stream'
    'Content-Range': 'REDACTED'
    'Last-Modified': 'Tue, 18 Oct 2022 18:03:43 GMT'
    'Accept-Ranges': 'REDACTED'
    'ETag': '"0x8DAB133185625D9"'
    'Server': 'Windows-Azure-Blob/1.0 Microsoft-HTTPAPI/2.0'
    'x-ms-request-id': 'e44f1bce-701e-0054-361c-e3f050000000'
    'x-ms-client-request-id': 'd3272e0c-4f0f-11ed-953e-0242bebc0005'
    'x-ms-version': 'REDACTED'
    'x-ms-creation-time': 'REDACTED'
    'x-ms-blob-content-md5': 'REDACTED'
    'x-ms-lease-status': 'REDACTED'
    'x-ms-lease-state': 'REDACTED'
    'x-ms-blob-type': 'REDACTED'
    'x-ms-server-encrypted': 'REDACTED'
    'Date': 'Tue, 18 Oct 2022 18:08:10 GMT'
[2022-10-18 18:08:10,594] {logging_mixin.py:115} INFO - <class 'pandas.core.frame.DataFrame'>
RangeIndex: 1 entries, 0 to 0
Data columns (total 13 columns):
 #   Column            Non-Null Count  Dtype 
---  ------            --------------  ----- 
 0   title             1 non-null      object
 1   link              1 non-null      object
 2   id                1 non-null      object
 3   published_at      1 non-null      object
 4   conditions        1 non-null      object
 5   intervention      1 non-null      object
 6   publisher         1 non-null      object
 7   status            1 non-null      object
 8   source            1 non-null      object
 9   keyword           1 non-null      object
 10  indication        1 non-null      object
 11  therapeutic_area  1 non-null      object
 12  updated_at        1 non-null      object
dtypes: object(13)
memory usage: 232.0+ bytes
[2022-10-18 18:08:10,595] {process_news_dag_factory.py:159} INFO - None
[2022-10-18 18:08:10,597] {process_news_dag_factory.py:167} INFO - {'id': 'NCT05488522', 'source': 'clinical_trials', 'therapeutic_area': 'Oncology', 'indication': 'Lung Cancer', 'keyword': 'RG-7446', 'title': 'SBRT With Atezo/Bev for HCC', 'link': 'https://clinicaltrials.gov/ct2/show/NCT05488522?cond=RG-7446&sfpd_d=100', 'publisher': 'Abramson Cancer Center of the University of Pennsylvania', 'published_at': '2022-08-04T12:00:00.000Z', 'updated_at': '2022-10-18T18:01:10.244Z', 'atacana_team': None, 'category': None, 'priority': None, 'content': None}
[2022-10-18 18:08:10,895] {_universal.py:476} INFO - Request URL: 'https://atacananews.blob.core.windows.net/atacana-blob-container/lung-cancer/clinical-trials/20221018/rg-7446/lung-cancer_clinical-trials_20221018_rg-7446_NCT05492123.json'
Request method: 'GET'
Request headers:
    'x-ms-range': 'REDACTED'
    'x-ms-version': 'REDACTED'
    'Accept': 'application/xml'
    'User-Agent': 'azsdk-python-storage-blob/12.13.1 Python/3.8.15 (Linux-5.10.124-linuxkit-aarch64-with-glibc2.17)'
    'x-ms-date': 'REDACTED'
    'x-ms-client-request-id': 'd372669c-4f0f-11ed-953e-0242bebc0005'
    'Authorization': 'REDACTED'
No body was attached to the request
[2022-10-18 18:08:11,091] {_universal.py:504} INFO - Response status: 206
Response headers:
    'Content-Length': '640'
    'Content-Type': 'application/octet-stream'
    'Content-Range': 'REDACTED'
    'Last-Modified': 'Tue, 18 Oct 2022 18:03:44 GMT'
    'Accept-Ranges': 'REDACTED'
    'ETag': '"0x8DAB13318AD60E6"'
    'Server': 'Windows-Azure-Blob/1.0 Microsoft-HTTPAPI/2.0'
    'x-ms-request-id': 'e44f1eb9-701e-0054-281c-e3f050000000'
    'x-ms-client-request-id': 'd372669c-4f0f-11ed-953e-0242bebc0005'
    'x-ms-version': 'REDACTED'
    'x-ms-creation-time': 'REDACTED'
    'x-ms-blob-content-md5': 'REDACTED'
    'x-ms-lease-status': 'REDACTED'
    'x-ms-lease-state': 'REDACTED'
    'x-ms-blob-type': 'REDACTED'
    'x-ms-server-encrypted': 'REDACTED'
    'Date': 'Tue, 18 Oct 2022 18:08:10 GMT'
[2022-10-18 18:08:11,107] {logging_mixin.py:115} INFO - <class 'pandas.core.frame.DataFrame'>
RangeIndex: 1 entries, 0 to 0
Data columns (total 13 columns):
 #   Column            Non-Null Count  Dtype 
---  ------            --------------  ----- 
 0   title             1 non-null      object
 1   link              1 non-null      object
 2   id                1 non-null      object
 3   published_at      1 non-null      object
 4   conditions        1 non-null      object
 5   intervention      1 non-null      object
 6   publisher         1 non-null      object
 7   status            1 non-null      object
 8   source            1 non-null      object
 9   keyword           1 non-null      object
 10  indication        1 non-null      object
 11  therapeutic_area  1 non-null      object
 12  updated_at        1 non-null      object
dtypes: object(13)
memory usage: 232.0+ bytes
[2022-10-18 18:08:11,110] {process_news_dag_factory.py:159} INFO - None
[2022-10-18 18:08:11,115] {process_news_dag_factory.py:167} INFO - {'id': 'NCT05492123', 'source': 'clinical_trials', 'therapeutic_area': 'Oncology', 'indication': 'Lung Cancer', 'keyword': 'RG-7446', 'title': 'Nivolumab-ipilimumab and Chemoradiation for Cervical Cancer', 'link': 'https://clinicaltrials.gov/ct2/show/NCT05492123?cond=RG-7446&sfpd_d=100', 'publisher': 'Hospital Israelita Albert Einstein;   Bristol-Myers Squibb;   Brava', 'published_at': '2022-08-08T12:00:00.000Z', 'updated_at': '2022-10-18T18:01:10.244Z', 'atacana_team': None, 'category': None, 'priority': None, 'content': None}
[2022-10-18 18:08:11,448] {_universal.py:476} INFO - Request URL: 'https://atacananews.blob.core.windows.net/atacana-blob-container/lung-cancer/clinical-trials/20221018/rg-7446/lung-cancer_clinical-trials_20221018_rg-7446_NCT05498896.json'
Request method: 'GET'
Request headers:
    'x-ms-range': 'REDACTED'
    'x-ms-version': 'REDACTED'
    'Accept': 'application/xml'
    'User-Agent': 'azsdk-python-storage-blob/12.13.1 Python/3.8.15 (Linux-5.10.124-linuxkit-aarch64-with-glibc2.17)'
    'x-ms-date': 'REDACTED'
    'x-ms-client-request-id': 'd3c6c7aa-4f0f-11ed-953e-0242bebc0005'
    'Authorization': 'REDACTED'
No body was attached to the request
[2022-10-18 18:08:11,651] {_universal.py:504} INFO - Response status: 206
Response headers:
    'Content-Length': '721'
    'Content-Type': 'application/octet-stream'
    'Content-Range': 'REDACTED'
    'Last-Modified': 'Tue, 18 Oct 2022 18:03:41 GMT'
    'Accept-Ranges': 'REDACTED'
    'ETag': '"0x8DAB13316D8E526"'
    'Server': 'Windows-Azure-Blob/1.0 Microsoft-HTTPAPI/2.0'
    'x-ms-request-id': 'e44f21c3-701e-0054-401c-e3f050000000'
    'x-ms-client-request-id': 'd3c6c7aa-4f0f-11ed-953e-0242bebc0005'
    'x-ms-version': 'REDACTED'
    'x-ms-creation-time': 'REDACTED'
    'x-ms-blob-content-md5': 'REDACTED'
    'x-ms-lease-status': 'REDACTED'
    'x-ms-lease-state': 'REDACTED'
    'x-ms-blob-type': 'REDACTED'
    'x-ms-server-encrypted': 'REDACTED'
    'Date': 'Tue, 18 Oct 2022 18:08:11 GMT'
[2022-10-18 18:08:11,663] {logging_mixin.py:115} INFO - <class 'pandas.core.frame.DataFrame'>
RangeIndex: 1 entries, 0 to 0
Data columns (total 13 columns):
 #   Column            Non-Null Count  Dtype 
---  ------            --------------  ----- 
 0   title             1 non-null      object
 1   link              1 non-null      object
 2   id                1 non-null      object
 3   published_at      1 non-null      object
 4   conditions        1 non-null      object
 5   intervention      1 non-null      object
 6   publisher         1 non-null      object
 7   status            1 non-null      object
 8   source            1 non-null      object
 9   keyword           1 non-null      object
 10  indication        1 non-null      object
 11  therapeutic_area  1 non-null      object
 12  updated_at        1 non-null      object
dtypes: object(13)
memory usage: 232.0+ bytes
[2022-10-18 18:08:11,664] {process_news_dag_factory.py:159} INFO - None
[2022-10-18 18:08:11,668] {process_news_dag_factory.py:167} INFO - {'id': 'NCT05498896', 'source': 'clinical_trials', 'therapeutic_area': 'Oncology', 'indication': 'Lung Cancer', 'keyword': 'RG-7446', 'title': 'Investigate the Contribution of Ipatasertib to Neoadjuvant Chemotherapy Plus Atezolizumab in TNBC', 'link': 'https://clinicaltrials.gov/ct2/show/NCT05498896?cond=RG-7446&sfpd_d=100', 'publisher': 'Queen Mary University of London;   Westdeutsche Studiengruppe GmbH (WSG);   MedSIR;   Hoffmann-La Roche', 'published_at': '2022-08-12T12:00:00.000Z', 'updated_at': '2022-10-18T18:01:10.244Z', 'atacana_team': None, 'category': None, 'priority': None, 'content': None}
[2022-10-18 18:08:12,019] {_universal.py:476} INFO - Request URL: 'https://atacananews.blob.core.windows.net/atacana-blob-container/lung-cancer/clinical-trials/20221018/rg-7446/lung-cancer_clinical-trials_20221018_rg-7446_NCT05510427.json'
Request method: 'GET'
Request headers:
    'x-ms-range': 'REDACTED'
    'x-ms-version': 'REDACTED'
    'Accept': 'application/xml'
    'User-Agent': 'azsdk-python-storage-blob/12.13.1 Python/3.8.15 (Linux-5.10.124-linuxkit-aarch64-with-glibc2.17)'
    'x-ms-date': 'REDACTED'
    'x-ms-client-request-id': 'd41dece2-4f0f-11ed-953e-0242bebc0005'
    'Authorization': 'REDACTED'
No body was attached to the request
[2022-10-18 18:08:12,211] {_universal.py:504} INFO - Response status: 206
Response headers:
    'Content-Length': '699'
    'Content-Type': 'application/octet-stream'
    'Content-Range': 'REDACTED'
    'Last-Modified': 'Tue, 18 Oct 2022 18:03:42 GMT'
    'Accept-Ranges': 'REDACTED'
    'ETag': '"0x8DAB13317BA98C5"'
    'Server': 'Windows-Azure-Blob/1.0 Microsoft-HTTPAPI/2.0'
    'x-ms-request-id': 'e44f2578-701e-0054-3a1c-e3f050000000'
    'x-ms-client-request-id': 'd41dece2-4f0f-11ed-953e-0242bebc0005'
    'x-ms-version': 'REDACTED'
    'x-ms-creation-time': 'REDACTED'
    'x-ms-blob-content-md5': 'REDACTED'
    'x-ms-lease-status': 'REDACTED'
    'x-ms-lease-state': 'REDACTED'
    'x-ms-blob-type': 'REDACTED'
    'x-ms-server-encrypted': 'REDACTED'
    'Date': 'Tue, 18 Oct 2022 18:08:12 GMT'
[2022-10-18 18:08:12,221] {logging_mixin.py:115} INFO - <class 'pandas.core.frame.DataFrame'>
RangeIndex: 1 entries, 0 to 0
Data columns (total 13 columns):
 #   Column            Non-Null Count  Dtype 
---  ------            --------------  ----- 
 0   title             1 non-null      object
 1   link              1 non-null      object
 2   id                1 non-null      object
 3   published_at      1 non-null      object
 4   conditions        1 non-null      object
 5   intervention      1 non-null      object
 6   publisher         1 non-null      object
 7   status            1 non-null      object
 8   source            1 non-null      object
 9   keyword           1 non-null      object
 10  indication        1 non-null      object
 11  therapeutic_area  1 non-null      object
 12  updated_at        1 non-null      object
dtypes: object(13)
memory usage: 232.0+ bytes
[2022-10-18 18:08:12,222] {process_news_dag_factory.py:159} INFO - None
[2022-10-18 18:08:12,226] {process_news_dag_factory.py:167} INFO - {'id': 'NCT05510427', 'source': 'clinical_trials', 'therapeutic_area': 'Oncology', 'indication': 'Lung Cancer', 'keyword': 'RG-7446', 'title': 'Phase Ib Trial of Infigratinib In Combination With Atezolizumab And Bevacizumab for The Second-Line Treatment of Advanced Cholangiocarcinoma With FGFR2 Fusion/Amplification', 'link': 'https://clinicaltrials.gov/ct2/show/NCT05510427?cond=RG-7446&sfpd_d=100', 'publisher': 'M.D. Anderson Cancer Center;   Helsinn Healthcare', 'published_at': '2022-08-22T12:00:00.000Z', 'updated_at': '2022-10-18T18:01:10.244Z', 'atacana_team': None, 'category': None, 'priority': None, 'content': None}
[2022-10-18 18:08:12,583] {_universal.py:476} INFO - Request URL: 'https://atacananews.blob.core.windows.net/atacana-blob-container/lung-cancer/clinical-trials/20221018/rg-7446/lung-cancer_clinical-trials_20221018_rg-7446_NCT05515627.json'
Request method: 'GET'
Request headers:
    'x-ms-range': 'REDACTED'
    'x-ms-version': 'REDACTED'
    'Accept': 'application/xml'
    'User-Agent': 'azsdk-python-storage-blob/12.13.1 Python/3.8.15 (Linux-5.10.124-linuxkit-aarch64-with-glibc2.17)'
    'x-ms-date': 'REDACTED'
    'x-ms-client-request-id': 'd4740302-4f0f-11ed-953e-0242bebc0005'
    'Authorization': 'REDACTED'
No body was attached to the request
[2022-10-18 18:08:12,764] {_universal.py:504} INFO - Response status: 206
Response headers:
    'Content-Length': '521'
    'Content-Type': 'application/octet-stream'
    'Content-Range': 'REDACTED'
    'Last-Modified': 'Tue, 18 Oct 2022 18:03:41 GMT'
    'Accept-Ranges': 'REDACTED'
    'ETag': '"0x8DAB13316FAE727"'
    'Server': 'Windows-Azure-Blob/1.0 Microsoft-HTTPAPI/2.0'
    'x-ms-request-id': 'e44f28c0-701e-0054-781c-e3f050000000'
    'x-ms-client-request-id': 'd4740302-4f0f-11ed-953e-0242bebc0005'
    'x-ms-version': 'REDACTED'
    'x-ms-creation-time': 'REDACTED'
    'x-ms-blob-content-md5': 'REDACTED'
    'x-ms-lease-status': 'REDACTED'
    'x-ms-lease-state': 'REDACTED'
    'x-ms-blob-type': 'REDACTED'
    'x-ms-server-encrypted': 'REDACTED'
    'Date': 'Tue, 18 Oct 2022 18:08:12 GMT'
[2022-10-18 18:08:12,769] {logging_mixin.py:115} INFO - <class 'pandas.core.frame.DataFrame'>
RangeIndex: 1 entries, 0 to 0
Data columns (total 13 columns):
 #   Column            Non-Null Count  Dtype 
---  ------            --------------  ----- 
 0   title             1 non-null      object
 1   link              1 non-null      object
 2   id                1 non-null      object
 3   published_at      1 non-null      object
 4   conditions        1 non-null      object
 5   intervention      1 non-null      object
 6   publisher         1 non-null      object
 7   status            1 non-null      object
 8   source            1 non-null      object
 9   keyword           1 non-null      object
 10  indication        1 non-null      object
 11  therapeutic_area  1 non-null      object
 12  updated_at        1 non-null      object
dtypes: object(13)
memory usage: 232.0+ bytes
[2022-10-18 18:08:12,771] {process_news_dag_factory.py:159} INFO - None
[2022-10-18 18:08:12,774] {process_news_dag_factory.py:167} INFO - {'id': 'NCT05515627', 'source': 'clinical_trials', 'therapeutic_area': 'Oncology', 'indication': 'Lung Cancer', 'keyword': 'RG-7446', 'title': 'Atezolizumab for Idiopathic Pulmonary Fibrosis', 'link': 'https://clinicaltrials.gov/ct2/show/NCT05515627?cond=RG-7446&sfpd_d=100', 'publisher': 'Cedars-Sinai Medical Center;   Genentech, Inc.', 'published_at': '2022-08-25T12:00:00.000Z', 'updated_at': '2022-10-18T18:01:10.244Z', 'atacana_team': None, 'category': None, 'priority': None, 'content': None}
[2022-10-18 18:08:13,051] {_universal.py:476} INFO - Request URL: 'https://atacananews.blob.core.windows.net/atacana-blob-container/lung-cancer/clinical-trials/20221018/rg-7446/lung-cancer_clinical-trials_20221018_rg-7446_NCT05516628.json'
Request method: 'GET'
Request headers:
    'x-ms-range': 'REDACTED'
    'x-ms-version': 'REDACTED'
    'Accept': 'application/xml'
    'User-Agent': 'azsdk-python-storage-blob/12.13.1 Python/3.8.15 (Linux-5.10.124-linuxkit-aarch64-with-glibc2.17)'
    'x-ms-date': 'REDACTED'
    'x-ms-client-request-id': 'd4bb806a-4f0f-11ed-953e-0242bebc0005'
    'Authorization': 'REDACTED'
No body was attached to the request
[2022-10-18 18:08:13,241] {_universal.py:504} INFO - Response status: 206
Response headers:
    'Content-Length': '1133'
    'Content-Type': 'application/octet-stream'
    'Content-Range': 'REDACTED'
    'Last-Modified': 'Tue, 18 Oct 2022 18:03:41 GMT'
    'Accept-Ranges': 'REDACTED'
    'ETag': '"0x8DAB133171D3736"'
    'Server': 'Windows-Azure-Blob/1.0 Microsoft-HTTPAPI/2.0'
    'x-ms-request-id': 'e44f2b65-701e-0054-281c-e3f050000000'
    'x-ms-client-request-id': 'd4bb806a-4f0f-11ed-953e-0242bebc0005'
    'x-ms-version': 'REDACTED'
    'x-ms-creation-time': 'REDACTED'
    'x-ms-blob-content-md5': 'REDACTED'
    'x-ms-lease-status': 'REDACTED'
    'x-ms-lease-state': 'REDACTED'
    'x-ms-blob-type': 'REDACTED'
    'x-ms-server-encrypted': 'REDACTED'
    'Date': 'Tue, 18 Oct 2022 18:08:13 GMT'
[2022-10-18 18:08:13,250] {logging_mixin.py:115} INFO - <class 'pandas.core.frame.DataFrame'>
RangeIndex: 1 entries, 0 to 0
Data columns (total 13 columns):
 #   Column            Non-Null Count  Dtype 
---  ------            --------------  ----- 
 0   title             1 non-null      object
 1   link              1 non-null      object
 2   id                1 non-null      object
 3   published_at      1 non-null      object
 4   conditions        1 non-null      object
 5   intervention      1 non-null      object
 6   publisher         1 non-null      object
 7   status            1 non-null      object
 8   source            1 non-null      object
 9   keyword           1 non-null      object
 10  indication        1 non-null      object
 11  therapeutic_area  1 non-null      object
 12  updated_at        1 non-null      object
dtypes: object(13)
memory usage: 232.0+ bytes
[2022-10-18 18:08:13,252] {process_news_dag_factory.py:159} INFO - None
[2022-10-18 18:08:13,256] {process_news_dag_factory.py:167} INFO - {'id': 'NCT05516628', 'source': 'clinical_trials', 'therapeutic_area': 'Oncology', 'indication': 'Lung Cancer', 'keyword': 'RG-7446', 'title': 'Deep, Multi-omics Phenotyping to Predict Response, Resistance and Recurrence to Adjuvant Atezolizumab Plus Bevacizumab in Resected Hepatocellular Carcinoma', 'link': 'https://clinicaltrials.gov/ct2/show/NCT05516628?cond=RG-7446&sfpd_d=100', 'publisher': 'National Cancer Centre, Singapore;   Singapore General Hospital;   National University Hospital, Singapore;   Changi General Hospital;   Sengkang General Hospital;   Tan Tock Seng Hospital;   Singapore Clinical Research Institute;   Genome Institute of Singapore;   Institute of Molecular and Cell Biology of Singapore;   Cancer Science Institute of Singapore;   Duke-NUS Graduate Medical School;   Singapore Phenome Centre;   Nanyang Technological University;   NMRC OF-LCG (OFLCG21Jun-0016)', 'published_at': '2022-08-25T12:00:00.000Z', 'updated_at': '2022-10-18T18:01:10.244Z', 'atacana_team': None, 'category': None, 'priority': None, 'content': None}
[2022-10-18 18:08:13,543] {_universal.py:476} INFO - Request URL: 'https://atacananews.blob.core.windows.net/atacana-blob-container/lung-cancer/clinical-trials/20221018/rg-7446/lung-cancer_clinical-trials_20221018_rg-7446_NCT05528952.json'
Request method: 'GET'
Request headers:
    'x-ms-range': 'REDACTED'
    'x-ms-version': 'REDACTED'
    'Accept': 'application/xml'
    'User-Agent': 'azsdk-python-storage-blob/12.13.1 Python/3.8.15 (Linux-5.10.124-linuxkit-aarch64-with-glibc2.17)'
    'x-ms-date': 'REDACTED'
    'x-ms-client-request-id': 'd5068452-4f0f-11ed-953e-0242bebc0005'
    'Authorization': 'REDACTED'
No body was attached to the request
[2022-10-18 18:08:13,741] {_universal.py:504} INFO - Response status: 206
Response headers:
    'Content-Length': '723'
    'Content-Type': 'application/octet-stream'
    'Content-Range': 'REDACTED'
    'Last-Modified': 'Tue, 18 Oct 2022 18:03:42 GMT'
    'Accept-Ranges': 'REDACTED'
    'ETag': '"0x8DAB13317F798F2"'
    'Server': 'Windows-Azure-Blob/1.0 Microsoft-HTTPAPI/2.0'
    'x-ms-request-id': 'e44f2ed3-701e-0054-181c-e3f050000000'
    'x-ms-client-request-id': 'd5068452-4f0f-11ed-953e-0242bebc0005'
    'x-ms-version': 'REDACTED'
    'x-ms-creation-time': 'REDACTED'
    'x-ms-blob-content-md5': 'REDACTED'
    'x-ms-lease-status': 'REDACTED'
    'x-ms-lease-state': 'REDACTED'
    'x-ms-blob-type': 'REDACTED'
    'x-ms-server-encrypted': 'REDACTED'
    'Date': 'Tue, 18 Oct 2022 18:08:13 GMT'
[2022-10-18 18:08:13,761] {logging_mixin.py:115} INFO - <class 'pandas.core.frame.DataFrame'>
RangeIndex: 1 entries, 0 to 0
Data columns (total 13 columns):
 #   Column            Non-Null Count  Dtype 
---  ------            --------------  ----- 
 0   title             1 non-null      object
 1   link              1 non-null      object
 2   id                1 non-null      object
 3   published_at      1 non-null      object
 4   conditions        1 non-null      object
 5   intervention      1 non-null      object
 6   publisher         1 non-null      object
 7   status            1 non-null      object
 8   source            1 non-null      object
 9   keyword           1 non-null      object
 10  indication        1 non-null      object
 11  therapeutic_area  1 non-null      object
 12  updated_at        1 non-null      object
dtypes: object(13)
memory usage: 232.0+ bytes
[2022-10-18 18:08:13,764] {process_news_dag_factory.py:159} INFO - None
[2022-10-18 18:08:13,771] {process_news_dag_factory.py:167} INFO - {'id': 'NCT05528952', 'source': 'clinical_trials', 'therapeutic_area': 'Oncology', 'indication': 'Lung Cancer', 'keyword': 'RG-7446', 'title': 'Evaluation of the Interest to Combine a CD4 Th1-inducer Cancer Vaccine Derived From Telomerase and Atezolizumab Plus Bevacizumab in Unresectable Hepatocellular Carcinoma', 'link': 'https://clinicaltrials.gov/ct2/show/NCT05528952?cond=RG-7446&sfpd_d=100', 'publisher': 'Centre Hospitalier Universitaire de Besancon;   GERCOR - Multidisciplinary Oncology Cooperative Group', 'published_at': '2022-09-06T12:00:00.000Z', 'updated_at': '2022-10-18T18:01:10.244Z', 'atacana_team': None, 'category': None, 'priority': None, 'content': None}
[2022-10-18 18:08:14,111] {_universal.py:476} INFO - Request URL: 'https://atacananews.blob.core.windows.net/atacana-blob-container/lung-cancer/clinical-trials/20221018/rg-7446/lung-cancer_clinical-trials_20221018_rg-7446_NCT05537402.json'
Request method: 'GET'
Request headers:
    'x-ms-range': 'REDACTED'
    'x-ms-version': 'REDACTED'
    'Accept': 'application/xml'
    'User-Agent': 'azsdk-python-storage-blob/12.13.1 Python/3.8.15 (Linux-5.10.124-linuxkit-aarch64-with-glibc2.17)'
    'x-ms-date': 'REDACTED'
    'x-ms-client-request-id': 'd55d283e-4f0f-11ed-953e-0242bebc0005'
    'Authorization': 'REDACTED'
No body was attached to the request
[2022-10-18 18:08:14,304] {_universal.py:504} INFO - Response status: 206
Response headers:
    'Content-Length': '682'
    'Content-Type': 'application/octet-stream'
    'Content-Range': 'REDACTED'
    'Last-Modified': 'Tue, 18 Oct 2022 18:03:43 GMT'
    'Accept-Ranges': 'REDACTED'
    'ETag': '"0x8DAB1331890403D"'
    'Server': 'Windows-Azure-Blob/1.0 Microsoft-HTTPAPI/2.0'
    'x-ms-request-id': 'e44f3201-701e-0054-181c-e3f050000000'
    'x-ms-client-request-id': 'd55d283e-4f0f-11ed-953e-0242bebc0005'
    'x-ms-version': 'REDACTED'
    'x-ms-creation-time': 'REDACTED'
    'x-ms-blob-content-md5': 'REDACTED'
    'x-ms-lease-status': 'REDACTED'
    'x-ms-lease-state': 'REDACTED'
    'x-ms-blob-type': 'REDACTED'
    'x-ms-server-encrypted': 'REDACTED'
    'Date': 'Tue, 18 Oct 2022 18:08:14 GMT'
[2022-10-18 18:08:14,331] {logging_mixin.py:115} INFO - <class 'pandas.core.frame.DataFrame'>
RangeIndex: 1 entries, 0 to 0
Data columns (total 13 columns):
 #   Column            Non-Null Count  Dtype 
---  ------            --------------  ----- 
 0   title             1 non-null      object
 1   link              1 non-null      object
 2   id                1 non-null      object
 3   published_at      1 non-null      object
 4   conditions        1 non-null      object
 5   intervention      1 non-null      object
 6   publisher         1 non-null      object
 7   status            1 non-null      object
 8   source            1 non-null      object
 9   keyword           1 non-null      object
 10  indication        1 non-null      object
 11  therapeutic_area  1 non-null      object
 12  updated_at        1 non-null      object
dtypes: object(13)
memory usage: 232.0+ bytes
[2022-10-18 18:08:14,334] {process_news_dag_factory.py:159} INFO - None
[2022-10-18 18:08:14,338] {process_news_dag_factory.py:167} INFO - {'id': 'NCT05537402', 'source': 'clinical_trials', 'therapeutic_area': 'Oncology', 'indication': 'Lung Cancer', 'keyword': 'RG-7446', 'title': 'LOcoregional vs Systemic Therapy in Patients With BCLC Stage B HCC (LOST- B) Trial', 'link': 'https://clinicaltrials.gov/ct2/show/NCT05537402?cond=RG-7446&sfpd_d=100', 'publisher': 'University of Texas Southwestern Medical Center;   Genentech, Inc.', 'published_at': '2022-09-13T12:00:00.000Z', 'updated_at': '2022-10-18T18:01:10.244Z', 'atacana_team': None, 'category': None, 'priority': None, 'content': None}
[2022-10-18 18:08:14,592] {_universal.py:476} INFO - Request URL: 'https://atacananews.blob.core.windows.net/atacana-blob-container/lung-cancer/clinical-trials/20221018/rg-7446/lung-cancer_clinical-trials_20221018_rg-7446_NCT05538091.json'
Request method: 'GET'
Request headers:
    'x-ms-range': 'REDACTED'
    'x-ms-version': 'REDACTED'
    'Accept': 'application/xml'
    'User-Agent': 'azsdk-python-storage-blob/12.13.1 Python/3.8.15 (Linux-5.10.124-linuxkit-aarch64-with-glibc2.17)'
    'x-ms-date': 'REDACTED'
    'x-ms-client-request-id': 'd5a68f56-4f0f-11ed-953e-0242bebc0005'
    'Authorization': 'REDACTED'
No body was attached to the request
[2022-10-18 18:08:14,785] {_universal.py:504} INFO - Response status: 206
Response headers:
    'Content-Length': '705'
    'Content-Type': 'application/octet-stream'
    'Content-Range': 'REDACTED'
    'Last-Modified': 'Tue, 18 Oct 2022 18:03:41 GMT'
    'Accept-Ranges': 'REDACTED'
    'ETag': '"0x8DAB133173A57E1"'
    'Server': 'Windows-Azure-Blob/1.0 Microsoft-HTTPAPI/2.0'
    'x-ms-request-id': 'e44f3455-701e-0054-7b1c-e3f050000000'
    'x-ms-client-request-id': 'd5a68f56-4f0f-11ed-953e-0242bebc0005'
    'x-ms-version': 'REDACTED'
    'x-ms-creation-time': 'REDACTED'
    'x-ms-blob-content-md5': 'REDACTED'
    'x-ms-lease-status': 'REDACTED'
    'x-ms-lease-state': 'REDACTED'
    'x-ms-blob-type': 'REDACTED'
    'x-ms-server-encrypted': 'REDACTED'
    'Date': 'Tue, 18 Oct 2022 18:08:14 GMT'
[2022-10-18 18:08:14,801] {logging_mixin.py:115} INFO - <class 'pandas.core.frame.DataFrame'>
RangeIndex: 1 entries, 0 to 0
Data columns (total 13 columns):
 #   Column            Non-Null Count  Dtype 
---  ------            --------------  ----- 
 0   title             1 non-null      object
 1   link              1 non-null      object
 2   id                1 non-null      object
 3   published_at      1 non-null      object
 4   conditions        1 non-null      object
 5   intervention      1 non-null      object
 6   publisher         1 non-null      object
 7   status            1 non-null      object
 8   source            1 non-null      object
 9   keyword           1 non-null      object
 10  indication        1 non-null      object
 11  therapeutic_area  1 non-null      object
 12  updated_at        1 non-null      object
dtypes: object(13)
memory usage: 232.0+ bytes
[2022-10-18 18:08:14,804] {process_news_dag_factory.py:159} INFO - None
[2022-10-18 18:08:14,809] {process_news_dag_factory.py:167} INFO - {'id': 'NCT05538091', 'source': 'clinical_trials', 'therapeutic_area': 'Oncology', 'indication': 'Lung Cancer', 'keyword': 'RG-7446', 'title': 'Vismodegib Combined With Atezolizumab in Platinum Resistant Ovarian, Fallopian Tube, and Primary Peritoneal Cancer', 'link': 'https://clinicaltrials.gov/ct2/show/NCT05538091?cond=RG-7446&sfpd_d=100', 'publisher': 'Ronald Buckanovich;   Genentech, Inc.', 'published_at': '2022-09-13T12:00:00.000Z', 'updated_at': '2022-10-18T18:01:10.244Z', 'atacana_team': None, 'category': None, 'priority': None, 'content': None}
[2022-10-18 18:08:15,243] {_universal.py:476} INFO - Request URL: 'https://atacananews.blob.core.windows.net/atacana-blob-container/lung-cancer/clinical-trials/20221018/rg-7446/lung-cancer_clinical-trials_20221018_rg-7446_NCT05542407.json'
Request method: 'GET'
Request headers:
    'x-ms-range': 'REDACTED'
    'x-ms-version': 'REDACTED'
    'Accept': 'application/xml'
    'User-Agent': 'azsdk-python-storage-blob/12.13.1 Python/3.8.15 (Linux-5.10.124-linuxkit-aarch64-with-glibc2.17)'
    'x-ms-date': 'REDACTED'
    'x-ms-client-request-id': 'd609cc38-4f0f-11ed-953e-0242bebc0005'
    'Authorization': 'REDACTED'
No body was attached to the request
[2022-10-18 18:08:15,441] {_universal.py:504} INFO - Response status: 206
Response headers:
    'Content-Length': '590'
    'Content-Type': 'application/octet-stream'
    'Content-Range': 'REDACTED'
    'Last-Modified': 'Tue, 18 Oct 2022 18:03:40 GMT'
    'Accept-Ranges': 'REDACTED'
    'ETag': '"0x8DAB13316BA8C1A"'
    'Server': 'Windows-Azure-Blob/1.0 Microsoft-HTTPAPI/2.0'
    'x-ms-request-id': 'e44f3779-701e-0054-041c-e3f050000000'
    'x-ms-client-request-id': 'd609cc38-4f0f-11ed-953e-0242bebc0005'
    'x-ms-version': 'REDACTED'
    'x-ms-creation-time': 'REDACTED'
    'x-ms-blob-content-md5': 'REDACTED'
    'x-ms-lease-status': 'REDACTED'
    'x-ms-lease-state': 'REDACTED'
    'x-ms-blob-type': 'REDACTED'
    'x-ms-server-encrypted': 'REDACTED'
    'Date': 'Tue, 18 Oct 2022 18:08:15 GMT'
[2022-10-18 18:08:15,474] {logging_mixin.py:115} INFO - <class 'pandas.core.frame.DataFrame'>
RangeIndex: 1 entries, 0 to 0
Data columns (total 13 columns):
 #   Column            Non-Null Count  Dtype 
---  ------            --------------  ----- 
 0   title             1 non-null      object
 1   link              1 non-null      object
 2   id                1 non-null      object
 3   published_at      1 non-null      object
 4   conditions        1 non-null      object
 5   intervention      1 non-null      object
 6   publisher         1 non-null      object
 7   status            1 non-null      object
 8   source            1 non-null      object
 9   keyword           1 non-null      object
 10  indication        1 non-null      object
 11  therapeutic_area  1 non-null      object
 12  updated_at        1 non-null      object
dtypes: object(13)
memory usage: 232.0+ bytes
[2022-10-18 18:08:15,478] {process_news_dag_factory.py:159} INFO - None
[2022-10-18 18:08:15,483] {process_news_dag_factory.py:167} INFO - {'id': 'NCT05542407', 'source': 'clinical_trials', 'therapeutic_area': 'Oncology', 'indication': 'Lung Cancer', 'keyword': 'RG-7446', 'title': 'ONC201 and Atezolizumab in Obesity-Driven Endometrial Cancer', 'link': 'https://clinicaltrials.gov/ct2/show/NCT05542407?cond=RG-7446&sfpd_d=100', 'publisher': 'UNC Lineberger Comprehensive Cancer Center;   Genentech, Inc.;   Oncoceutics, Inc.', 'published_at': '2022-09-15T12:00:00.000Z', 'updated_at': '2022-10-18T18:01:10.244Z', 'atacana_team': None, 'category': None, 'priority': None, 'content': None}
[2022-10-18 18:08:15,782] {_universal.py:476} INFO - Request URL: 'https://atacananews.blob.core.windows.net/atacana-blob-container/lung-cancer/clinical-trials/20221018/rg-7446/lung-cancer_clinical-trials_20221018_rg-7446_NCT05546879.json'
Request method: 'GET'
Request headers:
    'x-ms-range': 'REDACTED'
    'x-ms-version': 'REDACTED'
    'Accept': 'application/xml'
    'User-Agent': 'azsdk-python-storage-blob/12.13.1 Python/3.8.15 (Linux-5.10.124-linuxkit-aarch64-with-glibc2.17)'
    'x-ms-date': 'REDACTED'
    'x-ms-client-request-id': 'd65c22e4-4f0f-11ed-953e-0242bebc0005'
    'Authorization': 'REDACTED'
No body was attached to the request
[2022-10-18 18:08:15,971] {_universal.py:504} INFO - Response status: 206
Response headers:
    'Content-Length': '647'
    'Content-Type': 'application/octet-stream'
    'Content-Range': 'REDACTED'
    'Last-Modified': 'Tue, 18 Oct 2022 18:03:42 GMT'
    'Accept-Ranges': 'REDACTED'
    'ETag': '"0x8DAB133177730F6"'
    'Server': 'Windows-Azure-Blob/1.0 Microsoft-HTTPAPI/2.0'
    'x-ms-request-id': 'e44f3a0c-701e-0054-191c-e3f050000000'
    'x-ms-client-request-id': 'd65c22e4-4f0f-11ed-953e-0242bebc0005'
    'x-ms-version': 'REDACTED'
    'x-ms-creation-time': 'REDACTED'
    'x-ms-blob-content-md5': 'REDACTED'
    'x-ms-lease-status': 'REDACTED'
    'x-ms-lease-state': 'REDACTED'
    'x-ms-blob-type': 'REDACTED'
    'x-ms-server-encrypted': 'REDACTED'
    'Date': 'Tue, 18 Oct 2022 18:08:15 GMT'
[2022-10-18 18:08:15,976] {logging_mixin.py:115} INFO - <class 'pandas.core.frame.DataFrame'>
RangeIndex: 1 entries, 0 to 0
Data columns (total 13 columns):
 #   Column            Non-Null Count  Dtype 
---  ------            --------------  ----- 
 0   title             1 non-null      object
 1   link              1 non-null      object
 2   id                1 non-null      object
 3   published_at      1 non-null      object
 4   conditions        1 non-null      object
 5   intervention      1 non-null      object
 6   publisher         1 non-null      object
 7   status            1 non-null      object
 8   source            1 non-null      object
 9   keyword           1 non-null      object
 10  indication        1 non-null      object
 11  therapeutic_area  1 non-null      object
 12  updated_at        1 non-null      object
dtypes: object(13)
memory usage: 232.0+ bytes
[2022-10-18 18:08:15,977] {process_news_dag_factory.py:159} INFO - None
[2022-10-18 18:08:15,980] {process_news_dag_factory.py:167} INFO - {'id': 'NCT05546879', 'source': 'clinical_trials', 'therapeutic_area': 'Oncology', 'indication': 'Lung Cancer', 'keyword': 'RG-7446', 'title': 'Study Investigating the Association of NP137 With Atezolizumab-Bevacizumab Combination in First Line in Unresectable Hepatocellular Carcinoma', 'link': 'https://clinicaltrials.gov/ct2/show/NCT05546879?cond=RG-7446&sfpd_d=100', 'publisher': 'University Hospital, Grenoble;   NETRIS Pharma', 'published_at': '2022-09-21T12:00:00.000Z', 'updated_at': '2022-10-18T18:01:10.244Z', 'atacana_team': None, 'category': None, 'priority': None, 'content': None}
[2022-10-18 18:08:16,331] {_universal.py:476} INFO - Request URL: 'https://atacananews.blob.core.windows.net/atacana-blob-container/lung-cancer/clinical-trials/20221018/rg-7446/lung-cancer_clinical-trials_20221018_rg-7446_NCT05549297.json'
Request method: 'GET'
Request headers:
    'x-ms-range': 'REDACTED'
    'x-ms-version': 'REDACTED'
    'Accept': 'application/xml'
    'User-Agent': 'azsdk-python-storage-blob/12.13.1 Python/3.8.15 (Linux-5.10.124-linuxkit-aarch64-with-glibc2.17)'
    'x-ms-date': 'REDACTED'
    'x-ms-client-request-id': 'd6afe910-4f0f-11ed-953e-0242bebc0005'
    'Authorization': 'REDACTED'
No body was attached to the request
[2022-10-18 18:08:16,512] {_universal.py:504} INFO - Response status: 206
Response headers:
    'Content-Length': '598'
    'Content-Type': 'application/octet-stream'
    'Content-Range': 'REDACTED'
    'Last-Modified': 'Tue, 18 Oct 2022 18:03:44 GMT'
    'Accept-Ranges': 'REDACTED'
    'ETag': '"0x8DAB13318CA8196"'
    'Server': 'Windows-Azure-Blob/1.0 Microsoft-HTTPAPI/2.0'
    'x-ms-request-id': 'e44f3cb4-701e-0054-3f1c-e3f050000000'
    'x-ms-client-request-id': 'd6afe910-4f0f-11ed-953e-0242bebc0005'
    'x-ms-version': 'REDACTED'
    'x-ms-creation-time': 'REDACTED'
    'x-ms-blob-content-md5': 'REDACTED'
    'x-ms-lease-status': 'REDACTED'
    'x-ms-lease-state': 'REDACTED'
    'x-ms-blob-type': 'REDACTED'
    'x-ms-server-encrypted': 'REDACTED'
    'Date': 'Tue, 18 Oct 2022 18:08:16 GMT'
[2022-10-18 18:08:16,523] {logging_mixin.py:115} INFO - <class 'pandas.core.frame.DataFrame'>
RangeIndex: 1 entries, 0 to 0
Data columns (total 13 columns):
 #   Column            Non-Null Count  Dtype 
---  ------            --------------  ----- 
 0   title             1 non-null      object
 1   link              1 non-null      object
 2   id                1 non-null      object
 3   published_at      1 non-null      object
 4   conditions        1 non-null      object
 5   intervention      1 non-null      object
 6   publisher         1 non-null      object
 7   status            1 non-null      object
 8   source            1 non-null      object
 9   keyword           1 non-null      object
 10  indication        1 non-null      object
 11  therapeutic_area  1 non-null      object
 12  updated_at        1 non-null      object
dtypes: object(13)
memory usage: 232.0+ bytes
[2022-10-18 18:08:16,526] {process_news_dag_factory.py:159} INFO - None
[2022-10-18 18:08:16,530] {process_news_dag_factory.py:167} INFO - {'id': 'NCT05549297', 'source': 'clinical_trials', 'therapeutic_area': 'Oncology', 'indication': 'Lung Cancer', 'keyword': 'RG-7446', 'title': "Tebentafusp Regimen Versus Investigator's Choice in Previously Treated Advanced Melanoma (TEBE-AM)", 'link': 'https://clinicaltrials.gov/ct2/show/NCT05549297?cond=RG-7446&sfpd_d=100', 'publisher': 'Immunocore Ltd', 'published_at': '2022-09-22T12:00:00.000Z', 'updated_at': '2022-10-18T18:01:10.244Z', 'atacana_team': None, 'category': None, 'priority': None, 'content': None}
[2022-10-18 18:08:16,972] {_universal.py:476} INFO - Request URL: 'https://atacananews.blob.core.windows.net/atacana-blob-container/lung-cancer/clinical-trials/20221018/rg-7446/lung-cancer_clinical-trials_20221018_rg-7446_NCT05564416.json'
Request method: 'GET'
Request headers:
    'x-ms-range': 'REDACTED'
    'x-ms-version': 'REDACTED'
    'Accept': 'application/xml'
    'User-Agent': 'azsdk-python-storage-blob/12.13.1 Python/3.8.15 (Linux-5.10.124-linuxkit-aarch64-with-glibc2.17)'
    'x-ms-date': 'REDACTED'
    'x-ms-client-request-id': 'd711b406-4f0f-11ed-953e-0242bebc0005'
    'Authorization': 'REDACTED'
No body was attached to the request
[2022-10-18 18:08:17,205] {_universal.py:504} INFO - Response status: 206
Response headers:
    'Content-Length': '1022'
    'Content-Type': 'application/octet-stream'
    'Content-Range': 'REDACTED'
    'Last-Modified': 'Tue, 18 Oct 2022 18:03:42 GMT'
    'Accept-Ranges': 'REDACTED'
    'ETag': '"0x8DAB133179D29FE"'
    'Server': 'Windows-Azure-Blob/1.0 Microsoft-HTTPAPI/2.0'
    'x-ms-request-id': 'e44f4032-701e-0054-141c-e3f050000000'
    'x-ms-client-request-id': 'd711b406-4f0f-11ed-953e-0242bebc0005'
    'x-ms-version': 'REDACTED'
    'x-ms-creation-time': 'REDACTED'
    'x-ms-blob-content-md5': 'REDACTED'
    'x-ms-lease-status': 'REDACTED'
    'x-ms-lease-state': 'REDACTED'
    'x-ms-blob-type': 'REDACTED'
    'x-ms-server-encrypted': 'REDACTED'
    'Date': 'Tue, 18 Oct 2022 18:08:17 GMT'
[2022-10-18 18:08:17,213] {logging_mixin.py:115} INFO - <class 'pandas.core.frame.DataFrame'>
RangeIndex: 1 entries, 0 to 0
Data columns (total 13 columns):
 #   Column            Non-Null Count  Dtype 
---  ------            --------------  ----- 
 0   title             1 non-null      object
 1   link              1 non-null      object
 2   id                1 non-null      object
 3   published_at      1 non-null      object
 4   conditions        1 non-null      object
 5   intervention      1 non-null      object
 6   publisher         1 non-null      object
 7   status            1 non-null      object
 8   source            1 non-null      object
 9   keyword           1 non-null      object
 10  indication        1 non-null      object
 11  therapeutic_area  1 non-null      object
 12  updated_at        1 non-null      object
dtypes: object(13)
memory usage: 232.0+ bytes
[2022-10-18 18:08:17,214] {process_news_dag_factory.py:159} INFO - None
[2022-10-18 18:08:17,217] {process_news_dag_factory.py:167} INFO - {'id': 'NCT05564416', 'source': 'clinical_trials', 'therapeutic_area': 'Oncology', 'indication': 'Lung Cancer', 'keyword': 'RG-7446', 'title': 'Testing Anti-Cancer Drugs Erdafitinib With or Without Atezolizumab in Patients With Localized Bladder Cancer Not Able to Receive Cisplatin Chemotherapy, NERA Trial', 'link': 'https://clinicaltrials.gov/ct2/show/NCT05564416?cond=RG-7446&sfpd_d=100', 'publisher': 'National Cancer Institute (NCI)', 'published_at': '2022-10-03T12:00:00.000Z', 'updated_at': '2022-10-18T18:01:10.244Z', 'atacana_team': None, 'category': None, 'priority': None, 'content': None}
[2022-10-18 18:08:17,620] {_universal.py:476} INFO - Request URL: 'https://atacananews.blob.core.windows.net/atacana-blob-container/lung-cancer/clinical-trials/20221018/rg-7446/lung-cancer_clinical-trials_20221018_rg-7446_NCT05581004.json'
Request method: 'GET'
Request headers:
    'x-ms-range': 'REDACTED'
    'x-ms-version': 'REDACTED'
    'Accept': 'application/xml'
    'User-Agent': 'azsdk-python-storage-blob/12.13.1 Python/3.8.15 (Linux-5.10.124-linuxkit-aarch64-with-glibc2.17)'
    'x-ms-date': 'REDACTED'
    'x-ms-client-request-id': 'd774b6dc-4f0f-11ed-953e-0242bebc0005'
    'Authorization': 'REDACTED'
No body was attached to the request
[2022-10-18 18:08:17,808] {_universal.py:504} INFO - Response status: 206
Response headers:
    'Content-Length': '809'
    'Content-Type': 'application/octet-stream'
    'Content-Range': 'REDACTED'
    'Last-Modified': 'Tue, 18 Oct 2022 18:03:43 GMT'
    'Accept-Ranges': 'REDACTED'
    'ETag': '"0x8DAB133181C0B84"'
    'Server': 'Windows-Azure-Blob/1.0 Microsoft-HTTPAPI/2.0'
    'x-ms-request-id': 'e44f43eb-701e-0054-031c-e3f050000000'
    'x-ms-client-request-id': 'd774b6dc-4f0f-11ed-953e-0242bebc0005'
    'x-ms-version': 'REDACTED'
    'x-ms-creation-time': 'REDACTED'
    'x-ms-blob-content-md5': 'REDACTED'
    'x-ms-lease-status': 'REDACTED'
    'x-ms-lease-state': 'REDACTED'
    'x-ms-blob-type': 'REDACTED'
    'x-ms-server-encrypted': 'REDACTED'
    'Date': 'Tue, 18 Oct 2022 18:08:17 GMT'
[2022-10-18 18:08:17,820] {logging_mixin.py:115} INFO - <class 'pandas.core.frame.DataFrame'>
RangeIndex: 1 entries, 0 to 0
Data columns (total 13 columns):
 #   Column            Non-Null Count  Dtype 
---  ------            --------------  ----- 
 0   title             1 non-null      object
 1   link              1 non-null      object
 2   id                1 non-null      object
 3   published_at      1 non-null      object
 4   conditions        1 non-null      object
 5   intervention      1 non-null      object
 6   publisher         1 non-null      object
 7   status            1 non-null      object
 8   source            1 non-null      object
 9   keyword           1 non-null      object
 10  indication        1 non-null      object
 11  therapeutic_area  1 non-null      object
 12  updated_at        1 non-null      object
dtypes: object(13)
memory usage: 232.0+ bytes
[2022-10-18 18:08:17,825] {process_news_dag_factory.py:159} INFO - None
[2022-10-18 18:08:17,831] {process_news_dag_factory.py:167} INFO - {'id': 'NCT05581004', 'source': 'clinical_trials', 'therapeutic_area': 'Oncology', 'indication': 'Lung Cancer', 'keyword': 'RG-7446', 'title': 'A Study to Evaluate the Safety, Pharmacokinetics, and Activity of RO7502175 as a Single Agent and in Combination With Atezolizumab in Participants With Locally Advanced or Metastatic Solid Tumors', 'link': 'https://clinicaltrials.gov/ct2/show/NCT05581004?cond=RG-7446&sfpd_d=100', 'publisher': 'Genentech, Inc.', 'published_at': '2022-10-14T12:00:00.000Z', 'updated_at': '2022-10-18T18:01:10.244Z', 'atacana_team': None, 'category': None, 'priority': None, 'content': None}
[2022-10-18 18:08:18,253] {python.py:173} INFO - Done. Returned value was: None
[2022-10-18 18:08:18,263] {taskinstance.py:1395} INFO - Marking task as SUCCESS. dag_id=clinical_trials__lung_cancer__etl__20220109, task_id=load_data_to_mongodb_task, map_index=48, execution_date=20221018T160000, start_date=20221018T180805, end_date=20221018T180818
[2022-10-18 18:08:18,308] {local_task_job.py:156} INFO - Task exited with return code 0
[2022-10-18 18:08:18,329] {local_task_job.py:273} INFO - 0 downstream tasks scheduled from follow-on schedule check
