[2022-10-18 20:06:16,224] {taskinstance.py:1159} INFO - Dependencies all met for <TaskInstance: clinical_trials__lung_cancer__etl__20220109.load_data_to_mongodb_task scheduled__2022-10-18T18:00:00+00:00 map_index=62 [queued]>
[2022-10-18 20:06:16,236] {taskinstance.py:1159} INFO - Dependencies all met for <TaskInstance: clinical_trials__lung_cancer__etl__20220109.load_data_to_mongodb_task scheduled__2022-10-18T18:00:00+00:00 map_index=62 [queued]>
[2022-10-18 20:06:16,237] {taskinstance.py:1356} INFO - 
--------------------------------------------------------------------------------
[2022-10-18 20:06:16,238] {taskinstance.py:1357} INFO - Starting attempt 1 of 1
[2022-10-18 20:06:16,239] {taskinstance.py:1358} INFO - 
--------------------------------------------------------------------------------
[2022-10-18 20:06:16,246] {taskinstance.py:1377} INFO - Executing <Mapped(_PythonDecoratedOperator): load_data_to_mongodb_task> on 2022-10-18 18:00:00+00:00
[2022-10-18 20:06:16,251] {standard_task_runner.py:52} INFO - Started process 5210 to run task
[2022-10-18 20:06:16,254] {standard_task_runner.py:79} INFO - Running: ['airflow', 'tasks', 'run', 'clinical_trials__lung_cancer__etl__20220109', 'load_data_to_mongodb_task', 'scheduled__2022-10-18T18:00:00+00:00', '--job-id', '660', '--raw', '--subdir', 'DAGS_FOLDER/process_news_dags.py', '--cfg-path', '/tmp/tmpsb8kv9h6', '--map-index', '62', '--error-file', '/tmp/tmpx97uyssi']
[2022-10-18 20:06:16,257] {standard_task_runner.py:80} INFO - Job 660: Subtask load_data_to_mongodb_task
[2022-10-18 20:06:16,269] {logging_mixin.py:115} WARNING - /root/.cache/pypoetry/virtualenvs/***-tXitOD5F-py3.8/lib/python3.8/site-packages/airflow/configuration.py:525 DeprecationWarning: The sql_alchemy_conn option in [core] has been moved to the sql_alchemy_conn option in [database] - the old setting has been used, but please update your config.
[2022-10-18 20:06:16,296] {task_command.py:370} INFO - Running <TaskInstance: clinical_trials__lung_cancer__etl__20220109.load_data_to_mongodb_task scheduled__2022-10-18T18:00:00+00:00 map_index=62 [running]> on host 6cdf6d517dc4
[2022-10-18 20:06:16,337] {taskinstance.py:1569} INFO - Exporting the following env vars:
AIRFLOW_CTX_DAG_EMAIL=wais@datakimia.com,david@datakimia.com,juanm@datakimia.com,tomas@datakimia.com
AIRFLOW_CTX_DAG_OWNER=atacana
AIRFLOW_CTX_DAG_ID=clinical_trials__lung_cancer__etl__20220109
AIRFLOW_CTX_TASK_ID=load_data_to_mongodb_task
AIRFLOW_CTX_EXECUTION_DATE=2022-10-18T18:00:00+00:00
AIRFLOW_CTX_TRY_NUMBER=1
AIRFLOW_CTX_DAG_RUN_ID=scheduled__2022-10-18T18:00:00+00:00
[2022-10-18 20:06:16,339] {process_news_dag_factory.py:128} INFO - Going to load data from clinical_trials about topic Small cell lung cancer
[2022-10-18 20:06:16,358] {db_helpers.py:35} INFO - Connected successfully!!!
[2022-10-18 20:06:16,362] {_universal.py:476} INFO - Request URL: 'https://atacananews.blob.core.windows.net/atacana-blob-container?restype=REDACTED&comp=REDACTED&prefix=REDACTED&delimiter=REDACTED'
Request method: 'GET'
Request headers:
    'x-ms-version': 'REDACTED'
    'Accept': 'application/xml'
    'User-Agent': 'azsdk-python-storage-blob/12.13.1 Python/3.8.15 (Linux-5.10.124-linuxkit-aarch64-with-glibc2.17)'
    'x-ms-date': 'REDACTED'
    'x-ms-client-request-id': '52b6ebf2-4f20-11ed-a15f-0242bebc0005'
    'Authorization': 'REDACTED'
No body was attached to the request
[2022-10-18 20:06:17,286] {_universal.py:504} INFO - Response status: 200
Response headers:
    'Transfer-Encoding': 'chunked'
    'Content-Type': 'application/xml'
    'Server': 'Windows-Azure-Blob/1.0 Microsoft-HTTPAPI/2.0'
    'x-ms-request-id': 'b7fe026a-b01e-0039-692d-e3441b000000'
    'x-ms-client-request-id': '52b6ebf2-4f20-11ed-a15f-0242bebc0005'
    'x-ms-version': 'REDACTED'
    'Date': 'Tue, 18 Oct 2022 20:06:16 GMT'
[2022-10-18 20:06:17,294] {_universal.py:476} INFO - Request URL: 'https://atacananews.blob.core.windows.net/atacana-blob-container/lung-cancer/clinical-trials/20221018/small-cell-lung-cancer/lung-cancer_clinical-trials_20221018_small-cell-lung-cancer_NCT05450965.json'
Request method: 'GET'
Request headers:
    'x-ms-range': 'REDACTED'
    'x-ms-version': 'REDACTED'
    'Accept': 'application/xml'
    'User-Agent': 'azsdk-python-storage-blob/12.13.1 Python/3.8.15 (Linux-5.10.124-linuxkit-aarch64-with-glibc2.17)'
    'x-ms-date': 'REDACTED'
    'x-ms-client-request-id': '5345365a-4f20-11ed-a15f-0242bebc0005'
    'Authorization': 'REDACTED'
No body was attached to the request
[2022-10-18 20:06:17,482] {_universal.py:504} INFO - Response status: 206
Response headers:
    'Content-Length': '620'
    'Content-Type': 'application/octet-stream'
    'Content-Range': 'REDACTED'
    'Last-Modified': 'Tue, 18 Oct 2022 20:02:46 GMT'
    'Accept-Ranges': 'REDACTED'
    'ETag': '"0x8DAB143B9BE0CC9"'
    'Server': 'Windows-Azure-Blob/1.0 Microsoft-HTTPAPI/2.0'
    'x-ms-request-id': 'b7fe037c-b01e-0039-692d-e3441b000000'
    'x-ms-client-request-id': '5345365a-4f20-11ed-a15f-0242bebc0005'
    'x-ms-version': 'REDACTED'
    'x-ms-creation-time': 'REDACTED'
    'x-ms-blob-content-md5': 'REDACTED'
    'x-ms-lease-status': 'REDACTED'
    'x-ms-lease-state': 'REDACTED'
    'x-ms-blob-type': 'REDACTED'
    'x-ms-server-encrypted': 'REDACTED'
    'Date': 'Tue, 18 Oct 2022 20:06:17 GMT'
[2022-10-18 20:06:17,505] {logging_mixin.py:115} INFO - <class 'pandas.core.frame.DataFrame'>
RangeIndex: 1 entries, 0 to 0
Data columns (total 13 columns):
 #   Column            Non-Null Count  Dtype 
---  ------            --------------  ----- 
 0   title             1 non-null      object
 1   link              1 non-null      object
 2   id                1 non-null      object
 3   published_at      1 non-null      object
 4   conditions        1 non-null      object
 5   intervention      1 non-null      object
 6   publisher         1 non-null      object
 7   status            1 non-null      object
 8   source            1 non-null      object
 9   keyword           1 non-null      object
 10  indication        1 non-null      object
 11  therapeutic_area  1 non-null      object
 12  updated_at        1 non-null      object
dtypes: object(13)
memory usage: 232.0+ bytes
[2022-10-18 20:06:17,507] {process_news_dag_factory.py:159} INFO - None
[2022-10-18 20:06:17,511] {process_news_dag_factory.py:167} INFO - {'id': 'NCT05450965', 'source': 'clinical_trials', 'therapeutic_area': 'Oncology', 'indication': 'Lung Cancer', 'keyword': 'Small cell lung cancer', 'title': 'Study of PLK1 Inhibitor, Onvansertib, in Relapsed Small Cell Lung Cancer', 'link': 'https://clinicaltrials.gov/ct2/show/NCT05450965?cond=Small+cell+lung+cancer&sfpd_d=100', 'publisher': 'Taofeek Owonikoko;   National Institutes of Health (NIH);   Cardiff Oncology', 'published_at': '2022-07-11T12:00:00.000Z', 'updated_at': '2022-10-18T20:01:18.934Z', 'atacana_team': None, 'category': None, 'priority': None, 'content': None}
[2022-10-18 20:06:18,674] {_universal.py:476} INFO - Request URL: 'https://atacananews.blob.core.windows.net/atacana-blob-container/lung-cancer/clinical-trials/20221018/small-cell-lung-cancer/lung-cancer_clinical-trials_20221018_small-cell-lung-cancer_NCT05468489.json'
Request method: 'GET'
Request headers:
    'x-ms-range': 'REDACTED'
    'x-ms-version': 'REDACTED'
    'Accept': 'application/xml'
    'User-Agent': 'azsdk-python-storage-blob/12.13.1 Python/3.8.15 (Linux-5.10.124-linuxkit-aarch64-with-glibc2.17)'
    'x-ms-date': 'REDACTED'
    'x-ms-client-request-id': '5417c0f2-4f20-11ed-a15f-0242bebc0005'
    'Authorization': 'REDACTED'
No body was attached to the request
[2022-10-18 20:06:18,858] {_universal.py:504} INFO - Response status: 206
Response headers:
    'Content-Length': '685'
    'Content-Type': 'application/octet-stream'
    'Content-Range': 'REDACTED'
    'Last-Modified': 'Tue, 18 Oct 2022 20:02:47 GMT'
    'Accept-Ranges': 'REDACTED'
    'ETag': '"0x8DAB143BA315742"'
    'Server': 'Windows-Azure-Blob/1.0 Microsoft-HTTPAPI/2.0'
    'x-ms-request-id': 'b7fe0793-b01e-0039-2f2d-e3441b000000'
    'x-ms-client-request-id': '5417c0f2-4f20-11ed-a15f-0242bebc0005'
    'x-ms-version': 'REDACTED'
    'x-ms-creation-time': 'REDACTED'
    'x-ms-blob-content-md5': 'REDACTED'
    'x-ms-lease-status': 'REDACTED'
    'x-ms-lease-state': 'REDACTED'
    'x-ms-blob-type': 'REDACTED'
    'x-ms-server-encrypted': 'REDACTED'
    'Date': 'Tue, 18 Oct 2022 20:06:18 GMT'
[2022-10-18 20:06:18,863] {logging_mixin.py:115} INFO - <class 'pandas.core.frame.DataFrame'>
RangeIndex: 1 entries, 0 to 0
Data columns (total 13 columns):
 #   Column            Non-Null Count  Dtype 
---  ------            --------------  ----- 
 0   title             1 non-null      object
 1   link              1 non-null      object
 2   id                1 non-null      object
 3   published_at      1 non-null      object
 4   conditions        1 non-null      object
 5   intervention      1 non-null      object
 6   publisher         1 non-null      object
 7   status            1 non-null      object
 8   source            1 non-null      object
 9   keyword           1 non-null      object
 10  indication        1 non-null      object
 11  therapeutic_area  1 non-null      object
 12  updated_at        1 non-null      object
dtypes: object(13)
memory usage: 232.0+ bytes
[2022-10-18 20:06:18,864] {process_news_dag_factory.py:159} INFO - None
[2022-10-18 20:06:18,867] {process_news_dag_factory.py:167} INFO - {'id': 'NCT05468489', 'source': 'clinical_trials', 'therapeutic_area': 'Oncology', 'indication': 'Lung Cancer', 'keyword': 'Small cell lung cancer', 'title': 'To Evaluate Efficacy and Safety of HLX10 + Chemotherapy (Carboplatin- Etoposide) in US Patients With ES-SCLC', 'link': 'https://clinicaltrials.gov/ct2/show/NCT05468489?cond=Small+cell+lung+cancer&sfpd_d=100', 'publisher': 'Shanghai Henlius Biotech', 'published_at': '2022-07-21T12:00:00.000Z', 'updated_at': '2022-10-18T20:01:18.934Z', 'atacana_team': None, 'category': None, 'priority': None, 'content': None}
[2022-10-18 20:06:19,062] {_universal.py:476} INFO - Request URL: 'https://atacananews.blob.core.windows.net/atacana-blob-container/lung-cancer/clinical-trials/20221018/small-cell-lung-cancer/lung-cancer_clinical-trials_20221018_small-cell-lung-cancer_NCT05483543.json'
Request method: 'GET'
Request headers:
    'x-ms-range': 'REDACTED'
    'x-ms-version': 'REDACTED'
    'Accept': 'application/xml'
    'User-Agent': 'azsdk-python-storage-blob/12.13.1 Python/3.8.15 (Linux-5.10.124-linuxkit-aarch64-with-glibc2.17)'
    'x-ms-date': 'REDACTED'
    'x-ms-client-request-id': '5452fc80-4f20-11ed-a15f-0242bebc0005'
    'Authorization': 'REDACTED'
No body was attached to the request
[2022-10-18 20:06:19,249] {_universal.py:504} INFO - Response status: 206
Response headers:
    'Content-Length': '567'
    'Content-Type': 'application/octet-stream'
    'Content-Range': 'REDACTED'
    'Last-Modified': 'Tue, 18 Oct 2022 20:02:47 GMT'
    'Accept-Ranges': 'REDACTED'
    'ETag': '"0x8DAB143BA8AB4E0"'
    'Server': 'Windows-Azure-Blob/1.0 Microsoft-HTTPAPI/2.0'
    'x-ms-request-id': 'b7fe0931-b01e-0039-332d-e3441b000000'
    'x-ms-client-request-id': '5452fc80-4f20-11ed-a15f-0242bebc0005'
    'x-ms-version': 'REDACTED'
    'x-ms-creation-time': 'REDACTED'
    'x-ms-blob-content-md5': 'REDACTED'
    'x-ms-lease-status': 'REDACTED'
    'x-ms-lease-state': 'REDACTED'
    'x-ms-blob-type': 'REDACTED'
    'x-ms-server-encrypted': 'REDACTED'
    'Date': 'Tue, 18 Oct 2022 20:06:18 GMT'
[2022-10-18 20:06:19,254] {logging_mixin.py:115} INFO - <class 'pandas.core.frame.DataFrame'>
RangeIndex: 1 entries, 0 to 0
Data columns (total 13 columns):
 #   Column            Non-Null Count  Dtype 
---  ------            --------------  ----- 
 0   title             1 non-null      object
 1   link              1 non-null      object
 2   id                1 non-null      object
 3   published_at      1 non-null      object
 4   conditions        1 non-null      object
 5   intervention      1 non-null      object
 6   publisher         1 non-null      object
 7   status            1 non-null      object
 8   source            1 non-null      object
 9   keyword           1 non-null      object
 10  indication        1 non-null      object
 11  therapeutic_area  1 non-null      object
 12  updated_at        1 non-null      object
dtypes: object(13)
memory usage: 232.0+ bytes
[2022-10-18 20:06:19,256] {process_news_dag_factory.py:159} INFO - None
[2022-10-18 20:06:19,258] {process_news_dag_factory.py:167} INFO - {'id': 'NCT05483543', 'source': 'clinical_trials', 'therapeutic_area': 'Oncology', 'indication': 'Lung Cancer', 'keyword': 'Small cell lung cancer', 'title': 'Pamiparib for Consolidation Treatment of Unprogressed LS-SCLC After Concurrent Chemoradiotherapy', 'link': 'https://clinicaltrials.gov/ct2/show/NCT05483543?cond=Small+cell+lung+cancer&sfpd_d=100', 'publisher': 'Fudan University', 'published_at': '2022-08-02T12:00:00.000Z', 'updated_at': '2022-10-18T20:01:18.934Z', 'atacana_team': None, 'category': None, 'priority': None, 'content': None}
[2022-10-18 20:06:19,471] {_universal.py:476} INFO - Request URL: 'https://atacananews.blob.core.windows.net/atacana-blob-container/lung-cancer/clinical-trials/20221018/small-cell-lung-cancer/lung-cancer_clinical-trials_20221018_small-cell-lung-cancer_NCT05484583.json'
Request method: 'GET'
Request headers:
    'x-ms-range': 'REDACTED'
    'x-ms-version': 'REDACTED'
    'Accept': 'application/xml'
    'User-Agent': 'azsdk-python-storage-blob/12.13.1 Python/3.8.15 (Linux-5.10.124-linuxkit-aarch64-with-glibc2.17)'
    'x-ms-date': 'REDACTED'
    'x-ms-client-request-id': '54915174-4f20-11ed-a15f-0242bebc0005'
    'Authorization': 'REDACTED'
No body was attached to the request
[2022-10-18 20:06:19,662] {_universal.py:504} INFO - Response status: 206
Response headers:
    'Content-Length': '806'
    'Content-Type': 'application/octet-stream'
    'Content-Range': 'REDACTED'
    'Last-Modified': 'Tue, 18 Oct 2022 20:02:47 GMT'
    'Accept-Ranges': 'REDACTED'
    'ETag': '"0x8DAB143BA6DBB30"'
    'Server': 'Windows-Azure-Blob/1.0 Microsoft-HTTPAPI/2.0'
    'x-ms-request-id': 'b7fe0b11-b01e-0039-6f2d-e3441b000000'
    'x-ms-client-request-id': '54915174-4f20-11ed-a15f-0242bebc0005'
    'x-ms-version': 'REDACTED'
    'x-ms-creation-time': 'REDACTED'
    'x-ms-blob-content-md5': 'REDACTED'
    'x-ms-lease-status': 'REDACTED'
    'x-ms-lease-state': 'REDACTED'
    'x-ms-blob-type': 'REDACTED'
    'x-ms-server-encrypted': 'REDACTED'
    'Date': 'Tue, 18 Oct 2022 20:06:19 GMT'
[2022-10-18 20:06:19,668] {logging_mixin.py:115} INFO - <class 'pandas.core.frame.DataFrame'>
RangeIndex: 1 entries, 0 to 0
Data columns (total 13 columns):
 #   Column            Non-Null Count  Dtype 
---  ------            --------------  ----- 
 0   title             1 non-null      object
 1   link              1 non-null      object
 2   id                1 non-null      object
 3   published_at      1 non-null      object
 4   conditions        1 non-null      object
 5   intervention      1 non-null      object
 6   publisher         1 non-null      object
 7   status            1 non-null      object
 8   source            1 non-null      object
 9   keyword           1 non-null      object
 10  indication        1 non-null      object
 11  therapeutic_area  1 non-null      object
 12  updated_at        1 non-null      object
dtypes: object(13)
memory usage: 232.0+ bytes
[2022-10-18 20:06:19,669] {process_news_dag_factory.py:159} INFO - None
[2022-10-18 20:06:19,672] {process_news_dag_factory.py:167} INFO - {'id': 'NCT05484583', 'source': 'clinical_trials', 'therapeutic_area': 'Oncology', 'indication': 'Lung Cancer', 'keyword': 'Small cell lung cancer', 'title': 'Durvalumab Combined With Consolidation Radiotherapy After First-line Treatment in Extensive Stage Small Cell Lung Cancer With Oligometastases', 'link': 'https://clinicaltrials.gov/ct2/show/NCT05484583?cond=Small+cell+lung+cancer&sfpd_d=100', 'publisher': 'Affiliated Cancer Hospital & Institute of Guangzhou Medical University', 'published_at': '2022-08-02T12:00:00.000Z', 'updated_at': '2022-10-18T20:01:18.934Z', 'atacana_team': None, 'category': None, 'priority': None, 'content': None}
[2022-10-18 20:06:19,869] {_universal.py:476} INFO - Request URL: 'https://atacananews.blob.core.windows.net/atacana-blob-container/lung-cancer/clinical-trials/20221018/small-cell-lung-cancer/lung-cancer_clinical-trials_20221018_small-cell-lung-cancer_NCT05490472.json'
Request method: 'GET'
Request headers:
    'x-ms-range': 'REDACTED'
    'x-ms-version': 'REDACTED'
    'Accept': 'application/xml'
    'User-Agent': 'azsdk-python-storage-blob/12.13.1 Python/3.8.15 (Linux-5.10.124-linuxkit-aarch64-with-glibc2.17)'
    'x-ms-date': 'REDACTED'
    'x-ms-client-request-id': '54ce22c0-4f20-11ed-a15f-0242bebc0005'
    'Authorization': 'REDACTED'
No body was attached to the request
[2022-10-18 20:06:20,057] {_universal.py:504} INFO - Response status: 206
Response headers:
    'Content-Length': '670'
    'Content-Type': 'application/octet-stream'
    'Content-Range': 'REDACTED'
    'Last-Modified': 'Tue, 18 Oct 2022 20:02:49 GMT'
    'Accept-Ranges': 'REDACTED'
    'ETag': '"0x8DAB143BB549E36"'
    'Server': 'Windows-Azure-Blob/1.0 Microsoft-HTTPAPI/2.0'
    'x-ms-request-id': 'b7fe0cb1-b01e-0039-742d-e3441b000000'
    'x-ms-client-request-id': '54ce22c0-4f20-11ed-a15f-0242bebc0005'
    'x-ms-version': 'REDACTED'
    'x-ms-creation-time': 'REDACTED'
    'x-ms-blob-content-md5': 'REDACTED'
    'x-ms-lease-status': 'REDACTED'
    'x-ms-lease-state': 'REDACTED'
    'x-ms-blob-type': 'REDACTED'
    'x-ms-server-encrypted': 'REDACTED'
    'Date': 'Tue, 18 Oct 2022 20:06:19 GMT'
[2022-10-18 20:06:20,062] {logging_mixin.py:115} INFO - <class 'pandas.core.frame.DataFrame'>
RangeIndex: 1 entries, 0 to 0
Data columns (total 13 columns):
 #   Column            Non-Null Count  Dtype 
---  ------            --------------  ----- 
 0   title             1 non-null      object
 1   link              1 non-null      object
 2   id                1 non-null      object
 3   published_at      1 non-null      object
 4   conditions        1 non-null      object
 5   intervention      1 non-null      object
 6   publisher         1 non-null      object
 7   status            1 non-null      object
 8   source            1 non-null      object
 9   keyword           1 non-null      object
 10  indication        1 non-null      object
 11  therapeutic_area  1 non-null      object
 12  updated_at        1 non-null      object
dtypes: object(13)
memory usage: 232.0+ bytes
[2022-10-18 20:06:20,063] {process_news_dag_factory.py:159} INFO - None
[2022-10-18 20:06:20,066] {process_news_dag_factory.py:167} INFO - {'id': 'NCT05490472', 'source': 'clinical_trials', 'therapeutic_area': 'Oncology', 'indication': 'Lung Cancer', 'keyword': 'Small cell lung cancer', 'title': 'JAB-2485 Activity in Adult Patients With Advanced Solid Tumors', 'link': 'https://clinicaltrials.gov/ct2/show/NCT05490472?cond=Small+cell+lung+cancer&sfpd_d=100', 'publisher': 'Jacobio Pharmaceuticals Co., Ltd.', 'published_at': '2022-08-05T12:00:00.000Z', 'updated_at': '2022-10-18T20:01:18.934Z', 'atacana_team': None, 'category': None, 'priority': None, 'content': None}
[2022-10-18 20:06:20,264] {_universal.py:476} INFO - Request URL: 'https://atacananews.blob.core.windows.net/atacana-blob-container/lung-cancer/clinical-trials/20221018/small-cell-lung-cancer/lung-cancer_clinical-trials_20221018_small-cell-lung-cancer_NCT05496166.json'
Request method: 'GET'
Request headers:
    'x-ms-range': 'REDACTED'
    'x-ms-version': 'REDACTED'
    'Accept': 'application/xml'
    'User-Agent': 'azsdk-python-storage-blob/12.13.1 Python/3.8.15 (Linux-5.10.124-linuxkit-aarch64-with-glibc2.17)'
    'x-ms-date': 'REDACTED'
    'x-ms-client-request-id': '550a5dc6-4f20-11ed-a15f-0242bebc0005'
    'Authorization': 'REDACTED'
No body was attached to the request
[2022-10-18 20:06:20,459] {_universal.py:504} INFO - Response status: 206
Response headers:
    'Content-Length': '789'
    'Content-Type': 'application/octet-stream'
    'Content-Range': 'REDACTED'
    'Last-Modified': 'Tue, 18 Oct 2022 20:02:46 GMT'
    'Accept-Ranges': 'REDACTED'
    'ETag': '"0x8DAB143B9F80018"'
    'Server': 'Windows-Azure-Blob/1.0 Microsoft-HTTPAPI/2.0'
    'x-ms-request-id': 'b7fe0e7e-b01e-0039-332d-e3441b000000'
    'x-ms-client-request-id': '550a5dc6-4f20-11ed-a15f-0242bebc0005'
    'x-ms-version': 'REDACTED'
    'x-ms-creation-time': 'REDACTED'
    'x-ms-blob-content-md5': 'REDACTED'
    'x-ms-lease-status': 'REDACTED'
    'x-ms-lease-state': 'REDACTED'
    'x-ms-blob-type': 'REDACTED'
    'x-ms-server-encrypted': 'REDACTED'
    'Date': 'Tue, 18 Oct 2022 20:06:20 GMT'
[2022-10-18 20:06:20,474] {logging_mixin.py:115} INFO - <class 'pandas.core.frame.DataFrame'>
RangeIndex: 1 entries, 0 to 0
Data columns (total 13 columns):
 #   Column            Non-Null Count  Dtype 
---  ------            --------------  ----- 
 0   title             1 non-null      object
 1   link              1 non-null      object
 2   id                1 non-null      object
 3   published_at      1 non-null      object
 4   conditions        1 non-null      object
 5   intervention      1 non-null      object
 6   publisher         1 non-null      object
 7   status            1 non-null      object
 8   source            1 non-null      object
 9   keyword           1 non-null      object
 10  indication        1 non-null      object
 11  therapeutic_area  1 non-null      object
 12  updated_at        1 non-null      object
dtypes: object(13)
memory usage: 232.0+ bytes
[2022-10-18 20:06:20,477] {process_news_dag_factory.py:159} INFO - None
[2022-10-18 20:06:20,482] {process_news_dag_factory.py:167} INFO - {'id': 'NCT05496166', 'source': 'clinical_trials', 'therapeutic_area': 'Oncology', 'indication': 'Lung Cancer', 'keyword': 'Small cell lung cancer', 'title': 'The Efficiency of Surgery and Radiotherapy After SHR-1316 (Adebrelimab) and Platinum-containing Doublet Induction Therapy for Limited-stage Small Cell Lung Cancer', 'link': 'https://clinicaltrials.gov/ct2/show/NCT05496166?cond=Small+cell+lung+cancer&sfpd_d=100', 'publisher': 'Shanghai Pulmonary Hospital, Shanghai, China;   Jiangsu HengRui Medicine Co., Ltd.', 'published_at': '2022-08-11T12:00:00.000Z', 'updated_at': '2022-10-18T20:01:18.934Z', 'atacana_team': None, 'category': None, 'priority': None, 'content': None}
[2022-10-18 20:06:20,689] {_universal.py:476} INFO - Request URL: 'https://atacananews.blob.core.windows.net/atacana-blob-container/lung-cancer/clinical-trials/20221018/small-cell-lung-cancer/lung-cancer_clinical-trials_20221018_small-cell-lung-cancer_NCT05505825.json'
Request method: 'GET'
Request headers:
    'x-ms-range': 'REDACTED'
    'x-ms-version': 'REDACTED'
    'Accept': 'application/xml'
    'User-Agent': 'azsdk-python-storage-blob/12.13.1 Python/3.8.15 (Linux-5.10.124-linuxkit-aarch64-with-glibc2.17)'
    'x-ms-date': 'REDACTED'
    'x-ms-client-request-id': '554b1032-4f20-11ed-a15f-0242bebc0005'
    'Authorization': 'REDACTED'
No body was attached to the request
[2022-10-18 20:06:20,889] {_universal.py:504} INFO - Response status: 206
Response headers:
    'Content-Length': '616'
    'Content-Type': 'application/octet-stream'
    'Content-Range': 'REDACTED'
    'Last-Modified': 'Tue, 18 Oct 2022 20:02:48 GMT'
    'Accept-Ranges': 'REDACTED'
    'ETag': '"0x8DAB143BB1A83DA"'
    'Server': 'Windows-Azure-Blob/1.0 Microsoft-HTTPAPI/2.0'
    'x-ms-request-id': 'b7fe0fe5-b01e-0039-0a2d-e3441b000000'
    'x-ms-client-request-id': '554b1032-4f20-11ed-a15f-0242bebc0005'
    'x-ms-version': 'REDACTED'
    'x-ms-creation-time': 'REDACTED'
    'x-ms-blob-content-md5': 'REDACTED'
    'x-ms-lease-status': 'REDACTED'
    'x-ms-lease-state': 'REDACTED'
    'x-ms-blob-type': 'REDACTED'
    'x-ms-server-encrypted': 'REDACTED'
    'Date': 'Tue, 18 Oct 2022 20:06:20 GMT'
[2022-10-18 20:06:20,894] {logging_mixin.py:115} INFO - <class 'pandas.core.frame.DataFrame'>
RangeIndex: 1 entries, 0 to 0
Data columns (total 13 columns):
 #   Column            Non-Null Count  Dtype 
---  ------            --------------  ----- 
 0   title             1 non-null      object
 1   link              1 non-null      object
 2   id                1 non-null      object
 3   published_at      1 non-null      object
 4   conditions        1 non-null      object
 5   intervention      1 non-null      object
 6   publisher         1 non-null      object
 7   status            1 non-null      object
 8   source            1 non-null      object
 9   keyword           1 non-null      object
 10  indication        1 non-null      object
 11  therapeutic_area  1 non-null      object
 12  updated_at        1 non-null      object
dtypes: object(13)
memory usage: 232.0+ bytes
[2022-10-18 20:06:20,896] {process_news_dag_factory.py:159} INFO - None
[2022-10-18 20:06:20,899] {process_news_dag_factory.py:167} INFO - {'id': 'NCT05505825', 'source': 'clinical_trials', 'therapeutic_area': 'Oncology', 'indication': 'Lung Cancer', 'keyword': 'Small cell lung cancer', 'title': 'A Study of AK104 in Combination With Chiauranib in Patients With Extensive Stage Small Cell Lung Cancer', 'link': 'https://clinicaltrials.gov/ct2/show/NCT05505825?cond=Small+cell+lung+cancer&sfpd_d=100', 'publisher': 'Akeso;   Chipscreen Biosciences, Ltd.', 'published_at': '2022-08-18T12:00:00.000Z', 'updated_at': '2022-10-18T20:01:18.934Z', 'atacana_team': None, 'category': None, 'priority': None, 'content': None}
[2022-10-18 20:06:21,095] {_universal.py:476} INFO - Request URL: 'https://atacananews.blob.core.windows.net/atacana-blob-container/lung-cancer/clinical-trials/20221018/small-cell-lung-cancer/lung-cancer_clinical-trials_20221018_small-cell-lung-cancer_NCT05507593.json'
Request method: 'GET'
Request headers:
    'x-ms-range': 'REDACTED'
    'x-ms-version': 'REDACTED'
    'Accept': 'application/xml'
    'User-Agent': 'azsdk-python-storage-blob/12.13.1 Python/3.8.15 (Linux-5.10.124-linuxkit-aarch64-with-glibc2.17)'
    'x-ms-date': 'REDACTED'
    'x-ms-client-request-id': '55893c22-4f20-11ed-a15f-0242bebc0005'
    'Authorization': 'REDACTED'
No body was attached to the request
[2022-10-18 20:06:21,289] {_universal.py:504} INFO - Response status: 206
Response headers:
    'Content-Length': '595'
    'Content-Type': 'application/octet-stream'
    'Content-Range': 'REDACTED'
    'Last-Modified': 'Tue, 18 Oct 2022 20:02:48 GMT'
    'Accept-Ranges': 'REDACTED'
    'ETag': '"0x8DAB143BAE06985"'
    'Server': 'Windows-Azure-Blob/1.0 Microsoft-HTTPAPI/2.0'
    'x-ms-request-id': 'b7fe1178-b01e-0039-022d-e3441b000000'
    'x-ms-client-request-id': '55893c22-4f20-11ed-a15f-0242bebc0005'
    'x-ms-version': 'REDACTED'
    'x-ms-creation-time': 'REDACTED'
    'x-ms-blob-content-md5': 'REDACTED'
    'x-ms-lease-status': 'REDACTED'
    'x-ms-lease-state': 'REDACTED'
    'x-ms-blob-type': 'REDACTED'
    'x-ms-server-encrypted': 'REDACTED'
    'Date': 'Tue, 18 Oct 2022 20:06:20 GMT'
[2022-10-18 20:06:21,298] {logging_mixin.py:115} INFO - <class 'pandas.core.frame.DataFrame'>
RangeIndex: 1 entries, 0 to 0
Data columns (total 13 columns):
 #   Column            Non-Null Count  Dtype 
---  ------            --------------  ----- 
 0   title             1 non-null      object
 1   link              1 non-null      object
 2   id                1 non-null      object
 3   published_at      1 non-null      object
 4   conditions        1 non-null      object
 5   intervention      1 non-null      object
 6   publisher         1 non-null      object
 7   status            1 non-null      object
 8   source            1 non-null      object
 9   keyword           1 non-null      object
 10  indication        1 non-null      object
 11  therapeutic_area  1 non-null      object
 12  updated_at        1 non-null      object
dtypes: object(13)
memory usage: 232.0+ bytes
[2022-10-18 20:06:21,299] {process_news_dag_factory.py:159} INFO - None
[2022-10-18 20:06:21,303] {process_news_dag_factory.py:167} INFO - {'id': 'NCT05507593', 'source': 'clinical_trials', 'therapeutic_area': 'Oncology', 'indication': 'Lung Cancer', 'keyword': 'Small cell lung cancer', 'title': 'Study of DLL3-CAR-NK Cells in the Treatment of Extensive Stage Small Cell Lung Cancer', 'link': 'https://clinicaltrials.gov/ct2/show/NCT05507593?cond=Small+cell+lung+cancer&sfpd_d=100', 'publisher': 'Tianjin Medical University Cancer Institute and Hospital', 'published_at': '2022-08-19T12:00:00.000Z', 'updated_at': '2022-10-18T20:01:18.934Z', 'atacana_team': None, 'category': None, 'priority': None, 'content': None}
[2022-10-18 20:06:21,512] {_universal.py:476} INFO - Request URL: 'https://atacananews.blob.core.windows.net/atacana-blob-container/lung-cancer/clinical-trials/20221018/small-cell-lung-cancer/lung-cancer_clinical-trials_20221018_small-cell-lung-cancer_NCT05509699.json'
Request method: 'GET'
Request headers:
    'x-ms-range': 'REDACTED'
    'x-ms-version': 'REDACTED'
    'Accept': 'application/xml'
    'User-Agent': 'azsdk-python-storage-blob/12.13.1 Python/3.8.15 (Linux-5.10.124-linuxkit-aarch64-with-glibc2.17)'
    'x-ms-date': 'REDACTED'
    'x-ms-client-request-id': '55c8c1a8-4f20-11ed-a15f-0242bebc0005'
    'Authorization': 'REDACTED'
No body was attached to the request
[2022-10-18 20:06:21,699] {_universal.py:504} INFO - Response status: 206
Response headers:
    'Content-Length': '613'
    'Content-Type': 'application/octet-stream'
    'Content-Range': 'REDACTED'
    'Last-Modified': 'Tue, 18 Oct 2022 20:02:46 GMT'
    'Accept-Ranges': 'REDACTED'
    'ETag': '"0x8DAB143B9D9F52B"'
    'Server': 'Windows-Azure-Blob/1.0 Microsoft-HTTPAPI/2.0'
    'x-ms-request-id': 'b7fe132b-b01e-0039-182d-e3441b000000'
    'x-ms-client-request-id': '55c8c1a8-4f20-11ed-a15f-0242bebc0005'
    'x-ms-version': 'REDACTED'
    'x-ms-creation-time': 'REDACTED'
    'x-ms-blob-content-md5': 'REDACTED'
    'x-ms-lease-status': 'REDACTED'
    'x-ms-lease-state': 'REDACTED'
    'x-ms-blob-type': 'REDACTED'
    'x-ms-server-encrypted': 'REDACTED'
    'Date': 'Tue, 18 Oct 2022 20:06:21 GMT'
[2022-10-18 20:06:21,705] {logging_mixin.py:115} INFO - <class 'pandas.core.frame.DataFrame'>
RangeIndex: 1 entries, 0 to 0
Data columns (total 13 columns):
 #   Column            Non-Null Count  Dtype 
---  ------            --------------  ----- 
 0   title             1 non-null      object
 1   link              1 non-null      object
 2   id                1 non-null      object
 3   published_at      1 non-null      object
 4   conditions        1 non-null      object
 5   intervention      1 non-null      object
 6   publisher         1 non-null      object
 7   status            1 non-null      object
 8   source            1 non-null      object
 9   keyword           1 non-null      object
 10  indication        1 non-null      object
 11  therapeutic_area  1 non-null      object
 12  updated_at        1 non-null      object
dtypes: object(13)
memory usage: 232.0+ bytes
[2022-10-18 20:06:21,706] {process_news_dag_factory.py:159} INFO - None
[2022-10-18 20:06:21,709] {process_news_dag_factory.py:167} INFO - {'id': 'NCT05509699', 'source': 'clinical_trials', 'therapeutic_area': 'Oncology', 'indication': 'Lung Cancer', 'keyword': 'Small cell lung cancer', 'title': 'Surufatinib Plus Anti-PD-1/L1 as Maintenance Therapy in Extensive-Stage Small Cell Lung Cancer', 'link': 'https://clinicaltrials.gov/ct2/show/NCT05509699?cond=Small+cell+lung+cancer&sfpd_d=100', 'publisher': 'Hutchison Medipharma Limited', 'published_at': '2022-08-22T12:00:00.000Z', 'updated_at': '2022-10-18T20:01:18.934Z', 'atacana_team': None, 'category': None, 'priority': None, 'content': None}
[2022-10-18 20:06:21,914] {_universal.py:476} INFO - Request URL: 'https://atacananews.blob.core.windows.net/atacana-blob-container/lung-cancer/clinical-trials/20221018/small-cell-lung-cancer/lung-cancer_clinical-trials_20221018_small-cell-lung-cancer_NCT05523908.json'
Request method: 'GET'
Request headers:
    'x-ms-range': 'REDACTED'
    'x-ms-version': 'REDACTED'
    'Accept': 'application/xml'
    'User-Agent': 'azsdk-python-storage-blob/12.13.1 Python/3.8.15 (Linux-5.10.124-linuxkit-aarch64-with-glibc2.17)'
    'x-ms-date': 'REDACTED'
    'x-ms-client-request-id': '56062250-4f20-11ed-a15f-0242bebc0005'
    'Authorization': 'REDACTED'
No body was attached to the request
[2022-10-18 20:06:22,114] {_universal.py:504} INFO - Response status: 206
Response headers:
    'Content-Length': '618'
    'Content-Type': 'application/octet-stream'
    'Content-Range': 'REDACTED'
    'Last-Modified': 'Tue, 18 Oct 2022 20:02:48 GMT'
    'Accept-Ranges': 'REDACTED'
    'ETag': '"0x8DAB143BAC43319"'
    'Server': 'Windows-Azure-Blob/1.0 Microsoft-HTTPAPI/2.0'
    'x-ms-request-id': 'b7fe14a9-b01e-0039-7d2d-e3441b000000'
    'x-ms-client-request-id': '56062250-4f20-11ed-a15f-0242bebc0005'
    'x-ms-version': 'REDACTED'
    'x-ms-creation-time': 'REDACTED'
    'x-ms-blob-content-md5': 'REDACTED'
    'x-ms-lease-status': 'REDACTED'
    'x-ms-lease-state': 'REDACTED'
    'x-ms-blob-type': 'REDACTED'
    'x-ms-server-encrypted': 'REDACTED'
    'Date': 'Tue, 18 Oct 2022 20:06:21 GMT'
[2022-10-18 20:06:22,123] {logging_mixin.py:115} INFO - <class 'pandas.core.frame.DataFrame'>
RangeIndex: 1 entries, 0 to 0
Data columns (total 13 columns):
 #   Column            Non-Null Count  Dtype 
---  ------            --------------  ----- 
 0   title             1 non-null      object
 1   link              1 non-null      object
 2   id                1 non-null      object
 3   published_at      1 non-null      object
 4   conditions        1 non-null      object
 5   intervention      1 non-null      object
 6   publisher         1 non-null      object
 7   status            1 non-null      object
 8   source            1 non-null      object
 9   keyword           1 non-null      object
 10  indication        1 non-null      object
 11  therapeutic_area  1 non-null      object
 12  updated_at        1 non-null      object
dtypes: object(13)
memory usage: 232.0+ bytes
[2022-10-18 20:06:22,124] {process_news_dag_factory.py:159} INFO - None
[2022-10-18 20:06:22,126] {process_news_dag_factory.py:167} INFO - {'id': 'NCT05523908', 'source': 'clinical_trials', 'therapeutic_area': 'Oncology', 'indication': 'Lung Cancer', 'keyword': 'Small cell lung cancer', 'title': 'Hypofraction Radiotherapy for Limited-Stage Small Cell Lung Cancer', 'link': 'https://clinicaltrials.gov/ct2/show/NCT05523908?cond=Small+cell+lung+cancer&sfpd_d=100', 'publisher': 'Anhui Provincial Hospital', 'published_at': '2022-09-01T12:00:00.000Z', 'updated_at': '2022-10-18T20:01:18.934Z', 'atacana_team': None, 'category': None, 'priority': None, 'content': None}
[2022-10-18 20:06:22,320] {_universal.py:476} INFO - Request URL: 'https://atacananews.blob.core.windows.net/atacana-blob-container/lung-cancer/clinical-trials/20221018/small-cell-lung-cancer/lung-cancer_clinical-trials_20221018_small-cell-lung-cancer_NCT05527821.json'
Request method: 'GET'
Request headers:
    'x-ms-range': 'REDACTED'
    'x-ms-version': 'REDACTED'
    'Accept': 'application/xml'
    'User-Agent': 'azsdk-python-storage-blob/12.13.1 Python/3.8.15 (Linux-5.10.124-linuxkit-aarch64-with-glibc2.17)'
    'x-ms-date': 'REDACTED'
    'x-ms-client-request-id': '564400b6-4f20-11ed-a15f-0242bebc0005'
    'Authorization': 'REDACTED'
No body was attached to the request
[2022-10-18 20:06:22,510] {_universal.py:504} INFO - Response status: 206
Response headers:
    'Content-Length': '693'
    'Content-Type': 'application/octet-stream'
    'Content-Range': 'REDACTED'
    'Last-Modified': 'Tue, 18 Oct 2022 20:02:48 GMT'
    'Accept-Ranges': 'REDACTED'
    'ETag': '"0x8DAB143BB37F2A1"'
    'Server': 'Windows-Azure-Blob/1.0 Microsoft-HTTPAPI/2.0'
    'x-ms-request-id': 'b7fe1677-b01e-0039-2e2d-e3441b000000'
    'x-ms-client-request-id': '564400b6-4f20-11ed-a15f-0242bebc0005'
    'x-ms-version': 'REDACTED'
    'x-ms-creation-time': 'REDACTED'
    'x-ms-blob-content-md5': 'REDACTED'
    'x-ms-lease-status': 'REDACTED'
    'x-ms-lease-state': 'REDACTED'
    'x-ms-blob-type': 'REDACTED'
    'x-ms-server-encrypted': 'REDACTED'
    'Date': 'Tue, 18 Oct 2022 20:06:22 GMT'
[2022-10-18 20:06:22,518] {logging_mixin.py:115} INFO - <class 'pandas.core.frame.DataFrame'>
RangeIndex: 1 entries, 0 to 0
Data columns (total 13 columns):
 #   Column            Non-Null Count  Dtype 
---  ------            --------------  ----- 
 0   title             1 non-null      object
 1   link              1 non-null      object
 2   id                1 non-null      object
 3   published_at      1 non-null      object
 4   conditions        1 non-null      object
 5   intervention      1 non-null      object
 6   publisher         1 non-null      object
 7   status            1 non-null      object
 8   source            1 non-null      object
 9   keyword           1 non-null      object
 10  indication        1 non-null      object
 11  therapeutic_area  1 non-null      object
 12  updated_at        1 non-null      object
dtypes: object(13)
memory usage: 232.0+ bytes
[2022-10-18 20:06:22,521] {process_news_dag_factory.py:159} INFO - None
[2022-10-18 20:06:22,524] {process_news_dag_factory.py:167} INFO - {'id': 'NCT05527821', 'source': 'clinical_trials', 'therapeutic_area': 'Oncology', 'indication': 'Lung Cancer', 'keyword': 'Small cell lung cancer', 'title': 'Study of Surufatinib Combined With Sintilimab and SCRT in Advanced Solid Tumors', 'link': 'https://clinicaltrials.gov/ct2/show/NCT05527821?cond=Small+cell+lung+cancer&sfpd_d=100', 'publisher': 'Wuhan Union Hospital, China', 'published_at': '2022-09-06T12:00:00.000Z', 'updated_at': '2022-10-18T20:01:18.934Z', 'atacana_team': None, 'category': None, 'priority': None, 'content': None}
[2022-10-18 20:06:22,724] {_universal.py:476} INFO - Request URL: 'https://atacananews.blob.core.windows.net/atacana-blob-container/lung-cancer/clinical-trials/20221018/small-cell-lung-cancer/lung-cancer_clinical-trials_20221018_small-cell-lung-cancer_NCT05546268.json'
Request method: 'GET'
Request headers:
    'x-ms-range': 'REDACTED'
    'x-ms-version': 'REDACTED'
    'Accept': 'application/xml'
    'User-Agent': 'azsdk-python-storage-blob/12.13.1 Python/3.8.15 (Linux-5.10.124-linuxkit-aarch64-with-glibc2.17)'
    'x-ms-date': 'REDACTED'
    'x-ms-client-request-id': '5681a7a4-4f20-11ed-a15f-0242bebc0005'
    'Authorization': 'REDACTED'
No body was attached to the request
[2022-10-18 20:06:22,922] {_universal.py:504} INFO - Response status: 206
Response headers:
    'Content-Length': '712'
    'Content-Type': 'application/octet-stream'
    'Content-Range': 'REDACTED'
    'Last-Modified': 'Tue, 18 Oct 2022 20:02:49 GMT'
    'Accept-Ranges': 'REDACTED'
    'ETag': '"0x8DAB143BBC9480D"'
    'Server': 'Windows-Azure-Blob/1.0 Microsoft-HTTPAPI/2.0'
    'x-ms-request-id': 'b7fe181f-b01e-0039-3e2d-e3441b000000'
    'x-ms-client-request-id': '5681a7a4-4f20-11ed-a15f-0242bebc0005'
    'x-ms-version': 'REDACTED'
    'x-ms-creation-time': 'REDACTED'
    'x-ms-blob-content-md5': 'REDACTED'
    'x-ms-lease-status': 'REDACTED'
    'x-ms-lease-state': 'REDACTED'
    'x-ms-blob-type': 'REDACTED'
    'x-ms-server-encrypted': 'REDACTED'
    'Date': 'Tue, 18 Oct 2022 20:06:22 GMT'
[2022-10-18 20:06:22,934] {logging_mixin.py:115} INFO - <class 'pandas.core.frame.DataFrame'>
RangeIndex: 1 entries, 0 to 0
Data columns (total 13 columns):
 #   Column            Non-Null Count  Dtype 
---  ------            --------------  ----- 
 0   title             1 non-null      object
 1   link              1 non-null      object
 2   id                1 non-null      object
 3   published_at      1 non-null      object
 4   conditions        1 non-null      object
 5   intervention      1 non-null      object
 6   publisher         1 non-null      object
 7   status            1 non-null      object
 8   source            1 non-null      object
 9   keyword           1 non-null      object
 10  indication        1 non-null      object
 11  therapeutic_area  1 non-null      object
 12  updated_at        1 non-null      object
dtypes: object(13)
memory usage: 232.0+ bytes
[2022-10-18 20:06:22,936] {process_news_dag_factory.py:159} INFO - None
[2022-10-18 20:06:22,941] {process_news_dag_factory.py:167} INFO - {'id': 'NCT05546268', 'source': 'clinical_trials', 'therapeutic_area': 'Oncology', 'indication': 'Lung Cancer', 'keyword': 'Small cell lung cancer', 'title': 'Study of Oral MRT-2359 in Selected Cancer Patients', 'link': 'https://clinicaltrials.gov/ct2/show/NCT05546268?cond=Small+cell+lung+cancer&sfpd_d=100', 'publisher': 'Monte Rosa Therapeutics, Inc', 'published_at': '2022-09-19T12:00:00.000Z', 'updated_at': '2022-10-18T20:01:18.934Z', 'atacana_team': None, 'category': None, 'priority': None, 'content': None}
[2022-10-18 20:06:23,146] {_universal.py:476} INFO - Request URL: 'https://atacananews.blob.core.windows.net/atacana-blob-container/lung-cancer/clinical-trials/20221018/small-cell-lung-cancer/lung-cancer_clinical-trials_20221018_small-cell-lung-cancer_NCT05552846.json'
Request method: 'GET'
Request headers:
    'x-ms-range': 'REDACTED'
    'x-ms-version': 'REDACTED'
    'Accept': 'application/xml'
    'User-Agent': 'azsdk-python-storage-blob/12.13.1 Python/3.8.15 (Linux-5.10.124-linuxkit-aarch64-with-glibc2.17)'
    'x-ms-date': 'REDACTED'
    'x-ms-client-request-id': '56c2191a-4f20-11ed-a15f-0242bebc0005'
    'Authorization': 'REDACTED'
No body was attached to the request
[2022-10-18 20:06:23,338] {_universal.py:504} INFO - Response status: 206
Response headers:
    'Content-Length': '581'
    'Content-Type': 'application/octet-stream'
    'Content-Range': 'REDACTED'
    'Last-Modified': 'Tue, 18 Oct 2022 20:02:47 GMT'
    'Accept-Ranges': 'REDACTED'
    'ETag': '"0x8DAB143BA4E02CC"'
    'Server': 'Windows-Azure-Blob/1.0 Microsoft-HTTPAPI/2.0'
    'x-ms-request-id': 'b7fe19d1-b01e-0039-612d-e3441b000000'
    'x-ms-client-request-id': '56c2191a-4f20-11ed-a15f-0242bebc0005'
    'x-ms-version': 'REDACTED'
    'x-ms-creation-time': 'REDACTED'
    'x-ms-blob-content-md5': 'REDACTED'
    'x-ms-lease-status': 'REDACTED'
    'x-ms-lease-state': 'REDACTED'
    'x-ms-blob-type': 'REDACTED'
    'x-ms-server-encrypted': 'REDACTED'
    'Date': 'Tue, 18 Oct 2022 20:06:22 GMT'
[2022-10-18 20:06:23,347] {logging_mixin.py:115} INFO - <class 'pandas.core.frame.DataFrame'>
RangeIndex: 1 entries, 0 to 0
Data columns (total 13 columns):
 #   Column            Non-Null Count  Dtype 
---  ------            --------------  ----- 
 0   title             1 non-null      object
 1   link              1 non-null      object
 2   id                1 non-null      object
 3   published_at      1 non-null      object
 4   conditions        1 non-null      object
 5   intervention      1 non-null      object
 6   publisher         1 non-null      object
 7   status            1 non-null      object
 8   source            1 non-null      object
 9   keyword           1 non-null      object
 10  indication        1 non-null      object
 11  therapeutic_area  1 non-null      object
 12  updated_at        1 non-null      object
dtypes: object(13)
memory usage: 232.0+ bytes
[2022-10-18 20:06:23,348] {process_news_dag_factory.py:159} INFO - None
[2022-10-18 20:06:23,353] {process_news_dag_factory.py:167} INFO - {'id': 'NCT05552846', 'source': 'clinical_trials', 'therapeutic_area': 'Oncology', 'indication': 'Lung Cancer', 'keyword': 'Small cell lung cancer', 'title': 'Phase II Trial of Consolidative Thoracic Radiotherapy for ES-SCLC After Standard Care of Chemo-immunotherapy', 'link': 'https://clinicaltrials.gov/ct2/show/NCT05552846?cond=Small+cell+lung+cancer&sfpd_d=100', 'publisher': 'Ruijin Hospital', 'published_at': '2022-09-23T12:00:00.000Z', 'updated_at': '2022-10-18T20:01:18.934Z', 'atacana_team': None, 'category': None, 'priority': None, 'content': None}
[2022-10-18 20:06:23,570] {_universal.py:476} INFO - Request URL: 'https://atacananews.blob.core.windows.net/atacana-blob-container/lung-cancer/clinical-trials/20221018/small-cell-lung-cancer/lung-cancer_clinical-trials_20221018_small-cell-lung-cancer_NCT05557708.json'
Request method: 'GET'
Request headers:
    'x-ms-range': 'REDACTED'
    'x-ms-version': 'REDACTED'
    'Accept': 'application/xml'
    'User-Agent': 'azsdk-python-storage-blob/12.13.1 Python/3.8.15 (Linux-5.10.124-linuxkit-aarch64-with-glibc2.17)'
    'x-ms-date': 'REDACTED'
    'x-ms-client-request-id': '5702cc6c-4f20-11ed-a15f-0242bebc0005'
    'Authorization': 'REDACTED'
No body was attached to the request
[2022-10-18 20:06:23,764] {_universal.py:504} INFO - Response status: 206
Response headers:
    'Content-Length': '753'
    'Content-Type': 'application/octet-stream'
    'Content-Range': 'REDACTED'
    'Last-Modified': 'Tue, 18 Oct 2022 20:02:49 GMT'
    'Accept-Ranges': 'REDACTED'
    'ETag': '"0x8DAB143BBAA2BD9"'
    'Server': 'Windows-Azure-Blob/1.0 Microsoft-HTTPAPI/2.0'
    'x-ms-request-id': 'b7fe1bc3-b01e-0039-192d-e3441b000000'
    'x-ms-client-request-id': '5702cc6c-4f20-11ed-a15f-0242bebc0005'
    'x-ms-version': 'REDACTED'
    'x-ms-creation-time': 'REDACTED'
    'x-ms-blob-content-md5': 'REDACTED'
    'x-ms-lease-status': 'REDACTED'
    'x-ms-lease-state': 'REDACTED'
    'x-ms-blob-type': 'REDACTED'
    'x-ms-server-encrypted': 'REDACTED'
    'Date': 'Tue, 18 Oct 2022 20:06:23 GMT'
[2022-10-18 20:06:23,786] {logging_mixin.py:115} INFO - <class 'pandas.core.frame.DataFrame'>
RangeIndex: 1 entries, 0 to 0
Data columns (total 13 columns):
 #   Column            Non-Null Count  Dtype 
---  ------            --------------  ----- 
 0   title             1 non-null      object
 1   link              1 non-null      object
 2   id                1 non-null      object
 3   published_at      1 non-null      object
 4   conditions        1 non-null      object
 5   intervention      1 non-null      object
 6   publisher         1 non-null      object
 7   status            1 non-null      object
 8   source            1 non-null      object
 9   keyword           1 non-null      object
 10  indication        1 non-null      object
 11  therapeutic_area  1 non-null      object
 12  updated_at        1 non-null      object
dtypes: object(13)
memory usage: 232.0+ bytes
[2022-10-18 20:06:23,789] {process_news_dag_factory.py:159} INFO - None
[2022-10-18 20:06:23,793] {process_news_dag_factory.py:167} INFO - {'id': 'NCT05557708', 'source': 'clinical_trials', 'therapeutic_area': 'Oncology', 'indication': 'Lung Cancer', 'keyword': 'Small cell lung cancer', 'title': 'A Safety Study of 212Pb-Pentixather Radioligand Therapy', 'link': 'https://clinicaltrials.gov/ct2/show/NCT05557708?cond=Small+cell+lung+cancer&sfpd_d=100', 'publisher': 'Yusuf Menda;   National Institutes of Health (NIH);   National Cancer Institute (NCI);   Holden Comprehensive Cancer Center', 'published_at': '2022-09-28T12:00:00.000Z', 'updated_at': '2022-10-18T20:01:18.934Z', 'atacana_team': None, 'category': None, 'priority': None, 'content': None}
[2022-10-18 20:06:24,011] {_universal.py:476} INFO - Request URL: 'https://atacananews.blob.core.windows.net/atacana-blob-container/lung-cancer/clinical-trials/20221018/small-cell-lung-cancer/lung-cancer_clinical-trials_20221018_small-cell-lung-cancer_NCT05563272.json'
Request method: 'GET'
Request headers:
    'x-ms-range': 'REDACTED'
    'x-ms-version': 'REDACTED'
    'Accept': 'application/xml'
    'User-Agent': 'azsdk-python-storage-blob/12.13.1 Python/3.8.15 (Linux-5.10.124-linuxkit-aarch64-with-glibc2.17)'
    'x-ms-date': 'REDACTED'
    'x-ms-client-request-id': '574615a8-4f20-11ed-a15f-0242bebc0005'
    'Authorization': 'REDACTED'
No body was attached to the request
[2022-10-18 20:06:24,201] {_universal.py:504} INFO - Response status: 206
Response headers:
    'Content-Length': '894'
    'Content-Type': 'application/octet-stream'
    'Content-Range': 'REDACTED'
    'Last-Modified': 'Tue, 18 Oct 2022 20:02:49 GMT'
    'Accept-Ranges': 'REDACTED'
    'ETag': '"0x8DAB143BB70FBAE"'
    'Server': 'Windows-Azure-Blob/1.0 Microsoft-HTTPAPI/2.0'
    'x-ms-request-id': 'b7fe1d8a-b01e-0039-432d-e3441b000000'
    'x-ms-client-request-id': '574615a8-4f20-11ed-a15f-0242bebc0005'
    'x-ms-version': 'REDACTED'
    'x-ms-creation-time': 'REDACTED'
    'x-ms-blob-content-md5': 'REDACTED'
    'x-ms-lease-status': 'REDACTED'
    'x-ms-lease-state': 'REDACTED'
    'x-ms-blob-type': 'REDACTED'
    'x-ms-server-encrypted': 'REDACTED'
    'Date': 'Tue, 18 Oct 2022 20:06:23 GMT'
[2022-10-18 20:06:24,210] {logging_mixin.py:115} INFO - <class 'pandas.core.frame.DataFrame'>
RangeIndex: 1 entries, 0 to 0
Data columns (total 13 columns):
 #   Column            Non-Null Count  Dtype 
---  ------            --------------  ----- 
 0   title             1 non-null      object
 1   link              1 non-null      object
 2   id                1 non-null      object
 3   published_at      1 non-null      object
 4   conditions        1 non-null      object
 5   intervention      1 non-null      object
 6   publisher         1 non-null      object
 7   status            1 non-null      object
 8   source            1 non-null      object
 9   keyword           1 non-null      object
 10  indication        1 non-null      object
 11  therapeutic_area  1 non-null      object
 12  updated_at        1 non-null      object
dtypes: object(13)
memory usage: 232.0+ bytes
[2022-10-18 20:06:24,212] {process_news_dag_factory.py:159} INFO - None
[2022-10-18 20:06:24,214] {process_news_dag_factory.py:167} INFO - {'id': 'NCT05563272', 'source': 'clinical_trials', 'therapeutic_area': 'Oncology', 'indication': 'Lung Cancer', 'keyword': 'Small cell lung cancer', 'title': '89Zr-girentuximab for PET Imaging of CAIX Positive Solid Tumors', 'link': 'https://clinicaltrials.gov/ct2/show/NCT05563272?cond=Small+cell+lung+cancer&sfpd_d=100', 'publisher': 'Telix International Pty Ltd', 'published_at': '2022-10-03T12:00:00.000Z', 'updated_at': '2022-10-18T20:01:18.934Z', 'atacana_team': None, 'category': None, 'priority': None, 'content': None}
[2022-10-18 20:06:24,455] {_universal.py:476} INFO - Request URL: 'https://atacananews.blob.core.windows.net/atacana-blob-container/lung-cancer/clinical-trials/20221018/small-cell-lung-cancer/lung-cancer_clinical-trials_20221018_small-cell-lung-cancer_NCT05566041.json'
Request method: 'GET'
Request headers:
    'x-ms-range': 'REDACTED'
    'x-ms-version': 'REDACTED'
    'Accept': 'application/xml'
    'User-Agent': 'azsdk-python-storage-blob/12.13.1 Python/3.8.15 (Linux-5.10.124-linuxkit-aarch64-with-glibc2.17)'
    'x-ms-date': 'REDACTED'
    'x-ms-client-request-id': '5789d162-4f20-11ed-a15f-0242bebc0005'
    'Authorization': 'REDACTED'
No body was attached to the request
[2022-10-18 20:06:24,646] {_universal.py:504} INFO - Response status: 206
Response headers:
    'Content-Length': '719'
    'Content-Type': 'application/octet-stream'
    'Content-Range': 'REDACTED'
    'Last-Modified': 'Tue, 18 Oct 2022 20:02:48 GMT'
    'Accept-Ranges': 'REDACTED'
    'ETag': '"0x8DAB143BAFD3C2E"'
    'Server': 'Windows-Azure-Blob/1.0 Microsoft-HTTPAPI/2.0'
    'x-ms-request-id': 'b7fe1f1f-b01e-0039-322d-e3441b000000'
    'x-ms-client-request-id': '5789d162-4f20-11ed-a15f-0242bebc0005'
    'x-ms-version': 'REDACTED'
    'x-ms-creation-time': 'REDACTED'
    'x-ms-blob-content-md5': 'REDACTED'
    'x-ms-lease-status': 'REDACTED'
    'x-ms-lease-state': 'REDACTED'
    'x-ms-blob-type': 'REDACTED'
    'x-ms-server-encrypted': 'REDACTED'
    'Date': 'Tue, 18 Oct 2022 20:06:24 GMT'
[2022-10-18 20:06:24,667] {logging_mixin.py:115} INFO - <class 'pandas.core.frame.DataFrame'>
RangeIndex: 1 entries, 0 to 0
Data columns (total 13 columns):
 #   Column            Non-Null Count  Dtype 
---  ------            --------------  ----- 
 0   title             1 non-null      object
 1   link              1 non-null      object
 2   id                1 non-null      object
 3   published_at      1 non-null      object
 4   conditions        1 non-null      object
 5   intervention      1 non-null      object
 6   publisher         1 non-null      object
 7   status            1 non-null      object
 8   source            1 non-null      object
 9   keyword           1 non-null      object
 10  indication        1 non-null      object
 11  therapeutic_area  1 non-null      object
 12  updated_at        1 non-null      object
dtypes: object(13)
memory usage: 232.0+ bytes
[2022-10-18 20:06:24,669] {process_news_dag_factory.py:159} INFO - None
[2022-10-18 20:06:24,673] {process_news_dag_factory.py:167} INFO - {'id': 'NCT05566041', 'source': 'clinical_trials', 'therapeutic_area': 'Oncology', 'indication': 'Lung Cancer', 'keyword': 'Small cell lung cancer', 'title': 'A Phase 3, Controlled, Open-label, Global Randomized Study of RRx-001 With a Platinum Doublet or a Platinum Doublet in Small Cell Lung Cancer', 'link': 'https://clinicaltrials.gov/ct2/show/NCT05566041?cond=Small+cell+lung+cancer&sfpd_d=100', 'publisher': 'EpicentRx, Inc.;   Sciclone Pharmaceuticals (China) Co., Ltd.', 'published_at': '2022-10-04T12:00:00.000Z', 'updated_at': '2022-10-18T20:01:18.934Z', 'atacana_team': None, 'category': None, 'priority': None, 'content': None}
[2022-10-18 20:06:24,887] {_universal.py:476} INFO - Request URL: 'https://atacananews.blob.core.windows.net/atacana-blob-container/lung-cancer/clinical-trials/20221018/small-cell-lung-cancer/lung-cancer_clinical-trials_20221018_small-cell-lung-cancer_NCT05572476.json'
Request method: 'GET'
Request headers:
    'x-ms-range': 'REDACTED'
    'x-ms-version': 'REDACTED'
    'Accept': 'application/xml'
    'User-Agent': 'azsdk-python-storage-blob/12.13.1 Python/3.8.15 (Linux-5.10.124-linuxkit-aarch64-with-glibc2.17)'
    'x-ms-date': 'REDACTED'
    'x-ms-client-request-id': '57cbc8c4-4f20-11ed-a15f-0242bebc0005'
    'Authorization': 'REDACTED'
No body was attached to the request
[2022-10-18 20:06:25,087] {_universal.py:504} INFO - Response status: 206
Response headers:
    'Content-Length': '779'
    'Content-Type': 'application/octet-stream'
    'Content-Range': 'REDACTED'
    'Last-Modified': 'Tue, 18 Oct 2022 20:02:46 GMT'
    'Accept-Ranges': 'REDACTED'
    'ETag': '"0x8DAB143BA1484A9"'
    'Server': 'Windows-Azure-Blob/1.0 Microsoft-HTTPAPI/2.0'
    'x-ms-request-id': 'b7fe20ab-b01e-0039-232d-e3441b000000'
    'x-ms-client-request-id': '57cbc8c4-4f20-11ed-a15f-0242bebc0005'
    'x-ms-version': 'REDACTED'
    'x-ms-creation-time': 'REDACTED'
    'x-ms-blob-content-md5': 'REDACTED'
    'x-ms-lease-status': 'REDACTED'
    'x-ms-lease-state': 'REDACTED'
    'x-ms-blob-type': 'REDACTED'
    'x-ms-server-encrypted': 'REDACTED'
    'Date': 'Tue, 18 Oct 2022 20:06:24 GMT'
[2022-10-18 20:06:25,091] {logging_mixin.py:115} INFO - <class 'pandas.core.frame.DataFrame'>
RangeIndex: 1 entries, 0 to 0
Data columns (total 13 columns):
 #   Column            Non-Null Count  Dtype 
---  ------            --------------  ----- 
 0   title             1 non-null      object
 1   link              1 non-null      object
 2   id                1 non-null      object
 3   published_at      1 non-null      object
 4   conditions        1 non-null      object
 5   intervention      1 non-null      object
 6   publisher         1 non-null      object
 7   status            1 non-null      object
 8   source            1 non-null      object
 9   keyword           1 non-null      object
 10  indication        1 non-null      object
 11  therapeutic_area  1 non-null      object
 12  updated_at        1 non-null      object
dtypes: object(13)
memory usage: 232.0+ bytes
[2022-10-18 20:06:25,092] {process_news_dag_factory.py:159} INFO - None
[2022-10-18 20:06:25,095] {process_news_dag_factory.py:167} INFO - {'id': 'NCT05572476', 'source': 'clinical_trials', 'therapeutic_area': 'Oncology', 'indication': 'Lung Cancer', 'keyword': 'Small cell lung cancer', 'title': 'Lurbinectedin Combined With Durvalumab in Pre-treated Patients With Extensive Stage Small-cell Lung Cancer', 'link': 'https://clinicaltrials.gov/ct2/show/NCT05572476?cond=Small+cell+lung+cancer&sfpd_d=100', 'publisher': 'Institut Bergoni;   AstraZeneca;   PharmaMar', 'published_at': '2022-10-07T12:00:00.000Z', 'updated_at': '2022-10-18T20:01:18.934Z', 'atacana_team': None, 'category': None, 'priority': None, 'content': None}
[2022-10-18 20:06:25,298] {_universal.py:476} INFO - Request URL: 'https://atacananews.blob.core.windows.net/atacana-blob-container/lung-cancer/clinical-trials/20221018/small-cell-lung-cancer/lung-cancer_clinical-trials_20221018_small-cell-lung-cancer_NCT05578326.json'
Request method: 'GET'
Request headers:
    'x-ms-range': 'REDACTED'
    'x-ms-version': 'REDACTED'
    'Accept': 'application/xml'
    'User-Agent': 'azsdk-python-storage-blob/12.13.1 Python/3.8.15 (Linux-5.10.124-linuxkit-aarch64-with-glibc2.17)'
    'x-ms-date': 'REDACTED'
    'x-ms-client-request-id': '580a7c18-4f20-11ed-a15f-0242bebc0005'
    'Authorization': 'REDACTED'
No body was attached to the request
[2022-10-18 20:06:25,483] {_universal.py:504} INFO - Response status: 206
Response headers:
    'Content-Length': '594'
    'Content-Type': 'application/octet-stream'
    'Content-Range': 'REDACTED'
    'Last-Modified': 'Tue, 18 Oct 2022 20:02:47 GMT'
    'Accept-Ranges': 'REDACTED'
    'ETag': '"0x8DAB143BAA73962"'
    'Server': 'Windows-Azure-Blob/1.0 Microsoft-HTTPAPI/2.0'
    'x-ms-request-id': 'b7fe222c-b01e-0039-7a2d-e3441b000000'
    'x-ms-client-request-id': '580a7c18-4f20-11ed-a15f-0242bebc0005'
    'x-ms-version': 'REDACTED'
    'x-ms-creation-time': 'REDACTED'
    'x-ms-blob-content-md5': 'REDACTED'
    'x-ms-lease-status': 'REDACTED'
    'x-ms-lease-state': 'REDACTED'
    'x-ms-blob-type': 'REDACTED'
    'x-ms-server-encrypted': 'REDACTED'
    'Date': 'Tue, 18 Oct 2022 20:06:25 GMT'
[2022-10-18 20:06:25,489] {logging_mixin.py:115} INFO - <class 'pandas.core.frame.DataFrame'>
RangeIndex: 1 entries, 0 to 0
Data columns (total 13 columns):
 #   Column            Non-Null Count  Dtype 
---  ------            --------------  ----- 
 0   title             1 non-null      object
 1   link              1 non-null      object
 2   id                1 non-null      object
 3   published_at      1 non-null      object
 4   conditions        1 non-null      object
 5   intervention      1 non-null      object
 6   publisher         1 non-null      object
 7   status            1 non-null      object
 8   source            1 non-null      object
 9   keyword           1 non-null      object
 10  indication        1 non-null      object
 11  therapeutic_area  1 non-null      object
 12  updated_at        1 non-null      object
dtypes: object(13)
memory usage: 232.0+ bytes
[2022-10-18 20:06:25,489] {process_news_dag_factory.py:159} INFO - None
[2022-10-18 20:06:25,492] {process_news_dag_factory.py:167} INFO - {'id': 'NCT05578326', 'source': 'clinical_trials', 'therapeutic_area': 'Oncology', 'indication': 'Lung Cancer', 'keyword': 'Small cell lung cancer', 'title': 'Study of Trilaciclib and Lurbinectidin', 'link': 'https://clinicaltrials.gov/ct2/show/NCT05578326?cond=Small+cell+lung+cancer&sfpd_d=100', 'publisher': 'UNC Lineberger Comprehensive Cancer Center;   G1 Therapeutics, Inc.', 'published_at': '2022-10-13T12:00:00.000Z', 'updated_at': '2022-10-18T20:01:18.934Z', 'atacana_team': None, 'category': None, 'priority': None, 'content': None}
[2022-10-18 20:06:25,693] {_universal.py:476} INFO - Request URL: 'https://atacananews.blob.core.windows.net/atacana-blob-container/lung-cancer/clinical-trials/20221018/small-cell-lung-cancer/lung-cancer_clinical-trials_20221018_small-cell-lung-cancer_NCT05582031.json'
Request method: 'GET'
Request headers:
    'x-ms-range': 'REDACTED'
    'x-ms-version': 'REDACTED'
    'Accept': 'application/xml'
    'User-Agent': 'azsdk-python-storage-blob/12.13.1 Python/3.8.15 (Linux-5.10.124-linuxkit-aarch64-with-glibc2.17)'
    'x-ms-date': 'REDACTED'
    'x-ms-client-request-id': '5846ca60-4f20-11ed-a15f-0242bebc0005'
    'Authorization': 'REDACTED'
No body was attached to the request
[2022-10-18 20:06:25,875] {_universal.py:504} INFO - Response status: 206
Response headers:
    'Content-Length': '911'
    'Content-Type': 'application/octet-stream'
    'Content-Range': 'REDACTED'
    'Last-Modified': 'Tue, 18 Oct 2022 20:02:49 GMT'
    'Accept-Ranges': 'REDACTED'
    'ETag': '"0x8DAB143BB8D592F"'
    'Server': 'Windows-Azure-Blob/1.0 Microsoft-HTTPAPI/2.0'
    'x-ms-request-id': 'b7fe2363-b01e-0039-1f2d-e3441b000000'
    'x-ms-client-request-id': '5846ca60-4f20-11ed-a15f-0242bebc0005'
    'x-ms-version': 'REDACTED'
    'x-ms-creation-time': 'REDACTED'
    'x-ms-blob-content-md5': 'REDACTED'
    'x-ms-lease-status': 'REDACTED'
    'x-ms-lease-state': 'REDACTED'
    'x-ms-blob-type': 'REDACTED'
    'x-ms-server-encrypted': 'REDACTED'
    'Date': 'Tue, 18 Oct 2022 20:06:25 GMT'
[2022-10-18 20:06:25,879] {logging_mixin.py:115} INFO - <class 'pandas.core.frame.DataFrame'>
RangeIndex: 1 entries, 0 to 0
Data columns (total 13 columns):
 #   Column            Non-Null Count  Dtype 
---  ------            --------------  ----- 
 0   title             1 non-null      object
 1   link              1 non-null      object
 2   id                1 non-null      object
 3   published_at      1 non-null      object
 4   conditions        1 non-null      object
 5   intervention      1 non-null      object
 6   publisher         1 non-null      object
 7   status            1 non-null      object
 8   source            1 non-null      object
 9   keyword           1 non-null      object
 10  indication        1 non-null      object
 11  therapeutic_area  1 non-null      object
 12  updated_at        1 non-null      object
dtypes: object(13)
memory usage: 232.0+ bytes
[2022-10-18 20:06:25,881] {process_news_dag_factory.py:159} INFO - None
[2022-10-18 20:06:25,884] {process_news_dag_factory.py:167} INFO - {'id': 'NCT05582031', 'source': 'clinical_trials', 'therapeutic_area': 'Oncology', 'indication': 'Lung Cancer', 'keyword': 'Small cell lung cancer', 'title': 'Regorafenib With Tislelizumab in Patients With Selected Mismatch Repair-Proficient/Microsatellite Stable Cancers', 'link': 'https://clinicaltrials.gov/ct2/show/NCT05582031?cond=Small+cell+lung+cancer&sfpd_d=100', 'publisher': 'Translational Research in Oncology;   Bayer;   Novartis', 'published_at': '2022-10-17T12:00:00.000Z', 'updated_at': '2022-10-18T20:01:18.934Z', 'atacana_team': None, 'category': None, 'priority': None, 'content': None}
[2022-10-18 20:06:26,105] {python.py:173} INFO - Done. Returned value was: None
[2022-10-18 20:06:26,117] {taskinstance.py:1395} INFO - Marking task as SUCCESS. dag_id=clinical_trials__lung_cancer__etl__20220109, task_id=load_data_to_mongodb_task, map_index=62, execution_date=20221018T180000, start_date=20221018T200616, end_date=20221018T200626
[2022-10-18 20:06:26,175] {local_task_job.py:156} INFO - Task exited with return code 0
[2022-10-18 20:06:26,201] {local_task_job.py:273} INFO - 0 downstream tasks scheduled from follow-on schedule check
