[2022-10-18 22:01:44,005] {taskinstance.py:1159} INFO - Dependencies all met for <TaskInstance: clinical_trials__lung_cancer__etl__20220109.load_data_to_blob_storage_task scheduled__2022-10-18T20:00:00+00:00 map_index=19 [queued]>
[2022-10-18 22:01:44,014] {taskinstance.py:1159} INFO - Dependencies all met for <TaskInstance: clinical_trials__lung_cancer__etl__20220109.load_data_to_blob_storage_task scheduled__2022-10-18T20:00:00+00:00 map_index=19 [queued]>
[2022-10-18 22:01:44,015] {taskinstance.py:1356} INFO - 
--------------------------------------------------------------------------------
[2022-10-18 22:01:44,015] {taskinstance.py:1357} INFO - Starting attempt 1 of 1
[2022-10-18 22:01:44,016] {taskinstance.py:1358} INFO - 
--------------------------------------------------------------------------------
[2022-10-18 22:01:44,024] {taskinstance.py:1377} INFO - Executing <Mapped(_PythonDecoratedOperator): load_data_to_blob_storage_task> on 2022-10-18 20:00:00+00:00
[2022-10-18 22:01:44,029] {standard_task_runner.py:52} INFO - Started process 6713 to run task
[2022-10-18 22:01:44,032] {standard_task_runner.py:79} INFO - Running: ['airflow', 'tasks', 'run', 'clinical_trials__lung_cancer__etl__20220109', 'load_data_to_blob_storage_task', 'scheduled__2022-10-18T20:00:00+00:00', '--job-id', '817', '--raw', '--subdir', 'DAGS_FOLDER/process_news_dags.py', '--cfg-path', '/tmp/tmpamo5b686', '--map-index', '19', '--error-file', '/tmp/tmpaytyzm4x']
[2022-10-18 22:01:44,033] {standard_task_runner.py:80} INFO - Job 817: Subtask load_data_to_blob_storage_task
[2022-10-18 22:01:44,044] {logging_mixin.py:115} WARNING - /root/.cache/pypoetry/virtualenvs/***-tXitOD5F-py3.8/lib/python3.8/site-packages/airflow/configuration.py:525 DeprecationWarning: The sql_alchemy_conn option in [core] has been moved to the sql_alchemy_conn option in [database] - the old setting has been used, but please update your config.
[2022-10-18 22:01:44,073] {task_command.py:370} INFO - Running <TaskInstance: clinical_trials__lung_cancer__etl__20220109.load_data_to_blob_storage_task scheduled__2022-10-18T20:00:00+00:00 map_index=19 [running]> on host 6cdf6d517dc4
[2022-10-18 22:01:44,119] {taskinstance.py:1569} INFO - Exporting the following env vars:
AIRFLOW_CTX_DAG_EMAIL=wais@datakimia.com,david@datakimia.com,juanm@datakimia.com,tomas@datakimia.com
AIRFLOW_CTX_DAG_OWNER=atacana
AIRFLOW_CTX_DAG_ID=clinical_trials__lung_cancer__etl__20220109
AIRFLOW_CTX_TASK_ID=load_data_to_blob_storage_task
AIRFLOW_CTX_EXECUTION_DATE=2022-10-18T20:00:00+00:00
AIRFLOW_CTX_TRY_NUMBER=1
AIRFLOW_CTX_DAG_RUN_ID=scheduled__2022-10-18T20:00:00+00:00
[2022-10-18 22:01:44,121] {process_news_dag_factory.py:105} INFO - Reading temp file: lung-cancer_clinical-trials_mdx-010_20221018-20_df.json
[2022-10-18 22:01:44,138] {helpers.py:114} INFO - Going to save clinical_trials data..
[2022-10-18 22:01:44,139] {helpers.py:115} INFO -                                                title  ...                  updated_at
0  Nivolumab-ipilimumab and Chemoradiation for Ce...  ...  2022-10-18 22:00:26.787000
1  Chemo-radio-immunotherapy With Nivolumab and I...  ...  2022-10-18 22:00:26.787000
2  Phase 1b/2 Trial of Ipilimumab, Nivolumab, and...  ...  2022-10-18 22:00:26.787000
3  Study of CBL0137 in Combination With Ipilimuma...  ...  2022-10-18 22:00:26.787000
4  Peptide-Pulsed Dendritic Cell Vaccination in C...  ...  2022-10-18 22:00:26.787000

[5 rows x 13 columns]
[2022-10-18 22:01:44,148] {helpers.py:116} INFO - Index(['title', 'link', 'id', 'published_at', 'conditions', 'intervention',
       'publisher', 'status', 'source', 'keyword', 'indication',
       'therapeutic_area', 'updated_at'],
      dtype='object')
[2022-10-18 22:01:44,153] {_universal.py:473} INFO - Request URL: 'https://atacananews.blob.core.windows.net/atacana-blob-container/lung-cancer/clinical-trials/20221018/mdx-010/lung-cancer_clinical-trials_20221018_mdx-010_NCT05492123.json'
Request method: 'PUT'
Request headers:
    'Content-Length': '640'
    'x-ms-blob-type': 'REDACTED'
    'x-ms-version': 'REDACTED'
    'Content-Type': 'application/octet-stream'
    'Accept': 'application/xml'
    'User-Agent': 'azsdk-python-storage-blob/12.13.1 Python/3.8.15 (Linux-5.10.124-linuxkit-aarch64-with-glibc2.17)'
    'x-ms-date': 'REDACTED'
    'x-ms-client-request-id': '73fff10e-4f30-11ed-9eb0-0242bebc0005'
    'Authorization': 'REDACTED'
A body is sent with the request
[2022-10-18 22:01:44,893] {_universal.py:504} INFO - Response status: 201
Response headers:
    'Content-Length': '0'
    'Content-MD5': 'REDACTED'
    'Last-Modified': 'Tue, 18 Oct 2022 22:01:44 GMT'
    'ETag': '"0x8DAB15458ABB669"'
    'Server': 'Windows-Azure-Blob/1.0 Microsoft-HTTPAPI/2.0'
    'x-ms-request-id': '8d5a7597-001e-0013-663d-e39b0b000000'
    'x-ms-client-request-id': '73fff10e-4f30-11ed-9eb0-0242bebc0005'
    'x-ms-version': 'REDACTED'
    'x-ms-content-crc64': 'REDACTED'
    'x-ms-request-server-encrypted': 'REDACTED'
    'Date': 'Tue, 18 Oct 2022 22:01:44 GMT'
[2022-10-18 22:01:44,898] {_universal.py:473} INFO - Request URL: 'https://atacananews.blob.core.windows.net/atacana-blob-container/lung-cancer/clinical-trials/20221018/mdx-010/lung-cancer_clinical-trials_20221018_mdx-010_NCT05504642.json'
Request method: 'PUT'
Request headers:
    'Content-Length': '803'
    'x-ms-blob-type': 'REDACTED'
    'x-ms-version': 'REDACTED'
    'Content-Type': 'application/octet-stream'
    'Accept': 'application/xml'
    'User-Agent': 'azsdk-python-storage-blob/12.13.1 Python/3.8.15 (Linux-5.10.124-linuxkit-aarch64-with-glibc2.17)'
    'x-ms-date': 'REDACTED'
    'x-ms-client-request-id': '7471a0f6-4f30-11ed-9eb0-0242bebc0005'
    'Authorization': 'REDACTED'
A body is sent with the request
[2022-10-18 22:01:45,091] {_universal.py:504} INFO - Response status: 201
Response headers:
    'Content-Length': '0'
    'Content-MD5': 'REDACTED'
    'Last-Modified': 'Tue, 18 Oct 2022 22:01:45 GMT'
    'ETag': '"0x8DAB15458C88905"'
    'Server': 'Windows-Azure-Blob/1.0 Microsoft-HTTPAPI/2.0'
    'x-ms-request-id': '8d5a765e-001e-0013-213d-e39b0b000000'
    'x-ms-client-request-id': '7471a0f6-4f30-11ed-9eb0-0242bebc0005'
    'x-ms-version': 'REDACTED'
    'x-ms-content-crc64': 'REDACTED'
    'x-ms-request-server-encrypted': 'REDACTED'
    'Date': 'Tue, 18 Oct 2022 22:01:44 GMT'
[2022-10-18 22:01:45,107] {_universal.py:473} INFO - Request URL: 'https://atacananews.blob.core.windows.net/atacana-blob-container/lung-cancer/clinical-trials/20221018/mdx-010/lung-cancer_clinical-trials_20221018_mdx-010_NCT05501054.json'
Request method: 'PUT'
Request headers:
    'Content-Length': '627'
    'x-ms-blob-type': 'REDACTED'
    'x-ms-version': 'REDACTED'
    'Content-Type': 'application/octet-stream'
    'Accept': 'application/xml'
    'User-Agent': 'azsdk-python-storage-blob/12.13.1 Python/3.8.15 (Linux-5.10.124-linuxkit-aarch64-with-glibc2.17)'
    'x-ms-date': 'REDACTED'
    'x-ms-client-request-id': '749180a6-4f30-11ed-9eb0-0242bebc0005'
    'Authorization': 'REDACTED'
A body is sent with the request
[2022-10-18 22:01:45,298] {_universal.py:504} INFO - Response status: 201
Response headers:
    'Content-Length': '0'
    'Content-MD5': 'REDACTED'
    'Last-Modified': 'Tue, 18 Oct 2022 22:01:45 GMT'
    'ETag': '"0x8DAB15458E979AE"'
    'Server': 'Windows-Azure-Blob/1.0 Microsoft-HTTPAPI/2.0'
    'x-ms-request-id': '8d5a7768-001e-0013-1a3d-e39b0b000000'
    'x-ms-client-request-id': '749180a6-4f30-11ed-9eb0-0242bebc0005'
    'x-ms-version': 'REDACTED'
    'x-ms-content-crc64': 'REDACTED'
    'x-ms-request-server-encrypted': 'REDACTED'
    'Date': 'Tue, 18 Oct 2022 22:01:44 GMT'
[2022-10-18 22:01:45,300] {_universal.py:473} INFO - Request URL: 'https://atacananews.blob.core.windows.net/atacana-blob-container/lung-cancer/clinical-trials/20221018/mdx-010/lung-cancer_clinical-trials_20221018_mdx-010_NCT05498792.json'
Request method: 'PUT'
Request headers:
    'Content-Length': '588'
    'x-ms-blob-type': 'REDACTED'
    'x-ms-version': 'REDACTED'
    'Content-Type': 'application/octet-stream'
    'Accept': 'application/xml'
    'User-Agent': 'azsdk-python-storage-blob/12.13.1 Python/3.8.15 (Linux-5.10.124-linuxkit-aarch64-with-glibc2.17)'
    'x-ms-date': 'REDACTED'
    'x-ms-client-request-id': '74af03ec-4f30-11ed-9eb0-0242bebc0005'
    'Authorization': 'REDACTED'
A body is sent with the request
[2022-10-18 22:01:45,492] {_universal.py:504} INFO - Response status: 201
Response headers:
    'Content-Length': '0'
    'Content-MD5': 'REDACTED'
    'Last-Modified': 'Tue, 18 Oct 2022 22:01:45 GMT'
    'ETag': '"0x8DAB1545906C173"'
    'Server': 'Windows-Azure-Blob/1.0 Microsoft-HTTPAPI/2.0'
    'x-ms-request-id': '8d5a7860-001e-0013-013d-e39b0b000000'
    'x-ms-client-request-id': '74af03ec-4f30-11ed-9eb0-0242bebc0005'
    'x-ms-version': 'REDACTED'
    'x-ms-content-crc64': 'REDACTED'
    'x-ms-request-server-encrypted': 'REDACTED'
    'Date': 'Tue, 18 Oct 2022 22:01:45 GMT'
[2022-10-18 22:01:45,509] {_universal.py:473} INFO - Request URL: 'https://atacananews.blob.core.windows.net/atacana-blob-container/lung-cancer/clinical-trials/20221018/mdx-010/lung-cancer_clinical-trials_20221018_mdx-010_NCT05457959.json'
Request method: 'PUT'
Request headers:
    'Content-Length': '839'
    'x-ms-blob-type': 'REDACTED'
    'x-ms-version': 'REDACTED'
    'Content-Type': 'application/octet-stream'
    'Accept': 'application/xml'
    'User-Agent': 'azsdk-python-storage-blob/12.13.1 Python/3.8.15 (Linux-5.10.124-linuxkit-aarch64-with-glibc2.17)'
    'x-ms-date': 'REDACTED'
    'x-ms-client-request-id': '74ceddb6-4f30-11ed-9eb0-0242bebc0005'
    'Authorization': 'REDACTED'
A body is sent with the request
[2022-10-18 22:01:45,713] {_universal.py:504} INFO - Response status: 201
Response headers:
    'Content-Length': '0'
    'Content-MD5': 'REDACTED'
    'Last-Modified': 'Tue, 18 Oct 2022 22:01:45 GMT'
    'ETag': '"0x8DAB15459289C62"'
    'Server': 'Windows-Azure-Blob/1.0 Microsoft-HTTPAPI/2.0'
    'x-ms-request-id': '8d5a7971-001e-0013-093d-e39b0b000000'
    'x-ms-client-request-id': '74ceddb6-4f30-11ed-9eb0-0242bebc0005'
    'x-ms-version': 'REDACTED'
    'x-ms-content-crc64': 'REDACTED'
    'x-ms-request-server-encrypted': 'REDACTED'
    'Date': 'Tue, 18 Oct 2022 22:01:45 GMT'
[2022-10-18 22:01:45,729] {python.py:173} INFO - Done. Returned value was: None
[2022-10-18 22:01:45,769] {taskinstance.py:1395} INFO - Marking task as SUCCESS. dag_id=clinical_trials__lung_cancer__etl__20220109, task_id=load_data_to_blob_storage_task, map_index=19, execution_date=20221018T200000, start_date=20221018T220144, end_date=20221018T220145
[2022-10-18 22:01:45,845] {local_task_job.py:156} INFO - Task exited with return code 0
[2022-10-18 22:01:45,888] {local_task_job.py:273} INFO - 0 downstream tasks scheduled from follow-on schedule check
