[2022-10-18 22:05:41,857] {taskinstance.py:1159} INFO - Dependencies all met for <TaskInstance: clinical_trials__lung_cancer__etl__20220109.load_data_to_mongodb_task scheduled__2022-10-18T20:00:00+00:00 map_index=64 [queued]>
[2022-10-18 22:05:41,869] {taskinstance.py:1159} INFO - Dependencies all met for <TaskInstance: clinical_trials__lung_cancer__etl__20220109.load_data_to_mongodb_task scheduled__2022-10-18T20:00:00+00:00 map_index=64 [queued]>
[2022-10-18 22:05:41,870] {taskinstance.py:1356} INFO - 
--------------------------------------------------------------------------------
[2022-10-18 22:05:41,871] {taskinstance.py:1357} INFO - Starting attempt 1 of 1
[2022-10-18 22:05:41,872] {taskinstance.py:1358} INFO - 
--------------------------------------------------------------------------------
[2022-10-18 22:05:41,880] {taskinstance.py:1377} INFO - Executing <Mapped(_PythonDecoratedOperator): load_data_to_mongodb_task> on 2022-10-18 20:00:00+00:00
[2022-10-18 22:05:41,885] {standard_task_runner.py:52} INFO - Started process 7125 to run task
[2022-10-18 22:05:41,888] {standard_task_runner.py:79} INFO - Running: ['airflow', 'tasks', 'run', 'clinical_trials__lung_cancer__etl__20220109', 'load_data_to_mongodb_task', 'scheduled__2022-10-18T20:00:00+00:00', '--job-id', '904', '--raw', '--subdir', 'DAGS_FOLDER/process_news_dags.py', '--cfg-path', '/tmp/tmp1a45y59h', '--map-index', '64', '--error-file', '/tmp/tmphqsxpu63']
[2022-10-18 22:05:41,890] {standard_task_runner.py:80} INFO - Job 904: Subtask load_data_to_mongodb_task
[2022-10-18 22:05:41,902] {logging_mixin.py:115} WARNING - /root/.cache/pypoetry/virtualenvs/***-tXitOD5F-py3.8/lib/python3.8/site-packages/airflow/configuration.py:525 DeprecationWarning: The sql_alchemy_conn option in [core] has been moved to the sql_alchemy_conn option in [database] - the old setting has been used, but please update your config.
[2022-10-18 22:05:41,931] {task_command.py:370} INFO - Running <TaskInstance: clinical_trials__lung_cancer__etl__20220109.load_data_to_mongodb_task scheduled__2022-10-18T20:00:00+00:00 map_index=64 [running]> on host 6cdf6d517dc4
[2022-10-18 22:05:41,971] {taskinstance.py:1569} INFO - Exporting the following env vars:
AIRFLOW_CTX_DAG_EMAIL=wais@datakimia.com,david@datakimia.com,juanm@datakimia.com,tomas@datakimia.com
AIRFLOW_CTX_DAG_OWNER=atacana
AIRFLOW_CTX_DAG_ID=clinical_trials__lung_cancer__etl__20220109
AIRFLOW_CTX_TASK_ID=load_data_to_mongodb_task
AIRFLOW_CTX_EXECUTION_DATE=2022-10-18T20:00:00+00:00
AIRFLOW_CTX_TRY_NUMBER=1
AIRFLOW_CTX_DAG_RUN_ID=scheduled__2022-10-18T20:00:00+00:00
[2022-10-18 22:05:41,973] {process_news_dag_factory.py:128} INFO - Going to load data from clinical_trials about topic Yervoy
[2022-10-18 22:05:41,993] {db_helpers.py:35} INFO - Connected successfully!!!
[2022-10-18 22:05:41,998] {_universal.py:476} INFO - Request URL: 'https://atacananews.blob.core.windows.net/atacana-blob-container?restype=REDACTED&comp=REDACTED&prefix=REDACTED&delimiter=REDACTED'
Request method: 'GET'
Request headers:
    'x-ms-version': 'REDACTED'
    'Accept': 'application/xml'
    'User-Agent': 'azsdk-python-storage-blob/12.13.1 Python/3.8.15 (Linux-5.10.124-linuxkit-aarch64-with-glibc2.17)'
    'x-ms-date': 'REDACTED'
    'x-ms-client-request-id': '01c418ee-4f31-11ed-bc3c-0242bebc0005'
    'Authorization': 'REDACTED'
No body was attached to the request
[2022-10-18 22:05:44,104] {_universal.py:504} INFO - Response status: 200
Response headers:
    'Transfer-Encoding': 'chunked'
    'Content-Type': 'application/xml'
    'Server': 'Windows-Azure-Blob/1.0 Microsoft-HTTPAPI/2.0'
    'x-ms-request-id': 'b712cc89-a01e-0035-5a3d-e3d313000000'
    'x-ms-client-request-id': '01c418ee-4f31-11ed-bc3c-0242bebc0005'
    'x-ms-version': 'REDACTED'
    'Date': 'Tue, 18 Oct 2022 22:05:43 GMT'
[2022-10-18 22:05:44,113] {_universal.py:476} INFO - Request URL: 'https://atacananews.blob.core.windows.net/atacana-blob-container/lung-cancer/clinical-trials/20221018/yervoy/lung-cancer_clinical-trials_20221018_yervoy_NCT05457959.json'
Request method: 'GET'
Request headers:
    'x-ms-range': 'REDACTED'
    'x-ms-version': 'REDACTED'
    'Accept': 'application/xml'
    'User-Agent': 'azsdk-python-storage-blob/12.13.1 Python/3.8.15 (Linux-5.10.124-linuxkit-aarch64-with-glibc2.17)'
    'x-ms-date': 'REDACTED'
    'x-ms-client-request-id': '0306ebbe-4f31-11ed-bc3c-0242bebc0005'
    'Authorization': 'REDACTED'
No body was attached to the request
[2022-10-18 22:05:44,297] {_universal.py:504} INFO - Response status: 206
Response headers:
    'Content-Length': '837'
    'Content-Type': 'application/octet-stream'
    'Content-Range': 'REDACTED'
    'Last-Modified': 'Tue, 18 Oct 2022 22:03:58 GMT'
    'Accept-Ranges': 'REDACTED'
    'ETag': '"0x8DAB154A8074D67"'
    'Server': 'Windows-Azure-Blob/1.0 Microsoft-HTTPAPI/2.0'
    'x-ms-request-id': 'b712ce35-a01e-0035-763d-e3d313000000'
    'x-ms-client-request-id': '0306ebbe-4f31-11ed-bc3c-0242bebc0005'
    'x-ms-version': 'REDACTED'
    'x-ms-creation-time': 'REDACTED'
    'x-ms-blob-content-md5': 'REDACTED'
    'x-ms-lease-status': 'REDACTED'
    'x-ms-lease-state': 'REDACTED'
    'x-ms-blob-type': 'REDACTED'
    'x-ms-server-encrypted': 'REDACTED'
    'Date': 'Tue, 18 Oct 2022 22:05:43 GMT'
[2022-10-18 22:05:44,308] {logging_mixin.py:115} INFO - <class 'pandas.core.frame.DataFrame'>
RangeIndex: 1 entries, 0 to 0
Data columns (total 13 columns):
 #   Column            Non-Null Count  Dtype 
---  ------            --------------  ----- 
 0   title             1 non-null      object
 1   link              1 non-null      object
 2   id                1 non-null      object
 3   published_at      1 non-null      object
 4   conditions        1 non-null      object
 5   intervention      1 non-null      object
 6   publisher         1 non-null      object
 7   status            1 non-null      object
 8   source            1 non-null      object
 9   keyword           1 non-null      object
 10  indication        1 non-null      object
 11  therapeutic_area  1 non-null      object
 12  updated_at        1 non-null      object
dtypes: object(13)
memory usage: 232.0+ bytes
[2022-10-18 22:05:44,316] {process_news_dag_factory.py:159} INFO - None
[2022-10-18 22:05:44,319] {process_news_dag_factory.py:167} INFO - {'id': 'NCT05457959', 'source': 'clinical_trials', 'therapeutic_area': 'Oncology', 'indication': 'Lung Cancer', 'keyword': 'Yervoy', 'title': 'Peptide-Pulsed Dendritic Cell Vaccination in Combination With Nivolumab and Ipilimumab for the Treatment of Recurrent and/or Progressive Diffuse Hemispheric Glioma, H3 G34-mutant', 'link': 'https://clinicaltrials.gov/ct2/show/NCT05457959?cond=Yervoy&sfpd_d=100', 'publisher': 'Jonsson Comprehensive Cancer Center', 'published_at': '2022-07-14T12:00:00.000Z', 'updated_at': '2022-10-18T22:01:23.813Z', 'atacana_team': None, 'category': None, 'priority': None, 'content': None}
[2022-10-18 22:05:45,535] {_universal.py:476} INFO - Request URL: 'https://atacananews.blob.core.windows.net/atacana-blob-container/lung-cancer/clinical-trials/20221018/yervoy/lung-cancer_clinical-trials_20221018_yervoy_NCT05492123.json'
Request method: 'GET'
Request headers:
    'x-ms-range': 'REDACTED'
    'x-ms-version': 'REDACTED'
    'Accept': 'application/xml'
    'User-Agent': 'azsdk-python-storage-blob/12.13.1 Python/3.8.15 (Linux-5.10.124-linuxkit-aarch64-with-glibc2.17)'
    'x-ms-date': 'REDACTED'
    'x-ms-client-request-id': '03dfd2ee-4f31-11ed-bc3c-0242bebc0005'
    'Authorization': 'REDACTED'
No body was attached to the request
[2022-10-18 22:05:45,718] {_universal.py:504} INFO - Response status: 206
Response headers:
    'Content-Length': '638'
    'Content-Type': 'application/octet-stream'
    'Content-Range': 'REDACTED'
    'Last-Modified': 'Tue, 18 Oct 2022 22:03:57 GMT'
    'Accept-Ranges': 'REDACTED'
    'ETag': '"0x8DAB154A79059F0"'
    'Server': 'Windows-Azure-Blob/1.0 Microsoft-HTTPAPI/2.0'
    'x-ms-request-id': 'b712d4a5-a01e-0035-1c3d-e3d313000000'
    'x-ms-client-request-id': '03dfd2ee-4f31-11ed-bc3c-0242bebc0005'
    'x-ms-version': 'REDACTED'
    'x-ms-creation-time': 'REDACTED'
    'x-ms-blob-content-md5': 'REDACTED'
    'x-ms-lease-status': 'REDACTED'
    'x-ms-lease-state': 'REDACTED'
    'x-ms-blob-type': 'REDACTED'
    'x-ms-server-encrypted': 'REDACTED'
    'Date': 'Tue, 18 Oct 2022 22:05:44 GMT'
[2022-10-18 22:05:45,747] {logging_mixin.py:115} INFO - <class 'pandas.core.frame.DataFrame'>
RangeIndex: 1 entries, 0 to 0
Data columns (total 13 columns):
 #   Column            Non-Null Count  Dtype 
---  ------            --------------  ----- 
 0   title             1 non-null      object
 1   link              1 non-null      object
 2   id                1 non-null      object
 3   published_at      1 non-null      object
 4   conditions        1 non-null      object
 5   intervention      1 non-null      object
 6   publisher         1 non-null      object
 7   status            1 non-null      object
 8   source            1 non-null      object
 9   keyword           1 non-null      object
 10  indication        1 non-null      object
 11  therapeutic_area  1 non-null      object
 12  updated_at        1 non-null      object
dtypes: object(13)
memory usage: 232.0+ bytes
[2022-10-18 22:05:45,760] {process_news_dag_factory.py:159} INFO - None
[2022-10-18 22:05:45,782] {process_news_dag_factory.py:167} INFO - {'id': 'NCT05492123', 'source': 'clinical_trials', 'therapeutic_area': 'Oncology', 'indication': 'Lung Cancer', 'keyword': 'Yervoy', 'title': 'Nivolumab-ipilimumab and Chemoradiation for Cervical Cancer', 'link': 'https://clinicaltrials.gov/ct2/show/NCT05492123?cond=Yervoy&sfpd_d=100', 'publisher': 'Hospital Israelita Albert Einstein;   Bristol-Myers Squibb;   Brava', 'published_at': '2022-08-08T12:00:00.000Z', 'updated_at': '2022-10-18T22:01:23.813Z', 'atacana_team': None, 'category': None, 'priority': None, 'content': None}
[2022-10-18 22:05:46,001] {_universal.py:476} INFO - Request URL: 'https://atacananews.blob.core.windows.net/atacana-blob-container/lung-cancer/clinical-trials/20221018/yervoy/lung-cancer_clinical-trials_20221018_yervoy_NCT05498792.json'
Request method: 'GET'
Request headers:
    'x-ms-range': 'REDACTED'
    'x-ms-version': 'REDACTED'
    'Accept': 'application/xml'
    'User-Agent': 'azsdk-python-storage-blob/12.13.1 Python/3.8.15 (Linux-5.10.124-linuxkit-aarch64-with-glibc2.17)'
    'x-ms-date': 'REDACTED'
    'x-ms-client-request-id': '04270934-4f31-11ed-bc3c-0242bebc0005'
    'Authorization': 'REDACTED'
No body was attached to the request
[2022-10-18 22:05:46,198] {_universal.py:504} INFO - Response status: 206
Response headers:
    'Content-Length': '586'
    'Content-Type': 'application/octet-stream'
    'Content-Range': 'REDACTED'
    'Last-Modified': 'Tue, 18 Oct 2022 22:03:57 GMT'
    'Accept-Ranges': 'REDACTED'
    'ETag': '"0x8DAB154A7E99085"'
    'Server': 'Windows-Azure-Blob/1.0 Microsoft-HTTPAPI/2.0'
    'x-ms-request-id': 'b712d675-a01e-0035-4f3d-e3d313000000'
    'x-ms-client-request-id': '04270934-4f31-11ed-bc3c-0242bebc0005'
    'x-ms-version': 'REDACTED'
    'x-ms-creation-time': 'REDACTED'
    'x-ms-blob-content-md5': 'REDACTED'
    'x-ms-lease-status': 'REDACTED'
    'x-ms-lease-state': 'REDACTED'
    'x-ms-blob-type': 'REDACTED'
    'x-ms-server-encrypted': 'REDACTED'
    'Date': 'Tue, 18 Oct 2022 22:05:45 GMT'
[2022-10-18 22:05:46,205] {logging_mixin.py:115} INFO - <class 'pandas.core.frame.DataFrame'>
RangeIndex: 1 entries, 0 to 0
Data columns (total 13 columns):
 #   Column            Non-Null Count  Dtype 
---  ------            --------------  ----- 
 0   title             1 non-null      object
 1   link              1 non-null      object
 2   id                1 non-null      object
 3   published_at      1 non-null      object
 4   conditions        1 non-null      object
 5   intervention      1 non-null      object
 6   publisher         1 non-null      object
 7   status            1 non-null      object
 8   source            1 non-null      object
 9   keyword           1 non-null      object
 10  indication        1 non-null      object
 11  therapeutic_area  1 non-null      object
 12  updated_at        1 non-null      object
dtypes: object(13)
memory usage: 232.0+ bytes
[2022-10-18 22:05:46,207] {process_news_dag_factory.py:159} INFO - None
[2022-10-18 22:05:46,211] {process_news_dag_factory.py:167} INFO - {'id': 'NCT05498792', 'source': 'clinical_trials', 'therapeutic_area': 'Oncology', 'indication': 'Lung Cancer', 'keyword': 'Yervoy', 'title': 'Study of CBL0137 in Combination With Ipilimumab and Nivolumab Therapy in Melanoma', 'link': 'https://clinicaltrials.gov/ct2/show/NCT05498792?cond=Yervoy&sfpd_d=100', 'publisher': 'Fox Chase Cancer Center;   Incuron', 'published_at': '2022-08-12T12:00:00.000Z', 'updated_at': '2022-10-18T22:01:23.813Z', 'atacana_team': None, 'category': None, 'priority': None, 'content': None}
[2022-10-18 22:05:46,413] {_universal.py:476} INFO - Request URL: 'https://atacananews.blob.core.windows.net/atacana-blob-container/lung-cancer/clinical-trials/20221018/yervoy/lung-cancer_clinical-trials_20221018_yervoy_NCT05501054.json'
Request method: 'GET'
Request headers:
    'x-ms-range': 'REDACTED'
    'x-ms-version': 'REDACTED'
    'Accept': 'application/xml'
    'User-Agent': 'azsdk-python-storage-blob/12.13.1 Python/3.8.15 (Linux-5.10.124-linuxkit-aarch64-with-glibc2.17)'
    'x-ms-date': 'REDACTED'
    'x-ms-client-request-id': '0465e384-4f31-11ed-bc3c-0242bebc0005'
    'Authorization': 'REDACTED'
No body was attached to the request
[2022-10-18 22:05:46,603] {_universal.py:504} INFO - Response status: 206
Response headers:
    'Content-Length': '625'
    'Content-Type': 'application/octet-stream'
    'Content-Range': 'REDACTED'
    'Last-Modified': 'Tue, 18 Oct 2022 22:03:57 GMT'
    'Accept-Ranges': 'REDACTED'
    'ETag': '"0x8DAB154A7CCBDEC"'
    'Server': 'Windows-Azure-Blob/1.0 Microsoft-HTTPAPI/2.0'
    'x-ms-request-id': 'b712d81e-a01e-0035-6f3d-e3d313000000'
    'x-ms-client-request-id': '0465e384-4f31-11ed-bc3c-0242bebc0005'
    'x-ms-version': 'REDACTED'
    'x-ms-creation-time': 'REDACTED'
    'x-ms-blob-content-md5': 'REDACTED'
    'x-ms-lease-status': 'REDACTED'
    'x-ms-lease-state': 'REDACTED'
    'x-ms-blob-type': 'REDACTED'
    'x-ms-server-encrypted': 'REDACTED'
    'Date': 'Tue, 18 Oct 2022 22:05:45 GMT'
[2022-10-18 22:05:46,620] {logging_mixin.py:115} INFO - <class 'pandas.core.frame.DataFrame'>
RangeIndex: 1 entries, 0 to 0
Data columns (total 13 columns):
 #   Column            Non-Null Count  Dtype 
---  ------            --------------  ----- 
 0   title             1 non-null      object
 1   link              1 non-null      object
 2   id                1 non-null      object
 3   published_at      1 non-null      object
 4   conditions        1 non-null      object
 5   intervention      1 non-null      object
 6   publisher         1 non-null      object
 7   status            1 non-null      object
 8   source            1 non-null      object
 9   keyword           1 non-null      object
 10  indication        1 non-null      object
 11  therapeutic_area  1 non-null      object
 12  updated_at        1 non-null      object
dtypes: object(13)
memory usage: 232.0+ bytes
[2022-10-18 22:05:46,624] {process_news_dag_factory.py:159} INFO - None
[2022-10-18 22:05:46,632] {process_news_dag_factory.py:167} INFO - {'id': 'NCT05501054', 'source': 'clinical_trials', 'therapeutic_area': 'Oncology', 'indication': 'Lung Cancer', 'keyword': 'Yervoy', 'title': 'Phase 1b/2 Trial of Ipilimumab, Nivolumab, and Ciforadenant (Adenosine A2a Receptor Antagonist) in First-line Advanced Renal Cell Carcinoma.', 'link': 'https://clinicaltrials.gov/ct2/show/NCT05501054?cond=Yervoy&sfpd_d=100', 'publisher': 'M.D. Anderson Cancer Center', 'published_at': '2022-08-15T12:00:00.000Z', 'updated_at': '2022-10-18T22:01:23.813Z', 'atacana_team': None, 'category': None, 'priority': None, 'content': None}
[2022-10-18 22:05:46,844] {_universal.py:476} INFO - Request URL: 'https://atacananews.blob.core.windows.net/atacana-blob-container/lung-cancer/clinical-trials/20221018/yervoy/lung-cancer_clinical-trials_20221018_yervoy_NCT05504642.json'
Request method: 'GET'
Request headers:
    'x-ms-range': 'REDACTED'
    'x-ms-version': 'REDACTED'
    'Accept': 'application/xml'
    'User-Agent': 'azsdk-python-storage-blob/12.13.1 Python/3.8.15 (Linux-5.10.124-linuxkit-aarch64-with-glibc2.17)'
    'x-ms-date': 'REDACTED'
    'x-ms-client-request-id': '04a7adc8-4f31-11ed-bc3c-0242bebc0005'
    'Authorization': 'REDACTED'
No body was attached to the request
[2022-10-18 22:05:47,032] {_universal.py:504} INFO - Response status: 206
Response headers:
    'Content-Length': '801'
    'Content-Type': 'application/octet-stream'
    'Content-Range': 'REDACTED'
    'Last-Modified': 'Tue, 18 Oct 2022 22:03:57 GMT'
    'Accept-Ranges': 'REDACTED'
    'ETag': '"0x8DAB154A7B0125A"'
    'Server': 'Windows-Azure-Blob/1.0 Microsoft-HTTPAPI/2.0'
    'x-ms-request-id': 'b712d9fc-a01e-0035-2e3d-e3d313000000'
    'x-ms-client-request-id': '04a7adc8-4f31-11ed-bc3c-0242bebc0005'
    'x-ms-version': 'REDACTED'
    'x-ms-creation-time': 'REDACTED'
    'x-ms-blob-content-md5': 'REDACTED'
    'x-ms-lease-status': 'REDACTED'
    'x-ms-lease-state': 'REDACTED'
    'x-ms-blob-type': 'REDACTED'
    'x-ms-server-encrypted': 'REDACTED'
    'Date': 'Tue, 18 Oct 2022 22:05:46 GMT'
[2022-10-18 22:05:47,038] {logging_mixin.py:115} INFO - <class 'pandas.core.frame.DataFrame'>
RangeIndex: 1 entries, 0 to 0
Data columns (total 13 columns):
 #   Column            Non-Null Count  Dtype 
---  ------            --------------  ----- 
 0   title             1 non-null      object
 1   link              1 non-null      object
 2   id                1 non-null      object
 3   published_at      1 non-null      object
 4   conditions        1 non-null      object
 5   intervention      1 non-null      object
 6   publisher         1 non-null      object
 7   status            1 non-null      object
 8   source            1 non-null      object
 9   keyword           1 non-null      object
 10  indication        1 non-null      object
 11  therapeutic_area  1 non-null      object
 12  updated_at        1 non-null      object
dtypes: object(13)
memory usage: 232.0+ bytes
[2022-10-18 22:05:47,039] {process_news_dag_factory.py:159} INFO - None
[2022-10-18 22:05:47,060] {process_news_dag_factory.py:167} INFO - {'id': 'NCT05504642', 'source': 'clinical_trials', 'therapeutic_area': 'Oncology', 'indication': 'Lung Cancer', 'keyword': 'Yervoy', 'title': 'Chemo-radio-immunotherapy With Nivolumab and Ipilimumab Treatment in Locally Advanced Cervical Cancer Patients', 'link': 'https://clinicaltrials.gov/ct2/show/NCT05504642?cond=Yervoy&sfpd_d=100', 'publisher': 'Universitätsklinikum Köln;   ZKS Köln', 'published_at': '2022-08-17T12:00:00.000Z', 'updated_at': '2022-10-18T22:01:23.813Z', 'atacana_team': None, 'category': None, 'priority': None, 'content': None}
[2022-10-18 22:05:47,275] {python.py:173} INFO - Done. Returned value was: None
[2022-10-18 22:05:47,289] {taskinstance.py:1395} INFO - Marking task as SUCCESS. dag_id=clinical_trials__lung_cancer__etl__20220109, task_id=load_data_to_mongodb_task, map_index=64, execution_date=20221018T200000, start_date=20221018T220541, end_date=20221018T220547
[2022-10-18 22:05:47,347] {local_task_job.py:156} INFO - Task exited with return code 0
[2022-10-18 22:05:47,392] {local_task_job.py:273} INFO - 0 downstream tasks scheduled from follow-on schedule check
