[2022-10-18 16:12:33,118] {taskinstance.py:1159} INFO - Dependencies all met for <TaskInstance: clinical_trials__lung_cancer__etl__20220109.load_data_to_mongodb_task scheduled__2022-10-18T14:00:00+00:00 map_index=3 [queued]>
[2022-10-18 16:12:33,129] {taskinstance.py:1159} INFO - Dependencies all met for <TaskInstance: clinical_trials__lung_cancer__etl__20220109.load_data_to_mongodb_task scheduled__2022-10-18T14:00:00+00:00 map_index=3 [queued]>
[2022-10-18 16:12:33,130] {taskinstance.py:1356} INFO - 
--------------------------------------------------------------------------------
[2022-10-18 16:12:33,132] {taskinstance.py:1357} INFO - Starting attempt 1 of 1
[2022-10-18 16:12:33,132] {taskinstance.py:1358} INFO - 
--------------------------------------------------------------------------------
[2022-10-18 16:12:33,139] {taskinstance.py:1377} INFO - Executing <Mapped(_PythonDecoratedOperator): load_data_to_mongodb_task> on 2022-10-18 14:00:00+00:00
[2022-10-18 16:12:33,144] {standard_task_runner.py:52} INFO - Started process 1084 to run task
[2022-10-18 16:12:33,147] {standard_task_runner.py:79} INFO - Running: ['airflow', 'tasks', 'run', 'clinical_trials__lung_cancer__etl__20220109', 'load_data_to_mongodb_task', 'scheduled__2022-10-18T14:00:00+00:00', '--job-id', '166', '--raw', '--subdir', 'DAGS_FOLDER/process_news_dags.py', '--cfg-path', '/tmp/tmpvf2xpast', '--map-index', '3', '--error-file', '/tmp/tmp9uln1r5s']
[2022-10-18 16:12:33,148] {standard_task_runner.py:80} INFO - Job 166: Subtask load_data_to_mongodb_task
[2022-10-18 16:12:33,158] {logging_mixin.py:115} WARNING - /root/.cache/pypoetry/virtualenvs/***-tXitOD5F-py3.8/lib/python3.8/site-packages/airflow/configuration.py:525 DeprecationWarning: The sql_alchemy_conn option in [core] has been moved to the sql_alchemy_conn option in [database] - the old setting has been used, but please update your config.
[2022-10-18 16:12:33,182] {task_command.py:370} INFO - Running <TaskInstance: clinical_trials__lung_cancer__etl__20220109.load_data_to_mongodb_task scheduled__2022-10-18T14:00:00+00:00 map_index=3 [running]> on host 6cdf6d517dc4
[2022-10-18 16:12:33,221] {taskinstance.py:1569} INFO - Exporting the following env vars:
AIRFLOW_CTX_DAG_EMAIL=wais@datakimia.com,david@datakimia.com,juanm@datakimia.com,tomas@datakimia.com
AIRFLOW_CTX_DAG_OWNER=atacana
AIRFLOW_CTX_DAG_ID=clinical_trials__lung_cancer__etl__20220109
AIRFLOW_CTX_TASK_ID=load_data_to_mongodb_task
AIRFLOW_CTX_EXECUTION_DATE=2022-10-18T14:00:00+00:00
AIRFLOW_CTX_TRY_NUMBER=1
AIRFLOW_CTX_DAG_RUN_ID=scheduled__2022-10-18T14:00:00+00:00
[2022-10-18 16:12:33,223] {process_news_dag_factory.py:128} INFO - Going to load data from clinical_trials about topic AZD-2281
[2022-10-18 16:12:33,242] {db_helpers.py:35} INFO - Connected successfully!!!
[2022-10-18 16:12:33,246] {_universal.py:476} INFO - Request URL: 'https://atacananews.blob.core.windows.net/atacana-blob-container?restype=REDACTED&comp=REDACTED&prefix=REDACTED&delimiter=REDACTED'
Request method: 'GET'
Request headers:
    'x-ms-version': 'REDACTED'
    'Accept': 'application/xml'
    'User-Agent': 'azsdk-python-storage-blob/12.13.1 Python/3.8.15 (Linux-5.10.124-linuxkit-aarch64-with-glibc2.17)'
    'x-ms-date': 'REDACTED'
    'x-ms-client-request-id': 'ac4935b0-4eff-11ed-b838-0242bebc0005'
    'Authorization': 'REDACTED'
No body was attached to the request
[2022-10-18 16:12:34,147] {_universal.py:504} INFO - Response status: 200
Response headers:
    'Transfer-Encoding': 'chunked'
    'Content-Type': 'application/xml'
    'Server': 'Windows-Azure-Blob/1.0 Microsoft-HTTPAPI/2.0'
    'x-ms-request-id': 'd696c50a-901e-003e-720c-e32878000000'
    'x-ms-client-request-id': 'ac4935b0-4eff-11ed-b838-0242bebc0005'
    'x-ms-version': 'REDACTED'
    'Date': 'Tue, 18 Oct 2022 16:12:33 GMT'
[2022-10-18 16:12:34,158] {_universal.py:476} INFO - Request URL: 'https://atacananews.blob.core.windows.net/atacana-blob-container/lung-cancer/clinical-trials/20221018/azd-2281/lung-cancer_clinical-trials_20221018_azd-2281_NCT05457257.json'
Request method: 'GET'
Request headers:
    'x-ms-range': 'REDACTED'
    'x-ms-version': 'REDACTED'
    'Accept': 'application/xml'
    'User-Agent': 'azsdk-python-storage-blob/12.13.1 Python/3.8.15 (Linux-5.10.124-linuxkit-aarch64-with-glibc2.17)'
    'x-ms-date': 'REDACTED'
    'x-ms-client-request-id': 'acd47c74-4eff-11ed-b838-0242bebc0005'
    'Authorization': 'REDACTED'
No body was attached to the request
[2022-10-18 16:12:34,347] {_universal.py:504} INFO - Response status: 206
Response headers:
    'Content-Length': '819'
    'Content-Type': 'application/octet-stream'
    'Content-Range': 'REDACTED'
    'Last-Modified': 'Tue, 18 Oct 2022 16:10:01 GMT'
    'Accept-Ranges': 'REDACTED'
    'ETag': '"0x8DAB12335DE4EA0"'
    'Server': 'Windows-Azure-Blob/1.0 Microsoft-HTTPAPI/2.0'
    'x-ms-request-id': 'd696c6a9-901e-003e-780c-e32878000000'
    'x-ms-client-request-id': 'acd47c74-4eff-11ed-b838-0242bebc0005'
    'x-ms-version': 'REDACTED'
    'x-ms-creation-time': 'REDACTED'
    'x-ms-blob-content-md5': 'REDACTED'
    'x-ms-lease-status': 'REDACTED'
    'x-ms-lease-state': 'REDACTED'
    'x-ms-blob-type': 'REDACTED'
    'x-ms-server-encrypted': 'REDACTED'
    'Date': 'Tue, 18 Oct 2022 16:12:33 GMT'
[2022-10-18 16:12:34,362] {logging_mixin.py:115} INFO - <class 'pandas.core.frame.DataFrame'>
RangeIndex: 1 entries, 0 to 0
Data columns (total 13 columns):
 #   Column            Non-Null Count  Dtype 
---  ------            --------------  ----- 
 0   title             1 non-null      object
 1   link              1 non-null      object
 2   id                1 non-null      object
 3   published_at      1 non-null      object
 4   conditions        1 non-null      object
 5   intervention      1 non-null      object
 6   publisher         1 non-null      object
 7   status            1 non-null      object
 8   source            1 non-null      object
 9   keyword           1 non-null      object
 10  indication        1 non-null      object
 11  therapeutic_area  1 non-null      object
 12  updated_at        1 non-null      object
dtypes: object(13)
memory usage: 232.0+ bytes
[2022-10-18 16:12:34,363] {process_news_dag_factory.py:159} INFO - None
[2022-10-18 16:12:34,367] {process_news_dag_factory.py:167} INFO - {'id': 'NCT05457257', 'source': 'clinical_trials', 'therapeutic_area': 'Oncology', 'indication': 'Lung Cancer', 'keyword': 'AZD 2281', 'title': 'Clinical Study to Assess the Efficacy and Safety of Olaparib in Chinese Patients With Metastatic Castration-Resistant Prostate Cancer Who Have Failed Prior Treatment With a New Hormonal Agent and Have BRCA1/2 Mutations', 'link': 'https://clinicaltrials.gov/ct2/show/NCT05457257?cond=AZD+2281&sfpd_d=100', 'publisher': 'AstraZeneca;   Merck Sharp & Dohme LLC;   Foundation Medicine, Inc.;   Myriad Genetics, Inc.', 'published_at': '2022-07-13T12:00:00.000Z', 'updated_at': '2022-10-18T16:07:03.923Z', 'atacana_team': None, 'category': None, 'priority': None, 'content': None}
[2022-10-18 16:12:35,619] {_universal.py:476} INFO - Request URL: 'https://atacananews.blob.core.windows.net/atacana-blob-container/lung-cancer/clinical-trials/20221018/azd-2281/lung-cancer_clinical-trials_20221018_azd-2281_NCT05463848.json'
Request method: 'GET'
Request headers:
    'x-ms-range': 'REDACTED'
    'x-ms-version': 'REDACTED'
    'Accept': 'application/xml'
    'User-Agent': 'azsdk-python-storage-blob/12.13.1 Python/3.8.15 (Linux-5.10.124-linuxkit-aarch64-with-glibc2.17)'
    'x-ms-date': 'REDACTED'
    'x-ms-client-request-id': 'adb36498-4eff-11ed-b838-0242bebc0005'
    'Authorization': 'REDACTED'
No body was attached to the request
[2022-10-18 16:12:35,805] {_universal.py:504} INFO - Response status: 206
Response headers:
    'Content-Length': '570'
    'Content-Type': 'application/octet-stream'
    'Content-Range': 'REDACTED'
    'Last-Modified': 'Tue, 18 Oct 2022 16:10:00 GMT'
    'Accept-Ranges': 'REDACTED'
    'ETag': '"0x8DAB12335684556"'
    'Server': 'Windows-Azure-Blob/1.0 Microsoft-HTTPAPI/2.0'
    'x-ms-request-id': 'd696cd56-901e-003e-3b0c-e32878000000'
    'x-ms-client-request-id': 'adb36498-4eff-11ed-b838-0242bebc0005'
    'x-ms-version': 'REDACTED'
    'x-ms-creation-time': 'REDACTED'
    'x-ms-blob-content-md5': 'REDACTED'
    'x-ms-lease-status': 'REDACTED'
    'x-ms-lease-state': 'REDACTED'
    'x-ms-blob-type': 'REDACTED'
    'x-ms-server-encrypted': 'REDACTED'
    'Date': 'Tue, 18 Oct 2022 16:12:34 GMT'
[2022-10-18 16:12:35,820] {logging_mixin.py:115} INFO - <class 'pandas.core.frame.DataFrame'>
RangeIndex: 1 entries, 0 to 0
Data columns (total 13 columns):
 #   Column            Non-Null Count  Dtype 
---  ------            --------------  ----- 
 0   title             1 non-null      object
 1   link              1 non-null      object
 2   id                1 non-null      object
 3   published_at      1 non-null      object
 4   conditions        1 non-null      object
 5   intervention      1 non-null      object
 6   publisher         1 non-null      object
 7   status            1 non-null      object
 8   source            1 non-null      object
 9   keyword           1 non-null      object
 10  indication        1 non-null      object
 11  therapeutic_area  1 non-null      object
 12  updated_at        1 non-null      object
dtypes: object(13)
memory usage: 232.0+ bytes
[2022-10-18 16:12:35,821] {process_news_dag_factory.py:159} INFO - None
[2022-10-18 16:12:35,824] {process_news_dag_factory.py:167} INFO - {'id': 'NCT05463848', 'source': 'clinical_trials', 'therapeutic_area': 'Oncology', 'indication': 'Lung Cancer', 'keyword': 'AZD 2281', 'title': 'Surgical Pembro +/- Olaparib w TMZ for rGBM', 'link': 'https://clinicaltrials.gov/ct2/show/NCT05463848?cond=AZD+2281&sfpd_d=100', 'publisher': 'Patrick Y. Wen, MD;   Merck Sharp & Dohme LLC', 'published_at': '2022-07-19T12:00:00.000Z', 'updated_at': '2022-10-18T16:07:03.923Z', 'atacana_team': None, 'category': None, 'priority': None, 'content': None}
[2022-10-18 16:12:36,033] {_universal.py:476} INFO - Request URL: 'https://atacananews.blob.core.windows.net/atacana-blob-container/lung-cancer/clinical-trials/20221018/azd-2281/lung-cancer_clinical-trials_20221018_azd-2281_NCT05482074.json'
Request method: 'GET'
Request headers:
    'x-ms-range': 'REDACTED'
    'x-ms-version': 'REDACTED'
    'Accept': 'application/xml'
    'User-Agent': 'azsdk-python-storage-blob/12.13.1 Python/3.8.15 (Linux-5.10.124-linuxkit-aarch64-with-glibc2.17)'
    'x-ms-date': 'REDACTED'
    'x-ms-client-request-id': 'adf285a6-4eff-11ed-b838-0242bebc0005'
    'Authorization': 'REDACTED'
No body was attached to the request
[2022-10-18 16:12:36,213] {_universal.py:504} INFO - Response status: 206
Response headers:
    'Content-Length': '589'
    'Content-Type': 'application/octet-stream'
    'Content-Range': 'REDACTED'
    'Last-Modified': 'Tue, 18 Oct 2022 16:10:00 GMT'
    'Accept-Ranges': 'REDACTED'
    'ETag': '"0x8DAB1233526D900"'
    'Server': 'Windows-Azure-Blob/1.0 Microsoft-HTTPAPI/2.0'
    'x-ms-request-id': 'd696ceea-901e-003e-360c-e32878000000'
    'x-ms-client-request-id': 'adf285a6-4eff-11ed-b838-0242bebc0005'
    'x-ms-version': 'REDACTED'
    'x-ms-creation-time': 'REDACTED'
    'x-ms-blob-content-md5': 'REDACTED'
    'x-ms-lease-status': 'REDACTED'
    'x-ms-lease-state': 'REDACTED'
    'x-ms-blob-type': 'REDACTED'
    'x-ms-server-encrypted': 'REDACTED'
    'Date': 'Tue, 18 Oct 2022 16:12:35 GMT'
[2022-10-18 16:12:36,222] {logging_mixin.py:115} INFO - <class 'pandas.core.frame.DataFrame'>
RangeIndex: 1 entries, 0 to 0
Data columns (total 13 columns):
 #   Column            Non-Null Count  Dtype 
---  ------            --------------  ----- 
 0   title             1 non-null      object
 1   link              1 non-null      object
 2   id                1 non-null      object
 3   published_at      1 non-null      object
 4   conditions        1 non-null      object
 5   intervention      1 non-null      object
 6   publisher         1 non-null      object
 7   status            1 non-null      object
 8   source            1 non-null      object
 9   keyword           1 non-null      object
 10  indication        1 non-null      object
 11  therapeutic_area  1 non-null      object
 12  updated_at        1 non-null      object
dtypes: object(13)
memory usage: 232.0+ bytes
[2022-10-18 16:12:36,224] {process_news_dag_factory.py:159} INFO - None
[2022-10-18 16:12:36,228] {process_news_dag_factory.py:167} INFO - {'id': 'NCT05482074', 'source': 'clinical_trials', 'therapeutic_area': 'Oncology', 'indication': 'Lung Cancer', 'keyword': 'AZD 2281', 'title': 'Olaparib in Unresectable/Metastatic Melanoma With BRCA1/2', 'link': 'https://clinicaltrials.gov/ct2/show/NCT05482074?cond=AZD+2281&sfpd_d=100', 'publisher': 'Dana-Farber Cancer Institute;   AstraZeneca', 'published_at': '2022-08-01T12:00:00.000Z', 'updated_at': '2022-10-18T16:07:03.923Z', 'atacana_team': None, 'category': None, 'priority': None, 'content': None}
[2022-10-18 16:12:36,503] {_universal.py:476} INFO - Request URL: 'https://atacananews.blob.core.windows.net/atacana-blob-container/lung-cancer/clinical-trials/20221018/azd-2281/lung-cancer_clinical-trials_20221018_azd-2281_NCT05485766.json'
Request method: 'GET'
Request headers:
    'x-ms-range': 'REDACTED'
    'x-ms-version': 'REDACTED'
    'Accept': 'application/xml'
    'User-Agent': 'azsdk-python-storage-blob/12.13.1 Python/3.8.15 (Linux-5.10.124-linuxkit-aarch64-with-glibc2.17)'
    'x-ms-date': 'REDACTED'
    'x-ms-client-request-id': 'ae3a3586-4eff-11ed-b838-0242bebc0005'
    'Authorization': 'REDACTED'
No body was attached to the request
[2022-10-18 16:12:36,685] {_universal.py:504} INFO - Response status: 206
Response headers:
    'Content-Length': '831'
    'Content-Type': 'application/octet-stream'
    'Content-Range': 'REDACTED'
    'Last-Modified': 'Tue, 18 Oct 2022 16:10:01 GMT'
    'Accept-Ranges': 'REDACTED'
    'ETag': '"0x8DAB12336192C3B"'
    'Server': 'Windows-Azure-Blob/1.0 Microsoft-HTTPAPI/2.0'
    'x-ms-request-id': 'd696d061-901e-003e-0e0c-e32878000000'
    'x-ms-client-request-id': 'ae3a3586-4eff-11ed-b838-0242bebc0005'
    'x-ms-version': 'REDACTED'
    'x-ms-creation-time': 'REDACTED'
    'x-ms-blob-content-md5': 'REDACTED'
    'x-ms-lease-status': 'REDACTED'
    'x-ms-lease-state': 'REDACTED'
    'x-ms-blob-type': 'REDACTED'
    'x-ms-server-encrypted': 'REDACTED'
    'Date': 'Tue, 18 Oct 2022 16:12:35 GMT'
[2022-10-18 16:12:36,698] {logging_mixin.py:115} INFO - <class 'pandas.core.frame.DataFrame'>
RangeIndex: 1 entries, 0 to 0
Data columns (total 13 columns):
 #   Column            Non-Null Count  Dtype 
---  ------            --------------  ----- 
 0   title             1 non-null      object
 1   link              1 non-null      object
 2   id                1 non-null      object
 3   published_at      1 non-null      object
 4   conditions        1 non-null      object
 5   intervention      1 non-null      object
 6   publisher         1 non-null      object
 7   status            1 non-null      object
 8   source            1 non-null      object
 9   keyword           1 non-null      object
 10  indication        1 non-null      object
 11  therapeutic_area  1 non-null      object
 12  updated_at        1 non-null      object
dtypes: object(13)
memory usage: 232.0+ bytes
[2022-10-18 16:12:36,698] {process_news_dag_factory.py:159} INFO - None
[2022-10-18 16:12:36,701] {process_news_dag_factory.py:167} INFO - {'id': 'NCT05485766', 'source': 'clinical_trials', 'therapeutic_area': 'Oncology', 'indication': 'Lung Cancer', 'keyword': 'AZD 2281', 'title': 'Novel Neoadjuvant and Adjuvant Strategy for Germline BRCA 1/2 Mutated Triple Negative Breast Cancer', 'link': 'https://clinicaltrials.gov/ct2/show/NCT05485766?cond=AZD+2281&sfpd_d=100', 'publisher': 'Okayama University;   Merck Sharp & Dohme LLC', 'published_at': '2022-08-03T12:00:00.000Z', 'updated_at': '2022-10-18T16:07:03.923Z', 'atacana_team': None, 'category': None, 'priority': None, 'content': None}
[2022-10-18 16:12:36,911] {_universal.py:476} INFO - Request URL: 'https://atacananews.blob.core.windows.net/atacana-blob-container/lung-cancer/clinical-trials/20221018/azd-2281/lung-cancer_clinical-trials_20221018_azd-2281_NCT05498155.json'
Request method: 'GET'
Request headers:
    'x-ms-range': 'REDACTED'
    'x-ms-version': 'REDACTED'
    'Accept': 'application/xml'
    'User-Agent': 'azsdk-python-storage-blob/12.13.1 Python/3.8.15 (Linux-5.10.124-linuxkit-aarch64-with-glibc2.17)'
    'x-ms-date': 'REDACTED'
    'x-ms-client-request-id': 'ae787e68-4eff-11ed-b838-0242bebc0005'
    'Authorization': 'REDACTED'
No body was attached to the request
[2022-10-18 16:12:37,096] {_universal.py:504} INFO - Response status: 206
Response headers:
    'Content-Length': '656'
    'Content-Type': 'application/octet-stream'
    'Content-Range': 'REDACTED'
    'Last-Modified': 'Tue, 18 Oct 2022 16:10:01 GMT'
    'Accept-Ranges': 'REDACTED'
    'ETag': '"0x8DAB12335C154F5"'
    'Server': 'Windows-Azure-Blob/1.0 Microsoft-HTTPAPI/2.0'
    'x-ms-request-id': 'd696d1e1-901e-003e-760c-e32878000000'
    'x-ms-client-request-id': 'ae787e68-4eff-11ed-b838-0242bebc0005'
    'x-ms-version': 'REDACTED'
    'x-ms-creation-time': 'REDACTED'
    'x-ms-blob-content-md5': 'REDACTED'
    'x-ms-lease-status': 'REDACTED'
    'x-ms-lease-state': 'REDACTED'
    'x-ms-blob-type': 'REDACTED'
    'x-ms-server-encrypted': 'REDACTED'
    'Date': 'Tue, 18 Oct 2022 16:12:36 GMT'
[2022-10-18 16:12:37,101] {logging_mixin.py:115} INFO - <class 'pandas.core.frame.DataFrame'>
RangeIndex: 1 entries, 0 to 0
Data columns (total 13 columns):
 #   Column            Non-Null Count  Dtype 
---  ------            --------------  ----- 
 0   title             1 non-null      object
 1   link              1 non-null      object
 2   id                1 non-null      object
 3   published_at      1 non-null      object
 4   conditions        1 non-null      object
 5   intervention      1 non-null      object
 6   publisher         1 non-null      object
 7   status            1 non-null      object
 8   source            1 non-null      object
 9   keyword           1 non-null      object
 10  indication        1 non-null      object
 11  therapeutic_area  1 non-null      object
 12  updated_at        1 non-null      object
dtypes: object(13)
memory usage: 232.0+ bytes
[2022-10-18 16:12:37,102] {process_news_dag_factory.py:159} INFO - None
[2022-10-18 16:12:37,105] {process_news_dag_factory.py:167} INFO - {'id': 'NCT05498155', 'source': 'clinical_trials', 'therapeutic_area': 'Oncology', 'indication': 'Lung Cancer', 'keyword': 'AZD 2281', 'title': 'Study of Neoadjuvant Olaparib Monotherapy and Olaparib and Durvalumab Combination in HER2 Negative BRCAm Breast Cancer', 'link': 'https://clinicaltrials.gov/ct2/show/NCT05498155?cond=AZD+2281&sfpd_d=100', 'publisher': 'AstraZeneca', 'published_at': '2022-08-11T12:00:00.000Z', 'updated_at': '2022-10-18T16:07:03.923Z', 'atacana_team': None, 'category': None, 'priority': None, 'content': None}
[2022-10-18 16:12:37,313] {_universal.py:476} INFO - Request URL: 'https://atacananews.blob.core.windows.net/atacana-blob-container/lung-cancer/clinical-trials/20221018/azd-2281/lung-cancer_clinical-trials_20221018_azd-2281_NCT05501548.json'
Request method: 'GET'
Request headers:
    'x-ms-range': 'REDACTED'
    'x-ms-version': 'REDACTED'
    'Accept': 'application/xml'
    'User-Agent': 'azsdk-python-storage-blob/12.13.1 Python/3.8.15 (Linux-5.10.124-linuxkit-aarch64-with-glibc2.17)'
    'x-ms-date': 'REDACTED'
    'x-ms-client-request-id': 'aeb5e6fe-4eff-11ed-b838-0242bebc0005'
    'Authorization': 'REDACTED'
No body was attached to the request
[2022-10-18 16:12:37,488] {_universal.py:504} INFO - Response status: 206
Response headers:
    'Content-Length': '714'
    'Content-Type': 'application/octet-stream'
    'Content-Range': 'REDACTED'
    'Last-Modified': 'Tue, 18 Oct 2022 16:09:59 GMT'
    'Accept-Ranges': 'REDACTED'
    'ETag': '"0x8DAB1233509DF54"'
    'Server': 'Windows-Azure-Blob/1.0 Microsoft-HTTPAPI/2.0'
    'x-ms-request-id': 'd696d367-901e-003e-6c0c-e32878000000'
    'x-ms-client-request-id': 'aeb5e6fe-4eff-11ed-b838-0242bebc0005'
    'x-ms-version': 'REDACTED'
    'x-ms-creation-time': 'REDACTED'
    'x-ms-blob-content-md5': 'REDACTED'
    'x-ms-lease-status': 'REDACTED'
    'x-ms-lease-state': 'REDACTED'
    'x-ms-blob-type': 'REDACTED'
    'x-ms-server-encrypted': 'REDACTED'
    'Date': 'Tue, 18 Oct 2022 16:12:36 GMT'
[2022-10-18 16:12:37,494] {logging_mixin.py:115} INFO - <class 'pandas.core.frame.DataFrame'>
RangeIndex: 1 entries, 0 to 0
Data columns (total 13 columns):
 #   Column            Non-Null Count  Dtype 
---  ------            --------------  ----- 
 0   title             1 non-null      object
 1   link              1 non-null      object
 2   id                1 non-null      object
 3   published_at      1 non-null      object
 4   conditions        1 non-null      object
 5   intervention      1 non-null      object
 6   publisher         1 non-null      object
 7   status            1 non-null      object
 8   source            1 non-null      object
 9   keyword           1 non-null      object
 10  indication        1 non-null      object
 11  therapeutic_area  1 non-null      object
 12  updated_at        1 non-null      object
dtypes: object(13)
memory usage: 232.0+ bytes
[2022-10-18 16:12:37,495] {process_news_dag_factory.py:159} INFO - None
[2022-10-18 16:12:37,497] {process_news_dag_factory.py:167} INFO - {'id': 'NCT05501548', 'source': 'clinical_trials', 'therapeutic_area': 'Oncology', 'indication': 'Lung Cancer', 'keyword': 'AZD 2281', 'title': 'Phase II Study of PARP Inhibitor Olaparib and IV Ascorbate in Castration Resistant Prostate Cancer', 'link': 'https://clinicaltrials.gov/ct2/show/NCT05501548?cond=AZD+2281&sfpd_d=100', 'publisher': 'Sidney Kimmel Comprehensive Cancer Center at Johns Hopkins;   AstraZeneca;   McGuff Pharmaceuticals, Inc.;   The Marcus Foundation', 'published_at': '2022-08-15T12:00:00.000Z', 'updated_at': '2022-10-18T16:07:03.923Z', 'atacana_team': None, 'category': None, 'priority': None, 'content': None}
[2022-10-18 16:12:37,717] {_universal.py:476} INFO - Request URL: 'https://atacananews.blob.core.windows.net/atacana-blob-container/lung-cancer/clinical-trials/20221018/azd-2281/lung-cancer_clinical-trials_20221018_azd-2281_NCT05522491.json'
Request method: 'GET'
Request headers:
    'x-ms-range': 'REDACTED'
    'x-ms-version': 'REDACTED'
    'Accept': 'application/xml'
    'User-Agent': 'azsdk-python-storage-blob/12.13.1 Python/3.8.15 (Linux-5.10.124-linuxkit-aarch64-with-glibc2.17)'
    'x-ms-date': 'REDACTED'
    'x-ms-client-request-id': 'aef38798-4eff-11ed-b838-0242bebc0005'
    'Authorization': 'REDACTED'
No body was attached to the request
[2022-10-18 16:12:37,908] {_universal.py:504} INFO - Response status: 206
Response headers:
    'Content-Length': '581'
    'Content-Type': 'application/octet-stream'
    'Content-Range': 'REDACTED'
    'Last-Modified': 'Tue, 18 Oct 2022 16:10:00 GMT'
    'Accept-Ranges': 'REDACTED'
    'ETag': '"0x8DAB12335A3E62A"'
    'Server': 'Windows-Azure-Blob/1.0 Microsoft-HTTPAPI/2.0'
    'x-ms-request-id': 'd696d4de-901e-003e-430c-e32878000000'
    'x-ms-client-request-id': 'aef38798-4eff-11ed-b838-0242bebc0005'
    'x-ms-version': 'REDACTED'
    'x-ms-creation-time': 'REDACTED'
    'x-ms-blob-content-md5': 'REDACTED'
    'x-ms-lease-status': 'REDACTED'
    'x-ms-lease-state': 'REDACTED'
    'x-ms-blob-type': 'REDACTED'
    'x-ms-server-encrypted': 'REDACTED'
    'Date': 'Tue, 18 Oct 2022 16:12:36 GMT'
[2022-10-18 16:12:37,916] {logging_mixin.py:115} INFO - <class 'pandas.core.frame.DataFrame'>
RangeIndex: 1 entries, 0 to 0
Data columns (total 13 columns):
 #   Column            Non-Null Count  Dtype 
---  ------            --------------  ----- 
 0   title             1 non-null      object
 1   link              1 non-null      object
 2   id                1 non-null      object
 3   published_at      1 non-null      object
 4   conditions        1 non-null      object
 5   intervention      1 non-null      object
 6   publisher         1 non-null      object
 7   status            1 non-null      object
 8   source            1 non-null      object
 9   keyword           1 non-null      object
 10  indication        1 non-null      object
 11  therapeutic_area  1 non-null      object
 12  updated_at        1 non-null      object
dtypes: object(13)
memory usage: 232.0+ bytes
[2022-10-18 16:12:37,919] {process_news_dag_factory.py:159} INFO - None
[2022-10-18 16:12:37,922] {process_news_dag_factory.py:167} INFO - {'id': 'NCT05522491', 'source': 'clinical_trials', 'therapeutic_area': 'Oncology', 'indication': 'Lung Cancer', 'keyword': 'AZD 2281', 'title': 'Olaparib in the Treatment of BRCA1/2 Unmutated and BRCA1 Promoter Methylated Recurrent and Metastatic Triple-negative Breast Cancer', 'link': 'https://clinicaltrials.gov/ct2/show/NCT05522491?cond=AZD+2281&sfpd_d=100', 'publisher': 'Hebei Medical University Fourth Hospital', 'published_at': '2022-08-31T12:00:00.000Z', 'updated_at': '2022-10-18T16:07:03.923Z', 'atacana_team': None, 'category': None, 'priority': None, 'content': None}
[2022-10-18 16:12:38,155] {_universal.py:476} INFO - Request URL: 'https://atacananews.blob.core.windows.net/atacana-blob-container/lung-cancer/clinical-trials/20221018/azd-2281/lung-cancer_clinical-trials_20221018_azd-2281_NCT05524935.json'
Request method: 'GET'
Request headers:
    'x-ms-range': 'REDACTED'
    'x-ms-version': 'REDACTED'
    'Accept': 'application/xml'
    'User-Agent': 'azsdk-python-storage-blob/12.13.1 Python/3.8.15 (Linux-5.10.124-linuxkit-aarch64-with-glibc2.17)'
    'x-ms-date': 'REDACTED'
    'x-ms-client-request-id': 'af3643ee-4eff-11ed-b838-0242bebc0005'
    'Authorization': 'REDACTED'
No body was attached to the request
[2022-10-18 16:12:38,337] {_universal.py:504} INFO - Response status: 206
Response headers:
    'Content-Length': '594'
    'Content-Type': 'application/octet-stream'
    'Content-Range': 'REDACTED'
    'Last-Modified': 'Tue, 18 Oct 2022 16:10:00 GMT'
    'Accept-Ranges': 'REDACTED'
    'ETag': '"0x8DAB1233548DB06"'
    'Server': 'Windows-Azure-Blob/1.0 Microsoft-HTTPAPI/2.0'
    'x-ms-request-id': 'd696d6e3-901e-003e-2e0c-e32878000000'
    'x-ms-client-request-id': 'af3643ee-4eff-11ed-b838-0242bebc0005'
    'x-ms-version': 'REDACTED'
    'x-ms-creation-time': 'REDACTED'
    'x-ms-blob-content-md5': 'REDACTED'
    'x-ms-lease-status': 'REDACTED'
    'x-ms-lease-state': 'REDACTED'
    'x-ms-blob-type': 'REDACTED'
    'x-ms-server-encrypted': 'REDACTED'
    'Date': 'Tue, 18 Oct 2022 16:12:37 GMT'
[2022-10-18 16:12:38,342] {logging_mixin.py:115} INFO - <class 'pandas.core.frame.DataFrame'>
RangeIndex: 1 entries, 0 to 0
Data columns (total 13 columns):
 #   Column            Non-Null Count  Dtype 
---  ------            --------------  ----- 
 0   title             1 non-null      object
 1   link              1 non-null      object
 2   id                1 non-null      object
 3   published_at      1 non-null      object
 4   conditions        1 non-null      object
 5   intervention      1 non-null      object
 6   publisher         1 non-null      object
 7   status            1 non-null      object
 8   source            1 non-null      object
 9   keyword           1 non-null      object
 10  indication        1 non-null      object
 11  therapeutic_area  1 non-null      object
 12  updated_at        1 non-null      object
dtypes: object(13)
memory usage: 232.0+ bytes
[2022-10-18 16:12:38,343] {process_news_dag_factory.py:159} INFO - None
[2022-10-18 16:12:38,345] {process_news_dag_factory.py:167} INFO - {'id': 'NCT05524935', 'source': 'clinical_trials', 'therapeutic_area': 'Oncology', 'indication': 'Lung Cancer', 'keyword': 'AZD 2281', 'title': 'Olaparib in Combination With Pembrolizumab for Advanced Uveal Melanoma', 'link': 'https://clinicaltrials.gov/ct2/show/NCT05524935?cond=AZD+2281&sfpd_d=100', 'publisher': 'H. Lee Moffitt Cancer Center and Research Institute;   Merck Sharp & Dohme LLC', 'published_at': '2022-09-01T12:00:00.000Z', 'updated_at': '2022-10-18T16:07:03.923Z', 'atacana_team': None, 'category': None, 'priority': None, 'content': None}
[2022-10-18 16:12:38,565] {_universal.py:476} INFO - Request URL: 'https://atacananews.blob.core.windows.net/atacana-blob-container/lung-cancer/clinical-trials/20221018/azd-2281/lung-cancer_clinical-trials_20221018_azd-2281_NCT05554328.json'
Request method: 'GET'
Request headers:
    'x-ms-range': 'REDACTED'
    'x-ms-version': 'REDACTED'
    'Accept': 'application/xml'
    'User-Agent': 'azsdk-python-storage-blob/12.13.1 Python/3.8.15 (Linux-5.10.124-linuxkit-aarch64-with-glibc2.17)'
    'x-ms-date': 'REDACTED'
    'x-ms-client-request-id': 'af74f38c-4eff-11ed-b838-0242bebc0005'
    'Authorization': 'REDACTED'
No body was attached to the request
[2022-10-18 16:12:38,751] {_universal.py:504} INFO - Response status: 206
Response headers:
    'Content-Length': '871'
    'Content-Type': 'application/octet-stream'
    'Content-Range': 'REDACTED'
    'Last-Modified': 'Tue, 18 Oct 2022 16:10:01 GMT'
    'Accept-Ranges': 'REDACTED'
    'ETag': '"0x8DAB12335FAD339"'
    'Server': 'Windows-Azure-Blob/1.0 Microsoft-HTTPAPI/2.0'
    'x-ms-request-id': 'd696d8ba-901e-003e-6e0c-e32878000000'
    'x-ms-client-request-id': 'af74f38c-4eff-11ed-b838-0242bebc0005'
    'x-ms-version': 'REDACTED'
    'x-ms-creation-time': 'REDACTED'
    'x-ms-blob-content-md5': 'REDACTED'
    'x-ms-lease-status': 'REDACTED'
    'x-ms-lease-state': 'REDACTED'
    'x-ms-blob-type': 'REDACTED'
    'x-ms-server-encrypted': 'REDACTED'
    'Date': 'Tue, 18 Oct 2022 16:12:37 GMT'
[2022-10-18 16:12:38,757] {logging_mixin.py:115} INFO - <class 'pandas.core.frame.DataFrame'>
RangeIndex: 1 entries, 0 to 0
Data columns (total 13 columns):
 #   Column            Non-Null Count  Dtype 
---  ------            --------------  ----- 
 0   title             1 non-null      object
 1   link              1 non-null      object
 2   id                1 non-null      object
 3   published_at      1 non-null      object
 4   conditions        1 non-null      object
 5   intervention      1 non-null      object
 6   publisher         1 non-null      object
 7   status            1 non-null      object
 8   source            1 non-null      object
 9   keyword           1 non-null      object
 10  indication        1 non-null      object
 11  therapeutic_area  1 non-null      object
 12  updated_at        1 non-null      object
dtypes: object(13)
memory usage: 232.0+ bytes
[2022-10-18 16:12:38,758] {process_news_dag_factory.py:159} INFO - None
[2022-10-18 16:12:38,760] {process_news_dag_factory.py:167} INFO - {'id': 'NCT05554328', 'source': 'clinical_trials', 'therapeutic_area': 'Oncology', 'indication': 'Lung Cancer', 'keyword': 'AZD 2281', 'title': 'Testing the Use of the Combination of Selumetinib and Olaparib or Selumetinib Alone Targeted Treatment for RAS Pathway Mutant Recurrent or Persistent Ovarian and Endometrial Cancers, A ComboMATCH Treatment Trial', 'link': 'https://clinicaltrials.gov/ct2/show/NCT05554328?cond=AZD+2281&sfpd_d=100', 'publisher': 'National Cancer Institute (NCI)', 'published_at': '2022-09-26T12:00:00.000Z', 'updated_at': '2022-10-18T16:07:03.923Z', 'atacana_team': None, 'category': None, 'priority': None, 'content': None}
[2022-10-18 16:12:38,981] {_universal.py:476} INFO - Request URL: 'https://atacananews.blob.core.windows.net/atacana-blob-container/lung-cancer/clinical-trials/20221018/azd-2281/lung-cancer_clinical-trials_20221018_azd-2281_NCT05568550.json'
Request method: 'GET'
Request headers:
    'x-ms-range': 'REDACTED'
    'x-ms-version': 'REDACTED'
    'Accept': 'application/xml'
    'User-Agent': 'azsdk-python-storage-blob/12.13.1 Python/3.8.15 (Linux-5.10.124-linuxkit-aarch64-with-glibc2.17)'
    'x-ms-date': 'REDACTED'
    'x-ms-client-request-id': 'afb4437a-4eff-11ed-b838-0242bebc0005'
    'Authorization': 'REDACTED'
No body was attached to the request
[2022-10-18 16:12:39,168] {_universal.py:504} INFO - Response status: 206
Response headers:
    'Content-Length': '596'
    'Content-Type': 'application/octet-stream'
    'Content-Range': 'REDACTED'
    'Last-Modified': 'Tue, 18 Oct 2022 16:10:00 GMT'
    'Accept-Ranges': 'REDACTED'
    'ETag': '"0x8DAB12335862950"'
    'Server': 'Windows-Azure-Blob/1.0 Microsoft-HTTPAPI/2.0'
    'x-ms-request-id': 'd696dac6-901e-003e-5e0c-e32878000000'
    'x-ms-client-request-id': 'afb4437a-4eff-11ed-b838-0242bebc0005'
    'x-ms-version': 'REDACTED'
    'x-ms-creation-time': 'REDACTED'
    'x-ms-blob-content-md5': 'REDACTED'
    'x-ms-lease-status': 'REDACTED'
    'x-ms-lease-state': 'REDACTED'
    'x-ms-blob-type': 'REDACTED'
    'x-ms-server-encrypted': 'REDACTED'
    'Date': 'Tue, 18 Oct 2022 16:12:38 GMT'
[2022-10-18 16:12:39,179] {logging_mixin.py:115} INFO - <class 'pandas.core.frame.DataFrame'>
RangeIndex: 1 entries, 0 to 0
Data columns (total 13 columns):
 #   Column            Non-Null Count  Dtype 
---  ------            --------------  ----- 
 0   title             1 non-null      object
 1   link              1 non-null      object
 2   id                1 non-null      object
 3   published_at      1 non-null      object
 4   conditions        1 non-null      object
 5   intervention      1 non-null      object
 6   publisher         1 non-null      object
 7   status            1 non-null      object
 8   source            1 non-null      object
 9   keyword           1 non-null      object
 10  indication        1 non-null      object
 11  therapeutic_area  1 non-null      object
 12  updated_at        1 non-null      object
dtypes: object(13)
memory usage: 232.0+ bytes
[2022-10-18 16:12:39,181] {process_news_dag_factory.py:159} INFO - None
[2022-10-18 16:12:39,184] {process_news_dag_factory.py:167} INFO - {'id': 'NCT05568550', 'source': 'clinical_trials', 'therapeutic_area': 'Oncology', 'indication': 'Lung Cancer', 'keyword': 'AZD 2281', 'title': 'Pembro With Radiation With or Without Olaparib', 'link': 'https://clinicaltrials.gov/ct2/show/NCT05568550?cond=AZD+2281&sfpd_d=100', 'publisher': 'Zin W Myint;   Merck Sharp & Dohme LLC', 'published_at': '2022-10-05T12:00:00.000Z', 'updated_at': '2022-10-18T16:07:03.923Z', 'atacana_team': None, 'category': None, 'priority': None, 'content': None}
[2022-10-18 16:12:39,403] {python.py:173} INFO - Done. Returned value was: None
[2022-10-18 16:12:39,428] {taskinstance.py:1395} INFO - Marking task as SUCCESS. dag_id=clinical_trials__lung_cancer__etl__20220109, task_id=load_data_to_mongodb_task, map_index=3, execution_date=20221018T140000, start_date=20221018T161233, end_date=20221018T161239
[2022-10-18 16:12:39,464] {local_task_job.py:156} INFO - Task exited with return code 0
[2022-10-18 16:12:39,486] {local_task_job.py:273} INFO - 0 downstream tasks scheduled from follow-on schedule check
