[2022-10-18 22:02:13,516] {taskinstance.py:1159} INFO - Dependencies all met for <TaskInstance: clinical_trials__lung_cancer__etl__20220109.load_data_to_blob_storage_task scheduled__2022-10-18T20:00:00+00:00 map_index=31 [queued]>
[2022-10-18 22:02:13,525] {taskinstance.py:1159} INFO - Dependencies all met for <TaskInstance: clinical_trials__lung_cancer__etl__20220109.load_data_to_blob_storage_task scheduled__2022-10-18T20:00:00+00:00 map_index=31 [queued]>
[2022-10-18 22:02:13,527] {taskinstance.py:1356} INFO - 
--------------------------------------------------------------------------------
[2022-10-18 22:02:13,528] {taskinstance.py:1357} INFO - Starting attempt 1 of 1
[2022-10-18 22:02:13,529] {taskinstance.py:1358} INFO - 
--------------------------------------------------------------------------------
[2022-10-18 22:02:13,536] {taskinstance.py:1377} INFO - Executing <Mapped(_PythonDecoratedOperator): load_data_to_blob_storage_task> on 2022-10-18 20:00:00+00:00
[2022-10-18 22:02:13,542] {standard_task_runner.py:52} INFO - Started process 6751 to run task
[2022-10-18 22:02:13,545] {standard_task_runner.py:79} INFO - Running: ['airflow', 'tasks', 'run', 'clinical_trials__lung_cancer__etl__20220109', 'load_data_to_blob_storage_task', 'scheduled__2022-10-18T20:00:00+00:00', '--job-id', '829', '--raw', '--subdir', 'DAGS_FOLDER/process_news_dags.py', '--cfg-path', '/tmp/tmph54lu6co', '--map-index', '31', '--error-file', '/tmp/tmpv8hncflu']
[2022-10-18 22:02:13,546] {standard_task_runner.py:80} INFO - Job 829: Subtask load_data_to_blob_storage_task
[2022-10-18 22:02:13,558] {logging_mixin.py:115} WARNING - /root/.cache/pypoetry/virtualenvs/***-tXitOD5F-py3.8/lib/python3.8/site-packages/airflow/configuration.py:525 DeprecationWarning: The sql_alchemy_conn option in [core] has been moved to the sql_alchemy_conn option in [database] - the old setting has been used, but please update your config.
[2022-10-18 22:02:13,588] {task_command.py:370} INFO - Running <TaskInstance: clinical_trials__lung_cancer__etl__20220109.load_data_to_blob_storage_task scheduled__2022-10-18T20:00:00+00:00 map_index=31 [running]> on host 6cdf6d517dc4
[2022-10-18 22:02:13,632] {taskinstance.py:1569} INFO - Exporting the following env vars:
AIRFLOW_CTX_DAG_EMAIL=wais@datakimia.com,david@datakimia.com,juanm@datakimia.com,tomas@datakimia.com
AIRFLOW_CTX_DAG_OWNER=atacana
AIRFLOW_CTX_DAG_ID=clinical_trials__lung_cancer__etl__20220109
AIRFLOW_CTX_TASK_ID=load_data_to_blob_storage_task
AIRFLOW_CTX_EXECUTION_DATE=2022-10-18T20:00:00+00:00
AIRFLOW_CTX_TRY_NUMBER=1
AIRFLOW_CTX_DAG_RUN_ID=scheduled__2022-10-18T20:00:00+00:00
[2022-10-18 22:02:13,634] {process_news_dag_factory.py:105} INFO - Reading temp file: lung-cancer_clinical-trials_mk-3475_20221018-20_df.json
[2022-10-18 22:02:13,652] {helpers.py:114} INFO - Going to save clinical_trials data..
[2022-10-18 22:02:13,653] {helpers.py:115} INFO -                                                title  ...                  updated_at
0  A Study of Pembrolizumab (MK-3475) With or Wit...  ...  2022-10-18 22:00:41.817000
1  A Substudy of Investigational Agents in Progra...  ...  2022-10-18 22:00:41.817000
2  Pembrolizumab Plus Lenvatinib in Stage III-IV RCC  ...  2022-10-18 22:00:41.817000
3  A Study of Coformulated Favezelimab/Pembrolizu...  ...  2022-10-18 22:00:41.817000
4  Pembrolizumab Plus Radiotherapy for Advanced R...  ...  2022-10-18 22:00:41.817000

[5 rows x 13 columns]
[2022-10-18 22:02:13,663] {helpers.py:116} INFO - Index(['title', 'link', 'id', 'published_at', 'conditions', 'intervention',
       'publisher', 'status', 'source', 'keyword', 'indication',
       'therapeutic_area', 'updated_at'],
      dtype='object')
[2022-10-18 22:02:13,668] {_universal.py:473} INFO - Request URL: 'https://atacananews.blob.core.windows.net/atacana-blob-container/lung-cancer/clinical-trials/20221018/mk-3475/lung-cancer_clinical-trials_20221018_mk-3475_NCT05523323.json'
Request method: 'PUT'
Request headers:
    'Content-Length': '805'
    'x-ms-blob-type': 'REDACTED'
    'x-ms-version': 'REDACTED'
    'Content-Type': 'application/octet-stream'
    'Accept': 'application/xml'
    'User-Agent': 'azsdk-python-storage-blob/12.13.1 Python/3.8.15 (Linux-5.10.124-linuxkit-aarch64-with-glibc2.17)'
    'x-ms-date': 'REDACTED'
    'x-ms-client-request-id': '85978eb8-4f30-11ed-b242-0242bebc0005'
    'Authorization': 'REDACTED'
A body is sent with the request
[2022-10-18 22:02:14,402] {_universal.py:504} INFO - Response status: 201
Response headers:
    'Content-Length': '0'
    'Content-MD5': 'REDACTED'
    'Last-Modified': 'Tue, 18 Oct 2022 22:02:14 GMT'
    'ETag': '"0x8DAB1546A4275F1"'
    'Server': 'Windows-Azure-Blob/1.0 Microsoft-HTTPAPI/2.0'
    'x-ms-request-id': '277bfede-101e-0030-463d-e301c8000000'
    'x-ms-client-request-id': '85978eb8-4f30-11ed-b242-0242bebc0005'
    'x-ms-version': 'REDACTED'
    'x-ms-content-crc64': 'REDACTED'
    'x-ms-request-server-encrypted': 'REDACTED'
    'Date': 'Tue, 18 Oct 2022 22:02:14 GMT'
[2022-10-18 22:02:14,416] {_universal.py:473} INFO - Request URL: 'https://atacananews.blob.core.windows.net/atacana-blob-container/lung-cancer/clinical-trials/20221018/mk-3475/lung-cancer_clinical-trials_20221018_mk-3475_NCT05562830.json'
Request method: 'PUT'
Request headers:
    'Content-Length': '624'
    'x-ms-blob-type': 'REDACTED'
    'x-ms-version': 'REDACTED'
    'Content-Type': 'application/octet-stream'
    'Accept': 'application/xml'
    'User-Agent': 'azsdk-python-storage-blob/12.13.1 Python/3.8.15 (Linux-5.10.124-linuxkit-aarch64-with-glibc2.17)'
    'x-ms-date': 'REDACTED'
    'x-ms-client-request-id': '8609ccc6-4f30-11ed-b242-0242bebc0005'
    'Authorization': 'REDACTED'
A body is sent with the request
[2022-10-18 22:02:14,618] {_universal.py:504} INFO - Response status: 201
Response headers:
    'Content-Length': '0'
    'Content-MD5': 'REDACTED'
    'Last-Modified': 'Tue, 18 Oct 2022 22:02:14 GMT'
    'ETag': '"0x8DAB1546A631899"'
    'Server': 'Windows-Azure-Blob/1.0 Microsoft-HTTPAPI/2.0'
    'x-ms-request-id': '277bff4a-101e-0030-273d-e301c8000000'
    'x-ms-client-request-id': '8609ccc6-4f30-11ed-b242-0242bebc0005'
    'x-ms-version': 'REDACTED'
    'x-ms-content-crc64': 'REDACTED'
    'x-ms-request-server-encrypted': 'REDACTED'
    'Date': 'Tue, 18 Oct 2022 22:02:14 GMT'
[2022-10-18 22:02:14,635] {_universal.py:473} INFO - Request URL: 'https://atacananews.blob.core.windows.net/atacana-blob-container/lung-cancer/clinical-trials/20221018/mk-3475/lung-cancer_clinical-trials_20221018_mk-3475_NCT05485896.json'
Request method: 'PUT'
Request headers:
    'Content-Length': '522'
    'x-ms-blob-type': 'REDACTED'
    'x-ms-version': 'REDACTED'
    'Content-Type': 'application/octet-stream'
    'Accept': 'application/xml'
    'User-Agent': 'azsdk-python-storage-blob/12.13.1 Python/3.8.15 (Linux-5.10.124-linuxkit-aarch64-with-glibc2.17)'
    'x-ms-date': 'REDACTED'
    'x-ms-client-request-id': '862b28ee-4f30-11ed-b242-0242bebc0005'
    'Authorization': 'REDACTED'
A body is sent with the request
[2022-10-18 22:02:14,849] {_universal.py:504} INFO - Response status: 201
Response headers:
    'Content-Length': '0'
    'Content-MD5': 'REDACTED'
    'Last-Modified': 'Tue, 18 Oct 2022 22:02:14 GMT'
    'ETag': '"0x8DAB1546A86A0F3"'
    'Server': 'Windows-Azure-Blob/1.0 Microsoft-HTTPAPI/2.0'
    'x-ms-request-id': '277bfff4-101e-0030-473d-e301c8000000'
    'x-ms-client-request-id': '862b28ee-4f30-11ed-b242-0242bebc0005'
    'x-ms-version': 'REDACTED'
    'x-ms-content-crc64': 'REDACTED'
    'x-ms-request-server-encrypted': 'REDACTED'
    'Date': 'Tue, 18 Oct 2022 22:02:14 GMT'
[2022-10-18 22:02:14,851] {_universal.py:473} INFO - Request URL: 'https://atacananews.blob.core.windows.net/atacana-blob-container/lung-cancer/clinical-trials/20221018/mk-3475/lung-cancer_clinical-trials_20221018_mk-3475_NCT05508867.json'
Request method: 'PUT'
Request headers:
    'Content-Length': '682'
    'x-ms-blob-type': 'REDACTED'
    'x-ms-version': 'REDACTED'
    'Content-Type': 'application/octet-stream'
    'Accept': 'application/xml'
    'User-Agent': 'azsdk-python-storage-blob/12.13.1 Python/3.8.15 (Linux-5.10.124-linuxkit-aarch64-with-glibc2.17)'
    'x-ms-date': 'REDACTED'
    'x-ms-client-request-id': '864c302a-4f30-11ed-b242-0242bebc0005'
    'Authorization': 'REDACTED'
A body is sent with the request
[2022-10-18 22:02:15,041] {_universal.py:504} INFO - Response status: 201
Response headers:
    'Content-Length': '0'
    'Content-MD5': 'REDACTED'
    'Last-Modified': 'Tue, 18 Oct 2022 22:02:15 GMT'
    'ETag': '"0x8DAB1546AA40FB9"'
    'Server': 'Windows-Azure-Blob/1.0 Microsoft-HTTPAPI/2.0'
    'x-ms-request-id': '277c00b0-101e-0030-753d-e301c8000000'
    'x-ms-client-request-id': '864c302a-4f30-11ed-b242-0242bebc0005'
    'x-ms-version': 'REDACTED'
    'x-ms-content-crc64': 'REDACTED'
    'x-ms-request-server-encrypted': 'REDACTED'
    'Date': 'Tue, 18 Oct 2022 22:02:14 GMT'
[2022-10-18 22:02:15,045] {_universal.py:473} INFO - Request URL: 'https://atacananews.blob.core.windows.net/atacana-blob-container/lung-cancer/clinical-trials/20221018/mk-3475/lung-cancer_clinical-trials_20221018_mk-3475_NCT05567588.json'
Request method: 'PUT'
Request headers:
    'Content-Length': '568'
    'x-ms-blob-type': 'REDACTED'
    'x-ms-version': 'REDACTED'
    'Content-Type': 'application/octet-stream'
    'Accept': 'application/xml'
    'User-Agent': 'azsdk-python-storage-blob/12.13.1 Python/3.8.15 (Linux-5.10.124-linuxkit-aarch64-with-glibc2.17)'
    'x-ms-date': 'REDACTED'
    'x-ms-client-request-id': '8669a588-4f30-11ed-b242-0242bebc0005'
    'Authorization': 'REDACTED'
A body is sent with the request
[2022-10-18 22:02:15,233] {_universal.py:504} INFO - Response status: 201
Response headers:
    'Content-Length': '0'
    'Content-MD5': 'REDACTED'
    'Last-Modified': 'Tue, 18 Oct 2022 22:02:15 GMT'
    'ETag': '"0x8DAB1546AC0E25D"'
    'Server': 'Windows-Azure-Blob/1.0 Microsoft-HTTPAPI/2.0'
    'x-ms-request-id': '277c0182-101e-0030-363d-e301c8000000'
    'x-ms-client-request-id': '8669a588-4f30-11ed-b242-0242bebc0005'
    'x-ms-version': 'REDACTED'
    'x-ms-content-crc64': 'REDACTED'
    'x-ms-request-server-encrypted': 'REDACTED'
    'Date': 'Tue, 18 Oct 2022 22:02:15 GMT'
[2022-10-18 22:02:15,237] {_universal.py:473} INFO - Request URL: 'https://atacananews.blob.core.windows.net/atacana-blob-container/lung-cancer/clinical-trials/20221018/mk-3475/lung-cancer_clinical-trials_20221018_mk-3475_NCT05508737.json'
Request method: 'PUT'
Request headers:
    'Content-Length': '668'
    'x-ms-blob-type': 'REDACTED'
    'x-ms-version': 'REDACTED'
    'Content-Type': 'application/octet-stream'
    'Accept': 'application/xml'
    'User-Agent': 'azsdk-python-storage-blob/12.13.1 Python/3.8.15 (Linux-5.10.124-linuxkit-aarch64-with-glibc2.17)'
    'x-ms-date': 'REDACTED'
    'x-ms-client-request-id': '8686ef9e-4f30-11ed-b242-0242bebc0005'
    'Authorization': 'REDACTED'
A body is sent with the request
[2022-10-18 22:02:15,418] {_universal.py:504} INFO - Response status: 201
Response headers:
    'Content-Length': '0'
    'Content-MD5': 'REDACTED'
    'Last-Modified': 'Tue, 18 Oct 2022 22:02:15 GMT'
    'ETag': '"0x8DAB1546ADE0314"'
    'Server': 'Windows-Azure-Blob/1.0 Microsoft-HTTPAPI/2.0'
    'x-ms-request-id': '277c0223-101e-0030-473d-e301c8000000'
    'x-ms-client-request-id': '8686ef9e-4f30-11ed-b242-0242bebc0005'
    'x-ms-version': 'REDACTED'
    'x-ms-content-crc64': 'REDACTED'
    'x-ms-request-server-encrypted': 'REDACTED'
    'Date': 'Tue, 18 Oct 2022 22:02:15 GMT'
[2022-10-18 22:02:15,434] {_universal.py:473} INFO - Request URL: 'https://atacananews.blob.core.windows.net/atacana-blob-container/lung-cancer/clinical-trials/20221018/mk-3475/lung-cancer_clinical-trials_20221018_mk-3475_NCT05563467.json'
Request method: 'PUT'
Request headers:
    'Content-Length': '611'
    'x-ms-blob-type': 'REDACTED'
    'x-ms-version': 'REDACTED'
    'Content-Type': 'application/octet-stream'
    'Accept': 'application/xml'
    'User-Agent': 'azsdk-python-storage-blob/12.13.1 Python/3.8.15 (Linux-5.10.124-linuxkit-aarch64-with-glibc2.17)'
    'x-ms-date': 'REDACTED'
    'x-ms-client-request-id': '86a4fcfa-4f30-11ed-b242-0242bebc0005'
    'Authorization': 'REDACTED'
A body is sent with the request
[2022-10-18 22:02:15,624] {_universal.py:504} INFO - Response status: 201
Response headers:
    'Content-Length': '0'
    'Content-MD5': 'REDACTED'
    'Last-Modified': 'Tue, 18 Oct 2022 22:02:15 GMT'
    'ETag': '"0x8DAB1546AFCD132"'
    'Server': 'Windows-Azure-Blob/1.0 Microsoft-HTTPAPI/2.0'
    'x-ms-request-id': '277c02e0-101e-0030-7b3d-e301c8000000'
    'x-ms-client-request-id': '86a4fcfa-4f30-11ed-b242-0242bebc0005'
    'x-ms-version': 'REDACTED'
    'x-ms-content-crc64': 'REDACTED'
    'x-ms-request-server-encrypted': 'REDACTED'
    'Date': 'Tue, 18 Oct 2022 22:02:15 GMT'
[2022-10-18 22:02:15,626] {_universal.py:473} INFO - Request URL: 'https://atacananews.blob.core.windows.net/atacana-blob-container/lung-cancer/clinical-trials/20221018/mk-3475/lung-cancer_clinical-trials_20221018_mk-3475_NCT05491083.json'
Request method: 'PUT'
Request headers:
    'Content-Length': '682'
    'x-ms-blob-type': 'REDACTED'
    'x-ms-version': 'REDACTED'
    'Content-Type': 'application/octet-stream'
    'Accept': 'application/xml'
    'User-Agent': 'azsdk-python-storage-blob/12.13.1 Python/3.8.15 (Linux-5.10.124-linuxkit-aarch64-with-glibc2.17)'
    'x-ms-date': 'REDACTED'
    'x-ms-client-request-id': '86c26d30-4f30-11ed-b242-0242bebc0005'
    'Authorization': 'REDACTED'
A body is sent with the request
[2022-10-18 22:02:15,814] {_universal.py:504} INFO - Response status: 201
Response headers:
    'Content-Length': '0'
    'Content-MD5': 'REDACTED'
    'Last-Modified': 'Tue, 18 Oct 2022 22:02:15 GMT'
    'ETag': '"0x8DAB1546B19CAD1"'
    'Server': 'Windows-Azure-Blob/1.0 Microsoft-HTTPAPI/2.0'
    'x-ms-request-id': '277c0376-101e-0030-083d-e301c8000000'
    'x-ms-client-request-id': '86c26d30-4f30-11ed-b242-0242bebc0005'
    'x-ms-version': 'REDACTED'
    'x-ms-content-crc64': 'REDACTED'
    'x-ms-request-server-encrypted': 'REDACTED'
    'Date': 'Tue, 18 Oct 2022 22:02:15 GMT'
[2022-10-18 22:02:15,830] {_universal.py:473} INFO - Request URL: 'https://atacananews.blob.core.windows.net/atacana-blob-container/lung-cancer/clinical-trials/20221018/mk-3475/lung-cancer_clinical-trials_20221018_mk-3475_NCT05488366.json'
Request method: 'PUT'
Request headers:
    'Content-Length': '558'
    'x-ms-blob-type': 'REDACTED'
    'x-ms-version': 'REDACTED'
    'Content-Type': 'application/octet-stream'
    'Accept': 'application/xml'
    'User-Agent': 'azsdk-python-storage-blob/12.13.1 Python/3.8.15 (Linux-5.10.124-linuxkit-aarch64-with-glibc2.17)'
    'x-ms-date': 'REDACTED'
    'x-ms-client-request-id': '86e17dec-4f30-11ed-b242-0242bebc0005'
    'Authorization': 'REDACTED'
A body is sent with the request
[2022-10-18 22:02:16,035] {_universal.py:504} INFO - Response status: 201
Response headers:
    'Content-Length': '0'
    'Content-MD5': 'REDACTED'
    'Last-Modified': 'Tue, 18 Oct 2022 22:02:16 GMT'
    'ETag': '"0x8DAB1546B3ABB87"'
    'Server': 'Windows-Azure-Blob/1.0 Microsoft-HTTPAPI/2.0'
    'x-ms-request-id': '277c041b-101e-0030-113d-e301c8000000'
    'x-ms-client-request-id': '86e17dec-4f30-11ed-b242-0242bebc0005'
    'x-ms-version': 'REDACTED'
    'x-ms-content-crc64': 'REDACTED'
    'x-ms-request-server-encrypted': 'REDACTED'
    'Date': 'Tue, 18 Oct 2022 22:02:15 GMT'
[2022-10-18 22:02:16,046] {_universal.py:473} INFO - Request URL: 'https://atacananews.blob.core.windows.net/atacana-blob-container/lung-cancer/clinical-trials/20221018/mk-3475/lung-cancer_clinical-trials_20221018_mk-3475_NCT05484622.json'
Request method: 'PUT'
Request headers:
    'Content-Length': '620'
    'x-ms-blob-type': 'REDACTED'
    'x-ms-version': 'REDACTED'
    'Content-Type': 'application/octet-stream'
    'Accept': 'application/xml'
    'User-Agent': 'azsdk-python-storage-blob/12.13.1 Python/3.8.15 (Linux-5.10.124-linuxkit-aarch64-with-glibc2.17)'
    'x-ms-date': 'REDACTED'
    'x-ms-client-request-id': '87026552-4f30-11ed-b242-0242bebc0005'
    'Authorization': 'REDACTED'
A body is sent with the request
[2022-10-18 22:02:16,250] {_universal.py:504} INFO - Response status: 201
Response headers:
    'Content-Length': '0'
    'Content-MD5': 'REDACTED'
    'Last-Modified': 'Tue, 18 Oct 2022 22:02:16 GMT'
    'ETag': '"0x8DAB1546B5C215C"'
    'Server': 'Windows-Azure-Blob/1.0 Microsoft-HTTPAPI/2.0'
    'x-ms-request-id': '277c04b2-101e-0030-193d-e301c8000000'
    'x-ms-client-request-id': '87026552-4f30-11ed-b242-0242bebc0005'
    'x-ms-version': 'REDACTED'
    'x-ms-content-crc64': 'REDACTED'
    'x-ms-request-server-encrypted': 'REDACTED'
    'Date': 'Tue, 18 Oct 2022 22:02:16 GMT'
[2022-10-18 22:02:16,267] {_universal.py:473} INFO - Request URL: 'https://atacananews.blob.core.windows.net/atacana-blob-container/lung-cancer/clinical-trials/20221018/mk-3475/lung-cancer_clinical-trials_20221018_mk-3475_NCT05545969.json'
Request method: 'PUT'
Request headers:
    'Content-Length': '553'
    'x-ms-blob-type': 'REDACTED'
    'x-ms-version': 'REDACTED'
    'Content-Type': 'application/octet-stream'
    'Accept': 'application/xml'
    'User-Agent': 'azsdk-python-storage-blob/12.13.1 Python/3.8.15 (Linux-5.10.124-linuxkit-aarch64-with-glibc2.17)'
    'x-ms-date': 'REDACTED'
    'x-ms-client-request-id': '8724186e-4f30-11ed-b242-0242bebc0005'
    'Authorization': 'REDACTED'
A body is sent with the request
[2022-10-18 22:02:16,465] {_universal.py:504} INFO - Response status: 201
Response headers:
    'Content-Length': '0'
    'Content-MD5': 'REDACTED'
    'Last-Modified': 'Tue, 18 Oct 2022 22:02:16 GMT'
    'ETag': '"0x8DAB1546B7D120C"'
    'Server': 'Windows-Azure-Blob/1.0 Microsoft-HTTPAPI/2.0'
    'x-ms-request-id': '277c0548-101e-0030-2a3d-e301c8000000'
    'x-ms-client-request-id': '8724186e-4f30-11ed-b242-0242bebc0005'
    'x-ms-version': 'REDACTED'
    'x-ms-content-crc64': 'REDACTED'
    'x-ms-request-server-encrypted': 'REDACTED'
    'Date': 'Tue, 18 Oct 2022 22:02:16 GMT'
[2022-10-18 22:02:16,471] {_universal.py:473} INFO - Request URL: 'https://atacananews.blob.core.windows.net/atacana-blob-container/lung-cancer/clinical-trials/20221018/mk-3475/lung-cancer_clinical-trials_20221018_mk-3475_NCT05555732.json'
Request method: 'PUT'
Request headers:
    'Content-Length': '731'
    'x-ms-blob-type': 'REDACTED'
    'x-ms-version': 'REDACTED'
    'Content-Type': 'application/octet-stream'
    'Accept': 'application/xml'
    'User-Agent': 'azsdk-python-storage-blob/12.13.1 Python/3.8.15 (Linux-5.10.124-linuxkit-aarch64-with-glibc2.17)'
    'x-ms-date': 'REDACTED'
    'x-ms-client-request-id': '87434af4-4f30-11ed-b242-0242bebc0005'
    'Authorization': 'REDACTED'
A body is sent with the request
[2022-10-18 22:02:16,663] {_universal.py:504} INFO - Response status: 201
Response headers:
    'Content-Length': '0'
    'Content-MD5': 'REDACTED'
    'Last-Modified': 'Tue, 18 Oct 2022 22:02:16 GMT'
    'ETag': '"0x8DAB1546B9C2E4A"'
    'Server': 'Windows-Azure-Blob/1.0 Microsoft-HTTPAPI/2.0'
    'x-ms-request-id': '277c05bd-101e-0030-1a3d-e301c8000000'
    'x-ms-client-request-id': '87434af4-4f30-11ed-b242-0242bebc0005'
    'x-ms-version': 'REDACTED'
    'x-ms-content-crc64': 'REDACTED'
    'x-ms-request-server-encrypted': 'REDACTED'
    'Date': 'Tue, 18 Oct 2022 22:02:16 GMT'
[2022-10-18 22:02:16,667] {_universal.py:473} INFO - Request URL: 'https://atacananews.blob.core.windows.net/atacana-blob-container/lung-cancer/clinical-trials/20221018/mk-3475/lung-cancer_clinical-trials_20221018_mk-3475_NCT05479812.json'
Request method: 'PUT'
Request headers:
    'Content-Length': '666'
    'x-ms-blob-type': 'REDACTED'
    'x-ms-version': 'REDACTED'
    'Content-Type': 'application/octet-stream'
    'Accept': 'application/xml'
    'User-Agent': 'azsdk-python-storage-blob/12.13.1 Python/3.8.15 (Linux-5.10.124-linuxkit-aarch64-with-glibc2.17)'
    'x-ms-date': 'REDACTED'
    'x-ms-client-request-id': '87613b04-4f30-11ed-b242-0242bebc0005'
    'Authorization': 'REDACTED'
A body is sent with the request
[2022-10-18 22:02:16,867] {_universal.py:504} INFO - Response status: 201
Response headers:
    'Content-Length': '0'
    'Content-MD5': 'REDACTED'
    'Last-Modified': 'Tue, 18 Oct 2022 22:02:16 GMT'
    'ETag': '"0x8DAB1546BBA3935"'
    'Server': 'Windows-Azure-Blob/1.0 Microsoft-HTTPAPI/2.0'
    'x-ms-request-id': '277c062a-101e-0030-013d-e301c8000000'
    'x-ms-client-request-id': '87613b04-4f30-11ed-b242-0242bebc0005'
    'x-ms-version': 'REDACTED'
    'x-ms-content-crc64': 'REDACTED'
    'x-ms-request-server-encrypted': 'REDACTED'
    'Date': 'Tue, 18 Oct 2022 22:02:16 GMT'
[2022-10-18 22:02:16,870] {_universal.py:473} INFO - Request URL: 'https://atacananews.blob.core.windows.net/atacana-blob-container/lung-cancer/clinical-trials/20221018/mk-3475/lung-cancer_clinical-trials_20221018_mk-3475_NCT05493618.json'
Request method: 'PUT'
Request headers:
    'Content-Length': '610'
    'x-ms-blob-type': 'REDACTED'
    'x-ms-version': 'REDACTED'
    'Content-Type': 'application/octet-stream'
    'Accept': 'application/xml'
    'User-Agent': 'azsdk-python-storage-blob/12.13.1 Python/3.8.15 (Linux-5.10.124-linuxkit-aarch64-with-glibc2.17)'
    'x-ms-date': 'REDACTED'
    'x-ms-client-request-id': '878036c6-4f30-11ed-b242-0242bebc0005'
    'Authorization': 'REDACTED'
A body is sent with the request
[2022-10-18 22:02:17,060] {_universal.py:504} INFO - Response status: 201
Response headers:
    'Content-Length': '0'
    'Content-MD5': 'REDACTED'
    'Last-Modified': 'Tue, 18 Oct 2022 22:02:17 GMT'
    'ETag': '"0x8DAB1546BD7CF12"'
    'Server': 'Windows-Azure-Blob/1.0 Microsoft-HTTPAPI/2.0'
    'x-ms-request-id': '277c06ba-101e-0030-013d-e301c8000000'
    'x-ms-client-request-id': '878036c6-4f30-11ed-b242-0242bebc0005'
    'x-ms-version': 'REDACTED'
    'x-ms-content-crc64': 'REDACTED'
    'x-ms-request-server-encrypted': 'REDACTED'
    'Date': 'Tue, 18 Oct 2022 22:02:16 GMT'
[2022-10-18 22:02:17,063] {_universal.py:473} INFO - Request URL: 'https://atacananews.blob.core.windows.net/atacana-blob-container/lung-cancer/clinical-trials/20221018/mk-3475/lung-cancer_clinical-trials_20221018_mk-3475_NCT05541445.json'
Request method: 'PUT'
Request headers:
    'Content-Length': '549'
    'x-ms-blob-type': 'REDACTED'
    'x-ms-version': 'REDACTED'
    'Content-Type': 'application/octet-stream'
    'Accept': 'application/xml'
    'User-Agent': 'azsdk-python-storage-blob/12.13.1 Python/3.8.15 (Linux-5.10.124-linuxkit-aarch64-with-glibc2.17)'
    'x-ms-date': 'REDACTED'
    'x-ms-client-request-id': '879da6d4-4f30-11ed-b242-0242bebc0005'
    'Authorization': 'REDACTED'
A body is sent with the request
[2022-10-18 22:02:17,255] {_universal.py:504} INFO - Response status: 201
Response headers:
    'Content-Length': '0'
    'Content-MD5': 'REDACTED'
    'Last-Modified': 'Tue, 18 Oct 2022 22:02:17 GMT'
    'ETag': '"0x8DAB1546BF58BE8"'
    'Server': 'Windows-Azure-Blob/1.0 Microsoft-HTTPAPI/2.0'
    'x-ms-request-id': '277c073a-101e-0030-723d-e301c8000000'
    'x-ms-client-request-id': '879da6d4-4f30-11ed-b242-0242bebc0005'
    'x-ms-version': 'REDACTED'
    'x-ms-content-crc64': 'REDACTED'
    'x-ms-request-server-encrypted': 'REDACTED'
    'Date': 'Tue, 18 Oct 2022 22:02:17 GMT'
[2022-10-18 22:02:17,275] {_universal.py:473} INFO - Request URL: 'https://atacananews.blob.core.windows.net/atacana-blob-container/lung-cancer/clinical-trials/20221018/mk-3475/lung-cancer_clinical-trials_20221018_mk-3475_NCT05578222.json'
Request method: 'PUT'
Request headers:
    'Content-Length': '508'
    'x-ms-blob-type': 'REDACTED'
    'x-ms-version': 'REDACTED'
    'Content-Type': 'application/octet-stream'
    'Accept': 'application/xml'
    'User-Agent': 'azsdk-python-storage-blob/12.13.1 Python/3.8.15 (Linux-5.10.124-linuxkit-aarch64-with-glibc2.17)'
    'x-ms-date': 'REDACTED'
    'x-ms-client-request-id': '87bdf592-4f30-11ed-b242-0242bebc0005'
    'Authorization': 'REDACTED'
A body is sent with the request
[2022-10-18 22:02:17,466] {_universal.py:504} INFO - Response status: 201
Response headers:
    'Content-Length': '0'
    'Content-MD5': 'REDACTED'
    'Last-Modified': 'Tue, 18 Oct 2022 22:02:17 GMT'
    'ETag': '"0x8DAB1546C15B962"'
    'Server': 'Windows-Azure-Blob/1.0 Microsoft-HTTPAPI/2.0'
    'x-ms-request-id': '277c07ca-101e-0030-773d-e301c8000000'
    'x-ms-client-request-id': '87bdf592-4f30-11ed-b242-0242bebc0005'
    'x-ms-version': 'REDACTED'
    'x-ms-content-crc64': 'REDACTED'
    'x-ms-request-server-encrypted': 'REDACTED'
    'Date': 'Tue, 18 Oct 2022 22:02:17 GMT'
[2022-10-18 22:02:17,473] {_universal.py:473} INFO - Request URL: 'https://atacananews.blob.core.windows.net/atacana-blob-container/lung-cancer/clinical-trials/20221018/mk-3475/lung-cancer_clinical-trials_20221018_mk-3475_NCT05504720.json'
Request method: 'PUT'
Request headers:
    'Content-Length': '727'
    'x-ms-blob-type': 'REDACTED'
    'x-ms-version': 'REDACTED'
    'Content-Type': 'application/octet-stream'
    'Accept': 'application/xml'
    'User-Agent': 'azsdk-python-storage-blob/12.13.1 Python/3.8.15 (Linux-5.10.124-linuxkit-aarch64-with-glibc2.17)'
    'x-ms-date': 'REDACTED'
    'x-ms-client-request-id': '87dc2c42-4f30-11ed-b242-0242bebc0005'
    'Authorization': 'REDACTED'
A body is sent with the request
[2022-10-18 22:02:17,689] {_universal.py:504} INFO - Response status: 201
Response headers:
    'Content-Length': '0'
    'Content-MD5': 'REDACTED'
    'Last-Modified': 'Tue, 18 Oct 2022 22:02:17 GMT'
    'ETag': '"0x8DAB1546C38096F"'
    'Server': 'Windows-Azure-Blob/1.0 Microsoft-HTTPAPI/2.0'
    'x-ms-request-id': '277c0874-101e-0030-153d-e301c8000000'
    'x-ms-client-request-id': '87dc2c42-4f30-11ed-b242-0242bebc0005'
    'x-ms-version': 'REDACTED'
    'x-ms-content-crc64': 'REDACTED'
    'x-ms-request-server-encrypted': 'REDACTED'
    'Date': 'Tue, 18 Oct 2022 22:02:17 GMT'
[2022-10-18 22:02:17,691] {_universal.py:473} INFO - Request URL: 'https://atacananews.blob.core.windows.net/atacana-blob-container/lung-cancer/clinical-trials/20221018/mk-3475/lung-cancer_clinical-trials_20221018_mk-3475_NCT05518032.json'
Request method: 'PUT'
Request headers:
    'Content-Length': '812'
    'x-ms-blob-type': 'REDACTED'
    'x-ms-version': 'REDACTED'
    'Content-Type': 'application/octet-stream'
    'Accept': 'application/xml'
    'User-Agent': 'azsdk-python-storage-blob/12.13.1 Python/3.8.15 (Linux-5.10.124-linuxkit-aarch64-with-glibc2.17)'
    'x-ms-date': 'REDACTED'
    'x-ms-client-request-id': '87fd8770-4f30-11ed-b242-0242bebc0005'
    'Authorization': 'REDACTED'
A body is sent with the request
[2022-10-18 22:02:17,876] {_universal.py:504} INFO - Response status: 201
Response headers:
    'Content-Length': '0'
    'Content-MD5': 'REDACTED'
    'Last-Modified': 'Tue, 18 Oct 2022 22:02:17 GMT'
    'ETag': '"0x8DAB1546C548E06"'
    'Server': 'Windows-Azure-Blob/1.0 Microsoft-HTTPAPI/2.0'
    'x-ms-request-id': '277c0917-101e-0030-273d-e301c8000000'
    'x-ms-client-request-id': '87fd8770-4f30-11ed-b242-0242bebc0005'
    'x-ms-version': 'REDACTED'
    'x-ms-content-crc64': 'REDACTED'
    'x-ms-request-server-encrypted': 'REDACTED'
    'Date': 'Tue, 18 Oct 2022 22:02:17 GMT'
[2022-10-18 22:02:17,878] {_universal.py:473} INFO - Request URL: 'https://atacananews.blob.core.windows.net/atacana-blob-container/lung-cancer/clinical-trials/20221018/mk-3475/lung-cancer_clinical-trials_20221018_mk-3475_NCT05524935.json'
Request method: 'PUT'
Request headers:
    'Content-Length': '592'
    'x-ms-blob-type': 'REDACTED'
    'x-ms-version': 'REDACTED'
    'Content-Type': 'application/octet-stream'
    'Accept': 'application/xml'
    'User-Agent': 'azsdk-python-storage-blob/12.13.1 Python/3.8.15 (Linux-5.10.124-linuxkit-aarch64-with-glibc2.17)'
    'x-ms-date': 'REDACTED'
    'x-ms-client-request-id': '881a1002-4f30-11ed-b242-0242bebc0005'
    'Authorization': 'REDACTED'
A body is sent with the request
[2022-10-18 22:02:18,065] {_universal.py:504} INFO - Response status: 201
Response headers:
    'Content-Length': '0'
    'Content-MD5': 'REDACTED'
    'Last-Modified': 'Tue, 18 Oct 2022 22:02:18 GMT'
    'ETag': '"0x8DAB1546C713990"'
    'Server': 'Windows-Azure-Blob/1.0 Microsoft-HTTPAPI/2.0'
    'x-ms-request-id': '277c09b8-101e-0030-3f3d-e301c8000000'
    'x-ms-client-request-id': '881a1002-4f30-11ed-b242-0242bebc0005'
    'x-ms-version': 'REDACTED'
    'x-ms-content-crc64': 'REDACTED'
    'x-ms-request-server-encrypted': 'REDACTED'
    'Date': 'Tue, 18 Oct 2022 22:02:17 GMT'
[2022-10-18 22:02:18,068] {_universal.py:473} INFO - Request URL: 'https://atacananews.blob.core.windows.net/atacana-blob-container/lung-cancer/clinical-trials/20221018/mk-3475/lung-cancer_clinical-trials_20221018_mk-3475_NCT05465954.json'
Request method: 'PUT'
Request headers:
    'Content-Length': '692'
    'x-ms-blob-type': 'REDACTED'
    'x-ms-version': 'REDACTED'
    'Content-Type': 'application/octet-stream'
    'Accept': 'application/xml'
    'User-Agent': 'azsdk-python-storage-blob/12.13.1 Python/3.8.15 (Linux-5.10.124-linuxkit-aarch64-with-glibc2.17)'
    'x-ms-date': 'REDACTED'
    'x-ms-client-request-id': '8836f906-4f30-11ed-b242-0242bebc0005'
    'Authorization': 'REDACTED'
A body is sent with the request
[2022-10-18 22:02:18,254] {_universal.py:504} INFO - Response status: 201
Response headers:
    'Content-Length': '0'
    'Content-MD5': 'REDACTED'
    'Last-Modified': 'Tue, 18 Oct 2022 22:02:18 GMT'
    'ETag': '"0x8DAB1546C8E0C36"'
    'Server': 'Windows-Azure-Blob/1.0 Microsoft-HTTPAPI/2.0'
    'x-ms-request-id': '277c0a4f-101e-0030-493d-e301c8000000'
    'x-ms-client-request-id': '8836f906-4f30-11ed-b242-0242bebc0005'
    'x-ms-version': 'REDACTED'
    'x-ms-content-crc64': 'REDACTED'
    'x-ms-request-server-encrypted': 'REDACTED'
    'Date': 'Tue, 18 Oct 2022 22:02:18 GMT'
[2022-10-18 22:02:18,260] {_universal.py:473} INFO - Request URL: 'https://atacananews.blob.core.windows.net/atacana-blob-container/lung-cancer/clinical-trials/20221018/mk-3475/lung-cancer_clinical-trials_20221018_mk-3475_NCT05535218.json'
Request method: 'PUT'
Request headers:
    'Content-Length': '605'
    'x-ms-blob-type': 'REDACTED'
    'x-ms-version': 'REDACTED'
    'Content-Type': 'application/octet-stream'
    'Accept': 'application/xml'
    'User-Agent': 'azsdk-python-storage-blob/12.13.1 Python/3.8.15 (Linux-5.10.124-linuxkit-aarch64-with-glibc2.17)'
    'x-ms-date': 'REDACTED'
    'x-ms-client-request-id': '88543e26-4f30-11ed-b242-0242bebc0005'
    'Authorization': 'REDACTED'
A body is sent with the request
[2022-10-18 22:02:18,469] {_universal.py:504} INFO - Response status: 201
Response headers:
    'Content-Length': '0'
    'Content-MD5': 'REDACTED'
    'Last-Modified': 'Tue, 18 Oct 2022 22:02:18 GMT'
    'ETag': '"0x8DAB1546CABA1FD"'
    'Server': 'Windows-Azure-Blob/1.0 Microsoft-HTTPAPI/2.0'
    'x-ms-request-id': '277c0adf-101e-0030-4f3d-e301c8000000'
    'x-ms-client-request-id': '88543e26-4f30-11ed-b242-0242bebc0005'
    'x-ms-version': 'REDACTED'
    'x-ms-content-crc64': 'REDACTED'
    'x-ms-request-server-encrypted': 'REDACTED'
    'Date': 'Tue, 18 Oct 2022 22:02:18 GMT'
[2022-10-18 22:02:18,472] {_universal.py:473} INFO - Request URL: 'https://atacananews.blob.core.windows.net/atacana-blob-container/lung-cancer/clinical-trials/20221018/mk-3475/lung-cancer_clinical-trials_20221018_mk-3475_NCT05563558.json'
Request method: 'PUT'
Request headers:
    'Content-Length': '603'
    'x-ms-blob-type': 'REDACTED'
    'x-ms-version': 'REDACTED'
    'Content-Type': 'application/octet-stream'
    'Accept': 'application/xml'
    'User-Agent': 'azsdk-python-storage-blob/12.13.1 Python/3.8.15 (Linux-5.10.124-linuxkit-aarch64-with-glibc2.17)'
    'x-ms-date': 'REDACTED'
    'x-ms-client-request-id': '88749428-4f30-11ed-b242-0242bebc0005'
    'Authorization': 'REDACTED'
A body is sent with the request
[2022-10-18 22:02:18,657] {_universal.py:504} INFO - Response status: 201
Response headers:
    'Content-Length': '0'
    'Content-MD5': 'REDACTED'
    'Last-Modified': 'Tue, 18 Oct 2022 22:02:18 GMT'
    'ETag': '"0x8DAB1546CCB816C"'
    'Server': 'Windows-Azure-Blob/1.0 Microsoft-HTTPAPI/2.0'
    'x-ms-request-id': '277c0b89-101e-0030-6c3d-e301c8000000'
    'x-ms-client-request-id': '88749428-4f30-11ed-b242-0242bebc0005'
    'x-ms-version': 'REDACTED'
    'x-ms-content-crc64': 'REDACTED'
    'x-ms-request-server-encrypted': 'REDACTED'
    'Date': 'Tue, 18 Oct 2022 22:02:18 GMT'
[2022-10-18 22:02:18,674] {_universal.py:473} INFO - Request URL: 'https://atacananews.blob.core.windows.net/atacana-blob-container/lung-cancer/clinical-trials/20221018/mk-3475/lung-cancer_clinical-trials_20221018_mk-3475_NCT05558982.json'
Request method: 'PUT'
Request headers:
    'Content-Length': '596'
    'x-ms-blob-type': 'REDACTED'
    'x-ms-version': 'REDACTED'
    'Content-Type': 'application/octet-stream'
    'Accept': 'application/xml'
    'User-Agent': 'azsdk-python-storage-blob/12.13.1 Python/3.8.15 (Linux-5.10.124-linuxkit-aarch64-with-glibc2.17)'
    'x-ms-date': 'REDACTED'
    'x-ms-client-request-id': '88937d98-4f30-11ed-b242-0242bebc0005'
    'Authorization': 'REDACTED'
A body is sent with the request
[2022-10-18 22:02:18,970] {_universal.py:504} INFO - Response status: 201
Response headers:
    'Content-Length': '0'
    'Content-MD5': 'REDACTED'
    'Last-Modified': 'Tue, 18 Oct 2022 22:02:18 GMT'
    'ETag': '"0x8DAB1546CEB12BE"'
    'Server': 'Windows-Azure-Blob/1.0 Microsoft-HTTPAPI/2.0'
    'x-ms-request-id': '277c0c21-101e-0030-7b3d-e301c8000000'
    'x-ms-client-request-id': '88937d98-4f30-11ed-b242-0242bebc0005'
    'x-ms-version': 'REDACTED'
    'x-ms-content-crc64': 'REDACTED'
    'x-ms-request-server-encrypted': 'REDACTED'
    'Date': 'Tue, 18 Oct 2022 22:02:18 GMT'
[2022-10-18 22:02:18,972] {_universal.py:473} INFO - Request URL: 'https://atacananews.blob.core.windows.net/atacana-blob-container/lung-cancer/clinical-trials/20221018/mk-3475/lung-cancer_clinical-trials_20221018_mk-3475_NCT05578170.json'
Request method: 'PUT'
Request headers:
    'Content-Length': '602'
    'x-ms-blob-type': 'REDACTED'
    'x-ms-version': 'REDACTED'
    'Content-Type': 'application/octet-stream'
    'Accept': 'application/xml'
    'User-Agent': 'azsdk-python-storage-blob/12.13.1 Python/3.8.15 (Linux-5.10.124-linuxkit-aarch64-with-glibc2.17)'
    'x-ms-date': 'REDACTED'
    'x-ms-client-request-id': '88c0e332-4f30-11ed-b242-0242bebc0005'
    'Authorization': 'REDACTED'
A body is sent with the request
[2022-10-18 22:02:19,160] {_universal.py:504} INFO - Response status: 201
Response headers:
    'Content-Length': '0'
    'Content-MD5': 'REDACTED'
    'Last-Modified': 'Tue, 18 Oct 2022 22:02:19 GMT'
    'ETag': '"0x8DAB1546D18ABCE"'
    'Server': 'Windows-Azure-Blob/1.0 Microsoft-HTTPAPI/2.0'
    'x-ms-request-id': '277c0cfd-101e-0030-493d-e301c8000000'
    'x-ms-client-request-id': '88c0e332-4f30-11ed-b242-0242bebc0005'
    'x-ms-version': 'REDACTED'
    'x-ms-content-crc64': 'REDACTED'
    'x-ms-request-server-encrypted': 'REDACTED'
    'Date': 'Tue, 18 Oct 2022 22:02:19 GMT'
[2022-10-18 22:02:19,162] {_universal.py:473} INFO - Request URL: 'https://atacananews.blob.core.windows.net/atacana-blob-container/lung-cancer/clinical-trials/20221018/mk-3475/lung-cancer_clinical-trials_20221018_mk-3475_NCT05570825.json'
Request method: 'PUT'
Request headers:
    'Content-Length': '968'
    'x-ms-blob-type': 'REDACTED'
    'x-ms-version': 'REDACTED'
    'Content-Type': 'application/octet-stream'
    'Accept': 'application/xml'
    'User-Agent': 'azsdk-python-storage-blob/12.13.1 Python/3.8.15 (Linux-5.10.124-linuxkit-aarch64-with-glibc2.17)'
    'x-ms-date': 'REDACTED'
    'x-ms-client-request-id': '88ddebee-4f30-11ed-b242-0242bebc0005'
    'Authorization': 'REDACTED'
A body is sent with the request
[2022-10-18 22:02:19,352] {_universal.py:504} INFO - Response status: 201
Response headers:
    'Content-Length': '0'
    'Content-MD5': 'REDACTED'
    'Last-Modified': 'Tue, 18 Oct 2022 22:02:19 GMT'
    'ETag': '"0x8DAB1546D35A571"'
    'Server': 'Windows-Azure-Blob/1.0 Microsoft-HTTPAPI/2.0'
    'x-ms-request-id': '277c0d90-101e-0030-513d-e301c8000000'
    'x-ms-client-request-id': '88ddebee-4f30-11ed-b242-0242bebc0005'
    'x-ms-version': 'REDACTED'
    'x-ms-content-crc64': 'REDACTED'
    'x-ms-request-server-encrypted': 'REDACTED'
    'Date': 'Tue, 18 Oct 2022 22:02:19 GMT'
[2022-10-18 22:02:19,354] {_universal.py:473} INFO - Request URL: 'https://atacananews.blob.core.windows.net/atacana-blob-container/lung-cancer/clinical-trials/20221018/mk-3475/lung-cancer_clinical-trials_20221018_mk-3475_NCT05493566.json'
Request method: 'PUT'
Request headers:
    'Content-Length': '709'
    'x-ms-blob-type': 'REDACTED'
    'x-ms-version': 'REDACTED'
    'Content-Type': 'application/octet-stream'
    'Accept': 'application/xml'
    'User-Agent': 'azsdk-python-storage-blob/12.13.1 Python/3.8.15 (Linux-5.10.124-linuxkit-aarch64-with-glibc2.17)'
    'x-ms-date': 'REDACTED'
    'x-ms-client-request-id': '88fb3618-4f30-11ed-b242-0242bebc0005'
    'Authorization': 'REDACTED'
A body is sent with the request
[2022-10-18 22:02:19,537] {_universal.py:504} INFO - Response status: 201
Response headers:
    'Content-Length': '0'
    'Content-MD5': 'REDACTED'
    'Last-Modified': 'Tue, 18 Oct 2022 22:02:19 GMT'
    'ETag': '"0x8DAB1546D5202F5"'
    'Server': 'Windows-Azure-Blob/1.0 Microsoft-HTTPAPI/2.0'
    'x-ms-request-id': '277c0e10-101e-0030-4a3d-e301c8000000'
    'x-ms-client-request-id': '88fb3618-4f30-11ed-b242-0242bebc0005'
    'x-ms-version': 'REDACTED'
    'x-ms-content-crc64': 'REDACTED'
    'x-ms-request-server-encrypted': 'REDACTED'
    'Date': 'Tue, 18 Oct 2022 22:02:19 GMT'
[2022-10-18 22:02:19,541] {_universal.py:473} INFO - Request URL: 'https://atacananews.blob.core.windows.net/atacana-blob-container/lung-cancer/clinical-trials/20221018/mk-3475/lung-cancer_clinical-trials_20221018_mk-3475_NCT05576077.json'
Request method: 'PUT'
Request headers:
    'Content-Length': '587'
    'x-ms-blob-type': 'REDACTED'
    'x-ms-version': 'REDACTED'
    'Content-Type': 'application/octet-stream'
    'Accept': 'application/xml'
    'User-Agent': 'azsdk-python-storage-blob/12.13.1 Python/3.8.15 (Linux-5.10.124-linuxkit-aarch64-with-glibc2.17)'
    'x-ms-date': 'REDACTED'
    'x-ms-client-request-id': '8917bae0-4f30-11ed-b242-0242bebc0005'
    'Authorization': 'REDACTED'
A body is sent with the request
[2022-10-18 22:02:19,724] {_universal.py:504} INFO - Response status: 201
Response headers:
    'Content-Length': '0'
    'Content-MD5': 'REDACTED'
    'Last-Modified': 'Tue, 18 Oct 2022 22:02:19 GMT'
    'ETag': '"0x8DAB1546D6ED58D"'
    'Server': 'Windows-Azure-Blob/1.0 Microsoft-HTTPAPI/2.0'
    'x-ms-request-id': '277c0eab-101e-0030-583d-e301c8000000'
    'x-ms-client-request-id': '8917bae0-4f30-11ed-b242-0242bebc0005'
    'x-ms-version': 'REDACTED'
    'x-ms-content-crc64': 'REDACTED'
    'x-ms-request-server-encrypted': 'REDACTED'
    'Date': 'Tue, 18 Oct 2022 22:02:19 GMT'
[2022-10-18 22:02:19,727] {_universal.py:473} INFO - Request URL: 'https://atacananews.blob.core.windows.net/atacana-blob-container/lung-cancer/clinical-trials/20221018/mk-3475/lung-cancer_clinical-trials_20221018_mk-3475_NCT05578664.json'
Request method: 'PUT'
Request headers:
    'Content-Length': '655'
    'x-ms-blob-type': 'REDACTED'
    'x-ms-version': 'REDACTED'
    'Content-Type': 'application/octet-stream'
    'Accept': 'application/xml'
    'User-Agent': 'azsdk-python-storage-blob/12.13.1 Python/3.8.15 (Linux-5.10.124-linuxkit-aarch64-with-glibc2.17)'
    'x-ms-date': 'REDACTED'
    'x-ms-client-request-id': '89341da2-4f30-11ed-b242-0242bebc0005'
    'Authorization': 'REDACTED'
A body is sent with the request
[2022-10-18 22:02:19,914] {_universal.py:504} INFO - Response status: 201
Response headers:
    'Content-Length': '0'
    'Content-MD5': 'REDACTED'
    'Last-Modified': 'Tue, 18 Oct 2022 22:02:19 GMT'
    'ETag': '"0x8DAB1546D8B3310"'
    'Server': 'Windows-Azure-Blob/1.0 Microsoft-HTTPAPI/2.0'
    'x-ms-request-id': '277c0f2c-101e-0030-503d-e301c8000000'
    'x-ms-client-request-id': '89341da2-4f30-11ed-b242-0242bebc0005'
    'x-ms-version': 'REDACTED'
    'x-ms-content-crc64': 'REDACTED'
    'x-ms-request-server-encrypted': 'REDACTED'
    'Date': 'Tue, 18 Oct 2022 22:02:19 GMT'
[2022-10-18 22:02:19,917] {_universal.py:473} INFO - Request URL: 'https://atacananews.blob.core.windows.net/atacana-blob-container/lung-cancer/clinical-trials/20221018/mk-3475/lung-cancer_clinical-trials_20221018_mk-3475_NCT05508100.json'
Request method: 'PUT'
Request headers:
    'Content-Length': '568'
    'x-ms-blob-type': 'REDACTED'
    'x-ms-version': 'REDACTED'
    'Content-Type': 'application/octet-stream'
    'Accept': 'application/xml'
    'User-Agent': 'azsdk-python-storage-blob/12.13.1 Python/3.8.15 (Linux-5.10.124-linuxkit-aarch64-with-glibc2.17)'
    'x-ms-date': 'REDACTED'
    'x-ms-client-request-id': '89513054-4f30-11ed-b242-0242bebc0005'
    'Authorization': 'REDACTED'
A body is sent with the request
[2022-10-18 22:02:20,102] {_universal.py:504} INFO - Response status: 201
Response headers:
    'Content-Length': '0'
    'Content-MD5': 'REDACTED'
    'Last-Modified': 'Tue, 18 Oct 2022 22:02:20 GMT'
    'ETag': '"0x8DAB1546DA8A1D2"'
    'Server': 'Windows-Azure-Blob/1.0 Microsoft-HTTPAPI/2.0'
    'x-ms-request-id': '277c0fae-101e-0030-4d3d-e301c8000000'
    'x-ms-client-request-id': '89513054-4f30-11ed-b242-0242bebc0005'
    'x-ms-version': 'REDACTED'
    'x-ms-content-crc64': 'REDACTED'
    'x-ms-request-server-encrypted': 'REDACTED'
    'Date': 'Tue, 18 Oct 2022 22:02:19 GMT'
[2022-10-18 22:02:20,107] {_universal.py:473} INFO - Request URL: 'https://atacananews.blob.core.windows.net/atacana-blob-container/lung-cancer/clinical-trials/20221018/mk-3475/lung-cancer_clinical-trials_20221018_mk-3475_NCT05547321.json'
Request method: 'PUT'
Request headers:
    'Content-Length': '580'
    'x-ms-blob-type': 'REDACTED'
    'x-ms-version': 'REDACTED'
    'Content-Type': 'application/octet-stream'
    'Accept': 'application/xml'
    'User-Agent': 'azsdk-python-storage-blob/12.13.1 Python/3.8.15 (Linux-5.10.124-linuxkit-aarch64-with-glibc2.17)'
    'x-ms-date': 'REDACTED'
    'x-ms-client-request-id': '896e2b14-4f30-11ed-b242-0242bebc0005'
    'Authorization': 'REDACTED'
A body is sent with the request
[2022-10-18 22:02:20,303] {_universal.py:504} INFO - Response status: 201
Response headers:
    'Content-Length': '0'
    'Content-MD5': 'REDACTED'
    'Last-Modified': 'Tue, 18 Oct 2022 22:02:20 GMT'
    'ETag': '"0x8DAB1546DC6D3D9"'
    'Server': 'Windows-Azure-Blob/1.0 Microsoft-HTTPAPI/2.0'
    'x-ms-request-id': '277c103d-101e-0030-543d-e301c8000000'
    'x-ms-client-request-id': '896e2b14-4f30-11ed-b242-0242bebc0005'
    'x-ms-version': 'REDACTED'
    'x-ms-content-crc64': 'REDACTED'
    'x-ms-request-server-encrypted': 'REDACTED'
    'Date': 'Tue, 18 Oct 2022 22:02:20 GMT'
[2022-10-18 22:02:20,314] {_universal.py:473} INFO - Request URL: 'https://atacananews.blob.core.windows.net/atacana-blob-container/lung-cancer/clinical-trials/20221018/mk-3475/lung-cancer_clinical-trials_20221018_mk-3475_NCT05462236.json'
Request method: 'PUT'
Request headers:
    'Content-Length': '601'
    'x-ms-blob-type': 'REDACTED'
    'x-ms-version': 'REDACTED'
    'Content-Type': 'application/octet-stream'
    'Accept': 'application/xml'
    'User-Agent': 'azsdk-python-storage-blob/12.13.1 Python/3.8.15 (Linux-5.10.124-linuxkit-aarch64-with-glibc2.17)'
    'x-ms-date': 'REDACTED'
    'x-ms-client-request-id': '898dbe3e-4f30-11ed-b242-0242bebc0005'
    'Authorization': 'REDACTED'
A body is sent with the request
[2022-10-18 22:02:20,498] {_universal.py:504} INFO - Response status: 201
Response headers:
    'Content-Length': '0'
    'Content-MD5': 'REDACTED'
    'Last-Modified': 'Tue, 18 Oct 2022 22:02:20 GMT'
    'ETag': '"0x8DAB1546DE490AA"'
    'Server': 'Windows-Azure-Blob/1.0 Microsoft-HTTPAPI/2.0'
    'x-ms-request-id': '277c10c5-101e-0030-513d-e301c8000000'
    'x-ms-client-request-id': '898dbe3e-4f30-11ed-b242-0242bebc0005'
    'x-ms-version': 'REDACTED'
    'x-ms-content-crc64': 'REDACTED'
    'x-ms-request-server-encrypted': 'REDACTED'
    'Date': 'Tue, 18 Oct 2022 22:02:20 GMT'
[2022-10-18 22:02:20,500] {_universal.py:473} INFO - Request URL: 'https://atacananews.blob.core.windows.net/atacana-blob-container/lung-cancer/clinical-trials/20221018/mk-3475/lung-cancer_clinical-trials_20221018_mk-3475_NCT05514990.json'
Request method: 'PUT'
Request headers:
    'Content-Length': '755'
    'x-ms-blob-type': 'REDACTED'
    'x-ms-version': 'REDACTED'
    'Content-Type': 'application/octet-stream'
    'Accept': 'application/xml'
    'User-Agent': 'azsdk-python-storage-blob/12.13.1 Python/3.8.15 (Linux-5.10.124-linuxkit-aarch64-with-glibc2.17)'
    'x-ms-date': 'REDACTED'
    'x-ms-client-request-id': '89aa0ee0-4f30-11ed-b242-0242bebc0005'
    'Authorization': 'REDACTED'
A body is sent with the request
[2022-10-18 22:02:20,686] {_universal.py:504} INFO - Response status: 201
Response headers:
    'Content-Length': '0'
    'Content-MD5': 'REDACTED'
    'Last-Modified': 'Tue, 18 Oct 2022 22:02:20 GMT'
    'ETag': '"0x8DAB1546E016340"'
    'Server': 'Windows-Azure-Blob/1.0 Microsoft-HTTPAPI/2.0'
    'x-ms-request-id': '277c1135-101e-0030-363d-e301c8000000'
    'x-ms-client-request-id': '89aa0ee0-4f30-11ed-b242-0242bebc0005'
    'x-ms-version': 'REDACTED'
    'x-ms-content-crc64': 'REDACTED'
    'x-ms-request-server-encrypted': 'REDACTED'
    'Date': 'Tue, 18 Oct 2022 22:02:20 GMT'
[2022-10-18 22:02:20,688] {_universal.py:473} INFO - Request URL: 'https://atacananews.blob.core.windows.net/atacana-blob-container/lung-cancer/clinical-trials/20221018/mk-3475/lung-cancer_clinical-trials_20221018_mk-3475_NCT05467670.json'
Request method: 'PUT'
Request headers:
    'Content-Length': '654'
    'x-ms-blob-type': 'REDACTED'
    'x-ms-version': 'REDACTED'
    'Content-Type': 'application/octet-stream'
    'Accept': 'application/xml'
    'User-Agent': 'azsdk-python-storage-blob/12.13.1 Python/3.8.15 (Linux-5.10.124-linuxkit-aarch64-with-glibc2.17)'
    'x-ms-date': 'REDACTED'
    'x-ms-client-request-id': '89c6d142-4f30-11ed-b242-0242bebc0005'
    'Authorization': 'REDACTED'
A body is sent with the request
[2022-10-18 22:02:20,874] {_universal.py:504} INFO - Response status: 201
Response headers:
    'Content-Length': '0'
    'Content-MD5': 'REDACTED'
    'Last-Modified': 'Tue, 18 Oct 2022 22:02:20 GMT'
    'ETag': '"0x8DAB1546E1DC0CB"'
    'Server': 'Windows-Azure-Blob/1.0 Microsoft-HTTPAPI/2.0'
    'x-ms-request-id': '277c11b6-101e-0030-303d-e301c8000000'
    'x-ms-client-request-id': '89c6d142-4f30-11ed-b242-0242bebc0005'
    'x-ms-version': 'REDACTED'
    'x-ms-content-crc64': 'REDACTED'
    'x-ms-request-server-encrypted': 'REDACTED'
    'Date': 'Tue, 18 Oct 2022 22:02:20 GMT'
[2022-10-18 22:02:20,875] {_universal.py:473} INFO - Request URL: 'https://atacananews.blob.core.windows.net/atacana-blob-container/lung-cancer/clinical-trials/20221018/mk-3475/lung-cancer_clinical-trials_20221018_mk-3475_NCT05585034.json'
Request method: 'PUT'
Request headers:
    'Content-Length': '928'
    'x-ms-blob-type': 'REDACTED'
    'x-ms-version': 'REDACTED'
    'Content-Type': 'application/octet-stream'
    'Accept': 'application/xml'
    'User-Agent': 'azsdk-python-storage-blob/12.13.1 Python/3.8.15 (Linux-5.10.124-linuxkit-aarch64-with-glibc2.17)'
    'x-ms-date': 'REDACTED'
    'x-ms-client-request-id': '89e35e48-4f30-11ed-b242-0242bebc0005'
    'Authorization': 'REDACTED'
A body is sent with the request
[2022-10-18 22:02:21,061] {_universal.py:504} INFO - Response status: 201
Response headers:
    'Content-Length': '0'
    'Content-MD5': 'REDACTED'
    'Last-Modified': 'Tue, 18 Oct 2022 22:02:21 GMT'
    'ETag': '"0x8DAB1546E3A6C53"'
    'Server': 'Windows-Azure-Blob/1.0 Microsoft-HTTPAPI/2.0'
    'x-ms-request-id': '277c125d-101e-0030-4d3d-e301c8000000'
    'x-ms-client-request-id': '89e35e48-4f30-11ed-b242-0242bebc0005'
    'x-ms-version': 'REDACTED'
    'x-ms-content-crc64': 'REDACTED'
    'x-ms-request-server-encrypted': 'REDACTED'
    'Date': 'Tue, 18 Oct 2022 22:02:20 GMT'
[2022-10-18 22:02:21,062] {_universal.py:473} INFO - Request URL: 'https://atacananews.blob.core.windows.net/atacana-blob-container/lung-cancer/clinical-trials/20221018/mk-3475/lung-cancer_clinical-trials_20221018_mk-3475_NCT05514444.json'
Request method: 'PUT'
Request headers:
    'Content-Length': '616'
    'x-ms-blob-type': 'REDACTED'
    'x-ms-version': 'REDACTED'
    'Content-Type': 'application/octet-stream'
    'Accept': 'application/xml'
    'User-Agent': 'azsdk-python-storage-blob/12.13.1 Python/3.8.15 (Linux-5.10.124-linuxkit-aarch64-with-glibc2.17)'
    'x-ms-date': 'REDACTED'
    'x-ms-client-request-id': '89ffe5cc-4f30-11ed-b242-0242bebc0005'
    'Authorization': 'REDACTED'
A body is sent with the request
[2022-10-18 22:02:21,248] {_universal.py:504} INFO - Response status: 201
Response headers:
    'Content-Length': '0'
    'Content-MD5': 'REDACTED'
    'Last-Modified': 'Tue, 18 Oct 2022 22:02:21 GMT'
    'ETag': '"0x8DAB1546E5717EC"'
    'Server': 'Windows-Azure-Blob/1.0 Microsoft-HTTPAPI/2.0'
    'x-ms-request-id': '277c1309-101e-0030-6f3d-e301c8000000'
    'x-ms-client-request-id': '89ffe5cc-4f30-11ed-b242-0242bebc0005'
    'x-ms-version': 'REDACTED'
    'x-ms-content-crc64': 'REDACTED'
    'x-ms-request-server-encrypted': 'REDACTED'
    'Date': 'Tue, 18 Oct 2022 22:02:21 GMT'
[2022-10-18 22:02:21,250] {_universal.py:473} INFO - Request URL: 'https://atacananews.blob.core.windows.net/atacana-blob-container/lung-cancer/clinical-trials/20221018/mk-3475/lung-cancer_clinical-trials_20221018_mk-3475_NCT05572684.json'
Request method: 'PUT'
Request headers:
    'Content-Length': '838'
    'x-ms-blob-type': 'REDACTED'
    'x-ms-version': 'REDACTED'
    'Content-Type': 'application/octet-stream'
    'Accept': 'application/xml'
    'User-Agent': 'azsdk-python-storage-blob/12.13.1 Python/3.8.15 (Linux-5.10.124-linuxkit-aarch64-with-glibc2.17)'
    'x-ms-date': 'REDACTED'
    'x-ms-client-request-id': '8a1c9622-4f30-11ed-b242-0242bebc0005'
    'Authorization': 'REDACTED'
A body is sent with the request
[2022-10-18 22:02:21,435] {_universal.py:504} INFO - Response status: 201
Response headers:
    'Content-Length': '0'
    'Content-MD5': 'REDACTED'
    'Last-Modified': 'Tue, 18 Oct 2022 22:02:21 GMT'
    'ETag': '"0x8DAB1546E73C37B"'
    'Server': 'Windows-Azure-Blob/1.0 Microsoft-HTTPAPI/2.0'
    'x-ms-request-id': '277c1392-101e-0030-753d-e301c8000000'
    'x-ms-client-request-id': '8a1c9622-4f30-11ed-b242-0242bebc0005'
    'x-ms-version': 'REDACTED'
    'x-ms-content-crc64': 'REDACTED'
    'x-ms-request-server-encrypted': 'REDACTED'
    'Date': 'Tue, 18 Oct 2022 22:02:21 GMT'
[2022-10-18 22:02:21,456] {_universal.py:473} INFO - Request URL: 'https://atacananews.blob.core.windows.net/atacana-blob-container/lung-cancer/clinical-trials/20221018/mk-3475/lung-cancer_clinical-trials_20221018_mk-3475_NCT05502237.json'
Request method: 'PUT'
Request headers:
    'Content-Length': '793'
    'x-ms-blob-type': 'REDACTED'
    'x-ms-version': 'REDACTED'
    'Content-Type': 'application/octet-stream'
    'Accept': 'application/xml'
    'User-Agent': 'azsdk-python-storage-blob/12.13.1 Python/3.8.15 (Linux-5.10.124-linuxkit-aarch64-with-glibc2.17)'
    'x-ms-date': 'REDACTED'
    'x-ms-client-request-id': '8a3bfdbe-4f30-11ed-b242-0242bebc0005'
    'Authorization': 'REDACTED'
A body is sent with the request
[2022-10-18 22:02:21,644] {_universal.py:504} INFO - Response status: 201
Response headers:
    'Content-Length': '0'
    'Content-MD5': 'REDACTED'
    'Last-Modified': 'Tue, 18 Oct 2022 22:02:21 GMT'
    'ETag': '"0x8DAB1546E937BDF"'
    'Server': 'Windows-Azure-Blob/1.0 Microsoft-HTTPAPI/2.0'
    'x-ms-request-id': '277c144f-101e-0030-293d-e301c8000000'
    'x-ms-client-request-id': '8a3bfdbe-4f30-11ed-b242-0242bebc0005'
    'x-ms-version': 'REDACTED'
    'x-ms-content-crc64': 'REDACTED'
    'x-ms-request-server-encrypted': 'REDACTED'
    'Date': 'Tue, 18 Oct 2022 22:02:21 GMT'
[2022-10-18 22:02:21,656] {_universal.py:473} INFO - Request URL: 'https://atacananews.blob.core.windows.net/atacana-blob-container/lung-cancer/clinical-trials/20221018/mk-3475/lung-cancer_clinical-trials_20221018_mk-3475_NCT05469178.json'
Request method: 'PUT'
Request headers:
    'Content-Length': '748'
    'x-ms-blob-type': 'REDACTED'
    'x-ms-version': 'REDACTED'
    'Content-Type': 'application/octet-stream'
    'Accept': 'application/xml'
    'User-Agent': 'azsdk-python-storage-blob/12.13.1 Python/3.8.15 (Linux-5.10.124-linuxkit-aarch64-with-glibc2.17)'
    'x-ms-date': 'REDACTED'
    'x-ms-client-request-id': '8a5a8194-4f30-11ed-b242-0242bebc0005'
    'Authorization': 'REDACTED'
A body is sent with the request
[2022-10-18 22:02:21,845] {_universal.py:504} INFO - Response status: 201
Response headers:
    'Content-Length': '0'
    'Content-MD5': 'REDACTED'
    'Last-Modified': 'Tue, 18 Oct 2022 22:02:21 GMT'
    'ETag': '"0x8DAB1546EB1D4E5"'
    'Server': 'Windows-Azure-Blob/1.0 Microsoft-HTTPAPI/2.0'
    'x-ms-request-id': '277c1519-101e-0030-663d-e301c8000000'
    'x-ms-client-request-id': '8a5a8194-4f30-11ed-b242-0242bebc0005'
    'x-ms-version': 'REDACTED'
    'x-ms-content-crc64': 'REDACTED'
    'x-ms-request-server-encrypted': 'REDACTED'
    'Date': 'Tue, 18 Oct 2022 22:02:21 GMT'
[2022-10-18 22:02:21,853] {_universal.py:473} INFO - Request URL: 'https://atacananews.blob.core.windows.net/atacana-blob-container/lung-cancer/clinical-trials/20221018/mk-3475/lung-cancer_clinical-trials_20221018_mk-3475_NCT05537740.json'
Request method: 'PUT'
Request headers:
    'Content-Length': '731'
    'x-ms-blob-type': 'REDACTED'
    'x-ms-version': 'REDACTED'
    'Content-Type': 'application/octet-stream'
    'Accept': 'application/xml'
    'User-Agent': 'azsdk-python-storage-blob/12.13.1 Python/3.8.15 (Linux-5.10.124-linuxkit-aarch64-with-glibc2.17)'
    'x-ms-date': 'REDACTED'
    'x-ms-client-request-id': '8a787a00-4f30-11ed-b242-0242bebc0005'
    'Authorization': 'REDACTED'
A body is sent with the request
[2022-10-18 22:02:22,039] {_universal.py:504} INFO - Response status: 201
Response headers:
    'Content-Length': '0'
    'Content-MD5': 'REDACTED'
    'Last-Modified': 'Tue, 18 Oct 2022 22:02:22 GMT'
    'ETag': '"0x8DAB1546ECF91C2"'
    'Server': 'Windows-Azure-Blob/1.0 Microsoft-HTTPAPI/2.0'
    'x-ms-request-id': '277c15bd-101e-0030-7e3d-e301c8000000'
    'x-ms-client-request-id': '8a787a00-4f30-11ed-b242-0242bebc0005'
    'x-ms-version': 'REDACTED'
    'x-ms-content-crc64': 'REDACTED'
    'x-ms-request-server-encrypted': 'REDACTED'
    'Date': 'Tue, 18 Oct 2022 22:02:21 GMT'
[2022-10-18 22:02:22,042] {_universal.py:473} INFO - Request URL: 'https://atacananews.blob.core.windows.net/atacana-blob-container/lung-cancer/clinical-trials/20221018/mk-3475/lung-cancer_clinical-trials_20221018_mk-3475_NCT05512182.json'
Request method: 'PUT'
Request headers:
    'Content-Length': '727'
    'x-ms-blob-type': 'REDACTED'
    'x-ms-version': 'REDACTED'
    'Content-Type': 'application/octet-stream'
    'Accept': 'application/xml'
    'User-Agent': 'azsdk-python-storage-blob/12.13.1 Python/3.8.15 (Linux-5.10.124-linuxkit-aarch64-with-glibc2.17)'
    'x-ms-date': 'REDACTED'
    'x-ms-client-request-id': '8a95530a-4f30-11ed-b242-0242bebc0005'
    'Authorization': 'REDACTED'
A body is sent with the request
[2022-10-18 22:02:22,225] {_universal.py:504} INFO - Response status: 201
Response headers:
    'Content-Length': '0'
    'Content-MD5': 'REDACTED'
    'Last-Modified': 'Tue, 18 Oct 2022 22:02:22 GMT'
    'ETag': '"0x8DAB1546EEC645E"'
    'Server': 'Windows-Azure-Blob/1.0 Microsoft-HTTPAPI/2.0'
    'x-ms-request-id': '277c1668-101e-0030-1f3d-e301c8000000'
    'x-ms-client-request-id': '8a95530a-4f30-11ed-b242-0242bebc0005'
    'x-ms-version': 'REDACTED'
    'x-ms-content-crc64': 'REDACTED'
    'x-ms-request-server-encrypted': 'REDACTED'
    'Date': 'Tue, 18 Oct 2022 22:02:22 GMT'
[2022-10-18 22:02:22,228] {_universal.py:473} INFO - Request URL: 'https://atacananews.blob.core.windows.net/atacana-blob-container/lung-cancer/clinical-trials/20221018/mk-3475/lung-cancer_clinical-trials_20221018_mk-3475_NCT05462496.json'
Request method: 'PUT'
Request headers:
    'Content-Length': '683'
    'x-ms-blob-type': 'REDACTED'
    'x-ms-version': 'REDACTED'
    'Content-Type': 'application/octet-stream'
    'Accept': 'application/xml'
    'User-Agent': 'azsdk-python-storage-blob/12.13.1 Python/3.8.15 (Linux-5.10.124-linuxkit-aarch64-with-glibc2.17)'
    'x-ms-date': 'REDACTED'
    'x-ms-client-request-id': '8ab1cb52-4f30-11ed-b242-0242bebc0005'
    'Authorization': 'REDACTED'
A body is sent with the request
[2022-10-18 22:02:22,413] {_universal.py:504} INFO - Response status: 201
Response headers:
    'Content-Length': '0'
    'Content-MD5': 'REDACTED'
    'Last-Modified': 'Tue, 18 Oct 2022 22:02:22 GMT'
    'ETag': '"0x8DAB1546F089AD1"'
    'Server': 'Windows-Azure-Blob/1.0 Microsoft-HTTPAPI/2.0'
    'x-ms-request-id': '277c1709-101e-0030-3a3d-e301c8000000'
    'x-ms-client-request-id': '8ab1cb52-4f30-11ed-b242-0242bebc0005'
    'x-ms-version': 'REDACTED'
    'x-ms-content-crc64': 'REDACTED'
    'x-ms-request-server-encrypted': 'REDACTED'
    'Date': 'Tue, 18 Oct 2022 22:02:22 GMT'
[2022-10-18 22:02:22,420] {_universal.py:473} INFO - Request URL: 'https://atacananews.blob.core.windows.net/atacana-blob-container/lung-cancer/clinical-trials/20221018/mk-3475/lung-cancer_clinical-trials_20221018_mk-3475_NCT05501665.json'
Request method: 'PUT'
Request headers:
    'Content-Length': '981'
    'x-ms-blob-type': 'REDACTED'
    'x-ms-version': 'REDACTED'
    'Content-Type': 'application/octet-stream'
    'Accept': 'application/xml'
    'User-Agent': 'azsdk-python-storage-blob/12.13.1 Python/3.8.15 (Linux-5.10.124-linuxkit-aarch64-with-glibc2.17)'
    'x-ms-date': 'REDACTED'
    'x-ms-client-request-id': '8acf148c-4f30-11ed-b242-0242bebc0005'
    'Authorization': 'REDACTED'
A body is sent with the request
[2022-10-18 22:02:22,604] {_universal.py:504} INFO - Response status: 201
Response headers:
    'Content-Length': '0'
    'Content-MD5': 'REDACTED'
    'Last-Modified': 'Tue, 18 Oct 2022 22:02:22 GMT'
    'ETag': '"0x8DAB1546F25E28F"'
    'Server': 'Windows-Azure-Blob/1.0 Microsoft-HTTPAPI/2.0'
    'x-ms-request-id': '277c178c-101e-0030-343d-e301c8000000'
    'x-ms-client-request-id': '8acf148c-4f30-11ed-b242-0242bebc0005'
    'x-ms-version': 'REDACTED'
    'x-ms-content-crc64': 'REDACTED'
    'x-ms-request-server-encrypted': 'REDACTED'
    'Date': 'Tue, 18 Oct 2022 22:02:22 GMT'
[2022-10-18 22:02:22,608] {_universal.py:473} INFO - Request URL: 'https://atacananews.blob.core.windows.net/atacana-blob-container/lung-cancer/clinical-trials/20221018/mk-3475/lung-cancer_clinical-trials_20221018_mk-3475_NCT05507541.json'
Request method: 'PUT'
Request headers:
    'Content-Length': '2748'
    'x-ms-blob-type': 'REDACTED'
    'x-ms-version': 'REDACTED'
    'Content-Type': 'application/octet-stream'
    'Accept': 'application/xml'
    'User-Agent': 'azsdk-python-storage-blob/12.13.1 Python/3.8.15 (Linux-5.10.124-linuxkit-aarch64-with-glibc2.17)'
    'x-ms-date': 'REDACTED'
    'x-ms-client-request-id': '8aebca1e-4f30-11ed-b242-0242bebc0005'
    'Authorization': 'REDACTED'
A body is sent with the request
[2022-10-18 22:02:22,798] {_universal.py:504} INFO - Response status: 201
Response headers:
    'Content-Length': '0'
    'Content-MD5': 'REDACTED'
    'Last-Modified': 'Tue, 18 Oct 2022 22:02:22 GMT'
    'ETag': '"0x8DAB1546F43785F"'
    'Server': 'Windows-Azure-Blob/1.0 Microsoft-HTTPAPI/2.0'
    'x-ms-request-id': '277c1806-101e-0030-263d-e301c8000000'
    'x-ms-client-request-id': '8aebca1e-4f30-11ed-b242-0242bebc0005'
    'x-ms-version': 'REDACTED'
    'x-ms-content-crc64': 'REDACTED'
    'x-ms-request-server-encrypted': 'REDACTED'
    'Date': 'Tue, 18 Oct 2022 22:02:22 GMT'
[2022-10-18 22:02:22,801] {_universal.py:473} INFO - Request URL: 'https://atacananews.blob.core.windows.net/atacana-blob-container/lung-cancer/clinical-trials/20221018/mk-3475/lung-cancer_clinical-trials_20221018_mk-3475_NCT05549297.json'
Request method: 'PUT'
Request headers:
    'Content-Length': '598'
    'x-ms-blob-type': 'REDACTED'
    'x-ms-version': 'REDACTED'
    'Content-Type': 'application/octet-stream'
    'Accept': 'application/xml'
    'User-Agent': 'azsdk-python-storage-blob/12.13.1 Python/3.8.15 (Linux-5.10.124-linuxkit-aarch64-with-glibc2.17)'
    'x-ms-date': 'REDACTED'
    'x-ms-client-request-id': '8b09417a-4f30-11ed-b242-0242bebc0005'
    'Authorization': 'REDACTED'
A body is sent with the request
[2022-10-18 22:02:22,990] {_universal.py:504} INFO - Response status: 201
Response headers:
    'Content-Length': '0'
    'Content-MD5': 'REDACTED'
    'Last-Modified': 'Tue, 18 Oct 2022 22:02:23 GMT'
    'ETag': '"0x8DAB1546F60C017"'
    'Server': 'Windows-Azure-Blob/1.0 Microsoft-HTTPAPI/2.0'
    'x-ms-request-id': '277c1886-101e-0030-1a3d-e301c8000000'
    'x-ms-client-request-id': '8b09417a-4f30-11ed-b242-0242bebc0005'
    'x-ms-version': 'REDACTED'
    'x-ms-content-crc64': 'REDACTED'
    'x-ms-request-server-encrypted': 'REDACTED'
    'Date': 'Tue, 18 Oct 2022 22:02:22 GMT'
[2022-10-18 22:02:23,007] {_universal.py:473} INFO - Request URL: 'https://atacananews.blob.core.windows.net/atacana-blob-container/lung-cancer/clinical-trials/20221018/mk-3475/lung-cancer_clinical-trials_20221018_mk-3475_NCT05568550.json'
Request method: 'PUT'
Request headers:
    'Content-Length': '594'
    'x-ms-blob-type': 'REDACTED'
    'x-ms-version': 'REDACTED'
    'Content-Type': 'application/octet-stream'
    'Accept': 'application/xml'
    'User-Agent': 'azsdk-python-storage-blob/12.13.1 Python/3.8.15 (Linux-5.10.124-linuxkit-aarch64-with-glibc2.17)'
    'x-ms-date': 'REDACTED'
    'x-ms-client-request-id': '8b289cdc-4f30-11ed-b242-0242bebc0005'
    'Authorization': 'REDACTED'
A body is sent with the request
[2022-10-18 22:02:23,209] {_universal.py:504} INFO - Response status: 201
Response headers:
    'Content-Length': '0'
    'Content-MD5': 'REDACTED'
    'Last-Modified': 'Tue, 18 Oct 2022 22:02:23 GMT'
    'ETag': '"0x8DAB1546F81D7D6"'
    'Server': 'Windows-Azure-Blob/1.0 Microsoft-HTTPAPI/2.0'
    'x-ms-request-id': '277c192c-101e-0030-343d-e301c8000000'
    'x-ms-client-request-id': '8b289cdc-4f30-11ed-b242-0242bebc0005'
    'x-ms-version': 'REDACTED'
    'x-ms-content-crc64': 'REDACTED'
    'x-ms-request-server-encrypted': 'REDACTED'
    'Date': 'Tue, 18 Oct 2022 22:02:23 GMT'
[2022-10-18 22:02:23,242] {_universal.py:473} INFO - Request URL: 'https://atacananews.blob.core.windows.net/atacana-blob-container/lung-cancer/clinical-trials/20221018/mk-3475/lung-cancer_clinical-trials_20221018_mk-3475_NCT05463848.json'
Request method: 'PUT'
Request headers:
    'Content-Length': '568'
    'x-ms-blob-type': 'REDACTED'
    'x-ms-version': 'REDACTED'
    'Content-Type': 'application/octet-stream'
    'Accept': 'application/xml'
    'User-Agent': 'azsdk-python-storage-blob/12.13.1 Python/3.8.15 (Linux-5.10.124-linuxkit-aarch64-with-glibc2.17)'
    'x-ms-date': 'REDACTED'
    'x-ms-client-request-id': '8b4c83ae-4f30-11ed-b242-0242bebc0005'
    'Authorization': 'REDACTED'
A body is sent with the request
[2022-10-18 22:02:23,447] {_universal.py:504} INFO - Response status: 201
Response headers:
    'Content-Length': '0'
    'Content-MD5': 'REDACTED'
    'Last-Modified': 'Tue, 18 Oct 2022 22:02:23 GMT'
    'ETag': '"0x8DAB1546FA33DB1"'
    'Server': 'Windows-Azure-Blob/1.0 Microsoft-HTTPAPI/2.0'
    'x-ms-request-id': '277c19e4-101e-0030-613d-e301c8000000'
    'x-ms-client-request-id': '8b4c83ae-4f30-11ed-b242-0242bebc0005'
    'x-ms-version': 'REDACTED'
    'x-ms-content-crc64': 'REDACTED'
    'x-ms-request-server-encrypted': 'REDACTED'
    'Date': 'Tue, 18 Oct 2022 22:02:23 GMT'
[2022-10-18 22:02:23,450] {_universal.py:473} INFO - Request URL: 'https://atacananews.blob.core.windows.net/atacana-blob-container/lung-cancer/clinical-trials/20221018/mk-3475/lung-cancer_clinical-trials_20221018_mk-3475_NCT05485766.json'
Request method: 'PUT'
Request headers:
    'Content-Length': '829'
    'x-ms-blob-type': 'REDACTED'
    'x-ms-version': 'REDACTED'
    'Content-Type': 'application/octet-stream'
    'Accept': 'application/xml'
    'User-Agent': 'azsdk-python-storage-blob/12.13.1 Python/3.8.15 (Linux-5.10.124-linuxkit-aarch64-with-glibc2.17)'
    'x-ms-date': 'REDACTED'
    'x-ms-client-request-id': '8b6c2c40-4f30-11ed-b242-0242bebc0005'
    'Authorization': 'REDACTED'
A body is sent with the request
[2022-10-18 22:02:23,636] {_universal.py:504} INFO - Response status: 201
Response headers:
    'Content-Length': '0'
    'Content-MD5': 'REDACTED'
    'Last-Modified': 'Tue, 18 Oct 2022 22:02:23 GMT'
    'ETag': '"0x8DAB1546FC3441E"'
    'Server': 'Windows-Azure-Blob/1.0 Microsoft-HTTPAPI/2.0'
    'x-ms-request-id': '277c1a80-101e-0030-733d-e301c8000000'
    'x-ms-client-request-id': '8b6c2c40-4f30-11ed-b242-0242bebc0005'
    'x-ms-version': 'REDACTED'
    'x-ms-content-crc64': 'REDACTED'
    'x-ms-request-server-encrypted': 'REDACTED'
    'Date': 'Tue, 18 Oct 2022 22:02:23 GMT'
[2022-10-18 22:02:23,638] {_universal.py:473} INFO - Request URL: 'https://atacananews.blob.core.windows.net/atacana-blob-container/lung-cancer/clinical-trials/20221018/mk-3475/lung-cancer_clinical-trials_20221018_mk-3475_NCT05499390.json'
Request method: 'PUT'
Request headers:
    'Content-Length': '500'
    'x-ms-blob-type': 'REDACTED'
    'x-ms-version': 'REDACTED'
    'Content-Type': 'application/octet-stream'
    'Accept': 'application/xml'
    'User-Agent': 'azsdk-python-storage-blob/12.13.1 Python/3.8.15 (Linux-5.10.124-linuxkit-aarch64-with-glibc2.17)'
    'x-ms-date': 'REDACTED'
    'x-ms-client-request-id': '8b88df98-4f30-11ed-b242-0242bebc0005'
    'Authorization': 'REDACTED'
A body is sent with the request
[2022-10-18 22:02:23,880] {_universal.py:504} INFO - Response status: 201
Response headers:
    'Content-Length': '0'
    'Content-MD5': 'REDACTED'
    'Last-Modified': 'Tue, 18 Oct 2022 22:02:23 GMT'
    'ETag': '"0x8DAB1546FE741A2"'
    'Server': 'Windows-Azure-Blob/1.0 Microsoft-HTTPAPI/2.0'
    'x-ms-request-id': '277c1b33-101e-0030-1f3d-e301c8000000'
    'x-ms-client-request-id': '8b88df98-4f30-11ed-b242-0242bebc0005'
    'x-ms-version': 'REDACTED'
    'x-ms-content-crc64': 'REDACTED'
    'x-ms-request-server-encrypted': 'REDACTED'
    'Date': 'Tue, 18 Oct 2022 22:02:23 GMT'
[2022-10-18 22:02:23,882] {_universal.py:473} INFO - Request URL: 'https://atacananews.blob.core.windows.net/atacana-blob-container/lung-cancer/clinical-trials/20221018/mk-3475/lung-cancer_clinical-trials_20221018_mk-3475_NCT05492682.json'
Request method: 'PUT'
Request headers:
    'Content-Length': '621'
    'x-ms-blob-type': 'REDACTED'
    'x-ms-version': 'REDACTED'
    'Content-Type': 'application/octet-stream'
    'Accept': 'application/xml'
    'User-Agent': 'azsdk-python-storage-blob/12.13.1 Python/3.8.15 (Linux-5.10.124-linuxkit-aarch64-with-glibc2.17)'
    'x-ms-date': 'REDACTED'
    'x-ms-client-request-id': '8bae1fb0-4f30-11ed-b242-0242bebc0005'
    'Authorization': 'REDACTED'
A body is sent with the request
[2022-10-18 22:02:24,103] {_universal.py:504} INFO - Response status: 201
Response headers:
    'Content-Length': '0'
    'Content-MD5': 'REDACTED'
    'Last-Modified': 'Tue, 18 Oct 2022 22:02:24 GMT'
    'ETag': '"0x8DAB1547009B8C0"'
    'Server': 'Windows-Azure-Blob/1.0 Microsoft-HTTPAPI/2.0'
    'x-ms-request-id': '277c1c05-101e-0030-643d-e301c8000000'
    'x-ms-client-request-id': '8bae1fb0-4f30-11ed-b242-0242bebc0005'
    'x-ms-version': 'REDACTED'
    'x-ms-content-crc64': 'REDACTED'
    'x-ms-request-server-encrypted': 'REDACTED'
    'Date': 'Tue, 18 Oct 2022 22:02:23 GMT'
[2022-10-18 22:02:24,106] {_universal.py:473} INFO - Request URL: 'https://atacananews.blob.core.windows.net/atacana-blob-container/lung-cancer/clinical-trials/20221018/mk-3475/lung-cancer_clinical-trials_20221018_mk-3475_NCT05509985.json'
Request method: 'PUT'
Request headers:
    'Content-Length': '553'
    'x-ms-blob-type': 'REDACTED'
    'x-ms-version': 'REDACTED'
    'Content-Type': 'application/octet-stream'
    'Accept': 'application/xml'
    'User-Agent': 'azsdk-python-storage-blob/12.13.1 Python/3.8.15 (Linux-5.10.124-linuxkit-aarch64-with-glibc2.17)'
    'x-ms-date': 'REDACTED'
    'x-ms-client-request-id': '8bd05328-4f30-11ed-b242-0242bebc0005'
    'Authorization': 'REDACTED'
A body is sent with the request
[2022-10-18 22:02:24,394] {_universal.py:504} INFO - Response status: 201
Response headers:
    'Content-Length': '0'
    'Content-MD5': 'REDACTED'
    'Last-Modified': 'Tue, 18 Oct 2022 22:02:24 GMT'
    'ETag': '"0x8DAB15470274E94"'
    'Server': 'Windows-Azure-Blob/1.0 Microsoft-HTTPAPI/2.0'
    'x-ms-request-id': '277c1cb2-101e-0030-063d-e301c8000000'
    'x-ms-client-request-id': '8bd05328-4f30-11ed-b242-0242bebc0005'
    'x-ms-version': 'REDACTED'
    'x-ms-content-crc64': 'REDACTED'
    'x-ms-request-server-encrypted': 'REDACTED'
    'Date': 'Tue, 18 Oct 2022 22:02:24 GMT'
[2022-10-18 22:02:24,397] {_universal.py:473} INFO - Request URL: 'https://atacananews.blob.core.windows.net/atacana-blob-container/lung-cancer/clinical-trials/20221018/mk-3475/lung-cancer_clinical-trials_20221018_mk-3475_NCT05501821.json'
Request method: 'PUT'
Request headers:
    'Content-Length': '536'
    'x-ms-blob-type': 'REDACTED'
    'x-ms-version': 'REDACTED'
    'Content-Type': 'application/octet-stream'
    'Accept': 'application/xml'
    'User-Agent': 'azsdk-python-storage-blob/12.13.1 Python/3.8.15 (Linux-5.10.124-linuxkit-aarch64-with-glibc2.17)'
    'x-ms-date': 'REDACTED'
    'x-ms-client-request-id': '8bfcc5ac-4f30-11ed-b242-0242bebc0005'
    'Authorization': 'REDACTED'
A body is sent with the request
[2022-10-18 22:02:24,623] {_universal.py:504} INFO - Response status: 201
Response headers:
    'Content-Length': '0'
    'Content-MD5': 'REDACTED'
    'Last-Modified': 'Tue, 18 Oct 2022 22:02:24 GMT'
    'ETag': '"0x8DAB1547059A1D7"'
    'Server': 'Windows-Azure-Blob/1.0 Microsoft-HTTPAPI/2.0'
    'x-ms-request-id': '277c1dc0-101e-0030-063d-e301c8000000'
    'x-ms-client-request-id': '8bfcc5ac-4f30-11ed-b242-0242bebc0005'
    'x-ms-version': 'REDACTED'
    'x-ms-content-crc64': 'REDACTED'
    'x-ms-request-server-encrypted': 'REDACTED'
    'Date': 'Tue, 18 Oct 2022 22:02:24 GMT'
[2022-10-18 22:02:24,632] {_universal.py:473} INFO - Request URL: 'https://atacananews.blob.core.windows.net/atacana-blob-container/lung-cancer/clinical-trials/20221018/mk-3475/lung-cancer_clinical-trials_20221018_mk-3475_NCT05491226.json'
Request method: 'PUT'
Request headers:
    'Content-Length': '663'
    'x-ms-blob-type': 'REDACTED'
    'x-ms-version': 'REDACTED'
    'Content-Type': 'application/octet-stream'
    'Accept': 'application/xml'
    'User-Agent': 'azsdk-python-storage-blob/12.13.1 Python/3.8.15 (Linux-5.10.124-linuxkit-aarch64-with-glibc2.17)'
    'x-ms-date': 'REDACTED'
    'x-ms-client-request-id': '8c2094dc-4f30-11ed-b242-0242bebc0005'
    'Authorization': 'REDACTED'
A body is sent with the request
[2022-10-18 22:02:24,835] {_universal.py:504} INFO - Response status: 201
Response headers:
    'Content-Length': '0'
    'Content-MD5': 'REDACTED'
    'Last-Modified': 'Tue, 18 Oct 2022 22:02:24 GMT'
    'ETag': '"0x8DAB154707A447A"'
    'Server': 'Windows-Azure-Blob/1.0 Microsoft-HTTPAPI/2.0'
    'x-ms-request-id': '277c1e7f-101e-0030-3a3d-e301c8000000'
    'x-ms-client-request-id': '8c2094dc-4f30-11ed-b242-0242bebc0005'
    'x-ms-version': 'REDACTED'
    'x-ms-content-crc64': 'REDACTED'
    'x-ms-request-server-encrypted': 'REDACTED'
    'Date': 'Tue, 18 Oct 2022 22:02:24 GMT'
[2022-10-18 22:02:24,838] {_universal.py:473} INFO - Request URL: 'https://atacananews.blob.core.windows.net/atacana-blob-container/lung-cancer/clinical-trials/20221018/mk-3475/lung-cancer_clinical-trials_20221018_mk-3475_NCT05533697.json'
Request method: 'PUT'
Request headers:
    'Content-Length': '591'
    'x-ms-blob-type': 'REDACTED'
    'x-ms-version': 'REDACTED'
    'Content-Type': 'application/octet-stream'
    'Accept': 'application/xml'
    'User-Agent': 'azsdk-python-storage-blob/12.13.1 Python/3.8.15 (Linux-5.10.124-linuxkit-aarch64-with-glibc2.17)'
    'x-ms-date': 'REDACTED'
    'x-ms-client-request-id': '8c4002f4-4f30-11ed-b242-0242bebc0005'
    'Authorization': 'REDACTED'
A body is sent with the request
[2022-10-18 22:02:25,023] {_universal.py:504} INFO - Response status: 201
Response headers:
    'Content-Length': '0'
    'Content-MD5': 'REDACTED'
    'Last-Modified': 'Tue, 18 Oct 2022 22:02:25 GMT'
    'ETag': '"0x8DAB15470971714"'
    'Server': 'Windows-Azure-Blob/1.0 Microsoft-HTTPAPI/2.0'
    'x-ms-request-id': '277c1f4d-101e-0030-033d-e301c8000000'
    'x-ms-client-request-id': '8c4002f4-4f30-11ed-b242-0242bebc0005'
    'x-ms-version': 'REDACTED'
    'x-ms-content-crc64': 'REDACTED'
    'x-ms-request-server-encrypted': 'REDACTED'
    'Date': 'Tue, 18 Oct 2022 22:02:24 GMT'
[2022-10-18 22:02:25,028] {_universal.py:473} INFO - Request URL: 'https://atacananews.blob.core.windows.net/atacana-blob-container/lung-cancer/clinical-trials/20221018/mk-3475/lung-cancer_clinical-trials_20221018_mk-3475_NCT05565378.json'
Request method: 'PUT'
Request headers:
    'Content-Length': '656'
    'x-ms-blob-type': 'REDACTED'
    'x-ms-version': 'REDACTED'
    'Content-Type': 'application/octet-stream'
    'Accept': 'application/xml'
    'User-Agent': 'azsdk-python-storage-blob/12.13.1 Python/3.8.15 (Linux-5.10.124-linuxkit-aarch64-with-glibc2.17)'
    'x-ms-date': 'REDACTED'
    'x-ms-client-request-id': '8c5cef68-4f30-11ed-b242-0242bebc0005'
    'Authorization': 'REDACTED'
A body is sent with the request
[2022-10-18 22:02:25,229] {_universal.py:504} INFO - Response status: 201
Response headers:
    'Content-Length': '0'
    'Content-MD5': 'REDACTED'
    'Last-Modified': 'Tue, 18 Oct 2022 22:02:25 GMT'
    'ETag': '"0x8DAB15470B52207"'
    'Server': 'Windows-Azure-Blob/1.0 Microsoft-HTTPAPI/2.0'
    'x-ms-request-id': '277c1fe9-101e-0030-143d-e301c8000000'
    'x-ms-client-request-id': '8c5cef68-4f30-11ed-b242-0242bebc0005'
    'x-ms-version': 'REDACTED'
    'x-ms-content-crc64': 'REDACTED'
    'x-ms-request-server-encrypted': 'REDACTED'
    'Date': 'Tue, 18 Oct 2022 22:02:25 GMT'
[2022-10-18 22:02:25,233] {python.py:173} INFO - Done. Returned value was: None
[2022-10-18 22:02:25,246] {taskinstance.py:1395} INFO - Marking task as SUCCESS. dag_id=clinical_trials__lung_cancer__etl__20220109, task_id=load_data_to_blob_storage_task, map_index=31, execution_date=20221018T200000, start_date=20221018T220213, end_date=20221018T220225
[2022-10-18 22:02:25,293] {local_task_job.py:156} INFO - Task exited with return code 0
[2022-10-18 22:02:25,329] {local_task_job.py:273} INFO - 0 downstream tasks scheduled from follow-on schedule check
