[2022-10-18 18:02:58,637] {taskinstance.py:1159} INFO - Dependencies all met for <TaskInstance: clinical_trials__lung_cancer__etl__20220109.load_data_to_blob_storage_task scheduled__2022-10-18T16:00:00+00:00 map_index=1 [queued]>
[2022-10-18 18:02:58,646] {taskinstance.py:1159} INFO - Dependencies all met for <TaskInstance: clinical_trials__lung_cancer__etl__20220109.load_data_to_blob_storage_task scheduled__2022-10-18T16:00:00+00:00 map_index=1 [queued]>
[2022-10-18 18:02:58,647] {taskinstance.py:1356} INFO - 
--------------------------------------------------------------------------------
[2022-10-18 18:02:58,648] {taskinstance.py:1357} INFO - Starting attempt 1 of 1
[2022-10-18 18:02:58,649] {taskinstance.py:1358} INFO - 
--------------------------------------------------------------------------------
[2022-10-18 18:02:58,656] {taskinstance.py:1377} INFO - Executing <Mapped(_PythonDecoratedOperator): load_data_to_blob_storage_task> on 2022-10-18 16:00:00+00:00
[2022-10-18 18:02:58,661] {standard_task_runner.py:52} INFO - Started process 2755 to run task
[2022-10-18 18:02:58,663] {standard_task_runner.py:79} INFO - Running: ['airflow', 'tasks', 'run', 'clinical_trials__lung_cancer__etl__20220109', 'load_data_to_blob_storage_task', 'scheduled__2022-10-18T16:00:00+00:00', '--job-id', '365', '--raw', '--subdir', 'DAGS_FOLDER/process_news_dags.py', '--cfg-path', '/tmp/tmpmzlvr4l2', '--map-index', '1', '--error-file', '/tmp/tmpj8182u1z']
[2022-10-18 18:02:58,664] {standard_task_runner.py:80} INFO - Job 365: Subtask load_data_to_blob_storage_task
[2022-10-18 18:02:58,675] {logging_mixin.py:115} WARNING - /root/.cache/pypoetry/virtualenvs/***-tXitOD5F-py3.8/lib/python3.8/site-packages/airflow/configuration.py:525 DeprecationWarning: The sql_alchemy_conn option in [core] has been moved to the sql_alchemy_conn option in [database] - the old setting has been used, but please update your config.
[2022-10-18 18:02:58,702] {task_command.py:370} INFO - Running <TaskInstance: clinical_trials__lung_cancer__etl__20220109.load_data_to_blob_storage_task scheduled__2022-10-18T16:00:00+00:00 map_index=1 [running]> on host 6cdf6d517dc4
[2022-10-18 18:02:58,741] {taskinstance.py:1569} INFO - Exporting the following env vars:
AIRFLOW_CTX_DAG_EMAIL=wais@datakimia.com,david@datakimia.com,juanm@datakimia.com,tomas@datakimia.com
AIRFLOW_CTX_DAG_OWNER=atacana
AIRFLOW_CTX_DAG_ID=clinical_trials__lung_cancer__etl__20220109
AIRFLOW_CTX_TASK_ID=load_data_to_blob_storage_task
AIRFLOW_CTX_EXECUTION_DATE=2022-10-18T16:00:00+00:00
AIRFLOW_CTX_TRY_NUMBER=1
AIRFLOW_CTX_DAG_RUN_ID=scheduled__2022-10-18T16:00:00+00:00
[2022-10-18 18:02:58,744] {process_news_dag_factory.py:105} INFO - Reading temp file: lung-cancer_clinical-trials_atezolizumab_20221018-16_df.json
[2022-10-18 18:02:58,759] {helpers.py:114} INFO - Going to save clinical_trials data..
[2022-10-18 18:02:58,760] {helpers.py:115} INFO -                                                title  ...                  updated_at
0  Open Label Phase 2 Basket Trial With Atezolizu...  ...  2022-10-18 18:00:12.553000
1  ONC201 and Atezolizumab in Obesity-Driven Endo...  ...  2022-10-18 18:00:12.553000
2  Investigate the Contribution of Ipatasertib to...  ...  2022-10-18 18:00:12.553000
3     Atezolizumab for Idiopathic Pulmonary Fibrosis  ...  2022-10-18 18:00:12.553000
4  Deep, Multi-omics Phenotyping to Predict Respo...  ...  2022-10-18 18:00:12.553000

[5 rows x 13 columns]
[2022-10-18 18:02:58,769] {helpers.py:116} INFO - Index(['title', 'link', 'id', 'published_at', 'conditions', 'intervention',
       'publisher', 'status', 'source', 'keyword', 'indication',
       'therapeutic_area', 'updated_at'],
      dtype='object')
[2022-10-18 18:02:58,773] {_universal.py:473} INFO - Request URL: 'https://atacananews.blob.core.windows.net/atacana-blob-container/lung-cancer/clinical-trials/20221018/atezolizumab/lung-cancer_clinical-trials_20221018_atezolizumab_NCT05483400.json'
Request method: 'PUT'
Request headers:
    'Content-Length': '593'
    'x-ms-blob-type': 'REDACTED'
    'x-ms-version': 'REDACTED'
    'Content-Type': 'application/octet-stream'
    'Accept': 'application/xml'
    'User-Agent': 'azsdk-python-storage-blob/12.13.1 Python/3.8.15 (Linux-5.10.124-linuxkit-aarch64-with-glibc2.17)'
    'x-ms-date': 'REDACTED'
    'x-ms-client-request-id': '196877f0-4f0f-11ed-8777-0242bebc0005'
    'Authorization': 'REDACTED'
A body is sent with the request
[2022-10-18 18:02:59,512] {_universal.py:504} INFO - Response status: 201
Response headers:
    'Content-Length': '0'
    'Content-MD5': 'REDACTED'
    'Last-Modified': 'Tue, 18 Oct 2022 18:02:59 GMT'
    'ETag': '"0x8DAB132FE073DDE"'
    'Server': 'Windows-Azure-Blob/1.0 Microsoft-HTTPAPI/2.0'
    'x-ms-request-id': 'c98497b7-d01e-0072-031b-e3b848000000'
    'x-ms-client-request-id': '196877f0-4f0f-11ed-8777-0242bebc0005'
    'x-ms-version': 'REDACTED'
    'x-ms-content-crc64': 'REDACTED'
    'x-ms-request-server-encrypted': 'REDACTED'
    'Date': 'Tue, 18 Oct 2022 18:02:58 GMT'
[2022-10-18 18:02:59,518] {_universal.py:473} INFO - Request URL: 'https://atacananews.blob.core.windows.net/atacana-blob-container/lung-cancer/clinical-trials/20221018/atezolizumab/lung-cancer_clinical-trials_20221018_atezolizumab_NCT05542407.json'
Request method: 'PUT'
Request headers:
    'Content-Length': '600'
    'x-ms-blob-type': 'REDACTED'
    'x-ms-version': 'REDACTED'
    'Content-Type': 'application/octet-stream'
    'Accept': 'application/xml'
    'User-Agent': 'azsdk-python-storage-blob/12.13.1 Python/3.8.15 (Linux-5.10.124-linuxkit-aarch64-with-glibc2.17)'
    'x-ms-date': 'REDACTED'
    'x-ms-client-request-id': '19da281e-4f0f-11ed-8777-0242bebc0005'
    'Authorization': 'REDACTED'
A body is sent with the request
[2022-10-18 18:02:59,708] {_universal.py:504} INFO - Response status: 201
Response headers:
    'Content-Length': '0'
    'Content-MD5': 'REDACTED'
    'Last-Modified': 'Tue, 18 Oct 2022 18:02:59 GMT'
    'ETag': '"0x8DAB132FE24AC9C"'
    'Server': 'Windows-Azure-Blob/1.0 Microsoft-HTTPAPI/2.0'
    'x-ms-request-id': 'c984989b-d01e-0072-571b-e3b848000000'
    'x-ms-client-request-id': '19da281e-4f0f-11ed-8777-0242bebc0005'
    'x-ms-version': 'REDACTED'
    'x-ms-content-crc64': 'REDACTED'
    'x-ms-request-server-encrypted': 'REDACTED'
    'Date': 'Tue, 18 Oct 2022 18:02:59 GMT'
[2022-10-18 18:02:59,715] {_universal.py:473} INFO - Request URL: 'https://atacananews.blob.core.windows.net/atacana-blob-container/lung-cancer/clinical-trials/20221018/atezolizumab/lung-cancer_clinical-trials_20221018_atezolizumab_NCT05498896.json'
Request method: 'PUT'
Request headers:
    'Content-Length': '731'
    'x-ms-blob-type': 'REDACTED'
    'x-ms-version': 'REDACTED'
    'Content-Type': 'application/octet-stream'
    'Accept': 'application/xml'
    'User-Agent': 'azsdk-python-storage-blob/12.13.1 Python/3.8.15 (Linux-5.10.124-linuxkit-aarch64-with-glibc2.17)'
    'x-ms-date': 'REDACTED'
    'x-ms-client-request-id': '19f82c9c-4f0f-11ed-8777-0242bebc0005'
    'Authorization': 'REDACTED'
A body is sent with the request
[2022-10-18 18:02:59,905] {_universal.py:504} INFO - Response status: 201
Response headers:
    'Content-Length': '0'
    'Content-MD5': 'REDACTED'
    'Last-Modified': 'Tue, 18 Oct 2022 18:02:59 GMT'
    'ETag': '"0x8DAB132FE42DE8D"'
    'Server': 'Windows-Azure-Blob/1.0 Microsoft-HTTPAPI/2.0'
    'x-ms-request-id': 'c98499ad-d01e-0072-4b1b-e3b848000000'
    'x-ms-client-request-id': '19f82c9c-4f0f-11ed-8777-0242bebc0005'
    'x-ms-version': 'REDACTED'
    'x-ms-content-crc64': 'REDACTED'
    'x-ms-request-server-encrypted': 'REDACTED'
    'Date': 'Tue, 18 Oct 2022 18:02:59 GMT'
[2022-10-18 18:02:59,908] {_universal.py:473} INFO - Request URL: 'https://atacananews.blob.core.windows.net/atacana-blob-container/lung-cancer/clinical-trials/20221018/atezolizumab/lung-cancer_clinical-trials_20221018_atezolizumab_NCT05515627.json'
Request method: 'PUT'
Request headers:
    'Content-Length': '531'
    'x-ms-blob-type': 'REDACTED'
    'x-ms-version': 'REDACTED'
    'Content-Type': 'application/octet-stream'
    'Accept': 'application/xml'
    'User-Agent': 'azsdk-python-storage-blob/12.13.1 Python/3.8.15 (Linux-5.10.124-linuxkit-aarch64-with-glibc2.17)'
    'x-ms-date': 'REDACTED'
    'x-ms-client-request-id': '1a159214-4f0f-11ed-8777-0242bebc0005'
    'Authorization': 'REDACTED'
A body is sent with the request
[2022-10-18 18:03:00,094] {_universal.py:504} INFO - Response status: 201
Response headers:
    'Content-Length': '0'
    'Content-MD5': 'REDACTED'
    'Last-Modified': 'Tue, 18 Oct 2022 18:03:00 GMT'
    'ETag': '"0x8DAB132FE5F8A28"'
    'Server': 'Windows-Azure-Blob/1.0 Microsoft-HTTPAPI/2.0'
    'x-ms-request-id': 'c9849a8a-d01e-0072-171b-e3b848000000'
    'x-ms-client-request-id': '1a159214-4f0f-11ed-8777-0242bebc0005'
    'x-ms-version': 'REDACTED'
    'x-ms-content-crc64': 'REDACTED'
    'x-ms-request-server-encrypted': 'REDACTED'
    'Date': 'Tue, 18 Oct 2022 18:02:59 GMT'
[2022-10-18 18:03:00,100] {_universal.py:473} INFO - Request URL: 'https://atacananews.blob.core.windows.net/atacana-blob-container/lung-cancer/clinical-trials/20221018/atezolizumab/lung-cancer_clinical-trials_20221018_atezolizumab_NCT05516628.json'
Request method: 'PUT'
Request headers:
    'Content-Length': '1143'
    'x-ms-blob-type': 'REDACTED'
    'x-ms-version': 'REDACTED'
    'Content-Type': 'application/octet-stream'
    'Accept': 'application/xml'
    'User-Agent': 'azsdk-python-storage-blob/12.13.1 Python/3.8.15 (Linux-5.10.124-linuxkit-aarch64-with-glibc2.17)'
    'x-ms-date': 'REDACTED'
    'x-ms-client-request-id': '1a32e7d8-4f0f-11ed-8777-0242bebc0005'
    'Authorization': 'REDACTED'
A body is sent with the request
[2022-10-18 18:03:00,289] {_universal.py:504} INFO - Response status: 201
Response headers:
    'Content-Length': '0'
    'Content-MD5': 'REDACTED'
    'Last-Modified': 'Tue, 18 Oct 2022 18:03:00 GMT'
    'ETag': '"0x8DAB132FE7D46FA"'
    'Server': 'Windows-Azure-Blob/1.0 Microsoft-HTTPAPI/2.0'
    'x-ms-request-id': 'c9849b9c-d01e-0072-1b1b-e3b848000000'
    'x-ms-client-request-id': '1a32e7d8-4f0f-11ed-8777-0242bebc0005'
    'x-ms-version': 'REDACTED'
    'x-ms-content-crc64': 'REDACTED'
    'x-ms-request-server-encrypted': 'REDACTED'
    'Date': 'Tue, 18 Oct 2022 18:02:59 GMT'
[2022-10-18 18:03:00,294] {_universal.py:473} INFO - Request URL: 'https://atacananews.blob.core.windows.net/atacana-blob-container/lung-cancer/clinical-trials/20221018/atezolizumab/lung-cancer_clinical-trials_20221018_atezolizumab_NCT05538091.json'
Request method: 'PUT'
Request headers:
    'Content-Length': '715'
    'x-ms-blob-type': 'REDACTED'
    'x-ms-version': 'REDACTED'
    'Content-Type': 'application/octet-stream'
    'Accept': 'application/xml'
    'User-Agent': 'azsdk-python-storage-blob/12.13.1 Python/3.8.15 (Linux-5.10.124-linuxkit-aarch64-with-glibc2.17)'
    'x-ms-date': 'REDACTED'
    'x-ms-client-request-id': '1a5090f8-4f0f-11ed-8777-0242bebc0005'
    'Authorization': 'REDACTED'
A body is sent with the request
[2022-10-18 18:03:00,484] {_universal.py:504} INFO - Response status: 201
Response headers:
    'Content-Length': '0'
    'Content-MD5': 'REDACTED'
    'Last-Modified': 'Tue, 18 Oct 2022 18:03:00 GMT'
    'ETag': '"0x8DAB132FE9ADCCD"'
    'Server': 'Windows-Azure-Blob/1.0 Microsoft-HTTPAPI/2.0'
    'x-ms-request-id': 'c9849ca9-d01e-0072-121b-e3b848000000'
    'x-ms-client-request-id': '1a5090f8-4f0f-11ed-8777-0242bebc0005'
    'x-ms-version': 'REDACTED'
    'x-ms-content-crc64': 'REDACTED'
    'x-ms-request-server-encrypted': 'REDACTED'
    'Date': 'Tue, 18 Oct 2022 18:02:59 GMT'
[2022-10-18 18:03:00,490] {_universal.py:473} INFO - Request URL: 'https://atacananews.blob.core.windows.net/atacana-blob-container/lung-cancer/clinical-trials/20221018/atezolizumab/lung-cancer_clinical-trials_20221018_atezolizumab_NCT05470595.json'
Request method: 'PUT'
Request headers:
    'Content-Length': '633'
    'x-ms-blob-type': 'REDACTED'
    'x-ms-version': 'REDACTED'
    'Content-Type': 'application/octet-stream'
    'Accept': 'application/xml'
    'User-Agent': 'azsdk-python-storage-blob/12.13.1 Python/3.8.15 (Linux-5.10.124-linuxkit-aarch64-with-glibc2.17)'
    'x-ms-date': 'REDACTED'
    'x-ms-client-request-id': '1a6e643e-4f0f-11ed-8777-0242bebc0005'
    'Authorization': 'REDACTED'
A body is sent with the request
[2022-10-18 18:03:00,684] {_universal.py:504} INFO - Response status: 201
Response headers:
    'Content-Length': '0'
    'Content-MD5': 'REDACTED'
    'Last-Modified': 'Tue, 18 Oct 2022 18:03:00 GMT'
    'ETag': '"0x8DAB132FEB95CD7"'
    'Server': 'Windows-Azure-Blob/1.0 Microsoft-HTTPAPI/2.0'
    'x-ms-request-id': 'c9849ddb-d01e-0072-231b-e3b848000000'
    'x-ms-client-request-id': '1a6e643e-4f0f-11ed-8777-0242bebc0005'
    'x-ms-version': 'REDACTED'
    'x-ms-content-crc64': 'REDACTED'
    'x-ms-request-server-encrypted': 'REDACTED'
    'Date': 'Tue, 18 Oct 2022 18:03:00 GMT'
[2022-10-18 18:03:00,689] {_universal.py:473} INFO - Request URL: 'https://atacananews.blob.core.windows.net/atacana-blob-container/lung-cancer/clinical-trials/20221018/atezolizumab/lung-cancer_clinical-trials_20221018_atezolizumab_NCT05546879.json'
Request method: 'PUT'
Request headers:
    'Content-Length': '657'
    'x-ms-blob-type': 'REDACTED'
    'x-ms-version': 'REDACTED'
    'Content-Type': 'application/octet-stream'
    'Accept': 'application/xml'
    'User-Agent': 'azsdk-python-storage-blob/12.13.1 Python/3.8.15 (Linux-5.10.124-linuxkit-aarch64-with-glibc2.17)'
    'x-ms-date': 'REDACTED'
    'x-ms-client-request-id': '1a8cdb80-4f0f-11ed-8777-0242bebc0005'
    'Authorization': 'REDACTED'
A body is sent with the request
[2022-10-18 18:03:00,880] {_universal.py:504} INFO - Response status: 201
Response headers:
    'Content-Length': '0'
    'Content-MD5': 'REDACTED'
    'Last-Modified': 'Tue, 18 Oct 2022 18:03:00 GMT'
    'ETag': '"0x8DAB132FED78ED1"'
    'Server': 'Windows-Azure-Blob/1.0 Microsoft-HTTPAPI/2.0'
    'x-ms-request-id': 'c9849ed8-d01e-0072-7c1b-e3b848000000'
    'x-ms-client-request-id': '1a8cdb80-4f0f-11ed-8777-0242bebc0005'
    'x-ms-version': 'REDACTED'
    'x-ms-content-crc64': 'REDACTED'
    'x-ms-request-server-encrypted': 'REDACTED'
    'Date': 'Tue, 18 Oct 2022 18:03:00 GMT'
[2022-10-18 18:03:00,883] {_universal.py:473} INFO - Request URL: 'https://atacananews.blob.core.windows.net/atacana-blob-container/lung-cancer/clinical-trials/20221018/atezolizumab/lung-cancer_clinical-trials_20221018_atezolizumab_NCT05564416.json'
Request method: 'PUT'
Request headers:
    'Content-Length': '1032'
    'x-ms-blob-type': 'REDACTED'
    'x-ms-version': 'REDACTED'
    'Content-Type': 'application/octet-stream'
    'Accept': 'application/xml'
    'User-Agent': 'azsdk-python-storage-blob/12.13.1 Python/3.8.15 (Linux-5.10.124-linuxkit-aarch64-with-glibc2.17)'
    'x-ms-date': 'REDACTED'
    'x-ms-client-request-id': '1aaa681c-4f0f-11ed-8777-0242bebc0005'
    'Authorization': 'REDACTED'
A body is sent with the request
[2022-10-18 18:03:01,093] {_universal.py:504} INFO - Response status: 201
Response headers:
    'Content-Length': '0'
    'Content-MD5': 'REDACTED'
    'Last-Modified': 'Tue, 18 Oct 2022 18:03:01 GMT'
    'ETag': '"0x8DAB132FEF43A6D"'
    'Server': 'Windows-Azure-Blob/1.0 Microsoft-HTTPAPI/2.0'
    'x-ms-request-id': 'c9849fb6-d01e-0072-4e1b-e3b848000000'
    'x-ms-client-request-id': '1aaa681c-4f0f-11ed-8777-0242bebc0005'
    'x-ms-version': 'REDACTED'
    'x-ms-content-crc64': 'REDACTED'
    'x-ms-request-server-encrypted': 'REDACTED'
    'Date': 'Tue, 18 Oct 2022 18:03:00 GMT'
[2022-10-18 18:03:01,095] {_universal.py:473} INFO - Request URL: 'https://atacananews.blob.core.windows.net/atacana-blob-container/lung-cancer/clinical-trials/20221018/atezolizumab/lung-cancer_clinical-trials_20221018_atezolizumab_NCT05510427.json'
Request method: 'PUT'
Request headers:
    'Content-Length': '709'
    'x-ms-blob-type': 'REDACTED'
    'x-ms-version': 'REDACTED'
    'Content-Type': 'application/octet-stream'
    'Accept': 'application/xml'
    'User-Agent': 'azsdk-python-storage-blob/12.13.1 Python/3.8.15 (Linux-5.10.124-linuxkit-aarch64-with-glibc2.17)'
    'x-ms-date': 'REDACTED'
    'x-ms-client-request-id': '1acad39a-4f0f-11ed-8777-0242bebc0005'
    'Authorization': 'REDACTED'
A body is sent with the request
[2022-10-18 18:03:01,315] {_universal.py:504} INFO - Response status: 201
Response headers:
    'Content-Length': '0'
    'Content-MD5': 'REDACTED'
    'Last-Modified': 'Tue, 18 Oct 2022 18:03:01 GMT'
    'ETag': '"0x8DAB132FF15A04F"'
    'Server': 'Windows-Azure-Blob/1.0 Microsoft-HTTPAPI/2.0'
    'x-ms-request-id': 'c984a0f4-d01e-0072-671b-e3b848000000'
    'x-ms-client-request-id': '1acad39a-4f0f-11ed-8777-0242bebc0005'
    'x-ms-version': 'REDACTED'
    'x-ms-content-crc64': 'REDACTED'
    'x-ms-request-server-encrypted': 'REDACTED'
    'Date': 'Tue, 18 Oct 2022 18:03:00 GMT'
[2022-10-18 18:03:01,318] {_universal.py:473} INFO - Request URL: 'https://atacananews.blob.core.windows.net/atacana-blob-container/lung-cancer/clinical-trials/20221018/atezolizumab/lung-cancer_clinical-trials_20221018_atezolizumab_NCT05487235.json'
Request method: 'PUT'
Request headers:
    'Content-Length': '675'
    'x-ms-blob-type': 'REDACTED'
    'x-ms-version': 'REDACTED'
    'Content-Type': 'application/octet-stream'
    'Accept': 'application/xml'
    'User-Agent': 'azsdk-python-storage-blob/12.13.1 Python/3.8.15 (Linux-5.10.124-linuxkit-aarch64-with-glibc2.17)'
    'x-ms-date': 'REDACTED'
    'x-ms-client-request-id': '1aecc4fa-4f0f-11ed-8777-0242bebc0005'
    'Authorization': 'REDACTED'
A body is sent with the request
[2022-10-18 18:03:01,507] {_universal.py:504} INFO - Response status: 201
Response headers:
    'Content-Length': '0'
    'Content-MD5': 'REDACTED'
    'Last-Modified': 'Tue, 18 Oct 2022 18:03:01 GMT'
    'ETag': '"0x8DAB132FF372D14"'
    'Server': 'Windows-Azure-Blob/1.0 Microsoft-HTTPAPI/2.0'
    'x-ms-request-id': 'c984a1ec-d01e-0072-411b-e3b848000000'
    'x-ms-client-request-id': '1aecc4fa-4f0f-11ed-8777-0242bebc0005'
    'x-ms-version': 'REDACTED'
    'x-ms-content-crc64': 'REDACTED'
    'x-ms-request-server-encrypted': 'REDACTED'
    'Date': 'Tue, 18 Oct 2022 18:03:00 GMT'
[2022-10-18 18:03:01,509] {_universal.py:473} INFO - Request URL: 'https://atacananews.blob.core.windows.net/atacana-blob-container/lung-cancer/clinical-trials/20221018/atezolizumab/lung-cancer_clinical-trials_20221018_atezolizumab_NCT05528952.json'
Request method: 'PUT'
Request headers:
    'Content-Length': '733'
    'x-ms-blob-type': 'REDACTED'
    'x-ms-version': 'REDACTED'
    'Content-Type': 'application/octet-stream'
    'Accept': 'application/xml'
    'User-Agent': 'azsdk-python-storage-blob/12.13.1 Python/3.8.15 (Linux-5.10.124-linuxkit-aarch64-with-glibc2.17)'
    'x-ms-date': 'REDACTED'
    'x-ms-client-request-id': '1b09fc3c-4f0f-11ed-8777-0242bebc0005'
    'Authorization': 'REDACTED'
A body is sent with the request
[2022-10-18 18:03:01,701] {_universal.py:504} INFO - Response status: 201
Response headers:
    'Content-Length': '0'
    'Content-MD5': 'REDACTED'
    'Last-Modified': 'Tue, 18 Oct 2022 18:03:01 GMT'
    'ETag': '"0x8DAB132FF54C2E7"'
    'Server': 'Windows-Azure-Blob/1.0 Microsoft-HTTPAPI/2.0'
    'x-ms-request-id': 'c984a2e7-d01e-0072-2d1b-e3b848000000'
    'x-ms-client-request-id': '1b09fc3c-4f0f-11ed-8777-0242bebc0005'
    'x-ms-version': 'REDACTED'
    'x-ms-content-crc64': 'REDACTED'
    'x-ms-request-server-encrypted': 'REDACTED'
    'Date': 'Tue, 18 Oct 2022 18:03:01 GMT'
[2022-10-18 18:03:01,704] {_universal.py:473} INFO - Request URL: 'https://atacananews.blob.core.windows.net/atacana-blob-container/lung-cancer/clinical-trials/20221018/atezolizumab/lung-cancer_clinical-trials_20221018_atezolizumab_NCT05581004.json'
Request method: 'PUT'
Request headers:
    'Content-Length': '819'
    'x-ms-blob-type': 'REDACTED'
    'x-ms-version': 'REDACTED'
    'Content-Type': 'application/octet-stream'
    'Accept': 'application/xml'
    'User-Agent': 'azsdk-python-storage-blob/12.13.1 Python/3.8.15 (Linux-5.10.124-linuxkit-aarch64-with-glibc2.17)'
    'x-ms-date': 'REDACTED'
    'x-ms-client-request-id': '1b27c032-4f0f-11ed-8777-0242bebc0005'
    'Authorization': 'REDACTED'
A body is sent with the request
[2022-10-18 18:03:01,896] {_universal.py:504} INFO - Response status: 201
Response headers:
    'Content-Length': '0'
    'Content-MD5': 'REDACTED'
    'Last-Modified': 'Tue, 18 Oct 2022 18:03:01 GMT'
    'ETag': '"0x8DAB132FF720AA5"'
    'Server': 'Windows-Azure-Blob/1.0 Microsoft-HTTPAPI/2.0'
    'x-ms-request-id': 'c984a3d5-d01e-0072-091b-e3b848000000'
    'x-ms-client-request-id': '1b27c032-4f0f-11ed-8777-0242bebc0005'
    'x-ms-version': 'REDACTED'
    'x-ms-content-crc64': 'REDACTED'
    'x-ms-request-server-encrypted': 'REDACTED'
    'Date': 'Tue, 18 Oct 2022 18:03:01 GMT'
[2022-10-18 18:03:01,903] {_universal.py:473} INFO - Request URL: 'https://atacananews.blob.core.windows.net/atacana-blob-container/lung-cancer/clinical-trials/20221018/atezolizumab/lung-cancer_clinical-trials_20221018_atezolizumab_NCT05468359.json'
Request method: 'PUT'
Request headers:
    'Content-Length': '740'
    'x-ms-blob-type': 'REDACTED'
    'x-ms-version': 'REDACTED'
    'Content-Type': 'application/octet-stream'
    'Accept': 'application/xml'
    'User-Agent': 'azsdk-python-storage-blob/12.13.1 Python/3.8.15 (Linux-5.10.124-linuxkit-aarch64-with-glibc2.17)'
    'x-ms-date': 'REDACTED'
    'x-ms-client-request-id': '1b460fce-4f0f-11ed-8777-0242bebc0005'
    'Authorization': 'REDACTED'
A body is sent with the request
[2022-10-18 18:03:02,092] {_universal.py:504} INFO - Response status: 201
Response headers:
    'Content-Length': '0'
    'Content-MD5': 'REDACTED'
    'Last-Modified': 'Tue, 18 Oct 2022 18:03:02 GMT'
    'ETag': '"0x8DAB132FF9063AE"'
    'Server': 'Windows-Azure-Blob/1.0 Microsoft-HTTPAPI/2.0'
    'x-ms-request-id': 'c984a4ba-d01e-0072-5e1b-e3b848000000'
    'x-ms-client-request-id': '1b460fce-4f0f-11ed-8777-0242bebc0005'
    'x-ms-version': 'REDACTED'
    'x-ms-content-crc64': 'REDACTED'
    'x-ms-request-server-encrypted': 'REDACTED'
    'Date': 'Tue, 18 Oct 2022 18:03:01 GMT'
[2022-10-18 18:03:02,097] {_universal.py:473} INFO - Request URL: 'https://atacananews.blob.core.windows.net/atacana-blob-container/lung-cancer/clinical-trials/20221018/atezolizumab/lung-cancer_clinical-trials_20221018_atezolizumab_NCT05488522.json'
Request method: 'PUT'
Request headers:
    'Content-Length': '539'
    'x-ms-blob-type': 'REDACTED'
    'x-ms-version': 'REDACTED'
    'Content-Type': 'application/octet-stream'
    'Accept': 'application/xml'
    'User-Agent': 'azsdk-python-storage-blob/12.13.1 Python/3.8.15 (Linux-5.10.124-linuxkit-aarch64-with-glibc2.17)'
    'x-ms-date': 'REDACTED'
    'x-ms-client-request-id': '1b639cc4-4f0f-11ed-8777-0242bebc0005'
    'Authorization': 'REDACTED'
A body is sent with the request
[2022-10-18 18:03:02,290] {_universal.py:504} INFO - Response status: 201
Response headers:
    'Content-Length': '0'
    'Content-MD5': 'REDACTED'
    'Last-Modified': 'Tue, 18 Oct 2022 18:03:02 GMT'
    'ETag': '"0x8DAB132FFAE478B"'
    'Server': 'Windows-Azure-Blob/1.0 Microsoft-HTTPAPI/2.0'
    'x-ms-request-id': 'c984a5c7-d01e-0072-5b1b-e3b848000000'
    'x-ms-client-request-id': '1b639cc4-4f0f-11ed-8777-0242bebc0005'
    'x-ms-version': 'REDACTED'
    'x-ms-content-crc64': 'REDACTED'
    'x-ms-request-server-encrypted': 'REDACTED'
    'Date': 'Tue, 18 Oct 2022 18:03:01 GMT'
[2022-10-18 18:03:02,295] {_universal.py:473} INFO - Request URL: 'https://atacananews.blob.core.windows.net/atacana-blob-container/lung-cancer/clinical-trials/20221018/atezolizumab/lung-cancer_clinical-trials_20221018_atezolizumab_NCT05468489.json'
Request method: 'PUT'
Request headers:
    'Content-Length': '665'
    'x-ms-blob-type': 'REDACTED'
    'x-ms-version': 'REDACTED'
    'Content-Type': 'application/octet-stream'
    'Accept': 'application/xml'
    'User-Agent': 'azsdk-python-storage-blob/12.13.1 Python/3.8.15 (Linux-5.10.124-linuxkit-aarch64-with-glibc2.17)'
    'x-ms-date': 'REDACTED'
    'x-ms-client-request-id': '1b81dfd6-4f0f-11ed-8777-0242bebc0005'
    'Authorization': 'REDACTED'
A body is sent with the request
[2022-10-18 18:03:02,491] {_universal.py:504} INFO - Response status: 201
Response headers:
    'Content-Length': '0'
    'Content-MD5': 'REDACTED'
    'Last-Modified': 'Tue, 18 Oct 2022 18:03:02 GMT'
    'ETag': '"0x8DAB132FFCCEEA1"'
    'Server': 'Windows-Azure-Blob/1.0 Microsoft-HTTPAPI/2.0'
    'x-ms-request-id': 'c984a6b3-d01e-0072-321b-e3b848000000'
    'x-ms-client-request-id': '1b81dfd6-4f0f-11ed-8777-0242bebc0005'
    'x-ms-version': 'REDACTED'
    'x-ms-content-crc64': 'REDACTED'
    'x-ms-request-server-encrypted': 'REDACTED'
    'Date': 'Tue, 18 Oct 2022 18:03:01 GMT'
[2022-10-18 18:03:02,495] {_universal.py:473} INFO - Request URL: 'https://atacananews.blob.core.windows.net/atacana-blob-container/lung-cancer/clinical-trials/20221018/atezolizumab/lung-cancer_clinical-trials_20221018_atezolizumab_NCT05537402.json'
Request method: 'PUT'
Request headers:
    'Content-Length': '692'
    'x-ms-blob-type': 'REDACTED'
    'x-ms-version': 'REDACTED'
    'Content-Type': 'application/octet-stream'
    'Accept': 'application/xml'
    'User-Agent': 'azsdk-python-storage-blob/12.13.1 Python/3.8.15 (Linux-5.10.124-linuxkit-aarch64-with-glibc2.17)'
    'x-ms-date': 'REDACTED'
    'x-ms-client-request-id': '1ba06d66-4f0f-11ed-8777-0242bebc0005'
    'Authorization': 'REDACTED'
A body is sent with the request
[2022-10-18 18:03:02,688] {_universal.py:504} INFO - Response status: 201
Response headers:
    'Content-Length': '0'
    'Content-MD5': 'REDACTED'
    'Last-Modified': 'Tue, 18 Oct 2022 18:03:02 GMT'
    'ETag': '"0x8DAB132FFEB47B5"'
    'Server': 'Windows-Azure-Blob/1.0 Microsoft-HTTPAPI/2.0'
    'x-ms-request-id': 'c984a7bc-d01e-0072-2f1b-e3b848000000'
    'x-ms-client-request-id': '1ba06d66-4f0f-11ed-8777-0242bebc0005'
    'x-ms-version': 'REDACTED'
    'x-ms-content-crc64': 'REDACTED'
    'x-ms-request-server-encrypted': 'REDACTED'
    'Date': 'Tue, 18 Oct 2022 18:03:02 GMT'
[2022-10-18 18:03:02,694] {_universal.py:473} INFO - Request URL: 'https://atacananews.blob.core.windows.net/atacana-blob-container/lung-cancer/clinical-trials/20221018/atezolizumab/lung-cancer_clinical-trials_20221018_atezolizumab_NCT05492123.json'
Request method: 'PUT'
Request headers:
    'Content-Length': '650'
    'x-ms-blob-type': 'REDACTED'
    'x-ms-version': 'REDACTED'
    'Content-Type': 'application/octet-stream'
    'Accept': 'application/xml'
    'User-Agent': 'azsdk-python-storage-blob/12.13.1 Python/3.8.15 (Linux-5.10.124-linuxkit-aarch64-with-glibc2.17)'
    'x-ms-date': 'REDACTED'
    'x-ms-client-request-id': '1bbeaa7e-4f0f-11ed-8777-0242bebc0005'
    'Authorization': 'REDACTED'
A body is sent with the request
[2022-10-18 18:03:02,886] {_universal.py:504} INFO - Response status: 201
Response headers:
    'Content-Length': '0'
    'Content-MD5': 'REDACTED'
    'Last-Modified': 'Tue, 18 Oct 2022 18:03:02 GMT'
    'ETag': '"0x8DAB1330009C7B5"'
    'Server': 'Windows-Azure-Blob/1.0 Microsoft-HTTPAPI/2.0'
    'x-ms-request-id': 'c984a8f0-d01e-0072-4d1b-e3b848000000'
    'x-ms-client-request-id': '1bbeaa7e-4f0f-11ed-8777-0242bebc0005'
    'x-ms-version': 'REDACTED'
    'x-ms-content-crc64': 'REDACTED'
    'x-ms-request-server-encrypted': 'REDACTED'
    'Date': 'Tue, 18 Oct 2022 18:03:02 GMT'
[2022-10-18 18:03:02,890] {_universal.py:473} INFO - Request URL: 'https://atacananews.blob.core.windows.net/atacana-blob-container/lung-cancer/clinical-trials/20221018/atezolizumab/lung-cancer_clinical-trials_20221018_atezolizumab_NCT05549297.json'
Request method: 'PUT'
Request headers:
    'Content-Length': '608'
    'x-ms-blob-type': 'REDACTED'
    'x-ms-version': 'REDACTED'
    'Content-Type': 'application/octet-stream'
    'Accept': 'application/xml'
    'User-Agent': 'azsdk-python-storage-blob/12.13.1 Python/3.8.15 (Linux-5.10.124-linuxkit-aarch64-with-glibc2.17)'
    'x-ms-date': 'REDACTED'
    'x-ms-client-request-id': '1bdcb41a-4f0f-11ed-8777-0242bebc0005'
    'Authorization': 'REDACTED'
A body is sent with the request
[2022-10-18 18:03:03,078] {_universal.py:504} INFO - Response status: 201
Response headers:
    'Content-Length': '0'
    'Content-MD5': 'REDACTED'
    'Last-Modified': 'Tue, 18 Oct 2022 18:03:03 GMT'
    'ETag': '"0x8DAB1330026C15F"'
    'Server': 'Windows-Azure-Blob/1.0 Microsoft-HTTPAPI/2.0'
    'x-ms-request-id': 'c984aa14-d01e-0072-5a1b-e3b848000000'
    'x-ms-client-request-id': '1bdcb41a-4f0f-11ed-8777-0242bebc0005'
    'x-ms-version': 'REDACTED'
    'x-ms-content-crc64': 'REDACTED'
    'x-ms-request-server-encrypted': 'REDACTED'
    'Date': 'Tue, 18 Oct 2022 18:03:02 GMT'
[2022-10-18 18:03:03,086] {python.py:173} INFO - Done. Returned value was: None
[2022-10-18 18:03:03,100] {taskinstance.py:1395} INFO - Marking task as SUCCESS. dag_id=clinical_trials__lung_cancer__etl__20220109, task_id=load_data_to_blob_storage_task, map_index=1, execution_date=20221018T160000, start_date=20221018T180258, end_date=20221018T180303
[2022-10-18 18:03:03,159] {local_task_job.py:156} INFO - Task exited with return code 0
[2022-10-18 18:03:03,194] {local_task_job.py:273} INFO - 0 downstream tasks scheduled from follow-on schedule check
