[2022-10-18 20:03:41,280] {taskinstance.py:1159} INFO - Dependencies all met for <TaskInstance: clinical_trials__lung_cancer__etl__20220109.load_data_to_blob_storage_task scheduled__2022-10-18T18:00:00+00:00 map_index=25 [queued]>
[2022-10-18 20:03:41,291] {taskinstance.py:1159} INFO - Dependencies all met for <TaskInstance: clinical_trials__lung_cancer__etl__20220109.load_data_to_blob_storage_task scheduled__2022-10-18T18:00:00+00:00 map_index=25 [queued]>
[2022-10-18 20:03:41,292] {taskinstance.py:1356} INFO - 
--------------------------------------------------------------------------------
[2022-10-18 20:03:41,293] {taskinstance.py:1357} INFO - Starting attempt 1 of 1
[2022-10-18 20:03:41,294] {taskinstance.py:1358} INFO - 
--------------------------------------------------------------------------------
[2022-10-18 20:03:41,301] {taskinstance.py:1377} INFO - Executing <Mapped(_PythonDecoratedOperator): load_data_to_blob_storage_task> on 2022-10-18 18:00:00+00:00
[2022-10-18 20:03:41,307] {standard_task_runner.py:52} INFO - Started process 4923 to run task
[2022-10-18 20:03:41,310] {standard_task_runner.py:79} INFO - Running: ['airflow', 'tasks', 'run', 'clinical_trials__lung_cancer__etl__20220109', 'load_data_to_blob_storage_task', 'scheduled__2022-10-18T18:00:00+00:00', '--job-id', '625', '--raw', '--subdir', 'DAGS_FOLDER/process_news_dags.py', '--cfg-path', '/tmp/tmpb_2u607q', '--map-index', '25', '--error-file', '/tmp/tmpjgxjtstr']
[2022-10-18 20:03:41,326] {standard_task_runner.py:80} INFO - Job 625: Subtask load_data_to_blob_storage_task
[2022-10-18 20:03:41,338] {logging_mixin.py:115} WARNING - /root/.cache/pypoetry/virtualenvs/***-tXitOD5F-py3.8/lib/python3.8/site-packages/airflow/configuration.py:525 DeprecationWarning: The sql_alchemy_conn option in [core] has been moved to the sql_alchemy_conn option in [database] - the old setting has been used, but please update your config.
[2022-10-18 20:03:41,367] {task_command.py:370} INFO - Running <TaskInstance: clinical_trials__lung_cancer__etl__20220109.load_data_to_blob_storage_task scheduled__2022-10-18T18:00:00+00:00 map_index=25 [running]> on host 6cdf6d517dc4
[2022-10-18 20:03:41,419] {taskinstance.py:1569} INFO - Exporting the following env vars:
AIRFLOW_CTX_DAG_EMAIL=wais@datakimia.com,david@datakimia.com,juanm@datakimia.com,tomas@datakimia.com
AIRFLOW_CTX_DAG_OWNER=atacana
AIRFLOW_CTX_DAG_ID=clinical_trials__lung_cancer__etl__20220109
AIRFLOW_CTX_TASK_ID=load_data_to_blob_storage_task
AIRFLOW_CTX_EXECUTION_DATE=2022-10-18T18:00:00+00:00
AIRFLOW_CTX_TRY_NUMBER=1
AIRFLOW_CTX_DAG_RUN_ID=scheduled__2022-10-18T18:00:00+00:00
[2022-10-18 20:03:41,421] {process_news_dag_factory.py:105} INFO - Reading temp file: lung-cancer_clinical-trials_medi4736_20221018-18_df.json
[2022-10-18 20:03:41,439] {helpers.py:114} INFO - Going to save clinical_trials data..
[2022-10-18 20:03:41,440] {helpers.py:115} INFO -                                                title  ...                  updated_at
0  Randomized Trial Comparing Standard of Care Ve...  ...  2022-10-18 20:00:35.067000
1  Ceralasertib Followed by Durvalumab and Nab-pa...  ...  2022-10-18 20:00:35.067000
2  A Phase III Study of Ceralasertib Plus Durvalu...  ...  2022-10-18 20:00:35.067000
3  Lurbinectedin Combined With Durvalumab in Pre-...  ...  2022-10-18 20:00:35.067000
4  Study of Durvalumab Plus Tremelimumab as First...  ...  2022-10-18 20:00:35.067000

[5 rows x 13 columns]
[2022-10-18 20:03:41,449] {helpers.py:116} INFO - Index(['title', 'link', 'id', 'published_at', 'conditions', 'intervention',
       'publisher', 'status', 'source', 'keyword', 'indication',
       'therapeutic_area', 'updated_at'],
      dtype='object')
[2022-10-18 20:03:41,454] {_universal.py:473} INFO - Request URL: 'https://atacananews.blob.core.windows.net/atacana-blob-container/lung-cancer/clinical-trials/20221018/medi4736/lung-cancer_clinical-trials_20221018_medi4736_NCT05568212.json'
Request method: 'PUT'
Request headers:
    'Content-Length': '740'
    'x-ms-blob-type': 'REDACTED'
    'x-ms-version': 'REDACTED'
    'Content-Type': 'application/octet-stream'
    'Accept': 'application/xml'
    'User-Agent': 'azsdk-python-storage-blob/12.13.1 Python/3.8.15 (Linux-5.10.124-linuxkit-aarch64-with-glibc2.17)'
    'x-ms-date': 'REDACTED'
    'x-ms-client-request-id': 'f661e0f0-4f1f-11ed-9196-0242bebc0005'
    'Authorization': 'REDACTED'
A body is sent with the request
[2022-10-18 20:03:42,196] {_universal.py:504} INFO - Response status: 201
Response headers:
    'Content-Length': '0'
    'Content-MD5': 'REDACTED'
    'Last-Modified': 'Tue, 18 Oct 2022 20:03:42 GMT'
    'ETag': '"0x8DAB143DB097D8F"'
    'Server': 'Windows-Azure-Blob/1.0 Microsoft-HTTPAPI/2.0'
    'x-ms-request-id': '0b158e5e-901e-005c-402c-e3ea5f000000'
    'x-ms-client-request-id': 'f661e0f0-4f1f-11ed-9196-0242bebc0005'
    'x-ms-version': 'REDACTED'
    'x-ms-content-crc64': 'REDACTED'
    'x-ms-request-server-encrypted': 'REDACTED'
    'Date': 'Tue, 18 Oct 2022 20:03:41 GMT'
[2022-10-18 20:03:42,198] {_universal.py:473} INFO - Request URL: 'https://atacananews.blob.core.windows.net/atacana-blob-container/lung-cancer/clinical-trials/20221018/medi4736/lung-cancer_clinical-trials_20221018_medi4736_NCT05582538.json'
Request method: 'PUT'
Request headers:
    'Content-Length': '631'
    'x-ms-blob-type': 'REDACTED'
    'x-ms-version': 'REDACTED'
    'Content-Type': 'application/octet-stream'
    'Accept': 'application/xml'
    'User-Agent': 'azsdk-python-storage-blob/12.13.1 Python/3.8.15 (Linux-5.10.124-linuxkit-aarch64-with-glibc2.17)'
    'x-ms-date': 'REDACTED'
    'x-ms-client-request-id': 'f6d36e64-4f1f-11ed-9196-0242bebc0005'
    'Authorization': 'REDACTED'
A body is sent with the request
[2022-10-18 20:03:42,384] {_universal.py:504} INFO - Response status: 201
Response headers:
    'Content-Length': '0'
    'Content-MD5': 'REDACTED'
    'Last-Modified': 'Tue, 18 Oct 2022 20:03:42 GMT'
    'ETag': '"0x8DAB143DB267726"'
    'Server': 'Windows-Azure-Blob/1.0 Microsoft-HTTPAPI/2.0'
    'x-ms-request-id': '0b158f2d-901e-005c-782c-e3ea5f000000'
    'x-ms-client-request-id': 'f6d36e64-4f1f-11ed-9196-0242bebc0005'
    'x-ms-version': 'REDACTED'
    'x-ms-content-crc64': 'REDACTED'
    'x-ms-request-server-encrypted': 'REDACTED'
    'Date': 'Tue, 18 Oct 2022 20:03:41 GMT'
[2022-10-18 20:03:42,387] {_universal.py:473} INFO - Request URL: 'https://atacananews.blob.core.windows.net/atacana-blob-container/lung-cancer/clinical-trials/20221018/medi4736/lung-cancer_clinical-trials_20221018_medi4736_NCT05450692.json'
Request method: 'PUT'
Request headers:
    'Content-Length': '718'
    'x-ms-blob-type': 'REDACTED'
    'x-ms-version': 'REDACTED'
    'Content-Type': 'application/octet-stream'
    'Accept': 'application/xml'
    'User-Agent': 'azsdk-python-storage-blob/12.13.1 Python/3.8.15 (Linux-5.10.124-linuxkit-aarch64-with-glibc2.17)'
    'x-ms-date': 'REDACTED'
    'x-ms-client-request-id': 'f6f02d9c-4f1f-11ed-9196-0242bebc0005'
    'Authorization': 'REDACTED'
A body is sent with the request
[2022-10-18 20:03:42,574] {_universal.py:504} INFO - Response status: 201
Response headers:
    'Content-Length': '0'
    'Content-MD5': 'REDACTED'
    'Last-Modified': 'Tue, 18 Oct 2022 20:03:42 GMT'
    'ETag': '"0x8DAB143DB4349D1"'
    'Server': 'Windows-Azure-Blob/1.0 Microsoft-HTTPAPI/2.0'
    'x-ms-request-id': '0b158ffa-901e-005c-3d2c-e3ea5f000000'
    'x-ms-client-request-id': 'f6f02d9c-4f1f-11ed-9196-0242bebc0005'
    'x-ms-version': 'REDACTED'
    'x-ms-content-crc64': 'REDACTED'
    'x-ms-request-server-encrypted': 'REDACTED'
    'Date': 'Tue, 18 Oct 2022 20:03:41 GMT'
[2022-10-18 20:03:42,576] {_universal.py:473} INFO - Request URL: 'https://atacananews.blob.core.windows.net/atacana-blob-container/lung-cancer/clinical-trials/20221018/medi4736/lung-cancer_clinical-trials_20221018_medi4736_NCT05572476.json'
Request method: 'PUT'
Request headers:
    'Content-Length': '751'
    'x-ms-blob-type': 'REDACTED'
    'x-ms-version': 'REDACTED'
    'Content-Type': 'application/octet-stream'
    'Accept': 'application/xml'
    'User-Agent': 'azsdk-python-storage-blob/12.13.1 Python/3.8.15 (Linux-5.10.124-linuxkit-aarch64-with-glibc2.17)'
    'x-ms-date': 'REDACTED'
    'x-ms-client-request-id': 'f70d2294-4f1f-11ed-9196-0242bebc0005'
    'Authorization': 'REDACTED'
A body is sent with the request
[2022-10-18 20:03:42,764] {_universal.py:504} INFO - Response status: 201
Response headers:
    'Content-Length': '0'
    'Content-MD5': 'REDACTED'
    'Last-Modified': 'Tue, 18 Oct 2022 20:03:42 GMT'
    'ETag': '"0x8DAB143DB604379"'
    'Server': 'Windows-Azure-Blob/1.0 Microsoft-HTTPAPI/2.0'
    'x-ms-request-id': '0b1590ad-901e-005c-692c-e3ea5f000000'
    'x-ms-client-request-id': 'f70d2294-4f1f-11ed-9196-0242bebc0005'
    'x-ms-version': 'REDACTED'
    'x-ms-content-crc64': 'REDACTED'
    'x-ms-request-server-encrypted': 'REDACTED'
    'Date': 'Tue, 18 Oct 2022 20:03:42 GMT'
[2022-10-18 20:03:42,768] {_universal.py:473} INFO - Request URL: 'https://atacananews.blob.core.windows.net/atacana-blob-container/lung-cancer/clinical-trials/20221018/medi4736/lung-cancer_clinical-trials_20221018_medi4736_NCT05557838.json'
Request method: 'PUT'
Request headers:
    'Content-Length': '580'
    'x-ms-blob-type': 'REDACTED'
    'x-ms-version': 'REDACTED'
    'Content-Type': 'application/octet-stream'
    'Accept': 'application/xml'
    'User-Agent': 'azsdk-python-storage-blob/12.13.1 Python/3.8.15 (Linux-5.10.124-linuxkit-aarch64-with-glibc2.17)'
    'x-ms-date': 'REDACTED'
    'x-ms-client-request-id': 'f72a6ec6-4f1f-11ed-9196-0242bebc0005'
    'Authorization': 'REDACTED'
A body is sent with the request
[2022-10-18 20:03:42,964] {_universal.py:504} INFO - Response status: 201
Response headers:
    'Content-Length': '0'
    'Content-MD5': 'REDACTED'
    'Last-Modified': 'Tue, 18 Oct 2022 20:03:42 GMT'
    'ETag': '"0x8DAB143DB7DD94B"'
    'Server': 'Windows-Azure-Blob/1.0 Microsoft-HTTPAPI/2.0'
    'x-ms-request-id': '0b159161-901e-005c-0f2c-e3ea5f000000'
    'x-ms-client-request-id': 'f72a6ec6-4f1f-11ed-9196-0242bebc0005'
    'x-ms-version': 'REDACTED'
    'x-ms-content-crc64': 'REDACTED'
    'x-ms-request-server-encrypted': 'REDACTED'
    'Date': 'Tue, 18 Oct 2022 20:03:42 GMT'
[2022-10-18 20:03:42,970] {_universal.py:473} INFO - Request URL: 'https://atacananews.blob.core.windows.net/atacana-blob-container/lung-cancer/clinical-trials/20221018/medi4736/lung-cancer_clinical-trials_20221018_medi4736_NCT05484583.json'
Request method: 'PUT'
Request headers:
    'Content-Length': '778'
    'x-ms-blob-type': 'REDACTED'
    'x-ms-version': 'REDACTED'
    'Content-Type': 'application/octet-stream'
    'Accept': 'application/xml'
    'User-Agent': 'azsdk-python-storage-blob/12.13.1 Python/3.8.15 (Linux-5.10.124-linuxkit-aarch64-with-glibc2.17)'
    'x-ms-date': 'REDACTED'
    'x-ms-client-request-id': 'f74932fc-4f1f-11ed-9196-0242bebc0005'
    'Authorization': 'REDACTED'
A body is sent with the request
[2022-10-18 20:03:43,161] {_universal.py:504} INFO - Response status: 201
Response headers:
    'Content-Length': '0'
    'Content-MD5': 'REDACTED'
    'Last-Modified': 'Tue, 18 Oct 2022 20:03:43 GMT'
    'ETag': '"0x8DAB143DB9CF57C"'
    'Server': 'Windows-Azure-Blob/1.0 Microsoft-HTTPAPI/2.0'
    'x-ms-request-id': '0b15922d-901e-005c-512c-e3ea5f000000'
    'x-ms-client-request-id': 'f74932fc-4f1f-11ed-9196-0242bebc0005'
    'x-ms-version': 'REDACTED'
    'x-ms-content-crc64': 'REDACTED'
    'x-ms-request-server-encrypted': 'REDACTED'
    'Date': 'Tue, 18 Oct 2022 20:03:42 GMT'
[2022-10-18 20:03:43,163] {_universal.py:473} INFO - Request URL: 'https://atacananews.blob.core.windows.net/atacana-blob-container/lung-cancer/clinical-trials/20221018/medi4736/lung-cancer_clinical-trials_20221018_medi4736_NCT05456867.json'
Request method: 'PUT'
Request headers:
    'Content-Length': '568'
    'x-ms-blob-type': 'REDACTED'
    'x-ms-version': 'REDACTED'
    'Content-Type': 'application/octet-stream'
    'Accept': 'application/xml'
    'User-Agent': 'azsdk-python-storage-blob/12.13.1 Python/3.8.15 (Linux-5.10.124-linuxkit-aarch64-with-glibc2.17)'
    'x-ms-date': 'REDACTED'
    'x-ms-client-request-id': 'f766b624-4f1f-11ed-9196-0242bebc0005'
    'Authorization': 'REDACTED'
A body is sent with the request
[2022-10-18 20:03:43,350] {_universal.py:504} INFO - Response status: 201
Response headers:
    'Content-Length': '0'
    'Content-MD5': 'REDACTED'
    'Last-Modified': 'Tue, 18 Oct 2022 20:03:43 GMT'
    'ETag': '"0x8DAB143DBB9A110"'
    'Server': 'Windows-Azure-Blob/1.0 Microsoft-HTTPAPI/2.0'
    'x-ms-request-id': '0b1592d8-901e-005c-742c-e3ea5f000000'
    'x-ms-client-request-id': 'f766b624-4f1f-11ed-9196-0242bebc0005'
    'x-ms-version': 'REDACTED'
    'x-ms-content-crc64': 'REDACTED'
    'x-ms-request-server-encrypted': 'REDACTED'
    'Date': 'Tue, 18 Oct 2022 20:03:42 GMT'
[2022-10-18 20:03:43,352] {_universal.py:473} INFO - Request URL: 'https://atacananews.blob.core.windows.net/atacana-blob-container/lung-cancer/clinical-trials/20221018/medi4736/lung-cancer_clinical-trials_20221018_medi4736_NCT05498155.json'
Request method: 'PUT'
Request headers:
    'Content-Length': '656'
    'x-ms-blob-type': 'REDACTED'
    'x-ms-version': 'REDACTED'
    'Content-Type': 'application/octet-stream'
    'Accept': 'application/xml'
    'User-Agent': 'azsdk-python-storage-blob/12.13.1 Python/3.8.15 (Linux-5.10.124-linuxkit-aarch64-with-glibc2.17)'
    'x-ms-date': 'REDACTED'
    'x-ms-client-request-id': 'f7838786-4f1f-11ed-9196-0242bebc0005'
    'Authorization': 'REDACTED'
A body is sent with the request
[2022-10-18 20:03:43,540] {_universal.py:504} INFO - Response status: 201
Response headers:
    'Content-Length': '0'
    'Content-MD5': 'REDACTED'
    'Last-Modified': 'Tue, 18 Oct 2022 20:03:43 GMT'
    'ETag': '"0x8DAB143DBD6C1C0"'
    'Server': 'Windows-Azure-Blob/1.0 Microsoft-HTTPAPI/2.0'
    'x-ms-request-id': '0b15938c-901e-005c-1c2c-e3ea5f000000'
    'x-ms-client-request-id': 'f7838786-4f1f-11ed-9196-0242bebc0005'
    'x-ms-version': 'REDACTED'
    'x-ms-content-crc64': 'REDACTED'
    'x-ms-request-server-encrypted': 'REDACTED'
    'Date': 'Tue, 18 Oct 2022 20:03:42 GMT'
[2022-10-18 20:03:43,545] {_universal.py:473} INFO - Request URL: 'https://atacananews.blob.core.windows.net/atacana-blob-container/lung-cancer/clinical-trials/20221018/medi4736/lung-cancer_clinical-trials_20221018_medi4736_NCT05514132.json'
Request method: 'PUT'
Request headers:
    'Content-Length': '593'
    'x-ms-blob-type': 'REDACTED'
    'x-ms-version': 'REDACTED'
    'Content-Type': 'application/octet-stream'
    'Accept': 'application/xml'
    'User-Agent': 'azsdk-python-storage-blob/12.13.1 Python/3.8.15 (Linux-5.10.124-linuxkit-aarch64-with-glibc2.17)'
    'x-ms-date': 'REDACTED'
    'x-ms-client-request-id': 'f7a0e3bc-4f1f-11ed-9196-0242bebc0005'
    'Authorization': 'REDACTED'
A body is sent with the request
[2022-10-18 20:03:43,780] {_universal.py:504} INFO - Response status: 201
Response headers:
    'Content-Length': '0'
    'Content-MD5': 'REDACTED'
    'Last-Modified': 'Tue, 18 Oct 2022 20:03:43 GMT'
    'ETag': '"0x8DAB143DBFB8276"'
    'Server': 'Windows-Azure-Blob/1.0 Microsoft-HTTPAPI/2.0'
    'x-ms-request-id': '0b15943f-901e-005c-442c-e3ea5f000000'
    'x-ms-client-request-id': 'f7a0e3bc-4f1f-11ed-9196-0242bebc0005'
    'x-ms-version': 'REDACTED'
    'x-ms-content-crc64': 'REDACTED'
    'x-ms-request-server-encrypted': 'REDACTED'
    'Date': 'Tue, 18 Oct 2022 20:03:43 GMT'
[2022-10-18 20:03:43,782] {_universal.py:473} INFO - Request URL: 'https://atacananews.blob.core.windows.net/atacana-blob-container/lung-cancer/clinical-trials/20221018/medi4736/lung-cancer_clinical-trials_20221018_medi4736_NCT05451043.json'
Request method: 'PUT'
Request headers:
    'Content-Length': '773'
    'x-ms-blob-type': 'REDACTED'
    'x-ms-version': 'REDACTED'
    'Content-Type': 'application/octet-stream'
    'Accept': 'application/xml'
    'User-Agent': 'azsdk-python-storage-blob/12.13.1 Python/3.8.15 (Linux-5.10.124-linuxkit-aarch64-with-glibc2.17)'
    'x-ms-date': 'REDACTED'
    'x-ms-client-request-id': 'f7c50a62-4f1f-11ed-9196-0242bebc0005'
    'Authorization': 'REDACTED'
A body is sent with the request
[2022-10-18 20:03:43,971] {_universal.py:504} INFO - Response status: 201
Response headers:
    'Content-Length': '0'
    'Content-MD5': 'REDACTED'
    'Last-Modified': 'Tue, 18 Oct 2022 20:03:43 GMT'
    'ETag': '"0x8DAB143DC185512"'
    'Server': 'Windows-Azure-Blob/1.0 Microsoft-HTTPAPI/2.0'
    'x-ms-request-id': '0b1594fc-901e-005c-762c-e3ea5f000000'
    'x-ms-client-request-id': 'f7c50a62-4f1f-11ed-9196-0242bebc0005'
    'x-ms-version': 'REDACTED'
    'x-ms-content-crc64': 'REDACTED'
    'x-ms-request-server-encrypted': 'REDACTED'
    'Date': 'Tue, 18 Oct 2022 20:03:43 GMT'
[2022-10-18 20:03:43,974] {python.py:173} INFO - Done. Returned value was: None
[2022-10-18 20:03:43,983] {taskinstance.py:1395} INFO - Marking task as SUCCESS. dag_id=clinical_trials__lung_cancer__etl__20220109, task_id=load_data_to_blob_storage_task, map_index=25, execution_date=20221018T180000, start_date=20221018T200341, end_date=20221018T200343
[2022-10-18 20:03:44,026] {local_task_job.py:156} INFO - Task exited with return code 0
[2022-10-18 20:03:44,068] {local_task_job.py:273} INFO - 0 downstream tasks scheduled from follow-on schedule check
