[2022-10-18 16:10:07,589] {taskinstance.py:1159} INFO - Dependencies all met for <TaskInstance: clinical_trials__lung_cancer__etl__20220109.load_data_to_blob_storage_task scheduled__2022-10-18T14:00:00+00:00 map_index=10 [queued]>
[2022-10-18 16:10:07,598] {taskinstance.py:1159} INFO - Dependencies all met for <TaskInstance: clinical_trials__lung_cancer__etl__20220109.load_data_to_blob_storage_task scheduled__2022-10-18T14:00:00+00:00 map_index=10 [queued]>
[2022-10-18 16:10:07,600] {taskinstance.py:1356} INFO - 
--------------------------------------------------------------------------------
[2022-10-18 16:10:07,601] {taskinstance.py:1357} INFO - Starting attempt 1 of 1
[2022-10-18 16:10:07,602] {taskinstance.py:1358} INFO - 
--------------------------------------------------------------------------------
[2022-10-18 16:10:07,611] {taskinstance.py:1377} INFO - Executing <Mapped(_PythonDecoratedOperator): load_data_to_blob_storage_task> on 2022-10-18 14:00:00+00:00
[2022-10-18 16:10:07,620] {standard_task_runner.py:52} INFO - Started process 843 to run task
[2022-10-18 16:10:07,623] {standard_task_runner.py:79} INFO - Running: ['airflow', 'tasks', 'run', 'clinical_trials__lung_cancer__etl__20220109', 'load_data_to_blob_storage_task', 'scheduled__2022-10-18T14:00:00+00:00', '--job-id', '127', '--raw', '--subdir', 'DAGS_FOLDER/process_news_dags.py', '--cfg-path', '/tmp/tmpdmm7saef', '--map-index', '10', '--error-file', '/tmp/tmp68gebn1n']
[2022-10-18 16:10:07,624] {standard_task_runner.py:80} INFO - Job 127: Subtask load_data_to_blob_storage_task
[2022-10-18 16:10:07,638] {logging_mixin.py:115} WARNING - /root/.cache/pypoetry/virtualenvs/***-tXitOD5F-py3.8/lib/python3.8/site-packages/airflow/configuration.py:525 DeprecationWarning: The sql_alchemy_conn option in [core] has been moved to the sql_alchemy_conn option in [database] - the old setting has been used, but please update your config.
[2022-10-18 16:10:07,670] {task_command.py:370} INFO - Running <TaskInstance: clinical_trials__lung_cancer__etl__20220109.load_data_to_blob_storage_task scheduled__2022-10-18T14:00:00+00:00 map_index=10 [running]> on host 6cdf6d517dc4
[2022-10-18 16:10:07,719] {taskinstance.py:1569} INFO - Exporting the following env vars:
AIRFLOW_CTX_DAG_EMAIL=wais@datakimia.com,david@datakimia.com,juanm@datakimia.com,tomas@datakimia.com
AIRFLOW_CTX_DAG_OWNER=atacana
AIRFLOW_CTX_DAG_ID=clinical_trials__lung_cancer__etl__20220109
AIRFLOW_CTX_TASK_ID=load_data_to_blob_storage_task
AIRFLOW_CTX_EXECUTION_DATE=2022-10-18T14:00:00+00:00
AIRFLOW_CTX_TRY_NUMBER=1
AIRFLOW_CTX_DAG_RUN_ID=scheduled__2022-10-18T14:00:00+00:00
[2022-10-18 16:10:07,722] {process_news_dag_factory.py:105} INFO - Reading temp file: lung-cancer_clinical-trials_durvalumab_20221018-14_df.json
[2022-10-18 16:10:07,739] {helpers.py:114} INFO - Going to save clinical_trials data..
[2022-10-18 16:10:07,740] {helpers.py:115} INFO -                                                title  ...                  updated_at
0  Ceralasertib Followed by Durvalumab and Nab-pa...  ...  2022-10-18 16:07:13.171000
1  A Phase III Study of Ceralasertib Plus Durvalu...  ...  2022-10-18 16:07:13.171000
2  Lurbinectedin Combined With Durvalumab in Pre-...  ...  2022-10-18 16:07:13.171000
3  Study of Durvalumab Plus Tremelimumab as First...  ...  2022-10-18 16:07:13.171000
4  Durvalumab Combined With Consolidation Radioth...  ...  2022-10-18 16:07:13.171000

[5 rows x 13 columns]
[2022-10-18 16:10:07,750] {helpers.py:116} INFO - Index(['title', 'link', 'id', 'published_at', 'conditions', 'intervention',
       'publisher', 'status', 'source', 'keyword', 'indication',
       'therapeutic_area', 'updated_at'],
      dtype='object')
[2022-10-18 16:10:07,754] {_universal.py:473} INFO - Request URL: 'https://atacananews.blob.core.windows.net/atacana-blob-container/lung-cancer/clinical-trials/20221018/durvalumab/lung-cancer_clinical-trials_20221018_durvalumab_NCT05582538.json'
Request method: 'PUT'
Request headers:
    'Content-Length': '635'
    'x-ms-blob-type': 'REDACTED'
    'x-ms-version': 'REDACTED'
    'Content-Type': 'application/octet-stream'
    'Accept': 'application/xml'
    'User-Agent': 'azsdk-python-storage-blob/12.13.1 Python/3.8.15 (Linux-5.10.124-linuxkit-aarch64-with-glibc2.17)'
    'x-ms-date': 'REDACTED'
    'x-ms-client-request-id': '5590f5a0-4eff-11ed-90a2-0242bebc0005'
    'Authorization': 'REDACTED'
A body is sent with the request
[2022-10-18 16:10:08,514] {_universal.py:504} INFO - Response status: 201
Response headers:
    'Content-Length': '0'
    'Content-MD5': 'REDACTED'
    'Last-Modified': 'Tue, 18 Oct 2022 16:10:08 GMT'
    'ETag': '"0x8DAB1233A3743BE"'
    'Server': 'Windows-Azure-Blob/1.0 Microsoft-HTTPAPI/2.0'
    'x-ms-request-id': 'ff0d8959-001e-005e-7e0c-e354e7000000'
    'x-ms-client-request-id': '5590f5a0-4eff-11ed-90a2-0242bebc0005'
    'x-ms-version': 'REDACTED'
    'x-ms-content-crc64': 'REDACTED'
    'x-ms-request-server-encrypted': 'REDACTED'
    'Date': 'Tue, 18 Oct 2022 16:10:07 GMT'
[2022-10-18 16:10:08,516] {_universal.py:473} INFO - Request URL: 'https://atacananews.blob.core.windows.net/atacana-blob-container/lung-cancer/clinical-trials/20221018/durvalumab/lung-cancer_clinical-trials_20221018_durvalumab_NCT05450692.json'
Request method: 'PUT'
Request headers:
    'Content-Length': '722'
    'x-ms-blob-type': 'REDACTED'
    'x-ms-version': 'REDACTED'
    'Content-Type': 'application/octet-stream'
    'Accept': 'application/xml'
    'User-Agent': 'azsdk-python-storage-blob/12.13.1 Python/3.8.15 (Linux-5.10.124-linuxkit-aarch64-with-glibc2.17)'
    'x-ms-date': 'REDACTED'
    'x-ms-client-request-id': '560538ca-4eff-11ed-90a2-0242bebc0005'
    'Authorization': 'REDACTED'
A body is sent with the request
[2022-10-18 16:10:08,702] {_universal.py:504} INFO - Response status: 201
Response headers:
    'Content-Length': '0'
    'Content-MD5': 'REDACTED'
    'Last-Modified': 'Tue, 18 Oct 2022 16:10:08 GMT'
    'ETag': '"0x8DAB1233A543D67"'
    'Server': 'Windows-Azure-Blob/1.0 Microsoft-HTTPAPI/2.0'
    'x-ms-request-id': 'ff0d89f0-001e-005e-0f0c-e354e7000000'
    'x-ms-client-request-id': '560538ca-4eff-11ed-90a2-0242bebc0005'
    'x-ms-version': 'REDACTED'
    'x-ms-content-crc64': 'REDACTED'
    'x-ms-request-server-encrypted': 'REDACTED'
    'Date': 'Tue, 18 Oct 2022 16:10:07 GMT'
[2022-10-18 16:10:08,704] {_universal.py:473} INFO - Request URL: 'https://atacananews.blob.core.windows.net/atacana-blob-container/lung-cancer/clinical-trials/20221018/durvalumab/lung-cancer_clinical-trials_20221018_durvalumab_NCT05572476.json'
Request method: 'PUT'
Request headers:
    'Content-Length': '755'
    'x-ms-blob-type': 'REDACTED'
    'x-ms-version': 'REDACTED'
    'Content-Type': 'application/octet-stream'
    'Accept': 'application/xml'
    'User-Agent': 'azsdk-python-storage-blob/12.13.1 Python/3.8.15 (Linux-5.10.124-linuxkit-aarch64-with-glibc2.17)'
    'x-ms-date': 'REDACTED'
    'x-ms-client-request-id': '5621e416-4eff-11ed-90a2-0242bebc0005'
    'Authorization': 'REDACTED'
A body is sent with the request
[2022-10-18 16:10:08,892] {_universal.py:504} INFO - Response status: 201
Response headers:
    'Content-Length': '0'
    'Content-MD5': 'REDACTED'
    'Last-Modified': 'Tue, 18 Oct 2022 16:10:08 GMT'
    'ETag': '"0x8DAB1233A711005"'
    'Server': 'Windows-Azure-Blob/1.0 Microsoft-HTTPAPI/2.0'
    'x-ms-request-id': 'ff0d8a87-001e-005e-1d0c-e354e7000000'
    'x-ms-client-request-id': '5621e416-4eff-11ed-90a2-0242bebc0005'
    'x-ms-version': 'REDACTED'
    'x-ms-content-crc64': 'REDACTED'
    'x-ms-request-server-encrypted': 'REDACTED'
    'Date': 'Tue, 18 Oct 2022 16:10:08 GMT'
[2022-10-18 16:10:08,896] {_universal.py:473} INFO - Request URL: 'https://atacananews.blob.core.windows.net/atacana-blob-container/lung-cancer/clinical-trials/20221018/durvalumab/lung-cancer_clinical-trials_20221018_durvalumab_NCT05557838.json'
Request method: 'PUT'
Request headers:
    'Content-Length': '584'
    'x-ms-blob-type': 'REDACTED'
    'x-ms-version': 'REDACTED'
    'Content-Type': 'application/octet-stream'
    'Accept': 'application/xml'
    'User-Agent': 'azsdk-python-storage-blob/12.13.1 Python/3.8.15 (Linux-5.10.124-linuxkit-aarch64-with-glibc2.17)'
    'x-ms-date': 'REDACTED'
    'x-ms-client-request-id': '563f3fe8-4eff-11ed-90a2-0242bebc0005'
    'Authorization': 'REDACTED'
A body is sent with the request
[2022-10-18 16:10:09,084] {_universal.py:504} INFO - Response status: 201
Response headers:
    'Content-Length': '0'
    'Content-MD5': 'REDACTED'
    'Last-Modified': 'Tue, 18 Oct 2022 16:10:09 GMT'
    'ETag': '"0x8DAB1233A8EF3FC"'
    'Server': 'Windows-Azure-Blob/1.0 Microsoft-HTTPAPI/2.0'
    'x-ms-request-id': 'ff0d8b10-001e-005e-1a0c-e354e7000000'
    'x-ms-client-request-id': '563f3fe8-4eff-11ed-90a2-0242bebc0005'
    'x-ms-version': 'REDACTED'
    'x-ms-content-crc64': 'REDACTED'
    'x-ms-request-server-encrypted': 'REDACTED'
    'Date': 'Tue, 18 Oct 2022 16:10:08 GMT'
[2022-10-18 16:10:09,089] {_universal.py:473} INFO - Request URL: 'https://atacananews.blob.core.windows.net/atacana-blob-container/lung-cancer/clinical-trials/20221018/durvalumab/lung-cancer_clinical-trials_20221018_durvalumab_NCT05484583.json'
Request method: 'PUT'
Request headers:
    'Content-Length': '782'
    'x-ms-blob-type': 'REDACTED'
    'x-ms-version': 'REDACTED'
    'Content-Type': 'application/octet-stream'
    'Accept': 'application/xml'
    'User-Agent': 'azsdk-python-storage-blob/12.13.1 Python/3.8.15 (Linux-5.10.124-linuxkit-aarch64-with-glibc2.17)'
    'x-ms-date': 'REDACTED'
    'x-ms-client-request-id': '565c970a-4eff-11ed-90a2-0242bebc0005'
    'Authorization': 'REDACTED'
A body is sent with the request
[2022-10-18 16:10:09,284] {_universal.py:504} INFO - Response status: 201
Response headers:
    'Content-Length': '0'
    'Content-MD5': 'REDACTED'
    'Last-Modified': 'Tue, 18 Oct 2022 16:10:09 GMT'
    'ETag': '"0x8DAB1233AAD25F8"'
    'Server': 'Windows-Azure-Blob/1.0 Microsoft-HTTPAPI/2.0'
    'x-ms-request-id': 'ff0d8bcb-001e-005e-460c-e354e7000000'
    'x-ms-client-request-id': '565c970a-4eff-11ed-90a2-0242bebc0005'
    'x-ms-version': 'REDACTED'
    'x-ms-content-crc64': 'REDACTED'
    'x-ms-request-server-encrypted': 'REDACTED'
    'Date': 'Tue, 18 Oct 2022 16:10:08 GMT'
[2022-10-18 16:10:09,287] {_universal.py:473} INFO - Request URL: 'https://atacananews.blob.core.windows.net/atacana-blob-container/lung-cancer/clinical-trials/20221018/durvalumab/lung-cancer_clinical-trials_20221018_durvalumab_NCT05456867.json'
Request method: 'PUT'
Request headers:
    'Content-Length': '572'
    'x-ms-blob-type': 'REDACTED'
    'x-ms-version': 'REDACTED'
    'Content-Type': 'application/octet-stream'
    'Accept': 'application/xml'
    'User-Agent': 'azsdk-python-storage-blob/12.13.1 Python/3.8.15 (Linux-5.10.124-linuxkit-aarch64-with-glibc2.17)'
    'x-ms-date': 'REDACTED'
    'x-ms-client-request-id': '567ae750-4eff-11ed-90a2-0242bebc0005'
    'Authorization': 'REDACTED'
A body is sent with the request
[2022-10-18 16:10:09,479] {_universal.py:504} INFO - Response status: 201
Response headers:
    'Content-Length': '0'
    'Content-MD5': 'REDACTED'
    'Last-Modified': 'Tue, 18 Oct 2022 16:10:09 GMT'
    'ETag': '"0x8DAB1233ACA6DC5"'
    'Server': 'Windows-Azure-Blob/1.0 Microsoft-HTTPAPI/2.0'
    'x-ms-request-id': 'ff0d8c48-001e-005e-390c-e354e7000000'
    'x-ms-client-request-id': '567ae750-4eff-11ed-90a2-0242bebc0005'
    'x-ms-version': 'REDACTED'
    'x-ms-content-crc64': 'REDACTED'
    'x-ms-request-server-encrypted': 'REDACTED'
    'Date': 'Tue, 18 Oct 2022 16:10:08 GMT'
[2022-10-18 16:10:09,483] {_universal.py:473} INFO - Request URL: 'https://atacananews.blob.core.windows.net/atacana-blob-container/lung-cancer/clinical-trials/20221018/durvalumab/lung-cancer_clinical-trials_20221018_durvalumab_NCT05498155.json'
Request method: 'PUT'
Request headers:
    'Content-Length': '660'
    'x-ms-blob-type': 'REDACTED'
    'x-ms-version': 'REDACTED'
    'Content-Type': 'application/octet-stream'
    'Accept': 'application/xml'
    'User-Agent': 'azsdk-python-storage-blob/12.13.1 Python/3.8.15 (Linux-5.10.124-linuxkit-aarch64-with-glibc2.17)'
    'x-ms-date': 'REDACTED'
    'x-ms-client-request-id': '5698b2b2-4eff-11ed-90a2-0242bebc0005'
    'Authorization': 'REDACTED'
A body is sent with the request
[2022-10-18 16:10:09,671] {_universal.py:504} INFO - Response status: 201
Response headers:
    'Content-Length': '0'
    'Content-MD5': 'REDACTED'
    'Last-Modified': 'Tue, 18 Oct 2022 16:10:09 GMT'
    'ETag': '"0x8DAB1233AE878B0"'
    'Server': 'Windows-Azure-Blob/1.0 Microsoft-HTTPAPI/2.0'
    'x-ms-request-id': 'ff0d8cf3-001e-005e-5c0c-e354e7000000'
    'x-ms-client-request-id': '5698b2b2-4eff-11ed-90a2-0242bebc0005'
    'x-ms-version': 'REDACTED'
    'x-ms-content-crc64': 'REDACTED'
    'x-ms-request-server-encrypted': 'REDACTED'
    'Date': 'Tue, 18 Oct 2022 16:10:08 GMT'
[2022-10-18 16:10:09,674] {_universal.py:473} INFO - Request URL: 'https://atacananews.blob.core.windows.net/atacana-blob-container/lung-cancer/clinical-trials/20221018/durvalumab/lung-cancer_clinical-trials_20221018_durvalumab_NCT05514132.json'
Request method: 'PUT'
Request headers:
    'Content-Length': '597'
    'x-ms-blob-type': 'REDACTED'
    'x-ms-version': 'REDACTED'
    'Content-Type': 'application/octet-stream'
    'Accept': 'application/xml'
    'User-Agent': 'azsdk-python-storage-blob/12.13.1 Python/3.8.15 (Linux-5.10.124-linuxkit-aarch64-with-glibc2.17)'
    'x-ms-date': 'REDACTED'
    'x-ms-client-request-id': '56b5e648-4eff-11ed-90a2-0242bebc0005'
    'Authorization': 'REDACTED'
A body is sent with the request
[2022-10-18 16:10:09,858] {_universal.py:504} INFO - Response status: 201
Response headers:
    'Content-Length': '0'
    'Content-MD5': 'REDACTED'
    'Last-Modified': 'Tue, 18 Oct 2022 16:10:09 GMT'
    'ETag': '"0x8DAB1233B04FD3C"'
    'Server': 'Windows-Azure-Blob/1.0 Microsoft-HTTPAPI/2.0'
    'x-ms-request-id': 'ff0d8dae-001e-005e-0b0c-e354e7000000'
    'x-ms-client-request-id': '56b5e648-4eff-11ed-90a2-0242bebc0005'
    'x-ms-version': 'REDACTED'
    'x-ms-content-crc64': 'REDACTED'
    'x-ms-request-server-encrypted': 'REDACTED'
    'Date': 'Tue, 18 Oct 2022 16:10:09 GMT'
[2022-10-18 16:10:09,861] {_universal.py:473} INFO - Request URL: 'https://atacananews.blob.core.windows.net/atacana-blob-container/lung-cancer/clinical-trials/20221018/durvalumab/lung-cancer_clinical-trials_20221018_durvalumab_NCT05568212.json'
Request method: 'PUT'
Request headers:
    'Content-Length': '744'
    'x-ms-blob-type': 'REDACTED'
    'x-ms-version': 'REDACTED'
    'Content-Type': 'application/octet-stream'
    'Accept': 'application/xml'
    'User-Agent': 'azsdk-python-storage-blob/12.13.1 Python/3.8.15 (Linux-5.10.124-linuxkit-aarch64-with-glibc2.17)'
    'x-ms-date': 'REDACTED'
    'x-ms-client-request-id': '56d266c4-4eff-11ed-90a2-0242bebc0005'
    'Authorization': 'REDACTED'
A body is sent with the request
[2022-10-18 16:10:10,054] {_universal.py:504} INFO - Response status: 201
Response headers:
    'Content-Length': '0'
    'Content-MD5': 'REDACTED'
    'Last-Modified': 'Tue, 18 Oct 2022 16:10:10 GMT'
    'ETag': '"0x8DAB1233B221DFA"'
    'Server': 'Windows-Azure-Blob/1.0 Microsoft-HTTPAPI/2.0'
    'x-ms-request-id': 'ff0d8e63-001e-005e-340c-e354e7000000'
    'x-ms-client-request-id': '56d266c4-4eff-11ed-90a2-0242bebc0005'
    'x-ms-version': 'REDACTED'
    'x-ms-content-crc64': 'REDACTED'
    'x-ms-request-server-encrypted': 'REDACTED'
    'Date': 'Tue, 18 Oct 2022 16:10:09 GMT'
[2022-10-18 16:10:10,056] {_universal.py:473} INFO - Request URL: 'https://atacananews.blob.core.windows.net/atacana-blob-container/lung-cancer/clinical-trials/20221018/durvalumab/lung-cancer_clinical-trials_20221018_durvalumab_NCT05451043.json'
Request method: 'PUT'
Request headers:
    'Content-Length': '777'
    'x-ms-blob-type': 'REDACTED'
    'x-ms-version': 'REDACTED'
    'Content-Type': 'application/octet-stream'
    'Accept': 'application/xml'
    'User-Agent': 'azsdk-python-storage-blob/12.13.1 Python/3.8.15 (Linux-5.10.124-linuxkit-aarch64-with-glibc2.17)'
    'x-ms-date': 'REDACTED'
    'x-ms-client-request-id': '56f03708-4eff-11ed-90a2-0242bebc0005'
    'Authorization': 'REDACTED'
A body is sent with the request
[2022-10-18 16:10:10,244] {_universal.py:504} INFO - Response status: 201
Response headers:
    'Content-Length': '0'
    'Content-MD5': 'REDACTED'
    'Last-Modified': 'Tue, 18 Oct 2022 16:10:10 GMT'
    'ETag': '"0x8DAB1233B3FB3D7"'
    'Server': 'Windows-Azure-Blob/1.0 Microsoft-HTTPAPI/2.0'
    'x-ms-request-id': 'ff0d8f31-001e-005e-750c-e354e7000000'
    'x-ms-client-request-id': '56f03708-4eff-11ed-90a2-0242bebc0005'
    'x-ms-version': 'REDACTED'
    'x-ms-content-crc64': 'REDACTED'
    'x-ms-request-server-encrypted': 'REDACTED'
    'Date': 'Tue, 18 Oct 2022 16:10:09 GMT'
[2022-10-18 16:10:10,248] {python.py:173} INFO - Done. Returned value was: None
[2022-10-18 16:10:10,258] {taskinstance.py:1395} INFO - Marking task as SUCCESS. dag_id=clinical_trials__lung_cancer__etl__20220109, task_id=load_data_to_blob_storage_task, map_index=10, execution_date=20221018T140000, start_date=20221018T161007, end_date=20221018T161010
[2022-10-18 16:10:10,283] {local_task_job.py:156} INFO - Task exited with return code 0
[2022-10-18 16:10:10,322] {local_task_job.py:273} INFO - 0 downstream tasks scheduled from follow-on schedule check
