[2022-10-18 18:01:23,218] {taskinstance.py:1159} INFO - Dependencies all met for <TaskInstance: clinical_trials__lung_cancer__etl__20220109.get_data_task scheduled__2022-10-18T16:00:00+00:00 map_index=60 [queued]>
[2022-10-18 18:01:23,227] {taskinstance.py:1159} INFO - Dependencies all met for <TaskInstance: clinical_trials__lung_cancer__etl__20220109.get_data_task scheduled__2022-10-18T16:00:00+00:00 map_index=60 [queued]>
[2022-10-18 18:01:23,228] {taskinstance.py:1356} INFO - 
--------------------------------------------------------------------------------
[2022-10-18 18:01:23,229] {taskinstance.py:1357} INFO - Starting attempt 1 of 1
[2022-10-18 18:01:23,230] {taskinstance.py:1358} INFO - 
--------------------------------------------------------------------------------
[2022-10-18 18:01:23,239] {taskinstance.py:1377} INFO - Executing <Mapped(_PythonDecoratedOperator): get_data_task> on 2022-10-18 16:00:00+00:00
[2022-10-18 18:01:23,243] {standard_task_runner.py:52} INFO - Started process 2644 to run task
[2022-10-18 18:01:23,247] {standard_task_runner.py:79} INFO - Running: ['airflow', 'tasks', 'run', 'clinical_trials__lung_cancer__etl__20220109', 'get_data_task', 'scheduled__2022-10-18T16:00:00+00:00', '--job-id', '317', '--raw', '--subdir', 'DAGS_FOLDER/process_news_dags.py', '--cfg-path', '/tmp/tmpx5f9uzml', '--map-index', '60', '--error-file', '/tmp/tmpusi_9shd']
[2022-10-18 18:01:23,249] {standard_task_runner.py:80} INFO - Job 317: Subtask get_data_task
[2022-10-18 18:01:23,262] {logging_mixin.py:115} WARNING - /root/.cache/pypoetry/virtualenvs/***-tXitOD5F-py3.8/lib/python3.8/site-packages/airflow/configuration.py:525 DeprecationWarning: The sql_alchemy_conn option in [core] has been moved to the sql_alchemy_conn option in [database] - the old setting has been used, but please update your config.
[2022-10-18 18:01:23,294] {task_command.py:370} INFO - Running <TaskInstance: clinical_trials__lung_cancer__etl__20220109.get_data_task scheduled__2022-10-18T16:00:00+00:00 map_index=60 [running]> on host 6cdf6d517dc4
[2022-10-18 18:01:23,340] {taskinstance.py:1569} INFO - Exporting the following env vars:
AIRFLOW_CTX_DAG_EMAIL=wais@datakimia.com,david@datakimia.com,juanm@datakimia.com,tomas@datakimia.com
AIRFLOW_CTX_DAG_OWNER=atacana
AIRFLOW_CTX_DAG_ID=clinical_trials__lung_cancer__etl__20220109
AIRFLOW_CTX_TASK_ID=get_data_task
AIRFLOW_CTX_EXECUTION_DATE=2022-10-18T16:00:00+00:00
AIRFLOW_CTX_TRY_NUMBER=1
AIRFLOW_CTX_DAG_RUN_ID=scheduled__2022-10-18T16:00:00+00:00
[2022-10-18 18:01:23,343] {process_news_dag_factory.py:57} INFO - Extracting data for indication: Lung Cancer, source: clinical_trials, TA: Oncology, keyword: SCH-900475 
[2022-10-18 18:01:23,344] {extract.py:30} INFO - Going to extract clinicaltrials data about keyword SCH-900475
[2022-10-18 18:01:24,361] {process_news_dag_factory.py:66} INFO - Skipping... No new news articles found for clinical_trials-SCH-900475
[2022-10-18 18:01:24,369] {taskinstance.py:1395} INFO - Marking task as SKIPPED. dag_id=clinical_trials__lung_cancer__etl__20220109, task_id=get_data_task, map_index=60, execution_date=20221018T160000, start_date=20221018T180123, end_date=20221018T180124
[2022-10-18 18:01:24,424] {local_task_job.py:156} INFO - Task exited with return code 0
[2022-10-18 18:01:24,491] {local_task_job.py:273} INFO - 0 downstream tasks scheduled from follow-on schedule check
