[2022-10-18 22:04:37,254] {taskinstance.py:1159} INFO - Dependencies all met for <TaskInstance: clinical_trials__lung_cancer__etl__20220109.load_data_to_mongodb_task scheduled__2022-10-18T20:00:00+00:00 map_index=51 [queued]>
[2022-10-18 22:04:37,265] {taskinstance.py:1159} INFO - Dependencies all met for <TaskInstance: clinical_trials__lung_cancer__etl__20220109.load_data_to_mongodb_task scheduled__2022-10-18T20:00:00+00:00 map_index=51 [queued]>
[2022-10-18 22:04:37,266] {taskinstance.py:1356} INFO - 
--------------------------------------------------------------------------------
[2022-10-18 22:04:37,267] {taskinstance.py:1357} INFO - Starting attempt 1 of 1
[2022-10-18 22:04:37,268] {taskinstance.py:1358} INFO - 
--------------------------------------------------------------------------------
[2022-10-18 22:04:37,275] {taskinstance.py:1377} INFO - Executing <Mapped(_PythonDecoratedOperator): load_data_to_mongodb_task> on 2022-10-18 20:00:00+00:00
[2022-10-18 22:04:37,281] {standard_task_runner.py:52} INFO - Started process 6934 to run task
[2022-10-18 22:04:37,284] {standard_task_runner.py:79} INFO - Running: ['airflow', 'tasks', 'run', 'clinical_trials__lung_cancer__etl__20220109', 'load_data_to_mongodb_task', 'scheduled__2022-10-18T20:00:00+00:00', '--job-id', '883', '--raw', '--subdir', 'DAGS_FOLDER/process_news_dags.py', '--cfg-path', '/tmp/tmpfq5yew2s', '--map-index', '51', '--error-file', '/tmp/tmpo347qc8n']
[2022-10-18 22:04:37,285] {standard_task_runner.py:80} INFO - Job 883: Subtask load_data_to_mongodb_task
[2022-10-18 22:04:37,297] {logging_mixin.py:115} WARNING - /root/.cache/pypoetry/virtualenvs/***-tXitOD5F-py3.8/lib/python3.8/site-packages/airflow/configuration.py:525 DeprecationWarning: The sql_alchemy_conn option in [core] has been moved to the sql_alchemy_conn option in [database] - the old setting has been used, but please update your config.
[2022-10-18 22:04:37,325] {task_command.py:370} INFO - Running <TaskInstance: clinical_trials__lung_cancer__etl__20220109.load_data_to_mongodb_task scheduled__2022-10-18T20:00:00+00:00 map_index=51 [running]> on host 6cdf6d517dc4
[2022-10-18 22:04:37,401] {taskinstance.py:1569} INFO - Exporting the following env vars:
AIRFLOW_CTX_DAG_EMAIL=wais@datakimia.com,david@datakimia.com,juanm@datakimia.com,tomas@datakimia.com
AIRFLOW_CTX_DAG_OWNER=atacana
AIRFLOW_CTX_DAG_ID=clinical_trials__lung_cancer__etl__20220109
AIRFLOW_CTX_TASK_ID=load_data_to_mongodb_task
AIRFLOW_CTX_EXECUTION_DATE=2022-10-18T20:00:00+00:00
AIRFLOW_CTX_TRY_NUMBER=1
AIRFLOW_CTX_DAG_RUN_ID=scheduled__2022-10-18T20:00:00+00:00
[2022-10-18 22:04:37,403] {process_news_dag_factory.py:128} INFO - Going to load data from clinical_trials about topic RG-7446
[2022-10-18 22:04:37,423] {db_helpers.py:35} INFO - Connected successfully!!!
[2022-10-18 22:04:37,427] {_universal.py:476} INFO - Request URL: 'https://atacananews.blob.core.windows.net/atacana-blob-container?restype=REDACTED&comp=REDACTED&prefix=REDACTED&delimiter=REDACTED'
Request method: 'GET'
Request headers:
    'x-ms-version': 'REDACTED'
    'Accept': 'application/xml'
    'User-Agent': 'azsdk-python-storage-blob/12.13.1 Python/3.8.15 (Linux-5.10.124-linuxkit-aarch64-with-glibc2.17)'
    'x-ms-date': 'REDACTED'
    'x-ms-client-request-id': 'db476ef0-4f30-11ed-86e7-0242bebc0005'
    'Authorization': 'REDACTED'
No body was attached to the request
[2022-10-18 22:04:38,344] {_universal.py:504} INFO - Response status: 200
Response headers:
    'Transfer-Encoding': 'chunked'
    'Content-Type': 'application/xml'
    'Server': 'Windows-Azure-Blob/1.0 Microsoft-HTTPAPI/2.0'
    'x-ms-request-id': '7eb393b9-701e-0036-403d-e33277000000'
    'x-ms-client-request-id': 'db476ef0-4f30-11ed-86e7-0242bebc0005'
    'x-ms-version': 'REDACTED'
    'Date': 'Tue, 18 Oct 2022 22:04:37 GMT'
[2022-10-18 22:04:38,353] {_universal.py:476} INFO - Request URL: 'https://atacananews.blob.core.windows.net/atacana-blob-container/lung-cancer/clinical-trials/20221018/rg-7446/lung-cancer_clinical-trials_20221018_rg-7446_NCT05468359.json'
Request method: 'GET'
Request headers:
    'x-ms-range': 'REDACTED'
    'x-ms-version': 'REDACTED'
    'Accept': 'application/xml'
    'User-Agent': 'azsdk-python-storage-blob/12.13.1 Python/3.8.15 (Linux-5.10.124-linuxkit-aarch64-with-glibc2.17)'
    'x-ms-date': 'REDACTED'
    'x-ms-client-request-id': 'dbd4c3fe-4f30-11ed-86e7-0242bebc0005'
    'Authorization': 'REDACTED'
No body was attached to the request
[2022-10-18 22:04:38,543] {_universal.py:504} INFO - Response status: 206
Response headers:
    'Content-Length': '730'
    'Content-Type': 'application/octet-stream'
    'Content-Range': 'REDACTED'
    'Last-Modified': 'Tue, 18 Oct 2022 22:03:27 GMT'
    'Accept-Ranges': 'REDACTED'
    'ETag': '"0x8DAB15495CD12A8"'
    'Server': 'Windows-Azure-Blob/1.0 Microsoft-HTTPAPI/2.0'
    'x-ms-request-id': '7eb395cd-701e-0036-343d-e33277000000'
    'x-ms-client-request-id': 'dbd4c3fe-4f30-11ed-86e7-0242bebc0005'
    'x-ms-version': 'REDACTED'
    'x-ms-creation-time': 'REDACTED'
    'x-ms-blob-content-md5': 'REDACTED'
    'x-ms-lease-status': 'REDACTED'
    'x-ms-lease-state': 'REDACTED'
    'x-ms-blob-type': 'REDACTED'
    'x-ms-server-encrypted': 'REDACTED'
    'Date': 'Tue, 18 Oct 2022 22:04:38 GMT'
[2022-10-18 22:04:38,559] {logging_mixin.py:115} INFO - <class 'pandas.core.frame.DataFrame'>
RangeIndex: 1 entries, 0 to 0
Data columns (total 13 columns):
 #   Column            Non-Null Count  Dtype 
---  ------            --------------  ----- 
 0   title             1 non-null      object
 1   link              1 non-null      object
 2   id                1 non-null      object
 3   published_at      1 non-null      object
 4   conditions        1 non-null      object
 5   intervention      1 non-null      object
 6   publisher         1 non-null      object
 7   status            1 non-null      object
 8   source            1 non-null      object
 9   keyword           1 non-null      object
 10  indication        1 non-null      object
 11  therapeutic_area  1 non-null      object
 12  updated_at        1 non-null      object
dtypes: object(13)
memory usage: 232.0+ bytes
[2022-10-18 22:04:38,561] {process_news_dag_factory.py:159} INFO - None
[2022-10-18 22:04:38,564] {process_news_dag_factory.py:167} INFO - {'id': 'NCT05468359', 'source': 'clinical_trials', 'therapeutic_area': 'Oncology', 'indication': 'Lung Cancer', 'keyword': 'RG-7446', 'title': 'Safety and Efficacy of Cyclophosphamide, Sorafenib, Bevacizumab, and Atezolizumab in Pediatric Solid Tumor Patients', 'link': 'https://clinicaltrials.gov/ct2/show/NCT05468359?cond=RG-7446&sfpd_d=100', 'publisher': "St. Jude Children's Research Hospital", 'published_at': '2022-07-21T12:00:00.000Z', 'updated_at': '2022-10-18T22:01:06.364Z', 'atacana_team': None, 'category': None, 'priority': None, 'content': None}
[2022-10-18 22:04:39,783] {_universal.py:476} INFO - Request URL: 'https://atacananews.blob.core.windows.net/atacana-blob-container/lung-cancer/clinical-trials/20221018/rg-7446/lung-cancer_clinical-trials_20221018_rg-7446_NCT05468489.json'
Request method: 'GET'
Request headers:
    'x-ms-range': 'REDACTED'
    'x-ms-version': 'REDACTED'
    'Accept': 'application/xml'
    'User-Agent': 'azsdk-python-storage-blob/12.13.1 Python/3.8.15 (Linux-5.10.124-linuxkit-aarch64-with-glibc2.17)'
    'x-ms-date': 'REDACTED'
    'x-ms-client-request-id': 'dcaef4c0-4f30-11ed-86e7-0242bebc0005'
    'Authorization': 'REDACTED'
No body was attached to the request
[2022-10-18 22:04:40,004] {_universal.py:504} INFO - Response status: 206
Response headers:
    'Content-Length': '655'
    'Content-Type': 'application/octet-stream'
    'Content-Range': 'REDACTED'
    'Last-Modified': 'Tue, 18 Oct 2022 22:03:27 GMT'
    'Accept-Ranges': 'REDACTED'
    'ETag': '"0x8DAB1549609EBB5"'
    'Server': 'Windows-Azure-Blob/1.0 Microsoft-HTTPAPI/2.0'
    'x-ms-request-id': '7eb39f5e-701e-0036-4b3d-e33277000000'
    'x-ms-client-request-id': 'dcaef4c0-4f30-11ed-86e7-0242bebc0005'
    'x-ms-version': 'REDACTED'
    'x-ms-creation-time': 'REDACTED'
    'x-ms-blob-content-md5': 'REDACTED'
    'x-ms-lease-status': 'REDACTED'
    'x-ms-lease-state': 'REDACTED'
    'x-ms-blob-type': 'REDACTED'
    'x-ms-server-encrypted': 'REDACTED'
    'Date': 'Tue, 18 Oct 2022 22:04:39 GMT'
[2022-10-18 22:04:40,025] {logging_mixin.py:115} INFO - <class 'pandas.core.frame.DataFrame'>
RangeIndex: 1 entries, 0 to 0
Data columns (total 13 columns):
 #   Column            Non-Null Count  Dtype 
---  ------            --------------  ----- 
 0   title             1 non-null      object
 1   link              1 non-null      object
 2   id                1 non-null      object
 3   published_at      1 non-null      object
 4   conditions        1 non-null      object
 5   intervention      1 non-null      object
 6   publisher         1 non-null      object
 7   status            1 non-null      object
 8   source            1 non-null      object
 9   keyword           1 non-null      object
 10  indication        1 non-null      object
 11  therapeutic_area  1 non-null      object
 12  updated_at        1 non-null      object
dtypes: object(13)
memory usage: 232.0+ bytes
[2022-10-18 22:04:40,027] {process_news_dag_factory.py:159} INFO - None
[2022-10-18 22:04:40,031] {process_news_dag_factory.py:167} INFO - {'id': 'NCT05468489', 'source': 'clinical_trials', 'therapeutic_area': 'Oncology', 'indication': 'Lung Cancer', 'keyword': 'RG-7446', 'title': 'To Evaluate Efficacy and Safety of HLX10 + Chemotherapy (Carboplatin- Etoposide) in US Patients With ES-SCLC', 'link': 'https://clinicaltrials.gov/ct2/show/NCT05468489?cond=RG-7446&sfpd_d=100', 'publisher': 'Shanghai Henlius Biotech', 'published_at': '2022-07-21T12:00:00.000Z', 'updated_at': '2022-10-18T22:01:06.364Z', 'atacana_team': None, 'category': None, 'priority': None, 'content': None}
[2022-10-18 22:04:40,235] {_universal.py:476} INFO - Request URL: 'https://atacananews.blob.core.windows.net/atacana-blob-container/lung-cancer/clinical-trials/20221018/rg-7446/lung-cancer_clinical-trials_20221018_rg-7446_NCT05470595.json'
Request method: 'GET'
Request headers:
    'x-ms-range': 'REDACTED'
    'x-ms-version': 'REDACTED'
    'Accept': 'application/xml'
    'User-Agent': 'azsdk-python-storage-blob/12.13.1 Python/3.8.15 (Linux-5.10.124-linuxkit-aarch64-with-glibc2.17)'
    'x-ms-date': 'REDACTED'
    'x-ms-client-request-id': 'dcf3f688-4f30-11ed-86e7-0242bebc0005'
    'Authorization': 'REDACTED'
No body was attached to the request
[2022-10-18 22:04:40,419] {_universal.py:504} INFO - Response status: 206
Response headers:
    'Content-Length': '623'
    'Content-Type': 'application/octet-stream'
    'Content-Range': 'REDACTED'
    'Last-Modified': 'Tue, 18 Oct 2022 22:03:26 GMT'
    'Accept-Ranges': 'REDACTED'
    'ETag': '"0x8DAB15494F5219B"'
    'Server': 'Windows-Azure-Blob/1.0 Microsoft-HTTPAPI/2.0'
    'x-ms-request-id': '7eb3a202-701e-0036-553d-e33277000000'
    'x-ms-client-request-id': 'dcf3f688-4f30-11ed-86e7-0242bebc0005'
    'x-ms-version': 'REDACTED'
    'x-ms-creation-time': 'REDACTED'
    'x-ms-blob-content-md5': 'REDACTED'
    'x-ms-lease-status': 'REDACTED'
    'x-ms-lease-state': 'REDACTED'
    'x-ms-blob-type': 'REDACTED'
    'x-ms-server-encrypted': 'REDACTED'
    'Date': 'Tue, 18 Oct 2022 22:04:40 GMT'
[2022-10-18 22:04:40,427] {logging_mixin.py:115} INFO - <class 'pandas.core.frame.DataFrame'>
RangeIndex: 1 entries, 0 to 0
Data columns (total 13 columns):
 #   Column            Non-Null Count  Dtype 
---  ------            --------------  ----- 
 0   title             1 non-null      object
 1   link              1 non-null      object
 2   id                1 non-null      object
 3   published_at      1 non-null      object
 4   conditions        1 non-null      object
 5   intervention      1 non-null      object
 6   publisher         1 non-null      object
 7   status            1 non-null      object
 8   source            1 non-null      object
 9   keyword           1 non-null      object
 10  indication        1 non-null      object
 11  therapeutic_area  1 non-null      object
 12  updated_at        1 non-null      object
dtypes: object(13)
memory usage: 232.0+ bytes
[2022-10-18 22:04:40,429] {process_news_dag_factory.py:159} INFO - None
[2022-10-18 22:04:40,434] {process_news_dag_factory.py:167} INFO - {'id': 'NCT05470595', 'source': 'clinical_trials', 'therapeutic_area': 'Oncology', 'indication': 'Lung Cancer', 'keyword': 'RG-7446', 'title': 'A Single-arm Trial of Atezolizumab/Platinum/Etoposide for the Treatment of Advanced Large-cell Neuroendocrine Cancer of the Lung', 'link': 'https://clinicaltrials.gov/ct2/show/NCT05470595?cond=RG-7446&sfpd_d=100', 'publisher': 'Technische Universität Dresden;   Roche Pharma AG', 'published_at': '2022-07-22T12:00:00.000Z', 'updated_at': '2022-10-18T22:01:06.364Z', 'atacana_team': None, 'category': None, 'priority': None, 'content': None}
[2022-10-18 22:04:40,637] {_universal.py:476} INFO - Request URL: 'https://atacananews.blob.core.windows.net/atacana-blob-container/lung-cancer/clinical-trials/20221018/rg-7446/lung-cancer_clinical-trials_20221018_rg-7446_NCT05483400.json'
Request method: 'GET'
Request headers:
    'x-ms-range': 'REDACTED'
    'x-ms-version': 'REDACTED'
    'Accept': 'application/xml'
    'User-Agent': 'azsdk-python-storage-blob/12.13.1 Python/3.8.15 (Linux-5.10.124-linuxkit-aarch64-with-glibc2.17)'
    'x-ms-date': 'REDACTED'
    'x-ms-client-request-id': 'dd314588-4f30-11ed-86e7-0242bebc0005'
    'Authorization': 'REDACTED'
No body was attached to the request
[2022-10-18 22:04:40,835] {_universal.py:504} INFO - Response status: 206
Response headers:
    'Content-Length': '583'
    'Content-Type': 'application/octet-stream'
    'Content-Range': 'REDACTED'
    'Last-Modified': 'Tue, 18 Oct 2022 22:03:24 GMT'
    'Accept-Ranges': 'REDACTED'
    'ETag': '"0x8DAB154943807AF"'
    'Server': 'Windows-Azure-Blob/1.0 Microsoft-HTTPAPI/2.0'
    'x-ms-request-id': '7eb3a43f-701e-0036-753d-e33277000000'
    'x-ms-client-request-id': 'dd314588-4f30-11ed-86e7-0242bebc0005'
    'x-ms-version': 'REDACTED'
    'x-ms-creation-time': 'REDACTED'
    'x-ms-blob-content-md5': 'REDACTED'
    'x-ms-lease-status': 'REDACTED'
    'x-ms-lease-state': 'REDACTED'
    'x-ms-blob-type': 'REDACTED'
    'x-ms-server-encrypted': 'REDACTED'
    'Date': 'Tue, 18 Oct 2022 22:04:40 GMT'
[2022-10-18 22:04:40,841] {logging_mixin.py:115} INFO - <class 'pandas.core.frame.DataFrame'>
RangeIndex: 1 entries, 0 to 0
Data columns (total 13 columns):
 #   Column            Non-Null Count  Dtype 
---  ------            --------------  ----- 
 0   title             1 non-null      object
 1   link              1 non-null      object
 2   id                1 non-null      object
 3   published_at      1 non-null      object
 4   conditions        1 non-null      object
 5   intervention      1 non-null      object
 6   publisher         1 non-null      object
 7   status            1 non-null      object
 8   source            1 non-null      object
 9   keyword           1 non-null      object
 10  indication        1 non-null      object
 11  therapeutic_area  1 non-null      object
 12  updated_at        1 non-null      object
dtypes: object(13)
memory usage: 232.0+ bytes
[2022-10-18 22:04:40,842] {process_news_dag_factory.py:159} INFO - None
[2022-10-18 22:04:40,845] {process_news_dag_factory.py:167} INFO - {'id': 'NCT05483400', 'source': 'clinical_trials', 'therapeutic_area': 'Oncology', 'indication': 'Lung Cancer', 'keyword': 'RG-7446', 'title': 'Open Label Phase 2 Basket Trial With Atezolizumab and Tiragolumab in Solid Tumors', 'link': 'https://clinicaltrials.gov/ct2/show/NCT05483400?cond=RG-7446&sfpd_d=100', 'publisher': 'University Medical Center Groningen', 'published_at': '2022-08-02T12:00:00.000Z', 'updated_at': '2022-10-18T22:01:06.364Z', 'atacana_team': None, 'category': None, 'priority': None, 'content': None}
[2022-10-18 22:04:41,048] {_universal.py:476} INFO - Request URL: 'https://atacananews.blob.core.windows.net/atacana-blob-container/lung-cancer/clinical-trials/20221018/rg-7446/lung-cancer_clinical-trials_20221018_rg-7446_NCT05487235.json'
Request method: 'GET'
Request headers:
    'x-ms-range': 'REDACTED'
    'x-ms-version': 'REDACTED'
    'Accept': 'application/xml'
    'User-Agent': 'azsdk-python-storage-blob/12.13.1 Python/3.8.15 (Linux-5.10.124-linuxkit-aarch64-with-glibc2.17)'
    'x-ms-date': 'REDACTED'
    'x-ms-client-request-id': 'dd6ff67a-4f30-11ed-86e7-0242bebc0005'
    'Authorization': 'REDACTED'
No body was attached to the request
[2022-10-18 22:04:41,262] {_universal.py:504} INFO - Response status: 206
Response headers:
    'Content-Length': '665'
    'Content-Type': 'application/octet-stream'
    'Content-Range': 'REDACTED'
    'Last-Modified': 'Tue, 18 Oct 2022 22:03:26 GMT'
    'Accept-Ranges': 'REDACTED'
    'ETag': '"0x8DAB1549570F65D"'
    'Server': 'Windows-Azure-Blob/1.0 Microsoft-HTTPAPI/2.0'
    'x-ms-request-id': '7eb3a698-701e-0036-323d-e33277000000'
    'x-ms-client-request-id': 'dd6ff67a-4f30-11ed-86e7-0242bebc0005'
    'x-ms-version': 'REDACTED'
    'x-ms-creation-time': 'REDACTED'
    'x-ms-blob-content-md5': 'REDACTED'
    'x-ms-lease-status': 'REDACTED'
    'x-ms-lease-state': 'REDACTED'
    'x-ms-blob-type': 'REDACTED'
    'x-ms-server-encrypted': 'REDACTED'
    'Date': 'Tue, 18 Oct 2022 22:04:40 GMT'
[2022-10-18 22:04:41,269] {logging_mixin.py:115} INFO - <class 'pandas.core.frame.DataFrame'>
RangeIndex: 1 entries, 0 to 0
Data columns (total 13 columns):
 #   Column            Non-Null Count  Dtype 
---  ------            --------------  ----- 
 0   title             1 non-null      object
 1   link              1 non-null      object
 2   id                1 non-null      object
 3   published_at      1 non-null      object
 4   conditions        1 non-null      object
 5   intervention      1 non-null      object
 6   publisher         1 non-null      object
 7   status            1 non-null      object
 8   source            1 non-null      object
 9   keyword           1 non-null      object
 10  indication        1 non-null      object
 11  therapeutic_area  1 non-null      object
 12  updated_at        1 non-null      object
dtypes: object(13)
memory usage: 232.0+ bytes
[2022-10-18 22:04:41,298] {process_news_dag_factory.py:159} INFO - None
[2022-10-18 22:04:41,302] {process_news_dag_factory.py:167} INFO - {'id': 'NCT05487235', 'source': 'clinical_trials', 'therapeutic_area': 'Oncology', 'indication': 'Lung Cancer', 'keyword': 'RG-7446', 'title': 'A Study to Evaluate the Safety, Pharmacokinetics, and Activity of GDC-1971 in Combination With Atezolizumab in Participants With Locally Advanced or Metastatic Solid Tumors', 'link': 'https://clinicaltrials.gov/ct2/show/NCT05487235?cond=RG-7446&sfpd_d=100', 'publisher': 'Genentech, Inc.', 'published_at': '2022-08-04T12:00:00.000Z', 'updated_at': '2022-10-18T22:01:06.364Z', 'atacana_team': None, 'category': None, 'priority': None, 'content': None}
[2022-10-18 22:04:41,510] {_universal.py:476} INFO - Request URL: 'https://atacananews.blob.core.windows.net/atacana-blob-container/lung-cancer/clinical-trials/20221018/rg-7446/lung-cancer_clinical-trials_20221018_rg-7446_NCT05488522.json'
Request method: 'GET'
Request headers:
    'x-ms-range': 'REDACTED'
    'x-ms-version': 'REDACTED'
    'Accept': 'application/xml'
    'User-Agent': 'azsdk-python-storage-blob/12.13.1 Python/3.8.15 (Linux-5.10.124-linuxkit-aarch64-with-glibc2.17)'
    'x-ms-date': 'REDACTED'
    'x-ms-client-request-id': 'ddb66ace-4f30-11ed-86e7-0242bebc0005'
    'Authorization': 'REDACTED'
No body was attached to the request
[2022-10-18 22:04:41,695] {_universal.py:504} INFO - Response status: 206
Response headers:
    'Content-Length': '529'
    'Content-Type': 'application/octet-stream'
    'Content-Range': 'REDACTED'
    'Last-Modified': 'Tue, 18 Oct 2022 22:03:27 GMT'
    'Accept-Ranges': 'REDACTED'
    'ETag': '"0x8DAB15495EA0C56"'
    'Server': 'Windows-Azure-Blob/1.0 Microsoft-HTTPAPI/2.0'
    'x-ms-request-id': '7eb3a941-701e-0036-3c3d-e33277000000'
    'x-ms-client-request-id': 'ddb66ace-4f30-11ed-86e7-0242bebc0005'
    'x-ms-version': 'REDACTED'
    'x-ms-creation-time': 'REDACTED'
    'x-ms-blob-content-md5': 'REDACTED'
    'x-ms-lease-status': 'REDACTED'
    'x-ms-lease-state': 'REDACTED'
    'x-ms-blob-type': 'REDACTED'
    'x-ms-server-encrypted': 'REDACTED'
    'Date': 'Tue, 18 Oct 2022 22:04:41 GMT'
[2022-10-18 22:04:41,703] {logging_mixin.py:115} INFO - <class 'pandas.core.frame.DataFrame'>
RangeIndex: 1 entries, 0 to 0
Data columns (total 13 columns):
 #   Column            Non-Null Count  Dtype 
---  ------            --------------  ----- 
 0   title             1 non-null      object
 1   link              1 non-null      object
 2   id                1 non-null      object
 3   published_at      1 non-null      object
 4   conditions        1 non-null      object
 5   intervention      1 non-null      object
 6   publisher         1 non-null      object
 7   status            1 non-null      object
 8   source            1 non-null      object
 9   keyword           1 non-null      object
 10  indication        1 non-null      object
 11  therapeutic_area  1 non-null      object
 12  updated_at        1 non-null      object
dtypes: object(13)
memory usage: 232.0+ bytes
[2022-10-18 22:04:41,705] {process_news_dag_factory.py:159} INFO - None
[2022-10-18 22:04:41,707] {process_news_dag_factory.py:167} INFO - {'id': 'NCT05488522', 'source': 'clinical_trials', 'therapeutic_area': 'Oncology', 'indication': 'Lung Cancer', 'keyword': 'RG-7446', 'title': 'SBRT With Atezo/Bev for HCC', 'link': 'https://clinicaltrials.gov/ct2/show/NCT05488522?cond=RG-7446&sfpd_d=100', 'publisher': 'Abramson Cancer Center of the University of Pennsylvania', 'published_at': '2022-08-04T12:00:00.000Z', 'updated_at': '2022-10-18T22:01:06.364Z', 'atacana_team': None, 'category': None, 'priority': None, 'content': None}
[2022-10-18 22:04:41,911] {_universal.py:476} INFO - Request URL: 'https://atacananews.blob.core.windows.net/atacana-blob-container/lung-cancer/clinical-trials/20221018/rg-7446/lung-cancer_clinical-trials_20221018_rg-7446_NCT05492123.json'
Request method: 'GET'
Request headers:
    'x-ms-range': 'REDACTED'
    'x-ms-version': 'REDACTED'
    'Accept': 'application/xml'
    'User-Agent': 'azsdk-python-storage-blob/12.13.1 Python/3.8.15 (Linux-5.10.124-linuxkit-aarch64-with-glibc2.17)'
    'x-ms-date': 'REDACTED'
    'x-ms-client-request-id': 'ddf3c1da-4f30-11ed-86e7-0242bebc0005'
    'Authorization': 'REDACTED'
No body was attached to the request
[2022-10-18 22:04:42,099] {_universal.py:504} INFO - Response status: 206
Response headers:
    'Content-Length': '640'
    'Content-Type': 'application/octet-stream'
    'Content-Range': 'REDACTED'
    'Last-Modified': 'Tue, 18 Oct 2022 22:03:28 GMT'
    'Accept-Ranges': 'REDACTED'
    'ETag': '"0x8DAB1549647FD29"'
    'Server': 'Windows-Azure-Blob/1.0 Microsoft-HTTPAPI/2.0'
    'x-ms-request-id': '7eb3ab80-701e-0036-6a3d-e33277000000'
    'x-ms-client-request-id': 'ddf3c1da-4f30-11ed-86e7-0242bebc0005'
    'x-ms-version': 'REDACTED'
    'x-ms-creation-time': 'REDACTED'
    'x-ms-blob-content-md5': 'REDACTED'
    'x-ms-lease-status': 'REDACTED'
    'x-ms-lease-state': 'REDACTED'
    'x-ms-blob-type': 'REDACTED'
    'x-ms-server-encrypted': 'REDACTED'
    'Date': 'Tue, 18 Oct 2022 22:04:41 GMT'
[2022-10-18 22:04:42,105] {logging_mixin.py:115} INFO - <class 'pandas.core.frame.DataFrame'>
RangeIndex: 1 entries, 0 to 0
Data columns (total 13 columns):
 #   Column            Non-Null Count  Dtype 
---  ------            --------------  ----- 
 0   title             1 non-null      object
 1   link              1 non-null      object
 2   id                1 non-null      object
 3   published_at      1 non-null      object
 4   conditions        1 non-null      object
 5   intervention      1 non-null      object
 6   publisher         1 non-null      object
 7   status            1 non-null      object
 8   source            1 non-null      object
 9   keyword           1 non-null      object
 10  indication        1 non-null      object
 11  therapeutic_area  1 non-null      object
 12  updated_at        1 non-null      object
dtypes: object(13)
memory usage: 232.0+ bytes
[2022-10-18 22:04:42,106] {process_news_dag_factory.py:159} INFO - None
[2022-10-18 22:04:42,109] {process_news_dag_factory.py:167} INFO - {'id': 'NCT05492123', 'source': 'clinical_trials', 'therapeutic_area': 'Oncology', 'indication': 'Lung Cancer', 'keyword': 'RG-7446', 'title': 'Nivolumab-ipilimumab and Chemoradiation for Cervical Cancer', 'link': 'https://clinicaltrials.gov/ct2/show/NCT05492123?cond=RG-7446&sfpd_d=100', 'publisher': 'Hospital Israelita Albert Einstein;   Bristol-Myers Squibb;   Brava', 'published_at': '2022-08-08T12:00:00.000Z', 'updated_at': '2022-10-18T22:01:06.364Z', 'atacana_team': None, 'category': None, 'priority': None, 'content': None}
[2022-10-18 22:04:42,321] {_universal.py:476} INFO - Request URL: 'https://atacananews.blob.core.windows.net/atacana-blob-container/lung-cancer/clinical-trials/20221018/rg-7446/lung-cancer_clinical-trials_20221018_rg-7446_NCT05498896.json'
Request method: 'GET'
Request headers:
    'x-ms-range': 'REDACTED'
    'x-ms-version': 'REDACTED'
    'Accept': 'application/xml'
    'User-Agent': 'azsdk-python-storage-blob/12.13.1 Python/3.8.15 (Linux-5.10.124-linuxkit-aarch64-with-glibc2.17)'
    'x-ms-date': 'REDACTED'
    'x-ms-client-request-id': 'de323e24-4f30-11ed-86e7-0242bebc0005'
    'Authorization': 'REDACTED'
No body was attached to the request
[2022-10-18 22:04:42,507] {_universal.py:504} INFO - Response status: 206
Response headers:
    'Content-Length': '721'
    'Content-Type': 'application/octet-stream'
    'Content-Range': 'REDACTED'
    'Last-Modified': 'Tue, 18 Oct 2022 22:03:25 GMT'
    'Accept-Ranges': 'REDACTED'
    'ETag': '"0x8DAB154947E7C48"'
    'Server': 'Windows-Azure-Blob/1.0 Microsoft-HTTPAPI/2.0'
    'x-ms-request-id': '7eb3ae00-701e-0036-413d-e33277000000'
    'x-ms-client-request-id': 'de323e24-4f30-11ed-86e7-0242bebc0005'
    'x-ms-version': 'REDACTED'
    'x-ms-creation-time': 'REDACTED'
    'x-ms-blob-content-md5': 'REDACTED'
    'x-ms-lease-status': 'REDACTED'
    'x-ms-lease-state': 'REDACTED'
    'x-ms-blob-type': 'REDACTED'
    'x-ms-server-encrypted': 'REDACTED'
    'Date': 'Tue, 18 Oct 2022 22:04:42 GMT'
[2022-10-18 22:04:42,520] {logging_mixin.py:115} INFO - <class 'pandas.core.frame.DataFrame'>
RangeIndex: 1 entries, 0 to 0
Data columns (total 13 columns):
 #   Column            Non-Null Count  Dtype 
---  ------            --------------  ----- 
 0   title             1 non-null      object
 1   link              1 non-null      object
 2   id                1 non-null      object
 3   published_at      1 non-null      object
 4   conditions        1 non-null      object
 5   intervention      1 non-null      object
 6   publisher         1 non-null      object
 7   status            1 non-null      object
 8   source            1 non-null      object
 9   keyword           1 non-null      object
 10  indication        1 non-null      object
 11  therapeutic_area  1 non-null      object
 12  updated_at        1 non-null      object
dtypes: object(13)
memory usage: 232.0+ bytes
[2022-10-18 22:04:42,535] {process_news_dag_factory.py:159} INFO - None
[2022-10-18 22:04:42,556] {process_news_dag_factory.py:167} INFO - {'id': 'NCT05498896', 'source': 'clinical_trials', 'therapeutic_area': 'Oncology', 'indication': 'Lung Cancer', 'keyword': 'RG-7446', 'title': 'Investigate the Contribution of Ipatasertib to Neoadjuvant Chemotherapy Plus Atezolizumab in TNBC', 'link': 'https://clinicaltrials.gov/ct2/show/NCT05498896?cond=RG-7446&sfpd_d=100', 'publisher': 'Queen Mary University of London;   Westdeutsche Studiengruppe GmbH (WSG);   MedSIR;   Hoffmann-La Roche', 'published_at': '2022-08-12T12:00:00.000Z', 'updated_at': '2022-10-18T22:01:06.364Z', 'atacana_team': None, 'category': None, 'priority': None, 'content': None}
[2022-10-18 22:04:42,794] {_universal.py:476} INFO - Request URL: 'https://atacananews.blob.core.windows.net/atacana-blob-container/lung-cancer/clinical-trials/20221018/rg-7446/lung-cancer_clinical-trials_20221018_rg-7446_NCT05510427.json'
Request method: 'GET'
Request headers:
    'x-ms-range': 'REDACTED'
    'x-ms-version': 'REDACTED'
    'Accept': 'application/xml'
    'User-Agent': 'azsdk-python-storage-blob/12.13.1 Python/3.8.15 (Linux-5.10.124-linuxkit-aarch64-with-glibc2.17)'
    'x-ms-date': 'REDACTED'
    'x-ms-client-request-id': 'de7a61cc-4f30-11ed-86e7-0242bebc0005'
    'Authorization': 'REDACTED'
No body was attached to the request
[2022-10-18 22:04:42,988] {_universal.py:504} INFO - Response status: 206
Response headers:
    'Content-Length': '699'
    'Content-Type': 'application/octet-stream'
    'Content-Range': 'REDACTED'
    'Last-Modified': 'Tue, 18 Oct 2022 22:03:26 GMT'
    'Accept-Ranges': 'REDACTED'
    'ETag': '"0x8DAB1549553AE94"'
    'Server': 'Windows-Azure-Blob/1.0 Microsoft-HTTPAPI/2.0'
    'x-ms-request-id': '7eb3b0b9-701e-0036-503d-e33277000000'
    'x-ms-client-request-id': 'de7a61cc-4f30-11ed-86e7-0242bebc0005'
    'x-ms-version': 'REDACTED'
    'x-ms-creation-time': 'REDACTED'
    'x-ms-blob-content-md5': 'REDACTED'
    'x-ms-lease-status': 'REDACTED'
    'x-ms-lease-state': 'REDACTED'
    'x-ms-blob-type': 'REDACTED'
    'x-ms-server-encrypted': 'REDACTED'
    'Date': 'Tue, 18 Oct 2022 22:04:42 GMT'
[2022-10-18 22:04:42,996] {logging_mixin.py:115} INFO - <class 'pandas.core.frame.DataFrame'>
RangeIndex: 1 entries, 0 to 0
Data columns (total 13 columns):
 #   Column            Non-Null Count  Dtype 
---  ------            --------------  ----- 
 0   title             1 non-null      object
 1   link              1 non-null      object
 2   id                1 non-null      object
 3   published_at      1 non-null      object
 4   conditions        1 non-null      object
 5   intervention      1 non-null      object
 6   publisher         1 non-null      object
 7   status            1 non-null      object
 8   source            1 non-null      object
 9   keyword           1 non-null      object
 10  indication        1 non-null      object
 11  therapeutic_area  1 non-null      object
 12  updated_at        1 non-null      object
dtypes: object(13)
memory usage: 232.0+ bytes
[2022-10-18 22:04:42,997] {process_news_dag_factory.py:159} INFO - None
[2022-10-18 22:04:43,001] {process_news_dag_factory.py:167} INFO - {'id': 'NCT05510427', 'source': 'clinical_trials', 'therapeutic_area': 'Oncology', 'indication': 'Lung Cancer', 'keyword': 'RG-7446', 'title': 'Phase Ib Trial of Infigratinib In Combination With Atezolizumab And Bevacizumab for The Second-Line Treatment of Advanced Cholangiocarcinoma With FGFR2 Fusion/Amplification', 'link': 'https://clinicaltrials.gov/ct2/show/NCT05510427?cond=RG-7446&sfpd_d=100', 'publisher': 'M.D. Anderson Cancer Center;   Helsinn Healthcare', 'published_at': '2022-08-22T12:00:00.000Z', 'updated_at': '2022-10-18T22:01:06.364Z', 'atacana_team': None, 'category': None, 'priority': None, 'content': None}
[2022-10-18 22:04:43,209] {_universal.py:476} INFO - Request URL: 'https://atacananews.blob.core.windows.net/atacana-blob-container/lung-cancer/clinical-trials/20221018/rg-7446/lung-cancer_clinical-trials_20221018_rg-7446_NCT05515627.json'
Request method: 'GET'
Request headers:
    'x-ms-range': 'REDACTED'
    'x-ms-version': 'REDACTED'
    'Accept': 'application/xml'
    'User-Agent': 'azsdk-python-storage-blob/12.13.1 Python/3.8.15 (Linux-5.10.124-linuxkit-aarch64-with-glibc2.17)'
    'x-ms-date': 'REDACTED'
    'x-ms-client-request-id': 'deb9bef8-4f30-11ed-86e7-0242bebc0005'
    'Authorization': 'REDACTED'
No body was attached to the request
[2022-10-18 22:04:43,417] {_universal.py:504} INFO - Response status: 206
Response headers:
    'Content-Length': '521'
    'Content-Type': 'application/octet-stream'
    'Content-Range': 'REDACTED'
    'Last-Modified': 'Tue, 18 Oct 2022 22:03:25 GMT'
    'Accept-Ranges': 'REDACTED'
    'ETag': '"0x8DAB154949CAE47"'
    'Server': 'Windows-Azure-Blob/1.0 Microsoft-HTTPAPI/2.0'
    'x-ms-request-id': '7eb3b30c-701e-0036-7f3d-e33277000000'
    'x-ms-client-request-id': 'deb9bef8-4f30-11ed-86e7-0242bebc0005'
    'x-ms-version': 'REDACTED'
    'x-ms-creation-time': 'REDACTED'
    'x-ms-blob-content-md5': 'REDACTED'
    'x-ms-lease-status': 'REDACTED'
    'x-ms-lease-state': 'REDACTED'
    'x-ms-blob-type': 'REDACTED'
    'x-ms-server-encrypted': 'REDACTED'
    'Date': 'Tue, 18 Oct 2022 22:04:43 GMT'
[2022-10-18 22:04:43,425] {logging_mixin.py:115} INFO - <class 'pandas.core.frame.DataFrame'>
RangeIndex: 1 entries, 0 to 0
Data columns (total 13 columns):
 #   Column            Non-Null Count  Dtype 
---  ------            --------------  ----- 
 0   title             1 non-null      object
 1   link              1 non-null      object
 2   id                1 non-null      object
 3   published_at      1 non-null      object
 4   conditions        1 non-null      object
 5   intervention      1 non-null      object
 6   publisher         1 non-null      object
 7   status            1 non-null      object
 8   source            1 non-null      object
 9   keyword           1 non-null      object
 10  indication        1 non-null      object
 11  therapeutic_area  1 non-null      object
 12  updated_at        1 non-null      object
dtypes: object(13)
memory usage: 232.0+ bytes
[2022-10-18 22:04:43,428] {process_news_dag_factory.py:159} INFO - None
[2022-10-18 22:04:43,434] {process_news_dag_factory.py:167} INFO - {'id': 'NCT05515627', 'source': 'clinical_trials', 'therapeutic_area': 'Oncology', 'indication': 'Lung Cancer', 'keyword': 'RG-7446', 'title': 'Atezolizumab for Idiopathic Pulmonary Fibrosis', 'link': 'https://clinicaltrials.gov/ct2/show/NCT05515627?cond=RG-7446&sfpd_d=100', 'publisher': 'Cedars-Sinai Medical Center;   Genentech, Inc.', 'published_at': '2022-08-25T12:00:00.000Z', 'updated_at': '2022-10-18T22:01:06.364Z', 'atacana_team': None, 'category': None, 'priority': None, 'content': None}
[2022-10-18 22:04:43,652] {_universal.py:476} INFO - Request URL: 'https://atacananews.blob.core.windows.net/atacana-blob-container/lung-cancer/clinical-trials/20221018/rg-7446/lung-cancer_clinical-trials_20221018_rg-7446_NCT05516628.json'
Request method: 'GET'
Request headers:
    'x-ms-range': 'REDACTED'
    'x-ms-version': 'REDACTED'
    'Accept': 'application/xml'
    'User-Agent': 'azsdk-python-storage-blob/12.13.1 Python/3.8.15 (Linux-5.10.124-linuxkit-aarch64-with-glibc2.17)'
    'x-ms-date': 'REDACTED'
    'x-ms-client-request-id': 'defd6572-4f30-11ed-86e7-0242bebc0005'
    'Authorization': 'REDACTED'
No body was attached to the request
[2022-10-18 22:04:43,874] {_universal.py:504} INFO - Response status: 206
Response headers:
    'Content-Length': '1133'
    'Content-Type': 'application/octet-stream'
    'Content-Range': 'REDACTED'
    'Last-Modified': 'Tue, 18 Oct 2022 22:03:25 GMT'
    'Accept-Ranges': 'REDACTED'
    'ETag': '"0x8DAB15494BB7C69"'
    'Server': 'Windows-Azure-Blob/1.0 Microsoft-HTTPAPI/2.0'
    'x-ms-request-id': '7eb3b5d0-701e-0036-223d-e33277000000'
    'x-ms-client-request-id': 'defd6572-4f30-11ed-86e7-0242bebc0005'
    'x-ms-version': 'REDACTED'
    'x-ms-creation-time': 'REDACTED'
    'x-ms-blob-content-md5': 'REDACTED'
    'x-ms-lease-status': 'REDACTED'
    'x-ms-lease-state': 'REDACTED'
    'x-ms-blob-type': 'REDACTED'
    'x-ms-server-encrypted': 'REDACTED'
    'Date': 'Tue, 18 Oct 2022 22:04:43 GMT'
[2022-10-18 22:04:43,883] {logging_mixin.py:115} INFO - <class 'pandas.core.frame.DataFrame'>
RangeIndex: 1 entries, 0 to 0
Data columns (total 13 columns):
 #   Column            Non-Null Count  Dtype 
---  ------            --------------  ----- 
 0   title             1 non-null      object
 1   link              1 non-null      object
 2   id                1 non-null      object
 3   published_at      1 non-null      object
 4   conditions        1 non-null      object
 5   intervention      1 non-null      object
 6   publisher         1 non-null      object
 7   status            1 non-null      object
 8   source            1 non-null      object
 9   keyword           1 non-null      object
 10  indication        1 non-null      object
 11  therapeutic_area  1 non-null      object
 12  updated_at        1 non-null      object
dtypes: object(13)
memory usage: 232.0+ bytes
[2022-10-18 22:04:43,898] {process_news_dag_factory.py:159} INFO - None
[2022-10-18 22:04:43,902] {process_news_dag_factory.py:167} INFO - {'id': 'NCT05516628', 'source': 'clinical_trials', 'therapeutic_area': 'Oncology', 'indication': 'Lung Cancer', 'keyword': 'RG-7446', 'title': 'Deep, Multi-omics Phenotyping to Predict Response, Resistance and Recurrence to Adjuvant Atezolizumab Plus Bevacizumab in Resected Hepatocellular Carcinoma', 'link': 'https://clinicaltrials.gov/ct2/show/NCT05516628?cond=RG-7446&sfpd_d=100', 'publisher': 'National Cancer Centre, Singapore;   Singapore General Hospital;   National University Hospital, Singapore;   Changi General Hospital;   Sengkang General Hospital;   Tan Tock Seng Hospital;   Singapore Clinical Research Institute;   Genome Institute of Singapore;   Institute of Molecular and Cell Biology of Singapore;   Cancer Science Institute of Singapore;   Duke-NUS Graduate Medical School;   Singapore Phenome Centre;   Nanyang Technological University;   NMRC OF-LCG (OFLCG21Jun-0016)', 'published_at': '2022-08-25T12:00:00.000Z', 'updated_at': '2022-10-18T22:01:06.364Z', 'atacana_team': None, 'category': None, 'priority': None, 'content': None}
[2022-10-18 22:04:44,126] {_universal.py:476} INFO - Request URL: 'https://atacananews.blob.core.windows.net/atacana-blob-container/lung-cancer/clinical-trials/20221018/rg-7446/lung-cancer_clinical-trials_20221018_rg-7446_NCT05528952.json'
Request method: 'GET'
Request headers:
    'x-ms-range': 'REDACTED'
    'x-ms-version': 'REDACTED'
    'Accept': 'application/xml'
    'User-Agent': 'azsdk-python-storage-blob/12.13.1 Python/3.8.15 (Linux-5.10.124-linuxkit-aarch64-with-glibc2.17)'
    'x-ms-date': 'REDACTED'
    'x-ms-client-request-id': 'df459d88-4f30-11ed-86e7-0242bebc0005'
    'Authorization': 'REDACTED'
No body was attached to the request
[2022-10-18 22:04:44,312] {_universal.py:504} INFO - Response status: 206
Response headers:
    'Content-Length': '723'
    'Content-Type': 'application/octet-stream'
    'Content-Range': 'REDACTED'
    'Last-Modified': 'Tue, 18 Oct 2022 22:03:27 GMT'
    'Accept-Ranges': 'REDACTED'
    'ETag': '"0x8DAB154958F9D65"'
    'Server': 'Windows-Azure-Blob/1.0 Microsoft-HTTPAPI/2.0'
    'x-ms-request-id': '7eb3b8bb-701e-0036-613d-e33277000000'
    'x-ms-client-request-id': 'df459d88-4f30-11ed-86e7-0242bebc0005'
    'x-ms-version': 'REDACTED'
    'x-ms-creation-time': 'REDACTED'
    'x-ms-blob-content-md5': 'REDACTED'
    'x-ms-lease-status': 'REDACTED'
    'x-ms-lease-state': 'REDACTED'
    'x-ms-blob-type': 'REDACTED'
    'x-ms-server-encrypted': 'REDACTED'
    'Date': 'Tue, 18 Oct 2022 22:04:43 GMT'
[2022-10-18 22:04:44,317] {logging_mixin.py:115} INFO - <class 'pandas.core.frame.DataFrame'>
RangeIndex: 1 entries, 0 to 0
Data columns (total 13 columns):
 #   Column            Non-Null Count  Dtype 
---  ------            --------------  ----- 
 0   title             1 non-null      object
 1   link              1 non-null      object
 2   id                1 non-null      object
 3   published_at      1 non-null      object
 4   conditions        1 non-null      object
 5   intervention      1 non-null      object
 6   publisher         1 non-null      object
 7   status            1 non-null      object
 8   source            1 non-null      object
 9   keyword           1 non-null      object
 10  indication        1 non-null      object
 11  therapeutic_area  1 non-null      object
 12  updated_at        1 non-null      object
dtypes: object(13)
memory usage: 232.0+ bytes
[2022-10-18 22:04:44,319] {process_news_dag_factory.py:159} INFO - None
[2022-10-18 22:04:44,322] {process_news_dag_factory.py:167} INFO - {'id': 'NCT05528952', 'source': 'clinical_trials', 'therapeutic_area': 'Oncology', 'indication': 'Lung Cancer', 'keyword': 'RG-7446', 'title': 'Evaluation of the Interest to Combine a CD4 Th1-inducer Cancer Vaccine Derived From Telomerase and Atezolizumab Plus Bevacizumab in Unresectable Hepatocellular Carcinoma', 'link': 'https://clinicaltrials.gov/ct2/show/NCT05528952?cond=RG-7446&sfpd_d=100', 'publisher': 'Centre Hospitalier Universitaire de Besancon;   GERCOR - Multidisciplinary Oncology Cooperative Group', 'published_at': '2022-09-06T12:00:00.000Z', 'updated_at': '2022-10-18T22:01:06.364Z', 'atacana_team': None, 'category': None, 'priority': None, 'content': None}
[2022-10-18 22:04:44,543] {_universal.py:476} INFO - Request URL: 'https://atacananews.blob.core.windows.net/atacana-blob-container/lung-cancer/clinical-trials/20221018/rg-7446/lung-cancer_clinical-trials_20221018_rg-7446_NCT05537402.json'
Request method: 'GET'
Request headers:
    'x-ms-range': 'REDACTED'
    'x-ms-version': 'REDACTED'
    'Accept': 'application/xml'
    'User-Agent': 'azsdk-python-storage-blob/12.13.1 Python/3.8.15 (Linux-5.10.124-linuxkit-aarch64-with-glibc2.17)'
    'x-ms-date': 'REDACTED'
    'x-ms-client-request-id': 'df8556d0-4f30-11ed-86e7-0242bebc0005'
    'Authorization': 'REDACTED'
No body was attached to the request
[2022-10-18 22:04:44,788] {_universal.py:504} INFO - Response status: 206
Response headers:
    'Content-Length': '682'
    'Content-Type': 'application/octet-stream'
    'Content-Range': 'REDACTED'
    'Last-Modified': 'Tue, 18 Oct 2022 22:03:28 GMT'
    'Accept-Ranges': 'REDACTED'
    'ETag': '"0x8DAB154962AB561"'
    'Server': 'Windows-Azure-Blob/1.0 Microsoft-HTTPAPI/2.0'
    'x-ms-request-id': '7eb3bbe2-701e-0036-6e3d-e33277000000'
    'x-ms-client-request-id': 'df8556d0-4f30-11ed-86e7-0242bebc0005'
    'x-ms-version': 'REDACTED'
    'x-ms-creation-time': 'REDACTED'
    'x-ms-blob-content-md5': 'REDACTED'
    'x-ms-lease-status': 'REDACTED'
    'x-ms-lease-state': 'REDACTED'
    'x-ms-blob-type': 'REDACTED'
    'x-ms-server-encrypted': 'REDACTED'
    'Date': 'Tue, 18 Oct 2022 22:04:44 GMT'
[2022-10-18 22:04:44,797] {logging_mixin.py:115} INFO - <class 'pandas.core.frame.DataFrame'>
RangeIndex: 1 entries, 0 to 0
Data columns (total 13 columns):
 #   Column            Non-Null Count  Dtype 
---  ------            --------------  ----- 
 0   title             1 non-null      object
 1   link              1 non-null      object
 2   id                1 non-null      object
 3   published_at      1 non-null      object
 4   conditions        1 non-null      object
 5   intervention      1 non-null      object
 6   publisher         1 non-null      object
 7   status            1 non-null      object
 8   source            1 non-null      object
 9   keyword           1 non-null      object
 10  indication        1 non-null      object
 11  therapeutic_area  1 non-null      object
 12  updated_at        1 non-null      object
dtypes: object(13)
memory usage: 232.0+ bytes
[2022-10-18 22:04:44,799] {process_news_dag_factory.py:159} INFO - None
[2022-10-18 22:04:44,802] {process_news_dag_factory.py:167} INFO - {'id': 'NCT05537402', 'source': 'clinical_trials', 'therapeutic_area': 'Oncology', 'indication': 'Lung Cancer', 'keyword': 'RG-7446', 'title': 'LOcoregional vs Systemic Therapy in Patients With BCLC Stage B HCC (LOST- B) Trial', 'link': 'https://clinicaltrials.gov/ct2/show/NCT05537402?cond=RG-7446&sfpd_d=100', 'publisher': 'University of Texas Southwestern Medical Center;   Genentech, Inc.', 'published_at': '2022-09-13T12:00:00.000Z', 'updated_at': '2022-10-18T22:01:06.364Z', 'atacana_team': None, 'category': None, 'priority': None, 'content': None}
[2022-10-18 22:04:45,034] {_universal.py:476} INFO - Request URL: 'https://atacananews.blob.core.windows.net/atacana-blob-container/lung-cancer/clinical-trials/20221018/rg-7446/lung-cancer_clinical-trials_20221018_rg-7446_NCT05538091.json'
Request method: 'GET'
Request headers:
    'x-ms-range': 'REDACTED'
    'x-ms-version': 'REDACTED'
    'Accept': 'application/xml'
    'User-Agent': 'azsdk-python-storage-blob/12.13.1 Python/3.8.15 (Linux-5.10.124-linuxkit-aarch64-with-glibc2.17)'
    'x-ms-date': 'REDACTED'
    'x-ms-client-request-id': 'dfd03268-4f30-11ed-86e7-0242bebc0005'
    'Authorization': 'REDACTED'
No body was attached to the request
[2022-10-18 22:04:45,224] {_universal.py:504} INFO - Response status: 206
Response headers:
    'Content-Length': '705'
    'Content-Type': 'application/octet-stream'
    'Content-Range': 'REDACTED'
    'Last-Modified': 'Tue, 18 Oct 2022 22:03:25 GMT'
    'Accept-Ranges': 'REDACTED'
    'ETag': '"0x8DAB15494D8EB29"'
    'Server': 'Windows-Azure-Blob/1.0 Microsoft-HTTPAPI/2.0'
    'x-ms-request-id': '7eb3beb0-701e-0036-1c3d-e33277000000'
    'x-ms-client-request-id': 'dfd03268-4f30-11ed-86e7-0242bebc0005'
    'x-ms-version': 'REDACTED'
    'x-ms-creation-time': 'REDACTED'
    'x-ms-blob-content-md5': 'REDACTED'
    'x-ms-lease-status': 'REDACTED'
    'x-ms-lease-state': 'REDACTED'
    'x-ms-blob-type': 'REDACTED'
    'x-ms-server-encrypted': 'REDACTED'
    'Date': 'Tue, 18 Oct 2022 22:04:44 GMT'
[2022-10-18 22:04:45,270] {logging_mixin.py:115} INFO - <class 'pandas.core.frame.DataFrame'>
RangeIndex: 1 entries, 0 to 0
Data columns (total 13 columns):
 #   Column            Non-Null Count  Dtype 
---  ------            --------------  ----- 
 0   title             1 non-null      object
 1   link              1 non-null      object
 2   id                1 non-null      object
 3   published_at      1 non-null      object
 4   conditions        1 non-null      object
 5   intervention      1 non-null      object
 6   publisher         1 non-null      object
 7   status            1 non-null      object
 8   source            1 non-null      object
 9   keyword           1 non-null      object
 10  indication        1 non-null      object
 11  therapeutic_area  1 non-null      object
 12  updated_at        1 non-null      object
dtypes: object(13)
memory usage: 232.0+ bytes
[2022-10-18 22:04:45,287] {process_news_dag_factory.py:159} INFO - None
[2022-10-18 22:04:45,290] {process_news_dag_factory.py:167} INFO - {'id': 'NCT05538091', 'source': 'clinical_trials', 'therapeutic_area': 'Oncology', 'indication': 'Lung Cancer', 'keyword': 'RG-7446', 'title': 'Vismodegib Combined With Atezolizumab in Platinum Resistant Ovarian, Fallopian Tube, and Primary Peritoneal Cancer', 'link': 'https://clinicaltrials.gov/ct2/show/NCT05538091?cond=RG-7446&sfpd_d=100', 'publisher': 'Ronald Buckanovich;   Genentech, Inc.', 'published_at': '2022-09-13T12:00:00.000Z', 'updated_at': '2022-10-18T22:01:06.364Z', 'atacana_team': None, 'category': None, 'priority': None, 'content': None}
[2022-10-18 22:04:45,512] {_universal.py:476} INFO - Request URL: 'https://atacananews.blob.core.windows.net/atacana-blob-container/lung-cancer/clinical-trials/20221018/rg-7446/lung-cancer_clinical-trials_20221018_rg-7446_NCT05542407.json'
Request method: 'GET'
Request headers:
    'x-ms-range': 'REDACTED'
    'x-ms-version': 'REDACTED'
    'Accept': 'application/xml'
    'User-Agent': 'azsdk-python-storage-blob/12.13.1 Python/3.8.15 (Linux-5.10.124-linuxkit-aarch64-with-glibc2.17)'
    'x-ms-date': 'REDACTED'
    'x-ms-client-request-id': 'e0191f00-4f30-11ed-86e7-0242bebc0005'
    'Authorization': 'REDACTED'
No body was attached to the request
[2022-10-18 22:04:45,705] {_universal.py:504} INFO - Response status: 206
Response headers:
    'Content-Length': '590'
    'Content-Type': 'application/octet-stream'
    'Content-Range': 'REDACTED'
    'Last-Modified': 'Tue, 18 Oct 2022 22:03:25 GMT'
    'Accept-Ranges': 'REDACTED'
    'ETag': '"0x8DAB154945C2C3F"'
    'Server': 'Windows-Azure-Blob/1.0 Microsoft-HTTPAPI/2.0'
    'x-ms-request-id': '7eb3c15c-701e-0036-343d-e33277000000'
    'x-ms-client-request-id': 'e0191f00-4f30-11ed-86e7-0242bebc0005'
    'x-ms-version': 'REDACTED'
    'x-ms-creation-time': 'REDACTED'
    'x-ms-blob-content-md5': 'REDACTED'
    'x-ms-lease-status': 'REDACTED'
    'x-ms-lease-state': 'REDACTED'
    'x-ms-blob-type': 'REDACTED'
    'x-ms-server-encrypted': 'REDACTED'
    'Date': 'Tue, 18 Oct 2022 22:04:45 GMT'
[2022-10-18 22:04:45,712] {logging_mixin.py:115} INFO - <class 'pandas.core.frame.DataFrame'>
RangeIndex: 1 entries, 0 to 0
Data columns (total 13 columns):
 #   Column            Non-Null Count  Dtype 
---  ------            --------------  ----- 
 0   title             1 non-null      object
 1   link              1 non-null      object
 2   id                1 non-null      object
 3   published_at      1 non-null      object
 4   conditions        1 non-null      object
 5   intervention      1 non-null      object
 6   publisher         1 non-null      object
 7   status            1 non-null      object
 8   source            1 non-null      object
 9   keyword           1 non-null      object
 10  indication        1 non-null      object
 11  therapeutic_area  1 non-null      object
 12  updated_at        1 non-null      object
dtypes: object(13)
memory usage: 232.0+ bytes
[2022-10-18 22:04:45,715] {process_news_dag_factory.py:159} INFO - None
[2022-10-18 22:04:45,718] {process_news_dag_factory.py:167} INFO - {'id': 'NCT05542407', 'source': 'clinical_trials', 'therapeutic_area': 'Oncology', 'indication': 'Lung Cancer', 'keyword': 'RG-7446', 'title': 'ONC201 and Atezolizumab in Obesity-Driven Endometrial Cancer', 'link': 'https://clinicaltrials.gov/ct2/show/NCT05542407?cond=RG-7446&sfpd_d=100', 'publisher': 'UNC Lineberger Comprehensive Cancer Center;   Genentech, Inc.;   Oncoceutics, Inc.', 'published_at': '2022-09-15T12:00:00.000Z', 'updated_at': '2022-10-18T22:01:06.364Z', 'atacana_team': None, 'category': None, 'priority': None, 'content': None}
[2022-10-18 22:04:45,924] {_universal.py:476} INFO - Request URL: 'https://atacananews.blob.core.windows.net/atacana-blob-container/lung-cancer/clinical-trials/20221018/rg-7446/lung-cancer_clinical-trials_20221018_rg-7446_NCT05546879.json'
Request method: 'GET'
Request headers:
    'x-ms-range': 'REDACTED'
    'x-ms-version': 'REDACTED'
    'Accept': 'application/xml'
    'User-Agent': 'azsdk-python-storage-blob/12.13.1 Python/3.8.15 (Linux-5.10.124-linuxkit-aarch64-with-glibc2.17)'
    'x-ms-date': 'REDACTED'
    'x-ms-client-request-id': 'e058161a-4f30-11ed-86e7-0242bebc0005'
    'Authorization': 'REDACTED'
No body was attached to the request
[2022-10-18 22:04:46,107] {_universal.py:504} INFO - Response status: 206
Response headers:
    'Content-Length': '647'
    'Content-Type': 'application/octet-stream'
    'Content-Range': 'REDACTED'
    'Last-Modified': 'Tue, 18 Oct 2022 22:03:26 GMT'
    'Accept-Ranges': 'REDACTED'
    'ETag': '"0x8DAB1549511CD2D"'
    'Server': 'Windows-Azure-Blob/1.0 Microsoft-HTTPAPI/2.0'
    'x-ms-request-id': '7eb3c40e-701e-0036-503d-e33277000000'
    'x-ms-client-request-id': 'e058161a-4f30-11ed-86e7-0242bebc0005'
    'x-ms-version': 'REDACTED'
    'x-ms-creation-time': 'REDACTED'
    'x-ms-blob-content-md5': 'REDACTED'
    'x-ms-lease-status': 'REDACTED'
    'x-ms-lease-state': 'REDACTED'
    'x-ms-blob-type': 'REDACTED'
    'x-ms-server-encrypted': 'REDACTED'
    'Date': 'Tue, 18 Oct 2022 22:04:45 GMT'
[2022-10-18 22:04:46,114] {logging_mixin.py:115} INFO - <class 'pandas.core.frame.DataFrame'>
RangeIndex: 1 entries, 0 to 0
Data columns (total 13 columns):
 #   Column            Non-Null Count  Dtype 
---  ------            --------------  ----- 
 0   title             1 non-null      object
 1   link              1 non-null      object
 2   id                1 non-null      object
 3   published_at      1 non-null      object
 4   conditions        1 non-null      object
 5   intervention      1 non-null      object
 6   publisher         1 non-null      object
 7   status            1 non-null      object
 8   source            1 non-null      object
 9   keyword           1 non-null      object
 10  indication        1 non-null      object
 11  therapeutic_area  1 non-null      object
 12  updated_at        1 non-null      object
dtypes: object(13)
memory usage: 232.0+ bytes
[2022-10-18 22:04:46,115] {process_news_dag_factory.py:159} INFO - None
[2022-10-18 22:04:46,117] {process_news_dag_factory.py:167} INFO - {'id': 'NCT05546879', 'source': 'clinical_trials', 'therapeutic_area': 'Oncology', 'indication': 'Lung Cancer', 'keyword': 'RG-7446', 'title': 'Study Investigating the Association of NP137 With Atezolizumab-Bevacizumab Combination in First Line in Unresectable Hepatocellular Carcinoma', 'link': 'https://clinicaltrials.gov/ct2/show/NCT05546879?cond=RG-7446&sfpd_d=100', 'publisher': 'University Hospital, Grenoble;   NETRIS Pharma', 'published_at': '2022-09-21T12:00:00.000Z', 'updated_at': '2022-10-18T22:01:06.364Z', 'atacana_team': None, 'category': None, 'priority': None, 'content': None}
[2022-10-18 22:04:46,328] {_universal.py:476} INFO - Request URL: 'https://atacananews.blob.core.windows.net/atacana-blob-container/lung-cancer/clinical-trials/20221018/rg-7446/lung-cancer_clinical-trials_20221018_rg-7446_NCT05549297.json'
Request method: 'GET'
Request headers:
    'x-ms-range': 'REDACTED'
    'x-ms-version': 'REDACTED'
    'Accept': 'application/xml'
    'User-Agent': 'azsdk-python-storage-blob/12.13.1 Python/3.8.15 (Linux-5.10.124-linuxkit-aarch64-with-glibc2.17)'
    'x-ms-date': 'REDACTED'
    'x-ms-client-request-id': 'e095afca-4f30-11ed-86e7-0242bebc0005'
    'Authorization': 'REDACTED'
No body was attached to the request
[2022-10-18 22:04:46,544] {_universal.py:504} INFO - Response status: 206
Response headers:
    'Content-Length': '598'
    'Content-Type': 'application/octet-stream'
    'Content-Range': 'REDACTED'
    'Last-Modified': 'Tue, 18 Oct 2022 22:03:28 GMT'
    'Accept-Ranges': 'REDACTED'
    'ETag': '"0x8DAB154966481A2"'
    'Server': 'Windows-Azure-Blob/1.0 Microsoft-HTTPAPI/2.0'
    'x-ms-request-id': '7eb3c6c5-701e-0036-5d3d-e33277000000'
    'x-ms-client-request-id': 'e095afca-4f30-11ed-86e7-0242bebc0005'
    'x-ms-version': 'REDACTED'
    'x-ms-creation-time': 'REDACTED'
    'x-ms-blob-content-md5': 'REDACTED'
    'x-ms-lease-status': 'REDACTED'
    'x-ms-lease-state': 'REDACTED'
    'x-ms-blob-type': 'REDACTED'
    'x-ms-server-encrypted': 'REDACTED'
    'Date': 'Tue, 18 Oct 2022 22:04:46 GMT'
[2022-10-18 22:04:46,561] {logging_mixin.py:115} INFO - <class 'pandas.core.frame.DataFrame'>
RangeIndex: 1 entries, 0 to 0
Data columns (total 13 columns):
 #   Column            Non-Null Count  Dtype 
---  ------            --------------  ----- 
 0   title             1 non-null      object
 1   link              1 non-null      object
 2   id                1 non-null      object
 3   published_at      1 non-null      object
 4   conditions        1 non-null      object
 5   intervention      1 non-null      object
 6   publisher         1 non-null      object
 7   status            1 non-null      object
 8   source            1 non-null      object
 9   keyword           1 non-null      object
 10  indication        1 non-null      object
 11  therapeutic_area  1 non-null      object
 12  updated_at        1 non-null      object
dtypes: object(13)
memory usage: 232.0+ bytes
[2022-10-18 22:04:46,576] {process_news_dag_factory.py:159} INFO - None
[2022-10-18 22:04:46,579] {process_news_dag_factory.py:167} INFO - {'id': 'NCT05549297', 'source': 'clinical_trials', 'therapeutic_area': 'Oncology', 'indication': 'Lung Cancer', 'keyword': 'RG-7446', 'title': "Tebentafusp Regimen Versus Investigator's Choice in Previously Treated Advanced Melanoma (TEBE-AM)", 'link': 'https://clinicaltrials.gov/ct2/show/NCT05549297?cond=RG-7446&sfpd_d=100', 'publisher': 'Immunocore Ltd', 'published_at': '2022-09-22T12:00:00.000Z', 'updated_at': '2022-10-18T22:01:06.364Z', 'atacana_team': None, 'category': None, 'priority': None, 'content': None}
[2022-10-18 22:04:46,800] {_universal.py:476} INFO - Request URL: 'https://atacananews.blob.core.windows.net/atacana-blob-container/lung-cancer/clinical-trials/20221018/rg-7446/lung-cancer_clinical-trials_20221018_rg-7446_NCT05564416.json'
Request method: 'GET'
Request headers:
    'x-ms-range': 'REDACTED'
    'x-ms-version': 'REDACTED'
    'Accept': 'application/xml'
    'User-Agent': 'azsdk-python-storage-blob/12.13.1 Python/3.8.15 (Linux-5.10.124-linuxkit-aarch64-with-glibc2.17)'
    'x-ms-date': 'REDACTED'
    'x-ms-client-request-id': 'e0ddc300-4f30-11ed-86e7-0242bebc0005'
    'Authorization': 'REDACTED'
No body was attached to the request
[2022-10-18 22:04:46,985] {_universal.py:504} INFO - Response status: 206
Response headers:
    'Content-Length': '1022'
    'Content-Type': 'application/octet-stream'
    'Content-Range': 'REDACTED'
    'Last-Modified': 'Tue, 18 Oct 2022 22:03:26 GMT'
    'Accept-Ranges': 'REDACTED'
    'ETag': '"0x8DAB1549531106D"'
    'Server': 'Windows-Azure-Blob/1.0 Microsoft-HTTPAPI/2.0'
    'x-ms-request-id': '7eb3c95c-701e-0036-5e3d-e33277000000'
    'x-ms-client-request-id': 'e0ddc300-4f30-11ed-86e7-0242bebc0005'
    'x-ms-version': 'REDACTED'
    'x-ms-creation-time': 'REDACTED'
    'x-ms-blob-content-md5': 'REDACTED'
    'x-ms-lease-status': 'REDACTED'
    'x-ms-lease-state': 'REDACTED'
    'x-ms-blob-type': 'REDACTED'
    'x-ms-server-encrypted': 'REDACTED'
    'Date': 'Tue, 18 Oct 2022 22:04:46 GMT'
[2022-10-18 22:04:47,001] {logging_mixin.py:115} INFO - <class 'pandas.core.frame.DataFrame'>
RangeIndex: 1 entries, 0 to 0
Data columns (total 13 columns):
 #   Column            Non-Null Count  Dtype 
---  ------            --------------  ----- 
 0   title             1 non-null      object
 1   link              1 non-null      object
 2   id                1 non-null      object
 3   published_at      1 non-null      object
 4   conditions        1 non-null      object
 5   intervention      1 non-null      object
 6   publisher         1 non-null      object
 7   status            1 non-null      object
 8   source            1 non-null      object
 9   keyword           1 non-null      object
 10  indication        1 non-null      object
 11  therapeutic_area  1 non-null      object
 12  updated_at        1 non-null      object
dtypes: object(13)
memory usage: 232.0+ bytes
[2022-10-18 22:04:47,016] {process_news_dag_factory.py:159} INFO - None
[2022-10-18 22:04:47,019] {process_news_dag_factory.py:167} INFO - {'id': 'NCT05564416', 'source': 'clinical_trials', 'therapeutic_area': 'Oncology', 'indication': 'Lung Cancer', 'keyword': 'RG-7446', 'title': 'Testing Anti-Cancer Drugs Erdafitinib With or Without Atezolizumab in Patients With Localized Bladder Cancer Not Able to Receive Cisplatin Chemotherapy, NERA Trial', 'link': 'https://clinicaltrials.gov/ct2/show/NCT05564416?cond=RG-7446&sfpd_d=100', 'publisher': 'National Cancer Institute (NCI)', 'published_at': '2022-10-03T12:00:00.000Z', 'updated_at': '2022-10-18T22:01:06.364Z', 'atacana_team': None, 'category': None, 'priority': None, 'content': None}
[2022-10-18 22:04:47,250] {_universal.py:476} INFO - Request URL: 'https://atacananews.blob.core.windows.net/atacana-blob-container/lung-cancer/clinical-trials/20221018/rg-7446/lung-cancer_clinical-trials_20221018_rg-7446_NCT05581004.json'
Request method: 'GET'
Request headers:
    'x-ms-range': 'REDACTED'
    'x-ms-version': 'REDACTED'
    'Accept': 'application/xml'
    'User-Agent': 'azsdk-python-storage-blob/12.13.1 Python/3.8.15 (Linux-5.10.124-linuxkit-aarch64-with-glibc2.17)'
    'x-ms-date': 'REDACTED'
    'x-ms-client-request-id': 'e1226f78-4f30-11ed-86e7-0242bebc0005'
    'Authorization': 'REDACTED'
No body was attached to the request
[2022-10-18 22:04:47,435] {_universal.py:504} INFO - Response status: 206
Response headers:
    'Content-Length': '809'
    'Content-Type': 'application/octet-stream'
    'Content-Range': 'REDACTED'
    'Last-Modified': 'Tue, 18 Oct 2022 22:03:27 GMT'
    'Accept-Ranges': 'REDACTED'
    'ETag': '"0x8DAB15495B018FC"'
    'Server': 'Windows-Azure-Blob/1.0 Microsoft-HTTPAPI/2.0'
    'x-ms-request-id': '7eb3cbd3-701e-0036-3c3d-e33277000000'
    'x-ms-client-request-id': 'e1226f78-4f30-11ed-86e7-0242bebc0005'
    'x-ms-version': 'REDACTED'
    'x-ms-creation-time': 'REDACTED'
    'x-ms-blob-content-md5': 'REDACTED'
    'x-ms-lease-status': 'REDACTED'
    'x-ms-lease-state': 'REDACTED'
    'x-ms-blob-type': 'REDACTED'
    'x-ms-server-encrypted': 'REDACTED'
    'Date': 'Tue, 18 Oct 2022 22:04:47 GMT'
[2022-10-18 22:04:47,441] {logging_mixin.py:115} INFO - <class 'pandas.core.frame.DataFrame'>
RangeIndex: 1 entries, 0 to 0
Data columns (total 13 columns):
 #   Column            Non-Null Count  Dtype 
---  ------            --------------  ----- 
 0   title             1 non-null      object
 1   link              1 non-null      object
 2   id                1 non-null      object
 3   published_at      1 non-null      object
 4   conditions        1 non-null      object
 5   intervention      1 non-null      object
 6   publisher         1 non-null      object
 7   status            1 non-null      object
 8   source            1 non-null      object
 9   keyword           1 non-null      object
 10  indication        1 non-null      object
 11  therapeutic_area  1 non-null      object
 12  updated_at        1 non-null      object
dtypes: object(13)
memory usage: 232.0+ bytes
[2022-10-18 22:04:47,444] {process_news_dag_factory.py:159} INFO - None
[2022-10-18 22:04:47,447] {process_news_dag_factory.py:167} INFO - {'id': 'NCT05581004', 'source': 'clinical_trials', 'therapeutic_area': 'Oncology', 'indication': 'Lung Cancer', 'keyword': 'RG-7446', 'title': 'A Study to Evaluate the Safety, Pharmacokinetics, and Activity of RO7502175 as a Single Agent and in Combination With Atezolizumab in Participants With Locally Advanced or Metastatic Solid Tumors', 'link': 'https://clinicaltrials.gov/ct2/show/NCT05581004?cond=RG-7446&sfpd_d=100', 'publisher': 'Genentech, Inc.', 'published_at': '2022-10-14T12:00:00.000Z', 'updated_at': '2022-10-18T22:01:06.364Z', 'atacana_team': None, 'category': None, 'priority': None, 'content': None}
[2022-10-18 22:04:47,660] {python.py:173} INFO - Done. Returned value was: None
[2022-10-18 22:04:47,677] {taskinstance.py:1395} INFO - Marking task as SUCCESS. dag_id=clinical_trials__lung_cancer__etl__20220109, task_id=load_data_to_mongodb_task, map_index=51, execution_date=20221018T200000, start_date=20221018T220437, end_date=20221018T220447
[2022-10-18 22:04:47,727] {local_task_job.py:156} INFO - Task exited with return code 0
[2022-10-18 22:04:47,762] {local_task_job.py:273} INFO - 0 downstream tasks scheduled from follow-on schedule check
