[2022-10-18 20:00:29,594] {taskinstance.py:1159} INFO - Dependencies all met for <TaskInstance: clinical_trials__lung_cancer__etl__20220109.get_data_task scheduled__2022-10-18T18:00:00+00:00 map_index=23 [queued]>
[2022-10-18 20:00:29,600] {taskinstance.py:1159} INFO - Dependencies all met for <TaskInstance: clinical_trials__lung_cancer__etl__20220109.get_data_task scheduled__2022-10-18T18:00:00+00:00 map_index=23 [queued]>
[2022-10-18 20:00:29,601] {taskinstance.py:1356} INFO - 
--------------------------------------------------------------------------------
[2022-10-18 20:00:29,602] {taskinstance.py:1357} INFO - Starting attempt 1 of 1
[2022-10-18 20:00:29,603] {taskinstance.py:1358} INFO - 
--------------------------------------------------------------------------------
[2022-10-18 20:00:29,610] {taskinstance.py:1377} INFO - Executing <Mapped(_PythonDecoratedOperator): get_data_task> on 2022-10-18 18:00:00+00:00
[2022-10-18 20:00:29,615] {standard_task_runner.py:52} INFO - Started process 4689 to run task
[2022-10-18 20:00:29,618] {standard_task_runner.py:79} INFO - Running: ['airflow', 'tasks', 'run', 'clinical_trials__lung_cancer__etl__20220109', 'get_data_task', 'scheduled__2022-10-18T18:00:00+00:00', '--job-id', '523', '--raw', '--subdir', 'DAGS_FOLDER/process_news_dags.py', '--cfg-path', '/tmp/tmpbc8oi9zh', '--map-index', '23', '--error-file', '/tmp/tmp331bimru']
[2022-10-18 20:00:29,620] {standard_task_runner.py:80} INFO - Job 523: Subtask get_data_task
[2022-10-18 20:00:29,633] {logging_mixin.py:115} WARNING - /root/.cache/pypoetry/virtualenvs/***-tXitOD5F-py3.8/lib/python3.8/site-packages/airflow/configuration.py:525 DeprecationWarning: The sql_alchemy_conn option in [core] has been moved to the sql_alchemy_conn option in [database] - the old setting has been used, but please update your config.
[2022-10-18 20:00:29,662] {task_command.py:370} INFO - Running <TaskInstance: clinical_trials__lung_cancer__etl__20220109.get_data_task scheduled__2022-10-18T18:00:00+00:00 map_index=23 [running]> on host 6cdf6d517dc4
[2022-10-18 20:00:29,707] {taskinstance.py:1569} INFO - Exporting the following env vars:
AIRFLOW_CTX_DAG_EMAIL=wais@datakimia.com,david@datakimia.com,juanm@datakimia.com,tomas@datakimia.com
AIRFLOW_CTX_DAG_OWNER=atacana
AIRFLOW_CTX_DAG_ID=clinical_trials__lung_cancer__etl__20220109
AIRFLOW_CTX_TASK_ID=get_data_task
AIRFLOW_CTX_EXECUTION_DATE=2022-10-18T18:00:00+00:00
AIRFLOW_CTX_TRY_NUMBER=1
AIRFLOW_CTX_DAG_RUN_ID=scheduled__2022-10-18T18:00:00+00:00
[2022-10-18 20:00:29,709] {process_news_dag_factory.py:57} INFO - Extracting data for indication: Lung Cancer, source: clinical_trials, TA: Oncology, keyword: MDX-1106 
[2022-10-18 20:00:29,710] {extract.py:30} INFO - Going to extract clinicaltrials data about keyword MDX-1106
[2022-10-18 20:00:33,043] {logging_mixin.py:115} INFO - <class 'pandas.core.frame.DataFrame'>
RangeIndex: 23 entries, 0 to 22
Data columns (total 13 columns):
 #   Column            Non-Null Count  Dtype         
---  ------            --------------  -----         
 0   title             23 non-null     object        
 1   link              23 non-null     object        
 2   id                23 non-null     object        
 3   published_at      23 non-null     object        
 4   conditions        23 non-null     object        
 5   intervention      23 non-null     object        
 6   publisher         23 non-null     object        
 7   status            23 non-null     object        
 8   source            23 non-null     object        
 9   keyword           23 non-null     object        
 10  indication        23 non-null     object        
 11  therapeutic_area  23 non-null     object        
 12  updated_at        23 non-null     datetime64[ns]
dtypes: datetime64[ns](1), object(12)
memory usage: 2.5+ KB
[2022-10-18 20:00:33,045] {process_news_dag_factory.py:80} INFO - None
[2022-10-18 20:00:33,047] {process_news_dag_factory.py:81} INFO - Writing temp file lung-cancer_clinical-trials_mdx-1106_20221018-18_df.json
[2022-10-18 20:00:33,103] {python.py:173} INFO - Done. Returned value was: None
[2022-10-18 20:00:33,114] {taskinstance.py:1395} INFO - Marking task as SUCCESS. dag_id=clinical_trials__lung_cancer__etl__20220109, task_id=get_data_task, map_index=23, execution_date=20221018T180000, start_date=20221018T200029, end_date=20221018T200033
[2022-10-18 20:00:33,180] {local_task_job.py:156} INFO - Task exited with return code 0
[2022-10-18 20:00:33,233] {local_task_job.py:273} INFO - 0 downstream tasks scheduled from follow-on schedule check
