[2022-10-18 16:08:39,008] {taskinstance.py:1159} INFO - Dependencies all met for <TaskInstance: clinical_trials__lung_cancer__etl__20220109.load_data_to_blob_storage_task scheduled__2022-10-18T14:00:00+00:00 map_index=25 [queued]>
[2022-10-18 16:08:39,015] {taskinstance.py:1159} INFO - Dependencies all met for <TaskInstance: clinical_trials__lung_cancer__etl__20220109.load_data_to_blob_storage_task scheduled__2022-10-18T14:00:00+00:00 map_index=25 [queued]>
[2022-10-18 16:08:39,016] {taskinstance.py:1356} INFO - 
--------------------------------------------------------------------------------
[2022-10-18 16:08:39,018] {taskinstance.py:1357} INFO - Starting attempt 1 of 1
[2022-10-18 16:08:39,019] {taskinstance.py:1358} INFO - 
--------------------------------------------------------------------------------
[2022-10-18 16:08:39,025] {taskinstance.py:1377} INFO - Executing <Mapped(_PythonDecoratedOperator): load_data_to_blob_storage_task> on 2022-10-18 14:00:00+00:00
[2022-10-18 16:08:39,030] {standard_task_runner.py:52} INFO - Started process 758 to run task
[2022-10-18 16:08:39,033] {standard_task_runner.py:79} INFO - Running: ['airflow', 'tasks', 'run', 'clinical_trials__lung_cancer__etl__20220109', 'load_data_to_blob_storage_task', 'scheduled__2022-10-18T14:00:00+00:00', '--job-id', '92', '--raw', '--subdir', 'DAGS_FOLDER/process_news_dags.py', '--cfg-path', '/tmp/tmpbuarlhrj', '--map-index', '25', '--error-file', '/tmp/tmp8bjzzza3']
[2022-10-18 16:08:39,034] {standard_task_runner.py:80} INFO - Job 92: Subtask load_data_to_blob_storage_task
[2022-10-18 16:08:39,044] {logging_mixin.py:115} WARNING - /root/.cache/pypoetry/virtualenvs/***-tXitOD5F-py3.8/lib/python3.8/site-packages/airflow/configuration.py:525 DeprecationWarning: The sql_alchemy_conn option in [core] has been moved to the sql_alchemy_conn option in [database] - the old setting has been used, but please update your config.
[2022-10-18 16:08:39,070] {task_command.py:370} INFO - Running <TaskInstance: clinical_trials__lung_cancer__etl__20220109.load_data_to_blob_storage_task scheduled__2022-10-18T14:00:00+00:00 map_index=25 [running]> on host 6cdf6d517dc4
[2022-10-18 16:08:39,108] {taskinstance.py:1569} INFO - Exporting the following env vars:
AIRFLOW_CTX_DAG_EMAIL=wais@datakimia.com,david@datakimia.com,juanm@datakimia.com,tomas@datakimia.com
AIRFLOW_CTX_DAG_OWNER=atacana
AIRFLOW_CTX_DAG_ID=clinical_trials__lung_cancer__etl__20220109
AIRFLOW_CTX_TASK_ID=load_data_to_blob_storage_task
AIRFLOW_CTX_EXECUTION_DATE=2022-10-18T14:00:00+00:00
AIRFLOW_CTX_TRY_NUMBER=1
AIRFLOW_CTX_DAG_RUN_ID=scheduled__2022-10-18T14:00:00+00:00
[2022-10-18 16:08:39,110] {process_news_dag_factory.py:105} INFO - Reading temp file: lung-cancer_clinical-trials_medi4736_20221018-14_df.json
[2022-10-18 16:08:39,125] {helpers.py:114} INFO - Going to save clinical_trials data..
[2022-10-18 16:08:39,126] {helpers.py:115} INFO -                                                title  ...                  updated_at
0  Randomized Trial Comparing Standard of Care Ve...  ...  2022-10-18 16:07:30.081000
1  Ceralasertib Followed by Durvalumab and Nab-pa...  ...  2022-10-18 16:07:30.081000
2  A Phase III Study of Ceralasertib Plus Durvalu...  ...  2022-10-18 16:07:30.081000
3  Lurbinectedin Combined With Durvalumab in Pre-...  ...  2022-10-18 16:07:30.081000
4  Study of Durvalumab Plus Tremelimumab as First...  ...  2022-10-18 16:07:30.081000

[5 rows x 13 columns]
[2022-10-18 16:08:39,133] {helpers.py:116} INFO - Index(['title', 'link', 'id', 'published_at', 'conditions', 'intervention',
       'publisher', 'status', 'source', 'keyword', 'indication',
       'therapeutic_area', 'updated_at'],
      dtype='object')
[2022-10-18 16:08:39,138] {_universal.py:473} INFO - Request URL: 'https://atacananews.blob.core.windows.net/atacana-blob-container/lung-cancer/clinical-trials/20221018/medi4736/lung-cancer_clinical-trials_20221018_medi4736_NCT05568212.json'
Request method: 'PUT'
Request headers:
    'Content-Length': '740'
    'x-ms-blob-type': 'REDACTED'
    'x-ms-version': 'REDACTED'
    'Content-Type': 'application/octet-stream'
    'Accept': 'application/xml'
    'User-Agent': 'azsdk-python-storage-blob/12.13.1 Python/3.8.15 (Linux-5.10.124-linuxkit-aarch64-with-glibc2.17)'
    'x-ms-date': 'REDACTED'
    'x-ms-client-request-id': '20bf2e6e-4eff-11ed-a692-0242bebc0005'
    'Authorization': 'REDACTED'
A body is sent with the request
[2022-10-18 16:08:39,893] {_universal.py:504} INFO - Response status: 201
Response headers:
    'Content-Length': '0'
    'Content-MD5': 'REDACTED'
    'Last-Modified': 'Tue, 18 Oct 2022 16:08:39 GMT'
    'ETag': '"0x8DAB12305631AAD"'
    'Server': 'Windows-Azure-Blob/1.0 Microsoft-HTTPAPI/2.0'
    'x-ms-request-id': '94066d40-f01e-0028-2b0b-e3deaf000000'
    'x-ms-client-request-id': '20bf2e6e-4eff-11ed-a692-0242bebc0005'
    'x-ms-version': 'REDACTED'
    'x-ms-content-crc64': 'REDACTED'
    'x-ms-request-server-encrypted': 'REDACTED'
    'Date': 'Tue, 18 Oct 2022 16:08:39 GMT'
[2022-10-18 16:08:39,899] {_universal.py:473} INFO - Request URL: 'https://atacananews.blob.core.windows.net/atacana-blob-container/lung-cancer/clinical-trials/20221018/medi4736/lung-cancer_clinical-trials_20221018_medi4736_NCT05582538.json'
Request method: 'PUT'
Request headers:
    'Content-Length': '631'
    'x-ms-blob-type': 'REDACTED'
    'x-ms-version': 'REDACTED'
    'Content-Type': 'application/octet-stream'
    'Accept': 'application/xml'
    'User-Agent': 'azsdk-python-storage-blob/12.13.1 Python/3.8.15 (Linux-5.10.124-linuxkit-aarch64-with-glibc2.17)'
    'x-ms-date': 'REDACTED'
    'x-ms-client-request-id': '21335e60-4eff-11ed-a692-0242bebc0005'
    'Authorization': 'REDACTED'
A body is sent with the request
[2022-10-18 16:08:40,093] {_universal.py:504} INFO - Response status: 201
Response headers:
    'Content-Length': '0'
    'Content-MD5': 'REDACTED'
    'Last-Modified': 'Tue, 18 Oct 2022 16:08:40 GMT'
    'ETag': '"0x8DAB12305834821"'
    'Server': 'Windows-Azure-Blob/1.0 Microsoft-HTTPAPI/2.0'
    'x-ms-request-id': '94066e3e-f01e-0028-180b-e3deaf000000'
    'x-ms-client-request-id': '21335e60-4eff-11ed-a692-0242bebc0005'
    'x-ms-version': 'REDACTED'
    'x-ms-content-crc64': 'REDACTED'
    'x-ms-request-server-encrypted': 'REDACTED'
    'Date': 'Tue, 18 Oct 2022 16:08:39 GMT'
[2022-10-18 16:08:40,097] {_universal.py:473} INFO - Request URL: 'https://atacananews.blob.core.windows.net/atacana-blob-container/lung-cancer/clinical-trials/20221018/medi4736/lung-cancer_clinical-trials_20221018_medi4736_NCT05450692.json'
Request method: 'PUT'
Request headers:
    'Content-Length': '718'
    'x-ms-blob-type': 'REDACTED'
    'x-ms-version': 'REDACTED'
    'Content-Type': 'application/octet-stream'
    'Accept': 'application/xml'
    'User-Agent': 'azsdk-python-storage-blob/12.13.1 Python/3.8.15 (Linux-5.10.124-linuxkit-aarch64-with-glibc2.17)'
    'x-ms-date': 'REDACTED'
    'x-ms-client-request-id': '21517c1a-4eff-11ed-a692-0242bebc0005'
    'Authorization': 'REDACTED'
A body is sent with the request
[2022-10-18 16:08:40,287] {_universal.py:504} INFO - Response status: 201
Response headers:
    'Content-Length': '0'
    'Content-MD5': 'REDACTED'
    'Last-Modified': 'Tue, 18 Oct 2022 16:08:40 GMT'
    'ETag': '"0x8DAB12305A104FA"'
    'Server': 'Windows-Azure-Blob/1.0 Microsoft-HTTPAPI/2.0'
    'x-ms-request-id': '94066f27-f01e-0028-690b-e3deaf000000'
    'x-ms-client-request-id': '21517c1a-4eff-11ed-a692-0242bebc0005'
    'x-ms-version': 'REDACTED'
    'x-ms-content-crc64': 'REDACTED'
    'x-ms-request-server-encrypted': 'REDACTED'
    'Date': 'Tue, 18 Oct 2022 16:08:39 GMT'
[2022-10-18 16:08:40,291] {_universal.py:473} INFO - Request URL: 'https://atacananews.blob.core.windows.net/atacana-blob-container/lung-cancer/clinical-trials/20221018/medi4736/lung-cancer_clinical-trials_20221018_medi4736_NCT05572476.json'
Request method: 'PUT'
Request headers:
    'Content-Length': '751'
    'x-ms-blob-type': 'REDACTED'
    'x-ms-version': 'REDACTED'
    'Content-Type': 'application/octet-stream'
    'Accept': 'application/xml'
    'User-Agent': 'azsdk-python-storage-blob/12.13.1 Python/3.8.15 (Linux-5.10.124-linuxkit-aarch64-with-glibc2.17)'
    'x-ms-date': 'REDACTED'
    'x-ms-client-request-id': '216f1f40-4eff-11ed-a692-0242bebc0005'
    'Authorization': 'REDACTED'
A body is sent with the request
[2022-10-18 16:08:40,494] {_universal.py:504} INFO - Response status: 201
Response headers:
    'Content-Length': '0'
    'Content-MD5': 'REDACTED'
    'Last-Modified': 'Tue, 18 Oct 2022 16:08:40 GMT'
    'ETag': '"0x8DAB12305C1A797"'
    'Server': 'Windows-Azure-Blob/1.0 Microsoft-HTTPAPI/2.0'
    'x-ms-request-id': '9406705d-f01e-0028-010b-e3deaf000000'
    'x-ms-client-request-id': '216f1f40-4eff-11ed-a692-0242bebc0005'
    'x-ms-version': 'REDACTED'
    'x-ms-content-crc64': 'REDACTED'
    'x-ms-request-server-encrypted': 'REDACTED'
    'Date': 'Tue, 18 Oct 2022 16:08:40 GMT'
[2022-10-18 16:08:40,499] {_universal.py:473} INFO - Request URL: 'https://atacananews.blob.core.windows.net/atacana-blob-container/lung-cancer/clinical-trials/20221018/medi4736/lung-cancer_clinical-trials_20221018_medi4736_NCT05557838.json'
Request method: 'PUT'
Request headers:
    'Content-Length': '580'
    'x-ms-blob-type': 'REDACTED'
    'x-ms-version': 'REDACTED'
    'Content-Type': 'application/octet-stream'
    'Accept': 'application/xml'
    'User-Agent': 'azsdk-python-storage-blob/12.13.1 Python/3.8.15 (Linux-5.10.124-linuxkit-aarch64-with-glibc2.17)'
    'x-ms-date': 'REDACTED'
    'x-ms-client-request-id': '218edd6c-4eff-11ed-a692-0242bebc0005'
    'Authorization': 'REDACTED'
A body is sent with the request
[2022-10-18 16:08:40,689] {_universal.py:504} INFO - Response status: 201
Response headers:
    'Content-Length': '0'
    'Content-MD5': 'REDACTED'
    'Last-Modified': 'Tue, 18 Oct 2022 16:08:40 GMT'
    'ETag': '"0x8DAB12305DEA142"'
    'Server': 'Windows-Azure-Blob/1.0 Microsoft-HTTPAPI/2.0'
    'x-ms-request-id': '94067128-f01e-0028-3b0b-e3deaf000000'
    'x-ms-client-request-id': '218edd6c-4eff-11ed-a692-0242bebc0005'
    'x-ms-version': 'REDACTED'
    'x-ms-content-crc64': 'REDACTED'
    'x-ms-request-server-encrypted': 'REDACTED'
    'Date': 'Tue, 18 Oct 2022 16:08:40 GMT'
[2022-10-18 16:08:40,691] {_universal.py:473} INFO - Request URL: 'https://atacananews.blob.core.windows.net/atacana-blob-container/lung-cancer/clinical-trials/20221018/medi4736/lung-cancer_clinical-trials_20221018_medi4736_NCT05484583.json'
Request method: 'PUT'
Request headers:
    'Content-Length': '778'
    'x-ms-blob-type': 'REDACTED'
    'x-ms-version': 'REDACTED'
    'Content-Type': 'application/octet-stream'
    'Accept': 'application/xml'
    'User-Agent': 'azsdk-python-storage-blob/12.13.1 Python/3.8.15 (Linux-5.10.124-linuxkit-aarch64-with-glibc2.17)'
    'x-ms-date': 'REDACTED'
    'x-ms-client-request-id': '21ac3772-4eff-11ed-a692-0242bebc0005'
    'Authorization': 'REDACTED'
A body is sent with the request
[2022-10-18 16:08:40,891] {_universal.py:504} INFO - Response status: 201
Response headers:
    'Content-Length': '0'
    'Content-MD5': 'REDACTED'
    'Last-Modified': 'Tue, 18 Oct 2022 16:08:40 GMT'
    'ETag': '"0x8DAB12305FCAC46"'
    'Server': 'Windows-Azure-Blob/1.0 Microsoft-HTTPAPI/2.0'
    'x-ms-request-id': '94067203-f01e-0028-7d0b-e3deaf000000'
    'x-ms-client-request-id': '21ac3772-4eff-11ed-a692-0242bebc0005'
    'x-ms-version': 'REDACTED'
    'x-ms-content-crc64': 'REDACTED'
    'x-ms-request-server-encrypted': 'REDACTED'
    'Date': 'Tue, 18 Oct 2022 16:08:40 GMT'
[2022-10-18 16:08:40,915] {_universal.py:473} INFO - Request URL: 'https://atacananews.blob.core.windows.net/atacana-blob-container/lung-cancer/clinical-trials/20221018/medi4736/lung-cancer_clinical-trials_20221018_medi4736_NCT05456867.json'
Request method: 'PUT'
Request headers:
    'Content-Length': '568'
    'x-ms-blob-type': 'REDACTED'
    'x-ms-version': 'REDACTED'
    'Content-Type': 'application/octet-stream'
    'Accept': 'application/xml'
    'User-Agent': 'azsdk-python-storage-blob/12.13.1 Python/3.8.15 (Linux-5.10.124-linuxkit-aarch64-with-glibc2.17)'
    'x-ms-date': 'REDACTED'
    'x-ms-client-request-id': '21ce5654-4eff-11ed-a692-0242bebc0005'
    'Authorization': 'REDACTED'
A body is sent with the request
[2022-10-18 16:08:41,103] {_universal.py:504} INFO - Response status: 201
Response headers:
    'Content-Length': '0'
    'Content-MD5': 'REDACTED'
    'Last-Modified': 'Tue, 18 Oct 2022 16:08:41 GMT'
    'ETag': '"0x8DAB123061DC3EB"'
    'Server': 'Windows-Azure-Blob/1.0 Microsoft-HTTPAPI/2.0'
    'x-ms-request-id': '940672f9-f01e-0028-520b-e3deaf000000'
    'x-ms-client-request-id': '21ce5654-4eff-11ed-a692-0242bebc0005'
    'x-ms-version': 'REDACTED'
    'x-ms-content-crc64': 'REDACTED'
    'x-ms-request-server-encrypted': 'REDACTED'
    'Date': 'Tue, 18 Oct 2022 16:08:40 GMT'
[2022-10-18 16:08:41,110] {_universal.py:473} INFO - Request URL: 'https://atacananews.blob.core.windows.net/atacana-blob-container/lung-cancer/clinical-trials/20221018/medi4736/lung-cancer_clinical-trials_20221018_medi4736_NCT05498155.json'
Request method: 'PUT'
Request headers:
    'Content-Length': '656'
    'x-ms-blob-type': 'REDACTED'
    'x-ms-version': 'REDACTED'
    'Content-Type': 'application/octet-stream'
    'Accept': 'application/xml'
    'User-Agent': 'azsdk-python-storage-blob/12.13.1 Python/3.8.15 (Linux-5.10.124-linuxkit-aarch64-with-glibc2.17)'
    'x-ms-date': 'REDACTED'
    'x-ms-client-request-id': '21ec297c-4eff-11ed-a692-0242bebc0005'
    'Authorization': 'REDACTED'
A body is sent with the request
[2022-10-18 16:08:41,298] {_universal.py:504} INFO - Response status: 201
Response headers:
    'Content-Length': '0'
    'Content-MD5': 'REDACTED'
    'Last-Modified': 'Tue, 18 Oct 2022 16:08:41 GMT'
    'ETag': '"0x8DAB123063BF5ED"'
    'Server': 'Windows-Azure-Blob/1.0 Microsoft-HTTPAPI/2.0'
    'x-ms-request-id': '940673d8-f01e-0028-180b-e3deaf000000'
    'x-ms-client-request-id': '21ec297c-4eff-11ed-a692-0242bebc0005'
    'x-ms-version': 'REDACTED'
    'x-ms-content-crc64': 'REDACTED'
    'x-ms-request-server-encrypted': 'REDACTED'
    'Date': 'Tue, 18 Oct 2022 16:08:40 GMT'
[2022-10-18 16:08:41,301] {_universal.py:473} INFO - Request URL: 'https://atacananews.blob.core.windows.net/atacana-blob-container/lung-cancer/clinical-trials/20221018/medi4736/lung-cancer_clinical-trials_20221018_medi4736_NCT05514132.json'
Request method: 'PUT'
Request headers:
    'Content-Length': '593'
    'x-ms-blob-type': 'REDACTED'
    'x-ms-version': 'REDACTED'
    'Content-Type': 'application/octet-stream'
    'Accept': 'application/xml'
    'User-Agent': 'azsdk-python-storage-blob/12.13.1 Python/3.8.15 (Linux-5.10.124-linuxkit-aarch64-with-glibc2.17)'
    'x-ms-date': 'REDACTED'
    'x-ms-client-request-id': '22093aee-4eff-11ed-a692-0242bebc0005'
    'Authorization': 'REDACTED'
A body is sent with the request
[2022-10-18 16:08:41,489] {_universal.py:504} INFO - Response status: 201
Response headers:
    'Content-Length': '0'
    'Content-MD5': 'REDACTED'
    'Last-Modified': 'Tue, 18 Oct 2022 16:08:41 GMT'
    'ETag': '"0x8DAB1230658EF91"'
    'Server': 'Windows-Azure-Blob/1.0 Microsoft-HTTPAPI/2.0'
    'x-ms-request-id': '94067479-f01e-0028-2d0b-e3deaf000000'
    'x-ms-client-request-id': '22093aee-4eff-11ed-a692-0242bebc0005'
    'x-ms-version': 'REDACTED'
    'x-ms-content-crc64': 'REDACTED'
    'x-ms-request-server-encrypted': 'REDACTED'
    'Date': 'Tue, 18 Oct 2022 16:08:41 GMT'
[2022-10-18 16:08:41,492] {_universal.py:473} INFO - Request URL: 'https://atacananews.blob.core.windows.net/atacana-blob-container/lung-cancer/clinical-trials/20221018/medi4736/lung-cancer_clinical-trials_20221018_medi4736_NCT05451043.json'
Request method: 'PUT'
Request headers:
    'Content-Length': '773'
    'x-ms-blob-type': 'REDACTED'
    'x-ms-version': 'REDACTED'
    'Content-Type': 'application/octet-stream'
    'Accept': 'application/xml'
    'User-Agent': 'azsdk-python-storage-blob/12.13.1 Python/3.8.15 (Linux-5.10.124-linuxkit-aarch64-with-glibc2.17)'
    'x-ms-date': 'REDACTED'
    'x-ms-client-request-id': '222658fe-4eff-11ed-a692-0242bebc0005'
    'Authorization': 'REDACTED'
A body is sent with the request
[2022-10-18 16:08:41,678] {_universal.py:504} INFO - Response status: 201
Response headers:
    'Content-Length': '0'
    'Content-MD5': 'REDACTED'
    'Last-Modified': 'Tue, 18 Oct 2022 16:08:41 GMT'
    'ETag': '"0x8DAB1230675C227"'
    'Server': 'Windows-Azure-Blob/1.0 Microsoft-HTTPAPI/2.0'
    'x-ms-request-id': '94067527-f01e-0028-400b-e3deaf000000'
    'x-ms-client-request-id': '222658fe-4eff-11ed-a692-0242bebc0005'
    'x-ms-version': 'REDACTED'
    'x-ms-content-crc64': 'REDACTED'
    'x-ms-request-server-encrypted': 'REDACTED'
    'Date': 'Tue, 18 Oct 2022 16:08:41 GMT'
[2022-10-18 16:08:41,681] {python.py:173} INFO - Done. Returned value was: None
[2022-10-18 16:08:41,691] {taskinstance.py:1395} INFO - Marking task as SUCCESS. dag_id=clinical_trials__lung_cancer__etl__20220109, task_id=load_data_to_blob_storage_task, map_index=25, execution_date=20221018T140000, start_date=20221018T160839, end_date=20221018T160841
[2022-10-18 16:08:41,747] {local_task_job.py:156} INFO - Task exited with return code 0
[2022-10-18 16:08:41,789] {local_task_job.py:273} INFO - 0 downstream tasks scheduled from follow-on schedule check
