[2022-10-18 22:03:50,443] {taskinstance.py:1159} INFO - Dependencies all met for <TaskInstance: clinical_trials__lung_cancer__etl__20220109.load_data_to_blob_storage_task scheduled__2022-10-18T20:00:00+00:00 map_index=62 [queued]>
[2022-10-18 22:03:50,462] {taskinstance.py:1159} INFO - Dependencies all met for <TaskInstance: clinical_trials__lung_cancer__etl__20220109.load_data_to_blob_storage_task scheduled__2022-10-18T20:00:00+00:00 map_index=62 [queued]>
[2022-10-18 22:03:50,471] {taskinstance.py:1356} INFO - 
--------------------------------------------------------------------------------
[2022-10-18 22:03:50,472] {taskinstance.py:1357} INFO - Starting attempt 1 of 1
[2022-10-18 22:03:50,506] {taskinstance.py:1358} INFO - 
--------------------------------------------------------------------------------
[2022-10-18 22:03:50,513] {taskinstance.py:1377} INFO - Executing <Mapped(_PythonDecoratedOperator): load_data_to_blob_storage_task> on 2022-10-18 20:00:00+00:00
[2022-10-18 22:03:50,518] {standard_task_runner.py:52} INFO - Started process 6850 to run task
[2022-10-18 22:03:50,521] {standard_task_runner.py:79} INFO - Running: ['airflow', 'tasks', 'run', 'clinical_trials__lung_cancer__etl__20220109', 'load_data_to_blob_storage_task', 'scheduled__2022-10-18T20:00:00+00:00', '--job-id', '870', '--raw', '--subdir', 'DAGS_FOLDER/process_news_dags.py', '--cfg-path', '/tmp/tmpuul7mhad', '--map-index', '62', '--error-file', '/tmp/tmp7_l3wcdp']
[2022-10-18 22:03:50,522] {standard_task_runner.py:80} INFO - Job 870: Subtask load_data_to_blob_storage_task
[2022-10-18 22:03:50,534] {logging_mixin.py:115} WARNING - /root/.cache/pypoetry/virtualenvs/***-tXitOD5F-py3.8/lib/python3.8/site-packages/airflow/configuration.py:525 DeprecationWarning: The sql_alchemy_conn option in [core] has been moved to the sql_alchemy_conn option in [database] - the old setting has been used, but please update your config.
[2022-10-18 22:03:50,563] {task_command.py:370} INFO - Running <TaskInstance: clinical_trials__lung_cancer__etl__20220109.load_data_to_blob_storage_task scheduled__2022-10-18T20:00:00+00:00 map_index=62 [running]> on host 6cdf6d517dc4
[2022-10-18 22:03:50,610] {taskinstance.py:1569} INFO - Exporting the following env vars:
AIRFLOW_CTX_DAG_EMAIL=wais@datakimia.com,david@datakimia.com,juanm@datakimia.com,tomas@datakimia.com
AIRFLOW_CTX_DAG_OWNER=atacana
AIRFLOW_CTX_DAG_ID=clinical_trials__lung_cancer__etl__20220109
AIRFLOW_CTX_TASK_ID=load_data_to_blob_storage_task
AIRFLOW_CTX_EXECUTION_DATE=2022-10-18T20:00:00+00:00
AIRFLOW_CTX_TRY_NUMBER=1
AIRFLOW_CTX_DAG_RUN_ID=scheduled__2022-10-18T20:00:00+00:00
[2022-10-18 22:03:50,612] {process_news_dag_factory.py:105} INFO - Reading temp file: lung-cancer_clinical-trials_small-cell-lung-cancer_20221018-20_df.json
[2022-10-18 22:03:50,626] {helpers.py:114} INFO - Going to save clinical_trials data..
[2022-10-18 22:03:50,627] {helpers.py:115} INFO -                                                title  ...                  updated_at
0  Study of PLK1 Inhibitor, Onvansertib, in Relap...  ...  2022-10-18 22:01:21.886000
1  Surufatinib Plus Anti-PD-1/L1 as Maintenance T...  ...  2022-10-18 22:01:21.886000
2  The Efficiency of Surgery and Radiotherapy Aft...  ...  2022-10-18 22:01:21.886000
3  Lurbinectedin Combined With Durvalumab in Pre-...  ...  2022-10-18 22:01:21.886000
4  To Evaluate Efficacy and Safety of HLX10 + Che...  ...  2022-10-18 22:01:21.886000

[5 rows x 13 columns]
[2022-10-18 22:03:50,637] {helpers.py:116} INFO - Index(['title', 'link', 'id', 'published_at', 'conditions', 'intervention',
       'publisher', 'status', 'source', 'keyword', 'indication',
       'therapeutic_area', 'updated_at'],
      dtype='object')
[2022-10-18 22:03:50,644] {_universal.py:473} INFO - Request URL: 'https://atacananews.blob.core.windows.net/atacana-blob-container/lung-cancer/clinical-trials/20221018/small-cell-lung-cancer/lung-cancer_clinical-trials_20221018_small-cell-lung-cancer_NCT05450965.json'
Request method: 'PUT'
Request headers:
    'Content-Length': '620'
    'x-ms-blob-type': 'REDACTED'
    'x-ms-version': 'REDACTED'
    'Content-Type': 'application/octet-stream'
    'Accept': 'application/xml'
    'User-Agent': 'azsdk-python-storage-blob/12.13.1 Python/3.8.15 (Linux-5.10.124-linuxkit-aarch64-with-glibc2.17)'
    'x-ms-date': 'REDACTED'
    'x-ms-client-request-id': 'bf64e3c0-4f30-11ed-abd5-0242bebc0005'
    'Authorization': 'REDACTED'
A body is sent with the request
[2022-10-18 22:03:51,391] {_universal.py:504} INFO - Response status: 201
Response headers:
    'Content-Length': '0'
    'Content-MD5': 'REDACTED'
    'Last-Modified': 'Tue, 18 Oct 2022 22:03:51 GMT'
    'ETag': '"0x8DAB154A4108F49"'
    'Server': 'Windows-Azure-Blob/1.0 Microsoft-HTTPAPI/2.0'
    'x-ms-request-id': '8c6a469b-701e-0044-2e3d-e33538000000'
    'x-ms-client-request-id': 'bf64e3c0-4f30-11ed-abd5-0242bebc0005'
    'x-ms-version': 'REDACTED'
    'x-ms-content-crc64': 'REDACTED'
    'x-ms-request-server-encrypted': 'REDACTED'
    'Date': 'Tue, 18 Oct 2022 22:03:50 GMT'
[2022-10-18 22:03:51,399] {_universal.py:473} INFO - Request URL: 'https://atacananews.blob.core.windows.net/atacana-blob-container/lung-cancer/clinical-trials/20221018/small-cell-lung-cancer/lung-cancer_clinical-trials_20221018_small-cell-lung-cancer_NCT05509699.json'
Request method: 'PUT'
Request headers:
    'Content-Length': '613'
    'x-ms-blob-type': 'REDACTED'
    'x-ms-version': 'REDACTED'
    'Content-Type': 'application/octet-stream'
    'Accept': 'application/xml'
    'User-Agent': 'azsdk-python-storage-blob/12.13.1 Python/3.8.15 (Linux-5.10.124-linuxkit-aarch64-with-glibc2.17)'
    'x-ms-date': 'REDACTED'
    'x-ms-client-request-id': 'bfd81e94-4f30-11ed-abd5-0242bebc0005'
    'Authorization': 'REDACTED'
A body is sent with the request
[2022-10-18 22:03:51,602] {_universal.py:504} INFO - Response status: 201
Response headers:
    'Content-Length': '0'
    'Content-MD5': 'REDACTED'
    'Last-Modified': 'Tue, 18 Oct 2022 22:03:51 GMT'
    'ETag': '"0x8DAB154A43131EF"'
    'Server': 'Windows-Azure-Blob/1.0 Microsoft-HTTPAPI/2.0'
    'x-ms-request-id': '8c6a4764-701e-0044-693d-e33538000000'
    'x-ms-client-request-id': 'bfd81e94-4f30-11ed-abd5-0242bebc0005'
    'x-ms-version': 'REDACTED'
    'x-ms-content-crc64': 'REDACTED'
    'x-ms-request-server-encrypted': 'REDACTED'
    'Date': 'Tue, 18 Oct 2022 22:03:51 GMT'
[2022-10-18 22:03:51,605] {_universal.py:473} INFO - Request URL: 'https://atacananews.blob.core.windows.net/atacana-blob-container/lung-cancer/clinical-trials/20221018/small-cell-lung-cancer/lung-cancer_clinical-trials_20221018_small-cell-lung-cancer_NCT05496166.json'
Request method: 'PUT'
Request headers:
    'Content-Length': '789'
    'x-ms-blob-type': 'REDACTED'
    'x-ms-version': 'REDACTED'
    'Content-Type': 'application/octet-stream'
    'Accept': 'application/xml'
    'User-Agent': 'azsdk-python-storage-blob/12.13.1 Python/3.8.15 (Linux-5.10.124-linuxkit-aarch64-with-glibc2.17)'
    'x-ms-date': 'REDACTED'
    'x-ms-client-request-id': 'bff78fc2-4f30-11ed-abd5-0242bebc0005'
    'Authorization': 'REDACTED'
A body is sent with the request
[2022-10-18 22:03:51,791] {_universal.py:504} INFO - Response status: 201
Response headers:
    'Content-Length': '0'
    'Content-MD5': 'REDACTED'
    'Last-Modified': 'Tue, 18 Oct 2022 22:03:51 GMT'
    'ETag': '"0x8DAB154A44E52A0"'
    'Server': 'Windows-Azure-Blob/1.0 Microsoft-HTTPAPI/2.0'
    'x-ms-request-id': '8c6a4829-701e-0044-213d-e33538000000'
    'x-ms-client-request-id': 'bff78fc2-4f30-11ed-abd5-0242bebc0005'
    'x-ms-version': 'REDACTED'
    'x-ms-content-crc64': 'REDACTED'
    'x-ms-request-server-encrypted': 'REDACTED'
    'Date': 'Tue, 18 Oct 2022 22:03:51 GMT'
[2022-10-18 22:03:51,795] {_universal.py:473} INFO - Request URL: 'https://atacananews.blob.core.windows.net/atacana-blob-container/lung-cancer/clinical-trials/20221018/small-cell-lung-cancer/lung-cancer_clinical-trials_20221018_small-cell-lung-cancer_NCT05572476.json'
Request method: 'PUT'
Request headers:
    'Content-Length': '779'
    'x-ms-blob-type': 'REDACTED'
    'x-ms-version': 'REDACTED'
    'Content-Type': 'application/octet-stream'
    'Accept': 'application/xml'
    'User-Agent': 'azsdk-python-storage-blob/12.13.1 Python/3.8.15 (Linux-5.10.124-linuxkit-aarch64-with-glibc2.17)'
    'x-ms-date': 'REDACTED'
    'x-ms-client-request-id': 'c01487ee-4f30-11ed-abd5-0242bebc0005'
    'Authorization': 'REDACTED'
A body is sent with the request
[2022-10-18 22:03:52,015] {_universal.py:504} INFO - Response status: 201
Response headers:
    'Content-Length': '0'
    'Content-MD5': 'REDACTED'
    'Last-Modified': 'Tue, 18 Oct 2022 22:03:52 GMT'
    'ETag': '"0x8DAB154A46B9A5A"'
    'Server': 'Windows-Azure-Blob/1.0 Microsoft-HTTPAPI/2.0'
    'x-ms-request-id': '8c6a48f5-701e-0044-603d-e33538000000'
    'x-ms-client-request-id': 'c01487ee-4f30-11ed-abd5-0242bebc0005'
    'x-ms-version': 'REDACTED'
    'x-ms-content-crc64': 'REDACTED'
    'x-ms-request-server-encrypted': 'REDACTED'
    'Date': 'Tue, 18 Oct 2022 22:03:51 GMT'
[2022-10-18 22:03:52,019] {_universal.py:473} INFO - Request URL: 'https://atacananews.blob.core.windows.net/atacana-blob-container/lung-cancer/clinical-trials/20221018/small-cell-lung-cancer/lung-cancer_clinical-trials_20221018_small-cell-lung-cancer_NCT05468489.json'
Request method: 'PUT'
Request headers:
    'Content-Length': '685'
    'x-ms-blob-type': 'REDACTED'
    'x-ms-version': 'REDACTED'
    'Content-Type': 'application/octet-stream'
    'Accept': 'application/xml'
    'User-Agent': 'azsdk-python-storage-blob/12.13.1 Python/3.8.15 (Linux-5.10.124-linuxkit-aarch64-with-glibc2.17)'
    'x-ms-date': 'REDACTED'
    'x-ms-client-request-id': 'c036cf84-4f30-11ed-abd5-0242bebc0005'
    'Authorization': 'REDACTED'
A body is sent with the request
[2022-10-18 22:03:52,212] {_universal.py:504} INFO - Response status: 201
Response headers:
    'Content-Length': '0'
    'Content-MD5': 'REDACTED'
    'Last-Modified': 'Tue, 18 Oct 2022 22:03:52 GMT'
    'ETag': '"0x8DAB154A48F49CD"'
    'Server': 'Windows-Azure-Blob/1.0 Microsoft-HTTPAPI/2.0'
    'x-ms-request-id': '8c6a4a1d-701e-0044-793d-e33538000000'
    'x-ms-client-request-id': 'c036cf84-4f30-11ed-abd5-0242bebc0005'
    'x-ms-version': 'REDACTED'
    'x-ms-content-crc64': 'REDACTED'
    'x-ms-request-server-encrypted': 'REDACTED'
    'Date': 'Tue, 18 Oct 2022 22:03:51 GMT'
[2022-10-18 22:03:52,218] {_universal.py:473} INFO - Request URL: 'https://atacananews.blob.core.windows.net/atacana-blob-container/lung-cancer/clinical-trials/20221018/small-cell-lung-cancer/lung-cancer_clinical-trials_20221018_small-cell-lung-cancer_NCT05552846.json'
Request method: 'PUT'
Request headers:
    'Content-Length': '581'
    'x-ms-blob-type': 'REDACTED'
    'x-ms-version': 'REDACTED'
    'Content-Type': 'application/octet-stream'
    'Accept': 'application/xml'
    'User-Agent': 'azsdk-python-storage-blob/12.13.1 Python/3.8.15 (Linux-5.10.124-linuxkit-aarch64-with-glibc2.17)'
    'x-ms-date': 'REDACTED'
    'x-ms-client-request-id': 'c0550bfc-4f30-11ed-abd5-0242bebc0005'
    'Authorization': 'REDACTED'
A body is sent with the request
[2022-10-18 22:03:52,404] {_universal.py:504} INFO - Response status: 201
Response headers:
    'Content-Length': '0'
    'Content-MD5': 'REDACTED'
    'Last-Modified': 'Tue, 18 Oct 2022 22:03:52 GMT'
    'ETag': '"0x8DAB154A4ABF55C"'
    'Server': 'Windows-Azure-Blob/1.0 Microsoft-HTTPAPI/2.0'
    'x-ms-request-id': '8c6a4ac6-701e-0044-183d-e33538000000'
    'x-ms-client-request-id': 'c0550bfc-4f30-11ed-abd5-0242bebc0005'
    'x-ms-version': 'REDACTED'
    'x-ms-content-crc64': 'REDACTED'
    'x-ms-request-server-encrypted': 'REDACTED'
    'Date': 'Tue, 18 Oct 2022 22:03:51 GMT'
[2022-10-18 22:03:52,407] {_universal.py:473} INFO - Request URL: 'https://atacananews.blob.core.windows.net/atacana-blob-container/lung-cancer/clinical-trials/20221018/small-cell-lung-cancer/lung-cancer_clinical-trials_20221018_small-cell-lung-cancer_NCT05484583.json'
Request method: 'PUT'
Request headers:
    'Content-Length': '806'
    'x-ms-blob-type': 'REDACTED'
    'x-ms-version': 'REDACTED'
    'Content-Type': 'application/octet-stream'
    'Accept': 'application/xml'
    'User-Agent': 'azsdk-python-storage-blob/12.13.1 Python/3.8.15 (Linux-5.10.124-linuxkit-aarch64-with-glibc2.17)'
    'x-ms-date': 'REDACTED'
    'x-ms-client-request-id': 'c07200c2-4f30-11ed-abd5-0242bebc0005'
    'Authorization': 'REDACTED'
A body is sent with the request
[2022-10-18 22:03:52,595] {_universal.py:504} INFO - Response status: 201
Response headers:
    'Content-Length': '0'
    'Content-MD5': 'REDACTED'
    'Last-Modified': 'Tue, 18 Oct 2022 22:03:52 GMT'
    'ETag': '"0x8DAB154A4C8EEFE"'
    'Server': 'Windows-Azure-Blob/1.0 Microsoft-HTTPAPI/2.0'
    'x-ms-request-id': '8c6a4b75-701e-0044-3d3d-e33538000000'
    'x-ms-client-request-id': 'c07200c2-4f30-11ed-abd5-0242bebc0005'
    'x-ms-version': 'REDACTED'
    'x-ms-content-crc64': 'REDACTED'
    'x-ms-request-server-encrypted': 'REDACTED'
    'Date': 'Tue, 18 Oct 2022 22:03:52 GMT'
[2022-10-18 22:03:52,603] {_universal.py:473} INFO - Request URL: 'https://atacananews.blob.core.windows.net/atacana-blob-container/lung-cancer/clinical-trials/20221018/small-cell-lung-cancer/lung-cancer_clinical-trials_20221018_small-cell-lung-cancer_NCT05483543.json'
Request method: 'PUT'
Request headers:
    'Content-Length': '567'
    'x-ms-blob-type': 'REDACTED'
    'x-ms-version': 'REDACTED'
    'Content-Type': 'application/octet-stream'
    'Accept': 'application/xml'
    'User-Agent': 'azsdk-python-storage-blob/12.13.1 Python/3.8.15 (Linux-5.10.124-linuxkit-aarch64-with-glibc2.17)'
    'x-ms-date': 'REDACTED'
    'x-ms-client-request-id': 'c08fe84e-4f30-11ed-abd5-0242bebc0005'
    'Authorization': 'REDACTED'
A body is sent with the request
[2022-10-18 22:03:52,805] {_universal.py:504} INFO - Response status: 201
Response headers:
    'Content-Length': '0'
    'Content-MD5': 'REDACTED'
    'Last-Modified': 'Tue, 18 Oct 2022 22:03:52 GMT'
    'ETag': '"0x8DAB154A4E8F577"'
    'Server': 'Windows-Azure-Blob/1.0 Microsoft-HTTPAPI/2.0'
    'x-ms-request-id': '8c6a4c3e-701e-0044-793d-e33538000000'
    'x-ms-client-request-id': 'c08fe84e-4f30-11ed-abd5-0242bebc0005'
    'x-ms-version': 'REDACTED'
    'x-ms-content-crc64': 'REDACTED'
    'x-ms-request-server-encrypted': 'REDACTED'
    'Date': 'Tue, 18 Oct 2022 22:03:52 GMT'
[2022-10-18 22:03:52,816] {_universal.py:473} INFO - Request URL: 'https://atacananews.blob.core.windows.net/atacana-blob-container/lung-cancer/clinical-trials/20221018/small-cell-lung-cancer/lung-cancer_clinical-trials_20221018_small-cell-lung-cancer_NCT05578326.json'
Request method: 'PUT'
Request headers:
    'Content-Length': '594'
    'x-ms-blob-type': 'REDACTED'
    'x-ms-version': 'REDACTED'
    'Content-Type': 'application/octet-stream'
    'Accept': 'application/xml'
    'User-Agent': 'azsdk-python-storage-blob/12.13.1 Python/3.8.15 (Linux-5.10.124-linuxkit-aarch64-with-glibc2.17)'
    'x-ms-date': 'REDACTED'
    'x-ms-client-request-id': 'c0b0562e-4f30-11ed-abd5-0242bebc0005'
    'Authorization': 'REDACTED'
A body is sent with the request
[2022-10-18 22:03:53,000] {_universal.py:504} INFO - Response status: 201
Response headers:
    'Content-Length': '0'
    'Content-MD5': 'REDACTED'
    'Last-Modified': 'Tue, 18 Oct 2022 22:03:53 GMT'
    'ETag': '"0x8DAB154A5070067"'
    'Server': 'Windows-Azure-Blob/1.0 Microsoft-HTTPAPI/2.0'
    'x-ms-request-id': '8c6a4d14-701e-0044-423d-e33538000000'
    'x-ms-client-request-id': 'c0b0562e-4f30-11ed-abd5-0242bebc0005'
    'x-ms-version': 'REDACTED'
    'x-ms-content-crc64': 'REDACTED'
    'x-ms-request-server-encrypted': 'REDACTED'
    'Date': 'Tue, 18 Oct 2022 22:03:52 GMT'
[2022-10-18 22:03:53,007] {_universal.py:473} INFO - Request URL: 'https://atacananews.blob.core.windows.net/atacana-blob-container/lung-cancer/clinical-trials/20221018/small-cell-lung-cancer/lung-cancer_clinical-trials_20221018_small-cell-lung-cancer_NCT05523908.json'
Request method: 'PUT'
Request headers:
    'Content-Length': '618'
    'x-ms-blob-type': 'REDACTED'
    'x-ms-version': 'REDACTED'
    'Content-Type': 'application/octet-stream'
    'Accept': 'application/xml'
    'User-Agent': 'azsdk-python-storage-blob/12.13.1 Python/3.8.15 (Linux-5.10.124-linuxkit-aarch64-with-glibc2.17)'
    'x-ms-date': 'REDACTED'
    'x-ms-client-request-id': 'c0cd82b2-4f30-11ed-abd5-0242bebc0005'
    'Authorization': 'REDACTED'
A body is sent with the request
[2022-10-18 22:03:53,194] {_universal.py:504} INFO - Response status: 201
Response headers:
    'Content-Length': '0'
    'Content-MD5': 'REDACTED'
    'Last-Modified': 'Tue, 18 Oct 2022 22:03:53 GMT'
    'ETag': '"0x8DAB154A5249636"'
    'Server': 'Windows-Azure-Blob/1.0 Microsoft-HTTPAPI/2.0'
    'x-ms-request-id': '8c6a4de9-701e-0044-0e3d-e33538000000'
    'x-ms-client-request-id': 'c0cd82b2-4f30-11ed-abd5-0242bebc0005'
    'x-ms-version': 'REDACTED'
    'x-ms-content-crc64': 'REDACTED'
    'x-ms-request-server-encrypted': 'REDACTED'
    'Date': 'Tue, 18 Oct 2022 22:03:52 GMT'
[2022-10-18 22:03:53,198] {_universal.py:473} INFO - Request URL: 'https://atacananews.blob.core.windows.net/atacana-blob-container/lung-cancer/clinical-trials/20221018/small-cell-lung-cancer/lung-cancer_clinical-trials_20221018_small-cell-lung-cancer_NCT05507593.json'
Request method: 'PUT'
Request headers:
    'Content-Length': '595'
    'x-ms-blob-type': 'REDACTED'
    'x-ms-version': 'REDACTED'
    'Content-Type': 'application/octet-stream'
    'Accept': 'application/xml'
    'User-Agent': 'azsdk-python-storage-blob/12.13.1 Python/3.8.15 (Linux-5.10.124-linuxkit-aarch64-with-glibc2.17)'
    'x-ms-date': 'REDACTED'
    'x-ms-client-request-id': 'c0eaa0f4-4f30-11ed-abd5-0242bebc0005'
    'Authorization': 'REDACTED'
A body is sent with the request
[2022-10-18 22:03:53,384] {_universal.py:504} INFO - Response status: 201
Response headers:
    'Content-Length': '0'
    'Content-MD5': 'REDACTED'
    'Last-Modified': 'Tue, 18 Oct 2022 22:03:53 GMT'
    'ETag': '"0x8DAB154A54141CB"'
    'Server': 'Windows-Azure-Blob/1.0 Microsoft-HTTPAPI/2.0'
    'x-ms-request-id': '8c6a4ed6-701e-0044-6b3d-e33538000000'
    'x-ms-client-request-id': 'c0eaa0f4-4f30-11ed-abd5-0242bebc0005'
    'x-ms-version': 'REDACTED'
    'x-ms-content-crc64': 'REDACTED'
    'x-ms-request-server-encrypted': 'REDACTED'
    'Date': 'Tue, 18 Oct 2022 22:03:52 GMT'
[2022-10-18 22:03:53,389] {_universal.py:473} INFO - Request URL: 'https://atacananews.blob.core.windows.net/atacana-blob-container/lung-cancer/clinical-trials/20221018/small-cell-lung-cancer/lung-cancer_clinical-trials_20221018_small-cell-lung-cancer_NCT05566041.json'
Request method: 'PUT'
Request headers:
    'Content-Length': '719'
    'x-ms-blob-type': 'REDACTED'
    'x-ms-version': 'REDACTED'
    'Content-Type': 'application/octet-stream'
    'Accept': 'application/xml'
    'User-Agent': 'azsdk-python-storage-blob/12.13.1 Python/3.8.15 (Linux-5.10.124-linuxkit-aarch64-with-glibc2.17)'
    'x-ms-date': 'REDACTED'
    'x-ms-client-request-id': 'c107db56-4f30-11ed-abd5-0242bebc0005'
    'Authorization': 'REDACTED'
A body is sent with the request
[2022-10-18 22:03:53,575] {_universal.py:504} INFO - Response status: 201
Response headers:
    'Content-Length': '0'
    'Content-MD5': 'REDACTED'
    'Last-Modified': 'Tue, 18 Oct 2022 22:03:53 GMT'
    'ETag': '"0x8DAB154A55EB08F"'
    'Server': 'Windows-Azure-Blob/1.0 Microsoft-HTTPAPI/2.0'
    'x-ms-request-id': '8c6a4fa7-701e-0044-303d-e33538000000'
    'x-ms-client-request-id': 'c107db56-4f30-11ed-abd5-0242bebc0005'
    'x-ms-version': 'REDACTED'
    'x-ms-content-crc64': 'REDACTED'
    'x-ms-request-server-encrypted': 'REDACTED'
    'Date': 'Tue, 18 Oct 2022 22:03:53 GMT'
[2022-10-18 22:03:53,578] {_universal.py:473} INFO - Request URL: 'https://atacananews.blob.core.windows.net/atacana-blob-container/lung-cancer/clinical-trials/20221018/small-cell-lung-cancer/lung-cancer_clinical-trials_20221018_small-cell-lung-cancer_NCT05505825.json'
Request method: 'PUT'
Request headers:
    'Content-Length': '616'
    'x-ms-blob-type': 'REDACTED'
    'x-ms-version': 'REDACTED'
    'Content-Type': 'application/octet-stream'
    'Accept': 'application/xml'
    'User-Agent': 'azsdk-python-storage-blob/12.13.1 Python/3.8.15 (Linux-5.10.124-linuxkit-aarch64-with-glibc2.17)'
    'x-ms-date': 'REDACTED'
    'x-ms-client-request-id': 'c124a3bc-4f30-11ed-abd5-0242bebc0005'
    'Authorization': 'REDACTED'
A body is sent with the request
[2022-10-18 22:03:53,766] {_universal.py:504} INFO - Response status: 201
Response headers:
    'Content-Length': '0'
    'Content-MD5': 'REDACTED'
    'Last-Modified': 'Tue, 18 Oct 2022 22:03:53 GMT'
    'ETag': '"0x8DAB154A57BAA37"'
    'Server': 'Windows-Azure-Blob/1.0 Microsoft-HTTPAPI/2.0'
    'x-ms-request-id': '8c6a5054-701e-0044-573d-e33538000000'
    'x-ms-client-request-id': 'c124a3bc-4f30-11ed-abd5-0242bebc0005'
    'x-ms-version': 'REDACTED'
    'x-ms-content-crc64': 'REDACTED'
    'x-ms-request-server-encrypted': 'REDACTED'
    'Date': 'Tue, 18 Oct 2022 22:03:53 GMT'
[2022-10-18 22:03:53,769] {_universal.py:473} INFO - Request URL: 'https://atacananews.blob.core.windows.net/atacana-blob-container/lung-cancer/clinical-trials/20221018/small-cell-lung-cancer/lung-cancer_clinical-trials_20221018_small-cell-lung-cancer_NCT05527821.json'
Request method: 'PUT'
Request headers:
    'Content-Length': '693'
    'x-ms-blob-type': 'REDACTED'
    'x-ms-version': 'REDACTED'
    'Content-Type': 'application/octet-stream'
    'Accept': 'application/xml'
    'User-Agent': 'azsdk-python-storage-blob/12.13.1 Python/3.8.15 (Linux-5.10.124-linuxkit-aarch64-with-glibc2.17)'
    'x-ms-date': 'REDACTED'
    'x-ms-client-request-id': 'c141d8ce-4f30-11ed-abd5-0242bebc0005'
    'Authorization': 'REDACTED'
A body is sent with the request
[2022-10-18 22:03:53,956] {_universal.py:504} INFO - Response status: 201
Response headers:
    'Content-Length': '0'
    'Content-MD5': 'REDACTED'
    'Last-Modified': 'Tue, 18 Oct 2022 22:03:53 GMT'
    'ETag': '"0x8DAB154A598CAF3"'
    'Server': 'Windows-Azure-Blob/1.0 Microsoft-HTTPAPI/2.0'
    'x-ms-request-id': '8c6a5100-701e-0044-783d-e33538000000'
    'x-ms-client-request-id': 'c141d8ce-4f30-11ed-abd5-0242bebc0005'
    'x-ms-version': 'REDACTED'
    'x-ms-content-crc64': 'REDACTED'
    'x-ms-request-server-encrypted': 'REDACTED'
    'Date': 'Tue, 18 Oct 2022 22:03:53 GMT'
[2022-10-18 22:03:53,969] {_universal.py:473} INFO - Request URL: 'https://atacananews.blob.core.windows.net/atacana-blob-container/lung-cancer/clinical-trials/20221018/small-cell-lung-cancer/lung-cancer_clinical-trials_20221018_small-cell-lung-cancer_NCT05490472.json'
Request method: 'PUT'
Request headers:
    'Content-Length': '670'
    'x-ms-blob-type': 'REDACTED'
    'x-ms-version': 'REDACTED'
    'Content-Type': 'application/octet-stream'
    'Accept': 'application/xml'
    'User-Agent': 'azsdk-python-storage-blob/12.13.1 Python/3.8.15 (Linux-5.10.124-linuxkit-aarch64-with-glibc2.17)'
    'x-ms-date': 'REDACTED'
    'x-ms-client-request-id': 'c160518c-4f30-11ed-abd5-0242bebc0005'
    'Authorization': 'REDACTED'
A body is sent with the request
[2022-10-18 22:03:54,154] {_universal.py:504} INFO - Response status: 201
Response headers:
    'Content-Length': '0'
    'Content-MD5': 'REDACTED'
    'Last-Modified': 'Tue, 18 Oct 2022 22:03:54 GMT'
    'ETag': '"0x8DAB154A5B6FCE9"'
    'Server': 'Windows-Azure-Blob/1.0 Microsoft-HTTPAPI/2.0'
    'x-ms-request-id': '8c6a51e6-701e-0044-553d-e33538000000'
    'x-ms-client-request-id': 'c160518c-4f30-11ed-abd5-0242bebc0005'
    'x-ms-version': 'REDACTED'
    'x-ms-content-crc64': 'REDACTED'
    'x-ms-request-server-encrypted': 'REDACTED'
    'Date': 'Tue, 18 Oct 2022 22:03:53 GMT'
[2022-10-18 22:03:54,158] {_universal.py:473} INFO - Request URL: 'https://atacananews.blob.core.windows.net/atacana-blob-container/lung-cancer/clinical-trials/20221018/small-cell-lung-cancer/lung-cancer_clinical-trials_20221018_small-cell-lung-cancer_NCT05563272.json'
Request method: 'PUT'
Request headers:
    'Content-Length': '894'
    'x-ms-blob-type': 'REDACTED'
    'x-ms-version': 'REDACTED'
    'Content-Type': 'application/octet-stream'
    'Accept': 'application/xml'
    'User-Agent': 'azsdk-python-storage-blob/12.13.1 Python/3.8.15 (Linux-5.10.124-linuxkit-aarch64-with-glibc2.17)'
    'x-ms-date': 'REDACTED'
    'x-ms-client-request-id': 'c17d372a-4f30-11ed-abd5-0242bebc0005'
    'Authorization': 'REDACTED'
A body is sent with the request
[2022-10-18 22:03:54,367] {_universal.py:504} INFO - Response status: 201
Response headers:
    'Content-Length': '0'
    'Content-MD5': 'REDACTED'
    'Last-Modified': 'Tue, 18 Oct 2022 22:03:54 GMT'
    'ETag': '"0x8DAB154A5D75179"'
    'Server': 'Windows-Azure-Blob/1.0 Microsoft-HTTPAPI/2.0'
    'x-ms-request-id': '8c6a5323-701e-0044-0c3d-e33538000000'
    'x-ms-client-request-id': 'c17d372a-4f30-11ed-abd5-0242bebc0005'
    'x-ms-version': 'REDACTED'
    'x-ms-content-crc64': 'REDACTED'
    'x-ms-request-server-encrypted': 'REDACTED'
    'Date': 'Tue, 18 Oct 2022 22:03:53 GMT'
[2022-10-18 22:03:54,372] {_universal.py:473} INFO - Request URL: 'https://atacananews.blob.core.windows.net/atacana-blob-container/lung-cancer/clinical-trials/20221018/small-cell-lung-cancer/lung-cancer_clinical-trials_20221018_small-cell-lung-cancer_NCT05582031.json'
Request method: 'PUT'
Request headers:
    'Content-Length': '911'
    'x-ms-blob-type': 'REDACTED'
    'x-ms-version': 'REDACTED'
    'Content-Type': 'application/octet-stream'
    'Accept': 'application/xml'
    'User-Agent': 'azsdk-python-storage-blob/12.13.1 Python/3.8.15 (Linux-5.10.124-linuxkit-aarch64-with-glibc2.17)'
    'x-ms-date': 'REDACTED'
    'x-ms-client-request-id': 'c19dbb08-4f30-11ed-abd5-0242bebc0005'
    'Authorization': 'REDACTED'
A body is sent with the request
[2022-10-18 22:03:54,559] {_universal.py:504} INFO - Response status: 201
Response headers:
    'Content-Length': '0'
    'Content-MD5': 'REDACTED'
    'Last-Modified': 'Tue, 18 Oct 2022 22:03:54 GMT'
    'ETag': '"0x8DAB154A5F5836A"'
    'Server': 'Windows-Azure-Blob/1.0 Microsoft-HTTPAPI/2.0'
    'x-ms-request-id': '8c6a540e-701e-0044-663d-e33538000000'
    'x-ms-client-request-id': 'c19dbb08-4f30-11ed-abd5-0242bebc0005'
    'x-ms-version': 'REDACTED'
    'x-ms-content-crc64': 'REDACTED'
    'x-ms-request-server-encrypted': 'REDACTED'
    'Date': 'Tue, 18 Oct 2022 22:03:54 GMT'
[2022-10-18 22:03:54,561] {_universal.py:473} INFO - Request URL: 'https://atacananews.blob.core.windows.net/atacana-blob-container/lung-cancer/clinical-trials/20221018/small-cell-lung-cancer/lung-cancer_clinical-trials_20221018_small-cell-lung-cancer_NCT05557708.json'
Request method: 'PUT'
Request headers:
    'Content-Length': '753'
    'x-ms-blob-type': 'REDACTED'
    'x-ms-version': 'REDACTED'
    'Content-Type': 'application/octet-stream'
    'Accept': 'application/xml'
    'User-Agent': 'azsdk-python-storage-blob/12.13.1 Python/3.8.15 (Linux-5.10.124-linuxkit-aarch64-with-glibc2.17)'
    'x-ms-date': 'REDACTED'
    'x-ms-client-request-id': 'c1baae7a-4f30-11ed-abd5-0242bebc0005'
    'Authorization': 'REDACTED'
A body is sent with the request
[2022-10-18 22:03:54,748] {_universal.py:504} INFO - Response status: 201
Response headers:
    'Content-Length': '0'
    'Content-MD5': 'REDACTED'
    'Last-Modified': 'Tue, 18 Oct 2022 22:03:54 GMT'
    'ETag': '"0x8DAB154A611B9E1"'
    'Server': 'Windows-Azure-Blob/1.0 Microsoft-HTTPAPI/2.0'
    'x-ms-request-id': '8c6a54f0-701e-0044-413d-e33538000000'
    'x-ms-client-request-id': 'c1baae7a-4f30-11ed-abd5-0242bebc0005'
    'x-ms-version': 'REDACTED'
    'x-ms-content-crc64': 'REDACTED'
    'x-ms-request-server-encrypted': 'REDACTED'
    'Date': 'Tue, 18 Oct 2022 22:03:54 GMT'
[2022-10-18 22:03:54,751] {_universal.py:473} INFO - Request URL: 'https://atacananews.blob.core.windows.net/atacana-blob-container/lung-cancer/clinical-trials/20221018/small-cell-lung-cancer/lung-cancer_clinical-trials_20221018_small-cell-lung-cancer_NCT05546268.json'
Request method: 'PUT'
Request headers:
    'Content-Length': '712'
    'x-ms-blob-type': 'REDACTED'
    'x-ms-version': 'REDACTED'
    'Content-Type': 'application/octet-stream'
    'Accept': 'application/xml'
    'User-Agent': 'azsdk-python-storage-blob/12.13.1 Python/3.8.15 (Linux-5.10.124-linuxkit-aarch64-with-glibc2.17)'
    'x-ms-date': 'REDACTED'
    'x-ms-client-request-id': 'c1d7b5b0-4f30-11ed-abd5-0242bebc0005'
    'Authorization': 'REDACTED'
A body is sent with the request
[2022-10-18 22:03:54,948] {_universal.py:504} INFO - Response status: 201
Response headers:
    'Content-Length': '0'
    'Content-MD5': 'REDACTED'
    'Last-Modified': 'Tue, 18 Oct 2022 22:03:54 GMT'
    'ETag': '"0x8DAB154A62F76BE"'
    'Server': 'Windows-Azure-Blob/1.0 Microsoft-HTTPAPI/2.0'
    'x-ms-request-id': '8c6a55d8-701e-0044-223d-e33538000000'
    'x-ms-client-request-id': 'c1d7b5b0-4f30-11ed-abd5-0242bebc0005'
    'x-ms-version': 'REDACTED'
    'x-ms-content-crc64': 'REDACTED'
    'x-ms-request-server-encrypted': 'REDACTED'
    'Date': 'Tue, 18 Oct 2022 22:03:54 GMT'
[2022-10-18 22:03:54,951] {python.py:173} INFO - Done. Returned value was: None
[2022-10-18 22:03:54,962] {taskinstance.py:1395} INFO - Marking task as SUCCESS. dag_id=clinical_trials__lung_cancer__etl__20220109, task_id=load_data_to_blob_storage_task, map_index=62, execution_date=20221018T200000, start_date=20221018T220350, end_date=20221018T220354
[2022-10-18 22:03:54,998] {local_task_job.py:156} INFO - Task exited with return code 0
[2022-10-18 22:03:55,040] {local_task_job.py:273} INFO - 0 downstream tasks scheduled from follow-on schedule check
