[2022-10-18 18:02:12,505] {taskinstance.py:1159} INFO - Dependencies all met for <TaskInstance: clinical_trials__lung_cancer__etl__20220109.load_data_to_blob_storage_task scheduled__2022-10-18T16:00:00+00:00 map_index=24 [queued]>
[2022-10-18 18:02:12,514] {taskinstance.py:1159} INFO - Dependencies all met for <TaskInstance: clinical_trials__lung_cancer__etl__20220109.load_data_to_blob_storage_task scheduled__2022-10-18T16:00:00+00:00 map_index=24 [queued]>
[2022-10-18 18:02:12,515] {taskinstance.py:1356} INFO - 
--------------------------------------------------------------------------------
[2022-10-18 18:02:12,516] {taskinstance.py:1357} INFO - Starting attempt 1 of 1
[2022-10-18 18:02:12,517] {taskinstance.py:1358} INFO - 
--------------------------------------------------------------------------------
[2022-10-18 18:02:12,524] {taskinstance.py:1377} INFO - Executing <Mapped(_PythonDecoratedOperator): load_data_to_blob_storage_task> on 2022-10-18 16:00:00+00:00
[2022-10-18 18:02:12,528] {standard_task_runner.py:52} INFO - Started process 2721 to run task
[2022-10-18 18:02:12,531] {standard_task_runner.py:79} INFO - Running: ['airflow', 'tasks', 'run', 'clinical_trials__lung_cancer__etl__20220109', 'load_data_to_blob_storage_task', 'scheduled__2022-10-18T16:00:00+00:00', '--job-id', '348', '--raw', '--subdir', 'DAGS_FOLDER/process_news_dags.py', '--cfg-path', '/tmp/tmpsj9e247f', '--map-index', '24', '--error-file', '/tmp/tmpvc9ojekn']
[2022-10-18 18:02:12,532] {standard_task_runner.py:80} INFO - Job 348: Subtask load_data_to_blob_storage_task
[2022-10-18 18:02:12,543] {logging_mixin.py:115} WARNING - /root/.cache/pypoetry/virtualenvs/***-tXitOD5F-py3.8/lib/python3.8/site-packages/airflow/configuration.py:525 DeprecationWarning: The sql_alchemy_conn option in [core] has been moved to the sql_alchemy_conn option in [database] - the old setting has been used, but please update your config.
[2022-10-18 18:02:12,570] {task_command.py:370} INFO - Running <TaskInstance: clinical_trials__lung_cancer__etl__20220109.load_data_to_blob_storage_task scheduled__2022-10-18T16:00:00+00:00 map_index=24 [running]> on host 6cdf6d517dc4
[2022-10-18 18:02:12,610] {taskinstance.py:1569} INFO - Exporting the following env vars:
AIRFLOW_CTX_DAG_EMAIL=wais@datakimia.com,david@datakimia.com,juanm@datakimia.com,tomas@datakimia.com
AIRFLOW_CTX_DAG_OWNER=atacana
AIRFLOW_CTX_DAG_ID=clinical_trials__lung_cancer__etl__20220109
AIRFLOW_CTX_TASK_ID=load_data_to_blob_storage_task
AIRFLOW_CTX_EXECUTION_DATE=2022-10-18T16:00:00+00:00
AIRFLOW_CTX_TRY_NUMBER=1
AIRFLOW_CTX_DAG_RUN_ID=scheduled__2022-10-18T16:00:00+00:00
[2022-10-18 18:02:12,612] {process_news_dag_factory.py:105} INFO - Reading temp file: lung-cancer_clinical-trials_medi-4736_20221018-16_df.json
[2022-10-18 18:02:12,627] {helpers.py:114} INFO - Going to save clinical_trials data..
[2022-10-18 18:02:12,628] {helpers.py:115} INFO -                                                title  ...                  updated_at
0  Randomized Trial Comparing Standard of Care Ve...  ...  2022-10-18 18:00:36.941000
1  Ceralasertib Followed by Durvalumab and Nab-pa...  ...  2022-10-18 18:00:36.941000
2  A Phase III Study of Ceralasertib Plus Durvalu...  ...  2022-10-18 18:00:36.941000
3  Lurbinectedin Combined With Durvalumab in Pre-...  ...  2022-10-18 18:00:36.941000
4  Study of Durvalumab Plus Tremelimumab as First...  ...  2022-10-18 18:00:36.941000

[5 rows x 13 columns]
[2022-10-18 18:02:12,636] {helpers.py:116} INFO - Index(['title', 'link', 'id', 'published_at', 'conditions', 'intervention',
       'publisher', 'status', 'source', 'keyword', 'indication',
       'therapeutic_area', 'updated_at'],
      dtype='object')
[2022-10-18 18:02:12,640] {_universal.py:473} INFO - Request URL: 'https://atacananews.blob.core.windows.net/atacana-blob-container/lung-cancer/clinical-trials/20221018/medi-4736/lung-cancer_clinical-trials_20221018_medi-4736_NCT05568212.json'
Request method: 'PUT'
Request headers:
    'Content-Length': '742'
    'x-ms-blob-type': 'REDACTED'
    'x-ms-version': 'REDACTED'
    'Content-Type': 'application/octet-stream'
    'Accept': 'application/xml'
    'User-Agent': 'azsdk-python-storage-blob/12.13.1 Python/3.8.15 (Linux-5.10.124-linuxkit-aarch64-with-glibc2.17)'
    'x-ms-date': 'REDACTED'
    'x-ms-client-request-id': 'fde91ac0-4f0e-11ed-ac83-0242bebc0005'
    'Authorization': 'REDACTED'
A body is sent with the request
[2022-10-18 18:02:13,397] {_universal.py:504} INFO - Response status: 201
Response headers:
    'Content-Length': '0'
    'Content-MD5': 'REDACTED'
    'Last-Modified': 'Tue, 18 Oct 2022 18:02:13 GMT'
    'ETag': '"0x8DAB132E289ECCB"'
    'Server': 'Windows-Azure-Blob/1.0 Microsoft-HTTPAPI/2.0'
    'x-ms-request-id': '56b2929d-f01e-004a-1e1b-e31c88000000'
    'x-ms-client-request-id': 'fde91ac0-4f0e-11ed-ac83-0242bebc0005'
    'x-ms-version': 'REDACTED'
    'x-ms-content-crc64': 'REDACTED'
    'x-ms-request-server-encrypted': 'REDACTED'
    'Date': 'Tue, 18 Oct 2022 18:02:12 GMT'
[2022-10-18 18:02:13,400] {_universal.py:473} INFO - Request URL: 'https://atacananews.blob.core.windows.net/atacana-blob-container/lung-cancer/clinical-trials/20221018/medi-4736/lung-cancer_clinical-trials_20221018_medi-4736_NCT05582538.json'
Request method: 'PUT'
Request headers:
    'Content-Length': '633'
    'x-ms-blob-type': 'REDACTED'
    'x-ms-version': 'REDACTED'
    'Content-Type': 'application/octet-stream'
    'Accept': 'application/xml'
    'User-Agent': 'azsdk-python-storage-blob/12.13.1 Python/3.8.15 (Linux-5.10.124-linuxkit-aarch64-with-glibc2.17)'
    'x-ms-date': 'REDACTED'
    'x-ms-client-request-id': 'fe5d0278-4f0e-11ed-ac83-0242bebc0005'
    'Authorization': 'REDACTED'
A body is sent with the request
[2022-10-18 18:02:13,602] {_universal.py:504} INFO - Response status: 201
Response headers:
    'Content-Length': '0'
    'Content-MD5': 'REDACTED'
    'Last-Modified': 'Tue, 18 Oct 2022 18:02:13 GMT'
    'ETag': '"0x8DAB132E2A8BAE1"'
    'Server': 'Windows-Azure-Blob/1.0 Microsoft-HTTPAPI/2.0'
    'x-ms-request-id': '56b29351-f01e-004a-451b-e31c88000000'
    'x-ms-client-request-id': 'fe5d0278-4f0e-11ed-ac83-0242bebc0005'
    'x-ms-version': 'REDACTED'
    'x-ms-content-crc64': 'REDACTED'
    'x-ms-request-server-encrypted': 'REDACTED'
    'Date': 'Tue, 18 Oct 2022 18:02:12 GMT'
[2022-10-18 18:02:13,605] {_universal.py:473} INFO - Request URL: 'https://atacananews.blob.core.windows.net/atacana-blob-container/lung-cancer/clinical-trials/20221018/medi-4736/lung-cancer_clinical-trials_20221018_medi-4736_NCT05450692.json'
Request method: 'PUT'
Request headers:
    'Content-Length': '720'
    'x-ms-blob-type': 'REDACTED'
    'x-ms-version': 'REDACTED'
    'Content-Type': 'application/octet-stream'
    'Accept': 'application/xml'
    'User-Agent': 'azsdk-python-storage-blob/12.13.1 Python/3.8.15 (Linux-5.10.124-linuxkit-aarch64-with-glibc2.17)'
    'x-ms-date': 'REDACTED'
    'x-ms-client-request-id': 'fe7c5718-4f0e-11ed-ac83-0242bebc0005'
    'Authorization': 'REDACTED'
A body is sent with the request
[2022-10-18 18:02:13,813] {_universal.py:504} INFO - Response status: 201
Response headers:
    'Content-Length': '0'
    'Content-MD5': 'REDACTED'
    'Last-Modified': 'Tue, 18 Oct 2022 18:02:13 GMT'
    'ETag': '"0x8DAB132E2C95D71"'
    'Server': 'Windows-Azure-Blob/1.0 Microsoft-HTTPAPI/2.0'
    'x-ms-request-id': '56b29409-f01e-004a-5d1b-e31c88000000'
    'x-ms-client-request-id': 'fe7c5718-4f0e-11ed-ac83-0242bebc0005'
    'x-ms-version': 'REDACTED'
    'x-ms-content-crc64': 'REDACTED'
    'x-ms-request-server-encrypted': 'REDACTED'
    'Date': 'Tue, 18 Oct 2022 18:02:13 GMT'
[2022-10-18 18:02:13,817] {_universal.py:473} INFO - Request URL: 'https://atacananews.blob.core.windows.net/atacana-blob-container/lung-cancer/clinical-trials/20221018/medi-4736/lung-cancer_clinical-trials_20221018_medi-4736_NCT05572476.json'
Request method: 'PUT'
Request headers:
    'Content-Length': '753'
    'x-ms-blob-type': 'REDACTED'
    'x-ms-version': 'REDACTED'
    'Content-Type': 'application/octet-stream'
    'Accept': 'application/xml'
    'User-Agent': 'azsdk-python-storage-blob/12.13.1 Python/3.8.15 (Linux-5.10.124-linuxkit-aarch64-with-glibc2.17)'
    'x-ms-date': 'REDACTED'
    'x-ms-client-request-id': 'fe9cb8dc-4f0e-11ed-ac83-0242bebc0005'
    'Authorization': 'REDACTED'
A body is sent with the request
[2022-10-18 18:02:14,017] {_universal.py:504} INFO - Response status: 201
Response headers:
    'Content-Length': '0'
    'Content-MD5': 'REDACTED'
    'Last-Modified': 'Tue, 18 Oct 2022 18:02:13 GMT'
    'ETag': '"0x8DAB132E2E8EEC9"'
    'Server': 'Windows-Azure-Blob/1.0 Microsoft-HTTPAPI/2.0'
    'x-ms-request-id': '56b294d3-f01e-004a-111b-e31c88000000'
    'x-ms-client-request-id': 'fe9cb8dc-4f0e-11ed-ac83-0242bebc0005'
    'x-ms-version': 'REDACTED'
    'x-ms-content-crc64': 'REDACTED'
    'x-ms-request-server-encrypted': 'REDACTED'
    'Date': 'Tue, 18 Oct 2022 18:02:13 GMT'
[2022-10-18 18:02:14,022] {_universal.py:473} INFO - Request URL: 'https://atacananews.blob.core.windows.net/atacana-blob-container/lung-cancer/clinical-trials/20221018/medi-4736/lung-cancer_clinical-trials_20221018_medi-4736_NCT05557838.json'
Request method: 'PUT'
Request headers:
    'Content-Length': '582'
    'x-ms-blob-type': 'REDACTED'
    'x-ms-version': 'REDACTED'
    'Content-Type': 'application/octet-stream'
    'Accept': 'application/xml'
    'User-Agent': 'azsdk-python-storage-blob/12.13.1 Python/3.8.15 (Linux-5.10.124-linuxkit-aarch64-with-glibc2.17)'
    'x-ms-date': 'REDACTED'
    'x-ms-client-request-id': 'febbf616-4f0e-11ed-ac83-0242bebc0005'
    'Authorization': 'REDACTED'
A body is sent with the request
[2022-10-18 18:02:14,221] {_universal.py:504} INFO - Response status: 201
Response headers:
    'Content-Length': '0'
    'Content-MD5': 'REDACTED'
    'Last-Modified': 'Tue, 18 Oct 2022 18:02:14 GMT'
    'ETag': '"0x8DAB132E306D2B5"'
    'Server': 'Windows-Azure-Blob/1.0 Microsoft-HTTPAPI/2.0'
    'x-ms-request-id': '56b29586-f01e-004a-321b-e31c88000000'
    'x-ms-client-request-id': 'febbf616-4f0e-11ed-ac83-0242bebc0005'
    'x-ms-version': 'REDACTED'
    'x-ms-content-crc64': 'REDACTED'
    'x-ms-request-server-encrypted': 'REDACTED'
    'Date': 'Tue, 18 Oct 2022 18:02:13 GMT'
[2022-10-18 18:02:14,234] {_universal.py:473} INFO - Request URL: 'https://atacananews.blob.core.windows.net/atacana-blob-container/lung-cancer/clinical-trials/20221018/medi-4736/lung-cancer_clinical-trials_20221018_medi-4736_NCT05484583.json'
Request method: 'PUT'
Request headers:
    'Content-Length': '780'
    'x-ms-blob-type': 'REDACTED'
    'x-ms-version': 'REDACTED'
    'Content-Type': 'application/octet-stream'
    'Accept': 'application/xml'
    'User-Agent': 'azsdk-python-storage-blob/12.13.1 Python/3.8.15 (Linux-5.10.124-linuxkit-aarch64-with-glibc2.17)'
    'x-ms-date': 'REDACTED'
    'x-ms-client-request-id': 'fedc44ac-4f0e-11ed-ac83-0242bebc0005'
    'Authorization': 'REDACTED'
A body is sent with the request
[2022-10-18 18:02:14,418] {_universal.py:504} INFO - Response status: 201
Response headers:
    'Content-Length': '0'
    'Content-MD5': 'REDACTED'
    'Last-Modified': 'Tue, 18 Oct 2022 18:02:14 GMT'
    'ETag': '"0x8DAB132E3266405"'
    'Server': 'Windows-Azure-Blob/1.0 Microsoft-HTTPAPI/2.0'
    'x-ms-request-id': '56b29641-f01e-004a-5a1b-e31c88000000'
    'x-ms-client-request-id': 'fedc44ac-4f0e-11ed-ac83-0242bebc0005'
    'x-ms-version': 'REDACTED'
    'x-ms-content-crc64': 'REDACTED'
    'x-ms-request-server-encrypted': 'REDACTED'
    'Date': 'Tue, 18 Oct 2022 18:02:13 GMT'
[2022-10-18 18:02:14,426] {_universal.py:473} INFO - Request URL: 'https://atacananews.blob.core.windows.net/atacana-blob-container/lung-cancer/clinical-trials/20221018/medi-4736/lung-cancer_clinical-trials_20221018_medi-4736_NCT05456867.json'
Request method: 'PUT'
Request headers:
    'Content-Length': '570'
    'x-ms-blob-type': 'REDACTED'
    'x-ms-version': 'REDACTED'
    'Content-Type': 'application/octet-stream'
    'Accept': 'application/xml'
    'User-Agent': 'azsdk-python-storage-blob/12.13.1 Python/3.8.15 (Linux-5.10.124-linuxkit-aarch64-with-glibc2.17)'
    'x-ms-date': 'REDACTED'
    'x-ms-client-request-id': 'fef9914c-4f0e-11ed-ac83-0242bebc0005'
    'Authorization': 'REDACTED'
A body is sent with the request
[2022-10-18 18:02:14,619] {_universal.py:504} INFO - Response status: 201
Response headers:
    'Content-Length': '0'
    'Content-MD5': 'REDACTED'
    'Last-Modified': 'Tue, 18 Oct 2022 18:02:14 GMT'
    'ETag': '"0x8DAB132E344E41F"'
    'Server': 'Windows-Azure-Blob/1.0 Microsoft-HTTPAPI/2.0'
    'x-ms-request-id': '56b296dc-f01e-004a-691b-e31c88000000'
    'x-ms-client-request-id': 'fef9914c-4f0e-11ed-ac83-0242bebc0005'
    'x-ms-version': 'REDACTED'
    'x-ms-content-crc64': 'REDACTED'
    'x-ms-request-server-encrypted': 'REDACTED'
    'Date': 'Tue, 18 Oct 2022 18:02:13 GMT'
[2022-10-18 18:02:14,622] {_universal.py:473} INFO - Request URL: 'https://atacananews.blob.core.windows.net/atacana-blob-container/lung-cancer/clinical-trials/20221018/medi-4736/lung-cancer_clinical-trials_20221018_medi-4736_NCT05498155.json'
Request method: 'PUT'
Request headers:
    'Content-Length': '658'
    'x-ms-blob-type': 'REDACTED'
    'x-ms-version': 'REDACTED'
    'Content-Type': 'application/octet-stream'
    'Accept': 'application/xml'
    'User-Agent': 'azsdk-python-storage-blob/12.13.1 Python/3.8.15 (Linux-5.10.124-linuxkit-aarch64-with-glibc2.17)'
    'x-ms-date': 'REDACTED'
    'x-ms-client-request-id': 'ff178dc8-4f0e-11ed-ac83-0242bebc0005'
    'Authorization': 'REDACTED'
A body is sent with the request
[2022-10-18 18:02:14,809] {_universal.py:504} INFO - Response status: 201
Response headers:
    'Content-Length': '0'
    'Content-MD5': 'REDACTED'
    'Last-Modified': 'Tue, 18 Oct 2022 18:02:14 GMT'
    'ETag': '"0x8DAB132E361B6BA"'
    'Server': 'Windows-Azure-Blob/1.0 Microsoft-HTTPAPI/2.0'
    'x-ms-request-id': '56b297a3-f01e-004a-251b-e31c88000000'
    'x-ms-client-request-id': 'ff178dc8-4f0e-11ed-ac83-0242bebc0005'
    'x-ms-version': 'REDACTED'
    'x-ms-content-crc64': 'REDACTED'
    'x-ms-request-server-encrypted': 'REDACTED'
    'Date': 'Tue, 18 Oct 2022 18:02:14 GMT'
[2022-10-18 18:02:14,814] {_universal.py:473} INFO - Request URL: 'https://atacananews.blob.core.windows.net/atacana-blob-container/lung-cancer/clinical-trials/20221018/medi-4736/lung-cancer_clinical-trials_20221018_medi-4736_NCT05514132.json'
Request method: 'PUT'
Request headers:
    'Content-Length': '595'
    'x-ms-blob-type': 'REDACTED'
    'x-ms-version': 'REDACTED'
    'Content-Type': 'application/octet-stream'
    'Accept': 'application/xml'
    'User-Agent': 'azsdk-python-storage-blob/12.13.1 Python/3.8.15 (Linux-5.10.124-linuxkit-aarch64-with-glibc2.17)'
    'x-ms-date': 'REDACTED'
    'x-ms-client-request-id': 'ff34c91a-4f0e-11ed-ac83-0242bebc0005'
    'Authorization': 'REDACTED'
A body is sent with the request
[2022-10-18 18:02:15,016] {_universal.py:504} INFO - Response status: 201
Response headers:
    'Content-Length': '0'
    'Content-MD5': 'REDACTED'
    'Last-Modified': 'Tue, 18 Oct 2022 18:02:14 GMT'
    'ETag': '"0x8DAB132E381961F"'
    'Server': 'Windows-Azure-Blob/1.0 Microsoft-HTTPAPI/2.0'
    'x-ms-request-id': '56b29874-f01e-004a-611b-e31c88000000'
    'x-ms-client-request-id': 'ff34c91a-4f0e-11ed-ac83-0242bebc0005'
    'x-ms-version': 'REDACTED'
    'x-ms-content-crc64': 'REDACTED'
    'x-ms-request-server-encrypted': 'REDACTED'
    'Date': 'Tue, 18 Oct 2022 18:02:14 GMT'
[2022-10-18 18:02:15,021] {_universal.py:473} INFO - Request URL: 'https://atacananews.blob.core.windows.net/atacana-blob-container/lung-cancer/clinical-trials/20221018/medi-4736/lung-cancer_clinical-trials_20221018_medi-4736_NCT05451043.json'
Request method: 'PUT'
Request headers:
    'Content-Length': '775'
    'x-ms-blob-type': 'REDACTED'
    'x-ms-version': 'REDACTED'
    'Content-Type': 'application/octet-stream'
    'Accept': 'application/xml'
    'User-Agent': 'azsdk-python-storage-blob/12.13.1 Python/3.8.15 (Linux-5.10.124-linuxkit-aarch64-with-glibc2.17)'
    'x-ms-date': 'REDACTED'
    'x-ms-client-request-id': 'ff545dfc-4f0e-11ed-ac83-0242bebc0005'
    'Authorization': 'REDACTED'
A body is sent with the request
[2022-10-18 18:02:15,236] {_universal.py:504} INFO - Response status: 201
Response headers:
    'Content-Length': '0'
    'Content-MD5': 'REDACTED'
    'Last-Modified': 'Tue, 18 Oct 2022 18:02:15 GMT'
    'ETag': '"0x8DAB132E3A286D5"'
    'Server': 'Windows-Azure-Blob/1.0 Microsoft-HTTPAPI/2.0'
    'x-ms-request-id': '56b2990d-f01e-004a-6d1b-e31c88000000'
    'x-ms-client-request-id': 'ff545dfc-4f0e-11ed-ac83-0242bebc0005'
    'x-ms-version': 'REDACTED'
    'x-ms-content-crc64': 'REDACTED'
    'x-ms-request-server-encrypted': 'REDACTED'
    'Date': 'Tue, 18 Oct 2022 18:02:14 GMT'
[2022-10-18 18:02:15,239] {python.py:173} INFO - Done. Returned value was: None
[2022-10-18 18:02:15,247] {taskinstance.py:1395} INFO - Marking task as SUCCESS. dag_id=clinical_trials__lung_cancer__etl__20220109, task_id=load_data_to_blob_storage_task, map_index=24, execution_date=20221018T160000, start_date=20221018T180212, end_date=20221018T180215
[2022-10-18 18:02:15,291] {local_task_job.py:156} INFO - Task exited with return code 0
[2022-10-18 18:02:15,327] {local_task_job.py:273} INFO - 0 downstream tasks scheduled from follow-on schedule check
