[2022-10-18 20:03:24,917] {taskinstance.py:1159} INFO - Dependencies all met for <TaskInstance: clinical_trials__lung_cancer__etl__20220109.load_data_to_blob_storage_task scheduled__2022-10-18T18:00:00+00:00 map_index=18 [queued]>
[2022-10-18 20:03:24,927] {taskinstance.py:1159} INFO - Dependencies all met for <TaskInstance: clinical_trials__lung_cancer__etl__20220109.load_data_to_blob_storage_task scheduled__2022-10-18T18:00:00+00:00 map_index=18 [queued]>
[2022-10-18 20:03:24,929] {taskinstance.py:1356} INFO - 
--------------------------------------------------------------------------------
[2022-10-18 20:03:24,930] {taskinstance.py:1357} INFO - Starting attempt 1 of 1
[2022-10-18 20:03:24,930] {taskinstance.py:1358} INFO - 
--------------------------------------------------------------------------------
[2022-10-18 20:03:24,938] {taskinstance.py:1377} INFO - Executing <Mapped(_PythonDecoratedOperator): load_data_to_blob_storage_task> on 2022-10-18 18:00:00+00:00
[2022-10-18 20:03:24,943] {standard_task_runner.py:52} INFO - Started process 4909 to run task
[2022-10-18 20:03:24,946] {standard_task_runner.py:79} INFO - Running: ['airflow', 'tasks', 'run', 'clinical_trials__lung_cancer__etl__20220109', 'load_data_to_blob_storage_task', 'scheduled__2022-10-18T18:00:00+00:00', '--job-id', '618', '--raw', '--subdir', 'DAGS_FOLDER/process_news_dags.py', '--cfg-path', '/tmp/tmpbfid536_', '--map-index', '18', '--error-file', '/tmp/tmp9380bvto']
[2022-10-18 20:03:24,947] {standard_task_runner.py:80} INFO - Job 618: Subtask load_data_to_blob_storage_task
[2022-10-18 20:03:24,959] {logging_mixin.py:115} WARNING - /root/.cache/pypoetry/virtualenvs/***-tXitOD5F-py3.8/lib/python3.8/site-packages/airflow/configuration.py:525 DeprecationWarning: The sql_alchemy_conn option in [core] has been moved to the sql_alchemy_conn option in [database] - the old setting has been used, but please update your config.
[2022-10-18 20:03:25,029] {task_command.py:370} INFO - Running <TaskInstance: clinical_trials__lung_cancer__etl__20220109.load_data_to_blob_storage_task scheduled__2022-10-18T18:00:00+00:00 map_index=18 [running]> on host 6cdf6d517dc4
[2022-10-18 20:03:25,073] {taskinstance.py:1569} INFO - Exporting the following env vars:
AIRFLOW_CTX_DAG_EMAIL=wais@datakimia.com,david@datakimia.com,juanm@datakimia.com,tomas@datakimia.com
AIRFLOW_CTX_DAG_OWNER=atacana
AIRFLOW_CTX_DAG_ID=clinical_trials__lung_cancer__etl__20220109
AIRFLOW_CTX_TASK_ID=load_data_to_blob_storage_task
AIRFLOW_CTX_EXECUTION_DATE=2022-10-18T18:00:00+00:00
AIRFLOW_CTX_TRY_NUMBER=1
AIRFLOW_CTX_DAG_RUN_ID=scheduled__2022-10-18T18:00:00+00:00
[2022-10-18 20:03:25,076] {process_news_dag_factory.py:105} INFO - Reading temp file: lung-cancer_clinical-trials_mdx010_20221018-18_df.json
[2022-10-18 20:03:25,090] {helpers.py:114} INFO - Going to save clinical_trials data..
[2022-10-18 20:03:25,092] {helpers.py:115} INFO -                                                title  ...                  updated_at
0  Nivolumab-ipilimumab and Chemoradiation for Ce...  ...  2022-10-18 20:00:24.932000
1  Chemo-radio-immunotherapy With Nivolumab and I...  ...  2022-10-18 20:00:24.932000
2  Phase 1b/2 Trial of Ipilimumab, Nivolumab, and...  ...  2022-10-18 20:00:24.932000
3  Study of CBL0137 in Combination With Ipilimuma...  ...  2022-10-18 20:00:24.932000
4  Peptide-Pulsed Dendritic Cell Vaccination in C...  ...  2022-10-18 20:00:24.932000

[5 rows x 13 columns]
[2022-10-18 20:03:25,100] {helpers.py:116} INFO - Index(['title', 'link', 'id', 'published_at', 'conditions', 'intervention',
       'publisher', 'status', 'source', 'keyword', 'indication',
       'therapeutic_area', 'updated_at'],
      dtype='object')
[2022-10-18 20:03:25,104] {_universal.py:473} INFO - Request URL: 'https://atacananews.blob.core.windows.net/atacana-blob-container/lung-cancer/clinical-trials/20221018/mdx010/lung-cancer_clinical-trials_20221018_mdx010_NCT05492123.json'
Request method: 'PUT'
Request headers:
    'Content-Length': '638'
    'x-ms-blob-type': 'REDACTED'
    'x-ms-version': 'REDACTED'
    'Content-Type': 'application/octet-stream'
    'Accept': 'application/xml'
    'User-Agent': 'azsdk-python-storage-blob/12.13.1 Python/3.8.15 (Linux-5.10.124-linuxkit-aarch64-with-glibc2.17)'
    'x-ms-date': 'REDACTED'
    'x-ms-client-request-id': 'eca31cb4-4f1f-11ed-a40f-0242bebc0005'
    'Authorization': 'REDACTED'
A body is sent with the request
[2022-10-18 20:03:25,840] {_universal.py:504} INFO - Response status: 201
Response headers:
    'Content-Length': '0'
    'Content-MD5': 'REDACTED'
    'Last-Modified': 'Tue, 18 Oct 2022 20:03:25 GMT'
    'ETag': '"0x8DAB143D149CF3C"'
    'Server': 'Windows-Azure-Blob/1.0 Microsoft-HTTPAPI/2.0'
    'x-ms-request-id': 'da3e63d0-001e-004e-6c2c-e3918f000000'
    'x-ms-client-request-id': 'eca31cb4-4f1f-11ed-a40f-0242bebc0005'
    'x-ms-version': 'REDACTED'
    'x-ms-content-crc64': 'REDACTED'
    'x-ms-request-server-encrypted': 'REDACTED'
    'Date': 'Tue, 18 Oct 2022 20:03:25 GMT'
[2022-10-18 20:03:25,843] {_universal.py:473} INFO - Request URL: 'https://atacananews.blob.core.windows.net/atacana-blob-container/lung-cancer/clinical-trials/20221018/mdx010/lung-cancer_clinical-trials_20221018_mdx010_NCT05504642.json'
Request method: 'PUT'
Request headers:
    'Content-Length': '801'
    'x-ms-blob-type': 'REDACTED'
    'x-ms-version': 'REDACTED'
    'Content-Type': 'application/octet-stream'
    'Accept': 'application/xml'
    'User-Agent': 'azsdk-python-storage-blob/12.13.1 Python/3.8.15 (Linux-5.10.124-linuxkit-aarch64-with-glibc2.17)'
    'x-ms-date': 'REDACTED'
    'x-ms-client-request-id': 'ed13d1c0-4f1f-11ed-a40f-0242bebc0005'
    'Authorization': 'REDACTED'
A body is sent with the request
[2022-10-18 20:03:26,039] {_universal.py:504} INFO - Response status: 201
Response headers:
    'Content-Length': '0'
    'Content-MD5': 'REDACTED'
    'Last-Modified': 'Tue, 18 Oct 2022 20:03:26 GMT'
    'ETag': '"0x8DAB143D166A1D7"'
    'Server': 'Windows-Azure-Blob/1.0 Microsoft-HTTPAPI/2.0'
    'x-ms-request-id': 'da3e6536-001e-004e-702c-e3918f000000'
    'x-ms-client-request-id': 'ed13d1c0-4f1f-11ed-a40f-0242bebc0005'
    'x-ms-version': 'REDACTED'
    'x-ms-content-crc64': 'REDACTED'
    'x-ms-request-server-encrypted': 'REDACTED'
    'Date': 'Tue, 18 Oct 2022 20:03:25 GMT'
[2022-10-18 20:03:26,044] {_universal.py:473} INFO - Request URL: 'https://atacananews.blob.core.windows.net/atacana-blob-container/lung-cancer/clinical-trials/20221018/mdx010/lung-cancer_clinical-trials_20221018_mdx010_NCT05501054.json'
Request method: 'PUT'
Request headers:
    'Content-Length': '625'
    'x-ms-blob-type': 'REDACTED'
    'x-ms-version': 'REDACTED'
    'Content-Type': 'application/octet-stream'
    'Accept': 'application/xml'
    'User-Agent': 'azsdk-python-storage-blob/12.13.1 Python/3.8.15 (Linux-5.10.124-linuxkit-aarch64-with-glibc2.17)'
    'x-ms-date': 'REDACTED'
    'x-ms-client-request-id': 'ed328d36-4f1f-11ed-a40f-0242bebc0005'
    'Authorization': 'REDACTED'
A body is sent with the request
[2022-10-18 20:03:26,233] {_universal.py:504} INFO - Response status: 201
Response headers:
    'Content-Length': '0'
    'Content-MD5': 'REDACTED'
    'Last-Modified': 'Tue, 18 Oct 2022 20:03:26 GMT'
    'ETag': '"0x8DAB143D1860C20"'
    'Server': 'Windows-Azure-Blob/1.0 Microsoft-HTTPAPI/2.0'
    'x-ms-request-id': 'da3e66cd-001e-004e-2f2c-e3918f000000'
    'x-ms-client-request-id': 'ed328d36-4f1f-11ed-a40f-0242bebc0005'
    'x-ms-version': 'REDACTED'
    'x-ms-content-crc64': 'REDACTED'
    'x-ms-request-server-encrypted': 'REDACTED'
    'Date': 'Tue, 18 Oct 2022 20:03:26 GMT'
[2022-10-18 20:03:26,237] {_universal.py:473} INFO - Request URL: 'https://atacananews.blob.core.windows.net/atacana-blob-container/lung-cancer/clinical-trials/20221018/mdx010/lung-cancer_clinical-trials_20221018_mdx010_NCT05498792.json'
Request method: 'PUT'
Request headers:
    'Content-Length': '586'
    'x-ms-blob-type': 'REDACTED'
    'x-ms-version': 'REDACTED'
    'Content-Type': 'application/octet-stream'
    'Accept': 'application/xml'
    'User-Agent': 'azsdk-python-storage-blob/12.13.1 Python/3.8.15 (Linux-5.10.124-linuxkit-aarch64-with-glibc2.17)'
    'x-ms-date': 'REDACTED'
    'x-ms-client-request-id': 'ed4fe034-4f1f-11ed-a40f-0242bebc0005'
    'Authorization': 'REDACTED'
A body is sent with the request
[2022-10-18 20:03:26,431] {_universal.py:504} INFO - Response status: 201
Response headers:
    'Content-Length': '0'
    'Content-MD5': 'REDACTED'
    'Last-Modified': 'Tue, 18 Oct 2022 20:03:26 GMT'
    'ETag': '"0x8DAB143D1A37AE8"'
    'Server': 'Windows-Azure-Blob/1.0 Microsoft-HTTPAPI/2.0'
    'x-ms-request-id': 'da3e6876-001e-004e-6d2c-e3918f000000'
    'x-ms-client-request-id': 'ed4fe034-4f1f-11ed-a40f-0242bebc0005'
    'x-ms-version': 'REDACTED'
    'x-ms-content-crc64': 'REDACTED'
    'x-ms-request-server-encrypted': 'REDACTED'
    'Date': 'Tue, 18 Oct 2022 20:03:26 GMT'
[2022-10-18 20:03:26,439] {_universal.py:473} INFO - Request URL: 'https://atacananews.blob.core.windows.net/atacana-blob-container/lung-cancer/clinical-trials/20221018/mdx010/lung-cancer_clinical-trials_20221018_mdx010_NCT05457959.json'
Request method: 'PUT'
Request headers:
    'Content-Length': '837'
    'x-ms-blob-type': 'REDACTED'
    'x-ms-version': 'REDACTED'
    'Content-Type': 'application/octet-stream'
    'Accept': 'application/xml'
    'User-Agent': 'azsdk-python-storage-blob/12.13.1 Python/3.8.15 (Linux-5.10.124-linuxkit-aarch64-with-glibc2.17)'
    'x-ms-date': 'REDACTED'
    'x-ms-client-request-id': 'ed6eaf28-4f1f-11ed-a40f-0242bebc0005'
    'Authorization': 'REDACTED'
A body is sent with the request
[2022-10-18 20:03:26,641] {_universal.py:504} INFO - Response status: 201
Response headers:
    'Content-Length': '0'
    'Content-MD5': 'REDACTED'
    'Last-Modified': 'Tue, 18 Oct 2022 20:03:26 GMT'
    'ETag': '"0x8DAB143D1C1ACE7"'
    'Server': 'Windows-Azure-Blob/1.0 Microsoft-HTTPAPI/2.0'
    'x-ms-request-id': 'da3e69e3-001e-004e-152c-e3918f000000'
    'x-ms-client-request-id': 'ed6eaf28-4f1f-11ed-a40f-0242bebc0005'
    'x-ms-version': 'REDACTED'
    'x-ms-content-crc64': 'REDACTED'
    'x-ms-request-server-encrypted': 'REDACTED'
    'Date': 'Tue, 18 Oct 2022 20:03:26 GMT'
[2022-10-18 20:03:26,649] {python.py:173} INFO - Done. Returned value was: None
[2022-10-18 20:03:26,677] {taskinstance.py:1395} INFO - Marking task as SUCCESS. dag_id=clinical_trials__lung_cancer__etl__20220109, task_id=load_data_to_blob_storage_task, map_index=18, execution_date=20221018T180000, start_date=20221018T200324, end_date=20221018T200326
[2022-10-18 20:03:26,724] {local_task_job.py:156} INFO - Task exited with return code 0
[2022-10-18 20:03:26,768] {local_task_job.py:273} INFO - 0 downstream tasks scheduled from follow-on schedule check
