[2022-10-18 18:05:17,210] {taskinstance.py:1159} INFO - Dependencies all met for <TaskInstance: clinical_trials__lung_cancer__etl__20220109.load_data_to_mongodb_task scheduled__2022-10-18T16:00:00+00:00 map_index=24 [queued]>
[2022-10-18 18:05:17,221] {taskinstance.py:1159} INFO - Dependencies all met for <TaskInstance: clinical_trials__lung_cancer__etl__20220109.load_data_to_mongodb_task scheduled__2022-10-18T16:00:00+00:00 map_index=24 [queued]>
[2022-10-18 18:05:17,222] {taskinstance.py:1356} INFO - 
--------------------------------------------------------------------------------
[2022-10-18 18:05:17,223] {taskinstance.py:1357} INFO - Starting attempt 1 of 1
[2022-10-18 18:05:17,224] {taskinstance.py:1358} INFO - 
--------------------------------------------------------------------------------
[2022-10-18 18:05:17,231] {taskinstance.py:1377} INFO - Executing <Mapped(_PythonDecoratedOperator): load_data_to_mongodb_task> on 2022-10-18 16:00:00+00:00
[2022-10-18 18:05:17,236] {standard_task_runner.py:52} INFO - Started process 3049 to run task
[2022-10-18 18:05:17,239] {standard_task_runner.py:79} INFO - Running: ['airflow', 'tasks', 'run', 'clinical_trials__lung_cancer__etl__20220109', 'load_data_to_mongodb_task', 'scheduled__2022-10-18T16:00:00+00:00', '--job-id', '413', '--raw', '--subdir', 'DAGS_FOLDER/process_news_dags.py', '--cfg-path', '/tmp/tmpggmg79fu', '--map-index', '24', '--error-file', '/tmp/tmp3on6slcw']
[2022-10-18 18:05:17,241] {standard_task_runner.py:80} INFO - Job 413: Subtask load_data_to_mongodb_task
[2022-10-18 18:05:17,253] {logging_mixin.py:115} WARNING - /root/.cache/pypoetry/virtualenvs/***-tXitOD5F-py3.8/lib/python3.8/site-packages/airflow/configuration.py:525 DeprecationWarning: The sql_alchemy_conn option in [core] has been moved to the sql_alchemy_conn option in [database] - the old setting has been used, but please update your config.
[2022-10-18 18:05:17,287] {task_command.py:370} INFO - Running <TaskInstance: clinical_trials__lung_cancer__etl__20220109.load_data_to_mongodb_task scheduled__2022-10-18T16:00:00+00:00 map_index=24 [running]> on host 6cdf6d517dc4
[2022-10-18 18:05:17,326] {taskinstance.py:1569} INFO - Exporting the following env vars:
AIRFLOW_CTX_DAG_EMAIL=wais@datakimia.com,david@datakimia.com,juanm@datakimia.com,tomas@datakimia.com
AIRFLOW_CTX_DAG_OWNER=atacana
AIRFLOW_CTX_DAG_ID=clinical_trials__lung_cancer__etl__20220109
AIRFLOW_CTX_TASK_ID=load_data_to_mongodb_task
AIRFLOW_CTX_EXECUTION_DATE=2022-10-18T16:00:00+00:00
AIRFLOW_CTX_TRY_NUMBER=1
AIRFLOW_CTX_DAG_RUN_ID=scheduled__2022-10-18T16:00:00+00:00
[2022-10-18 18:05:17,328] {process_news_dag_factory.py:128} INFO - Going to load data from clinical_trials about topic MEDI 4736
[2022-10-18 18:05:19,544] {db_helpers.py:35} INFO - Connected successfully!!!
[2022-10-18 18:05:19,551] {_universal.py:476} INFO - Request URL: 'https://atacananews.blob.core.windows.net/atacana-blob-container?restype=REDACTED&comp=REDACTED&prefix=REDACTED&delimiter=REDACTED'
Request method: 'GET'
Request headers:
    'x-ms-version': 'REDACTED'
    'Accept': 'application/xml'
    'User-Agent': 'azsdk-python-storage-blob/12.13.1 Python/3.8.15 (Linux-5.10.124-linuxkit-aarch64-with-glibc2.17)'
    'x-ms-date': 'REDACTED'
    'x-ms-client-request-id': '6d514cd4-4f0f-11ed-b803-0242bebc0005'
    'Authorization': 'REDACTED'
No body was attached to the request
[2022-10-18 18:05:20,476] {_universal.py:504} INFO - Response status: 200
Response headers:
    'Transfer-Encoding': 'chunked'
    'Content-Type': 'application/xml'
    'Server': 'Windows-Azure-Blob/1.0 Microsoft-HTTPAPI/2.0'
    'x-ms-request-id': '6672eda8-401e-0060-551c-e3c398000000'
    'x-ms-client-request-id': '6d514cd4-4f0f-11ed-b803-0242bebc0005'
    'x-ms-version': 'REDACTED'
    'Date': 'Tue, 18 Oct 2022 18:05:19 GMT'
[2022-10-18 18:05:20,480] {_universal.py:476} INFO - Request URL: 'https://atacananews.blob.core.windows.net/atacana-blob-container/lung-cancer/clinical-trials/20221018/medi-4736/lung-cancer_clinical-trials_20221018_medi-4736_NCT05450692.json'
Request method: 'GET'
Request headers:
    'x-ms-range': 'REDACTED'
    'x-ms-version': 'REDACTED'
    'Accept': 'application/xml'
    'User-Agent': 'azsdk-python-storage-blob/12.13.1 Python/3.8.15 (Linux-5.10.124-linuxkit-aarch64-with-glibc2.17)'
    'x-ms-date': 'REDACTED'
    'x-ms-client-request-id': '6ddf3ed6-4f0f-11ed-b803-0242bebc0005'
    'Authorization': 'REDACTED'
No body was attached to the request
[2022-10-18 18:05:20,658] {_universal.py:504} INFO - Response status: 206
Response headers:
    'Content-Length': '720'
    'Content-Type': 'application/octet-stream'
    'Content-Range': 'REDACTED'
    'Last-Modified': 'Tue, 18 Oct 2022 18:02:17 GMT'
    'Accept-Ranges': 'REDACTED'
    'ETag': '"0x8DAB132E4BEC9ED"'
    'Server': 'Windows-Azure-Blob/1.0 Microsoft-HTTPAPI/2.0'
    'x-ms-request-id': '6672eed0-401e-0060-671c-e3c398000000'
    'x-ms-client-request-id': '6ddf3ed6-4f0f-11ed-b803-0242bebc0005'
    'x-ms-version': 'REDACTED'
    'x-ms-creation-time': 'REDACTED'
    'x-ms-blob-content-md5': 'REDACTED'
    'x-ms-lease-status': 'REDACTED'
    'x-ms-lease-state': 'REDACTED'
    'x-ms-blob-type': 'REDACTED'
    'x-ms-server-encrypted': 'REDACTED'
    'Date': 'Tue, 18 Oct 2022 18:05:20 GMT'
[2022-10-18 18:05:20,666] {logging_mixin.py:115} INFO - <class 'pandas.core.frame.DataFrame'>
RangeIndex: 1 entries, 0 to 0
Data columns (total 13 columns):
 #   Column            Non-Null Count  Dtype 
---  ------            --------------  ----- 
 0   title             1 non-null      object
 1   link              1 non-null      object
 2   id                1 non-null      object
 3   published_at      1 non-null      object
 4   conditions        1 non-null      object
 5   intervention      1 non-null      object
 6   publisher         1 non-null      object
 7   status            1 non-null      object
 8   source            1 non-null      object
 9   keyword           1 non-null      object
 10  indication        1 non-null      object
 11  therapeutic_area  1 non-null      object
 12  updated_at        1 non-null      object
dtypes: object(13)
memory usage: 232.0+ bytes
[2022-10-18 18:05:20,667] {process_news_dag_factory.py:159} INFO - None
[2022-10-18 18:05:20,670] {process_news_dag_factory.py:167} INFO - {'id': 'NCT05450692', 'source': 'clinical_trials', 'therapeutic_area': 'Oncology', 'indication': 'Lung Cancer', 'keyword': 'MEDI-4736', 'title': 'A Phase III Study of Ceralasertib Plus Durvalumab Versus Docetaxel in Patients With Non Small Cell Lung Cancer (NSCLC) Whose Disease Progressed On or After Prior Anti PD (L)1 Therapy And Platinum Based Chemotherapy', 'link': 'https://clinicaltrials.gov/ct2/show/NCT05450692?cond=MEDI-4736&sfpd_d=100', 'publisher': 'AstraZeneca;   Parexel', 'published_at': '2022-07-11T12:00:00.000Z', 'updated_at': '2022-10-18T18:00:36.941Z', 'atacana_team': None, 'category': None, 'priority': None, 'content': None}
[2022-10-18 18:05:21,860] {_universal.py:476} INFO - Request URL: 'https://atacananews.blob.core.windows.net/atacana-blob-container/lung-cancer/clinical-trials/20221018/medi-4736/lung-cancer_clinical-trials_20221018_medi-4736_NCT05451043.json'
Request method: 'GET'
Request headers:
    'x-ms-range': 'REDACTED'
    'x-ms-version': 'REDACTED'
    'Accept': 'application/xml'
    'User-Agent': 'azsdk-python-storage-blob/12.13.1 Python/3.8.15 (Linux-5.10.124-linuxkit-aarch64-with-glibc2.17)'
    'x-ms-date': 'REDACTED'
    'x-ms-client-request-id': '6eb1bc58-4f0f-11ed-b803-0242bebc0005'
    'Authorization': 'REDACTED'
No body was attached to the request
[2022-10-18 18:05:22,050] {_universal.py:504} INFO - Response status: 206
Response headers:
    'Content-Length': '775'
    'Content-Type': 'application/octet-stream'
    'Content-Range': 'REDACTED'
    'Last-Modified': 'Tue, 18 Oct 2022 18:02:18 GMT'
    'Accept-Ranges': 'REDACTED'
    'ETag': '"0x8DAB132E59952A6"'
    'Server': 'Windows-Azure-Blob/1.0 Microsoft-HTTPAPI/2.0'
    'x-ms-request-id': '6672f3ac-401e-0060-701c-e3c398000000'
    'x-ms-client-request-id': '6eb1bc58-4f0f-11ed-b803-0242bebc0005'
    'x-ms-version': 'REDACTED'
    'x-ms-creation-time': 'REDACTED'
    'x-ms-blob-content-md5': 'REDACTED'
    'x-ms-lease-status': 'REDACTED'
    'x-ms-lease-state': 'REDACTED'
    'x-ms-blob-type': 'REDACTED'
    'x-ms-server-encrypted': 'REDACTED'
    'Date': 'Tue, 18 Oct 2022 18:05:21 GMT'
[2022-10-18 18:05:22,055] {logging_mixin.py:115} INFO - <class 'pandas.core.frame.DataFrame'>
RangeIndex: 1 entries, 0 to 0
Data columns (total 13 columns):
 #   Column            Non-Null Count  Dtype 
---  ------            --------------  ----- 
 0   title             1 non-null      object
 1   link              1 non-null      object
 2   id                1 non-null      object
 3   published_at      1 non-null      object
 4   conditions        1 non-null      object
 5   intervention      1 non-null      object
 6   publisher         1 non-null      object
 7   status            1 non-null      object
 8   source            1 non-null      object
 9   keyword           1 non-null      object
 10  indication        1 non-null      object
 11  therapeutic_area  1 non-null      object
 12  updated_at        1 non-null      object
dtypes: object(13)
memory usage: 232.0+ bytes
[2022-10-18 18:05:22,056] {process_news_dag_factory.py:159} INFO - None
[2022-10-18 18:05:22,058] {process_news_dag_factory.py:167} INFO - {'id': 'NCT05451043', 'source': 'clinical_trials', 'therapeutic_area': 'Oncology', 'indication': 'Lung Cancer', 'keyword': 'MEDI-4736', 'title': 'Durvalumab and Tremelimumab in Combination With Propranolol and Chemotherapy for Treatment of Advanced Hepatopancreabiliary Tumors (BLOCKED)', 'link': 'https://clinicaltrials.gov/ct2/show/NCT05451043?cond=MEDI-4736&sfpd_d=100', 'publisher': 'AHS Cancer Control Alberta', 'published_at': '2022-07-11T12:00:00.000Z', 'updated_at': '2022-10-18T18:00:36.941Z', 'atacana_team': None, 'category': None, 'priority': None, 'content': None}
[2022-10-18 18:05:22,266] {_universal.py:476} INFO - Request URL: 'https://atacananews.blob.core.windows.net/atacana-blob-container/lung-cancer/clinical-trials/20221018/medi-4736/lung-cancer_clinical-trials_20221018_medi-4736_NCT05456867.json'
Request method: 'GET'
Request headers:
    'x-ms-range': 'REDACTED'
    'x-ms-version': 'REDACTED'
    'Accept': 'application/xml'
    'User-Agent': 'azsdk-python-storage-blob/12.13.1 Python/3.8.15 (Linux-5.10.124-linuxkit-aarch64-with-glibc2.17)'
    'x-ms-date': 'REDACTED'
    'x-ms-client-request-id': '6eefb698-4f0f-11ed-b803-0242bebc0005'
    'Authorization': 'REDACTED'
No body was attached to the request
[2022-10-18 18:05:22,445] {_universal.py:504} INFO - Response status: 206
Response headers:
    'Content-Length': '570'
    'Content-Type': 'application/octet-stream'
    'Content-Range': 'REDACTED'
    'Last-Modified': 'Tue, 18 Oct 2022 18:02:17 GMT'
    'Accept-Ranges': 'REDACTED'
    'ETag': '"0x8DAB132E53B3AD4"'
    'Server': 'Windows-Azure-Blob/1.0 Microsoft-HTTPAPI/2.0'
    'x-ms-request-id': '6672f577-401e-0060-0b1c-e3c398000000'
    'x-ms-client-request-id': '6eefb698-4f0f-11ed-b803-0242bebc0005'
    'x-ms-version': 'REDACTED'
    'x-ms-creation-time': 'REDACTED'
    'x-ms-blob-content-md5': 'REDACTED'
    'x-ms-lease-status': 'REDACTED'
    'x-ms-lease-state': 'REDACTED'
    'x-ms-blob-type': 'REDACTED'
    'x-ms-server-encrypted': 'REDACTED'
    'Date': 'Tue, 18 Oct 2022 18:05:21 GMT'
[2022-10-18 18:05:22,449] {logging_mixin.py:115} INFO - <class 'pandas.core.frame.DataFrame'>
RangeIndex: 1 entries, 0 to 0
Data columns (total 13 columns):
 #   Column            Non-Null Count  Dtype 
---  ------            --------------  ----- 
 0   title             1 non-null      object
 1   link              1 non-null      object
 2   id                1 non-null      object
 3   published_at      1 non-null      object
 4   conditions        1 non-null      object
 5   intervention      1 non-null      object
 6   publisher         1 non-null      object
 7   status            1 non-null      object
 8   source            1 non-null      object
 9   keyword           1 non-null      object
 10  indication        1 non-null      object
 11  therapeutic_area  1 non-null      object
 12  updated_at        1 non-null      object
dtypes: object(13)
memory usage: 232.0+ bytes
[2022-10-18 18:05:22,450] {process_news_dag_factory.py:159} INFO - None
[2022-10-18 18:05:22,452] {process_news_dag_factory.py:167} INFO - {'id': 'NCT05456867', 'source': 'clinical_trials', 'therapeutic_area': 'Oncology', 'indication': 'Lung Cancer', 'keyword': 'MEDI-4736', 'title': 'A Multi-center, Non-interventional, Prospective Study of Durvalumab in Unresectable Locally Advanced NSCLC in Routine Clinical Practice in Russia', 'link': 'https://clinicaltrials.gov/ct2/show/NCT05456867?cond=MEDI-4736&sfpd_d=100', 'publisher': 'AstraZeneca', 'published_at': '2022-07-13T12:00:00.000Z', 'updated_at': '2022-10-18T18:00:36.941Z', 'atacana_team': None, 'category': None, 'priority': None, 'content': None}
[2022-10-18 18:05:22,687] {_universal.py:476} INFO - Request URL: 'https://atacananews.blob.core.windows.net/atacana-blob-container/lung-cancer/clinical-trials/20221018/medi-4736/lung-cancer_clinical-trials_20221018_medi-4736_NCT05484583.json'
Request method: 'GET'
Request headers:
    'x-ms-range': 'REDACTED'
    'x-ms-version': 'REDACTED'
    'Accept': 'application/xml'
    'User-Agent': 'azsdk-python-storage-blob/12.13.1 Python/3.8.15 (Linux-5.10.124-linuxkit-aarch64-with-glibc2.17)'
    'x-ms-date': 'REDACTED'
    'x-ms-client-request-id': '6f300176-4f0f-11ed-b803-0242bebc0005'
    'Authorization': 'REDACTED'
No body was attached to the request
[2022-10-18 18:05:22,935] {_universal.py:504} INFO - Response status: 206
Response headers:
    'Content-Length': '780'
    'Content-Type': 'application/octet-stream'
    'Content-Range': 'REDACTED'
    'Last-Modified': 'Tue, 18 Oct 2022 18:02:17 GMT'
    'Accept-Ranges': 'REDACTED'
    'ETag': '"0x8DAB132E51D2FD9"'
    'Server': 'Windows-Azure-Blob/1.0 Microsoft-HTTPAPI/2.0'
    'x-ms-request-id': '6672f6f7-401e-0060-7c1c-e3c398000000'
    'x-ms-client-request-id': '6f300176-4f0f-11ed-b803-0242bebc0005'
    'x-ms-version': 'REDACTED'
    'x-ms-creation-time': 'REDACTED'
    'x-ms-blob-content-md5': 'REDACTED'
    'x-ms-lease-status': 'REDACTED'
    'x-ms-lease-state': 'REDACTED'
    'x-ms-blob-type': 'REDACTED'
    'x-ms-server-encrypted': 'REDACTED'
    'Date': 'Tue, 18 Oct 2022 18:05:22 GMT'
[2022-10-18 18:05:22,942] {logging_mixin.py:115} INFO - <class 'pandas.core.frame.DataFrame'>
RangeIndex: 1 entries, 0 to 0
Data columns (total 13 columns):
 #   Column            Non-Null Count  Dtype 
---  ------            --------------  ----- 
 0   title             1 non-null      object
 1   link              1 non-null      object
 2   id                1 non-null      object
 3   published_at      1 non-null      object
 4   conditions        1 non-null      object
 5   intervention      1 non-null      object
 6   publisher         1 non-null      object
 7   status            1 non-null      object
 8   source            1 non-null      object
 9   keyword           1 non-null      object
 10  indication        1 non-null      object
 11  therapeutic_area  1 non-null      object
 12  updated_at        1 non-null      object
dtypes: object(13)
memory usage: 232.0+ bytes
[2022-10-18 18:05:22,943] {process_news_dag_factory.py:159} INFO - None
[2022-10-18 18:05:22,946] {process_news_dag_factory.py:167} INFO - {'id': 'NCT05484583', 'source': 'clinical_trials', 'therapeutic_area': 'Oncology', 'indication': 'Lung Cancer', 'keyword': 'MEDI-4736', 'title': 'Durvalumab Combined With Consolidation Radiotherapy After First-line Treatment in Extensive Stage Small Cell Lung Cancer With Oligometastases', 'link': 'https://clinicaltrials.gov/ct2/show/NCT05484583?cond=MEDI-4736&sfpd_d=100', 'publisher': 'Affiliated Cancer Hospital & Institute of Guangzhou Medical University', 'published_at': '2022-08-02T12:00:00.000Z', 'updated_at': '2022-10-18T18:00:36.941Z', 'atacana_team': None, 'category': None, 'priority': None, 'content': None}
[2022-10-18 18:05:23,179] {_universal.py:476} INFO - Request URL: 'https://atacananews.blob.core.windows.net/atacana-blob-container/lung-cancer/clinical-trials/20221018/medi-4736/lung-cancer_clinical-trials_20221018_medi-4736_NCT05498155.json'
Request method: 'GET'
Request headers:
    'x-ms-range': 'REDACTED'
    'x-ms-version': 'REDACTED'
    'Accept': 'application/xml'
    'User-Agent': 'azsdk-python-storage-blob/12.13.1 Python/3.8.15 (Linux-5.10.124-linuxkit-aarch64-with-glibc2.17)'
    'x-ms-date': 'REDACTED'
    'x-ms-client-request-id': '6f7b12d8-4f0f-11ed-b803-0242bebc0005'
    'Authorization': 'REDACTED'
No body was attached to the request
[2022-10-18 18:05:23,359] {_universal.py:504} INFO - Response status: 206
Response headers:
    'Content-Length': '658'
    'Content-Type': 'application/octet-stream'
    'Content-Range': 'REDACTED'
    'Last-Modified': 'Tue, 18 Oct 2022 18:02:18 GMT'
    'Accept-Ranges': 'REDACTED'
    'ETag': '"0x8DAB132E55FD47A"'
    'Server': 'Windows-Azure-Blob/1.0 Microsoft-HTTPAPI/2.0'
    'x-ms-request-id': '6672f8d8-401e-0060-3c1c-e3c398000000'
    'x-ms-client-request-id': '6f7b12d8-4f0f-11ed-b803-0242bebc0005'
    'x-ms-version': 'REDACTED'
    'x-ms-creation-time': 'REDACTED'
    'x-ms-blob-content-md5': 'REDACTED'
    'x-ms-lease-status': 'REDACTED'
    'x-ms-lease-state': 'REDACTED'
    'x-ms-blob-type': 'REDACTED'
    'x-ms-server-encrypted': 'REDACTED'
    'Date': 'Tue, 18 Oct 2022 18:05:22 GMT'
[2022-10-18 18:05:23,364] {logging_mixin.py:115} INFO - <class 'pandas.core.frame.DataFrame'>
RangeIndex: 1 entries, 0 to 0
Data columns (total 13 columns):
 #   Column            Non-Null Count  Dtype 
---  ------            --------------  ----- 
 0   title             1 non-null      object
 1   link              1 non-null      object
 2   id                1 non-null      object
 3   published_at      1 non-null      object
 4   conditions        1 non-null      object
 5   intervention      1 non-null      object
 6   publisher         1 non-null      object
 7   status            1 non-null      object
 8   source            1 non-null      object
 9   keyword           1 non-null      object
 10  indication        1 non-null      object
 11  therapeutic_area  1 non-null      object
 12  updated_at        1 non-null      object
dtypes: object(13)
memory usage: 232.0+ bytes
[2022-10-18 18:05:23,365] {process_news_dag_factory.py:159} INFO - None
[2022-10-18 18:05:23,367] {process_news_dag_factory.py:167} INFO - {'id': 'NCT05498155', 'source': 'clinical_trials', 'therapeutic_area': 'Oncology', 'indication': 'Lung Cancer', 'keyword': 'MEDI-4736', 'title': 'Study of Neoadjuvant Olaparib Monotherapy and Olaparib and Durvalumab Combination in HER2 Negative BRCAm Breast Cancer', 'link': 'https://clinicaltrials.gov/ct2/show/NCT05498155?cond=MEDI-4736&sfpd_d=100', 'publisher': 'AstraZeneca', 'published_at': '2022-08-11T12:00:00.000Z', 'updated_at': '2022-10-18T18:00:36.941Z', 'atacana_team': None, 'category': None, 'priority': None, 'content': None}
[2022-10-18 18:05:23,570] {_universal.py:476} INFO - Request URL: 'https://atacananews.blob.core.windows.net/atacana-blob-container/lung-cancer/clinical-trials/20221018/medi-4736/lung-cancer_clinical-trials_20221018_medi-4736_NCT05514132.json'
Request method: 'GET'
Request headers:
    'x-ms-range': 'REDACTED'
    'x-ms-version': 'REDACTED'
    'Accept': 'application/xml'
    'User-Agent': 'azsdk-python-storage-blob/12.13.1 Python/3.8.15 (Linux-5.10.124-linuxkit-aarch64-with-glibc2.17)'
    'x-ms-date': 'REDACTED'
    'x-ms-client-request-id': '6fb6b612-4f0f-11ed-b803-0242bebc0005'
    'Authorization': 'REDACTED'
No body was attached to the request
[2022-10-18 18:05:23,753] {_universal.py:504} INFO - Response status: 206
Response headers:
    'Content-Length': '595'
    'Content-Type': 'application/octet-stream'
    'Content-Range': 'REDACTED'
    'Last-Modified': 'Tue, 18 Oct 2022 18:02:18 GMT'
    'Accept-Ranges': 'REDACTED'
    'ETag': '"0x8DAB132E57CCE21"'
    'Server': 'Windows-Azure-Blob/1.0 Microsoft-HTTPAPI/2.0'
    'x-ms-request-id': '6672fa61-401e-0060-2f1c-e3c398000000'
    'x-ms-client-request-id': '6fb6b612-4f0f-11ed-b803-0242bebc0005'
    'x-ms-version': 'REDACTED'
    'x-ms-creation-time': 'REDACTED'
    'x-ms-blob-content-md5': 'REDACTED'
    'x-ms-lease-status': 'REDACTED'
    'x-ms-lease-state': 'REDACTED'
    'x-ms-blob-type': 'REDACTED'
    'x-ms-server-encrypted': 'REDACTED'
    'Date': 'Tue, 18 Oct 2022 18:05:23 GMT'
[2022-10-18 18:05:23,762] {logging_mixin.py:115} INFO - <class 'pandas.core.frame.DataFrame'>
RangeIndex: 1 entries, 0 to 0
Data columns (total 13 columns):
 #   Column            Non-Null Count  Dtype 
---  ------            --------------  ----- 
 0   title             1 non-null      object
 1   link              1 non-null      object
 2   id                1 non-null      object
 3   published_at      1 non-null      object
 4   conditions        1 non-null      object
 5   intervention      1 non-null      object
 6   publisher         1 non-null      object
 7   status            1 non-null      object
 8   source            1 non-null      object
 9   keyword           1 non-null      object
 10  indication        1 non-null      object
 11  therapeutic_area  1 non-null      object
 12  updated_at        1 non-null      object
dtypes: object(13)
memory usage: 232.0+ bytes
[2022-10-18 18:05:23,764] {process_news_dag_factory.py:159} INFO - None
[2022-10-18 18:05:23,767] {process_news_dag_factory.py:167} INFO - {'id': 'NCT05514132', 'source': 'clinical_trials', 'therapeutic_area': 'Oncology', 'indication': 'Lung Cancer', 'keyword': 'MEDI-4736', 'title': 'A Study to Evaluate the Safety and Pharmacokinetics of Ceralasertib in Combination With Durvalumab in Chinese Patients With Advanced Solid Tumours', 'link': 'https://clinicaltrials.gov/ct2/show/NCT05514132?cond=MEDI-4736&sfpd_d=100', 'publisher': 'AstraZeneca', 'published_at': '2022-08-24T12:00:00.000Z', 'updated_at': '2022-10-18T18:00:36.941Z', 'atacana_team': None, 'category': None, 'priority': None, 'content': None}
[2022-10-18 18:05:23,974] {_universal.py:476} INFO - Request URL: 'https://atacananews.blob.core.windows.net/atacana-blob-container/lung-cancer/clinical-trials/20221018/medi-4736/lung-cancer_clinical-trials_20221018_medi-4736_NCT05557838.json'
Request method: 'GET'
Request headers:
    'x-ms-range': 'REDACTED'
    'x-ms-version': 'REDACTED'
    'Accept': 'application/xml'
    'User-Agent': 'azsdk-python-storage-blob/12.13.1 Python/3.8.15 (Linux-5.10.124-linuxkit-aarch64-with-glibc2.17)'
    'x-ms-date': 'REDACTED'
    'x-ms-client-request-id': '6ff43230-4f0f-11ed-b803-0242bebc0005'
    'Authorization': 'REDACTED'
No body was attached to the request
[2022-10-18 18:05:24,168] {_universal.py:504} INFO - Response status: 206
Response headers:
    'Content-Length': '582'
    'Content-Type': 'application/octet-stream'
    'Content-Range': 'REDACTED'
    'Last-Modified': 'Tue, 18 Oct 2022 18:02:17 GMT'
    'Accept-Ranges': 'REDACTED'
    'ETag': '"0x8DAB132E4FEAFCE"'
    'Server': 'Windows-Azure-Blob/1.0 Microsoft-HTTPAPI/2.0'
    'x-ms-request-id': '6672fc06-401e-0060-341c-e3c398000000'
    'x-ms-client-request-id': '6ff43230-4f0f-11ed-b803-0242bebc0005'
    'x-ms-version': 'REDACTED'
    'x-ms-creation-time': 'REDACTED'
    'x-ms-blob-content-md5': 'REDACTED'
    'x-ms-lease-status': 'REDACTED'
    'x-ms-lease-state': 'REDACTED'
    'x-ms-blob-type': 'REDACTED'
    'x-ms-server-encrypted': 'REDACTED'
    'Date': 'Tue, 18 Oct 2022 18:05:23 GMT'
[2022-10-18 18:05:24,173] {logging_mixin.py:115} INFO - <class 'pandas.core.frame.DataFrame'>
RangeIndex: 1 entries, 0 to 0
Data columns (total 13 columns):
 #   Column            Non-Null Count  Dtype 
---  ------            --------------  ----- 
 0   title             1 non-null      object
 1   link              1 non-null      object
 2   id                1 non-null      object
 3   published_at      1 non-null      object
 4   conditions        1 non-null      object
 5   intervention      1 non-null      object
 6   publisher         1 non-null      object
 7   status            1 non-null      object
 8   source            1 non-null      object
 9   keyword           1 non-null      object
 10  indication        1 non-null      object
 11  therapeutic_area  1 non-null      object
 12  updated_at        1 non-null      object
dtypes: object(13)
memory usage: 232.0+ bytes
[2022-10-18 18:05:24,176] {process_news_dag_factory.py:159} INFO - None
[2022-10-18 18:05:24,178] {process_news_dag_factory.py:167} INFO - {'id': 'NCT05557838', 'source': 'clinical_trials', 'therapeutic_area': 'Oncology', 'indication': 'Lung Cancer', 'keyword': 'MEDI-4736', 'title': 'Study of Durvalumab Plus Tremelimumab as First-line Treatment in Chinese Patients With Unresectable Hepatocellular Carinoma', 'link': 'https://clinicaltrials.gov/ct2/show/NCT05557838?cond=MEDI-4736&sfpd_d=100', 'publisher': 'AstraZeneca', 'published_at': '2022-09-28T12:00:00.000Z', 'updated_at': '2022-10-18T18:00:36.941Z', 'atacana_team': None, 'category': None, 'priority': None, 'content': None}
[2022-10-18 18:05:24,385] {_universal.py:476} INFO - Request URL: 'https://atacananews.blob.core.windows.net/atacana-blob-container/lung-cancer/clinical-trials/20221018/medi-4736/lung-cancer_clinical-trials_20221018_medi-4736_NCT05568212.json'
Request method: 'GET'
Request headers:
    'x-ms-range': 'REDACTED'
    'x-ms-version': 'REDACTED'
    'Accept': 'application/xml'
    'User-Agent': 'azsdk-python-storage-blob/12.13.1 Python/3.8.15 (Linux-5.10.124-linuxkit-aarch64-with-glibc2.17)'
    'x-ms-date': 'REDACTED'
    'x-ms-client-request-id': '70330a96-4f0f-11ed-b803-0242bebc0005'
    'Authorization': 'REDACTED'
No body was attached to the request
[2022-10-18 18:05:24,570] {_universal.py:504} INFO - Response status: 206
Response headers:
    'Content-Length': '742'
    'Content-Type': 'application/octet-stream'
    'Content-Range': 'REDACTED'
    'Last-Modified': 'Tue, 18 Oct 2022 18:02:16 GMT'
    'Accept-Ranges': 'REDACTED'
    'ETag': '"0x8DAB132E4846193"'
    'Server': 'Windows-Azure-Blob/1.0 Microsoft-HTTPAPI/2.0'
    'x-ms-request-id': '6672fdf0-401e-0060-021c-e3c398000000'
    'x-ms-client-request-id': '70330a96-4f0f-11ed-b803-0242bebc0005'
    'x-ms-version': 'REDACTED'
    'x-ms-creation-time': 'REDACTED'
    'x-ms-blob-content-md5': 'REDACTED'
    'x-ms-lease-status': 'REDACTED'
    'x-ms-lease-state': 'REDACTED'
    'x-ms-blob-type': 'REDACTED'
    'x-ms-server-encrypted': 'REDACTED'
    'Date': 'Tue, 18 Oct 2022 18:05:24 GMT'
[2022-10-18 18:05:24,588] {logging_mixin.py:115} INFO - <class 'pandas.core.frame.DataFrame'>
RangeIndex: 1 entries, 0 to 0
Data columns (total 13 columns):
 #   Column            Non-Null Count  Dtype 
---  ------            --------------  ----- 
 0   title             1 non-null      object
 1   link              1 non-null      object
 2   id                1 non-null      object
 3   published_at      1 non-null      object
 4   conditions        1 non-null      object
 5   intervention      1 non-null      object
 6   publisher         1 non-null      object
 7   status            1 non-null      object
 8   source            1 non-null      object
 9   keyword           1 non-null      object
 10  indication        1 non-null      object
 11  therapeutic_area  1 non-null      object
 12  updated_at        1 non-null      object
dtypes: object(13)
memory usage: 232.0+ bytes
[2022-10-18 18:05:24,606] {process_news_dag_factory.py:159} INFO - None
[2022-10-18 18:05:24,627] {process_news_dag_factory.py:167} INFO - {'id': 'NCT05568212', 'source': 'clinical_trials', 'therapeutic_area': 'Oncology', 'indication': 'Lung Cancer', 'keyword': 'MEDI-4736', 'title': 'Randomized Trial Comparing Standard of Care Versus Immune- Based Combination in Relapsed Stage III Non-small-cell Lung Cancer (NSCLC) Pretreated With Chemoradiotherapy and Durvalumab', 'link': 'https://clinicaltrials.gov/ct2/show/NCT05568212?cond=MEDI-4736&sfpd_d=100', 'publisher': 'Fondazione Ricerca Traslazionale', 'published_at': '2022-10-05T12:00:00.000Z', 'updated_at': '2022-10-18T18:00:36.941Z', 'atacana_team': None, 'category': None, 'priority': None, 'content': None}
[2022-10-18 18:05:24,826] {_universal.py:476} INFO - Request URL: 'https://atacananews.blob.core.windows.net/atacana-blob-container/lung-cancer/clinical-trials/20221018/medi-4736/lung-cancer_clinical-trials_20221018_medi-4736_NCT05572476.json'
Request method: 'GET'
Request headers:
    'x-ms-range': 'REDACTED'
    'x-ms-version': 'REDACTED'
    'Accept': 'application/xml'
    'User-Agent': 'azsdk-python-storage-blob/12.13.1 Python/3.8.15 (Linux-5.10.124-linuxkit-aarch64-with-glibc2.17)'
    'x-ms-date': 'REDACTED'
    'x-ms-client-request-id': '70766ac0-4f0f-11ed-b803-0242bebc0005'
    'Authorization': 'REDACTED'
No body was attached to the request
[2022-10-18 18:05:25,006] {_universal.py:504} INFO - Response status: 206
Response headers:
    'Content-Length': '753'
    'Content-Type': 'application/octet-stream'
    'Content-Range': 'REDACTED'
    'Last-Modified': 'Tue, 18 Oct 2022 18:02:17 GMT'
    'Accept-Ranges': 'REDACTED'
    'ETag': '"0x8DAB132E4E2043C"'
    'Server': 'Windows-Azure-Blob/1.0 Microsoft-HTTPAPI/2.0'
    'x-ms-request-id': '6672ffe1-401e-0060-5a1c-e3c398000000'
    'x-ms-client-request-id': '70766ac0-4f0f-11ed-b803-0242bebc0005'
    'x-ms-version': 'REDACTED'
    'x-ms-creation-time': 'REDACTED'
    'x-ms-blob-content-md5': 'REDACTED'
    'x-ms-lease-status': 'REDACTED'
    'x-ms-lease-state': 'REDACTED'
    'x-ms-blob-type': 'REDACTED'
    'x-ms-server-encrypted': 'REDACTED'
    'Date': 'Tue, 18 Oct 2022 18:05:24 GMT'
[2022-10-18 18:05:25,014] {logging_mixin.py:115} INFO - <class 'pandas.core.frame.DataFrame'>
RangeIndex: 1 entries, 0 to 0
Data columns (total 13 columns):
 #   Column            Non-Null Count  Dtype 
---  ------            --------------  ----- 
 0   title             1 non-null      object
 1   link              1 non-null      object
 2   id                1 non-null      object
 3   published_at      1 non-null      object
 4   conditions        1 non-null      object
 5   intervention      1 non-null      object
 6   publisher         1 non-null      object
 7   status            1 non-null      object
 8   source            1 non-null      object
 9   keyword           1 non-null      object
 10  indication        1 non-null      object
 11  therapeutic_area  1 non-null      object
 12  updated_at        1 non-null      object
dtypes: object(13)
memory usage: 232.0+ bytes
[2022-10-18 18:05:25,016] {process_news_dag_factory.py:159} INFO - None
[2022-10-18 18:05:25,018] {process_news_dag_factory.py:167} INFO - {'id': 'NCT05572476', 'source': 'clinical_trials', 'therapeutic_area': 'Oncology', 'indication': 'Lung Cancer', 'keyword': 'MEDI-4736', 'title': 'Lurbinectedin Combined With Durvalumab in Pre-treated Patients With Extensive Stage Small-cell Lung Cancer', 'link': 'https://clinicaltrials.gov/ct2/show/NCT05572476?cond=MEDI-4736&sfpd_d=100', 'publisher': 'Institut Bergonié;   AstraZeneca;   PharmaMar', 'published_at': '2022-10-07T12:00:00.000Z', 'updated_at': '2022-10-18T18:00:36.941Z', 'atacana_team': None, 'category': None, 'priority': None, 'content': None}
[2022-10-18 18:05:25,221] {_universal.py:476} INFO - Request URL: 'https://atacananews.blob.core.windows.net/atacana-blob-container/lung-cancer/clinical-trials/20221018/medi-4736/lung-cancer_clinical-trials_20221018_medi-4736_NCT05582538.json'
Request method: 'GET'
Request headers:
    'x-ms-range': 'REDACTED'
    'x-ms-version': 'REDACTED'
    'Accept': 'application/xml'
    'User-Agent': 'azsdk-python-storage-blob/12.13.1 Python/3.8.15 (Linux-5.10.124-linuxkit-aarch64-with-glibc2.17)'
    'x-ms-date': 'REDACTED'
    'x-ms-client-request-id': '70b29522-4f0f-11ed-b803-0242bebc0005'
    'Authorization': 'REDACTED'
No body was attached to the request
[2022-10-18 18:05:25,437] {_universal.py:504} INFO - Response status: 206
Response headers:
    'Content-Length': '633'
    'Content-Type': 'application/octet-stream'
    'Content-Range': 'REDACTED'
    'Last-Modified': 'Tue, 18 Oct 2022 18:02:16 GMT'
    'Accept-Ranges': 'REDACTED'
    'ETag': '"0x8DAB132E4A1D041"'
    'Server': 'Windows-Azure-Blob/1.0 Microsoft-HTTPAPI/2.0'
    'x-ms-request-id': '6673015d-401e-0060-421c-e3c398000000'
    'x-ms-client-request-id': '70b29522-4f0f-11ed-b803-0242bebc0005'
    'x-ms-version': 'REDACTED'
    'x-ms-creation-time': 'REDACTED'
    'x-ms-blob-content-md5': 'REDACTED'
    'x-ms-lease-status': 'REDACTED'
    'x-ms-lease-state': 'REDACTED'
    'x-ms-blob-type': 'REDACTED'
    'x-ms-server-encrypted': 'REDACTED'
    'Date': 'Tue, 18 Oct 2022 18:05:24 GMT'
[2022-10-18 18:05:25,442] {logging_mixin.py:115} INFO - <class 'pandas.core.frame.DataFrame'>
RangeIndex: 1 entries, 0 to 0
Data columns (total 13 columns):
 #   Column            Non-Null Count  Dtype 
---  ------            --------------  ----- 
 0   title             1 non-null      object
 1   link              1 non-null      object
 2   id                1 non-null      object
 3   published_at      1 non-null      object
 4   conditions        1 non-null      object
 5   intervention      1 non-null      object
 6   publisher         1 non-null      object
 7   status            1 non-null      object
 8   source            1 non-null      object
 9   keyword           1 non-null      object
 10  indication        1 non-null      object
 11  therapeutic_area  1 non-null      object
 12  updated_at        1 non-null      object
dtypes: object(13)
memory usage: 232.0+ bytes
[2022-10-18 18:05:25,443] {process_news_dag_factory.py:159} INFO - None
[2022-10-18 18:05:25,445] {process_news_dag_factory.py:167} INFO - {'id': 'NCT05582538', 'source': 'clinical_trials', 'therapeutic_area': 'Oncology', 'indication': 'Lung Cancer', 'keyword': 'MEDI-4736', 'title': 'Ceralasertib Followed by Durvalumab and Nab-paclitaxel Combination in mTNBC Patients', 'link': 'https://clinicaltrials.gov/ct2/show/NCT05582538?cond=MEDI-4736&sfpd_d=100', 'publisher': 'IFOM, The FIRC Institute of Molecular Oncology;   AstraZeneca', 'published_at': '2022-10-17T12:00:00.000Z', 'updated_at': '2022-10-18T18:00:36.941Z', 'atacana_team': None, 'category': None, 'priority': None, 'content': None}
[2022-10-18 18:05:25,644] {python.py:173} INFO - Done. Returned value was: None
[2022-10-18 18:05:25,653] {taskinstance.py:1395} INFO - Marking task as SUCCESS. dag_id=clinical_trials__lung_cancer__etl__20220109, task_id=load_data_to_mongodb_task, map_index=24, execution_date=20221018T160000, start_date=20221018T180517, end_date=20221018T180525
[2022-10-18 18:05:25,686] {local_task_job.py:156} INFO - Task exited with return code 0
[2022-10-18 18:05:25,747] {local_task_job.py:273} INFO - 0 downstream tasks scheduled from follow-on schedule check
