[2022-10-18 16:13:37,607] {taskinstance.py:1159} INFO - Dependencies all met for <TaskInstance: clinical_trials__lung_cancer__etl__20220109.load_data_to_mongodb_task scheduled__2022-10-18T14:00:00+00:00 map_index=19 [queued]>
[2022-10-18 16:13:37,617] {taskinstance.py:1159} INFO - Dependencies all met for <TaskInstance: clinical_trials__lung_cancer__etl__20220109.load_data_to_mongodb_task scheduled__2022-10-18T14:00:00+00:00 map_index=19 [queued]>
[2022-10-18 16:13:37,618] {taskinstance.py:1356} INFO - 
--------------------------------------------------------------------------------
[2022-10-18 16:13:37,619] {taskinstance.py:1357} INFO - Starting attempt 1 of 1
[2022-10-18 16:13:37,620] {taskinstance.py:1358} INFO - 
--------------------------------------------------------------------------------
[2022-10-18 16:13:37,627] {taskinstance.py:1377} INFO - Executing <Mapped(_PythonDecoratedOperator): load_data_to_mongodb_task> on 2022-10-18 14:00:00+00:00
[2022-10-18 16:13:37,631] {standard_task_runner.py:52} INFO - Started process 1237 to run task
[2022-10-18 16:13:37,634] {standard_task_runner.py:79} INFO - Running: ['airflow', 'tasks', 'run', 'clinical_trials__lung_cancer__etl__20220109', 'load_data_to_mongodb_task', 'scheduled__2022-10-18T14:00:00+00:00', '--job-id', '183', '--raw', '--subdir', 'DAGS_FOLDER/process_news_dags.py', '--cfg-path', '/tmp/tmplz1xbmkn', '--map-index', '19', '--error-file', '/tmp/tmpk8lwr2xi']
[2022-10-18 16:13:37,636] {standard_task_runner.py:80} INFO - Job 183: Subtask load_data_to_mongodb_task
[2022-10-18 16:13:37,647] {logging_mixin.py:115} WARNING - /root/.cache/pypoetry/virtualenvs/***-tXitOD5F-py3.8/lib/python3.8/site-packages/airflow/configuration.py:525 DeprecationWarning: The sql_alchemy_conn option in [core] has been moved to the sql_alchemy_conn option in [database] - the old setting has been used, but please update your config.
[2022-10-18 16:13:37,674] {task_command.py:370} INFO - Running <TaskInstance: clinical_trials__lung_cancer__etl__20220109.load_data_to_mongodb_task scheduled__2022-10-18T14:00:00+00:00 map_index=19 [running]> on host 6cdf6d517dc4
[2022-10-18 16:13:37,713] {taskinstance.py:1569} INFO - Exporting the following env vars:
AIRFLOW_CTX_DAG_EMAIL=wais@datakimia.com,david@datakimia.com,juanm@datakimia.com,tomas@datakimia.com
AIRFLOW_CTX_DAG_OWNER=atacana
AIRFLOW_CTX_DAG_ID=clinical_trials__lung_cancer__etl__20220109
AIRFLOW_CTX_TASK_ID=load_data_to_mongodb_task
AIRFLOW_CTX_EXECUTION_DATE=2022-10-18T14:00:00+00:00
AIRFLOW_CTX_TRY_NUMBER=1
AIRFLOW_CTX_DAG_RUN_ID=scheduled__2022-10-18T14:00:00+00:00
[2022-10-18 16:13:37,715] {process_news_dag_factory.py:128} INFO - Going to load data from clinical_trials about topic MDX-010
[2022-10-18 16:13:37,735] {db_helpers.py:35} INFO - Connected successfully!!!
[2022-10-18 16:13:37,740] {_universal.py:476} INFO - Request URL: 'https://atacananews.blob.core.windows.net/atacana-blob-container?restype=REDACTED&comp=REDACTED&prefix=REDACTED&delimiter=REDACTED'
Request method: 'GET'
Request headers:
    'x-ms-version': 'REDACTED'
    'Accept': 'application/xml'
    'User-Agent': 'azsdk-python-storage-blob/12.13.1 Python/3.8.15 (Linux-5.10.124-linuxkit-aarch64-with-glibc2.17)'
    'x-ms-date': 'REDACTED'
    'x-ms-client-request-id': 'd2ba288a-4eff-11ed-adbf-0242bebc0005'
    'Authorization': 'REDACTED'
No body was attached to the request
[2022-10-18 16:13:38,625] {_universal.py:504} INFO - Response status: 200
Response headers:
    'Transfer-Encoding': 'chunked'
    'Content-Type': 'application/xml'
    'Server': 'Windows-Azure-Blob/1.0 Microsoft-HTTPAPI/2.0'
    'x-ms-request-id': 'f505752d-e01e-0079-2a0c-e34323000000'
    'x-ms-client-request-id': 'd2ba288a-4eff-11ed-adbf-0242bebc0005'
    'x-ms-version': 'REDACTED'
    'Date': 'Tue, 18 Oct 2022 16:13:37 GMT'
[2022-10-18 16:13:38,630] {_universal.py:476} INFO - Request URL: 'https://atacananews.blob.core.windows.net/atacana-blob-container/lung-cancer/clinical-trials/20221018/mdx-010/lung-cancer_clinical-trials_20221018_mdx-010_NCT05457959.json'
Request method: 'GET'
Request headers:
    'x-ms-range': 'REDACTED'
    'x-ms-version': 'REDACTED'
    'Accept': 'application/xml'
    'User-Agent': 'azsdk-python-storage-blob/12.13.1 Python/3.8.15 (Linux-5.10.124-linuxkit-aarch64-with-glibc2.17)'
    'x-ms-date': 'REDACTED'
    'x-ms-client-request-id': 'd3420426-4eff-11ed-adbf-0242bebc0005'
    'Authorization': 'REDACTED'
No body was attached to the request
[2022-10-18 16:13:38,794] {_universal.py:504} INFO - Response status: 206
Response headers:
    'Content-Length': '839'
    'Content-Type': 'application/octet-stream'
    'Content-Range': 'REDACTED'
    'Last-Modified': 'Tue, 18 Oct 2022 16:08:30 GMT'
    'Accept-Ranges': 'REDACTED'
    'ETag': '"0x8DAB122FFC48FA6"'
    'Server': 'Windows-Azure-Blob/1.0 Microsoft-HTTPAPI/2.0'
    'x-ms-request-id': 'f505768a-e01e-0079-720c-e34323000000'
    'x-ms-client-request-id': 'd3420426-4eff-11ed-adbf-0242bebc0005'
    'x-ms-version': 'REDACTED'
    'x-ms-creation-time': 'REDACTED'
    'x-ms-blob-content-md5': 'REDACTED'
    'x-ms-lease-status': 'REDACTED'
    'x-ms-lease-state': 'REDACTED'
    'x-ms-blob-type': 'REDACTED'
    'x-ms-server-encrypted': 'REDACTED'
    'Date': 'Tue, 18 Oct 2022 16:13:38 GMT'
[2022-10-18 16:13:38,803] {logging_mixin.py:115} INFO - <class 'pandas.core.frame.DataFrame'>
RangeIndex: 1 entries, 0 to 0
Data columns (total 13 columns):
 #   Column            Non-Null Count  Dtype 
---  ------            --------------  ----- 
 0   title             1 non-null      object
 1   link              1 non-null      object
 2   id                1 non-null      object
 3   published_at      1 non-null      object
 4   conditions        1 non-null      object
 5   intervention      1 non-null      object
 6   publisher         1 non-null      object
 7   status            1 non-null      object
 8   source            1 non-null      object
 9   keyword           1 non-null      object
 10  indication        1 non-null      object
 11  therapeutic_area  1 non-null      object
 12  updated_at        1 non-null      object
dtypes: object(13)
memory usage: 232.0+ bytes
[2022-10-18 16:13:38,804] {process_news_dag_factory.py:159} INFO - None
[2022-10-18 16:13:38,806] {process_news_dag_factory.py:167} INFO - {'id': 'NCT05457959', 'source': 'clinical_trials', 'therapeutic_area': 'Oncology', 'indication': 'Lung Cancer', 'keyword': 'MDX-010', 'title': 'Peptide-Pulsed Dendritic Cell Vaccination in Combination With Nivolumab and Ipilimumab for the Treatment of Recurrent and/or Progressive Diffuse Hemispheric Glioma, H3 G34-mutant', 'link': 'https://clinicaltrials.gov/ct2/show/NCT05457959?cond=MDX-010&sfpd_d=100', 'publisher': 'Jonsson Comprehensive Cancer Center', 'published_at': '2022-07-14T12:00:00.000Z', 'updated_at': '2022-10-18T16:07:22.552Z', 'atacana_team': None, 'category': None, 'priority': None, 'content': None}
[2022-10-18 16:13:39,961] {_universal.py:476} INFO - Request URL: 'https://atacananews.blob.core.windows.net/atacana-blob-container/lung-cancer/clinical-trials/20221018/mdx-010/lung-cancer_clinical-trials_20221018_mdx-010_NCT05492123.json'
Request method: 'GET'
Request headers:
    'x-ms-range': 'REDACTED'
    'x-ms-version': 'REDACTED'
    'Accept': 'application/xml'
    'User-Agent': 'azsdk-python-storage-blob/12.13.1 Python/3.8.15 (Linux-5.10.124-linuxkit-aarch64-with-glibc2.17)'
    'x-ms-date': 'REDACTED'
    'x-ms-client-request-id': 'd40d2aca-4eff-11ed-adbf-0242bebc0005'
    'Authorization': 'REDACTED'
No body was attached to the request
[2022-10-18 16:13:40,145] {_universal.py:504} INFO - Response status: 206
Response headers:
    'Content-Length': '640'
    'Content-Type': 'application/octet-stream'
    'Content-Range': 'REDACTED'
    'Last-Modified': 'Tue, 18 Oct 2022 16:08:29 GMT'
    'Accept-Ranges': 'REDACTED'
    'ETag': '"0x8DAB122FF508210"'
    'Server': 'Windows-Azure-Blob/1.0 Microsoft-HTTPAPI/2.0'
    'x-ms-request-id': 'f5057afe-e01e-0079-090c-e34323000000'
    'x-ms-client-request-id': 'd40d2aca-4eff-11ed-adbf-0242bebc0005'
    'x-ms-version': 'REDACTED'
    'x-ms-creation-time': 'REDACTED'
    'x-ms-blob-content-md5': 'REDACTED'
    'x-ms-lease-status': 'REDACTED'
    'x-ms-lease-state': 'REDACTED'
    'x-ms-blob-type': 'REDACTED'
    'x-ms-server-encrypted': 'REDACTED'
    'Date': 'Tue, 18 Oct 2022 16:13:39 GMT'
[2022-10-18 16:13:40,151] {logging_mixin.py:115} INFO - <class 'pandas.core.frame.DataFrame'>
RangeIndex: 1 entries, 0 to 0
Data columns (total 13 columns):
 #   Column            Non-Null Count  Dtype 
---  ------            --------------  ----- 
 0   title             1 non-null      object
 1   link              1 non-null      object
 2   id                1 non-null      object
 3   published_at      1 non-null      object
 4   conditions        1 non-null      object
 5   intervention      1 non-null      object
 6   publisher         1 non-null      object
 7   status            1 non-null      object
 8   source            1 non-null      object
 9   keyword           1 non-null      object
 10  indication        1 non-null      object
 11  therapeutic_area  1 non-null      object
 12  updated_at        1 non-null      object
dtypes: object(13)
memory usage: 232.0+ bytes
[2022-10-18 16:13:40,152] {process_news_dag_factory.py:159} INFO - None
[2022-10-18 16:13:40,154] {process_news_dag_factory.py:167} INFO - {'id': 'NCT05492123', 'source': 'clinical_trials', 'therapeutic_area': 'Oncology', 'indication': 'Lung Cancer', 'keyword': 'MDX-010', 'title': 'Nivolumab-ipilimumab and Chemoradiation for Cervical Cancer', 'link': 'https://clinicaltrials.gov/ct2/show/NCT05492123?cond=MDX-010&sfpd_d=100', 'publisher': 'Hospital Israelita Albert Einstein;   Bristol-Myers Squibb;   Brava', 'published_at': '2022-08-08T12:00:00.000Z', 'updated_at': '2022-10-18T16:07:22.552Z', 'atacana_team': None, 'category': None, 'priority': None, 'content': None}
[2022-10-18 16:13:40,348] {_universal.py:476} INFO - Request URL: 'https://atacananews.blob.core.windows.net/atacana-blob-container/lung-cancer/clinical-trials/20221018/mdx-010/lung-cancer_clinical-trials_20221018_mdx-010_NCT05498792.json'
Request method: 'GET'
Request headers:
    'x-ms-range': 'REDACTED'
    'x-ms-version': 'REDACTED'
    'Accept': 'application/xml'
    'User-Agent': 'azsdk-python-storage-blob/12.13.1 Python/3.8.15 (Linux-5.10.124-linuxkit-aarch64-with-glibc2.17)'
    'x-ms-date': 'REDACTED'
    'x-ms-client-request-id': 'd4483fa2-4eff-11ed-adbf-0242bebc0005'
    'Authorization': 'REDACTED'
No body was attached to the request
[2022-10-18 16:13:40,527] {_universal.py:504} INFO - Response status: 206
Response headers:
    'Content-Length': '588'
    'Content-Type': 'application/octet-stream'
    'Content-Range': 'REDACTED'
    'Last-Modified': 'Tue, 18 Oct 2022 16:08:30 GMT'
    'Accept-Ranges': 'REDACTED'
    'ETag': '"0x8DAB122FFA7BD07"'
    'Server': 'Windows-Azure-Blob/1.0 Microsoft-HTTPAPI/2.0'
    'x-ms-request-id': 'f5057c42-e01e-0079-310c-e34323000000'
    'x-ms-client-request-id': 'd4483fa2-4eff-11ed-adbf-0242bebc0005'
    'x-ms-version': 'REDACTED'
    'x-ms-creation-time': 'REDACTED'
    'x-ms-blob-content-md5': 'REDACTED'
    'x-ms-lease-status': 'REDACTED'
    'x-ms-lease-state': 'REDACTED'
    'x-ms-blob-type': 'REDACTED'
    'x-ms-server-encrypted': 'REDACTED'
    'Date': 'Tue, 18 Oct 2022 16:13:39 GMT'
[2022-10-18 16:13:40,532] {logging_mixin.py:115} INFO - <class 'pandas.core.frame.DataFrame'>
RangeIndex: 1 entries, 0 to 0
Data columns (total 13 columns):
 #   Column            Non-Null Count  Dtype 
---  ------            --------------  ----- 
 0   title             1 non-null      object
 1   link              1 non-null      object
 2   id                1 non-null      object
 3   published_at      1 non-null      object
 4   conditions        1 non-null      object
 5   intervention      1 non-null      object
 6   publisher         1 non-null      object
 7   status            1 non-null      object
 8   source            1 non-null      object
 9   keyword           1 non-null      object
 10  indication        1 non-null      object
 11  therapeutic_area  1 non-null      object
 12  updated_at        1 non-null      object
dtypes: object(13)
memory usage: 232.0+ bytes
[2022-10-18 16:13:40,535] {process_news_dag_factory.py:159} INFO - None
[2022-10-18 16:13:40,537] {process_news_dag_factory.py:167} INFO - {'id': 'NCT05498792', 'source': 'clinical_trials', 'therapeutic_area': 'Oncology', 'indication': 'Lung Cancer', 'keyword': 'MDX-010', 'title': 'Study of CBL0137 in Combination With Ipilimumab and Nivolumab Therapy in Melanoma', 'link': 'https://clinicaltrials.gov/ct2/show/NCT05498792?cond=MDX-010&sfpd_d=100', 'publisher': 'Fox Chase Cancer Center;   Incuron', 'published_at': '2022-08-12T12:00:00.000Z', 'updated_at': '2022-10-18T16:07:22.552Z', 'atacana_team': None, 'category': None, 'priority': None, 'content': None}
[2022-10-18 16:13:40,732] {_universal.py:476} INFO - Request URL: 'https://atacananews.blob.core.windows.net/atacana-blob-container/lung-cancer/clinical-trials/20221018/mdx-010/lung-cancer_clinical-trials_20221018_mdx-010_NCT05501054.json'
Request method: 'GET'
Request headers:
    'x-ms-range': 'REDACTED'
    'x-ms-version': 'REDACTED'
    'Accept': 'application/xml'
    'User-Agent': 'azsdk-python-storage-blob/12.13.1 Python/3.8.15 (Linux-5.10.124-linuxkit-aarch64-with-glibc2.17)'
    'x-ms-date': 'REDACTED'
    'x-ms-client-request-id': 'd482e436-4eff-11ed-adbf-0242bebc0005'
    'Authorization': 'REDACTED'
No body was attached to the request
[2022-10-18 16:13:40,912] {_universal.py:504} INFO - Response status: 206
Response headers:
    'Content-Length': '627'
    'Content-Type': 'application/octet-stream'
    'Content-Range': 'REDACTED'
    'Last-Modified': 'Tue, 18 Oct 2022 16:08:30 GMT'
    'Accept-Ranges': 'REDACTED'
    'ETag': '"0x8DAB122FF8A9C6B"'
    'Server': 'Windows-Azure-Blob/1.0 Microsoft-HTTPAPI/2.0'
    'x-ms-request-id': 'f5057d60-e01e-0079-3c0c-e34323000000'
    'x-ms-client-request-id': 'd482e436-4eff-11ed-adbf-0242bebc0005'
    'x-ms-version': 'REDACTED'
    'x-ms-creation-time': 'REDACTED'
    'x-ms-blob-content-md5': 'REDACTED'
    'x-ms-lease-status': 'REDACTED'
    'x-ms-lease-state': 'REDACTED'
    'x-ms-blob-type': 'REDACTED'
    'x-ms-server-encrypted': 'REDACTED'
    'Date': 'Tue, 18 Oct 2022 16:13:40 GMT'
[2022-10-18 16:13:40,916] {logging_mixin.py:115} INFO - <class 'pandas.core.frame.DataFrame'>
RangeIndex: 1 entries, 0 to 0
Data columns (total 13 columns):
 #   Column            Non-Null Count  Dtype 
---  ------            --------------  ----- 
 0   title             1 non-null      object
 1   link              1 non-null      object
 2   id                1 non-null      object
 3   published_at      1 non-null      object
 4   conditions        1 non-null      object
 5   intervention      1 non-null      object
 6   publisher         1 non-null      object
 7   status            1 non-null      object
 8   source            1 non-null      object
 9   keyword           1 non-null      object
 10  indication        1 non-null      object
 11  therapeutic_area  1 non-null      object
 12  updated_at        1 non-null      object
dtypes: object(13)
memory usage: 232.0+ bytes
[2022-10-18 16:13:40,917] {process_news_dag_factory.py:159} INFO - None
[2022-10-18 16:13:40,919] {process_news_dag_factory.py:167} INFO - {'id': 'NCT05501054', 'source': 'clinical_trials', 'therapeutic_area': 'Oncology', 'indication': 'Lung Cancer', 'keyword': 'MDX-010', 'title': 'Phase 1b/2 Trial of Ipilimumab, Nivolumab, and Ciforadenant (Adenosine A2a Receptor Antagonist) in First-line Advanced Renal Cell Carcinoma.', 'link': 'https://clinicaltrials.gov/ct2/show/NCT05501054?cond=MDX-010&sfpd_d=100', 'publisher': 'M.D. Anderson Cancer Center', 'published_at': '2022-08-15T12:00:00.000Z', 'updated_at': '2022-10-18T16:07:22.552Z', 'atacana_team': None, 'category': None, 'priority': None, 'content': None}
[2022-10-18 16:13:41,124] {_universal.py:476} INFO - Request URL: 'https://atacananews.blob.core.windows.net/atacana-blob-container/lung-cancer/clinical-trials/20221018/mdx-010/lung-cancer_clinical-trials_20221018_mdx-010_NCT05504642.json'
Request method: 'GET'
Request headers:
    'x-ms-range': 'REDACTED'
    'x-ms-version': 'REDACTED'
    'Accept': 'application/xml'
    'User-Agent': 'azsdk-python-storage-blob/12.13.1 Python/3.8.15 (Linux-5.10.124-linuxkit-aarch64-with-glibc2.17)'
    'x-ms-date': 'REDACTED'
    'x-ms-client-request-id': 'd4be9cd8-4eff-11ed-adbf-0242bebc0005'
    'Authorization': 'REDACTED'
No body was attached to the request
[2022-10-18 16:13:41,305] {_universal.py:504} INFO - Response status: 206
Response headers:
    'Content-Length': '803'
    'Content-Type': 'application/octet-stream'
    'Content-Range': 'REDACTED'
    'Last-Modified': 'Tue, 18 Oct 2022 16:08:29 GMT'
    'Accept-Ranges': 'REDACTED'
    'ETag': '"0x8DAB122FF6D7BAF"'
    'Server': 'Windows-Azure-Blob/1.0 Microsoft-HTTPAPI/2.0'
    'x-ms-request-id': 'f5057e97-e01e-0079-570c-e34323000000'
    'x-ms-client-request-id': 'd4be9cd8-4eff-11ed-adbf-0242bebc0005'
    'x-ms-version': 'REDACTED'
    'x-ms-creation-time': 'REDACTED'
    'x-ms-blob-content-md5': 'REDACTED'
    'x-ms-lease-status': 'REDACTED'
    'x-ms-lease-state': 'REDACTED'
    'x-ms-blob-type': 'REDACTED'
    'x-ms-server-encrypted': 'REDACTED'
    'Date': 'Tue, 18 Oct 2022 16:13:40 GMT'
[2022-10-18 16:13:41,309] {logging_mixin.py:115} INFO - <class 'pandas.core.frame.DataFrame'>
RangeIndex: 1 entries, 0 to 0
Data columns (total 13 columns):
 #   Column            Non-Null Count  Dtype 
---  ------            --------------  ----- 
 0   title             1 non-null      object
 1   link              1 non-null      object
 2   id                1 non-null      object
 3   published_at      1 non-null      object
 4   conditions        1 non-null      object
 5   intervention      1 non-null      object
 6   publisher         1 non-null      object
 7   status            1 non-null      object
 8   source            1 non-null      object
 9   keyword           1 non-null      object
 10  indication        1 non-null      object
 11  therapeutic_area  1 non-null      object
 12  updated_at        1 non-null      object
dtypes: object(13)
memory usage: 232.0+ bytes
[2022-10-18 16:13:41,309] {process_news_dag_factory.py:159} INFO - None
[2022-10-18 16:13:41,312] {process_news_dag_factory.py:167} INFO - {'id': 'NCT05504642', 'source': 'clinical_trials', 'therapeutic_area': 'Oncology', 'indication': 'Lung Cancer', 'keyword': 'MDX-010', 'title': 'Chemo-radio-immunotherapy With Nivolumab and Ipilimumab Treatment in Locally Advanced Cervical Cancer Patients', 'link': 'https://clinicaltrials.gov/ct2/show/NCT05504642?cond=MDX-010&sfpd_d=100', 'publisher': 'Universitätsklinikum Köln;   ZKS Köln', 'published_at': '2022-08-17T12:00:00.000Z', 'updated_at': '2022-10-18T16:07:22.552Z', 'atacana_team': None, 'category': None, 'priority': None, 'content': None}
[2022-10-18 16:13:41,508] {python.py:173} INFO - Done. Returned value was: None
[2022-10-18 16:13:41,516] {taskinstance.py:1395} INFO - Marking task as SUCCESS. dag_id=clinical_trials__lung_cancer__etl__20220109, task_id=load_data_to_mongodb_task, map_index=19, execution_date=20221018T140000, start_date=20221018T161337, end_date=20221018T161341
[2022-10-18 16:13:41,558] {local_task_job.py:156} INFO - Task exited with return code 0
[2022-10-18 16:13:41,583] {local_task_job.py:273} INFO - 0 downstream tasks scheduled from follow-on schedule check
