[2022-10-18 18:02:21,161] {taskinstance.py:1159} INFO - Dependencies all met for <TaskInstance: clinical_trials__lung_cancer__etl__20220109.load_data_to_blob_storage_task scheduled__2022-10-18T16:00:00+00:00 map_index=30 [queued]>
[2022-10-18 18:02:21,170] {taskinstance.py:1159} INFO - Dependencies all met for <TaskInstance: clinical_trials__lung_cancer__etl__20220109.load_data_to_blob_storage_task scheduled__2022-10-18T16:00:00+00:00 map_index=30 [queued]>
[2022-10-18 18:02:21,171] {taskinstance.py:1356} INFO - 
--------------------------------------------------------------------------------
[2022-10-18 18:02:21,172] {taskinstance.py:1357} INFO - Starting attempt 1 of 1
[2022-10-18 18:02:21,174] {taskinstance.py:1358} INFO - 
--------------------------------------------------------------------------------
[2022-10-18 18:02:21,181] {taskinstance.py:1377} INFO - Executing <Mapped(_PythonDecoratedOperator): load_data_to_blob_storage_task> on 2022-10-18 16:00:00+00:00
[2022-10-18 18:02:21,186] {standard_task_runner.py:52} INFO - Started process 2731 to run task
[2022-10-18 18:02:21,188] {standard_task_runner.py:79} INFO - Running: ['airflow', 'tasks', 'run', 'clinical_trials__lung_cancer__etl__20220109', 'load_data_to_blob_storage_task', 'scheduled__2022-10-18T16:00:00+00:00', '--job-id', '353', '--raw', '--subdir', 'DAGS_FOLDER/process_news_dags.py', '--cfg-path', '/tmp/tmpq_drh06w', '--map-index', '30', '--error-file', '/tmp/tmpldlom76v']
[2022-10-18 18:02:21,189] {standard_task_runner.py:80} INFO - Job 353: Subtask load_data_to_blob_storage_task
[2022-10-18 18:02:21,200] {logging_mixin.py:115} WARNING - /root/.cache/pypoetry/virtualenvs/***-tXitOD5F-py3.8/lib/python3.8/site-packages/airflow/configuration.py:525 DeprecationWarning: The sql_alchemy_conn option in [core] has been moved to the sql_alchemy_conn option in [database] - the old setting has been used, but please update your config.
[2022-10-18 18:02:21,228] {task_command.py:370} INFO - Running <TaskInstance: clinical_trials__lung_cancer__etl__20220109.load_data_to_blob_storage_task scheduled__2022-10-18T16:00:00+00:00 map_index=30 [running]> on host 6cdf6d517dc4
[2022-10-18 18:02:21,267] {taskinstance.py:1569} INFO - Exporting the following env vars:
AIRFLOW_CTX_DAG_EMAIL=wais@datakimia.com,david@datakimia.com,juanm@datakimia.com,tomas@datakimia.com
AIRFLOW_CTX_DAG_OWNER=atacana
AIRFLOW_CTX_DAG_ID=clinical_trials__lung_cancer__etl__20220109
AIRFLOW_CTX_TASK_ID=load_data_to_blob_storage_task
AIRFLOW_CTX_EXECUTION_DATE=2022-10-18T16:00:00+00:00
AIRFLOW_CTX_TRY_NUMBER=1
AIRFLOW_CTX_DAG_RUN_ID=scheduled__2022-10-18T16:00:00+00:00
[2022-10-18 18:02:21,269] {process_news_dag_factory.py:105} INFO - Reading temp file: lung-cancer_clinical-trials_mk3475_20221018-16_df.json
[2022-10-18 18:02:21,285] {helpers.py:114} INFO - Going to save clinical_trials data..
[2022-10-18 18:02:21,286] {helpers.py:115} INFO -                                                title  ...                  updated_at
0  A Study of Pembrolizumab (MK-3475) With or Wit...  ...  2022-10-18 18:00:41.946000
1  Pembrolizumab Plus Lenvatinib in Stage III-IV RCC  ...  2022-10-18 18:00:41.946000
2  Pembrolizumab Plus Radiotherapy for Advanced R...  ...  2022-10-18 18:00:41.946000
3  Phase II Study of Pembrolizumab (Keytruda®) an...  ...  2022-10-18 18:00:41.946000
4  Pembrolizumab in the Treatment of Advanced, Pr...  ...  2022-10-18 18:00:41.946000

[5 rows x 13 columns]
[2022-10-18 18:02:21,293] {helpers.py:116} INFO - Index(['title', 'link', 'id', 'published_at', 'conditions', 'intervention',
       'publisher', 'status', 'source', 'keyword', 'indication',
       'therapeutic_area', 'updated_at'],
      dtype='object')
[2022-10-18 18:02:21,297] {_universal.py:473} INFO - Request URL: 'https://atacananews.blob.core.windows.net/atacana-blob-container/lung-cancer/clinical-trials/20221018/mk3475/lung-cancer_clinical-trials_20221018_mk3475_NCT05523323.json'
Request method: 'PUT'
Request headers:
    'Content-Length': '803'
    'x-ms-blob-type': 'REDACTED'
    'x-ms-version': 'REDACTED'
    'Content-Type': 'application/octet-stream'
    'Accept': 'application/xml'
    'User-Agent': 'azsdk-python-storage-blob/12.13.1 Python/3.8.15 (Linux-5.10.124-linuxkit-aarch64-with-glibc2.17)'
    'x-ms-date': 'REDACTED'
    'x-ms-client-request-id': '03121768-4f0f-11ed-a25b-0242bebc0005'
    'Authorization': 'REDACTED'
A body is sent with the request
[2022-10-18 18:02:22,130] {_universal.py:504} INFO - Response status: 201
Response headers:
    'Content-Length': '0'
    'Content-MD5': 'REDACTED'
    'Last-Modified': 'Tue, 18 Oct 2022 18:02:22 GMT'
    'ETag': '"0x8DAB132E7BE7ABD"'
    'Server': 'Windows-Azure-Blob/1.0 Microsoft-HTTPAPI/2.0'
    'x-ms-request-id': '81717eea-801e-001d-751b-e3b2bb000000'
    'x-ms-client-request-id': '03121768-4f0f-11ed-a25b-0242bebc0005'
    'x-ms-version': 'REDACTED'
    'x-ms-content-crc64': 'REDACTED'
    'x-ms-request-server-encrypted': 'REDACTED'
    'Date': 'Tue, 18 Oct 2022 18:02:21 GMT'
[2022-10-18 18:02:22,134] {_universal.py:473} INFO - Request URL: 'https://atacananews.blob.core.windows.net/atacana-blob-container/lung-cancer/clinical-trials/20221018/mk3475/lung-cancer_clinical-trials_20221018_mk3475_NCT05485896.json'
Request method: 'PUT'
Request headers:
    'Content-Length': '520'
    'x-ms-blob-type': 'REDACTED'
    'x-ms-version': 'REDACTED'
    'Content-Type': 'application/octet-stream'
    'Accept': 'application/xml'
    'User-Agent': 'azsdk-python-storage-blob/12.13.1 Python/3.8.15 (Linux-5.10.124-linuxkit-aarch64-with-glibc2.17)'
    'x-ms-date': 'REDACTED'
    'x-ms-client-request-id': '0391b8a6-4f0f-11ed-a25b-0242bebc0005'
    'Authorization': 'REDACTED'
A body is sent with the request
[2022-10-18 18:02:22,327] {_universal.py:504} INFO - Response status: 201
Response headers:
    'Content-Length': '0'
    'Content-MD5': 'REDACTED'
    'Last-Modified': 'Tue, 18 Oct 2022 18:02:22 GMT'
    'ETag': '"0x8DAB132E7DC1094"'
    'Server': 'Windows-Azure-Blob/1.0 Microsoft-HTTPAPI/2.0'
    'x-ms-request-id': '817180e5-801e-001d-561b-e3b2bb000000'
    'x-ms-client-request-id': '0391b8a6-4f0f-11ed-a25b-0242bebc0005'
    'x-ms-version': 'REDACTED'
    'x-ms-content-crc64': 'REDACTED'
    'x-ms-request-server-encrypted': 'REDACTED'
    'Date': 'Tue, 18 Oct 2022 18:02:21 GMT'
[2022-10-18 18:02:22,333] {_universal.py:473} INFO - Request URL: 'https://atacananews.blob.core.windows.net/atacana-blob-container/lung-cancer/clinical-trials/20221018/mk3475/lung-cancer_clinical-trials_20221018_mk3475_NCT05567588.json'
Request method: 'PUT'
Request headers:
    'Content-Length': '566'
    'x-ms-blob-type': 'REDACTED'
    'x-ms-version': 'REDACTED'
    'Content-Type': 'application/octet-stream'
    'Accept': 'application/xml'
    'User-Agent': 'azsdk-python-storage-blob/12.13.1 Python/3.8.15 (Linux-5.10.124-linuxkit-aarch64-with-glibc2.17)'
    'x-ms-date': 'REDACTED'
    'x-ms-client-request-id': '03b02412-4f0f-11ed-a25b-0242bebc0005'
    'Authorization': 'REDACTED'
A body is sent with the request
[2022-10-18 18:02:22,527] {_universal.py:504} INFO - Response status: 201
Response headers:
    'Content-Length': '0'
    'Content-MD5': 'REDACTED'
    'Last-Modified': 'Tue, 18 Oct 2022 18:02:22 GMT'
    'ETag': '"0x8DAB132E7FAB7AA"'
    'Server': 'Windows-Azure-Blob/1.0 Microsoft-HTTPAPI/2.0'
    'x-ms-request-id': '81718268-801e-001d-371b-e3b2bb000000'
    'x-ms-client-request-id': '03b02412-4f0f-11ed-a25b-0242bebc0005'
    'x-ms-version': 'REDACTED'
    'x-ms-content-crc64': 'REDACTED'
    'x-ms-request-server-encrypted': 'REDACTED'
    'Date': 'Tue, 18 Oct 2022 18:02:21 GMT'
[2022-10-18 18:02:22,532] {_universal.py:473} INFO - Request URL: 'https://atacananews.blob.core.windows.net/atacana-blob-container/lung-cancer/clinical-trials/20221018/mk3475/lung-cancer_clinical-trials_20221018_mk3475_NCT05508737.json'
Request method: 'PUT'
Request headers:
    'Content-Length': '666'
    'x-ms-blob-type': 'REDACTED'
    'x-ms-version': 'REDACTED'
    'Content-Type': 'application/octet-stream'
    'Accept': 'application/xml'
    'User-Agent': 'azsdk-python-storage-blob/12.13.1 Python/3.8.15 (Linux-5.10.124-linuxkit-aarch64-with-glibc2.17)'
    'x-ms-date': 'REDACTED'
    'x-ms-client-request-id': '03ce8ba0-4f0f-11ed-a25b-0242bebc0005'
    'Authorization': 'REDACTED'
A body is sent with the request
[2022-10-18 18:02:22,725] {_universal.py:504} INFO - Response status: 201
Response headers:
    'Content-Length': '0'
    'Content-MD5': 'REDACTED'
    'Last-Modified': 'Tue, 18 Oct 2022 18:02:22 GMT'
    'ETag': '"0x8DAB132E8195EBA"'
    'Server': 'Windows-Azure-Blob/1.0 Microsoft-HTTPAPI/2.0'
    'x-ms-request-id': '81718412-801e-001d-471b-e3b2bb000000'
    'x-ms-client-request-id': '03ce8ba0-4f0f-11ed-a25b-0242bebc0005'
    'x-ms-version': 'REDACTED'
    'x-ms-content-crc64': 'REDACTED'
    'x-ms-request-server-encrypted': 'REDACTED'
    'Date': 'Tue, 18 Oct 2022 18:02:21 GMT'
[2022-10-18 18:02:22,731] {_universal.py:473} INFO - Request URL: 'https://atacananews.blob.core.windows.net/atacana-blob-container/lung-cancer/clinical-trials/20221018/mk3475/lung-cancer_clinical-trials_20221018_mk3475_NCT05563467.json'
Request method: 'PUT'
Request headers:
    'Content-Length': '609'
    'x-ms-blob-type': 'REDACTED'
    'x-ms-version': 'REDACTED'
    'Content-Type': 'application/octet-stream'
    'Accept': 'application/xml'
    'User-Agent': 'azsdk-python-storage-blob/12.13.1 Python/3.8.15 (Linux-5.10.124-linuxkit-aarch64-with-glibc2.17)'
    'x-ms-date': 'REDACTED'
    'x-ms-client-request-id': '03ecc976-4f0f-11ed-a25b-0242bebc0005'
    'Authorization': 'REDACTED'
A body is sent with the request
[2022-10-18 18:02:22,921] {_universal.py:504} INFO - Response status: 201
Response headers:
    'Content-Length': '0'
    'Content-MD5': 'REDACTED'
    'Last-Modified': 'Tue, 18 Oct 2022 18:02:22 GMT'
    'ETag': '"0x8DAB132E83742A3"'
    'Server': 'Windows-Azure-Blob/1.0 Microsoft-HTTPAPI/2.0'
    'x-ms-request-id': '817185c7-801e-001d-6f1b-e3b2bb000000'
    'x-ms-client-request-id': '03ecc976-4f0f-11ed-a25b-0242bebc0005'
    'x-ms-version': 'REDACTED'
    'x-ms-content-crc64': 'REDACTED'
    'x-ms-request-server-encrypted': 'REDACTED'
    'Date': 'Tue, 18 Oct 2022 18:02:22 GMT'
[2022-10-18 18:02:22,924] {_universal.py:473} INFO - Request URL: 'https://atacananews.blob.core.windows.net/atacana-blob-container/lung-cancer/clinical-trials/20221018/mk3475/lung-cancer_clinical-trials_20221018_mk3475_NCT05562830.json'
Request method: 'PUT'
Request headers:
    'Content-Length': '622'
    'x-ms-blob-type': 'REDACTED'
    'x-ms-version': 'REDACTED'
    'Content-Type': 'application/octet-stream'
    'Accept': 'application/xml'
    'User-Agent': 'azsdk-python-storage-blob/12.13.1 Python/3.8.15 (Linux-5.10.124-linuxkit-aarch64-with-glibc2.17)'
    'x-ms-date': 'REDACTED'
    'x-ms-client-request-id': '040a6800-4f0f-11ed-a25b-0242bebc0005'
    'Authorization': 'REDACTED'
A body is sent with the request
[2022-10-18 18:02:23,118] {_universal.py:504} INFO - Response status: 201
Response headers:
    'Content-Length': '0'
    'Content-MD5': 'REDACTED'
    'Last-Modified': 'Tue, 18 Oct 2022 18:02:23 GMT'
    'ETag': '"0x8DAB132E85574A5"'
    'Server': 'Windows-Azure-Blob/1.0 Microsoft-HTTPAPI/2.0'
    'x-ms-request-id': '8171874e-801e-001d-6b1b-e3b2bb000000'
    'x-ms-client-request-id': '040a6800-4f0f-11ed-a25b-0242bebc0005'
    'x-ms-version': 'REDACTED'
    'x-ms-content-crc64': 'REDACTED'
    'x-ms-request-server-encrypted': 'REDACTED'
    'Date': 'Tue, 18 Oct 2022 18:02:22 GMT'
[2022-10-18 18:02:23,120] {_universal.py:473} INFO - Request URL: 'https://atacananews.blob.core.windows.net/atacana-blob-container/lung-cancer/clinical-trials/20221018/mk3475/lung-cancer_clinical-trials_20221018_mk3475_NCT05491083.json'
Request method: 'PUT'
Request headers:
    'Content-Length': '680'
    'x-ms-blob-type': 'REDACTED'
    'x-ms-version': 'REDACTED'
    'Content-Type': 'application/octet-stream'
    'Accept': 'application/xml'
    'User-Agent': 'azsdk-python-storage-blob/12.13.1 Python/3.8.15 (Linux-5.10.124-linuxkit-aarch64-with-glibc2.17)'
    'x-ms-date': 'REDACTED'
    'x-ms-client-request-id': '04284e10-4f0f-11ed-a25b-0242bebc0005'
    'Authorization': 'REDACTED'
A body is sent with the request
[2022-10-18 18:02:23,309] {_universal.py:504} INFO - Response status: 201
Response headers:
    'Content-Length': '0'
    'Content-MD5': 'REDACTED'
    'Last-Modified': 'Tue, 18 Oct 2022 18:02:23 GMT'
    'ETag': '"0x8DAB132E872BC53"'
    'Server': 'Windows-Azure-Blob/1.0 Microsoft-HTTPAPI/2.0'
    'x-ms-request-id': '817188d6-801e-001d-5e1b-e3b2bb000000'
    'x-ms-client-request-id': '04284e10-4f0f-11ed-a25b-0242bebc0005'
    'x-ms-version': 'REDACTED'
    'x-ms-content-crc64': 'REDACTED'
    'x-ms-request-server-encrypted': 'REDACTED'
    'Date': 'Tue, 18 Oct 2022 18:02:22 GMT'
[2022-10-18 18:02:23,311] {_universal.py:473} INFO - Request URL: 'https://atacananews.blob.core.windows.net/atacana-blob-container/lung-cancer/clinical-trials/20221018/mk3475/lung-cancer_clinical-trials_20221018_mk3475_NCT05508867.json'
Request method: 'PUT'
Request headers:
    'Content-Length': '680'
    'x-ms-blob-type': 'REDACTED'
    'x-ms-version': 'REDACTED'
    'Content-Type': 'application/octet-stream'
    'Accept': 'application/xml'
    'User-Agent': 'azsdk-python-storage-blob/12.13.1 Python/3.8.15 (Linux-5.10.124-linuxkit-aarch64-with-glibc2.17)'
    'x-ms-date': 'REDACTED'
    'x-ms-client-request-id': '044575e4-4f0f-11ed-a25b-0242bebc0005'
    'Authorization': 'REDACTED'
A body is sent with the request
[2022-10-18 18:02:23,508] {_universal.py:504} INFO - Response status: 201
Response headers:
    'Content-Length': '0'
    'Content-MD5': 'REDACTED'
    'Last-Modified': 'Tue, 18 Oct 2022 18:02:23 GMT'
    'ETag': '"0x8DAB132E890EE58"'
    'Server': 'Windows-Azure-Blob/1.0 Microsoft-HTTPAPI/2.0'
    'x-ms-request-id': '81718a42-801e-001d-371b-e3b2bb000000'
    'x-ms-client-request-id': '044575e4-4f0f-11ed-a25b-0242bebc0005'
    'x-ms-version': 'REDACTED'
    'x-ms-content-crc64': 'REDACTED'
    'x-ms-request-server-encrypted': 'REDACTED'
    'Date': 'Tue, 18 Oct 2022 18:02:22 GMT'
[2022-10-18 18:02:23,510] {_universal.py:473} INFO - Request URL: 'https://atacananews.blob.core.windows.net/atacana-blob-container/lung-cancer/clinical-trials/20221018/mk3475/lung-cancer_clinical-trials_20221018_mk3475_NCT05488366.json'
Request method: 'PUT'
Request headers:
    'Content-Length': '556'
    'x-ms-blob-type': 'REDACTED'
    'x-ms-version': 'REDACTED'
    'Content-Type': 'application/octet-stream'
    'Accept': 'application/xml'
    'User-Agent': 'azsdk-python-storage-blob/12.13.1 Python/3.8.15 (Linux-5.10.124-linuxkit-aarch64-with-glibc2.17)'
    'x-ms-date': 'REDACTED'
    'x-ms-client-request-id': '0463c382-4f0f-11ed-a25b-0242bebc0005'
    'Authorization': 'REDACTED'
A body is sent with the request
[2022-10-18 18:02:23,696] {_universal.py:504} INFO - Response status: 201
Response headers:
    'Content-Length': '0'
    'Content-MD5': 'REDACTED'
    'Last-Modified': 'Tue, 18 Oct 2022 18:02:23 GMT'
    'ETag': '"0x8DAB132E8AEAB35"'
    'Server': 'Windows-Azure-Blob/1.0 Microsoft-HTTPAPI/2.0'
    'x-ms-request-id': '81718bba-801e-001d-1e1b-e3b2bb000000'
    'x-ms-client-request-id': '0463c382-4f0f-11ed-a25b-0242bebc0005'
    'x-ms-version': 'REDACTED'
    'x-ms-content-crc64': 'REDACTED'
    'x-ms-request-server-encrypted': 'REDACTED'
    'Date': 'Tue, 18 Oct 2022 18:02:22 GMT'
[2022-10-18 18:02:23,698] {_universal.py:473} INFO - Request URL: 'https://atacananews.blob.core.windows.net/atacana-blob-container/lung-cancer/clinical-trials/20221018/mk3475/lung-cancer_clinical-trials_20221018_mk3475_NCT05484622.json'
Request method: 'PUT'
Request headers:
    'Content-Length': '618'
    'x-ms-blob-type': 'REDACTED'
    'x-ms-version': 'REDACTED'
    'Content-Type': 'application/octet-stream'
    'Accept': 'application/xml'
    'User-Agent': 'azsdk-python-storage-blob/12.13.1 Python/3.8.15 (Linux-5.10.124-linuxkit-aarch64-with-glibc2.17)'
    'x-ms-date': 'REDACTED'
    'x-ms-client-request-id': '04807dec-4f0f-11ed-a25b-0242bebc0005'
    'Authorization': 'REDACTED'
A body is sent with the request
[2022-10-18 18:02:23,889] {_universal.py:504} INFO - Response status: 201
Response headers:
    'Content-Length': '0'
    'Content-MD5': 'REDACTED'
    'Last-Modified': 'Tue, 18 Oct 2022 18:02:23 GMT'
    'ETag': '"0x8DAB132E8CB2FB7"'
    'Server': 'Windows-Azure-Blob/1.0 Microsoft-HTTPAPI/2.0'
    'x-ms-request-id': '81718d6b-801e-001d-401b-e3b2bb000000'
    'x-ms-client-request-id': '04807dec-4f0f-11ed-a25b-0242bebc0005'
    'x-ms-version': 'REDACTED'
    'x-ms-content-crc64': 'REDACTED'
    'x-ms-request-server-encrypted': 'REDACTED'
    'Date': 'Tue, 18 Oct 2022 18:02:23 GMT'
[2022-10-18 18:02:23,892] {_universal.py:473} INFO - Request URL: 'https://atacananews.blob.core.windows.net/atacana-blob-container/lung-cancer/clinical-trials/20221018/mk3475/lung-cancer_clinical-trials_20221018_mk3475_NCT05545969.json'
Request method: 'PUT'
Request headers:
    'Content-Length': '551'
    'x-ms-blob-type': 'REDACTED'
    'x-ms-version': 'REDACTED'
    'Content-Type': 'application/octet-stream'
    'Accept': 'application/xml'
    'User-Agent': 'azsdk-python-storage-blob/12.13.1 Python/3.8.15 (Linux-5.10.124-linuxkit-aarch64-with-glibc2.17)'
    'x-ms-date': 'REDACTED'
    'x-ms-client-request-id': '049dfff2-4f0f-11ed-a25b-0242bebc0005'
    'Authorization': 'REDACTED'
A body is sent with the request
[2022-10-18 18:02:24,080] {_universal.py:504} INFO - Response status: 201
Response headers:
    'Content-Length': '0'
    'Content-MD5': 'REDACTED'
    'Last-Modified': 'Tue, 18 Oct 2022 18:02:24 GMT'
    'ETag': '"0x8DAB132E8E8295C"'
    'Server': 'Windows-Azure-Blob/1.0 Microsoft-HTTPAPI/2.0'
    'x-ms-request-id': '81718f1e-801e-001d-681b-e3b2bb000000'
    'x-ms-client-request-id': '049dfff2-4f0f-11ed-a25b-0242bebc0005'
    'x-ms-version': 'REDACTED'
    'x-ms-content-crc64': 'REDACTED'
    'x-ms-request-server-encrypted': 'REDACTED'
    'Date': 'Tue, 18 Oct 2022 18:02:23 GMT'
[2022-10-18 18:02:24,082] {_universal.py:473} INFO - Request URL: 'https://atacananews.blob.core.windows.net/atacana-blob-container/lung-cancer/clinical-trials/20221018/mk3475/lung-cancer_clinical-trials_20221018_mk3475_NCT05555732.json'
Request method: 'PUT'
Request headers:
    'Content-Length': '729'
    'x-ms-blob-type': 'REDACTED'
    'x-ms-version': 'REDACTED'
    'Content-Type': 'application/octet-stream'
    'Accept': 'application/xml'
    'User-Agent': 'azsdk-python-storage-blob/12.13.1 Python/3.8.15 (Linux-5.10.124-linuxkit-aarch64-with-glibc2.17)'
    'x-ms-date': 'REDACTED'
    'x-ms-client-request-id': '04bb1254-4f0f-11ed-a25b-0242bebc0005'
    'Authorization': 'REDACTED'
A body is sent with the request
[2022-10-18 18:02:24,271] {_universal.py:504} INFO - Response status: 201
Response headers:
    'Content-Length': '0'
    'Content-MD5': 'REDACTED'
    'Last-Modified': 'Tue, 18 Oct 2022 18:02:24 GMT'
    'ETag': '"0x8DAB132E9059830"'
    'Server': 'Windows-Azure-Blob/1.0 Microsoft-HTTPAPI/2.0'
    'x-ms-request-id': '81719043-801e-001d-7b1b-e3b2bb000000'
    'x-ms-client-request-id': '04bb1254-4f0f-11ed-a25b-0242bebc0005'
    'x-ms-version': 'REDACTED'
    'x-ms-content-crc64': 'REDACTED'
    'x-ms-request-server-encrypted': 'REDACTED'
    'Date': 'Tue, 18 Oct 2022 18:02:23 GMT'
[2022-10-18 18:02:24,274] {_universal.py:473} INFO - Request URL: 'https://atacananews.blob.core.windows.net/atacana-blob-container/lung-cancer/clinical-trials/20221018/mk3475/lung-cancer_clinical-trials_20221018_mk3475_NCT05479812.json'
Request method: 'PUT'
Request headers:
    'Content-Length': '664'
    'x-ms-blob-type': 'REDACTED'
    'x-ms-version': 'REDACTED'
    'Content-Type': 'application/octet-stream'
    'Accept': 'application/xml'
    'User-Agent': 'azsdk-python-storage-blob/12.13.1 Python/3.8.15 (Linux-5.10.124-linuxkit-aarch64-with-glibc2.17)'
    'x-ms-date': 'REDACTED'
    'x-ms-client-request-id': '04d84126-4f0f-11ed-a25b-0242bebc0005'
    'Authorization': 'REDACTED'
A body is sent with the request
[2022-10-18 18:02:24,460] {_universal.py:504} INFO - Response status: 201
Response headers:
    'Content-Length': '0'
    'Content-MD5': 'REDACTED'
    'Last-Modified': 'Tue, 18 Oct 2022 18:02:24 GMT'
    'ETag': '"0x8DAB132E92291CF"'
    'Server': 'Windows-Azure-Blob/1.0 Microsoft-HTTPAPI/2.0'
    'x-ms-request-id': '817191d0-801e-001d-6e1b-e3b2bb000000'
    'x-ms-client-request-id': '04d84126-4f0f-11ed-a25b-0242bebc0005'
    'x-ms-version': 'REDACTED'
    'x-ms-content-crc64': 'REDACTED'
    'x-ms-request-server-encrypted': 'REDACTED'
    'Date': 'Tue, 18 Oct 2022 18:02:23 GMT'
[2022-10-18 18:02:24,463] {_universal.py:473} INFO - Request URL: 'https://atacananews.blob.core.windows.net/atacana-blob-container/lung-cancer/clinical-trials/20221018/mk3475/lung-cancer_clinical-trials_20221018_mk3475_NCT05493618.json'
Request method: 'PUT'
Request headers:
    'Content-Length': '608'
    'x-ms-blob-type': 'REDACTED'
    'x-ms-version': 'REDACTED'
    'Content-Type': 'application/octet-stream'
    'Accept': 'application/xml'
    'User-Agent': 'azsdk-python-storage-blob/12.13.1 Python/3.8.15 (Linux-5.10.124-linuxkit-aarch64-with-glibc2.17)'
    'x-ms-date': 'REDACTED'
    'x-ms-client-request-id': '04f539c0-4f0f-11ed-a25b-0242bebc0005'
    'Authorization': 'REDACTED'
A body is sent with the request
[2022-10-18 18:02:24,652] {_universal.py:504} INFO - Response status: 201
Response headers:
    'Content-Length': '0'
    'Content-MD5': 'REDACTED'
    'Last-Modified': 'Tue, 18 Oct 2022 18:02:24 GMT'
    'ETag': '"0x8DAB132E93FB27C"'
    'Server': 'Windows-Azure-Blob/1.0 Microsoft-HTTPAPI/2.0'
    'x-ms-request-id': '81719369-801e-001d-691b-e3b2bb000000'
    'x-ms-client-request-id': '04f539c0-4f0f-11ed-a25b-0242bebc0005'
    'x-ms-version': 'REDACTED'
    'x-ms-content-crc64': 'REDACTED'
    'x-ms-request-server-encrypted': 'REDACTED'
    'Date': 'Tue, 18 Oct 2022 18:02:23 GMT'
[2022-10-18 18:02:24,654] {_universal.py:473} INFO - Request URL: 'https://atacananews.blob.core.windows.net/atacana-blob-container/lung-cancer/clinical-trials/20221018/mk3475/lung-cancer_clinical-trials_20221018_mk3475_NCT05541445.json'
Request method: 'PUT'
Request headers:
    'Content-Length': '547'
    'x-ms-blob-type': 'REDACTED'
    'x-ms-version': 'REDACTED'
    'Content-Type': 'application/octet-stream'
    'Accept': 'application/xml'
    'User-Agent': 'azsdk-python-storage-blob/12.13.1 Python/3.8.15 (Linux-5.10.124-linuxkit-aarch64-with-glibc2.17)'
    'x-ms-date': 'REDACTED'
    'x-ms-client-request-id': '05125b86-4f0f-11ed-a25b-0242bebc0005'
    'Authorization': 'REDACTED'
A body is sent with the request
[2022-10-18 18:02:24,842] {_universal.py:504} INFO - Response status: 201
Response headers:
    'Content-Length': '0'
    'Content-MD5': 'REDACTED'
    'Last-Modified': 'Tue, 18 Oct 2022 18:02:24 GMT'
    'ETag': '"0x8DAB132E95CD336"'
    'Server': 'Windows-Azure-Blob/1.0 Microsoft-HTTPAPI/2.0'
    'x-ms-request-id': '817194fa-801e-001d-6b1b-e3b2bb000000'
    'x-ms-client-request-id': '05125b86-4f0f-11ed-a25b-0242bebc0005'
    'x-ms-version': 'REDACTED'
    'x-ms-content-crc64': 'REDACTED'
    'x-ms-request-server-encrypted': 'REDACTED'
    'Date': 'Tue, 18 Oct 2022 18:02:23 GMT'
[2022-10-18 18:02:24,846] {_universal.py:473} INFO - Request URL: 'https://atacananews.blob.core.windows.net/atacana-blob-container/lung-cancer/clinical-trials/20221018/mk3475/lung-cancer_clinical-trials_20221018_mk3475_NCT05578222.json'
Request method: 'PUT'
Request headers:
    'Content-Length': '506'
    'x-ms-blob-type': 'REDACTED'
    'x-ms-version': 'REDACTED'
    'Content-Type': 'application/octet-stream'
    'Accept': 'application/xml'
    'User-Agent': 'azsdk-python-storage-blob/12.13.1 Python/3.8.15 (Linux-5.10.124-linuxkit-aarch64-with-glibc2.17)'
    'x-ms-date': 'REDACTED'
    'x-ms-client-request-id': '052fa5c4-4f0f-11ed-a25b-0242bebc0005'
    'Authorization': 'REDACTED'
A body is sent with the request
[2022-10-18 18:02:25,035] {_universal.py:504} INFO - Response status: 201
Response headers:
    'Content-Length': '0'
    'Content-MD5': 'REDACTED'
    'Last-Modified': 'Tue, 18 Oct 2022 18:02:24 GMT'
    'ETag': '"0x8DAB132E979CCDF"'
    'Server': 'Windows-Azure-Blob/1.0 Microsoft-HTTPAPI/2.0'
    'x-ms-request-id': '8171967c-801e-001d-651b-e3b2bb000000'
    'x-ms-client-request-id': '052fa5c4-4f0f-11ed-a25b-0242bebc0005'
    'x-ms-version': 'REDACTED'
    'x-ms-content-crc64': 'REDACTED'
    'x-ms-request-server-encrypted': 'REDACTED'
    'Date': 'Tue, 18 Oct 2022 18:02:24 GMT'
[2022-10-18 18:02:25,043] {_universal.py:473} INFO - Request URL: 'https://atacananews.blob.core.windows.net/atacana-blob-container/lung-cancer/clinical-trials/20221018/mk3475/lung-cancer_clinical-trials_20221018_mk3475_NCT05504720.json'
Request method: 'PUT'
Request headers:
    'Content-Length': '725'
    'x-ms-blob-type': 'REDACTED'
    'x-ms-version': 'REDACTED'
    'Content-Type': 'application/octet-stream'
    'Accept': 'application/xml'
    'User-Agent': 'azsdk-python-storage-blob/12.13.1 Python/3.8.15 (Linux-5.10.124-linuxkit-aarch64-with-glibc2.17)'
    'x-ms-date': 'REDACTED'
    'x-ms-client-request-id': '054db2d0-4f0f-11ed-a25b-0242bebc0005'
    'Authorization': 'REDACTED'
A body is sent with the request
[2022-10-18 18:02:25,239] {_universal.py:504} INFO - Response status: 201
Response headers:
    'Content-Length': '0'
    'Content-MD5': 'REDACTED'
    'Last-Modified': 'Tue, 18 Oct 2022 18:02:25 GMT'
    'ETag': '"0x8DAB132E99873EF"'
    'Server': 'Windows-Azure-Blob/1.0 Microsoft-HTTPAPI/2.0'
    'x-ms-request-id': '8171981e-801e-001d-7d1b-e3b2bb000000'
    'x-ms-client-request-id': '054db2d0-4f0f-11ed-a25b-0242bebc0005'
    'x-ms-version': 'REDACTED'
    'x-ms-content-crc64': 'REDACTED'
    'x-ms-request-server-encrypted': 'REDACTED'
    'Date': 'Tue, 18 Oct 2022 18:02:24 GMT'
[2022-10-18 18:02:25,246] {_universal.py:473} INFO - Request URL: 'https://atacananews.blob.core.windows.net/atacana-blob-container/lung-cancer/clinical-trials/20221018/mk3475/lung-cancer_clinical-trials_20221018_mk3475_NCT05518032.json'
Request method: 'PUT'
Request headers:
    'Content-Length': '810'
    'x-ms-blob-type': 'REDACTED'
    'x-ms-version': 'REDACTED'
    'Content-Type': 'application/octet-stream'
    'Accept': 'application/xml'
    'User-Agent': 'azsdk-python-storage-blob/12.13.1 Python/3.8.15 (Linux-5.10.124-linuxkit-aarch64-with-glibc2.17)'
    'x-ms-date': 'REDACTED'
    'x-ms-client-request-id': '056c9a42-4f0f-11ed-a25b-0242bebc0005'
    'Authorization': 'REDACTED'
A body is sent with the request
[2022-10-18 18:02:25,451] {_universal.py:504} INFO - Response status: 201
Response headers:
    'Content-Length': '0'
    'Content-MD5': 'REDACTED'
    'Last-Modified': 'Tue, 18 Oct 2022 18:02:25 GMT'
    'ETag': '"0x8DAB132E9B82C53"'
    'Server': 'Windows-Azure-Blob/1.0 Microsoft-HTTPAPI/2.0'
    'x-ms-request-id': '817199a9-801e-001d-791b-e3b2bb000000'
    'x-ms-client-request-id': '056c9a42-4f0f-11ed-a25b-0242bebc0005'
    'x-ms-version': 'REDACTED'
    'x-ms-content-crc64': 'REDACTED'
    'x-ms-request-server-encrypted': 'REDACTED'
    'Date': 'Tue, 18 Oct 2022 18:02:24 GMT'
[2022-10-18 18:02:25,458] {_universal.py:473} INFO - Request URL: 'https://atacananews.blob.core.windows.net/atacana-blob-container/lung-cancer/clinical-trials/20221018/mk3475/lung-cancer_clinical-trials_20221018_mk3475_NCT05524935.json'
Request method: 'PUT'
Request headers:
    'Content-Length': '590'
    'x-ms-blob-type': 'REDACTED'
    'x-ms-version': 'REDACTED'
    'Content-Type': 'application/octet-stream'
    'Accept': 'application/xml'
    'User-Agent': 'azsdk-python-storage-blob/12.13.1 Python/3.8.15 (Linux-5.10.124-linuxkit-aarch64-with-glibc2.17)'
    'x-ms-date': 'REDACTED'
    'x-ms-client-request-id': '058cf29c-4f0f-11ed-a25b-0242bebc0005'
    'Authorization': 'REDACTED'
A body is sent with the request
[2022-10-18 18:02:25,676] {_universal.py:504} INFO - Response status: 201
Response headers:
    'Content-Length': '0'
    'Content-MD5': 'REDACTED'
    'Last-Modified': 'Tue, 18 Oct 2022 18:02:25 GMT'
    'ETag': '"0x8DAB132E9DC77FE"'
    'Server': 'Windows-Azure-Blob/1.0 Microsoft-HTTPAPI/2.0'
    'x-ms-request-id': '81719b53-801e-001d-161b-e3b2bb000000'
    'x-ms-client-request-id': '058cf29c-4f0f-11ed-a25b-0242bebc0005'
    'x-ms-version': 'REDACTED'
    'x-ms-content-crc64': 'REDACTED'
    'x-ms-request-server-encrypted': 'REDACTED'
    'Date': 'Tue, 18 Oct 2022 18:02:24 GMT'
[2022-10-18 18:02:25,680] {_universal.py:473} INFO - Request URL: 'https://atacananews.blob.core.windows.net/atacana-blob-container/lung-cancer/clinical-trials/20221018/mk3475/lung-cancer_clinical-trials_20221018_mk3475_NCT05465954.json'
Request method: 'PUT'
Request headers:
    'Content-Length': '690'
    'x-ms-blob-type': 'REDACTED'
    'x-ms-version': 'REDACTED'
    'Content-Type': 'application/octet-stream'
    'Accept': 'application/xml'
    'User-Agent': 'azsdk-python-storage-blob/12.13.1 Python/3.8.15 (Linux-5.10.124-linuxkit-aarch64-with-glibc2.17)'
    'x-ms-date': 'REDACTED'
    'x-ms-client-request-id': '05aee91a-4f0f-11ed-a25b-0242bebc0005'
    'Authorization': 'REDACTED'
A body is sent with the request
[2022-10-18 18:02:25,890] {_universal.py:504} INFO - Response status: 201
Response headers:
    'Content-Length': '0'
    'Content-MD5': 'REDACTED'
    'Last-Modified': 'Tue, 18 Oct 2022 18:02:25 GMT'
    'ETag': '"0x8DAB132E9F8FC77"'
    'Server': 'Windows-Azure-Blob/1.0 Microsoft-HTTPAPI/2.0'
    'x-ms-request-id': '81719d38-801e-001d-6b1b-e3b2bb000000'
    'x-ms-client-request-id': '05aee91a-4f0f-11ed-a25b-0242bebc0005'
    'x-ms-version': 'REDACTED'
    'x-ms-content-crc64': 'REDACTED'
    'x-ms-request-server-encrypted': 'REDACTED'
    'Date': 'Tue, 18 Oct 2022 18:02:25 GMT'
[2022-10-18 18:02:25,892] {_universal.py:473} INFO - Request URL: 'https://atacananews.blob.core.windows.net/atacana-blob-container/lung-cancer/clinical-trials/20221018/mk3475/lung-cancer_clinical-trials_20221018_mk3475_NCT05535218.json'
Request method: 'PUT'
Request headers:
    'Content-Length': '603'
    'x-ms-blob-type': 'REDACTED'
    'x-ms-version': 'REDACTED'
    'Content-Type': 'application/octet-stream'
    'Accept': 'application/xml'
    'User-Agent': 'azsdk-python-storage-blob/12.13.1 Python/3.8.15 (Linux-5.10.124-linuxkit-aarch64-with-glibc2.17)'
    'x-ms-date': 'REDACTED'
    'x-ms-client-request-id': '05cf43e0-4f0f-11ed-a25b-0242bebc0005'
    'Authorization': 'REDACTED'
A body is sent with the request
[2022-10-18 18:02:26,080] {_universal.py:504} INFO - Response status: 201
Response headers:
    'Content-Length': '0'
    'Content-MD5': 'REDACTED'
    'Last-Modified': 'Tue, 18 Oct 2022 18:02:26 GMT'
    'ETag': '"0x8DAB132EA199F18"'
    'Server': 'Windows-Azure-Blob/1.0 Microsoft-HTTPAPI/2.0'
    'x-ms-request-id': '81719f9b-801e-001d-331b-e3b2bb000000'
    'x-ms-client-request-id': '05cf43e0-4f0f-11ed-a25b-0242bebc0005'
    'x-ms-version': 'REDACTED'
    'x-ms-content-crc64': 'REDACTED'
    'x-ms-request-server-encrypted': 'REDACTED'
    'Date': 'Tue, 18 Oct 2022 18:02:25 GMT'
[2022-10-18 18:02:26,082] {_universal.py:473} INFO - Request URL: 'https://atacananews.blob.core.windows.net/atacana-blob-container/lung-cancer/clinical-trials/20221018/mk3475/lung-cancer_clinical-trials_20221018_mk3475_NCT05563558.json'
Request method: 'PUT'
Request headers:
    'Content-Length': '601'
    'x-ms-blob-type': 'REDACTED'
    'x-ms-version': 'REDACTED'
    'Content-Type': 'application/octet-stream'
    'Accept': 'application/xml'
    'User-Agent': 'azsdk-python-storage-blob/12.13.1 Python/3.8.15 (Linux-5.10.124-linuxkit-aarch64-with-glibc2.17)'
    'x-ms-date': 'REDACTED'
    'x-ms-client-request-id': '05ec4544-4f0f-11ed-a25b-0242bebc0005'
    'Authorization': 'REDACTED'
A body is sent with the request
[2022-10-18 18:02:26,278] {_universal.py:504} INFO - Response status: 201
Response headers:
    'Content-Length': '0'
    'Content-MD5': 'REDACTED'
    'Last-Modified': 'Tue, 18 Oct 2022 18:02:26 GMT'
    'ETag': '"0x8DAB132EA36BFC3"'
    'Server': 'Windows-Azure-Blob/1.0 Microsoft-HTTPAPI/2.0'
    'x-ms-request-id': '8171a157-801e-001d-611b-e3b2bb000000'
    'x-ms-client-request-id': '05ec4544-4f0f-11ed-a25b-0242bebc0005'
    'x-ms-version': 'REDACTED'
    'x-ms-content-crc64': 'REDACTED'
    'x-ms-request-server-encrypted': 'REDACTED'
    'Date': 'Tue, 18 Oct 2022 18:02:25 GMT'
[2022-10-18 18:02:26,280] {_universal.py:473} INFO - Request URL: 'https://atacananews.blob.core.windows.net/atacana-blob-container/lung-cancer/clinical-trials/20221018/mk3475/lung-cancer_clinical-trials_20221018_mk3475_NCT05558982.json'
Request method: 'PUT'
Request headers:
    'Content-Length': '594'
    'x-ms-blob-type': 'REDACTED'
    'x-ms-version': 'REDACTED'
    'Content-Type': 'application/octet-stream'
    'Accept': 'application/xml'
    'User-Agent': 'azsdk-python-storage-blob/12.13.1 Python/3.8.15 (Linux-5.10.124-linuxkit-aarch64-with-glibc2.17)'
    'x-ms-date': 'REDACTED'
    'x-ms-client-request-id': '060a7834-4f0f-11ed-a25b-0242bebc0005'
    'Authorization': 'REDACTED'
A body is sent with the request
[2022-10-18 18:02:26,469] {_universal.py:504} INFO - Response status: 201
Response headers:
    'Content-Length': '0'
    'Content-MD5': 'REDACTED'
    'Last-Modified': 'Tue, 18 Oct 2022 18:02:26 GMT'
    'ETag': '"0x8DAB132EA5518C8"'
    'Server': 'Windows-Azure-Blob/1.0 Microsoft-HTTPAPI/2.0'
    'x-ms-request-id': '8171a31f-801e-001d-1d1b-e3b2bb000000'
    'x-ms-client-request-id': '060a7834-4f0f-11ed-a25b-0242bebc0005'
    'x-ms-version': 'REDACTED'
    'x-ms-content-crc64': 'REDACTED'
    'x-ms-request-server-encrypted': 'REDACTED'
    'Date': 'Tue, 18 Oct 2022 18:02:25 GMT'
[2022-10-18 18:02:26,471] {_universal.py:473} INFO - Request URL: 'https://atacananews.blob.core.windows.net/atacana-blob-container/lung-cancer/clinical-trials/20221018/mk3475/lung-cancer_clinical-trials_20221018_mk3475_NCT05578170.json'
Request method: 'PUT'
Request headers:
    'Content-Length': '600'
    'x-ms-blob-type': 'REDACTED'
    'x-ms-version': 'REDACTED'
    'Content-Type': 'application/octet-stream'
    'Accept': 'application/xml'
    'User-Agent': 'azsdk-python-storage-blob/12.13.1 Python/3.8.15 (Linux-5.10.124-linuxkit-aarch64-with-glibc2.17)'
    'x-ms-date': 'REDACTED'
    'x-ms-client-request-id': '0627a2e2-4f0f-11ed-a25b-0242bebc0005'
    'Authorization': 'REDACTED'
A body is sent with the request
[2022-10-18 18:02:26,666] {_universal.py:504} INFO - Response status: 201
Response headers:
    'Content-Length': '0'
    'Content-MD5': 'REDACTED'
    'Last-Modified': 'Tue, 18 Oct 2022 18:02:26 GMT'
    'ETag': '"0x8DAB132EA726081"'
    'Server': 'Windows-Azure-Blob/1.0 Microsoft-HTTPAPI/2.0'
    'x-ms-request-id': '8171a4cd-801e-001d-3e1b-e3b2bb000000'
    'x-ms-client-request-id': '0627a2e2-4f0f-11ed-a25b-0242bebc0005'
    'x-ms-version': 'REDACTED'
    'x-ms-content-crc64': 'REDACTED'
    'x-ms-request-server-encrypted': 'REDACTED'
    'Date': 'Tue, 18 Oct 2022 18:02:25 GMT'
[2022-10-18 18:02:26,668] {_universal.py:473} INFO - Request URL: 'https://atacananews.blob.core.windows.net/atacana-blob-container/lung-cancer/clinical-trials/20221018/mk3475/lung-cancer_clinical-trials_20221018_mk3475_NCT05570825.json'
Request method: 'PUT'
Request headers:
    'Content-Length': '966'
    'x-ms-blob-type': 'REDACTED'
    'x-ms-version': 'REDACTED'
    'Content-Type': 'application/octet-stream'
    'Accept': 'application/xml'
    'User-Agent': 'azsdk-python-storage-blob/12.13.1 Python/3.8.15 (Linux-5.10.124-linuxkit-aarch64-with-glibc2.17)'
    'x-ms-date': 'REDACTED'
    'x-ms-client-request-id': '0645909a-4f0f-11ed-a25b-0242bebc0005'
    'Authorization': 'REDACTED'
A body is sent with the request
[2022-10-18 18:02:26,878] {_universal.py:504} INFO - Response status: 201
Response headers:
    'Content-Length': '0'
    'Content-MD5': 'REDACTED'
    'Last-Modified': 'Tue, 18 Oct 2022 18:02:26 GMT'
    'ETag': '"0x8DAB132EA930329"'
    'Server': 'Windows-Azure-Blob/1.0 Microsoft-HTTPAPI/2.0'
    'x-ms-request-id': '8171a656-801e-001d-3d1b-e3b2bb000000'
    'x-ms-client-request-id': '0645909a-4f0f-11ed-a25b-0242bebc0005'
    'x-ms-version': 'REDACTED'
    'x-ms-content-crc64': 'REDACTED'
    'x-ms-request-server-encrypted': 'REDACTED'
    'Date': 'Tue, 18 Oct 2022 18:02:26 GMT'
[2022-10-18 18:02:26,882] {_universal.py:473} INFO - Request URL: 'https://atacananews.blob.core.windows.net/atacana-blob-container/lung-cancer/clinical-trials/20221018/mk3475/lung-cancer_clinical-trials_20221018_mk3475_NCT05493566.json'
Request method: 'PUT'
Request headers:
    'Content-Length': '707'
    'x-ms-blob-type': 'REDACTED'
    'x-ms-version': 'REDACTED'
    'Content-Type': 'application/octet-stream'
    'Accept': 'application/xml'
    'User-Agent': 'azsdk-python-storage-blob/12.13.1 Python/3.8.15 (Linux-5.10.124-linuxkit-aarch64-with-glibc2.17)'
    'x-ms-date': 'REDACTED'
    'x-ms-client-request-id': '0666391c-4f0f-11ed-a25b-0242bebc0005'
    'Authorization': 'REDACTED'
A body is sent with the request
[2022-10-18 18:02:27,071] {_universal.py:504} INFO - Response status: 201
Response headers:
    'Content-Length': '0'
    'Content-MD5': 'REDACTED'
    'Last-Modified': 'Tue, 18 Oct 2022 18:02:27 GMT'
    'ETag': '"0x8DAB132EAB098F4"'
    'Server': 'Windows-Azure-Blob/1.0 Microsoft-HTTPAPI/2.0'
    'x-ms-request-id': '8171a84b-801e-001d-1d1b-e3b2bb000000'
    'x-ms-client-request-id': '0666391c-4f0f-11ed-a25b-0242bebc0005'
    'x-ms-version': 'REDACTED'
    'x-ms-content-crc64': 'REDACTED'
    'x-ms-request-server-encrypted': 'REDACTED'
    'Date': 'Tue, 18 Oct 2022 18:02:26 GMT'
[2022-10-18 18:02:27,074] {_universal.py:473} INFO - Request URL: 'https://atacananews.blob.core.windows.net/atacana-blob-container/lung-cancer/clinical-trials/20221018/mk3475/lung-cancer_clinical-trials_20221018_mk3475_NCT05576077.json'
Request method: 'PUT'
Request headers:
    'Content-Length': '585'
    'x-ms-blob-type': 'REDACTED'
    'x-ms-version': 'REDACTED'
    'Content-Type': 'application/octet-stream'
    'Accept': 'application/xml'
    'User-Agent': 'azsdk-python-storage-blob/12.13.1 Python/3.8.15 (Linux-5.10.124-linuxkit-aarch64-with-glibc2.17)'
    'x-ms-date': 'REDACTED'
    'x-ms-client-request-id': '068385e4-4f0f-11ed-a25b-0242bebc0005'
    'Authorization': 'REDACTED'
A body is sent with the request
[2022-10-18 18:02:27,258] {_universal.py:504} INFO - Response status: 201
Response headers:
    'Content-Length': '0'
    'Content-MD5': 'REDACTED'
    'Last-Modified': 'Tue, 18 Oct 2022 18:02:27 GMT'
    'ETag': '"0x8DAB132EACD929E"'
    'Server': 'Windows-Azure-Blob/1.0 Microsoft-HTTPAPI/2.0'
    'x-ms-request-id': '8171a9fe-801e-001d-371b-e3b2bb000000'
    'x-ms-client-request-id': '068385e4-4f0f-11ed-a25b-0242bebc0005'
    'x-ms-version': 'REDACTED'
    'x-ms-content-crc64': 'REDACTED'
    'x-ms-request-server-encrypted': 'REDACTED'
    'Date': 'Tue, 18 Oct 2022 18:02:26 GMT'
[2022-10-18 18:02:27,262] {_universal.py:473} INFO - Request URL: 'https://atacananews.blob.core.windows.net/atacana-blob-container/lung-cancer/clinical-trials/20221018/mk3475/lung-cancer_clinical-trials_20221018_mk3475_NCT05578664.json'
Request method: 'PUT'
Request headers:
    'Content-Length': '653'
    'x-ms-blob-type': 'REDACTED'
    'x-ms-version': 'REDACTED'
    'Content-Type': 'application/octet-stream'
    'Accept': 'application/xml'
    'User-Agent': 'azsdk-python-storage-blob/12.13.1 Python/3.8.15 (Linux-5.10.124-linuxkit-aarch64-with-glibc2.17)'
    'x-ms-date': 'REDACTED'
    'x-ms-client-request-id': '06a03400-4f0f-11ed-a25b-0242bebc0005'
    'Authorization': 'REDACTED'
A body is sent with the request
[2022-10-18 18:02:27,446] {_universal.py:504} INFO - Response status: 201
Response headers:
    'Content-Length': '0'
    'Content-MD5': 'REDACTED'
    'Last-Modified': 'Tue, 18 Oct 2022 18:02:27 GMT'
    'ETag': '"0x8DAB132EAEA3E2C"'
    'Server': 'Windows-Azure-Blob/1.0 Microsoft-HTTPAPI/2.0'
    'x-ms-request-id': '8171abed-801e-001d-161b-e3b2bb000000'
    'x-ms-client-request-id': '06a03400-4f0f-11ed-a25b-0242bebc0005'
    'x-ms-version': 'REDACTED'
    'x-ms-content-crc64': 'REDACTED'
    'x-ms-request-server-encrypted': 'REDACTED'
    'Date': 'Tue, 18 Oct 2022 18:02:26 GMT'
[2022-10-18 18:02:27,449] {_universal.py:473} INFO - Request URL: 'https://atacananews.blob.core.windows.net/atacana-blob-container/lung-cancer/clinical-trials/20221018/mk3475/lung-cancer_clinical-trials_20221018_mk3475_NCT05508100.json'
Request method: 'PUT'
Request headers:
    'Content-Length': '566'
    'x-ms-blob-type': 'REDACTED'
    'x-ms-version': 'REDACTED'
    'Content-Type': 'application/octet-stream'
    'Accept': 'application/xml'
    'User-Agent': 'azsdk-python-storage-blob/12.13.1 Python/3.8.15 (Linux-5.10.124-linuxkit-aarch64-with-glibc2.17)'
    'x-ms-date': 'REDACTED'
    'x-ms-client-request-id': '06bccda4-4f0f-11ed-a25b-0242bebc0005'
    'Authorization': 'REDACTED'
A body is sent with the request
[2022-10-18 18:02:27,645] {_universal.py:504} INFO - Response status: 201
Response headers:
    'Content-Length': '0'
    'Content-MD5': 'REDACTED'
    'Last-Modified': 'Tue, 18 Oct 2022 18:02:27 GMT'
    'ETag': '"0x8DAB132EB084920"'
    'Server': 'Windows-Azure-Blob/1.0 Microsoft-HTTPAPI/2.0'
    'x-ms-request-id': '8171ad4c-801e-001d-681b-e3b2bb000000'
    'x-ms-client-request-id': '06bccda4-4f0f-11ed-a25b-0242bebc0005'
    'x-ms-version': 'REDACTED'
    'x-ms-content-crc64': 'REDACTED'
    'x-ms-request-server-encrypted': 'REDACTED'
    'Date': 'Tue, 18 Oct 2022 18:02:26 GMT'
[2022-10-18 18:02:27,651] {_universal.py:473} INFO - Request URL: 'https://atacananews.blob.core.windows.net/atacana-blob-container/lung-cancer/clinical-trials/20221018/mk3475/lung-cancer_clinical-trials_20221018_mk3475_NCT05547321.json'
Request method: 'PUT'
Request headers:
    'Content-Length': '578'
    'x-ms-blob-type': 'REDACTED'
    'x-ms-version': 'REDACTED'
    'Content-Type': 'application/octet-stream'
    'Accept': 'application/xml'
    'User-Agent': 'azsdk-python-storage-blob/12.13.1 Python/3.8.15 (Linux-5.10.124-linuxkit-aarch64-with-glibc2.17)'
    'x-ms-date': 'REDACTED'
    'x-ms-client-request-id': '06db90cc-4f0f-11ed-a25b-0242bebc0005'
    'Authorization': 'REDACTED'
A body is sent with the request
[2022-10-18 18:02:27,837] {_universal.py:504} INFO - Response status: 201
Response headers:
    'Content-Length': '0'
    'Content-MD5': 'REDACTED'
    'Last-Modified': 'Tue, 18 Oct 2022 18:02:27 GMT'
    'ETag': '"0x8DAB132EB267B18"'
    'Server': 'Windows-Azure-Blob/1.0 Microsoft-HTTPAPI/2.0'
    'x-ms-request-id': '8171af71-801e-001d-741b-e3b2bb000000'
    'x-ms-client-request-id': '06db90cc-4f0f-11ed-a25b-0242bebc0005'
    'x-ms-version': 'REDACTED'
    'x-ms-content-crc64': 'REDACTED'
    'x-ms-request-server-encrypted': 'REDACTED'
    'Date': 'Tue, 18 Oct 2022 18:02:26 GMT'
[2022-10-18 18:02:27,839] {_universal.py:473} INFO - Request URL: 'https://atacananews.blob.core.windows.net/atacana-blob-container/lung-cancer/clinical-trials/20221018/mk3475/lung-cancer_clinical-trials_20221018_mk3475_NCT05462236.json'
Request method: 'PUT'
Request headers:
    'Content-Length': '599'
    'x-ms-blob-type': 'REDACTED'
    'x-ms-version': 'REDACTED'
    'Content-Type': 'application/octet-stream'
    'Accept': 'application/xml'
    'User-Agent': 'azsdk-python-storage-blob/12.13.1 Python/3.8.15 (Linux-5.10.124-linuxkit-aarch64-with-glibc2.17)'
    'x-ms-date': 'REDACTED'
    'x-ms-client-request-id': '06f85432-4f0f-11ed-a25b-0242bebc0005'
    'Authorization': 'REDACTED'
A body is sent with the request
[2022-10-18 18:02:28,028] {_universal.py:504} INFO - Response status: 201
Response headers:
    'Content-Length': '0'
    'Content-MD5': 'REDACTED'
    'Last-Modified': 'Tue, 18 Oct 2022 18:02:27 GMT'
    'ETag': '"0x8DAB132EB42B196"'
    'Server': 'Windows-Azure-Blob/1.0 Microsoft-HTTPAPI/2.0'
    'x-ms-request-id': '8171b12a-801e-001d-221b-e3b2bb000000'
    'x-ms-client-request-id': '06f85432-4f0f-11ed-a25b-0242bebc0005'
    'x-ms-version': 'REDACTED'
    'x-ms-content-crc64': 'REDACTED'
    'x-ms-request-server-encrypted': 'REDACTED'
    'Date': 'Tue, 18 Oct 2022 18:02:27 GMT'
[2022-10-18 18:02:28,031] {_universal.py:473} INFO - Request URL: 'https://atacananews.blob.core.windows.net/atacana-blob-container/lung-cancer/clinical-trials/20221018/mk3475/lung-cancer_clinical-trials_20221018_mk3475_NCT05514990.json'
Request method: 'PUT'
Request headers:
    'Content-Length': '753'
    'x-ms-blob-type': 'REDACTED'
    'x-ms-version': 'REDACTED'
    'Content-Type': 'application/octet-stream'
    'Accept': 'application/xml'
    'User-Agent': 'azsdk-python-storage-blob/12.13.1 Python/3.8.15 (Linux-5.10.124-linuxkit-aarch64-with-glibc2.17)'
    'x-ms-date': 'REDACTED'
    'x-ms-client-request-id': '07159df8-4f0f-11ed-a25b-0242bebc0005'
    'Authorization': 'REDACTED'
A body is sent with the request
[2022-10-18 18:02:28,221] {_universal.py:504} INFO - Response status: 201
Response headers:
    'Content-Length': '0'
    'Content-MD5': 'REDACTED'
    'Last-Modified': 'Tue, 18 Oct 2022 18:02:28 GMT'
    'ETag': '"0x8DAB132EB5FD246"'
    'Server': 'Windows-Azure-Blob/1.0 Microsoft-HTTPAPI/2.0'
    'x-ms-request-id': '8171b2e4-801e-001d-4f1b-e3b2bb000000'
    'x-ms-client-request-id': '07159df8-4f0f-11ed-a25b-0242bebc0005'
    'x-ms-version': 'REDACTED'
    'x-ms-content-crc64': 'REDACTED'
    'x-ms-request-server-encrypted': 'REDACTED'
    'Date': 'Tue, 18 Oct 2022 18:02:27 GMT'
[2022-10-18 18:02:28,225] {_universal.py:473} INFO - Request URL: 'https://atacananews.blob.core.windows.net/atacana-blob-container/lung-cancer/clinical-trials/20221018/mk3475/lung-cancer_clinical-trials_20221018_mk3475_NCT05467670.json'
Request method: 'PUT'
Request headers:
    'Content-Length': '652'
    'x-ms-blob-type': 'REDACTED'
    'x-ms-version': 'REDACTED'
    'Content-Type': 'application/octet-stream'
    'Accept': 'application/xml'
    'User-Agent': 'azsdk-python-storage-blob/12.13.1 Python/3.8.15 (Linux-5.10.124-linuxkit-aarch64-with-glibc2.17)'
    'x-ms-date': 'REDACTED'
    'x-ms-client-request-id': '0733328c-4f0f-11ed-a25b-0242bebc0005'
    'Authorization': 'REDACTED'
A body is sent with the request
[2022-10-18 18:02:28,415] {_universal.py:504} INFO - Response status: 201
Response headers:
    'Content-Length': '0'
    'Content-MD5': 'REDACTED'
    'Last-Modified': 'Tue, 18 Oct 2022 18:02:28 GMT'
    'ETag': '"0x8DAB132EB7D8F24"'
    'Server': 'Windows-Azure-Blob/1.0 Microsoft-HTTPAPI/2.0'
    'x-ms-request-id': '8171b4bb-801e-001d-151b-e3b2bb000000'
    'x-ms-client-request-id': '0733328c-4f0f-11ed-a25b-0242bebc0005'
    'x-ms-version': 'REDACTED'
    'x-ms-content-crc64': 'REDACTED'
    'x-ms-request-server-encrypted': 'REDACTED'
    'Date': 'Tue, 18 Oct 2022 18:02:27 GMT'
[2022-10-18 18:02:28,418] {_universal.py:473} INFO - Request URL: 'https://atacananews.blob.core.windows.net/atacana-blob-container/lung-cancer/clinical-trials/20221018/mk3475/lung-cancer_clinical-trials_20221018_mk3475_NCT05585034.json'
Request method: 'PUT'
Request headers:
    'Content-Length': '926'
    'x-ms-blob-type': 'REDACTED'
    'x-ms-version': 'REDACTED'
    'Content-Type': 'application/octet-stream'
    'Accept': 'application/xml'
    'User-Agent': 'azsdk-python-storage-blob/12.13.1 Python/3.8.15 (Linux-5.10.124-linuxkit-aarch64-with-glibc2.17)'
    'x-ms-date': 'REDACTED'
    'x-ms-client-request-id': '0750a4e8-4f0f-11ed-a25b-0242bebc0005'
    'Authorization': 'REDACTED'
A body is sent with the request
[2022-10-18 18:02:28,607] {_universal.py:504} INFO - Response status: 201
Response headers:
    'Content-Length': '0'
    'Content-MD5': 'REDACTED'
    'Last-Modified': 'Tue, 18 Oct 2022 18:02:28 GMT'
    'ETag': '"0x8DAB132EB9B4C05"'
    'Server': 'Windows-Azure-Blob/1.0 Microsoft-HTTPAPI/2.0'
    'x-ms-request-id': '8171b665-801e-001d-2f1b-e3b2bb000000'
    'x-ms-client-request-id': '0750a4e8-4f0f-11ed-a25b-0242bebc0005'
    'x-ms-version': 'REDACTED'
    'x-ms-content-crc64': 'REDACTED'
    'x-ms-request-server-encrypted': 'REDACTED'
    'Date': 'Tue, 18 Oct 2022 18:02:27 GMT'
[2022-10-18 18:02:28,610] {_universal.py:473} INFO - Request URL: 'https://atacananews.blob.core.windows.net/atacana-blob-container/lung-cancer/clinical-trials/20221018/mk3475/lung-cancer_clinical-trials_20221018_mk3475_NCT05514444.json'
Request method: 'PUT'
Request headers:
    'Content-Length': '614'
    'x-ms-blob-type': 'REDACTED'
    'x-ms-version': 'REDACTED'
    'Content-Type': 'application/octet-stream'
    'Accept': 'application/xml'
    'User-Agent': 'azsdk-python-storage-blob/12.13.1 Python/3.8.15 (Linux-5.10.124-linuxkit-aarch64-with-glibc2.17)'
    'x-ms-date': 'REDACTED'
    'x-ms-client-request-id': '076de440-4f0f-11ed-a25b-0242bebc0005'
    'Authorization': 'REDACTED'
A body is sent with the request
[2022-10-18 18:02:28,796] {_universal.py:504} INFO - Response status: 201
Response headers:
    'Content-Length': '0'
    'Content-MD5': 'REDACTED'
    'Last-Modified': 'Tue, 18 Oct 2022 18:02:28 GMT'
    'ETag': '"0x8DAB132EBB84598"'
    'Server': 'Windows-Azure-Blob/1.0 Microsoft-HTTPAPI/2.0'
    'x-ms-request-id': '8171b801-801e-001d-3d1b-e3b2bb000000'
    'x-ms-client-request-id': '076de440-4f0f-11ed-a25b-0242bebc0005'
    'x-ms-version': 'REDACTED'
    'x-ms-content-crc64': 'REDACTED'
    'x-ms-request-server-encrypted': 'REDACTED'
    'Date': 'Tue, 18 Oct 2022 18:02:27 GMT'
[2022-10-18 18:02:28,800] {_universal.py:473} INFO - Request URL: 'https://atacananews.blob.core.windows.net/atacana-blob-container/lung-cancer/clinical-trials/20221018/mk3475/lung-cancer_clinical-trials_20221018_mk3475_NCT05572684.json'
Request method: 'PUT'
Request headers:
    'Content-Length': '836'
    'x-ms-blob-type': 'REDACTED'
    'x-ms-version': 'REDACTED'
    'Content-Type': 'application/octet-stream'
    'Accept': 'application/xml'
    'User-Agent': 'azsdk-python-storage-blob/12.13.1 Python/3.8.15 (Linux-5.10.124-linuxkit-aarch64-with-glibc2.17)'
    'x-ms-date': 'REDACTED'
    'x-ms-client-request-id': '078ae87e-4f0f-11ed-a25b-0242bebc0005'
    'Authorization': 'REDACTED'
A body is sent with the request
[2022-10-18 18:02:29,027] {_universal.py:504} INFO - Response status: 201
Response headers:
    'Content-Length': '0'
    'Content-MD5': 'REDACTED'
    'Last-Modified': 'Tue, 18 Oct 2022 18:02:28 GMT'
    'ETag': '"0x8DAB132EBDA6EA9"'
    'Server': 'Windows-Azure-Blob/1.0 Microsoft-HTTPAPI/2.0'
    'x-ms-request-id': '8171b8d1-801e-001d-091b-e3b2bb000000'
    'x-ms-client-request-id': '078ae87e-4f0f-11ed-a25b-0242bebc0005'
    'x-ms-version': 'REDACTED'
    'x-ms-content-crc64': 'REDACTED'
    'x-ms-request-server-encrypted': 'REDACTED'
    'Date': 'Tue, 18 Oct 2022 18:02:28 GMT'
[2022-10-18 18:02:29,039] {_universal.py:473} INFO - Request URL: 'https://atacananews.blob.core.windows.net/atacana-blob-container/lung-cancer/clinical-trials/20221018/mk3475/lung-cancer_clinical-trials_20221018_mk3475_NCT05502237.json'
Request method: 'PUT'
Request headers:
    'Content-Length': '791'
    'x-ms-blob-type': 'REDACTED'
    'x-ms-version': 'REDACTED'
    'Content-Type': 'application/octet-stream'
    'Accept': 'application/xml'
    'User-Agent': 'azsdk-python-storage-blob/12.13.1 Python/3.8.15 (Linux-5.10.124-linuxkit-aarch64-with-glibc2.17)'
    'x-ms-date': 'REDACTED'
    'x-ms-client-request-id': '07af6938-4f0f-11ed-a25b-0242bebc0005'
    'Authorization': 'REDACTED'
A body is sent with the request
[2022-10-18 18:02:29,232] {_universal.py:504} INFO - Response status: 201
Response headers:
    'Content-Length': '0'
    'Content-MD5': 'REDACTED'
    'Last-Modified': 'Tue, 18 Oct 2022 18:02:29 GMT'
    'ETag': '"0x8DAB132EBFAEA3D"'
    'Server': 'Windows-Azure-Blob/1.0 Microsoft-HTTPAPI/2.0'
    'x-ms-request-id': '8171ba8d-801e-001d-271b-e3b2bb000000'
    'x-ms-client-request-id': '07af6938-4f0f-11ed-a25b-0242bebc0005'
    'x-ms-version': 'REDACTED'
    'x-ms-content-crc64': 'REDACTED'
    'x-ms-request-server-encrypted': 'REDACTED'
    'Date': 'Tue, 18 Oct 2022 18:02:28 GMT'
[2022-10-18 18:02:29,235] {_universal.py:473} INFO - Request URL: 'https://atacananews.blob.core.windows.net/atacana-blob-container/lung-cancer/clinical-trials/20221018/mk3475/lung-cancer_clinical-trials_20221018_mk3475_NCT05469178.json'
Request method: 'PUT'
Request headers:
    'Content-Length': '746'
    'x-ms-blob-type': 'REDACTED'
    'x-ms-version': 'REDACTED'
    'Content-Type': 'application/octet-stream'
    'Accept': 'application/xml'
    'User-Agent': 'azsdk-python-storage-blob/12.13.1 Python/3.8.15 (Linux-5.10.124-linuxkit-aarch64-with-glibc2.17)'
    'x-ms-date': 'REDACTED'
    'x-ms-client-request-id': '07cd42f0-4f0f-11ed-a25b-0242bebc0005'
    'Authorization': 'REDACTED'
A body is sent with the request
[2022-10-18 18:02:29,426] {_universal.py:504} INFO - Response status: 201
Response headers:
    'Content-Length': '0'
    'Content-MD5': 'REDACTED'
    'Last-Modified': 'Tue, 18 Oct 2022 18:02:29 GMT'
    'ETag': '"0x8DAB132EC17E3E5"'
    'Server': 'Windows-Azure-Blob/1.0 Microsoft-HTTPAPI/2.0'
    'x-ms-request-id': '8171bc1d-801e-001d-231b-e3b2bb000000'
    'x-ms-client-request-id': '07cd42f0-4f0f-11ed-a25b-0242bebc0005'
    'x-ms-version': 'REDACTED'
    'x-ms-content-crc64': 'REDACTED'
    'x-ms-request-server-encrypted': 'REDACTED'
    'Date': 'Tue, 18 Oct 2022 18:02:28 GMT'
[2022-10-18 18:02:29,434] {_universal.py:473} INFO - Request URL: 'https://atacananews.blob.core.windows.net/atacana-blob-container/lung-cancer/clinical-trials/20221018/mk3475/lung-cancer_clinical-trials_20221018_mk3475_NCT05537740.json'
Request method: 'PUT'
Request headers:
    'Content-Length': '729'
    'x-ms-blob-type': 'REDACTED'
    'x-ms-version': 'REDACTED'
    'Content-Type': 'application/octet-stream'
    'Accept': 'application/xml'
    'User-Agent': 'azsdk-python-storage-blob/12.13.1 Python/3.8.15 (Linux-5.10.124-linuxkit-aarch64-with-glibc2.17)'
    'x-ms-date': 'REDACTED'
    'x-ms-client-request-id': '07eb95de-4f0f-11ed-a25b-0242bebc0005'
    'Authorization': 'REDACTED'
A body is sent with the request
[2022-10-18 18:02:29,636] {_universal.py:504} INFO - Response status: 201
Response headers:
    'Content-Length': '0'
    'Content-MD5': 'REDACTED'
    'Last-Modified': 'Tue, 18 Oct 2022 18:02:29 GMT'
    'ETag': '"0x8DAB132EC3615DB"'
    'Server': 'Windows-Azure-Blob/1.0 Microsoft-HTTPAPI/2.0'
    'x-ms-request-id': '8171bd86-801e-001d-801b-e3b2bb000000'
    'x-ms-client-request-id': '07eb95de-4f0f-11ed-a25b-0242bebc0005'
    'x-ms-version': 'REDACTED'
    'x-ms-content-crc64': 'REDACTED'
    'x-ms-request-server-encrypted': 'REDACTED'
    'Date': 'Tue, 18 Oct 2022 18:02:28 GMT'
[2022-10-18 18:02:29,638] {_universal.py:473} INFO - Request URL: 'https://atacananews.blob.core.windows.net/atacana-blob-container/lung-cancer/clinical-trials/20221018/mk3475/lung-cancer_clinical-trials_20221018_mk3475_NCT05512182.json'
Request method: 'PUT'
Request headers:
    'Content-Length': '725'
    'x-ms-blob-type': 'REDACTED'
    'x-ms-version': 'REDACTED'
    'Content-Type': 'application/octet-stream'
    'Accept': 'application/xml'
    'User-Agent': 'azsdk-python-storage-blob/12.13.1 Python/3.8.15 (Linux-5.10.124-linuxkit-aarch64-with-glibc2.17)'
    'x-ms-date': 'REDACTED'
    'x-ms-client-request-id': '080ad43a-4f0f-11ed-a25b-0242bebc0005'
    'Authorization': 'REDACTED'
A body is sent with the request
[2022-10-18 18:02:29,852] {_universal.py:504} INFO - Response status: 201
Response headers:
    'Content-Length': '0'
    'Content-MD5': 'REDACTED'
    'Last-Modified': 'Tue, 18 Oct 2022 18:02:29 GMT'
    'ETag': '"0x8DAB132EC555924"'
    'Server': 'Windows-Azure-Blob/1.0 Microsoft-HTTPAPI/2.0'
    'x-ms-request-id': '8171bf2f-801e-001d-101b-e3b2bb000000'
    'x-ms-client-request-id': '080ad43a-4f0f-11ed-a25b-0242bebc0005'
    'x-ms-version': 'REDACTED'
    'x-ms-content-crc64': 'REDACTED'
    'x-ms-request-server-encrypted': 'REDACTED'
    'Date': 'Tue, 18 Oct 2022 18:02:28 GMT'
[2022-10-18 18:02:29,854] {_universal.py:473} INFO - Request URL: 'https://atacananews.blob.core.windows.net/atacana-blob-container/lung-cancer/clinical-trials/20221018/mk3475/lung-cancer_clinical-trials_20221018_mk3475_NCT05462496.json'
Request method: 'PUT'
Request headers:
    'Content-Length': '681'
    'x-ms-blob-type': 'REDACTED'
    'x-ms-version': 'REDACTED'
    'Content-Type': 'application/octet-stream'
    'Accept': 'application/xml'
    'User-Agent': 'azsdk-python-storage-blob/12.13.1 Python/3.8.15 (Linux-5.10.124-linuxkit-aarch64-with-glibc2.17)'
    'x-ms-date': 'REDACTED'
    'x-ms-client-request-id': '082bb718-4f0f-11ed-a25b-0242bebc0005'
    'Authorization': 'REDACTED'
A body is sent with the request
[2022-10-18 18:02:30,047] {_universal.py:504} INFO - Response status: 201
Response headers:
    'Content-Length': '0'
    'Content-MD5': 'REDACTED'
    'Last-Modified': 'Tue, 18 Oct 2022 18:02:30 GMT'
    'ETag': '"0x8DAB132EC770D0A"'
    'Server': 'Windows-Azure-Blob/1.0 Microsoft-HTTPAPI/2.0'
    'x-ms-request-id': '8171c0ff-801e-001d-551b-e3b2bb000000'
    'x-ms-client-request-id': '082bb718-4f0f-11ed-a25b-0242bebc0005'
    'x-ms-version': 'REDACTED'
    'x-ms-content-crc64': 'REDACTED'
    'x-ms-request-server-encrypted': 'REDACTED'
    'Date': 'Tue, 18 Oct 2022 18:02:29 GMT'
[2022-10-18 18:02:30,050] {_universal.py:473} INFO - Request URL: 'https://atacananews.blob.core.windows.net/atacana-blob-container/lung-cancer/clinical-trials/20221018/mk3475/lung-cancer_clinical-trials_20221018_mk3475_NCT05501665.json'
Request method: 'PUT'
Request headers:
    'Content-Length': '979'
    'x-ms-blob-type': 'REDACTED'
    'x-ms-version': 'REDACTED'
    'Content-Type': 'application/octet-stream'
    'Accept': 'application/xml'
    'User-Agent': 'azsdk-python-storage-blob/12.13.1 Python/3.8.15 (Linux-5.10.124-linuxkit-aarch64-with-glibc2.17)'
    'x-ms-date': 'REDACTED'
    'x-ms-client-request-id': '0849a3fe-4f0f-11ed-a25b-0242bebc0005'
    'Authorization': 'REDACTED'
A body is sent with the request
[2022-10-18 18:02:30,236] {_universal.py:504} INFO - Response status: 201
Response headers:
    'Content-Length': '0'
    'Content-MD5': 'REDACTED'
    'Last-Modified': 'Tue, 18 Oct 2022 18:02:30 GMT'
    'ETag': '"0x8DAB132EC9406AC"'
    'Server': 'Windows-Azure-Blob/1.0 Microsoft-HTTPAPI/2.0'
    'x-ms-request-id': '8171c295-801e-001d-5e1b-e3b2bb000000'
    'x-ms-client-request-id': '0849a3fe-4f0f-11ed-a25b-0242bebc0005'
    'x-ms-version': 'REDACTED'
    'x-ms-content-crc64': 'REDACTED'
    'x-ms-request-server-encrypted': 'REDACTED'
    'Date': 'Tue, 18 Oct 2022 18:02:29 GMT'
[2022-10-18 18:02:30,238] {_universal.py:473} INFO - Request URL: 'https://atacananews.blob.core.windows.net/atacana-blob-container/lung-cancer/clinical-trials/20221018/mk3475/lung-cancer_clinical-trials_20221018_mk3475_NCT05507541.json'
Request method: 'PUT'
Request headers:
    'Content-Length': '2746'
    'x-ms-blob-type': 'REDACTED'
    'x-ms-version': 'REDACTED'
    'Content-Type': 'application/octet-stream'
    'Accept': 'application/xml'
    'User-Agent': 'azsdk-python-storage-blob/12.13.1 Python/3.8.15 (Linux-5.10.124-linuxkit-aarch64-with-glibc2.17)'
    'x-ms-date': 'REDACTED'
    'x-ms-client-request-id': '086668fe-4f0f-11ed-a25b-0242bebc0005'
    'Authorization': 'REDACTED'
A body is sent with the request
[2022-10-18 18:02:30,427] {_universal.py:504} INFO - Response status: 201
Response headers:
    'Content-Length': '0'
    'Content-MD5': 'REDACTED'
    'Last-Modified': 'Tue, 18 Oct 2022 18:02:30 GMT'
    'ETag': '"0x8DAB132ECB1004E"'
    'Server': 'Windows-Azure-Blob/1.0 Microsoft-HTTPAPI/2.0'
    'x-ms-request-id': '8171c3c2-801e-001d-011b-e3b2bb000000'
    'x-ms-client-request-id': '086668fe-4f0f-11ed-a25b-0242bebc0005'
    'x-ms-version': 'REDACTED'
    'x-ms-content-crc64': 'REDACTED'
    'x-ms-request-server-encrypted': 'REDACTED'
    'Date': 'Tue, 18 Oct 2022 18:02:29 GMT'
[2022-10-18 18:02:30,431] {_universal.py:473} INFO - Request URL: 'https://atacananews.blob.core.windows.net/atacana-blob-container/lung-cancer/clinical-trials/20221018/mk3475/lung-cancer_clinical-trials_20221018_mk3475_NCT05549297.json'
Request method: 'PUT'
Request headers:
    'Content-Length': '596'
    'x-ms-blob-type': 'REDACTED'
    'x-ms-version': 'REDACTED'
    'Content-Type': 'application/octet-stream'
    'Accept': 'application/xml'
    'User-Agent': 'azsdk-python-storage-blob/12.13.1 Python/3.8.15 (Linux-5.10.124-linuxkit-aarch64-with-glibc2.17)'
    'x-ms-date': 'REDACTED'
    'x-ms-client-request-id': '0883d43e-4f0f-11ed-a25b-0242bebc0005'
    'Authorization': 'REDACTED'
A body is sent with the request
[2022-10-18 18:02:30,619] {_universal.py:504} INFO - Response status: 201
Response headers:
    'Content-Length': '0'
    'Content-MD5': 'REDACTED'
    'Last-Modified': 'Tue, 18 Oct 2022 18:02:30 GMT'
    'ETag': '"0x8DAB132ECCE6F1C"'
    'Server': 'Windows-Azure-Blob/1.0 Microsoft-HTTPAPI/2.0'
    'x-ms-request-id': '8171c569-801e-001d-1e1b-e3b2bb000000'
    'x-ms-client-request-id': '0883d43e-4f0f-11ed-a25b-0242bebc0005'
    'x-ms-version': 'REDACTED'
    'x-ms-content-crc64': 'REDACTED'
    'x-ms-request-server-encrypted': 'REDACTED'
    'Date': 'Tue, 18 Oct 2022 18:02:29 GMT'
[2022-10-18 18:02:30,623] {_universal.py:473} INFO - Request URL: 'https://atacananews.blob.core.windows.net/atacana-blob-container/lung-cancer/clinical-trials/20221018/mk3475/lung-cancer_clinical-trials_20221018_mk3475_NCT05568550.json'
Request method: 'PUT'
Request headers:
    'Content-Length': '592'
    'x-ms-blob-type': 'REDACTED'
    'x-ms-version': 'REDACTED'
    'Content-Type': 'application/octet-stream'
    'Accept': 'application/xml'
    'User-Agent': 'azsdk-python-storage-blob/12.13.1 Python/3.8.15 (Linux-5.10.124-linuxkit-aarch64-with-glibc2.17)'
    'x-ms-date': 'REDACTED'
    'x-ms-client-request-id': '08a11cf6-4f0f-11ed-a25b-0242bebc0005'
    'Authorization': 'REDACTED'
A body is sent with the request
[2022-10-18 18:02:30,808] {_universal.py:504} INFO - Response status: 201
Response headers:
    'Content-Length': '0'
    'Content-MD5': 'REDACTED'
    'Last-Modified': 'Tue, 18 Oct 2022 18:02:30 GMT'
    'ETag': '"0x8DAB132ECEB41B9"'
    'Server': 'Windows-Azure-Blob/1.0 Microsoft-HTTPAPI/2.0'
    'x-ms-request-id': '8171c6eb-801e-001d-131b-e3b2bb000000'
    'x-ms-client-request-id': '08a11cf6-4f0f-11ed-a25b-0242bebc0005'
    'x-ms-version': 'REDACTED'
    'x-ms-content-crc64': 'REDACTED'
    'x-ms-request-server-encrypted': 'REDACTED'
    'Date': 'Tue, 18 Oct 2022 18:02:29 GMT'
[2022-10-18 18:02:30,812] {_universal.py:473} INFO - Request URL: 'https://atacananews.blob.core.windows.net/atacana-blob-container/lung-cancer/clinical-trials/20221018/mk3475/lung-cancer_clinical-trials_20221018_mk3475_NCT05463848.json'
Request method: 'PUT'
Request headers:
    'Content-Length': '566'
    'x-ms-blob-type': 'REDACTED'
    'x-ms-version': 'REDACTED'
    'Content-Type': 'application/octet-stream'
    'Accept': 'application/xml'
    'User-Agent': 'azsdk-python-storage-blob/12.13.1 Python/3.8.15 (Linux-5.10.124-linuxkit-aarch64-with-glibc2.17)'
    'x-ms-date': 'REDACTED'
    'x-ms-client-request-id': '08bdeab6-4f0f-11ed-a25b-0242bebc0005'
    'Authorization': 'REDACTED'
A body is sent with the request
[2022-10-18 18:02:31,006] {_universal.py:504} INFO - Response status: 201
Response headers:
    'Content-Length': '0'
    'Content-MD5': 'REDACTED'
    'Last-Modified': 'Tue, 18 Oct 2022 18:02:30 GMT'
    'ETag': '"0x8DAB132ED094CA5"'
    'Server': 'Windows-Azure-Blob/1.0 Microsoft-HTTPAPI/2.0'
    'x-ms-request-id': '8171c7d4-801e-001d-751b-e3b2bb000000'
    'x-ms-client-request-id': '08bdeab6-4f0f-11ed-a25b-0242bebc0005'
    'x-ms-version': 'REDACTED'
    'x-ms-content-crc64': 'REDACTED'
    'x-ms-request-server-encrypted': 'REDACTED'
    'Date': 'Tue, 18 Oct 2022 18:02:30 GMT'
[2022-10-18 18:02:31,032] {_universal.py:473} INFO - Request URL: 'https://atacananews.blob.core.windows.net/atacana-blob-container/lung-cancer/clinical-trials/20221018/mk3475/lung-cancer_clinical-trials_20221018_mk3475_NCT05485766.json'
Request method: 'PUT'
Request headers:
    'Content-Length': '827'
    'x-ms-blob-type': 'REDACTED'
    'x-ms-version': 'REDACTED'
    'Content-Type': 'application/octet-stream'
    'Accept': 'application/xml'
    'User-Agent': 'azsdk-python-storage-blob/12.13.1 Python/3.8.15 (Linux-5.10.124-linuxkit-aarch64-with-glibc2.17)'
    'x-ms-date': 'REDACTED'
    'x-ms-client-request-id': '08df8bb2-4f0f-11ed-a25b-0242bebc0005'
    'Authorization': 'REDACTED'
A body is sent with the request
[2022-10-18 18:02:31,219] {_universal.py:504} INFO - Response status: 201
Response headers:
    'Content-Length': '0'
    'Content-MD5': 'REDACTED'
    'Last-Modified': 'Tue, 18 Oct 2022 18:02:31 GMT'
    'ETag': '"0x8DAB132ED29A132"'
    'Server': 'Windows-Azure-Blob/1.0 Microsoft-HTTPAPI/2.0'
    'x-ms-request-id': '8171c9a5-801e-001d-301b-e3b2bb000000'
    'x-ms-client-request-id': '08df8bb2-4f0f-11ed-a25b-0242bebc0005'
    'x-ms-version': 'REDACTED'
    'x-ms-content-crc64': 'REDACTED'
    'x-ms-request-server-encrypted': 'REDACTED'
    'Date': 'Tue, 18 Oct 2022 18:02:30 GMT'
[2022-10-18 18:02:31,224] {_universal.py:473} INFO - Request URL: 'https://atacananews.blob.core.windows.net/atacana-blob-container/lung-cancer/clinical-trials/20221018/mk3475/lung-cancer_clinical-trials_20221018_mk3475_NCT05499390.json'
Request method: 'PUT'
Request headers:
    'Content-Length': '498'
    'x-ms-blob-type': 'REDACTED'
    'x-ms-version': 'REDACTED'
    'Content-Type': 'application/octet-stream'
    'Accept': 'application/xml'
    'User-Agent': 'azsdk-python-storage-blob/12.13.1 Python/3.8.15 (Linux-5.10.124-linuxkit-aarch64-with-glibc2.17)'
    'x-ms-date': 'REDACTED'
    'x-ms-client-request-id': '08fcbf3e-4f0f-11ed-a25b-0242bebc0005'
    'Authorization': 'REDACTED'
A body is sent with the request
[2022-10-18 18:02:31,412] {_universal.py:504} INFO - Response status: 201
Response headers:
    'Content-Length': '0'
    'Content-MD5': 'REDACTED'
    'Last-Modified': 'Tue, 18 Oct 2022 18:02:31 GMT'
    'ETag': '"0x8DAB132ED4736FC"'
    'Server': 'Windows-Azure-Blob/1.0 Microsoft-HTTPAPI/2.0'
    'x-ms-request-id': '8171caf9-801e-001d-7b1b-e3b2bb000000'
    'x-ms-client-request-id': '08fcbf3e-4f0f-11ed-a25b-0242bebc0005'
    'x-ms-version': 'REDACTED'
    'x-ms-content-crc64': 'REDACTED'
    'x-ms-request-server-encrypted': 'REDACTED'
    'Date': 'Tue, 18 Oct 2022 18:02:30 GMT'
[2022-10-18 18:02:31,415] {_universal.py:473} INFO - Request URL: 'https://atacananews.blob.core.windows.net/atacana-blob-container/lung-cancer/clinical-trials/20221018/mk3475/lung-cancer_clinical-trials_20221018_mk3475_NCT05492682.json'
Request method: 'PUT'
Request headers:
    'Content-Length': '619'
    'x-ms-blob-type': 'REDACTED'
    'x-ms-version': 'REDACTED'
    'Content-Type': 'application/octet-stream'
    'Accept': 'application/xml'
    'User-Agent': 'azsdk-python-storage-blob/12.13.1 Python/3.8.15 (Linux-5.10.124-linuxkit-aarch64-with-glibc2.17)'
    'x-ms-date': 'REDACTED'
    'x-ms-client-request-id': '0919f68a-4f0f-11ed-a25b-0242bebc0005'
    'Authorization': 'REDACTED'
A body is sent with the request
[2022-10-18 18:02:31,603] {_universal.py:504} INFO - Response status: 201
Response headers:
    'Content-Length': '0'
    'Content-MD5': 'REDACTED'
    'Last-Modified': 'Tue, 18 Oct 2022 18:02:31 GMT'
    'ETag': '"0x8DAB132ED6457AC"'
    'Server': 'Windows-Azure-Blob/1.0 Microsoft-HTTPAPI/2.0'
    'x-ms-request-id': '8171cc2f-801e-001d-281b-e3b2bb000000'
    'x-ms-client-request-id': '0919f68a-4f0f-11ed-a25b-0242bebc0005'
    'x-ms-version': 'REDACTED'
    'x-ms-content-crc64': 'REDACTED'
    'x-ms-request-server-encrypted': 'REDACTED'
    'Date': 'Tue, 18 Oct 2022 18:02:30 GMT'
[2022-10-18 18:02:31,607] {_universal.py:473} INFO - Request URL: 'https://atacananews.blob.core.windows.net/atacana-blob-container/lung-cancer/clinical-trials/20221018/mk3475/lung-cancer_clinical-trials_20221018_mk3475_NCT05509985.json'
Request method: 'PUT'
Request headers:
    'Content-Length': '551'
    'x-ms-blob-type': 'REDACTED'
    'x-ms-version': 'REDACTED'
    'Content-Type': 'application/octet-stream'
    'Accept': 'application/xml'
    'User-Agent': 'azsdk-python-storage-blob/12.13.1 Python/3.8.15 (Linux-5.10.124-linuxkit-aarch64-with-glibc2.17)'
    'x-ms-date': 'REDACTED'
    'x-ms-client-request-id': '09373e52-4f0f-11ed-a25b-0242bebc0005'
    'Authorization': 'REDACTED'
A body is sent with the request
[2022-10-18 18:02:31,800] {_universal.py:504} INFO - Response status: 201
Response headers:
    'Content-Length': '0'
    'Content-MD5': 'REDACTED'
    'Last-Modified': 'Tue, 18 Oct 2022 18:02:31 GMT'
    'ETag': '"0x8DAB132ED821493"'
    'Server': 'Windows-Azure-Blob/1.0 Microsoft-HTTPAPI/2.0'
    'x-ms-request-id': '8171cd6f-801e-001d-5a1b-e3b2bb000000'
    'x-ms-client-request-id': '09373e52-4f0f-11ed-a25b-0242bebc0005'
    'x-ms-version': 'REDACTED'
    'x-ms-content-crc64': 'REDACTED'
    'x-ms-request-server-encrypted': 'REDACTED'
    'Date': 'Tue, 18 Oct 2022 18:02:30 GMT'
[2022-10-18 18:02:31,804] {_universal.py:473} INFO - Request URL: 'https://atacananews.blob.core.windows.net/atacana-blob-container/lung-cancer/clinical-trials/20221018/mk3475/lung-cancer_clinical-trials_20221018_mk3475_NCT05501821.json'
Request method: 'PUT'
Request headers:
    'Content-Length': '534'
    'x-ms-blob-type': 'REDACTED'
    'x-ms-version': 'REDACTED'
    'Content-Type': 'application/octet-stream'
    'Accept': 'application/xml'
    'User-Agent': 'azsdk-python-storage-blob/12.13.1 Python/3.8.15 (Linux-5.10.124-linuxkit-aarch64-with-glibc2.17)'
    'x-ms-date': 'REDACTED'
    'x-ms-client-request-id': '0955572a-4f0f-11ed-a25b-0242bebc0005'
    'Authorization': 'REDACTED'
A body is sent with the request
[2022-10-18 18:02:31,994] {_universal.py:504} INFO - Response status: 201
Response headers:
    'Content-Length': '0'
    'Content-MD5': 'REDACTED'
    'Last-Modified': 'Tue, 18 Oct 2022 18:02:31 GMT'
    'ETag': '"0x8DAB132EDA01F7A"'
    'Server': 'Windows-Azure-Blob/1.0 Microsoft-HTTPAPI/2.0'
    'x-ms-request-id': '8171cece-801e-001d-2a1b-e3b2bb000000'
    'x-ms-client-request-id': '0955572a-4f0f-11ed-a25b-0242bebc0005'
    'x-ms-version': 'REDACTED'
    'x-ms-content-crc64': 'REDACTED'
    'x-ms-request-server-encrypted': 'REDACTED'
    'Date': 'Tue, 18 Oct 2022 18:02:31 GMT'
[2022-10-18 18:02:31,997] {_universal.py:473} INFO - Request URL: 'https://atacananews.blob.core.windows.net/atacana-blob-container/lung-cancer/clinical-trials/20221018/mk3475/lung-cancer_clinical-trials_20221018_mk3475_NCT05491226.json'
Request method: 'PUT'
Request headers:
    'Content-Length': '661'
    'x-ms-blob-type': 'REDACTED'
    'x-ms-version': 'REDACTED'
    'Content-Type': 'application/octet-stream'
    'Accept': 'application/xml'
    'User-Agent': 'azsdk-python-storage-blob/12.13.1 Python/3.8.15 (Linux-5.10.124-linuxkit-aarch64-with-glibc2.17)'
    'x-ms-date': 'REDACTED'
    'x-ms-client-request-id': '0972b48c-4f0f-11ed-a25b-0242bebc0005'
    'Authorization': 'REDACTED'
A body is sent with the request
[2022-10-18 18:02:32,181] {_universal.py:504} INFO - Response status: 201
Response headers:
    'Content-Length': '0'
    'Content-MD5': 'REDACTED'
    'Last-Modified': 'Tue, 18 Oct 2022 18:02:32 GMT'
    'ETag': '"0x8DAB132EDBCA409"'
    'Server': 'Windows-Azure-Blob/1.0 Microsoft-HTTPAPI/2.0'
    'x-ms-request-id': '8171d068-801e-001d-341b-e3b2bb000000'
    'x-ms-client-request-id': '0972b48c-4f0f-11ed-a25b-0242bebc0005'
    'x-ms-version': 'REDACTED'
    'x-ms-content-crc64': 'REDACTED'
    'x-ms-request-server-encrypted': 'REDACTED'
    'Date': 'Tue, 18 Oct 2022 18:02:31 GMT'
[2022-10-18 18:02:32,185] {_universal.py:473} INFO - Request URL: 'https://atacananews.blob.core.windows.net/atacana-blob-container/lung-cancer/clinical-trials/20221018/mk3475/lung-cancer_clinical-trials_20221018_mk3475_NCT05533697.json'
Request method: 'PUT'
Request headers:
    'Content-Length': '589'
    'x-ms-blob-type': 'REDACTED'
    'x-ms-version': 'REDACTED'
    'Content-Type': 'application/octet-stream'
    'Accept': 'application/xml'
    'User-Agent': 'azsdk-python-storage-blob/12.13.1 Python/3.8.15 (Linux-5.10.124-linuxkit-aarch64-with-glibc2.17)'
    'x-ms-date': 'REDACTED'
    'x-ms-client-request-id': '098f79f0-4f0f-11ed-a25b-0242bebc0005'
    'Authorization': 'REDACTED'
A body is sent with the request
[2022-10-18 18:02:32,379] {_universal.py:504} INFO - Response status: 201
Response headers:
    'Content-Length': '0'
    'Content-MD5': 'REDACTED'
    'Last-Modified': 'Tue, 18 Oct 2022 18:02:32 GMT'
    'ETag': '"0x8DAB132EDDAFD08"'
    'Server': 'Windows-Azure-Blob/1.0 Microsoft-HTTPAPI/2.0'
    'x-ms-request-id': '8171d18d-801e-001d-4e1b-e3b2bb000000'
    'x-ms-client-request-id': '098f79f0-4f0f-11ed-a25b-0242bebc0005'
    'x-ms-version': 'REDACTED'
    'x-ms-content-crc64': 'REDACTED'
    'x-ms-request-server-encrypted': 'REDACTED'
    'Date': 'Tue, 18 Oct 2022 18:02:31 GMT'
[2022-10-18 18:02:32,382] {_universal.py:473} INFO - Request URL: 'https://atacananews.blob.core.windows.net/atacana-blob-container/lung-cancer/clinical-trials/20221018/mk3475/lung-cancer_clinical-trials_20221018_mk3475_NCT05565378.json'
Request method: 'PUT'
Request headers:
    'Content-Length': '654'
    'x-ms-blob-type': 'REDACTED'
    'x-ms-version': 'REDACTED'
    'Content-Type': 'application/octet-stream'
    'Accept': 'application/xml'
    'User-Agent': 'azsdk-python-storage-blob/12.13.1 Python/3.8.15 (Linux-5.10.124-linuxkit-aarch64-with-glibc2.17)'
    'x-ms-date': 'REDACTED'
    'x-ms-client-request-id': '09ad6fe6-4f0f-11ed-a25b-0242bebc0005'
    'Authorization': 'REDACTED'
A body is sent with the request
[2022-10-18 18:02:32,575] {_universal.py:504} INFO - Response status: 201
Response headers:
    'Content-Length': '0'
    'Content-MD5': 'REDACTED'
    'Last-Modified': 'Tue, 18 Oct 2022 18:02:32 GMT'
    'ETag': '"0x8DAB132EDF844C1"'
    'Server': 'Windows-Azure-Blob/1.0 Microsoft-HTTPAPI/2.0'
    'x-ms-request-id': '8171d306-801e-001d-3b1b-e3b2bb000000'
    'x-ms-client-request-id': '09ad6fe6-4f0f-11ed-a25b-0242bebc0005'
    'x-ms-version': 'REDACTED'
    'x-ms-content-crc64': 'REDACTED'
    'x-ms-request-server-encrypted': 'REDACTED'
    'Date': 'Tue, 18 Oct 2022 18:02:31 GMT'
[2022-10-18 18:02:32,578] {python.py:173} INFO - Done. Returned value was: None
[2022-10-18 18:02:32,591] {taskinstance.py:1395} INFO - Marking task as SUCCESS. dag_id=clinical_trials__lung_cancer__etl__20220109, task_id=load_data_to_blob_storage_task, map_index=30, execution_date=20221018T160000, start_date=20221018T180221, end_date=20221018T180232
[2022-10-18 18:02:32,641] {local_task_job.py:156} INFO - Task exited with return code 0
[2022-10-18 18:02:32,673] {local_task_job.py:273} INFO - 0 downstream tasks scheduled from follow-on schedule check
