[2022-10-18 18:08:21,244] {taskinstance.py:1159} INFO - Dependencies all met for <TaskInstance: clinical_trials__lung_cancer__etl__20220109.load_data_to_mongodb_task scheduled__2022-10-18T16:00:00+00:00 map_index=51 [queued]>
[2022-10-18 18:08:21,255] {taskinstance.py:1159} INFO - Dependencies all met for <TaskInstance: clinical_trials__lung_cancer__etl__20220109.load_data_to_mongodb_task scheduled__2022-10-18T16:00:00+00:00 map_index=51 [queued]>
[2022-10-18 18:08:21,256] {taskinstance.py:1356} INFO - 
--------------------------------------------------------------------------------
[2022-10-18 18:08:21,257] {taskinstance.py:1357} INFO - Starting attempt 1 of 1
[2022-10-18 18:08:21,258] {taskinstance.py:1358} INFO - 
--------------------------------------------------------------------------------
[2022-10-18 18:08:21,265] {taskinstance.py:1377} INFO - Executing <Mapped(_PythonDecoratedOperator): load_data_to_mongodb_task> on 2022-10-18 16:00:00+00:00
[2022-10-18 18:08:21,270] {standard_task_runner.py:52} INFO - Started process 3312 to run task
[2022-10-18 18:08:21,273] {standard_task_runner.py:79} INFO - Running: ['airflow', 'tasks', 'run', 'clinical_trials__lung_cancer__etl__20220109', 'load_data_to_mongodb_task', 'scheduled__2022-10-18T16:00:00+00:00', '--job-id', '438', '--raw', '--subdir', 'DAGS_FOLDER/process_news_dags.py', '--cfg-path', '/tmp/tmpxvlmufx_', '--map-index', '51', '--error-file', '/tmp/tmpoxay54k9']
[2022-10-18 18:08:21,274] {standard_task_runner.py:80} INFO - Job 438: Subtask load_data_to_mongodb_task
[2022-10-18 18:08:21,287] {logging_mixin.py:115} WARNING - /root/.cache/pypoetry/virtualenvs/***-tXitOD5F-py3.8/lib/python3.8/site-packages/airflow/configuration.py:525 DeprecationWarning: The sql_alchemy_conn option in [core] has been moved to the sql_alchemy_conn option in [database] - the old setting has been used, but please update your config.
[2022-10-18 18:08:21,318] {task_command.py:370} INFO - Running <TaskInstance: clinical_trials__lung_cancer__etl__20220109.load_data_to_mongodb_task scheduled__2022-10-18T16:00:00+00:00 map_index=51 [running]> on host 6cdf6d517dc4
[2022-10-18 18:08:21,363] {taskinstance.py:1569} INFO - Exporting the following env vars:
AIRFLOW_CTX_DAG_EMAIL=wais@datakimia.com,david@datakimia.com,juanm@datakimia.com,tomas@datakimia.com
AIRFLOW_CTX_DAG_OWNER=atacana
AIRFLOW_CTX_DAG_ID=clinical_trials__lung_cancer__etl__20220109
AIRFLOW_CTX_TASK_ID=load_data_to_mongodb_task
AIRFLOW_CTX_EXECUTION_DATE=2022-10-18T16:00:00+00:00
AIRFLOW_CTX_TRY_NUMBER=1
AIRFLOW_CTX_DAG_RUN_ID=scheduled__2022-10-18T16:00:00+00:00
[2022-10-18 18:08:21,365] {process_news_dag_factory.py:128} INFO - Going to load data from clinical_trials about topic RG-7446
[2022-10-18 18:08:21,384] {db_helpers.py:35} INFO - Connected successfully!!!
[2022-10-18 18:08:21,388] {_universal.py:476} INFO - Request URL: 'https://atacananews.blob.core.windows.net/atacana-blob-container?restype=REDACTED&comp=REDACTED&prefix=REDACTED&delimiter=REDACTED'
Request method: 'GET'
Request headers:
    'x-ms-version': 'REDACTED'
    'Accept': 'application/xml'
    'User-Agent': 'azsdk-python-storage-blob/12.13.1 Python/3.8.15 (Linux-5.10.124-linuxkit-aarch64-with-glibc2.17)'
    'x-ms-date': 'REDACTED'
    'x-ms-client-request-id': 'd9b3972e-4f0f-11ed-a1b3-0242bebc0005'
    'Authorization': 'REDACTED'
No body was attached to the request
[2022-10-18 18:08:22,331] {_universal.py:504} INFO - Response status: 200
Response headers:
    'Transfer-Encoding': 'chunked'
    'Content-Type': 'application/xml'
    'Server': 'Windows-Azure-Blob/1.0 Microsoft-HTTPAPI/2.0'
    'x-ms-request-id': '8b7afb63-701e-0044-4a1c-e33538000000'
    'x-ms-client-request-id': 'd9b3972e-4f0f-11ed-a1b3-0242bebc0005'
    'x-ms-version': 'REDACTED'
    'Date': 'Tue, 18 Oct 2022 18:08:21 GMT'
[2022-10-18 18:08:22,339] {_universal.py:476} INFO - Request URL: 'https://atacananews.blob.core.windows.net/atacana-blob-container/lung-cancer/clinical-trials/20221018/rg-7446/lung-cancer_clinical-trials_20221018_rg-7446_NCT05468359.json'
Request method: 'GET'
Request headers:
    'x-ms-range': 'REDACTED'
    'x-ms-version': 'REDACTED'
    'Accept': 'application/xml'
    'User-Agent': 'azsdk-python-storage-blob/12.13.1 Python/3.8.15 (Linux-5.10.124-linuxkit-aarch64-with-glibc2.17)'
    'x-ms-date': 'REDACTED'
    'x-ms-client-request-id': 'da44bcfe-4f0f-11ed-a1b3-0242bebc0005'
    'Authorization': 'REDACTED'
No body was attached to the request
[2022-10-18 18:08:22,522] {_universal.py:504} INFO - Response status: 206
Response headers:
    'Content-Length': '730'
    'Content-Type': 'application/octet-stream'
    'Content-Range': 'REDACTED'
    'Last-Modified': 'Tue, 18 Oct 2022 18:03:43 GMT'
    'Accept-Ranges': 'REDACTED'
    'ETag': '"0x8DAB13318397A49"'
    'Server': 'Windows-Azure-Blob/1.0 Microsoft-HTTPAPI/2.0'
    'x-ms-request-id': '8b7afce7-701e-0044-401c-e33538000000'
    'x-ms-client-request-id': 'da44bcfe-4f0f-11ed-a1b3-0242bebc0005'
    'x-ms-version': 'REDACTED'
    'x-ms-creation-time': 'REDACTED'
    'x-ms-blob-content-md5': 'REDACTED'
    'x-ms-lease-status': 'REDACTED'
    'x-ms-lease-state': 'REDACTED'
    'x-ms-blob-type': 'REDACTED'
    'x-ms-server-encrypted': 'REDACTED'
    'Date': 'Tue, 18 Oct 2022 18:08:22 GMT'
[2022-10-18 18:08:22,538] {logging_mixin.py:115} INFO - <class 'pandas.core.frame.DataFrame'>
RangeIndex: 1 entries, 0 to 0
Data columns (total 13 columns):
 #   Column            Non-Null Count  Dtype 
---  ------            --------------  ----- 
 0   title             1 non-null      object
 1   link              1 non-null      object
 2   id                1 non-null      object
 3   published_at      1 non-null      object
 4   conditions        1 non-null      object
 5   intervention      1 non-null      object
 6   publisher         1 non-null      object
 7   status            1 non-null      object
 8   source            1 non-null      object
 9   keyword           1 non-null      object
 10  indication        1 non-null      object
 11  therapeutic_area  1 non-null      object
 12  updated_at        1 non-null      object
dtypes: object(13)
memory usage: 232.0+ bytes
[2022-10-18 18:08:22,540] {process_news_dag_factory.py:159} INFO - None
[2022-10-18 18:08:22,545] {process_news_dag_factory.py:167} INFO - {'id': 'NCT05468359', 'source': 'clinical_trials', 'therapeutic_area': 'Oncology', 'indication': 'Lung Cancer', 'keyword': 'RG-7446', 'title': 'Safety and Efficacy of Cyclophosphamide, Sorafenib, Bevacizumab, and Atezolizumab in Pediatric Solid Tumor Patients', 'link': 'https://clinicaltrials.gov/ct2/show/NCT05468359?cond=RG-7446&sfpd_d=100', 'publisher': "St. Jude Children's Research Hospital", 'published_at': '2022-07-21T12:00:00.000Z', 'updated_at': '2022-10-18T18:01:10.244Z', 'atacana_team': None, 'category': None, 'priority': None, 'content': None}
[2022-10-18 18:08:24,162] {_universal.py:476} INFO - Request URL: 'https://atacananews.blob.core.windows.net/atacana-blob-container/lung-cancer/clinical-trials/20221018/rg-7446/lung-cancer_clinical-trials_20221018_rg-7446_NCT05468489.json'
Request method: 'GET'
Request headers:
    'x-ms-range': 'REDACTED'
    'x-ms-version': 'REDACTED'
    'Accept': 'application/xml'
    'User-Agent': 'azsdk-python-storage-blob/12.13.1 Python/3.8.15 (Linux-5.10.124-linuxkit-aarch64-with-glibc2.17)'
    'x-ms-date': 'REDACTED'
    'x-ms-client-request-id': 'db5acdb8-4f0f-11ed-a1b3-0242bebc0005'
    'Authorization': 'REDACTED'
No body was attached to the request
[2022-10-18 18:08:24,351] {_universal.py:504} INFO - Response status: 206
Response headers:
    'Content-Length': '655'
    'Content-Type': 'application/octet-stream'
    'Content-Range': 'REDACTED'
    'Last-Modified': 'Tue, 18 Oct 2022 18:03:43 GMT'
    'Accept-Ranges': 'REDACTED'
    'ETag': '"0x8DAB1331873E2B4"'
    'Server': 'Windows-Azure-Blob/1.0 Microsoft-HTTPAPI/2.0'
    'x-ms-request-id': '8b7b042c-701e-0044-201c-e33538000000'
    'x-ms-client-request-id': 'db5acdb8-4f0f-11ed-a1b3-0242bebc0005'
    'x-ms-version': 'REDACTED'
    'x-ms-creation-time': 'REDACTED'
    'x-ms-blob-content-md5': 'REDACTED'
    'x-ms-lease-status': 'REDACTED'
    'x-ms-lease-state': 'REDACTED'
    'x-ms-blob-type': 'REDACTED'
    'x-ms-server-encrypted': 'REDACTED'
    'Date': 'Tue, 18 Oct 2022 18:08:23 GMT'
[2022-10-18 18:08:24,370] {logging_mixin.py:115} INFO - <class 'pandas.core.frame.DataFrame'>
RangeIndex: 1 entries, 0 to 0
Data columns (total 13 columns):
 #   Column            Non-Null Count  Dtype 
---  ------            --------------  ----- 
 0   title             1 non-null      object
 1   link              1 non-null      object
 2   id                1 non-null      object
 3   published_at      1 non-null      object
 4   conditions        1 non-null      object
 5   intervention      1 non-null      object
 6   publisher         1 non-null      object
 7   status            1 non-null      object
 8   source            1 non-null      object
 9   keyword           1 non-null      object
 10  indication        1 non-null      object
 11  therapeutic_area  1 non-null      object
 12  updated_at        1 non-null      object
dtypes: object(13)
memory usage: 232.0+ bytes
[2022-10-18 18:08:24,372] {process_news_dag_factory.py:159} INFO - None
[2022-10-18 18:08:24,375] {process_news_dag_factory.py:167} INFO - {'id': 'NCT05468489', 'source': 'clinical_trials', 'therapeutic_area': 'Oncology', 'indication': 'Lung Cancer', 'keyword': 'RG-7446', 'title': 'To Evaluate Efficacy and Safety of HLX10 + Chemotherapy (Carboplatin- Etoposide) in US Patients With ES-SCLC', 'link': 'https://clinicaltrials.gov/ct2/show/NCT05468489?cond=RG-7446&sfpd_d=100', 'publisher': 'Shanghai Henlius Biotech', 'published_at': '2022-07-21T12:00:00.000Z', 'updated_at': '2022-10-18T18:01:10.244Z', 'atacana_team': None, 'category': None, 'priority': None, 'content': None}
[2022-10-18 18:08:24,842] {_universal.py:476} INFO - Request URL: 'https://atacananews.blob.core.windows.net/atacana-blob-container/lung-cancer/clinical-trials/20221018/rg-7446/lung-cancer_clinical-trials_20221018_rg-7446_NCT05470595.json'
Request method: 'GET'
Request headers:
    'x-ms-range': 'REDACTED'
    'x-ms-version': 'REDACTED'
    'Accept': 'application/xml'
    'User-Agent': 'azsdk-python-storage-blob/12.13.1 Python/3.8.15 (Linux-5.10.124-linuxkit-aarch64-with-glibc2.17)'
    'x-ms-date': 'REDACTED'
    'x-ms-client-request-id': 'dbc28e26-4f0f-11ed-a1b3-0242bebc0005'
    'Authorization': 'REDACTED'
No body was attached to the request
[2022-10-18 18:08:25,041] {_universal.py:504} INFO - Response status: 206
Response headers:
    'Content-Length': '623'
    'Content-Type': 'application/octet-stream'
    'Content-Range': 'REDACTED'
    'Last-Modified': 'Tue, 18 Oct 2022 18:03:41 GMT'
    'Accept-Ranges': 'REDACTED'
    'ETag': '"0x8DAB13317572A83"'
    'Server': 'Windows-Azure-Blob/1.0 Microsoft-HTTPAPI/2.0'
    'x-ms-request-id': '8b7b065f-701e-0044-2a1c-e33538000000'
    'x-ms-client-request-id': 'dbc28e26-4f0f-11ed-a1b3-0242bebc0005'
    'x-ms-version': 'REDACTED'
    'x-ms-creation-time': 'REDACTED'
    'x-ms-blob-content-md5': 'REDACTED'
    'x-ms-lease-status': 'REDACTED'
    'x-ms-lease-state': 'REDACTED'
    'x-ms-blob-type': 'REDACTED'
    'x-ms-server-encrypted': 'REDACTED'
    'Date': 'Tue, 18 Oct 2022 18:08:24 GMT'
[2022-10-18 18:08:25,048] {logging_mixin.py:115} INFO - <class 'pandas.core.frame.DataFrame'>
RangeIndex: 1 entries, 0 to 0
Data columns (total 13 columns):
 #   Column            Non-Null Count  Dtype 
---  ------            --------------  ----- 
 0   title             1 non-null      object
 1   link              1 non-null      object
 2   id                1 non-null      object
 3   published_at      1 non-null      object
 4   conditions        1 non-null      object
 5   intervention      1 non-null      object
 6   publisher         1 non-null      object
 7   status            1 non-null      object
 8   source            1 non-null      object
 9   keyword           1 non-null      object
 10  indication        1 non-null      object
 11  therapeutic_area  1 non-null      object
 12  updated_at        1 non-null      object
dtypes: object(13)
memory usage: 232.0+ bytes
[2022-10-18 18:08:25,050] {process_news_dag_factory.py:159} INFO - None
[2022-10-18 18:08:25,054] {process_news_dag_factory.py:167} INFO - {'id': 'NCT05470595', 'source': 'clinical_trials', 'therapeutic_area': 'Oncology', 'indication': 'Lung Cancer', 'keyword': 'RG-7446', 'title': 'A Single-arm Trial of Atezolizumab/Platinum/Etoposide for the Treatment of Advanced Large-cell Neuroendocrine Cancer of the Lung', 'link': 'https://clinicaltrials.gov/ct2/show/NCT05470595?cond=RG-7446&sfpd_d=100', 'publisher': 'Technische Universität Dresden;   Roche Pharma AG', 'published_at': '2022-07-22T12:00:00.000Z', 'updated_at': '2022-10-18T18:01:10.244Z', 'atacana_team': None, 'category': None, 'priority': None, 'content': None}
[2022-10-18 18:08:25,393] {_universal.py:476} INFO - Request URL: 'https://atacananews.blob.core.windows.net/atacana-blob-container/lung-cancer/clinical-trials/20221018/rg-7446/lung-cancer_clinical-trials_20221018_rg-7446_NCT05483400.json'
Request method: 'GET'
Request headers:
    'x-ms-range': 'REDACTED'
    'x-ms-version': 'REDACTED'
    'Accept': 'application/xml'
    'User-Agent': 'azsdk-python-storage-blob/12.13.1 Python/3.8.15 (Linux-5.10.124-linuxkit-aarch64-with-glibc2.17)'
    'x-ms-date': 'REDACTED'
    'x-ms-client-request-id': 'dc169638-4f0f-11ed-a1b3-0242bebc0005'
    'Authorization': 'REDACTED'
No body was attached to the request
[2022-10-18 18:08:25,595] {_universal.py:504} INFO - Response status: 206
Response headers:
    'Content-Length': '583'
    'Content-Type': 'application/octet-stream'
    'Content-Range': 'REDACTED'
    'Last-Modified': 'Tue, 18 Oct 2022 18:03:40 GMT'
    'Accept-Ranges': 'REDACTED'
    'ETag': '"0x8DAB133169A5E9F"'
    'Server': 'Windows-Azure-Blob/1.0 Microsoft-HTTPAPI/2.0'
    'x-ms-request-id': '8b7b0828-701e-0044-511c-e33538000000'
    'x-ms-client-request-id': 'dc169638-4f0f-11ed-a1b3-0242bebc0005'
    'x-ms-version': 'REDACTED'
    'x-ms-creation-time': 'REDACTED'
    'x-ms-blob-content-md5': 'REDACTED'
    'x-ms-lease-status': 'REDACTED'
    'x-ms-lease-state': 'REDACTED'
    'x-ms-blob-type': 'REDACTED'
    'x-ms-server-encrypted': 'REDACTED'
    'Date': 'Tue, 18 Oct 2022 18:08:25 GMT'
[2022-10-18 18:08:25,612] {logging_mixin.py:115} INFO - <class 'pandas.core.frame.DataFrame'>
RangeIndex: 1 entries, 0 to 0
Data columns (total 13 columns):
 #   Column            Non-Null Count  Dtype 
---  ------            --------------  ----- 
 0   title             1 non-null      object
 1   link              1 non-null      object
 2   id                1 non-null      object
 3   published_at      1 non-null      object
 4   conditions        1 non-null      object
 5   intervention      1 non-null      object
 6   publisher         1 non-null      object
 7   status            1 non-null      object
 8   source            1 non-null      object
 9   keyword           1 non-null      object
 10  indication        1 non-null      object
 11  therapeutic_area  1 non-null      object
 12  updated_at        1 non-null      object
dtypes: object(13)
memory usage: 232.0+ bytes
[2022-10-18 18:08:25,614] {process_news_dag_factory.py:159} INFO - None
[2022-10-18 18:08:25,618] {process_news_dag_factory.py:167} INFO - {'id': 'NCT05483400', 'source': 'clinical_trials', 'therapeutic_area': 'Oncology', 'indication': 'Lung Cancer', 'keyword': 'RG-7446', 'title': 'Open Label Phase 2 Basket Trial With Atezolizumab and Tiragolumab in Solid Tumors', 'link': 'https://clinicaltrials.gov/ct2/show/NCT05483400?cond=RG-7446&sfpd_d=100', 'publisher': 'University Medical Center Groningen', 'published_at': '2022-08-02T12:00:00.000Z', 'updated_at': '2022-10-18T18:01:10.244Z', 'atacana_team': None, 'category': None, 'priority': None, 'content': None}
[2022-10-18 18:08:26,338] {_universal.py:476} INFO - Request URL: 'https://atacananews.blob.core.windows.net/atacana-blob-container/lung-cancer/clinical-trials/20221018/rg-7446/lung-cancer_clinical-trials_20221018_rg-7446_NCT05487235.json'
Request method: 'GET'
Request headers:
    'x-ms-range': 'REDACTED'
    'x-ms-version': 'REDACTED'
    'Accept': 'application/xml'
    'User-Agent': 'azsdk-python-storage-blob/12.13.1 Python/3.8.15 (Linux-5.10.124-linuxkit-aarch64-with-glibc2.17)'
    'x-ms-date': 'REDACTED'
    'x-ms-client-request-id': 'dca6dedc-4f0f-11ed-a1b3-0242bebc0005'
    'Authorization': 'REDACTED'
No body was attached to the request
[2022-10-18 18:08:26,531] {_universal.py:504} INFO - Response status: 206
Response headers:
    'Content-Length': '665'
    'Content-Type': 'application/octet-stream'
    'Content-Range': 'REDACTED'
    'Last-Modified': 'Tue, 18 Oct 2022 18:03:42 GMT'
    'Accept-Ranges': 'REDACTED'
    'ETag': '"0x8DAB13317D87CB2"'
    'Server': 'Windows-Azure-Blob/1.0 Microsoft-HTTPAPI/2.0'
    'x-ms-request-id': '8b7b0bcb-701e-0044-3f1c-e33538000000'
    'x-ms-client-request-id': 'dca6dedc-4f0f-11ed-a1b3-0242bebc0005'
    'x-ms-version': 'REDACTED'
    'x-ms-creation-time': 'REDACTED'
    'x-ms-blob-content-md5': 'REDACTED'
    'x-ms-lease-status': 'REDACTED'
    'x-ms-lease-state': 'REDACTED'
    'x-ms-blob-type': 'REDACTED'
    'x-ms-server-encrypted': 'REDACTED'
    'Date': 'Tue, 18 Oct 2022 18:08:26 GMT'
[2022-10-18 18:08:26,535] {logging_mixin.py:115} INFO - <class 'pandas.core.frame.DataFrame'>
RangeIndex: 1 entries, 0 to 0
Data columns (total 13 columns):
 #   Column            Non-Null Count  Dtype 
---  ------            --------------  ----- 
 0   title             1 non-null      object
 1   link              1 non-null      object
 2   id                1 non-null      object
 3   published_at      1 non-null      object
 4   conditions        1 non-null      object
 5   intervention      1 non-null      object
 6   publisher         1 non-null      object
 7   status            1 non-null      object
 8   source            1 non-null      object
 9   keyword           1 non-null      object
 10  indication        1 non-null      object
 11  therapeutic_area  1 non-null      object
 12  updated_at        1 non-null      object
dtypes: object(13)
memory usage: 232.0+ bytes
[2022-10-18 18:08:26,536] {process_news_dag_factory.py:159} INFO - None
[2022-10-18 18:08:26,538] {process_news_dag_factory.py:167} INFO - {'id': 'NCT05487235', 'source': 'clinical_trials', 'therapeutic_area': 'Oncology', 'indication': 'Lung Cancer', 'keyword': 'RG-7446', 'title': 'A Study to Evaluate the Safety, Pharmacokinetics, and Activity of GDC-1971 in Combination With Atezolizumab in Participants With Locally Advanced or Metastatic Solid Tumors', 'link': 'https://clinicaltrials.gov/ct2/show/NCT05487235?cond=RG-7446&sfpd_d=100', 'publisher': 'Genentech, Inc.', 'published_at': '2022-08-04T12:00:00.000Z', 'updated_at': '2022-10-18T18:01:10.244Z', 'atacana_team': None, 'category': None, 'priority': None, 'content': None}
[2022-10-18 18:08:27,187] {_universal.py:476} INFO - Request URL: 'https://atacananews.blob.core.windows.net/atacana-blob-container/lung-cancer/clinical-trials/20221018/rg-7446/lung-cancer_clinical-trials_20221018_rg-7446_NCT05488522.json'
Request method: 'GET'
Request headers:
    'x-ms-range': 'REDACTED'
    'x-ms-version': 'REDACTED'
    'Accept': 'application/xml'
    'User-Agent': 'azsdk-python-storage-blob/12.13.1 Python/3.8.15 (Linux-5.10.124-linuxkit-aarch64-with-glibc2.17)'
    'x-ms-date': 'REDACTED'
    'x-ms-client-request-id': 'dd286b46-4f0f-11ed-a1b3-0242bebc0005'
    'Authorization': 'REDACTED'
No body was attached to the request
[2022-10-18 18:08:27,391] {_universal.py:504} INFO - Response status: 206
Response headers:
    'Content-Length': '529'
    'Content-Type': 'application/octet-stream'
    'Content-Range': 'REDACTED'
    'Last-Modified': 'Tue, 18 Oct 2022 18:03:43 GMT'
    'Accept-Ranges': 'REDACTED'
    'ETag': '"0x8DAB133185625D9"'
    'Server': 'Windows-Azure-Blob/1.0 Microsoft-HTTPAPI/2.0'
    'x-ms-request-id': '8b7b0f60-701e-0044-091c-e33538000000'
    'x-ms-client-request-id': 'dd286b46-4f0f-11ed-a1b3-0242bebc0005'
    'x-ms-version': 'REDACTED'
    'x-ms-creation-time': 'REDACTED'
    'x-ms-blob-content-md5': 'REDACTED'
    'x-ms-lease-status': 'REDACTED'
    'x-ms-lease-state': 'REDACTED'
    'x-ms-blob-type': 'REDACTED'
    'x-ms-server-encrypted': 'REDACTED'
    'Date': 'Tue, 18 Oct 2022 18:08:26 GMT'
[2022-10-18 18:08:27,400] {logging_mixin.py:115} INFO - <class 'pandas.core.frame.DataFrame'>
RangeIndex: 1 entries, 0 to 0
Data columns (total 13 columns):
 #   Column            Non-Null Count  Dtype 
---  ------            --------------  ----- 
 0   title             1 non-null      object
 1   link              1 non-null      object
 2   id                1 non-null      object
 3   published_at      1 non-null      object
 4   conditions        1 non-null      object
 5   intervention      1 non-null      object
 6   publisher         1 non-null      object
 7   status            1 non-null      object
 8   source            1 non-null      object
 9   keyword           1 non-null      object
 10  indication        1 non-null      object
 11  therapeutic_area  1 non-null      object
 12  updated_at        1 non-null      object
dtypes: object(13)
memory usage: 232.0+ bytes
[2022-10-18 18:08:27,402] {process_news_dag_factory.py:159} INFO - None
[2022-10-18 18:08:27,404] {process_news_dag_factory.py:167} INFO - {'id': 'NCT05488522', 'source': 'clinical_trials', 'therapeutic_area': 'Oncology', 'indication': 'Lung Cancer', 'keyword': 'RG-7446', 'title': 'SBRT With Atezo/Bev for HCC', 'link': 'https://clinicaltrials.gov/ct2/show/NCT05488522?cond=RG-7446&sfpd_d=100', 'publisher': 'Abramson Cancer Center of the University of Pennsylvania', 'published_at': '2022-08-04T12:00:00.000Z', 'updated_at': '2022-10-18T18:01:10.244Z', 'atacana_team': None, 'category': None, 'priority': None, 'content': None}
[2022-10-18 18:08:27,984] {_universal.py:476} INFO - Request URL: 'https://atacananews.blob.core.windows.net/atacana-blob-container/lung-cancer/clinical-trials/20221018/rg-7446/lung-cancer_clinical-trials_20221018_rg-7446_NCT05492123.json'
Request method: 'GET'
Request headers:
    'x-ms-range': 'REDACTED'
    'x-ms-version': 'REDACTED'
    'Accept': 'application/xml'
    'User-Agent': 'azsdk-python-storage-blob/12.13.1 Python/3.8.15 (Linux-5.10.124-linuxkit-aarch64-with-glibc2.17)'
    'x-ms-date': 'REDACTED'
    'x-ms-client-request-id': 'dda2097e-4f0f-11ed-a1b3-0242bebc0005'
    'Authorization': 'REDACTED'
No body was attached to the request
[2022-10-18 18:08:28,179] {_universal.py:504} INFO - Response status: 206
Response headers:
    'Content-Length': '640'
    'Content-Type': 'application/octet-stream'
    'Content-Range': 'REDACTED'
    'Last-Modified': 'Tue, 18 Oct 2022 18:03:44 GMT'
    'Accept-Ranges': 'REDACTED'
    'ETag': '"0x8DAB13318AD60E6"'
    'Server': 'Windows-Azure-Blob/1.0 Microsoft-HTTPAPI/2.0'
    'x-ms-request-id': '8b7b12e3-701e-0044-651c-e33538000000'
    'x-ms-client-request-id': 'dda2097e-4f0f-11ed-a1b3-0242bebc0005'
    'x-ms-version': 'REDACTED'
    'x-ms-creation-time': 'REDACTED'
    'x-ms-blob-content-md5': 'REDACTED'
    'x-ms-lease-status': 'REDACTED'
    'x-ms-lease-state': 'REDACTED'
    'x-ms-blob-type': 'REDACTED'
    'x-ms-server-encrypted': 'REDACTED'
    'Date': 'Tue, 18 Oct 2022 18:08:27 GMT'
[2022-10-18 18:08:28,196] {logging_mixin.py:115} INFO - <class 'pandas.core.frame.DataFrame'>
RangeIndex: 1 entries, 0 to 0
Data columns (total 13 columns):
 #   Column            Non-Null Count  Dtype 
---  ------            --------------  ----- 
 0   title             1 non-null      object
 1   link              1 non-null      object
 2   id                1 non-null      object
 3   published_at      1 non-null      object
 4   conditions        1 non-null      object
 5   intervention      1 non-null      object
 6   publisher         1 non-null      object
 7   status            1 non-null      object
 8   source            1 non-null      object
 9   keyword           1 non-null      object
 10  indication        1 non-null      object
 11  therapeutic_area  1 non-null      object
 12  updated_at        1 non-null      object
dtypes: object(13)
memory usage: 232.0+ bytes
[2022-10-18 18:08:28,199] {process_news_dag_factory.py:159} INFO - None
[2022-10-18 18:08:28,203] {process_news_dag_factory.py:167} INFO - {'id': 'NCT05492123', 'source': 'clinical_trials', 'therapeutic_area': 'Oncology', 'indication': 'Lung Cancer', 'keyword': 'RG-7446', 'title': 'Nivolumab-ipilimumab and Chemoradiation for Cervical Cancer', 'link': 'https://clinicaltrials.gov/ct2/show/NCT05492123?cond=RG-7446&sfpd_d=100', 'publisher': 'Hospital Israelita Albert Einstein;   Bristol-Myers Squibb;   Brava', 'published_at': '2022-08-08T12:00:00.000Z', 'updated_at': '2022-10-18T18:01:10.244Z', 'atacana_team': None, 'category': None, 'priority': None, 'content': None}
[2022-10-18 18:08:28,576] {_universal.py:476} INFO - Request URL: 'https://atacananews.blob.core.windows.net/atacana-blob-container/lung-cancer/clinical-trials/20221018/rg-7446/lung-cancer_clinical-trials_20221018_rg-7446_NCT05498896.json'
Request method: 'GET'
Request headers:
    'x-ms-range': 'REDACTED'
    'x-ms-version': 'REDACTED'
    'Accept': 'application/xml'
    'User-Agent': 'azsdk-python-storage-blob/12.13.1 Python/3.8.15 (Linux-5.10.124-linuxkit-aarch64-with-glibc2.17)'
    'x-ms-date': 'REDACTED'
    'x-ms-client-request-id': 'ddfc50e6-4f0f-11ed-a1b3-0242bebc0005'
    'Authorization': 'REDACTED'
No body was attached to the request
[2022-10-18 18:08:28,809] {_universal.py:504} INFO - Response status: 206
Response headers:
    'Content-Length': '721'
    'Content-Type': 'application/octet-stream'
    'Content-Range': 'REDACTED'
    'Last-Modified': 'Tue, 18 Oct 2022 18:03:41 GMT'
    'Accept-Ranges': 'REDACTED'
    'ETag': '"0x8DAB13316D8E526"'
    'Server': 'Windows-Azure-Blob/1.0 Microsoft-HTTPAPI/2.0'
    'x-ms-request-id': '8b7b1609-701e-0044-441c-e33538000000'
    'x-ms-client-request-id': 'ddfc50e6-4f0f-11ed-a1b3-0242bebc0005'
    'x-ms-version': 'REDACTED'
    'x-ms-creation-time': 'REDACTED'
    'x-ms-blob-content-md5': 'REDACTED'
    'x-ms-lease-status': 'REDACTED'
    'x-ms-lease-state': 'REDACTED'
    'x-ms-blob-type': 'REDACTED'
    'x-ms-server-encrypted': 'REDACTED'
    'Date': 'Tue, 18 Oct 2022 18:08:28 GMT'
[2022-10-18 18:08:28,829] {logging_mixin.py:115} INFO - <class 'pandas.core.frame.DataFrame'>
RangeIndex: 1 entries, 0 to 0
Data columns (total 13 columns):
 #   Column            Non-Null Count  Dtype 
---  ------            --------------  ----- 
 0   title             1 non-null      object
 1   link              1 non-null      object
 2   id                1 non-null      object
 3   published_at      1 non-null      object
 4   conditions        1 non-null      object
 5   intervention      1 non-null      object
 6   publisher         1 non-null      object
 7   status            1 non-null      object
 8   source            1 non-null      object
 9   keyword           1 non-null      object
 10  indication        1 non-null      object
 11  therapeutic_area  1 non-null      object
 12  updated_at        1 non-null      object
dtypes: object(13)
memory usage: 232.0+ bytes
[2022-10-18 18:08:28,836] {process_news_dag_factory.py:159} INFO - None
[2022-10-18 18:08:28,840] {process_news_dag_factory.py:167} INFO - {'id': 'NCT05498896', 'source': 'clinical_trials', 'therapeutic_area': 'Oncology', 'indication': 'Lung Cancer', 'keyword': 'RG-7446', 'title': 'Investigate the Contribution of Ipatasertib to Neoadjuvant Chemotherapy Plus Atezolizumab in TNBC', 'link': 'https://clinicaltrials.gov/ct2/show/NCT05498896?cond=RG-7446&sfpd_d=100', 'publisher': 'Queen Mary University of London;   Westdeutsche Studiengruppe GmbH (WSG);   MedSIR;   Hoffmann-La Roche', 'published_at': '2022-08-12T12:00:00.000Z', 'updated_at': '2022-10-18T18:01:10.244Z', 'atacana_team': None, 'category': None, 'priority': None, 'content': None}
[2022-10-18 18:08:29,440] {_universal.py:476} INFO - Request URL: 'https://atacananews.blob.core.windows.net/atacana-blob-container/lung-cancer/clinical-trials/20221018/rg-7446/lung-cancer_clinical-trials_20221018_rg-7446_NCT05510427.json'
Request method: 'GET'
Request headers:
    'x-ms-range': 'REDACTED'
    'x-ms-version': 'REDACTED'
    'Accept': 'application/xml'
    'User-Agent': 'azsdk-python-storage-blob/12.13.1 Python/3.8.15 (Linux-5.10.124-linuxkit-aarch64-with-glibc2.17)'
    'x-ms-date': 'REDACTED'
    'x-ms-client-request-id': 'de7f3eac-4f0f-11ed-a1b3-0242bebc0005'
    'Authorization': 'REDACTED'
No body was attached to the request
[2022-10-18 18:08:29,664] {_universal.py:504} INFO - Response status: 206
Response headers:
    'Content-Length': '699'
    'Content-Type': 'application/octet-stream'
    'Content-Range': 'REDACTED'
    'Last-Modified': 'Tue, 18 Oct 2022 18:03:42 GMT'
    'Accept-Ranges': 'REDACTED'
    'ETag': '"0x8DAB13317BA98C5"'
    'Server': 'Windows-Azure-Blob/1.0 Microsoft-HTTPAPI/2.0'
    'x-ms-request-id': '8b7b18c8-701e-0044-5e1c-e33538000000'
    'x-ms-client-request-id': 'de7f3eac-4f0f-11ed-a1b3-0242bebc0005'
    'x-ms-version': 'REDACTED'
    'x-ms-creation-time': 'REDACTED'
    'x-ms-blob-content-md5': 'REDACTED'
    'x-ms-lease-status': 'REDACTED'
    'x-ms-lease-state': 'REDACTED'
    'x-ms-blob-type': 'REDACTED'
    'x-ms-server-encrypted': 'REDACTED'
    'Date': 'Tue, 18 Oct 2022 18:08:29 GMT'
[2022-10-18 18:08:29,682] {logging_mixin.py:115} INFO - <class 'pandas.core.frame.DataFrame'>
RangeIndex: 1 entries, 0 to 0
Data columns (total 13 columns):
 #   Column            Non-Null Count  Dtype 
---  ------            --------------  ----- 
 0   title             1 non-null      object
 1   link              1 non-null      object
 2   id                1 non-null      object
 3   published_at      1 non-null      object
 4   conditions        1 non-null      object
 5   intervention      1 non-null      object
 6   publisher         1 non-null      object
 7   status            1 non-null      object
 8   source            1 non-null      object
 9   keyword           1 non-null      object
 10  indication        1 non-null      object
 11  therapeutic_area  1 non-null      object
 12  updated_at        1 non-null      object
dtypes: object(13)
memory usage: 232.0+ bytes
[2022-10-18 18:08:29,686] {process_news_dag_factory.py:159} INFO - None
[2022-10-18 18:08:29,693] {process_news_dag_factory.py:167} INFO - {'id': 'NCT05510427', 'source': 'clinical_trials', 'therapeutic_area': 'Oncology', 'indication': 'Lung Cancer', 'keyword': 'RG-7446', 'title': 'Phase Ib Trial of Infigratinib In Combination With Atezolizumab And Bevacizumab for The Second-Line Treatment of Advanced Cholangiocarcinoma With FGFR2 Fusion/Amplification', 'link': 'https://clinicaltrials.gov/ct2/show/NCT05510427?cond=RG-7446&sfpd_d=100', 'publisher': 'M.D. Anderson Cancer Center;   Helsinn Healthcare', 'published_at': '2022-08-22T12:00:00.000Z', 'updated_at': '2022-10-18T18:01:10.244Z', 'atacana_team': None, 'category': None, 'priority': None, 'content': None}
[2022-10-18 18:08:29,993] {_universal.py:476} INFO - Request URL: 'https://atacananews.blob.core.windows.net/atacana-blob-container/lung-cancer/clinical-trials/20221018/rg-7446/lung-cancer_clinical-trials_20221018_rg-7446_NCT05515627.json'
Request method: 'GET'
Request headers:
    'x-ms-range': 'REDACTED'
    'x-ms-version': 'REDACTED'
    'Accept': 'application/xml'
    'User-Agent': 'azsdk-python-storage-blob/12.13.1 Python/3.8.15 (Linux-5.10.124-linuxkit-aarch64-with-glibc2.17)'
    'x-ms-date': 'REDACTED'
    'x-ms-client-request-id': 'ded48b64-4f0f-11ed-a1b3-0242bebc0005'
    'Authorization': 'REDACTED'
No body was attached to the request
[2022-10-18 18:08:30,172] {_universal.py:504} INFO - Response status: 206
Response headers:
    'Content-Length': '521'
    'Content-Type': 'application/octet-stream'
    'Content-Range': 'REDACTED'
    'Last-Modified': 'Tue, 18 Oct 2022 18:03:41 GMT'
    'Accept-Ranges': 'REDACTED'
    'ETag': '"0x8DAB13316FAE727"'
    'Server': 'Windows-Azure-Blob/1.0 Microsoft-HTTPAPI/2.0'
    'x-ms-request-id': '8b7b1abe-701e-0044-341c-e33538000000'
    'x-ms-client-request-id': 'ded48b64-4f0f-11ed-a1b3-0242bebc0005'
    'x-ms-version': 'REDACTED'
    'x-ms-creation-time': 'REDACTED'
    'x-ms-blob-content-md5': 'REDACTED'
    'x-ms-lease-status': 'REDACTED'
    'x-ms-lease-state': 'REDACTED'
    'x-ms-blob-type': 'REDACTED'
    'x-ms-server-encrypted': 'REDACTED'
    'Date': 'Tue, 18 Oct 2022 18:08:29 GMT'
[2022-10-18 18:08:30,182] {logging_mixin.py:115} INFO - <class 'pandas.core.frame.DataFrame'>
RangeIndex: 1 entries, 0 to 0
Data columns (total 13 columns):
 #   Column            Non-Null Count  Dtype 
---  ------            --------------  ----- 
 0   title             1 non-null      object
 1   link              1 non-null      object
 2   id                1 non-null      object
 3   published_at      1 non-null      object
 4   conditions        1 non-null      object
 5   intervention      1 non-null      object
 6   publisher         1 non-null      object
 7   status            1 non-null      object
 8   source            1 non-null      object
 9   keyword           1 non-null      object
 10  indication        1 non-null      object
 11  therapeutic_area  1 non-null      object
 12  updated_at        1 non-null      object
dtypes: object(13)
memory usage: 232.0+ bytes
[2022-10-18 18:08:30,186] {process_news_dag_factory.py:159} INFO - None
[2022-10-18 18:08:30,190] {process_news_dag_factory.py:167} INFO - {'id': 'NCT05515627', 'source': 'clinical_trials', 'therapeutic_area': 'Oncology', 'indication': 'Lung Cancer', 'keyword': 'RG-7446', 'title': 'Atezolizumab for Idiopathic Pulmonary Fibrosis', 'link': 'https://clinicaltrials.gov/ct2/show/NCT05515627?cond=RG-7446&sfpd_d=100', 'publisher': 'Cedars-Sinai Medical Center;   Genentech, Inc.', 'published_at': '2022-08-25T12:00:00.000Z', 'updated_at': '2022-10-18T18:01:10.244Z', 'atacana_team': None, 'category': None, 'priority': None, 'content': None}
[2022-10-18 18:08:30,487] {_universal.py:476} INFO - Request URL: 'https://atacananews.blob.core.windows.net/atacana-blob-container/lung-cancer/clinical-trials/20221018/rg-7446/lung-cancer_clinical-trials_20221018_rg-7446_NCT05516628.json'
Request method: 'GET'
Request headers:
    'x-ms-range': 'REDACTED'
    'x-ms-version': 'REDACTED'
    'Accept': 'application/xml'
    'User-Agent': 'azsdk-python-storage-blob/12.13.1 Python/3.8.15 (Linux-5.10.124-linuxkit-aarch64-with-glibc2.17)'
    'x-ms-date': 'REDACTED'
    'x-ms-client-request-id': 'df1ff8ce-4f0f-11ed-a1b3-0242bebc0005'
    'Authorization': 'REDACTED'
No body was attached to the request
[2022-10-18 18:08:30,673] {_universal.py:504} INFO - Response status: 206
Response headers:
    'Content-Length': '1133'
    'Content-Type': 'application/octet-stream'
    'Content-Range': 'REDACTED'
    'Last-Modified': 'Tue, 18 Oct 2022 18:03:41 GMT'
    'Accept-Ranges': 'REDACTED'
    'ETag': '"0x8DAB133171D3736"'
    'Server': 'Windows-Azure-Blob/1.0 Microsoft-HTTPAPI/2.0'
    'x-ms-request-id': '8b7b1ca4-701e-0044-051c-e33538000000'
    'x-ms-client-request-id': 'df1ff8ce-4f0f-11ed-a1b3-0242bebc0005'
    'x-ms-version': 'REDACTED'
    'x-ms-creation-time': 'REDACTED'
    'x-ms-blob-content-md5': 'REDACTED'
    'x-ms-lease-status': 'REDACTED'
    'x-ms-lease-state': 'REDACTED'
    'x-ms-blob-type': 'REDACTED'
    'x-ms-server-encrypted': 'REDACTED'
    'Date': 'Tue, 18 Oct 2022 18:08:30 GMT'
[2022-10-18 18:08:30,694] {logging_mixin.py:115} INFO - <class 'pandas.core.frame.DataFrame'>
RangeIndex: 1 entries, 0 to 0
Data columns (total 13 columns):
 #   Column            Non-Null Count  Dtype 
---  ------            --------------  ----- 
 0   title             1 non-null      object
 1   link              1 non-null      object
 2   id                1 non-null      object
 3   published_at      1 non-null      object
 4   conditions        1 non-null      object
 5   intervention      1 non-null      object
 6   publisher         1 non-null      object
 7   status            1 non-null      object
 8   source            1 non-null      object
 9   keyword           1 non-null      object
 10  indication        1 non-null      object
 11  therapeutic_area  1 non-null      object
 12  updated_at        1 non-null      object
dtypes: object(13)
memory usage: 232.0+ bytes
[2022-10-18 18:08:30,696] {process_news_dag_factory.py:159} INFO - None
[2022-10-18 18:08:30,702] {process_news_dag_factory.py:167} INFO - {'id': 'NCT05516628', 'source': 'clinical_trials', 'therapeutic_area': 'Oncology', 'indication': 'Lung Cancer', 'keyword': 'RG-7446', 'title': 'Deep, Multi-omics Phenotyping to Predict Response, Resistance and Recurrence to Adjuvant Atezolizumab Plus Bevacizumab in Resected Hepatocellular Carcinoma', 'link': 'https://clinicaltrials.gov/ct2/show/NCT05516628?cond=RG-7446&sfpd_d=100', 'publisher': 'National Cancer Centre, Singapore;   Singapore General Hospital;   National University Hospital, Singapore;   Changi General Hospital;   Sengkang General Hospital;   Tan Tock Seng Hospital;   Singapore Clinical Research Institute;   Genome Institute of Singapore;   Institute of Molecular and Cell Biology of Singapore;   Cancer Science Institute of Singapore;   Duke-NUS Graduate Medical School;   Singapore Phenome Centre;   Nanyang Technological University;   NMRC OF-LCG (OFLCG21Jun-0016)', 'published_at': '2022-08-25T12:00:00.000Z', 'updated_at': '2022-10-18T18:01:10.244Z', 'atacana_team': None, 'category': None, 'priority': None, 'content': None}
[2022-10-18 18:08:31,032] {_universal.py:476} INFO - Request URL: 'https://atacananews.blob.core.windows.net/atacana-blob-container/lung-cancer/clinical-trials/20221018/rg-7446/lung-cancer_clinical-trials_20221018_rg-7446_NCT05528952.json'
Request method: 'GET'
Request headers:
    'x-ms-range': 'REDACTED'
    'x-ms-version': 'REDACTED'
    'Accept': 'application/xml'
    'User-Agent': 'azsdk-python-storage-blob/12.13.1 Python/3.8.15 (Linux-5.10.124-linuxkit-aarch64-with-glibc2.17)'
    'x-ms-date': 'REDACTED'
    'x-ms-client-request-id': 'df73286e-4f0f-11ed-a1b3-0242bebc0005'
    'Authorization': 'REDACTED'
No body was attached to the request
[2022-10-18 18:08:31,208] {_universal.py:504} INFO - Response status: 206
Response headers:
    'Content-Length': '723'
    'Content-Type': 'application/octet-stream'
    'Content-Range': 'REDACTED'
    'Last-Modified': 'Tue, 18 Oct 2022 18:03:42 GMT'
    'Accept-Ranges': 'REDACTED'
    'ETag': '"0x8DAB13317F798F2"'
    'Server': 'Windows-Azure-Blob/1.0 Microsoft-HTTPAPI/2.0'
    'x-ms-request-id': '8b7b1eb1-701e-0044-791c-e33538000000'
    'x-ms-client-request-id': 'df73286e-4f0f-11ed-a1b3-0242bebc0005'
    'x-ms-version': 'REDACTED'
    'x-ms-creation-time': 'REDACTED'
    'x-ms-blob-content-md5': 'REDACTED'
    'x-ms-lease-status': 'REDACTED'
    'x-ms-lease-state': 'REDACTED'
    'x-ms-blob-type': 'REDACTED'
    'x-ms-server-encrypted': 'REDACTED'
    'Date': 'Tue, 18 Oct 2022 18:08:30 GMT'
[2022-10-18 18:08:31,214] {logging_mixin.py:115} INFO - <class 'pandas.core.frame.DataFrame'>
RangeIndex: 1 entries, 0 to 0
Data columns (total 13 columns):
 #   Column            Non-Null Count  Dtype 
---  ------            --------------  ----- 
 0   title             1 non-null      object
 1   link              1 non-null      object
 2   id                1 non-null      object
 3   published_at      1 non-null      object
 4   conditions        1 non-null      object
 5   intervention      1 non-null      object
 6   publisher         1 non-null      object
 7   status            1 non-null      object
 8   source            1 non-null      object
 9   keyword           1 non-null      object
 10  indication        1 non-null      object
 11  therapeutic_area  1 non-null      object
 12  updated_at        1 non-null      object
dtypes: object(13)
memory usage: 232.0+ bytes
[2022-10-18 18:08:31,215] {process_news_dag_factory.py:159} INFO - None
[2022-10-18 18:08:31,217] {process_news_dag_factory.py:167} INFO - {'id': 'NCT05528952', 'source': 'clinical_trials', 'therapeutic_area': 'Oncology', 'indication': 'Lung Cancer', 'keyword': 'RG-7446', 'title': 'Evaluation of the Interest to Combine a CD4 Th1-inducer Cancer Vaccine Derived From Telomerase and Atezolizumab Plus Bevacizumab in Unresectable Hepatocellular Carcinoma', 'link': 'https://clinicaltrials.gov/ct2/show/NCT05528952?cond=RG-7446&sfpd_d=100', 'publisher': 'Centre Hospitalier Universitaire de Besancon;   GERCOR - Multidisciplinary Oncology Cooperative Group', 'published_at': '2022-09-06T12:00:00.000Z', 'updated_at': '2022-10-18T18:01:10.244Z', 'atacana_team': None, 'category': None, 'priority': None, 'content': None}
[2022-10-18 18:08:31,894] {_universal.py:476} INFO - Request URL: 'https://atacananews.blob.core.windows.net/atacana-blob-container/lung-cancer/clinical-trials/20221018/rg-7446/lung-cancer_clinical-trials_20221018_rg-7446_NCT05537402.json'
Request method: 'GET'
Request headers:
    'x-ms-range': 'REDACTED'
    'x-ms-version': 'REDACTED'
    'Accept': 'application/xml'
    'User-Agent': 'azsdk-python-storage-blob/12.13.1 Python/3.8.15 (Linux-5.10.124-linuxkit-aarch64-with-glibc2.17)'
    'x-ms-date': 'REDACTED'
    'x-ms-client-request-id': 'dff6a84c-4f0f-11ed-a1b3-0242bebc0005'
    'Authorization': 'REDACTED'
No body was attached to the request
[2022-10-18 18:08:32,083] {_universal.py:504} INFO - Response status: 206
Response headers:
    'Content-Length': '682'
    'Content-Type': 'application/octet-stream'
    'Content-Range': 'REDACTED'
    'Last-Modified': 'Tue, 18 Oct 2022 18:03:43 GMT'
    'Accept-Ranges': 'REDACTED'
    'ETag': '"0x8DAB1331890403D"'
    'Server': 'Windows-Azure-Blob/1.0 Microsoft-HTTPAPI/2.0'
    'x-ms-request-id': '8b7b22bf-701e-0044-561c-e33538000000'
    'x-ms-client-request-id': 'dff6a84c-4f0f-11ed-a1b3-0242bebc0005'
    'x-ms-version': 'REDACTED'
    'x-ms-creation-time': 'REDACTED'
    'x-ms-blob-content-md5': 'REDACTED'
    'x-ms-lease-status': 'REDACTED'
    'x-ms-lease-state': 'REDACTED'
    'x-ms-blob-type': 'REDACTED'
    'x-ms-server-encrypted': 'REDACTED'
    'Date': 'Tue, 18 Oct 2022 18:08:31 GMT'
[2022-10-18 18:08:32,093] {logging_mixin.py:115} INFO - <class 'pandas.core.frame.DataFrame'>
RangeIndex: 1 entries, 0 to 0
Data columns (total 13 columns):
 #   Column            Non-Null Count  Dtype 
---  ------            --------------  ----- 
 0   title             1 non-null      object
 1   link              1 non-null      object
 2   id                1 non-null      object
 3   published_at      1 non-null      object
 4   conditions        1 non-null      object
 5   intervention      1 non-null      object
 6   publisher         1 non-null      object
 7   status            1 non-null      object
 8   source            1 non-null      object
 9   keyword           1 non-null      object
 10  indication        1 non-null      object
 11  therapeutic_area  1 non-null      object
 12  updated_at        1 non-null      object
dtypes: object(13)
memory usage: 232.0+ bytes
[2022-10-18 18:08:32,095] {process_news_dag_factory.py:159} INFO - None
[2022-10-18 18:08:32,098] {process_news_dag_factory.py:167} INFO - {'id': 'NCT05537402', 'source': 'clinical_trials', 'therapeutic_area': 'Oncology', 'indication': 'Lung Cancer', 'keyword': 'RG-7446', 'title': 'LOcoregional vs Systemic Therapy in Patients With BCLC Stage B HCC (LOST- B) Trial', 'link': 'https://clinicaltrials.gov/ct2/show/NCT05537402?cond=RG-7446&sfpd_d=100', 'publisher': 'University of Texas Southwestern Medical Center;   Genentech, Inc.', 'published_at': '2022-09-13T12:00:00.000Z', 'updated_at': '2022-10-18T18:01:10.244Z', 'atacana_team': None, 'category': None, 'priority': None, 'content': None}
[2022-10-18 18:08:32,419] {_universal.py:476} INFO - Request URL: 'https://atacananews.blob.core.windows.net/atacana-blob-container/lung-cancer/clinical-trials/20221018/rg-7446/lung-cancer_clinical-trials_20221018_rg-7446_NCT05538091.json'
Request method: 'GET'
Request headers:
    'x-ms-range': 'REDACTED'
    'x-ms-version': 'REDACTED'
    'Accept': 'application/xml'
    'User-Agent': 'azsdk-python-storage-blob/12.13.1 Python/3.8.15 (Linux-5.10.124-linuxkit-aarch64-with-glibc2.17)'
    'x-ms-date': 'REDACTED'
    'x-ms-client-request-id': 'e046a554-4f0f-11ed-a1b3-0242bebc0005'
    'Authorization': 'REDACTED'
No body was attached to the request
[2022-10-18 18:08:32,633] {_universal.py:504} INFO - Response status: 206
Response headers:
    'Content-Length': '705'
    'Content-Type': 'application/octet-stream'
    'Content-Range': 'REDACTED'
    'Last-Modified': 'Tue, 18 Oct 2022 18:03:41 GMT'
    'Accept-Ranges': 'REDACTED'
    'ETag': '"0x8DAB133173A57E1"'
    'Server': 'Windows-Azure-Blob/1.0 Microsoft-HTTPAPI/2.0'
    'x-ms-request-id': '8b7b24d6-701e-0044-431c-e33538000000'
    'x-ms-client-request-id': 'e046a554-4f0f-11ed-a1b3-0242bebc0005'
    'x-ms-version': 'REDACTED'
    'x-ms-creation-time': 'REDACTED'
    'x-ms-blob-content-md5': 'REDACTED'
    'x-ms-lease-status': 'REDACTED'
    'x-ms-lease-state': 'REDACTED'
    'x-ms-blob-type': 'REDACTED'
    'x-ms-server-encrypted': 'REDACTED'
    'Date': 'Tue, 18 Oct 2022 18:08:32 GMT'
[2022-10-18 18:08:32,643] {logging_mixin.py:115} INFO - <class 'pandas.core.frame.DataFrame'>
RangeIndex: 1 entries, 0 to 0
Data columns (total 13 columns):
 #   Column            Non-Null Count  Dtype 
---  ------            --------------  ----- 
 0   title             1 non-null      object
 1   link              1 non-null      object
 2   id                1 non-null      object
 3   published_at      1 non-null      object
 4   conditions        1 non-null      object
 5   intervention      1 non-null      object
 6   publisher         1 non-null      object
 7   status            1 non-null      object
 8   source            1 non-null      object
 9   keyword           1 non-null      object
 10  indication        1 non-null      object
 11  therapeutic_area  1 non-null      object
 12  updated_at        1 non-null      object
dtypes: object(13)
memory usage: 232.0+ bytes
[2022-10-18 18:08:32,644] {process_news_dag_factory.py:159} INFO - None
[2022-10-18 18:08:32,648] {process_news_dag_factory.py:167} INFO - {'id': 'NCT05538091', 'source': 'clinical_trials', 'therapeutic_area': 'Oncology', 'indication': 'Lung Cancer', 'keyword': 'RG-7446', 'title': 'Vismodegib Combined With Atezolizumab in Platinum Resistant Ovarian, Fallopian Tube, and Primary Peritoneal Cancer', 'link': 'https://clinicaltrials.gov/ct2/show/NCT05538091?cond=RG-7446&sfpd_d=100', 'publisher': 'Ronald Buckanovich;   Genentech, Inc.', 'published_at': '2022-09-13T12:00:00.000Z', 'updated_at': '2022-10-18T18:01:10.244Z', 'atacana_team': None, 'category': None, 'priority': None, 'content': None}
[2022-10-18 18:08:33,206] {_universal.py:476} INFO - Request URL: 'https://atacananews.blob.core.windows.net/atacana-blob-container/lung-cancer/clinical-trials/20221018/rg-7446/lung-cancer_clinical-trials_20221018_rg-7446_NCT05542407.json'
Request method: 'GET'
Request headers:
    'x-ms-range': 'REDACTED'
    'x-ms-version': 'REDACTED'
    'Accept': 'application/xml'
    'User-Agent': 'azsdk-python-storage-blob/12.13.1 Python/3.8.15 (Linux-5.10.124-linuxkit-aarch64-with-glibc2.17)'
    'x-ms-date': 'REDACTED'
    'x-ms-client-request-id': 'e0beb62a-4f0f-11ed-a1b3-0242bebc0005'
    'Authorization': 'REDACTED'
No body was attached to the request
[2022-10-18 18:08:33,395] {_universal.py:504} INFO - Response status: 206
Response headers:
    'Content-Length': '590'
    'Content-Type': 'application/octet-stream'
    'Content-Range': 'REDACTED'
    'Last-Modified': 'Tue, 18 Oct 2022 18:03:40 GMT'
    'Accept-Ranges': 'REDACTED'
    'ETag': '"0x8DAB13316BA8C1A"'
    'Server': 'Windows-Azure-Blob/1.0 Microsoft-HTTPAPI/2.0'
    'x-ms-request-id': '8b7b2803-701e-0044-491c-e33538000000'
    'x-ms-client-request-id': 'e0beb62a-4f0f-11ed-a1b3-0242bebc0005'
    'x-ms-version': 'REDACTED'
    'x-ms-creation-time': 'REDACTED'
    'x-ms-blob-content-md5': 'REDACTED'
    'x-ms-lease-status': 'REDACTED'
    'x-ms-lease-state': 'REDACTED'
    'x-ms-blob-type': 'REDACTED'
    'x-ms-server-encrypted': 'REDACTED'
    'Date': 'Tue, 18 Oct 2022 18:08:32 GMT'
[2022-10-18 18:08:33,406] {logging_mixin.py:115} INFO - <class 'pandas.core.frame.DataFrame'>
RangeIndex: 1 entries, 0 to 0
Data columns (total 13 columns):
 #   Column            Non-Null Count  Dtype 
---  ------            --------------  ----- 
 0   title             1 non-null      object
 1   link              1 non-null      object
 2   id                1 non-null      object
 3   published_at      1 non-null      object
 4   conditions        1 non-null      object
 5   intervention      1 non-null      object
 6   publisher         1 non-null      object
 7   status            1 non-null      object
 8   source            1 non-null      object
 9   keyword           1 non-null      object
 10  indication        1 non-null      object
 11  therapeutic_area  1 non-null      object
 12  updated_at        1 non-null      object
dtypes: object(13)
memory usage: 232.0+ bytes
[2022-10-18 18:08:33,410] {process_news_dag_factory.py:159} INFO - None
[2022-10-18 18:08:33,412] {process_news_dag_factory.py:167} INFO - {'id': 'NCT05542407', 'source': 'clinical_trials', 'therapeutic_area': 'Oncology', 'indication': 'Lung Cancer', 'keyword': 'RG-7446', 'title': 'ONC201 and Atezolizumab in Obesity-Driven Endometrial Cancer', 'link': 'https://clinicaltrials.gov/ct2/show/NCT05542407?cond=RG-7446&sfpd_d=100', 'publisher': 'UNC Lineberger Comprehensive Cancer Center;   Genentech, Inc.;   Oncoceutics, Inc.', 'published_at': '2022-09-15T12:00:00.000Z', 'updated_at': '2022-10-18T18:01:10.244Z', 'atacana_team': None, 'category': None, 'priority': None, 'content': None}
[2022-10-18 18:08:33,856] {_universal.py:476} INFO - Request URL: 'https://atacananews.blob.core.windows.net/atacana-blob-container/lung-cancer/clinical-trials/20221018/rg-7446/lung-cancer_clinical-trials_20221018_rg-7446_NCT05546879.json'
Request method: 'GET'
Request headers:
    'x-ms-range': 'REDACTED'
    'x-ms-version': 'REDACTED'
    'Accept': 'application/xml'
    'User-Agent': 'azsdk-python-storage-blob/12.13.1 Python/3.8.15 (Linux-5.10.124-linuxkit-aarch64-with-glibc2.17)'
    'x-ms-date': 'REDACTED'
    'x-ms-client-request-id': 'e121f73a-4f0f-11ed-a1b3-0242bebc0005'
    'Authorization': 'REDACTED'
No body was attached to the request
[2022-10-18 18:08:34,052] {_universal.py:504} INFO - Response status: 206
Response headers:
    'Content-Length': '647'
    'Content-Type': 'application/octet-stream'
    'Content-Range': 'REDACTED'
    'Last-Modified': 'Tue, 18 Oct 2022 18:03:42 GMT'
    'Accept-Ranges': 'REDACTED'
    'ETag': '"0x8DAB133177730F6"'
    'Server': 'Windows-Azure-Blob/1.0 Microsoft-HTTPAPI/2.0'
    'x-ms-request-id': '8b7b2aef-701e-0044-151c-e33538000000'
    'x-ms-client-request-id': 'e121f73a-4f0f-11ed-a1b3-0242bebc0005'
    'x-ms-version': 'REDACTED'
    'x-ms-creation-time': 'REDACTED'
    'x-ms-blob-content-md5': 'REDACTED'
    'x-ms-lease-status': 'REDACTED'
    'x-ms-lease-state': 'REDACTED'
    'x-ms-blob-type': 'REDACTED'
    'x-ms-server-encrypted': 'REDACTED'
    'Date': 'Tue, 18 Oct 2022 18:08:33 GMT'
[2022-10-18 18:08:34,064] {logging_mixin.py:115} INFO - <class 'pandas.core.frame.DataFrame'>
RangeIndex: 1 entries, 0 to 0
Data columns (total 13 columns):
 #   Column            Non-Null Count  Dtype 
---  ------            --------------  ----- 
 0   title             1 non-null      object
 1   link              1 non-null      object
 2   id                1 non-null      object
 3   published_at      1 non-null      object
 4   conditions        1 non-null      object
 5   intervention      1 non-null      object
 6   publisher         1 non-null      object
 7   status            1 non-null      object
 8   source            1 non-null      object
 9   keyword           1 non-null      object
 10  indication        1 non-null      object
 11  therapeutic_area  1 non-null      object
 12  updated_at        1 non-null      object
dtypes: object(13)
memory usage: 232.0+ bytes
[2022-10-18 18:08:34,066] {process_news_dag_factory.py:159} INFO - None
[2022-10-18 18:08:34,070] {process_news_dag_factory.py:167} INFO - {'id': 'NCT05546879', 'source': 'clinical_trials', 'therapeutic_area': 'Oncology', 'indication': 'Lung Cancer', 'keyword': 'RG-7446', 'title': 'Study Investigating the Association of NP137 With Atezolizumab-Bevacizumab Combination in First Line in Unresectable Hepatocellular Carcinoma', 'link': 'https://clinicaltrials.gov/ct2/show/NCT05546879?cond=RG-7446&sfpd_d=100', 'publisher': 'University Hospital, Grenoble;   NETRIS Pharma', 'published_at': '2022-09-21T12:00:00.000Z', 'updated_at': '2022-10-18T18:01:10.244Z', 'atacana_team': None, 'category': None, 'priority': None, 'content': None}
[2022-10-18 18:08:34,650] {_universal.py:476} INFO - Request URL: 'https://atacananews.blob.core.windows.net/atacana-blob-container/lung-cancer/clinical-trials/20221018/rg-7446/lung-cancer_clinical-trials_20221018_rg-7446_NCT05549297.json'
Request method: 'GET'
Request headers:
    'x-ms-range': 'REDACTED'
    'x-ms-version': 'REDACTED'
    'Accept': 'application/xml'
    'User-Agent': 'azsdk-python-storage-blob/12.13.1 Python/3.8.15 (Linux-5.10.124-linuxkit-aarch64-with-glibc2.17)'
    'x-ms-date': 'REDACTED'
    'x-ms-client-request-id': 'e19b23b2-4f0f-11ed-a1b3-0242bebc0005'
    'Authorization': 'REDACTED'
No body was attached to the request
[2022-10-18 18:08:34,847] {_universal.py:504} INFO - Response status: 206
Response headers:
    'Content-Length': '598'
    'Content-Type': 'application/octet-stream'
    'Content-Range': 'REDACTED'
    'Last-Modified': 'Tue, 18 Oct 2022 18:03:44 GMT'
    'Accept-Ranges': 'REDACTED'
    'ETag': '"0x8DAB13318CA8196"'
    'Server': 'Windows-Azure-Blob/1.0 Microsoft-HTTPAPI/2.0'
    'x-ms-request-id': '8b7b2e6f-701e-0044-5a1c-e33538000000'
    'x-ms-client-request-id': 'e19b23b2-4f0f-11ed-a1b3-0242bebc0005'
    'x-ms-version': 'REDACTED'
    'x-ms-creation-time': 'REDACTED'
    'x-ms-blob-content-md5': 'REDACTED'
    'x-ms-lease-status': 'REDACTED'
    'x-ms-lease-state': 'REDACTED'
    'x-ms-blob-type': 'REDACTED'
    'x-ms-server-encrypted': 'REDACTED'
    'Date': 'Tue, 18 Oct 2022 18:08:34 GMT'
[2022-10-18 18:08:34,858] {logging_mixin.py:115} INFO - <class 'pandas.core.frame.DataFrame'>
RangeIndex: 1 entries, 0 to 0
Data columns (total 13 columns):
 #   Column            Non-Null Count  Dtype 
---  ------            --------------  ----- 
 0   title             1 non-null      object
 1   link              1 non-null      object
 2   id                1 non-null      object
 3   published_at      1 non-null      object
 4   conditions        1 non-null      object
 5   intervention      1 non-null      object
 6   publisher         1 non-null      object
 7   status            1 non-null      object
 8   source            1 non-null      object
 9   keyword           1 non-null      object
 10  indication        1 non-null      object
 11  therapeutic_area  1 non-null      object
 12  updated_at        1 non-null      object
dtypes: object(13)
memory usage: 232.0+ bytes
[2022-10-18 18:08:34,860] {process_news_dag_factory.py:159} INFO - None
[2022-10-18 18:08:34,864] {process_news_dag_factory.py:167} INFO - {'id': 'NCT05549297', 'source': 'clinical_trials', 'therapeutic_area': 'Oncology', 'indication': 'Lung Cancer', 'keyword': 'RG-7446', 'title': "Tebentafusp Regimen Versus Investigator's Choice in Previously Treated Advanced Melanoma (TEBE-AM)", 'link': 'https://clinicaltrials.gov/ct2/show/NCT05549297?cond=RG-7446&sfpd_d=100', 'publisher': 'Immunocore Ltd', 'published_at': '2022-09-22T12:00:00.000Z', 'updated_at': '2022-10-18T18:01:10.244Z', 'atacana_team': None, 'category': None, 'priority': None, 'content': None}
[2022-10-18 18:08:35,663] {_universal.py:476} INFO - Request URL: 'https://atacananews.blob.core.windows.net/atacana-blob-container/lung-cancer/clinical-trials/20221018/rg-7446/lung-cancer_clinical-trials_20221018_rg-7446_NCT05564416.json'
Request method: 'GET'
Request headers:
    'x-ms-range': 'REDACTED'
    'x-ms-version': 'REDACTED'
    'Accept': 'application/xml'
    'User-Agent': 'azsdk-python-storage-blob/12.13.1 Python/3.8.15 (Linux-5.10.124-linuxkit-aarch64-with-glibc2.17)'
    'x-ms-date': 'REDACTED'
    'x-ms-client-request-id': 'e235c336-4f0f-11ed-a1b3-0242bebc0005'
    'Authorization': 'REDACTED'
No body was attached to the request
[2022-10-18 18:08:35,863] {_universal.py:504} INFO - Response status: 206
Response headers:
    'Content-Length': '1022'
    'Content-Type': 'application/octet-stream'
    'Content-Range': 'REDACTED'
    'Last-Modified': 'Tue, 18 Oct 2022 18:03:42 GMT'
    'Accept-Ranges': 'REDACTED'
    'ETag': '"0x8DAB133179D29FE"'
    'Server': 'Windows-Azure-Blob/1.0 Microsoft-HTTPAPI/2.0'
    'x-ms-request-id': '8b7b32a1-701e-0044-4d1c-e33538000000'
    'x-ms-client-request-id': 'e235c336-4f0f-11ed-a1b3-0242bebc0005'
    'x-ms-version': 'REDACTED'
    'x-ms-creation-time': 'REDACTED'
    'x-ms-blob-content-md5': 'REDACTED'
    'x-ms-lease-status': 'REDACTED'
    'x-ms-lease-state': 'REDACTED'
    'x-ms-blob-type': 'REDACTED'
    'x-ms-server-encrypted': 'REDACTED'
    'Date': 'Tue, 18 Oct 2022 18:08:35 GMT'
[2022-10-18 18:08:35,886] {logging_mixin.py:115} INFO - <class 'pandas.core.frame.DataFrame'>
RangeIndex: 1 entries, 0 to 0
Data columns (total 13 columns):
 #   Column            Non-Null Count  Dtype 
---  ------            --------------  ----- 
 0   title             1 non-null      object
 1   link              1 non-null      object
 2   id                1 non-null      object
 3   published_at      1 non-null      object
 4   conditions        1 non-null      object
 5   intervention      1 non-null      object
 6   publisher         1 non-null      object
 7   status            1 non-null      object
 8   source            1 non-null      object
 9   keyword           1 non-null      object
 10  indication        1 non-null      object
 11  therapeutic_area  1 non-null      object
 12  updated_at        1 non-null      object
dtypes: object(13)
memory usage: 232.0+ bytes
[2022-10-18 18:08:35,891] {process_news_dag_factory.py:159} INFO - None
[2022-10-18 18:08:35,896] {process_news_dag_factory.py:167} INFO - {'id': 'NCT05564416', 'source': 'clinical_trials', 'therapeutic_area': 'Oncology', 'indication': 'Lung Cancer', 'keyword': 'RG-7446', 'title': 'Testing Anti-Cancer Drugs Erdafitinib With or Without Atezolizumab in Patients With Localized Bladder Cancer Not Able to Receive Cisplatin Chemotherapy, NERA Trial', 'link': 'https://clinicaltrials.gov/ct2/show/NCT05564416?cond=RG-7446&sfpd_d=100', 'publisher': 'National Cancer Institute (NCI)', 'published_at': '2022-10-03T12:00:00.000Z', 'updated_at': '2022-10-18T18:01:10.244Z', 'atacana_team': None, 'category': None, 'priority': None, 'content': None}
[2022-10-18 18:08:36,281] {_universal.py:476} INFO - Request URL: 'https://atacananews.blob.core.windows.net/atacana-blob-container/lung-cancer/clinical-trials/20221018/rg-7446/lung-cancer_clinical-trials_20221018_rg-7446_NCT05581004.json'
Request method: 'GET'
Request headers:
    'x-ms-range': 'REDACTED'
    'x-ms-version': 'REDACTED'
    'Accept': 'application/xml'
    'User-Agent': 'azsdk-python-storage-blob/12.13.1 Python/3.8.15 (Linux-5.10.124-linuxkit-aarch64-with-glibc2.17)'
    'x-ms-date': 'REDACTED'
    'x-ms-client-request-id': 'e29427d2-4f0f-11ed-a1b3-0242bebc0005'
    'Authorization': 'REDACTED'
No body was attached to the request
[2022-10-18 18:08:36,490] {_universal.py:504} INFO - Response status: 206
Response headers:
    'Content-Length': '809'
    'Content-Type': 'application/octet-stream'
    'Content-Range': 'REDACTED'
    'Last-Modified': 'Tue, 18 Oct 2022 18:03:43 GMT'
    'Accept-Ranges': 'REDACTED'
    'ETag': '"0x8DAB133181C0B84"'
    'Server': 'Windows-Azure-Blob/1.0 Microsoft-HTTPAPI/2.0'
    'x-ms-request-id': '8b7b34f0-701e-0044-791c-e33538000000'
    'x-ms-client-request-id': 'e29427d2-4f0f-11ed-a1b3-0242bebc0005'
    'x-ms-version': 'REDACTED'
    'x-ms-creation-time': 'REDACTED'
    'x-ms-blob-content-md5': 'REDACTED'
    'x-ms-lease-status': 'REDACTED'
    'x-ms-lease-state': 'REDACTED'
    'x-ms-blob-type': 'REDACTED'
    'x-ms-server-encrypted': 'REDACTED'
    'Date': 'Tue, 18 Oct 2022 18:08:36 GMT'
[2022-10-18 18:08:36,497] {logging_mixin.py:115} INFO - <class 'pandas.core.frame.DataFrame'>
RangeIndex: 1 entries, 0 to 0
Data columns (total 13 columns):
 #   Column            Non-Null Count  Dtype 
---  ------            --------------  ----- 
 0   title             1 non-null      object
 1   link              1 non-null      object
 2   id                1 non-null      object
 3   published_at      1 non-null      object
 4   conditions        1 non-null      object
 5   intervention      1 non-null      object
 6   publisher         1 non-null      object
 7   status            1 non-null      object
 8   source            1 non-null      object
 9   keyword           1 non-null      object
 10  indication        1 non-null      object
 11  therapeutic_area  1 non-null      object
 12  updated_at        1 non-null      object
dtypes: object(13)
memory usage: 232.0+ bytes
[2022-10-18 18:08:36,500] {process_news_dag_factory.py:159} INFO - None
[2022-10-18 18:08:36,502] {process_news_dag_factory.py:167} INFO - {'id': 'NCT05581004', 'source': 'clinical_trials', 'therapeutic_area': 'Oncology', 'indication': 'Lung Cancer', 'keyword': 'RG-7446', 'title': 'A Study to Evaluate the Safety, Pharmacokinetics, and Activity of RO7502175 as a Single Agent and in Combination With Atezolizumab in Participants With Locally Advanced or Metastatic Solid Tumors', 'link': 'https://clinicaltrials.gov/ct2/show/NCT05581004?cond=RG-7446&sfpd_d=100', 'publisher': 'Genentech, Inc.', 'published_at': '2022-10-14T12:00:00.000Z', 'updated_at': '2022-10-18T18:01:10.244Z', 'atacana_team': None, 'category': None, 'priority': None, 'content': None}
[2022-10-18 18:08:37,034] {python.py:173} INFO - Done. Returned value was: None
[2022-10-18 18:08:37,045] {taskinstance.py:1395} INFO - Marking task as SUCCESS. dag_id=clinical_trials__lung_cancer__etl__20220109, task_id=load_data_to_mongodb_task, map_index=51, execution_date=20221018T160000, start_date=20221018T180821, end_date=20221018T180837
[2022-10-18 18:08:37,075] {local_task_job.py:156} INFO - Task exited with return code 0
[2022-10-18 18:08:37,111] {local_task_job.py:273} INFO - 0 downstream tasks scheduled from follow-on schedule check
