[2022-10-18 20:06:36,514] {taskinstance.py:1159} INFO - Dependencies all met for <TaskInstance: clinical_trials__lung_cancer__etl__20220109.load_data_to_mongodb_task scheduled__2022-10-18T18:00:00+00:00 map_index=2 [queued]>
[2022-10-18 20:06:36,528] {taskinstance.py:1159} INFO - Dependencies all met for <TaskInstance: clinical_trials__lung_cancer__etl__20220109.load_data_to_mongodb_task scheduled__2022-10-18T18:00:00+00:00 map_index=2 [queued]>
[2022-10-18 20:06:36,530] {taskinstance.py:1356} INFO - 
--------------------------------------------------------------------------------
[2022-10-18 20:06:36,530] {taskinstance.py:1357} INFO - Starting attempt 1 of 1
[2022-10-18 20:06:36,531] {taskinstance.py:1358} INFO - 
--------------------------------------------------------------------------------
[2022-10-18 20:06:36,539] {taskinstance.py:1377} INFO - Executing <Mapped(_PythonDecoratedOperator): load_data_to_mongodb_task> on 2022-10-18 18:00:00+00:00
[2022-10-18 20:06:36,544] {standard_task_runner.py:52} INFO - Started process 5268 to run task
[2022-10-18 20:06:36,546] {standard_task_runner.py:79} INFO - Running: ['airflow', 'tasks', 'run', 'clinical_trials__lung_cancer__etl__20220109', 'load_data_to_mongodb_task', 'scheduled__2022-10-18T18:00:00+00:00', '--job-id', '665', '--raw', '--subdir', 'DAGS_FOLDER/process_news_dags.py', '--cfg-path', '/tmp/tmpins7opx3', '--map-index', '2', '--error-file', '/tmp/tmpgb6f_24a']
[2022-10-18 20:06:36,548] {standard_task_runner.py:80} INFO - Job 665: Subtask load_data_to_mongodb_task
[2022-10-18 20:06:36,560] {logging_mixin.py:115} WARNING - /root/.cache/pypoetry/virtualenvs/***-tXitOD5F-py3.8/lib/python3.8/site-packages/airflow/configuration.py:525 DeprecationWarning: The sql_alchemy_conn option in [core] has been moved to the sql_alchemy_conn option in [database] - the old setting has been used, but please update your config.
[2022-10-18 20:06:36,589] {task_command.py:370} INFO - Running <TaskInstance: clinical_trials__lung_cancer__etl__20220109.load_data_to_mongodb_task scheduled__2022-10-18T18:00:00+00:00 map_index=2 [running]> on host 6cdf6d517dc4
[2022-10-18 20:06:36,633] {taskinstance.py:1569} INFO - Exporting the following env vars:
AIRFLOW_CTX_DAG_EMAIL=wais@datakimia.com,david@datakimia.com,juanm@datakimia.com,tomas@datakimia.com
AIRFLOW_CTX_DAG_OWNER=atacana
AIRFLOW_CTX_DAG_ID=clinical_trials__lung_cancer__etl__20220109
AIRFLOW_CTX_TASK_ID=load_data_to_mongodb_task
AIRFLOW_CTX_EXECUTION_DATE=2022-10-18T18:00:00+00:00
AIRFLOW_CTX_TRY_NUMBER=1
AIRFLOW_CTX_DAG_RUN_ID=scheduled__2022-10-18T18:00:00+00:00
[2022-10-18 20:06:36,636] {process_news_dag_factory.py:128} INFO - Going to load data from clinical_trials about topic AZD 2281
[2022-10-18 20:06:36,665] {db_helpers.py:35} INFO - Connected successfully!!!
[2022-10-18 20:06:36,673] {_universal.py:476} INFO - Request URL: 'https://atacananews.blob.core.windows.net/atacana-blob-container?restype=REDACTED&comp=REDACTED&prefix=REDACTED&delimiter=REDACTED'
Request method: 'GET'
Request headers:
    'x-ms-version': 'REDACTED'
    'Accept': 'application/xml'
    'User-Agent': 'azsdk-python-storage-blob/12.13.1 Python/3.8.15 (Linux-5.10.124-linuxkit-aarch64-with-glibc2.17)'
    'x-ms-date': 'REDACTED'
    'x-ms-client-request-id': '5ed2294c-4f20-11ed-9929-0242bebc0005'
    'Authorization': 'REDACTED'
No body was attached to the request
[2022-10-18 20:06:37,609] {_universal.py:504} INFO - Response status: 200
Response headers:
    'Transfer-Encoding': 'chunked'
    'Content-Type': 'application/xml'
    'Server': 'Windows-Azure-Blob/1.0 Microsoft-HTTPAPI/2.0'
    'x-ms-request-id': '8befc60a-701e-0044-232d-e33538000000'
    'x-ms-client-request-id': '5ed2294c-4f20-11ed-9929-0242bebc0005'
    'x-ms-version': 'REDACTED'
    'Date': 'Tue, 18 Oct 2022 20:06:37 GMT'
[2022-10-18 20:06:37,614] {_universal.py:476} INFO - Request URL: 'https://atacananews.blob.core.windows.net/atacana-blob-container/lung-cancer/clinical-trials/20221018/azd-2281/lung-cancer_clinical-trials_20221018_azd-2281_NCT05457257.json'
Request method: 'GET'
Request headers:
    'x-ms-range': 'REDACTED'
    'x-ms-version': 'REDACTED'
    'Accept': 'application/xml'
    'User-Agent': 'azsdk-python-storage-blob/12.13.1 Python/3.8.15 (Linux-5.10.124-linuxkit-aarch64-with-glibc2.17)'
    'x-ms-date': 'REDACTED'
    'x-ms-client-request-id': '5f61c138-4f20-11ed-9929-0242bebc0005'
    'Authorization': 'REDACTED'
No body was attached to the request
[2022-10-18 20:06:37,795] {_universal.py:504} INFO - Response status: 206
Response headers:
    'Content-Length': '819'
    'Content-Type': 'application/octet-stream'
    'Content-Range': 'REDACTED'
    'Last-Modified': 'Tue, 18 Oct 2022 20:03:01 GMT'
    'Accept-Ranges': 'REDACTED'
    'ETag': '"0x8DAB143C2F64F55"'
    'Server': 'Windows-Azure-Blob/1.0 Microsoft-HTTPAPI/2.0'
    'x-ms-request-id': '8befc7b0-701e-0044-1c2d-e33538000000'
    'x-ms-client-request-id': '5f61c138-4f20-11ed-9929-0242bebc0005'
    'x-ms-version': 'REDACTED'
    'x-ms-creation-time': 'REDACTED'
    'x-ms-blob-content-md5': 'REDACTED'
    'x-ms-lease-status': 'REDACTED'
    'x-ms-lease-state': 'REDACTED'
    'x-ms-blob-type': 'REDACTED'
    'x-ms-server-encrypted': 'REDACTED'
    'Date': 'Tue, 18 Oct 2022 20:06:37 GMT'
[2022-10-18 20:06:37,804] {logging_mixin.py:115} INFO - <class 'pandas.core.frame.DataFrame'>
RangeIndex: 1 entries, 0 to 0
Data columns (total 13 columns):
 #   Column            Non-Null Count  Dtype 
---  ------            --------------  ----- 
 0   title             1 non-null      object
 1   link              1 non-null      object
 2   id                1 non-null      object
 3   published_at      1 non-null      object
 4   conditions        1 non-null      object
 5   intervention      1 non-null      object
 6   publisher         1 non-null      object
 7   status            1 non-null      object
 8   source            1 non-null      object
 9   keyword           1 non-null      object
 10  indication        1 non-null      object
 11  therapeutic_area  1 non-null      object
 12  updated_at        1 non-null      object
dtypes: object(13)
memory usage: 232.0+ bytes
[2022-10-18 20:06:37,805] {process_news_dag_factory.py:159} INFO - None
[2022-10-18 20:06:37,809] {process_news_dag_factory.py:167} INFO - {'id': 'NCT05457257', 'source': 'clinical_trials', 'therapeutic_area': 'Oncology', 'indication': 'Lung Cancer', 'keyword': 'AZD 2281', 'title': 'Clinical Study to Assess the Efficacy and Safety of Olaparib in Chinese Patients With Metastatic Castration-Resistant Prostate Cancer Who Have Failed Prior Treatment With a New Hormonal Agent and Have BRCA1/2 Mutations', 'link': 'https://clinicaltrials.gov/ct2/show/NCT05457257?cond=AZD+2281&sfpd_d=100', 'publisher': 'AstraZeneca;   Merck Sharp & Dohme LLC;   Foundation Medicine, Inc.;   Myriad Genetics, Inc.', 'published_at': '2022-07-13T12:00:00.000Z', 'updated_at': '2022-10-18T20:00:05.801Z', 'atacana_team': None, 'category': None, 'priority': None, 'content': None}
[2022-10-18 20:06:39,148] {_universal.py:476} INFO - Request URL: 'https://atacananews.blob.core.windows.net/atacana-blob-container/lung-cancer/clinical-trials/20221018/azd-2281/lung-cancer_clinical-trials_20221018_azd-2281_NCT05463848.json'
Request method: 'GET'
Request headers:
    'x-ms-range': 'REDACTED'
    'x-ms-version': 'REDACTED'
    'Accept': 'application/xml'
    'User-Agent': 'azsdk-python-storage-blob/12.13.1 Python/3.8.15 (Linux-5.10.124-linuxkit-aarch64-with-glibc2.17)'
    'x-ms-date': 'REDACTED'
    'x-ms-client-request-id': '604bc0f8-4f20-11ed-9929-0242bebc0005'
    'Authorization': 'REDACTED'
No body was attached to the request
[2022-10-18 20:06:39,349] {_universal.py:504} INFO - Response status: 206
Response headers:
    'Content-Length': '570'
    'Content-Type': 'application/octet-stream'
    'Content-Range': 'REDACTED'
    'Last-Modified': 'Tue, 18 Oct 2022 20:03:01 GMT'
    'Accept-Ranges': 'REDACTED'
    'ETag': '"0x8DAB143C2806D2E"'
    'Server': 'Windows-Azure-Blob/1.0 Microsoft-HTTPAPI/2.0'
    'x-ms-request-id': '8befce28-701e-0044-132d-e33538000000'
    'x-ms-client-request-id': '604bc0f8-4f20-11ed-9929-0242bebc0005'
    'x-ms-version': 'REDACTED'
    'x-ms-creation-time': 'REDACTED'
    'x-ms-blob-content-md5': 'REDACTED'
    'x-ms-lease-status': 'REDACTED'
    'x-ms-lease-state': 'REDACTED'
    'x-ms-blob-type': 'REDACTED'
    'x-ms-server-encrypted': 'REDACTED'
    'Date': 'Tue, 18 Oct 2022 20:06:39 GMT'
[2022-10-18 20:06:39,365] {logging_mixin.py:115} INFO - <class 'pandas.core.frame.DataFrame'>
RangeIndex: 1 entries, 0 to 0
Data columns (total 13 columns):
 #   Column            Non-Null Count  Dtype 
---  ------            --------------  ----- 
 0   title             1 non-null      object
 1   link              1 non-null      object
 2   id                1 non-null      object
 3   published_at      1 non-null      object
 4   conditions        1 non-null      object
 5   intervention      1 non-null      object
 6   publisher         1 non-null      object
 7   status            1 non-null      object
 8   source            1 non-null      object
 9   keyword           1 non-null      object
 10  indication        1 non-null      object
 11  therapeutic_area  1 non-null      object
 12  updated_at        1 non-null      object
dtypes: object(13)
memory usage: 232.0+ bytes
[2022-10-18 20:06:39,366] {process_news_dag_factory.py:159} INFO - None
[2022-10-18 20:06:39,371] {process_news_dag_factory.py:167} INFO - {'id': 'NCT05463848', 'source': 'clinical_trials', 'therapeutic_area': 'Oncology', 'indication': 'Lung Cancer', 'keyword': 'AZD 2281', 'title': 'Surgical Pembro +/- Olaparib w TMZ for rGBM', 'link': 'https://clinicaltrials.gov/ct2/show/NCT05463848?cond=AZD+2281&sfpd_d=100', 'publisher': 'Patrick Y. Wen, MD;   Merck Sharp & Dohme LLC', 'published_at': '2022-07-19T12:00:00.000Z', 'updated_at': '2022-10-18T20:00:05.801Z', 'atacana_team': None, 'category': None, 'priority': None, 'content': None}
[2022-10-18 20:06:39,600] {_universal.py:476} INFO - Request URL: 'https://atacananews.blob.core.windows.net/atacana-blob-container/lung-cancer/clinical-trials/20221018/azd-2281/lung-cancer_clinical-trials_20221018_azd-2281_NCT05482074.json'
Request method: 'GET'
Request headers:
    'x-ms-range': 'REDACTED'
    'x-ms-version': 'REDACTED'
    'Accept': 'application/xml'
    'User-Agent': 'azsdk-python-storage-blob/12.13.1 Python/3.8.15 (Linux-5.10.124-linuxkit-aarch64-with-glibc2.17)'
    'x-ms-date': 'REDACTED'
    'x-ms-client-request-id': '6090c20c-4f20-11ed-9929-0242bebc0005'
    'Authorization': 'REDACTED'
No body was attached to the request
[2022-10-18 20:06:40,214] {_universal.py:504} INFO - Response status: 206
Response headers:
    'Content-Length': '589'
    'Content-Type': 'application/octet-stream'
    'Content-Range': 'REDACTED'
    'Last-Modified': 'Tue, 18 Oct 2022 20:03:00 GMT'
    'Accept-Ranges': 'REDACTED'
    'ETag': '"0x8DAB143C2462BD7"'
    'Server': 'Windows-Azure-Blob/1.0 Microsoft-HTTPAPI/2.0'
    'x-ms-request-id': '8befd1d6-701e-0044-6c2d-e33538000000'
    'x-ms-client-request-id': '6090c20c-4f20-11ed-9929-0242bebc0005'
    'x-ms-version': 'REDACTED'
    'x-ms-creation-time': 'REDACTED'
    'x-ms-blob-content-md5': 'REDACTED'
    'x-ms-lease-status': 'REDACTED'
    'x-ms-lease-state': 'REDACTED'
    'x-ms-blob-type': 'REDACTED'
    'x-ms-server-encrypted': 'REDACTED'
    'Date': 'Tue, 18 Oct 2022 20:06:40 GMT'
[2022-10-18 20:06:40,228] {logging_mixin.py:115} INFO - <class 'pandas.core.frame.DataFrame'>
RangeIndex: 1 entries, 0 to 0
Data columns (total 13 columns):
 #   Column            Non-Null Count  Dtype 
---  ------            --------------  ----- 
 0   title             1 non-null      object
 1   link              1 non-null      object
 2   id                1 non-null      object
 3   published_at      1 non-null      object
 4   conditions        1 non-null      object
 5   intervention      1 non-null      object
 6   publisher         1 non-null      object
 7   status            1 non-null      object
 8   source            1 non-null      object
 9   keyword           1 non-null      object
 10  indication        1 non-null      object
 11  therapeutic_area  1 non-null      object
 12  updated_at        1 non-null      object
dtypes: object(13)
memory usage: 232.0+ bytes
[2022-10-18 20:06:40,231] {process_news_dag_factory.py:159} INFO - None
[2022-10-18 20:06:40,237] {process_news_dag_factory.py:167} INFO - {'id': 'NCT05482074', 'source': 'clinical_trials', 'therapeutic_area': 'Oncology', 'indication': 'Lung Cancer', 'keyword': 'AZD 2281', 'title': 'Olaparib in Unresectable/Metastatic Melanoma With BRCA1/2', 'link': 'https://clinicaltrials.gov/ct2/show/NCT05482074?cond=AZD+2281&sfpd_d=100', 'publisher': 'Dana-Farber Cancer Institute;   AstraZeneca', 'published_at': '2022-08-01T12:00:00.000Z', 'updated_at': '2022-10-18T20:00:05.801Z', 'atacana_team': None, 'category': None, 'priority': None, 'content': None}
[2022-10-18 20:06:40,464] {_universal.py:476} INFO - Request URL: 'https://atacananews.blob.core.windows.net/atacana-blob-container/lung-cancer/clinical-trials/20221018/azd-2281/lung-cancer_clinical-trials_20221018_azd-2281_NCT05485766.json'
Request method: 'GET'
Request headers:
    'x-ms-range': 'REDACTED'
    'x-ms-version': 'REDACTED'
    'Accept': 'application/xml'
    'User-Agent': 'azsdk-python-storage-blob/12.13.1 Python/3.8.15 (Linux-5.10.124-linuxkit-aarch64-with-glibc2.17)'
    'x-ms-date': 'REDACTED'
    'x-ms-client-request-id': '6114976c-4f20-11ed-9929-0242bebc0005'
    'Authorization': 'REDACTED'
No body was attached to the request
[2022-10-18 20:06:40,650] {_universal.py:504} INFO - Response status: 206
Response headers:
    'Content-Length': '831'
    'Content-Type': 'application/octet-stream'
    'Content-Range': 'REDACTED'
    'Last-Modified': 'Tue, 18 Oct 2022 20:03:02 GMT'
    'Accept-Ranges': 'REDACTED'
    'ETag': '"0x8DAB143C33090BA"'
    'Server': 'Windows-Azure-Blob/1.0 Microsoft-HTTPAPI/2.0'
    'x-ms-request-id': '8befd3c6-701e-0044-462d-e33538000000'
    'x-ms-client-request-id': '6114976c-4f20-11ed-9929-0242bebc0005'
    'x-ms-version': 'REDACTED'
    'x-ms-creation-time': 'REDACTED'
    'x-ms-blob-content-md5': 'REDACTED'
    'x-ms-lease-status': 'REDACTED'
    'x-ms-lease-state': 'REDACTED'
    'x-ms-blob-type': 'REDACTED'
    'x-ms-server-encrypted': 'REDACTED'
    'Date': 'Tue, 18 Oct 2022 20:06:40 GMT'
[2022-10-18 20:06:40,662] {logging_mixin.py:115} INFO - <class 'pandas.core.frame.DataFrame'>
RangeIndex: 1 entries, 0 to 0
Data columns (total 13 columns):
 #   Column            Non-Null Count  Dtype 
---  ------            --------------  ----- 
 0   title             1 non-null      object
 1   link              1 non-null      object
 2   id                1 non-null      object
 3   published_at      1 non-null      object
 4   conditions        1 non-null      object
 5   intervention      1 non-null      object
 6   publisher         1 non-null      object
 7   status            1 non-null      object
 8   source            1 non-null      object
 9   keyword           1 non-null      object
 10  indication        1 non-null      object
 11  therapeutic_area  1 non-null      object
 12  updated_at        1 non-null      object
dtypes: object(13)
memory usage: 232.0+ bytes
[2022-10-18 20:06:40,664] {process_news_dag_factory.py:159} INFO - None
[2022-10-18 20:06:40,670] {process_news_dag_factory.py:167} INFO - {'id': 'NCT05485766', 'source': 'clinical_trials', 'therapeutic_area': 'Oncology', 'indication': 'Lung Cancer', 'keyword': 'AZD 2281', 'title': 'Novel Neoadjuvant and Adjuvant Strategy for Germline BRCA 1/2 Mutated Triple Negative Breast Cancer', 'link': 'https://clinicaltrials.gov/ct2/show/NCT05485766?cond=AZD+2281&sfpd_d=100', 'publisher': 'Okayama University;   Merck Sharp & Dohme LLC', 'published_at': '2022-08-03T12:00:00.000Z', 'updated_at': '2022-10-18T20:00:05.801Z', 'atacana_team': None, 'category': None, 'priority': None, 'content': None}
[2022-10-18 20:06:40,893] {_universal.py:476} INFO - Request URL: 'https://atacananews.blob.core.windows.net/atacana-blob-container/lung-cancer/clinical-trials/20221018/azd-2281/lung-cancer_clinical-trials_20221018_azd-2281_NCT05498155.json'
Request method: 'GET'
Request headers:
    'x-ms-range': 'REDACTED'
    'x-ms-version': 'REDACTED'
    'Accept': 'application/xml'
    'User-Agent': 'azsdk-python-storage-blob/12.13.1 Python/3.8.15 (Linux-5.10.124-linuxkit-aarch64-with-glibc2.17)'
    'x-ms-date': 'REDACTED'
    'x-ms-client-request-id': '61560620-4f20-11ed-9929-0242bebc0005'
    'Authorization': 'REDACTED'
No body was attached to the request
[2022-10-18 20:06:41,112] {_universal.py:504} INFO - Response status: 206
Response headers:
    'Content-Length': '656'
    'Content-Type': 'application/octet-stream'
    'Content-Range': 'REDACTED'
    'Last-Modified': 'Tue, 18 Oct 2022 20:03:01 GMT'
    'Accept-Ranges': 'REDACTED'
    'ETag': '"0x8DAB143C2D955AF"'
    'Server': 'Windows-Azure-Blob/1.0 Microsoft-HTTPAPI/2.0'
    'x-ms-request-id': '8befd5e9-701e-0044-4c2d-e33538000000'
    'x-ms-client-request-id': '61560620-4f20-11ed-9929-0242bebc0005'
    'x-ms-version': 'REDACTED'
    'x-ms-creation-time': 'REDACTED'
    'x-ms-blob-content-md5': 'REDACTED'
    'x-ms-lease-status': 'REDACTED'
    'x-ms-lease-state': 'REDACTED'
    'x-ms-blob-type': 'REDACTED'
    'x-ms-server-encrypted': 'REDACTED'
    'Date': 'Tue, 18 Oct 2022 20:06:41 GMT'
[2022-10-18 20:06:41,116] {logging_mixin.py:115} INFO - <class 'pandas.core.frame.DataFrame'>
RangeIndex: 1 entries, 0 to 0
Data columns (total 13 columns):
 #   Column            Non-Null Count  Dtype 
---  ------            --------------  ----- 
 0   title             1 non-null      object
 1   link              1 non-null      object
 2   id                1 non-null      object
 3   published_at      1 non-null      object
 4   conditions        1 non-null      object
 5   intervention      1 non-null      object
 6   publisher         1 non-null      object
 7   status            1 non-null      object
 8   source            1 non-null      object
 9   keyword           1 non-null      object
 10  indication        1 non-null      object
 11  therapeutic_area  1 non-null      object
 12  updated_at        1 non-null      object
dtypes: object(13)
memory usage: 232.0+ bytes
[2022-10-18 20:06:41,117] {process_news_dag_factory.py:159} INFO - None
[2022-10-18 20:06:41,119] {process_news_dag_factory.py:167} INFO - {'id': 'NCT05498155', 'source': 'clinical_trials', 'therapeutic_area': 'Oncology', 'indication': 'Lung Cancer', 'keyword': 'AZD 2281', 'title': 'Study of Neoadjuvant Olaparib Monotherapy and Olaparib and Durvalumab Combination in HER2 Negative BRCAm Breast Cancer', 'link': 'https://clinicaltrials.gov/ct2/show/NCT05498155?cond=AZD+2281&sfpd_d=100', 'publisher': 'AstraZeneca', 'published_at': '2022-08-11T12:00:00.000Z', 'updated_at': '2022-10-18T20:00:05.801Z', 'atacana_team': None, 'category': None, 'priority': None, 'content': None}
[2022-10-18 20:06:41,337] {_universal.py:476} INFO - Request URL: 'https://atacananews.blob.core.windows.net/atacana-blob-container/lung-cancer/clinical-trials/20221018/azd-2281/lung-cancer_clinical-trials_20221018_azd-2281_NCT05501548.json'
Request method: 'GET'
Request headers:
    'x-ms-range': 'REDACTED'
    'x-ms-version': 'REDACTED'
    'Accept': 'application/xml'
    'User-Agent': 'azsdk-python-storage-blob/12.13.1 Python/3.8.15 (Linux-5.10.124-linuxkit-aarch64-with-glibc2.17)'
    'x-ms-date': 'REDACTED'
    'x-ms-client-request-id': '6199e304-4f20-11ed-9929-0242bebc0005'
    'Authorization': 'REDACTED'
No body was attached to the request
[2022-10-18 20:06:41,520] {_universal.py:504} INFO - Response status: 206
Response headers:
    'Content-Length': '714'
    'Content-Type': 'application/octet-stream'
    'Content-Range': 'REDACTED'
    'Last-Modified': 'Tue, 18 Oct 2022 20:03:00 GMT'
    'Accept-Ranges': 'REDACTED'
    'ETag': '"0x8DAB143C22820DF"'
    'Server': 'Windows-Azure-Blob/1.0 Microsoft-HTTPAPI/2.0'
    'x-ms-request-id': '8befd85a-701e-0044-222d-e33538000000'
    'x-ms-client-request-id': '6199e304-4f20-11ed-9929-0242bebc0005'
    'x-ms-version': 'REDACTED'
    'x-ms-creation-time': 'REDACTED'
    'x-ms-blob-content-md5': 'REDACTED'
    'x-ms-lease-status': 'REDACTED'
    'x-ms-lease-state': 'REDACTED'
    'x-ms-blob-type': 'REDACTED'
    'x-ms-server-encrypted': 'REDACTED'
    'Date': 'Tue, 18 Oct 2022 20:06:41 GMT'
[2022-10-18 20:06:41,526] {logging_mixin.py:115} INFO - <class 'pandas.core.frame.DataFrame'>
RangeIndex: 1 entries, 0 to 0
Data columns (total 13 columns):
 #   Column            Non-Null Count  Dtype 
---  ------            --------------  ----- 
 0   title             1 non-null      object
 1   link              1 non-null      object
 2   id                1 non-null      object
 3   published_at      1 non-null      object
 4   conditions        1 non-null      object
 5   intervention      1 non-null      object
 6   publisher         1 non-null      object
 7   status            1 non-null      object
 8   source            1 non-null      object
 9   keyword           1 non-null      object
 10  indication        1 non-null      object
 11  therapeutic_area  1 non-null      object
 12  updated_at        1 non-null      object
dtypes: object(13)
memory usage: 232.0+ bytes
[2022-10-18 20:06:41,527] {process_news_dag_factory.py:159} INFO - None
[2022-10-18 20:06:41,530] {process_news_dag_factory.py:167} INFO - {'id': 'NCT05501548', 'source': 'clinical_trials', 'therapeutic_area': 'Oncology', 'indication': 'Lung Cancer', 'keyword': 'AZD 2281', 'title': 'Phase II Study of PARP Inhibitor Olaparib and IV Ascorbate in Castration Resistant Prostate Cancer', 'link': 'https://clinicaltrials.gov/ct2/show/NCT05501548?cond=AZD+2281&sfpd_d=100', 'publisher': 'Sidney Kimmel Comprehensive Cancer Center at Johns Hopkins;   AstraZeneca;   McGuff Pharmaceuticals, Inc.;   The Marcus Foundation', 'published_at': '2022-08-15T12:00:00.000Z', 'updated_at': '2022-10-18T20:00:05.801Z', 'atacana_team': None, 'category': None, 'priority': None, 'content': None}
[2022-10-18 20:06:41,750] {_universal.py:476} INFO - Request URL: 'https://atacananews.blob.core.windows.net/atacana-blob-container/lung-cancer/clinical-trials/20221018/azd-2281/lung-cancer_clinical-trials_20221018_azd-2281_NCT05522491.json'
Request method: 'GET'
Request headers:
    'x-ms-range': 'REDACTED'
    'x-ms-version': 'REDACTED'
    'Accept': 'application/xml'
    'User-Agent': 'azsdk-python-storage-blob/12.13.1 Python/3.8.15 (Linux-5.10.124-linuxkit-aarch64-with-glibc2.17)'
    'x-ms-date': 'REDACTED'
    'x-ms-client-request-id': '61d8e27a-4f20-11ed-9929-0242bebc0005'
    'Authorization': 'REDACTED'
No body was attached to the request
[2022-10-18 20:06:41,929] {_universal.py:504} INFO - Response status: 206
Response headers:
    'Content-Length': '581'
    'Content-Type': 'application/octet-stream'
    'Content-Range': 'REDACTED'
    'Last-Modified': 'Tue, 18 Oct 2022 20:03:01 GMT'
    'Accept-Ranges': 'REDACTED'
    'ETag': '"0x8DAB143C2BC34FC"'
    'Server': 'Windows-Azure-Blob/1.0 Microsoft-HTTPAPI/2.0'
    'x-ms-request-id': '8befda57-701e-0044-032d-e33538000000'
    'x-ms-client-request-id': '61d8e27a-4f20-11ed-9929-0242bebc0005'
    'x-ms-version': 'REDACTED'
    'x-ms-creation-time': 'REDACTED'
    'x-ms-blob-content-md5': 'REDACTED'
    'x-ms-lease-status': 'REDACTED'
    'x-ms-lease-state': 'REDACTED'
    'x-ms-blob-type': 'REDACTED'
    'x-ms-server-encrypted': 'REDACTED'
    'Date': 'Tue, 18 Oct 2022 20:06:41 GMT'
[2022-10-18 20:06:41,934] {logging_mixin.py:115} INFO - <class 'pandas.core.frame.DataFrame'>
RangeIndex: 1 entries, 0 to 0
Data columns (total 13 columns):
 #   Column            Non-Null Count  Dtype 
---  ------            --------------  ----- 
 0   title             1 non-null      object
 1   link              1 non-null      object
 2   id                1 non-null      object
 3   published_at      1 non-null      object
 4   conditions        1 non-null      object
 5   intervention      1 non-null      object
 6   publisher         1 non-null      object
 7   status            1 non-null      object
 8   source            1 non-null      object
 9   keyword           1 non-null      object
 10  indication        1 non-null      object
 11  therapeutic_area  1 non-null      object
 12  updated_at        1 non-null      object
dtypes: object(13)
memory usage: 232.0+ bytes
[2022-10-18 20:06:41,935] {process_news_dag_factory.py:159} INFO - None
[2022-10-18 20:06:41,938] {process_news_dag_factory.py:167} INFO - {'id': 'NCT05522491', 'source': 'clinical_trials', 'therapeutic_area': 'Oncology', 'indication': 'Lung Cancer', 'keyword': 'AZD 2281', 'title': 'Olaparib in the Treatment of BRCA1/2 Unmutated and BRCA1 Promoter Methylated Recurrent and Metastatic Triple-negative Breast Cancer', 'link': 'https://clinicaltrials.gov/ct2/show/NCT05522491?cond=AZD+2281&sfpd_d=100', 'publisher': 'Hebei Medical University Fourth Hospital', 'published_at': '2022-08-31T12:00:00.000Z', 'updated_at': '2022-10-18T20:00:05.801Z', 'atacana_team': None, 'category': None, 'priority': None, 'content': None}
[2022-10-18 20:06:42,160] {_universal.py:476} INFO - Request URL: 'https://atacananews.blob.core.windows.net/atacana-blob-container/lung-cancer/clinical-trials/20221018/azd-2281/lung-cancer_clinical-trials_20221018_azd-2281_NCT05524935.json'
Request method: 'GET'
Request headers:
    'x-ms-range': 'REDACTED'
    'x-ms-version': 'REDACTED'
    'Accept': 'application/xml'
    'User-Agent': 'azsdk-python-storage-blob/12.13.1 Python/3.8.15 (Linux-5.10.124-linuxkit-aarch64-with-glibc2.17)'
    'x-ms-date': 'REDACTED'
    'x-ms-client-request-id': '621775da-4f20-11ed-9929-0242bebc0005'
    'Authorization': 'REDACTED'
No body was attached to the request
[2022-10-18 20:06:42,345] {_universal.py:504} INFO - Response status: 206
Response headers:
    'Content-Length': '594'
    'Content-Type': 'application/octet-stream'
    'Content-Range': 'REDACTED'
    'Last-Modified': 'Tue, 18 Oct 2022 20:03:00 GMT'
    'Accept-Ranges': 'REDACTED'
    'ETag': '"0x8DAB143C2632572"'
    'Server': 'Windows-Azure-Blob/1.0 Microsoft-HTTPAPI/2.0'
    'x-ms-request-id': '8befdc59-701e-0044-6e2d-e33538000000'
    'x-ms-client-request-id': '621775da-4f20-11ed-9929-0242bebc0005'
    'x-ms-version': 'REDACTED'
    'x-ms-creation-time': 'REDACTED'
    'x-ms-blob-content-md5': 'REDACTED'
    'x-ms-lease-status': 'REDACTED'
    'x-ms-lease-state': 'REDACTED'
    'x-ms-blob-type': 'REDACTED'
    'x-ms-server-encrypted': 'REDACTED'
    'Date': 'Tue, 18 Oct 2022 20:06:42 GMT'
[2022-10-18 20:06:42,354] {logging_mixin.py:115} INFO - <class 'pandas.core.frame.DataFrame'>
RangeIndex: 1 entries, 0 to 0
Data columns (total 13 columns):
 #   Column            Non-Null Count  Dtype 
---  ------            --------------  ----- 
 0   title             1 non-null      object
 1   link              1 non-null      object
 2   id                1 non-null      object
 3   published_at      1 non-null      object
 4   conditions        1 non-null      object
 5   intervention      1 non-null      object
 6   publisher         1 non-null      object
 7   status            1 non-null      object
 8   source            1 non-null      object
 9   keyword           1 non-null      object
 10  indication        1 non-null      object
 11  therapeutic_area  1 non-null      object
 12  updated_at        1 non-null      object
dtypes: object(13)
memory usage: 232.0+ bytes
[2022-10-18 20:06:42,355] {process_news_dag_factory.py:159} INFO - None
[2022-10-18 20:06:42,358] {process_news_dag_factory.py:167} INFO - {'id': 'NCT05524935', 'source': 'clinical_trials', 'therapeutic_area': 'Oncology', 'indication': 'Lung Cancer', 'keyword': 'AZD 2281', 'title': 'Olaparib in Combination With Pembrolizumab for Advanced Uveal Melanoma', 'link': 'https://clinicaltrials.gov/ct2/show/NCT05524935?cond=AZD+2281&sfpd_d=100', 'publisher': 'H. Lee Moffitt Cancer Center and Research Institute;   Merck Sharp & Dohme LLC', 'published_at': '2022-09-01T12:00:00.000Z', 'updated_at': '2022-10-18T20:00:05.801Z', 'atacana_team': None, 'category': None, 'priority': None, 'content': None}
[2022-10-18 20:06:42,578] {_universal.py:476} INFO - Request URL: 'https://atacananews.blob.core.windows.net/atacana-blob-container/lung-cancer/clinical-trials/20221018/azd-2281/lung-cancer_clinical-trials_20221018_azd-2281_NCT05554328.json'
Request method: 'GET'
Request headers:
    'x-ms-range': 'REDACTED'
    'x-ms-version': 'REDACTED'
    'Accept': 'application/xml'
    'User-Agent': 'azsdk-python-storage-blob/12.13.1 Python/3.8.15 (Linux-5.10.124-linuxkit-aarch64-with-glibc2.17)'
    'x-ms-date': 'REDACTED'
    'x-ms-client-request-id': '62572cde-4f20-11ed-9929-0242bebc0005'
    'Authorization': 'REDACTED'
No body was attached to the request
[2022-10-18 20:06:42,757] {_universal.py:504} INFO - Response status: 206
Response headers:
    'Content-Length': '871'
    'Content-Type': 'application/octet-stream'
    'Content-Range': 'REDACTED'
    'Last-Modified': 'Tue, 18 Oct 2022 20:03:02 GMT'
    'Accept-Ranges': 'REDACTED'
    'ETag': '"0x8DAB143C312D3E5"'
    'Server': 'Windows-Azure-Blob/1.0 Microsoft-HTTPAPI/2.0'
    'x-ms-request-id': '8befded9-701e-0044-492d-e33538000000'
    'x-ms-client-request-id': '62572cde-4f20-11ed-9929-0242bebc0005'
    'x-ms-version': 'REDACTED'
    'x-ms-creation-time': 'REDACTED'
    'x-ms-blob-content-md5': 'REDACTED'
    'x-ms-lease-status': 'REDACTED'
    'x-ms-lease-state': 'REDACTED'
    'x-ms-blob-type': 'REDACTED'
    'x-ms-server-encrypted': 'REDACTED'
    'Date': 'Tue, 18 Oct 2022 20:06:42 GMT'
[2022-10-18 20:06:42,766] {logging_mixin.py:115} INFO - <class 'pandas.core.frame.DataFrame'>
RangeIndex: 1 entries, 0 to 0
Data columns (total 13 columns):
 #   Column            Non-Null Count  Dtype 
---  ------            --------------  ----- 
 0   title             1 non-null      object
 1   link              1 non-null      object
 2   id                1 non-null      object
 3   published_at      1 non-null      object
 4   conditions        1 non-null      object
 5   intervention      1 non-null      object
 6   publisher         1 non-null      object
 7   status            1 non-null      object
 8   source            1 non-null      object
 9   keyword           1 non-null      object
 10  indication        1 non-null      object
 11  therapeutic_area  1 non-null      object
 12  updated_at        1 non-null      object
dtypes: object(13)
memory usage: 232.0+ bytes
[2022-10-18 20:06:42,767] {process_news_dag_factory.py:159} INFO - None
[2022-10-18 20:06:42,771] {process_news_dag_factory.py:167} INFO - {'id': 'NCT05554328', 'source': 'clinical_trials', 'therapeutic_area': 'Oncology', 'indication': 'Lung Cancer', 'keyword': 'AZD 2281', 'title': 'Testing the Use of the Combination of Selumetinib and Olaparib or Selumetinib Alone Targeted Treatment for RAS Pathway Mutant Recurrent or Persistent Ovarian and Endometrial Cancers, A ComboMATCH Treatment Trial', 'link': 'https://clinicaltrials.gov/ct2/show/NCT05554328?cond=AZD+2281&sfpd_d=100', 'publisher': 'National Cancer Institute (NCI)', 'published_at': '2022-09-26T12:00:00.000Z', 'updated_at': '2022-10-18T20:00:05.801Z', 'atacana_team': None, 'category': None, 'priority': None, 'content': None}
[2022-10-18 20:06:42,994] {_universal.py:476} INFO - Request URL: 'https://atacananews.blob.core.windows.net/atacana-blob-container/lung-cancer/clinical-trials/20221018/azd-2281/lung-cancer_clinical-trials_20221018_azd-2281_NCT05568550.json'
Request method: 'GET'
Request headers:
    'x-ms-range': 'REDACTED'
    'x-ms-version': 'REDACTED'
    'Accept': 'application/xml'
    'User-Agent': 'azsdk-python-storage-blob/12.13.1 Python/3.8.15 (Linux-5.10.124-linuxkit-aarch64-with-glibc2.17)'
    'x-ms-date': 'REDACTED'
    'x-ms-client-request-id': '6296936a-4f20-11ed-9929-0242bebc0005'
    'Authorization': 'REDACTED'
No body was attached to the request
[2022-10-18 20:06:43,181] {_universal.py:504} INFO - Response status: 206
Response headers:
    'Content-Length': '596'
    'Content-Type': 'application/octet-stream'
    'Content-Range': 'REDACTED'
    'Last-Modified': 'Tue, 18 Oct 2022 20:03:01 GMT'
    'Accept-Ranges': 'REDACTED'
    'ETag': '"0x8DAB143C29E9F26"'
    'Server': 'Windows-Azure-Blob/1.0 Microsoft-HTTPAPI/2.0'
    'x-ms-request-id': '8befe0ec-701e-0044-3c2d-e33538000000'
    'x-ms-client-request-id': '6296936a-4f20-11ed-9929-0242bebc0005'
    'x-ms-version': 'REDACTED'
    'x-ms-creation-time': 'REDACTED'
    'x-ms-blob-content-md5': 'REDACTED'
    'x-ms-lease-status': 'REDACTED'
    'x-ms-lease-state': 'REDACTED'
    'x-ms-blob-type': 'REDACTED'
    'x-ms-server-encrypted': 'REDACTED'
    'Date': 'Tue, 18 Oct 2022 20:06:43 GMT'
[2022-10-18 20:06:43,192] {logging_mixin.py:115} INFO - <class 'pandas.core.frame.DataFrame'>
RangeIndex: 1 entries, 0 to 0
Data columns (total 13 columns):
 #   Column            Non-Null Count  Dtype 
---  ------            --------------  ----- 
 0   title             1 non-null      object
 1   link              1 non-null      object
 2   id                1 non-null      object
 3   published_at      1 non-null      object
 4   conditions        1 non-null      object
 5   intervention      1 non-null      object
 6   publisher         1 non-null      object
 7   status            1 non-null      object
 8   source            1 non-null      object
 9   keyword           1 non-null      object
 10  indication        1 non-null      object
 11  therapeutic_area  1 non-null      object
 12  updated_at        1 non-null      object
dtypes: object(13)
memory usage: 232.0+ bytes
[2022-10-18 20:06:43,194] {process_news_dag_factory.py:159} INFO - None
[2022-10-18 20:06:43,197] {process_news_dag_factory.py:167} INFO - {'id': 'NCT05568550', 'source': 'clinical_trials', 'therapeutic_area': 'Oncology', 'indication': 'Lung Cancer', 'keyword': 'AZD 2281', 'title': 'Pembro With Radiation With or Without Olaparib', 'link': 'https://clinicaltrials.gov/ct2/show/NCT05568550?cond=AZD+2281&sfpd_d=100', 'publisher': 'Zin W Myint;   Merck Sharp & Dohme LLC', 'published_at': '2022-10-05T12:00:00.000Z', 'updated_at': '2022-10-18T20:00:05.801Z', 'atacana_team': None, 'category': None, 'priority': None, 'content': None}
[2022-10-18 20:06:43,420] {python.py:173} INFO - Done. Returned value was: None
[2022-10-18 20:06:43,434] {taskinstance.py:1395} INFO - Marking task as SUCCESS. dag_id=clinical_trials__lung_cancer__etl__20220109, task_id=load_data_to_mongodb_task, map_index=2, execution_date=20221018T180000, start_date=20221018T200636, end_date=20221018T200643
[2022-10-18 20:06:43,485] {local_task_job.py:156} INFO - Task exited with return code 0
[2022-10-18 20:06:43,507] {local_task_job.py:273} INFO - 0 downstream tasks scheduled from follow-on schedule check
