[2022-10-18 18:03:48,248] {taskinstance.py:1159} INFO - Dependencies all met for <TaskInstance: clinical_trials__lung_cancer__etl__20220109.load_data_to_blob_storage_task scheduled__2022-10-18T16:00:00+00:00 map_index=59 [queued]>
[2022-10-18 18:03:48,258] {taskinstance.py:1159} INFO - Dependencies all met for <TaskInstance: clinical_trials__lung_cancer__etl__20220109.load_data_to_blob_storage_task scheduled__2022-10-18T16:00:00+00:00 map_index=59 [queued]>
[2022-10-18 18:03:48,259] {taskinstance.py:1356} INFO - 
--------------------------------------------------------------------------------
[2022-10-18 18:03:48,260] {taskinstance.py:1357} INFO - Starting attempt 1 of 1
[2022-10-18 18:03:48,261] {taskinstance.py:1358} INFO - 
--------------------------------------------------------------------------------
[2022-10-18 18:03:48,268] {taskinstance.py:1377} INFO - Executing <Mapped(_PythonDecoratedOperator): load_data_to_blob_storage_task> on 2022-10-18 16:00:00+00:00
[2022-10-18 18:03:48,273] {standard_task_runner.py:52} INFO - Started process 2800 to run task
[2022-10-18 18:03:48,276] {standard_task_runner.py:79} INFO - Running: ['airflow', 'tasks', 'run', 'clinical_trials__lung_cancer__etl__20220109', 'load_data_to_blob_storage_task', 'scheduled__2022-10-18T16:00:00+00:00', '--job-id', '380', '--raw', '--subdir', 'DAGS_FOLDER/process_news_dags.py', '--cfg-path', '/tmp/tmpdnpl4n97', '--map-index', '59', '--error-file', '/tmp/tmpjk141vbq']
[2022-10-18 18:03:48,277] {standard_task_runner.py:80} INFO - Job 380: Subtask load_data_to_blob_storage_task
[2022-10-18 18:03:48,289] {logging_mixin.py:115} WARNING - /root/.cache/pypoetry/virtualenvs/***-tXitOD5F-py3.8/lib/python3.8/site-packages/airflow/configuration.py:525 DeprecationWarning: The sql_alchemy_conn option in [core] has been moved to the sql_alchemy_conn option in [database] - the old setting has been used, but please update your config.
[2022-10-18 18:03:48,315] {task_command.py:370} INFO - Running <TaskInstance: clinical_trials__lung_cancer__etl__20220109.load_data_to_blob_storage_task scheduled__2022-10-18T16:00:00+00:00 map_index=59 [running]> on host 6cdf6d517dc4
[2022-10-18 18:03:48,359] {taskinstance.py:1569} INFO - Exporting the following env vars:
AIRFLOW_CTX_DAG_EMAIL=wais@datakimia.com,david@datakimia.com,juanm@datakimia.com,tomas@datakimia.com
AIRFLOW_CTX_DAG_OWNER=atacana
AIRFLOW_CTX_DAG_ID=clinical_trials__lung_cancer__etl__20220109
AIRFLOW_CTX_TASK_ID=load_data_to_blob_storage_task
AIRFLOW_CTX_EXECUTION_DATE=2022-10-18T16:00:00+00:00
AIRFLOW_CTX_TRY_NUMBER=1
AIRFLOW_CTX_DAG_RUN_ID=scheduled__2022-10-18T16:00:00+00:00
[2022-10-18 18:03:48,361] {process_news_dag_factory.py:105} INFO - Reading temp file: lung-cancer_clinical-trials_sch900475_20221018-16_df.json
[2022-10-18 18:03:48,363] {process_news_dag_factory.py:110} INFO - No json file found for clinical_trials-SCH900475
[2022-10-18 18:03:48,370] {taskinstance.py:1395} INFO - Marking task as SKIPPED. dag_id=clinical_trials__lung_cancer__etl__20220109, task_id=load_data_to_blob_storage_task, map_index=59, execution_date=20221018T160000, start_date=20221018T180348, end_date=20221018T180348
[2022-10-18 18:03:48,410] {local_task_job.py:156} INFO - Task exited with return code 0
[2022-10-18 18:03:48,445] {local_task_job.py:273} INFO - 0 downstream tasks scheduled from follow-on schedule check
