[2022-10-18 20:55:06,867] {taskinstance.py:1159} INFO - Dependencies all met for <TaskInstance: read_conf_from_gsheets_and_update_redis.update_redis_instance scheduled__2022-10-18T20:50:00+00:00 [queued]>
[2022-10-18 20:55:06,873] {taskinstance.py:1159} INFO - Dependencies all met for <TaskInstance: read_conf_from_gsheets_and_update_redis.update_redis_instance scheduled__2022-10-18T20:50:00+00:00 [queued]>
[2022-10-18 20:55:06,874] {taskinstance.py:1356} INFO - 
--------------------------------------------------------------------------------
[2022-10-18 20:55:06,875] {taskinstance.py:1357} INFO - Starting attempt 1 of 1
[2022-10-18 20:55:06,876] {taskinstance.py:1358} INFO - 
--------------------------------------------------------------------------------
[2022-10-18 20:55:06,934] {taskinstance.py:1377} INFO - Executing <Task(_PythonDecoratedOperator): update_redis_instance> on 2022-10-18 20:50:00+00:00
[2022-10-18 20:55:06,939] {standard_task_runner.py:52} INFO - Started process 5925 to run task
[2022-10-18 20:55:06,941] {standard_task_runner.py:79} INFO - Running: ['airflow', 'tasks', 'run', 'read_conf_from_gsheets_and_update_redis', 'update_redis_instance', 'scheduled__2022-10-18T20:50:00+00:00', '--job-id', '717', '--raw', '--subdir', 'DAGS_FOLDER/read_conf_from_gsheets_api_and_update_redis.py', '--cfg-path', '/tmp/tmpzzgcocfd', '--error-file', '/tmp/tmpb7kwownp']
[2022-10-18 20:55:06,943] {standard_task_runner.py:80} INFO - Job 717: Subtask update_redis_instance
[2022-10-18 20:55:06,954] {logging_mixin.py:115} WARNING - /root/.cache/pypoetry/virtualenvs/***-tXitOD5F-py3.8/lib/python3.8/site-packages/airflow/configuration.py:525 DeprecationWarning: The sql_alchemy_conn option in [core] has been moved to the sql_alchemy_conn option in [database] - the old setting has been used, but please update your config.
[2022-10-18 20:55:06,980] {task_command.py:370} INFO - Running <TaskInstance: read_conf_from_gsheets_and_update_redis.update_redis_instance scheduled__2022-10-18T20:50:00+00:00 [running]> on host 6cdf6d517dc4
[2022-10-18 20:55:07,110] {taskinstance.py:1569} INFO - Exporting the following env vars:
AIRFLOW_CTX_DAG_EMAIL=wais@datakimia.com,david@datakimia.com,juanm@datakimia.com,tomas@datakimia.com
AIRFLOW_CTX_DAG_OWNER=atacana
AIRFLOW_CTX_DAG_ID=read_conf_from_gsheets_and_update_redis
AIRFLOW_CTX_TASK_ID=update_redis_instance
AIRFLOW_CTX_EXECUTION_DATE=2022-10-18T20:50:00+00:00
AIRFLOW_CTX_TRY_NUMBER=1
AIRFLOW_CTX_DAG_RUN_ID=scheduled__2022-10-18T20:50:00+00:00
[2022-10-18 20:55:07,116] {python.py:173} INFO - Done. Returned value was: None
[2022-10-18 20:55:07,125] {taskinstance.py:1395} INFO - Marking task as SUCCESS. dag_id=read_conf_from_gsheets_and_update_redis, task_id=update_redis_instance, execution_date=20221018T205000, start_date=20221018T205506, end_date=20221018T205507
[2022-10-18 20:55:07,158] {local_task_job.py:156} INFO - Task exited with return code 0
[2022-10-18 20:55:07,176] {local_task_job.py:273} INFO - 0 downstream tasks scheduled from follow-on schedule check
