[2022-10-18 18:01:31,560] {taskinstance.py:1159} INFO - Dependencies all met for <TaskInstance: clinical_trials__lung_cancer__etl__20220109.load_data_to_blob_storage_task scheduled__2022-10-18T16:00:00+00:00 map_index=3 [queued]>
[2022-10-18 18:01:31,569] {taskinstance.py:1159} INFO - Dependencies all met for <TaskInstance: clinical_trials__lung_cancer__etl__20220109.load_data_to_blob_storage_task scheduled__2022-10-18T16:00:00+00:00 map_index=3 [queued]>
[2022-10-18 18:01:31,570] {taskinstance.py:1356} INFO - 
--------------------------------------------------------------------------------
[2022-10-18 18:01:31,571] {taskinstance.py:1357} INFO - Starting attempt 1 of 1
[2022-10-18 18:01:31,572] {taskinstance.py:1358} INFO - 
--------------------------------------------------------------------------------
[2022-10-18 18:01:31,579] {taskinstance.py:1377} INFO - Executing <Mapped(_PythonDecoratedOperator): load_data_to_blob_storage_task> on 2022-10-18 16:00:00+00:00
[2022-10-18 18:01:31,583] {standard_task_runner.py:52} INFO - Started process 2656 to run task
[2022-10-18 18:01:31,587] {standard_task_runner.py:79} INFO - Running: ['airflow', 'tasks', 'run', 'clinical_trials__lung_cancer__etl__20220109', 'load_data_to_blob_storage_task', 'scheduled__2022-10-18T16:00:00+00:00', '--job-id', '323', '--raw', '--subdir', 'DAGS_FOLDER/process_news_dags.py', '--cfg-path', '/tmp/tmpi9zrtwtt', '--map-index', '3', '--error-file', '/tmp/tmpg5rxeoib']
[2022-10-18 18:01:31,588] {standard_task_runner.py:80} INFO - Job 323: Subtask load_data_to_blob_storage_task
[2022-10-18 18:01:31,600] {logging_mixin.py:115} WARNING - /root/.cache/pypoetry/virtualenvs/***-tXitOD5F-py3.8/lib/python3.8/site-packages/airflow/configuration.py:525 DeprecationWarning: The sql_alchemy_conn option in [core] has been moved to the sql_alchemy_conn option in [database] - the old setting has been used, but please update your config.
[2022-10-18 18:01:31,630] {task_command.py:370} INFO - Running <TaskInstance: clinical_trials__lung_cancer__etl__20220109.load_data_to_blob_storage_task scheduled__2022-10-18T16:00:00+00:00 map_index=3 [running]> on host 6cdf6d517dc4
[2022-10-18 18:01:31,672] {taskinstance.py:1569} INFO - Exporting the following env vars:
AIRFLOW_CTX_DAG_EMAIL=wais@datakimia.com,david@datakimia.com,juanm@datakimia.com,tomas@datakimia.com
AIRFLOW_CTX_DAG_OWNER=atacana
AIRFLOW_CTX_DAG_ID=clinical_trials__lung_cancer__etl__20220109
AIRFLOW_CTX_TASK_ID=load_data_to_blob_storage_task
AIRFLOW_CTX_EXECUTION_DATE=2022-10-18T16:00:00+00:00
AIRFLOW_CTX_TRY_NUMBER=1
AIRFLOW_CTX_DAG_RUN_ID=scheduled__2022-10-18T16:00:00+00:00
[2022-10-18 18:01:31,674] {process_news_dag_factory.py:105} INFO - Reading temp file: lung-cancer_clinical-trials_azd-2281_20221018-16_df.json
[2022-10-18 18:01:31,687] {helpers.py:114} INFO - Going to save clinical_trials data..
[2022-10-18 18:01:31,688] {helpers.py:115} INFO -                                                title  ...                  updated_at
0  Phase II Study of PARP Inhibitor Olaparib and ...  ...  2022-10-18 18:00:15.433000
1  Olaparib in Unresectable/Metastatic Melanoma W...  ...  2022-10-18 18:00:15.433000
2  Olaparib in Combination With Pembrolizumab for...  ...  2022-10-18 18:00:15.433000
3        Surgical Pembro +/- Olaparib w TMZ for rGBM  ...  2022-10-18 18:00:15.433000
4     Pembro With Radiation With or Without Olaparib  ...  2022-10-18 18:00:15.433000

[5 rows x 13 columns]
[2022-10-18 18:01:31,696] {helpers.py:116} INFO - Index(['title', 'link', 'id', 'published_at', 'conditions', 'intervention',
       'publisher', 'status', 'source', 'keyword', 'indication',
       'therapeutic_area', 'updated_at'],
      dtype='object')
[2022-10-18 18:01:31,700] {_universal.py:473} INFO - Request URL: 'https://atacananews.blob.core.windows.net/atacana-blob-container/lung-cancer/clinical-trials/20221018/azd-2281/lung-cancer_clinical-trials_20221018_azd-2281_NCT05501548.json'
Request method: 'PUT'
Request headers:
    'Content-Length': '714'
    'x-ms-blob-type': 'REDACTED'
    'x-ms-version': 'REDACTED'
    'Content-Type': 'application/octet-stream'
    'Accept': 'application/xml'
    'User-Agent': 'azsdk-python-storage-blob/12.13.1 Python/3.8.15 (Linux-5.10.124-linuxkit-aarch64-with-glibc2.17)'
    'x-ms-date': 'REDACTED'
    'x-ms-client-request-id': 'e58223be-4f0e-11ed-823f-0242bebc0005'
    'Authorization': 'REDACTED'
A body is sent with the request
[2022-10-18 18:01:32,434] {_universal.py:504} INFO - Response status: 201
Response headers:
    'Content-Length': '0'
    'Content-MD5': 'REDACTED'
    'Last-Modified': 'Tue, 18 Oct 2022 18:01:32 GMT'
    'ETag': '"0x8DAB132CA201FA3"'
    'Server': 'Windows-Azure-Blob/1.0 Microsoft-HTTPAPI/2.0'
    'x-ms-request-id': 'd59cf4c8-c01e-007e-1e1b-e32f40000000'
    'x-ms-client-request-id': 'e58223be-4f0e-11ed-823f-0242bebc0005'
    'x-ms-version': 'REDACTED'
    'x-ms-content-crc64': 'REDACTED'
    'x-ms-request-server-encrypted': 'REDACTED'
    'Date': 'Tue, 18 Oct 2022 18:01:31 GMT'
[2022-10-18 18:01:32,439] {_universal.py:473} INFO - Request URL: 'https://atacananews.blob.core.windows.net/atacana-blob-container/lung-cancer/clinical-trials/20221018/azd-2281/lung-cancer_clinical-trials_20221018_azd-2281_NCT05482074.json'
Request method: 'PUT'
Request headers:
    'Content-Length': '589'
    'x-ms-blob-type': 'REDACTED'
    'x-ms-version': 'REDACTED'
    'Content-Type': 'application/octet-stream'
    'Accept': 'application/xml'
    'User-Agent': 'azsdk-python-storage-blob/12.13.1 Python/3.8.15 (Linux-5.10.124-linuxkit-aarch64-with-glibc2.17)'
    'x-ms-date': 'REDACTED'
    'x-ms-client-request-id': 'e5f2fbfc-4f0e-11ed-823f-0242bebc0005'
    'Authorization': 'REDACTED'
A body is sent with the request
[2022-10-18 18:01:32,622] {_universal.py:504} INFO - Response status: 201
Response headers:
    'Content-Length': '0'
    'Content-MD5': 'REDACTED'
    'Last-Modified': 'Tue, 18 Oct 2022 18:01:32 GMT'
    'ETag': '"0x8DAB132CA3E0384"'
    'Server': 'Windows-Azure-Blob/1.0 Microsoft-HTTPAPI/2.0'
    'x-ms-request-id': 'd59cf590-c01e-007e-3f1b-e32f40000000'
    'x-ms-client-request-id': 'e5f2fbfc-4f0e-11ed-823f-0242bebc0005'
    'x-ms-version': 'REDACTED'
    'x-ms-content-crc64': 'REDACTED'
    'x-ms-request-server-encrypted': 'REDACTED'
    'Date': 'Tue, 18 Oct 2022 18:01:31 GMT'
[2022-10-18 18:01:32,625] {_universal.py:473} INFO - Request URL: 'https://atacananews.blob.core.windows.net/atacana-blob-container/lung-cancer/clinical-trials/20221018/azd-2281/lung-cancer_clinical-trials_20221018_azd-2281_NCT05524935.json'
Request method: 'PUT'
Request headers:
    'Content-Length': '594'
    'x-ms-blob-type': 'REDACTED'
    'x-ms-version': 'REDACTED'
    'Content-Type': 'application/octet-stream'
    'Accept': 'application/xml'
    'User-Agent': 'azsdk-python-storage-blob/12.13.1 Python/3.8.15 (Linux-5.10.124-linuxkit-aarch64-with-glibc2.17)'
    'x-ms-date': 'REDACTED'
    'x-ms-client-request-id': 'e60f42e4-4f0e-11ed-823f-0242bebc0005'
    'Authorization': 'REDACTED'
A body is sent with the request
[2022-10-18 18:01:32,808] {_universal.py:504} INFO - Response status: 201
Response headers:
    'Content-Length': '0'
    'Content-MD5': 'REDACTED'
    'Last-Modified': 'Tue, 18 Oct 2022 18:01:32 GMT'
    'ETag': '"0x8DAB132CA59C4DA"'
    'Server': 'Windows-Azure-Blob/1.0 Microsoft-HTTPAPI/2.0'
    'x-ms-request-id': 'd59cf664-c01e-007e-6f1b-e32f40000000'
    'x-ms-client-request-id': 'e60f42e4-4f0e-11ed-823f-0242bebc0005'
    'x-ms-version': 'REDACTED'
    'x-ms-content-crc64': 'REDACTED'
    'x-ms-request-server-encrypted': 'REDACTED'
    'Date': 'Tue, 18 Oct 2022 18:01:31 GMT'
[2022-10-18 18:01:32,811] {_universal.py:473} INFO - Request URL: 'https://atacananews.blob.core.windows.net/atacana-blob-container/lung-cancer/clinical-trials/20221018/azd-2281/lung-cancer_clinical-trials_20221018_azd-2281_NCT05463848.json'
Request method: 'PUT'
Request headers:
    'Content-Length': '570'
    'x-ms-blob-type': 'REDACTED'
    'x-ms-version': 'REDACTED'
    'Content-Type': 'application/octet-stream'
    'Accept': 'application/xml'
    'User-Agent': 'azsdk-python-storage-blob/12.13.1 Python/3.8.15 (Linux-5.10.124-linuxkit-aarch64-with-glibc2.17)'
    'x-ms-date': 'REDACTED'
    'x-ms-client-request-id': 'e62bab64-4f0e-11ed-823f-0242bebc0005'
    'Authorization': 'REDACTED'
A body is sent with the request
[2022-10-18 18:01:32,992] {_universal.py:504} INFO - Response status: 201
Response headers:
    'Content-Length': '0'
    'Content-MD5': 'REDACTED'
    'Last-Modified': 'Tue, 18 Oct 2022 18:01:32 GMT'
    'ETag': '"0x8DAB132CA762258"'
    'Server': 'Windows-Azure-Blob/1.0 Microsoft-HTTPAPI/2.0'
    'x-ms-request-id': 'd59cf70c-c01e-007e-021b-e32f40000000'
    'x-ms-client-request-id': 'e62bab64-4f0e-11ed-823f-0242bebc0005'
    'x-ms-version': 'REDACTED'
    'x-ms-content-crc64': 'REDACTED'
    'x-ms-request-server-encrypted': 'REDACTED'
    'Date': 'Tue, 18 Oct 2022 18:01:32 GMT'
[2022-10-18 18:01:32,997] {_universal.py:473} INFO - Request URL: 'https://atacananews.blob.core.windows.net/atacana-blob-container/lung-cancer/clinical-trials/20221018/azd-2281/lung-cancer_clinical-trials_20221018_azd-2281_NCT05568550.json'
Request method: 'PUT'
Request headers:
    'Content-Length': '596'
    'x-ms-blob-type': 'REDACTED'
    'x-ms-version': 'REDACTED'
    'Content-Type': 'application/octet-stream'
    'Accept': 'application/xml'
    'User-Agent': 'azsdk-python-storage-blob/12.13.1 Python/3.8.15 (Linux-5.10.124-linuxkit-aarch64-with-glibc2.17)'
    'x-ms-date': 'REDACTED'
    'x-ms-client-request-id': 'e6481ba0-4f0e-11ed-823f-0242bebc0005'
    'Authorization': 'REDACTED'
A body is sent with the request
[2022-10-18 18:01:33,186] {_universal.py:504} INFO - Response status: 201
Response headers:
    'Content-Length': '0'
    'Content-MD5': 'REDACTED'
    'Last-Modified': 'Tue, 18 Oct 2022 18:01:33 GMT'
    'ETag': '"0x8DAB132CA92F50D"'
    'Server': 'Windows-Azure-Blob/1.0 Microsoft-HTTPAPI/2.0'
    'x-ms-request-id': 'd59cf7e1-c01e-007e-2f1b-e32f40000000'
    'x-ms-client-request-id': 'e6481ba0-4f0e-11ed-823f-0242bebc0005'
    'x-ms-version': 'REDACTED'
    'x-ms-content-crc64': 'REDACTED'
    'x-ms-request-server-encrypted': 'REDACTED'
    'Date': 'Tue, 18 Oct 2022 18:01:32 GMT'
[2022-10-18 18:01:33,191] {_universal.py:473} INFO - Request URL: 'https://atacananews.blob.core.windows.net/atacana-blob-container/lung-cancer/clinical-trials/20221018/azd-2281/lung-cancer_clinical-trials_20221018_azd-2281_NCT05522491.json'
Request method: 'PUT'
Request headers:
    'Content-Length': '581'
    'x-ms-blob-type': 'REDACTED'
    'x-ms-version': 'REDACTED'
    'Content-Type': 'application/octet-stream'
    'Accept': 'application/xml'
    'User-Agent': 'azsdk-python-storage-blob/12.13.1 Python/3.8.15 (Linux-5.10.124-linuxkit-aarch64-with-glibc2.17)'
    'x-ms-date': 'REDACTED'
    'x-ms-client-request-id': 'e665a4fe-4f0e-11ed-823f-0242bebc0005'
    'Authorization': 'REDACTED'
A body is sent with the request
[2022-10-18 18:01:33,380] {_universal.py:504} INFO - Response status: 201
Response headers:
    'Content-Length': '0'
    'Content-MD5': 'REDACTED'
    'Last-Modified': 'Tue, 18 Oct 2022 18:01:33 GMT'
    'ETag': '"0x8DAB132CAB08AC5"'
    'Server': 'Windows-Azure-Blob/1.0 Microsoft-HTTPAPI/2.0'
    'x-ms-request-id': 'd59cf879-c01e-007e-2d1b-e32f40000000'
    'x-ms-client-request-id': 'e665a4fe-4f0e-11ed-823f-0242bebc0005'
    'x-ms-version': 'REDACTED'
    'x-ms-content-crc64': 'REDACTED'
    'x-ms-request-server-encrypted': 'REDACTED'
    'Date': 'Tue, 18 Oct 2022 18:01:32 GMT'
[2022-10-18 18:01:33,382] {_universal.py:473} INFO - Request URL: 'https://atacananews.blob.core.windows.net/atacana-blob-container/lung-cancer/clinical-trials/20221018/azd-2281/lung-cancer_clinical-trials_20221018_azd-2281_NCT05498155.json'
Request method: 'PUT'
Request headers:
    'Content-Length': '656'
    'x-ms-blob-type': 'REDACTED'
    'x-ms-version': 'REDACTED'
    'Content-Type': 'application/octet-stream'
    'Accept': 'application/xml'
    'User-Agent': 'azsdk-python-storage-blob/12.13.1 Python/3.8.15 (Linux-5.10.124-linuxkit-aarch64-with-glibc2.17)'
    'x-ms-date': 'REDACTED'
    'x-ms-client-request-id': 'e682e6f4-4f0e-11ed-823f-0242bebc0005'
    'Authorization': 'REDACTED'
A body is sent with the request
[2022-10-18 18:01:33,570] {_universal.py:504} INFO - Response status: 201
Response headers:
    'Content-Length': '0'
    'Content-MD5': 'REDACTED'
    'Last-Modified': 'Tue, 18 Oct 2022 18:01:33 GMT'
    'ETag': '"0x8DAB132CACD8476"'
    'Server': 'Windows-Azure-Blob/1.0 Microsoft-HTTPAPI/2.0'
    'x-ms-request-id': 'd59cf959-c01e-007e-601b-e32f40000000'
    'x-ms-client-request-id': 'e682e6f4-4f0e-11ed-823f-0242bebc0005'
    'x-ms-version': 'REDACTED'
    'x-ms-content-crc64': 'REDACTED'
    'x-ms-request-server-encrypted': 'REDACTED'
    'Date': 'Tue, 18 Oct 2022 18:01:32 GMT'
[2022-10-18 18:01:33,574] {_universal.py:473} INFO - Request URL: 'https://atacananews.blob.core.windows.net/atacana-blob-container/lung-cancer/clinical-trials/20221018/azd-2281/lung-cancer_clinical-trials_20221018_azd-2281_NCT05457257.json'
Request method: 'PUT'
Request headers:
    'Content-Length': '819'
    'x-ms-blob-type': 'REDACTED'
    'x-ms-version': 'REDACTED'
    'Content-Type': 'application/octet-stream'
    'Accept': 'application/xml'
    'User-Agent': 'azsdk-python-storage-blob/12.13.1 Python/3.8.15 (Linux-5.10.124-linuxkit-aarch64-with-glibc2.17)'
    'x-ms-date': 'REDACTED'
    'x-ms-client-request-id': 'e6a0205c-4f0e-11ed-823f-0242bebc0005'
    'Authorization': 'REDACTED'
A body is sent with the request
[2022-10-18 18:01:33,769] {_universal.py:504} INFO - Response status: 201
Response headers:
    'Content-Length': '0'
    'Content-MD5': 'REDACTED'
    'Last-Modified': 'Tue, 18 Oct 2022 18:01:33 GMT'
    'ETag': '"0x8DAB132CAEBB674"'
    'Server': 'Windows-Azure-Blob/1.0 Microsoft-HTTPAPI/2.0'
    'x-ms-request-id': 'd59cfa1f-c01e-007e-7a1b-e32f40000000'
    'x-ms-client-request-id': 'e6a0205c-4f0e-11ed-823f-0242bebc0005'
    'x-ms-version': 'REDACTED'
    'x-ms-content-crc64': 'REDACTED'
    'x-ms-request-server-encrypted': 'REDACTED'
    'Date': 'Tue, 18 Oct 2022 18:01:32 GMT'
[2022-10-18 18:01:33,774] {_universal.py:473} INFO - Request URL: 'https://atacananews.blob.core.windows.net/atacana-blob-container/lung-cancer/clinical-trials/20221018/azd-2281/lung-cancer_clinical-trials_20221018_azd-2281_NCT05554328.json'
Request method: 'PUT'
Request headers:
    'Content-Length': '871'
    'x-ms-blob-type': 'REDACTED'
    'x-ms-version': 'REDACTED'
    'Content-Type': 'application/octet-stream'
    'Accept': 'application/xml'
    'User-Agent': 'azsdk-python-storage-blob/12.13.1 Python/3.8.15 (Linux-5.10.124-linuxkit-aarch64-with-glibc2.17)'
    'x-ms-date': 'REDACTED'
    'x-ms-client-request-id': 'e6bea32e-4f0e-11ed-823f-0242bebc0005'
    'Authorization': 'REDACTED'
A body is sent with the request
[2022-10-18 18:01:33,982] {_universal.py:504} INFO - Response status: 201
Response headers:
    'Content-Length': '0'
    'Content-MD5': 'REDACTED'
    'Last-Modified': 'Tue, 18 Oct 2022 18:01:33 GMT'
    'ETag': '"0x8DAB132CB094C37"'
    'Server': 'Windows-Azure-Blob/1.0 Microsoft-HTTPAPI/2.0'
    'x-ms-request-id': 'd59cfae1-c01e-007e-1f1b-e32f40000000'
    'x-ms-client-request-id': 'e6bea32e-4f0e-11ed-823f-0242bebc0005'
    'x-ms-version': 'REDACTED'
    'x-ms-content-crc64': 'REDACTED'
    'x-ms-request-server-encrypted': 'REDACTED'
    'Date': 'Tue, 18 Oct 2022 18:01:33 GMT'
[2022-10-18 18:01:33,991] {_universal.py:473} INFO - Request URL: 'https://atacananews.blob.core.windows.net/atacana-blob-container/lung-cancer/clinical-trials/20221018/azd-2281/lung-cancer_clinical-trials_20221018_azd-2281_NCT05485766.json'
Request method: 'PUT'
Request headers:
    'Content-Length': '831'
    'x-ms-blob-type': 'REDACTED'
    'x-ms-version': 'REDACTED'
    'Content-Type': 'application/octet-stream'
    'Accept': 'application/xml'
    'User-Agent': 'azsdk-python-storage-blob/12.13.1 Python/3.8.15 (Linux-5.10.124-linuxkit-aarch64-with-glibc2.17)'
    'x-ms-date': 'REDACTED'
    'x-ms-client-request-id': 'e6dfb5a0-4f0e-11ed-823f-0242bebc0005'
    'Authorization': 'REDACTED'
A body is sent with the request
[2022-10-18 18:01:34,183] {_universal.py:504} INFO - Response status: 201
Response headers:
    'Content-Length': '0'
    'Content-MD5': 'REDACTED'
    'Last-Modified': 'Tue, 18 Oct 2022 18:01:34 GMT'
    'ETag': '"0x8DAB132CB2B7550"'
    'Server': 'Windows-Azure-Blob/1.0 Microsoft-HTTPAPI/2.0'
    'x-ms-request-id': 'd59cfbba-c01e-007e-491b-e32f40000000'
    'x-ms-client-request-id': 'e6dfb5a0-4f0e-11ed-823f-0242bebc0005'
    'x-ms-version': 'REDACTED'
    'x-ms-content-crc64': 'REDACTED'
    'x-ms-request-server-encrypted': 'REDACTED'
    'Date': 'Tue, 18 Oct 2022 18:01:33 GMT'
[2022-10-18 18:01:34,187] {python.py:173} INFO - Done. Returned value was: None
[2022-10-18 18:01:34,195] {taskinstance.py:1395} INFO - Marking task as SUCCESS. dag_id=clinical_trials__lung_cancer__etl__20220109, task_id=load_data_to_blob_storage_task, map_index=3, execution_date=20221018T160000, start_date=20221018T180131, end_date=20221018T180134
[2022-10-18 18:01:34,230] {local_task_job.py:156} INFO - Task exited with return code 0
[2022-10-18 18:01:34,268] {local_task_job.py:273} INFO - 0 downstream tasks scheduled from follow-on schedule check
