[2022-10-18 20:02:45,465] {taskinstance.py:1159} INFO - Dependencies all met for <TaskInstance: clinical_trials__lung_cancer__etl__20220109.load_data_to_blob_storage_task scheduled__2022-10-18T18:00:00+00:00 map_index=62 [queued]>
[2022-10-18 20:02:45,474] {taskinstance.py:1159} INFO - Dependencies all met for <TaskInstance: clinical_trials__lung_cancer__etl__20220109.load_data_to_blob_storage_task scheduled__2022-10-18T18:00:00+00:00 map_index=62 [queued]>
[2022-10-18 20:02:45,475] {taskinstance.py:1356} INFO - 
--------------------------------------------------------------------------------
[2022-10-18 20:02:45,476] {taskinstance.py:1357} INFO - Starting attempt 1 of 1
[2022-10-18 20:02:45,477] {taskinstance.py:1358} INFO - 
--------------------------------------------------------------------------------
[2022-10-18 20:02:45,484] {taskinstance.py:1377} INFO - Executing <Mapped(_PythonDecoratedOperator): load_data_to_blob_storage_task> on 2022-10-18 18:00:00+00:00
[2022-10-18 20:02:45,489] {standard_task_runner.py:52} INFO - Started process 4852 to run task
[2022-10-18 20:02:45,493] {standard_task_runner.py:79} INFO - Running: ['airflow', 'tasks', 'run', 'clinical_trials__lung_cancer__etl__20220109', 'load_data_to_blob_storage_task', 'scheduled__2022-10-18T18:00:00+00:00', '--job-id', '597', '--raw', '--subdir', 'DAGS_FOLDER/process_news_dags.py', '--cfg-path', '/tmp/tmpkmpxwhiu', '--map-index', '62', '--error-file', '/tmp/tmpj8obbm9_']
[2022-10-18 20:02:45,494] {standard_task_runner.py:80} INFO - Job 597: Subtask load_data_to_blob_storage_task
[2022-10-18 20:02:45,508] {logging_mixin.py:115} WARNING - /root/.cache/pypoetry/virtualenvs/***-tXitOD5F-py3.8/lib/python3.8/site-packages/airflow/configuration.py:525 DeprecationWarning: The sql_alchemy_conn option in [core] has been moved to the sql_alchemy_conn option in [database] - the old setting has been used, but please update your config.
[2022-10-18 20:02:45,539] {task_command.py:370} INFO - Running <TaskInstance: clinical_trials__lung_cancer__etl__20220109.load_data_to_blob_storage_task scheduled__2022-10-18T18:00:00+00:00 map_index=62 [running]> on host 6cdf6d517dc4
[2022-10-18 20:02:45,579] {taskinstance.py:1569} INFO - Exporting the following env vars:
AIRFLOW_CTX_DAG_EMAIL=wais@datakimia.com,david@datakimia.com,juanm@datakimia.com,tomas@datakimia.com
AIRFLOW_CTX_DAG_OWNER=atacana
AIRFLOW_CTX_DAG_ID=clinical_trials__lung_cancer__etl__20220109
AIRFLOW_CTX_TASK_ID=load_data_to_blob_storage_task
AIRFLOW_CTX_EXECUTION_DATE=2022-10-18T18:00:00+00:00
AIRFLOW_CTX_TRY_NUMBER=1
AIRFLOW_CTX_DAG_RUN_ID=scheduled__2022-10-18T18:00:00+00:00
[2022-10-18 20:02:45,581] {process_news_dag_factory.py:105} INFO - Reading temp file: lung-cancer_clinical-trials_small-cell-lung-cancer_20221018-18_df.json
[2022-10-18 20:02:45,594] {helpers.py:114} INFO - Going to save clinical_trials data..
[2022-10-18 20:02:45,595] {helpers.py:115} INFO -                                                title  ...                  updated_at
0  Study of PLK1 Inhibitor, Onvansertib, in Relap...  ...  2022-10-18 20:01:18.934000
1  Surufatinib Plus Anti-PD-1/L1 as Maintenance T...  ...  2022-10-18 20:01:18.934000
2  The Efficiency of Surgery and Radiotherapy Aft...  ...  2022-10-18 20:01:18.934000
3  Lurbinectedin Combined With Durvalumab in Pre-...  ...  2022-10-18 20:01:18.934000
4  To Evaluate Efficacy and Safety of HLX10 + Che...  ...  2022-10-18 20:01:18.934000

[5 rows x 13 columns]
[2022-10-18 20:02:45,603] {helpers.py:116} INFO - Index(['title', 'link', 'id', 'published_at', 'conditions', 'intervention',
       'publisher', 'status', 'source', 'keyword', 'indication',
       'therapeutic_area', 'updated_at'],
      dtype='object')
[2022-10-18 20:02:45,607] {_universal.py:473} INFO - Request URL: 'https://atacananews.blob.core.windows.net/atacana-blob-container/lung-cancer/clinical-trials/20221018/small-cell-lung-cancer/lung-cancer_clinical-trials_20221018_small-cell-lung-cancer_NCT05450965.json'
Request method: 'PUT'
Request headers:
    'Content-Length': '620'
    'x-ms-blob-type': 'REDACTED'
    'x-ms-version': 'REDACTED'
    'Content-Type': 'application/octet-stream'
    'Accept': 'application/xml'
    'User-Agent': 'azsdk-python-storage-blob/12.13.1 Python/3.8.15 (Linux-5.10.124-linuxkit-aarch64-with-glibc2.17)'
    'x-ms-date': 'REDACTED'
    'x-ms-client-request-id': 'd5183a8e-4f1f-11ed-86cc-0242bebc0005'
    'Authorization': 'REDACTED'
A body is sent with the request
[2022-10-18 20:02:46,331] {_universal.py:504} INFO - Response status: 201
Response headers:
    'Content-Length': '0'
    'Content-MD5': 'REDACTED'
    'Last-Modified': 'Tue, 18 Oct 2022 20:02:46 GMT'
    'ETag': '"0x8DAB143B9BE0CC9"'
    'Server': 'Windows-Azure-Blob/1.0 Microsoft-HTTPAPI/2.0'
    'x-ms-request-id': '7dcd68c2-a01e-000a-3a2c-e31bb0000000'
    'x-ms-client-request-id': 'd5183a8e-4f1f-11ed-86cc-0242bebc0005'
    'x-ms-version': 'REDACTED'
    'x-ms-content-crc64': 'REDACTED'
    'x-ms-request-server-encrypted': 'REDACTED'
    'Date': 'Tue, 18 Oct 2022 20:02:46 GMT'
[2022-10-18 20:02:46,335] {_universal.py:473} INFO - Request URL: 'https://atacananews.blob.core.windows.net/atacana-blob-container/lung-cancer/clinical-trials/20221018/small-cell-lung-cancer/lung-cancer_clinical-trials_20221018_small-cell-lung-cancer_NCT05509699.json'
Request method: 'PUT'
Request headers:
    'Content-Length': '613'
    'x-ms-blob-type': 'REDACTED'
    'x-ms-version': 'REDACTED'
    'Content-Type': 'application/octet-stream'
    'Accept': 'application/xml'
    'User-Agent': 'azsdk-python-storage-blob/12.13.1 Python/3.8.15 (Linux-5.10.124-linuxkit-aarch64-with-glibc2.17)'
    'x-ms-date': 'REDACTED'
    'x-ms-client-request-id': 'd5876c9c-4f1f-11ed-86cc-0242bebc0005'
    'Authorization': 'REDACTED'
A body is sent with the request
[2022-10-18 20:02:46,526] {_universal.py:504} INFO - Response status: 201
Response headers:
    'Content-Length': '0'
    'Content-MD5': 'REDACTED'
    'Last-Modified': 'Tue, 18 Oct 2022 20:02:46 GMT'
    'ETag': '"0x8DAB143B9D9F52B"'
    'Server': 'Windows-Azure-Blob/1.0 Microsoft-HTTPAPI/2.0'
    'x-ms-request-id': '7dcd6a24-a01e-000a-0b2c-e31bb0000000'
    'x-ms-client-request-id': 'd5876c9c-4f1f-11ed-86cc-0242bebc0005'
    'x-ms-version': 'REDACTED'
    'x-ms-content-crc64': 'REDACTED'
    'x-ms-request-server-encrypted': 'REDACTED'
    'Date': 'Tue, 18 Oct 2022 20:02:46 GMT'
[2022-10-18 20:02:46,529] {_universal.py:473} INFO - Request URL: 'https://atacananews.blob.core.windows.net/atacana-blob-container/lung-cancer/clinical-trials/20221018/small-cell-lung-cancer/lung-cancer_clinical-trials_20221018_small-cell-lung-cancer_NCT05496166.json'
Request method: 'PUT'
Request headers:
    'Content-Length': '789'
    'x-ms-blob-type': 'REDACTED'
    'x-ms-version': 'REDACTED'
    'Content-Type': 'application/octet-stream'
    'Accept': 'application/xml'
    'User-Agent': 'azsdk-python-storage-blob/12.13.1 Python/3.8.15 (Linux-5.10.124-linuxkit-aarch64-with-glibc2.17)'
    'x-ms-date': 'REDACTED'
    'x-ms-client-request-id': 'd5a4fa8c-4f1f-11ed-86cc-0242bebc0005'
    'Authorization': 'REDACTED'
A body is sent with the request
[2022-10-18 20:02:46,713] {_universal.py:504} INFO - Response status: 201
Response headers:
    'Content-Length': '0'
    'Content-MD5': 'REDACTED'
    'Last-Modified': 'Tue, 18 Oct 2022 20:02:46 GMT'
    'ETag': '"0x8DAB143B9F80018"'
    'Server': 'Windows-Azure-Blob/1.0 Microsoft-HTTPAPI/2.0'
    'x-ms-request-id': '7dcd6b8d-a01e-000a-6b2c-e31bb0000000'
    'x-ms-client-request-id': 'd5a4fa8c-4f1f-11ed-86cc-0242bebc0005'
    'x-ms-version': 'REDACTED'
    'x-ms-content-crc64': 'REDACTED'
    'x-ms-request-server-encrypted': 'REDACTED'
    'Date': 'Tue, 18 Oct 2022 20:02:46 GMT'
[2022-10-18 20:02:46,717] {_universal.py:473} INFO - Request URL: 'https://atacananews.blob.core.windows.net/atacana-blob-container/lung-cancer/clinical-trials/20221018/small-cell-lung-cancer/lung-cancer_clinical-trials_20221018_small-cell-lung-cancer_NCT05572476.json'
Request method: 'PUT'
Request headers:
    'Content-Length': '779'
    'x-ms-blob-type': 'REDACTED'
    'x-ms-version': 'REDACTED'
    'Content-Type': 'application/octet-stream'
    'Accept': 'application/xml'
    'User-Agent': 'azsdk-python-storage-blob/12.13.1 Python/3.8.15 (Linux-5.10.124-linuxkit-aarch64-with-glibc2.17)'
    'x-ms-date': 'REDACTED'
    'x-ms-client-request-id': 'd5c1ac22-4f1f-11ed-86cc-0242bebc0005'
    'Authorization': 'REDACTED'
A body is sent with the request
[2022-10-18 20:02:46,903] {_universal.py:504} INFO - Response status: 201
Response headers:
    'Content-Length': '0'
    'Content-MD5': 'REDACTED'
    'Last-Modified': 'Tue, 18 Oct 2022 20:02:46 GMT'
    'ETag': '"0x8DAB143BA1484A9"'
    'Server': 'Windows-Azure-Blob/1.0 Microsoft-HTTPAPI/2.0'
    'x-ms-request-id': '7dcd6ce4-a01e-000a-392c-e31bb0000000'
    'x-ms-client-request-id': 'd5c1ac22-4f1f-11ed-86cc-0242bebc0005'
    'x-ms-version': 'REDACTED'
    'x-ms-content-crc64': 'REDACTED'
    'x-ms-request-server-encrypted': 'REDACTED'
    'Date': 'Tue, 18 Oct 2022 20:02:46 GMT'
[2022-10-18 20:02:46,907] {_universal.py:473} INFO - Request URL: 'https://atacananews.blob.core.windows.net/atacana-blob-container/lung-cancer/clinical-trials/20221018/small-cell-lung-cancer/lung-cancer_clinical-trials_20221018_small-cell-lung-cancer_NCT05468489.json'
Request method: 'PUT'
Request headers:
    'Content-Length': '685'
    'x-ms-blob-type': 'REDACTED'
    'x-ms-version': 'REDACTED'
    'Content-Type': 'application/octet-stream'
    'Accept': 'application/xml'
    'User-Agent': 'azsdk-python-storage-blob/12.13.1 Python/3.8.15 (Linux-5.10.124-linuxkit-aarch64-with-glibc2.17)'
    'x-ms-date': 'REDACTED'
    'x-ms-client-request-id': 'd5dea02a-4f1f-11ed-86cc-0242bebc0005'
    'Authorization': 'REDACTED'
A body is sent with the request
[2022-10-18 20:02:47,091] {_universal.py:504} INFO - Response status: 201
Response headers:
    'Content-Length': '0'
    'Content-MD5': 'REDACTED'
    'Last-Modified': 'Tue, 18 Oct 2022 20:02:47 GMT'
    'ETag': '"0x8DAB143BA315742"'
    'Server': 'Windows-Azure-Blob/1.0 Microsoft-HTTPAPI/2.0'
    'x-ms-request-id': '7dcd6e6c-a01e-000a-342c-e31bb0000000'
    'x-ms-client-request-id': 'd5dea02a-4f1f-11ed-86cc-0242bebc0005'
    'x-ms-version': 'REDACTED'
    'x-ms-content-crc64': 'REDACTED'
    'x-ms-request-server-encrypted': 'REDACTED'
    'Date': 'Tue, 18 Oct 2022 20:02:47 GMT'
[2022-10-18 20:02:47,095] {_universal.py:473} INFO - Request URL: 'https://atacananews.blob.core.windows.net/atacana-blob-container/lung-cancer/clinical-trials/20221018/small-cell-lung-cancer/lung-cancer_clinical-trials_20221018_small-cell-lung-cancer_NCT05552846.json'
Request method: 'PUT'
Request headers:
    'Content-Length': '581'
    'x-ms-blob-type': 'REDACTED'
    'x-ms-version': 'REDACTED'
    'Content-Type': 'application/octet-stream'
    'Accept': 'application/xml'
    'User-Agent': 'azsdk-python-storage-blob/12.13.1 Python/3.8.15 (Linux-5.10.124-linuxkit-aarch64-with-glibc2.17)'
    'x-ms-date': 'REDACTED'
    'x-ms-client-request-id': 'd5fb4b44-4f1f-11ed-86cc-0242bebc0005'
    'Authorization': 'REDACTED'
A body is sent with the request
[2022-10-18 20:02:47,287] {_universal.py:504} INFO - Response status: 201
Response headers:
    'Content-Length': '0'
    'Content-MD5': 'REDACTED'
    'Last-Modified': 'Tue, 18 Oct 2022 20:02:47 GMT'
    'ETag': '"0x8DAB143BA4E02CC"'
    'Server': 'Windows-Azure-Blob/1.0 Microsoft-HTTPAPI/2.0'
    'x-ms-request-id': '7dcd6f85-a01e-000a-3e2c-e31bb0000000'
    'x-ms-client-request-id': 'd5fb4b44-4f1f-11ed-86cc-0242bebc0005'
    'x-ms-version': 'REDACTED'
    'x-ms-content-crc64': 'REDACTED'
    'x-ms-request-server-encrypted': 'REDACTED'
    'Date': 'Tue, 18 Oct 2022 20:02:47 GMT'
[2022-10-18 20:02:47,301] {_universal.py:473} INFO - Request URL: 'https://atacananews.blob.core.windows.net/atacana-blob-container/lung-cancer/clinical-trials/20221018/small-cell-lung-cancer/lung-cancer_clinical-trials_20221018_small-cell-lung-cancer_NCT05484583.json'
Request method: 'PUT'
Request headers:
    'Content-Length': '806'
    'x-ms-blob-type': 'REDACTED'
    'x-ms-version': 'REDACTED'
    'Content-Type': 'application/octet-stream'
    'Accept': 'application/xml'
    'User-Agent': 'azsdk-python-storage-blob/12.13.1 Python/3.8.15 (Linux-5.10.124-linuxkit-aarch64-with-glibc2.17)'
    'x-ms-date': 'REDACTED'
    'x-ms-client-request-id': 'd61ad40a-4f1f-11ed-86cc-0242bebc0005'
    'Authorization': 'REDACTED'
A body is sent with the request
[2022-10-18 20:02:47,487] {_universal.py:504} INFO - Response status: 201
Response headers:
    'Content-Length': '0'
    'Content-MD5': 'REDACTED'
    'Last-Modified': 'Tue, 18 Oct 2022 20:02:47 GMT'
    'ETag': '"0x8DAB143BA6DBB30"'
    'Server': 'Windows-Azure-Blob/1.0 Microsoft-HTTPAPI/2.0'
    'x-ms-request-id': '7dcd70df-a01e-000a-0c2c-e31bb0000000'
    'x-ms-client-request-id': 'd61ad40a-4f1f-11ed-86cc-0242bebc0005'
    'x-ms-version': 'REDACTED'
    'x-ms-content-crc64': 'REDACTED'
    'x-ms-request-server-encrypted': 'REDACTED'
    'Date': 'Tue, 18 Oct 2022 20:02:47 GMT'
[2022-10-18 20:02:47,492] {_universal.py:473} INFO - Request URL: 'https://atacananews.blob.core.windows.net/atacana-blob-container/lung-cancer/clinical-trials/20221018/small-cell-lung-cancer/lung-cancer_clinical-trials_20221018_small-cell-lung-cancer_NCT05483543.json'
Request method: 'PUT'
Request headers:
    'Content-Length': '567'
    'x-ms-blob-type': 'REDACTED'
    'x-ms-version': 'REDACTED'
    'Content-Type': 'application/octet-stream'
    'Accept': 'application/xml'
    'User-Agent': 'azsdk-python-storage-blob/12.13.1 Python/3.8.15 (Linux-5.10.124-linuxkit-aarch64-with-glibc2.17)'
    'x-ms-date': 'REDACTED'
    'x-ms-client-request-id': 'd637e4f0-4f1f-11ed-86cc-0242bebc0005'
    'Authorization': 'REDACTED'
A body is sent with the request
[2022-10-18 20:02:47,676] {_universal.py:504} INFO - Response status: 201
Response headers:
    'Content-Length': '0'
    'Content-MD5': 'REDACTED'
    'Last-Modified': 'Tue, 18 Oct 2022 20:02:47 GMT'
    'ETag': '"0x8DAB143BA8AB4E0"'
    'Server': 'Windows-Azure-Blob/1.0 Microsoft-HTTPAPI/2.0'
    'x-ms-request-id': '7dcd71ed-a01e-000a-142c-e31bb0000000'
    'x-ms-client-request-id': 'd637e4f0-4f1f-11ed-86cc-0242bebc0005'
    'x-ms-version': 'REDACTED'
    'x-ms-content-crc64': 'REDACTED'
    'x-ms-request-server-encrypted': 'REDACTED'
    'Date': 'Tue, 18 Oct 2022 20:02:47 GMT'
[2022-10-18 20:02:47,679] {_universal.py:473} INFO - Request URL: 'https://atacananews.blob.core.windows.net/atacana-blob-container/lung-cancer/clinical-trials/20221018/small-cell-lung-cancer/lung-cancer_clinical-trials_20221018_small-cell-lung-cancer_NCT05578326.json'
Request method: 'PUT'
Request headers:
    'Content-Length': '594'
    'x-ms-blob-type': 'REDACTED'
    'x-ms-version': 'REDACTED'
    'Content-Type': 'application/octet-stream'
    'Accept': 'application/xml'
    'User-Agent': 'azsdk-python-storage-blob/12.13.1 Python/3.8.15 (Linux-5.10.124-linuxkit-aarch64-with-glibc2.17)'
    'x-ms-date': 'REDACTED'
    'x-ms-client-request-id': 'd6546fd0-4f1f-11ed-86cc-0242bebc0005'
    'Authorization': 'REDACTED'
A body is sent with the request
[2022-10-18 20:02:47,863] {_universal.py:504} INFO - Response status: 201
Response headers:
    'Content-Length': '0'
    'Content-MD5': 'REDACTED'
    'Last-Modified': 'Tue, 18 Oct 2022 20:02:47 GMT'
    'ETag': '"0x8DAB143BAA73962"'
    'Server': 'Windows-Azure-Blob/1.0 Microsoft-HTTPAPI/2.0'
    'x-ms-request-id': '7dcd72ed-a01e-000a-052c-e31bb0000000'
    'x-ms-client-request-id': 'd6546fd0-4f1f-11ed-86cc-0242bebc0005'
    'x-ms-version': 'REDACTED'
    'x-ms-content-crc64': 'REDACTED'
    'x-ms-request-server-encrypted': 'REDACTED'
    'Date': 'Tue, 18 Oct 2022 20:02:47 GMT'
[2022-10-18 20:02:47,866] {_universal.py:473} INFO - Request URL: 'https://atacananews.blob.core.windows.net/atacana-blob-container/lung-cancer/clinical-trials/20221018/small-cell-lung-cancer/lung-cancer_clinical-trials_20221018_small-cell-lung-cancer_NCT05523908.json'
Request method: 'PUT'
Request headers:
    'Content-Length': '618'
    'x-ms-blob-type': 'REDACTED'
    'x-ms-version': 'REDACTED'
    'Content-Type': 'application/octet-stream'
    'Accept': 'application/xml'
    'User-Agent': 'azsdk-python-storage-blob/12.13.1 Python/3.8.15 (Linux-5.10.124-linuxkit-aarch64-with-glibc2.17)'
    'x-ms-date': 'REDACTED'
    'x-ms-client-request-id': 'd670ef2a-4f1f-11ed-86cc-0242bebc0005'
    'Authorization': 'REDACTED'
A body is sent with the request
[2022-10-18 20:02:48,051] {_universal.py:504} INFO - Response status: 201
Response headers:
    'Content-Length': '0'
    'Content-MD5': 'REDACTED'
    'Last-Modified': 'Tue, 18 Oct 2022 20:02:48 GMT'
    'ETag': '"0x8DAB143BAC43319"'
    'Server': 'Windows-Azure-Blob/1.0 Microsoft-HTTPAPI/2.0'
    'x-ms-request-id': '7dcd73bc-a01e-000a-4b2c-e31bb0000000'
    'x-ms-client-request-id': 'd670ef2a-4f1f-11ed-86cc-0242bebc0005'
    'x-ms-version': 'REDACTED'
    'x-ms-content-crc64': 'REDACTED'
    'x-ms-request-server-encrypted': 'REDACTED'
    'Date': 'Tue, 18 Oct 2022 20:02:47 GMT'
[2022-10-18 20:02:48,053] {_universal.py:473} INFO - Request URL: 'https://atacananews.blob.core.windows.net/atacana-blob-container/lung-cancer/clinical-trials/20221018/small-cell-lung-cancer/lung-cancer_clinical-trials_20221018_small-cell-lung-cancer_NCT05507593.json'
Request method: 'PUT'
Request headers:
    'Content-Length': '595'
    'x-ms-blob-type': 'REDACTED'
    'x-ms-version': 'REDACTED'
    'Content-Type': 'application/octet-stream'
    'Accept': 'application/xml'
    'User-Agent': 'azsdk-python-storage-blob/12.13.1 Python/3.8.15 (Linux-5.10.124-linuxkit-aarch64-with-glibc2.17)'
    'x-ms-date': 'REDACTED'
    'x-ms-client-request-id': 'd68d8680-4f1f-11ed-86cc-0242bebc0005'
    'Authorization': 'REDACTED'
A body is sent with the request
[2022-10-18 20:02:48,238] {_universal.py:504} INFO - Response status: 201
Response headers:
    'Content-Length': '0'
    'Content-MD5': 'REDACTED'
    'Last-Modified': 'Tue, 18 Oct 2022 20:02:48 GMT'
    'ETag': '"0x8DAB143BAE06985"'
    'Server': 'Windows-Azure-Blob/1.0 Microsoft-HTTPAPI/2.0'
    'x-ms-request-id': '7dcd749e-a01e-000a-1e2c-e31bb0000000'
    'x-ms-client-request-id': 'd68d8680-4f1f-11ed-86cc-0242bebc0005'
    'x-ms-version': 'REDACTED'
    'x-ms-content-crc64': 'REDACTED'
    'x-ms-request-server-encrypted': 'REDACTED'
    'Date': 'Tue, 18 Oct 2022 20:02:48 GMT'
[2022-10-18 20:02:48,240] {_universal.py:473} INFO - Request URL: 'https://atacananews.blob.core.windows.net/atacana-blob-container/lung-cancer/clinical-trials/20221018/small-cell-lung-cancer/lung-cancer_clinical-trials_20221018_small-cell-lung-cancer_NCT05566041.json'
Request method: 'PUT'
Request headers:
    'Content-Length': '719'
    'x-ms-blob-type': 'REDACTED'
    'x-ms-version': 'REDACTED'
    'Content-Type': 'application/octet-stream'
    'Accept': 'application/xml'
    'User-Agent': 'azsdk-python-storage-blob/12.13.1 Python/3.8.15 (Linux-5.10.124-linuxkit-aarch64-with-glibc2.17)'
    'x-ms-date': 'REDACTED'
    'x-ms-client-request-id': 'd6aa1d22-4f1f-11ed-86cc-0242bebc0005'
    'Authorization': 'REDACTED'
A body is sent with the request
[2022-10-18 20:02:48,430] {_universal.py:504} INFO - Response status: 201
Response headers:
    'Content-Length': '0'
    'Content-MD5': 'REDACTED'
    'Last-Modified': 'Tue, 18 Oct 2022 20:02:48 GMT'
    'ETag': '"0x8DAB143BAFD3C2E"'
    'Server': 'Windows-Azure-Blob/1.0 Microsoft-HTTPAPI/2.0'
    'x-ms-request-id': '7dcd757b-a01e-000a-6a2c-e31bb0000000'
    'x-ms-client-request-id': 'd6aa1d22-4f1f-11ed-86cc-0242bebc0005'
    'x-ms-version': 'REDACTED'
    'x-ms-content-crc64': 'REDACTED'
    'x-ms-request-server-encrypted': 'REDACTED'
    'Date': 'Tue, 18 Oct 2022 20:02:48 GMT'
[2022-10-18 20:02:48,432] {_universal.py:473} INFO - Request URL: 'https://atacananews.blob.core.windows.net/atacana-blob-container/lung-cancer/clinical-trials/20221018/small-cell-lung-cancer/lung-cancer_clinical-trials_20221018_small-cell-lung-cancer_NCT05505825.json'
Request method: 'PUT'
Request headers:
    'Content-Length': '616'
    'x-ms-blob-type': 'REDACTED'
    'x-ms-version': 'REDACTED'
    'Content-Type': 'application/octet-stream'
    'Accept': 'application/xml'
    'User-Agent': 'azsdk-python-storage-blob/12.13.1 Python/3.8.15 (Linux-5.10.124-linuxkit-aarch64-with-glibc2.17)'
    'x-ms-date': 'REDACTED'
    'x-ms-client-request-id': 'd6c75fcc-4f1f-11ed-86cc-0242bebc0005'
    'Authorization': 'REDACTED'
A body is sent with the request
[2022-10-18 20:02:48,619] {_universal.py:504} INFO - Response status: 201
Response headers:
    'Content-Length': '0'
    'Content-MD5': 'REDACTED'
    'Last-Modified': 'Tue, 18 Oct 2022 20:02:48 GMT'
    'ETag': '"0x8DAB143BB1A83DA"'
    'Server': 'Windows-Azure-Blob/1.0 Microsoft-HTTPAPI/2.0'
    'x-ms-request-id': '7dcd767e-a01e-000a-5a2c-e31bb0000000'
    'x-ms-client-request-id': 'd6c75fcc-4f1f-11ed-86cc-0242bebc0005'
    'x-ms-version': 'REDACTED'
    'x-ms-content-crc64': 'REDACTED'
    'x-ms-request-server-encrypted': 'REDACTED'
    'Date': 'Tue, 18 Oct 2022 20:02:48 GMT'
[2022-10-18 20:02:48,622] {_universal.py:473} INFO - Request URL: 'https://atacananews.blob.core.windows.net/atacana-blob-container/lung-cancer/clinical-trials/20221018/small-cell-lung-cancer/lung-cancer_clinical-trials_20221018_small-cell-lung-cancer_NCT05527821.json'
Request method: 'PUT'
Request headers:
    'Content-Length': '693'
    'x-ms-blob-type': 'REDACTED'
    'x-ms-version': 'REDACTED'
    'Content-Type': 'application/octet-stream'
    'Accept': 'application/xml'
    'User-Agent': 'azsdk-python-storage-blob/12.13.1 Python/3.8.15 (Linux-5.10.124-linuxkit-aarch64-with-glibc2.17)'
    'x-ms-date': 'REDACTED'
    'x-ms-client-request-id': 'd6e4591a-4f1f-11ed-86cc-0242bebc0005'
    'Authorization': 'REDACTED'
A body is sent with the request
[2022-10-18 20:02:48,813] {_universal.py:504} INFO - Response status: 201
Response headers:
    'Content-Length': '0'
    'Content-MD5': 'REDACTED'
    'Last-Modified': 'Tue, 18 Oct 2022 20:02:48 GMT'
    'ETag': '"0x8DAB143BB37F2A1"'
    'Server': 'Windows-Azure-Blob/1.0 Microsoft-HTTPAPI/2.0'
    'x-ms-request-id': '7dcd777e-a01e-000a-4b2c-e31bb0000000'
    'x-ms-client-request-id': 'd6e4591a-4f1f-11ed-86cc-0242bebc0005'
    'x-ms-version': 'REDACTED'
    'x-ms-content-crc64': 'REDACTED'
    'x-ms-request-server-encrypted': 'REDACTED'
    'Date': 'Tue, 18 Oct 2022 20:02:48 GMT'
[2022-10-18 20:02:48,815] {_universal.py:473} INFO - Request URL: 'https://atacananews.blob.core.windows.net/atacana-blob-container/lung-cancer/clinical-trials/20221018/small-cell-lung-cancer/lung-cancer_clinical-trials_20221018_small-cell-lung-cancer_NCT05490472.json'
Request method: 'PUT'
Request headers:
    'Content-Length': '670'
    'x-ms-blob-type': 'REDACTED'
    'x-ms-version': 'REDACTED'
    'Content-Type': 'application/octet-stream'
    'Accept': 'application/xml'
    'User-Agent': 'azsdk-python-storage-blob/12.13.1 Python/3.8.15 (Linux-5.10.124-linuxkit-aarch64-with-glibc2.17)'
    'x-ms-date': 'REDACTED'
    'x-ms-client-request-id': 'd701c022-4f1f-11ed-86cc-0242bebc0005'
    'Authorization': 'REDACTED'
A body is sent with the request
[2022-10-18 20:02:49,001] {_universal.py:504} INFO - Response status: 201
Response headers:
    'Content-Length': '0'
    'Content-MD5': 'REDACTED'
    'Last-Modified': 'Tue, 18 Oct 2022 20:02:49 GMT'
    'ETag': '"0x8DAB143BB549E36"'
    'Server': 'Windows-Azure-Blob/1.0 Microsoft-HTTPAPI/2.0'
    'x-ms-request-id': '7dcd788e-a01e-000a-4e2c-e31bb0000000'
    'x-ms-client-request-id': 'd701c022-4f1f-11ed-86cc-0242bebc0005'
    'x-ms-version': 'REDACTED'
    'x-ms-content-crc64': 'REDACTED'
    'x-ms-request-server-encrypted': 'REDACTED'
    'Date': 'Tue, 18 Oct 2022 20:02:48 GMT'
[2022-10-18 20:02:49,003] {_universal.py:473} INFO - Request URL: 'https://atacananews.blob.core.windows.net/atacana-blob-container/lung-cancer/clinical-trials/20221018/small-cell-lung-cancer/lung-cancer_clinical-trials_20221018_small-cell-lung-cancer_NCT05563272.json'
Request method: 'PUT'
Request headers:
    'Content-Length': '894'
    'x-ms-blob-type': 'REDACTED'
    'x-ms-version': 'REDACTED'
    'Content-Type': 'application/octet-stream'
    'Accept': 'application/xml'
    'User-Agent': 'azsdk-python-storage-blob/12.13.1 Python/3.8.15 (Linux-5.10.124-linuxkit-aarch64-with-glibc2.17)'
    'x-ms-date': 'REDACTED'
    'x-ms-client-request-id': 'd71e6c22-4f1f-11ed-86cc-0242bebc0005'
    'Authorization': 'REDACTED'
A body is sent with the request
[2022-10-18 20:02:49,185] {_universal.py:504} INFO - Response status: 201
Response headers:
    'Content-Length': '0'
    'Content-MD5': 'REDACTED'
    'Last-Modified': 'Tue, 18 Oct 2022 20:02:49 GMT'
    'ETag': '"0x8DAB143BB70FBAE"'
    'Server': 'Windows-Azure-Blob/1.0 Microsoft-HTTPAPI/2.0'
    'x-ms-request-id': '7dcd79ba-a01e-000a-702c-e31bb0000000'
    'x-ms-client-request-id': 'd71e6c22-4f1f-11ed-86cc-0242bebc0005'
    'x-ms-version': 'REDACTED'
    'x-ms-content-crc64': 'REDACTED'
    'x-ms-request-server-encrypted': 'REDACTED'
    'Date': 'Tue, 18 Oct 2022 20:02:49 GMT'
[2022-10-18 20:02:49,187] {_universal.py:473} INFO - Request URL: 'https://atacananews.blob.core.windows.net/atacana-blob-container/lung-cancer/clinical-trials/20221018/small-cell-lung-cancer/lung-cancer_clinical-trials_20221018_small-cell-lung-cancer_NCT05582031.json'
Request method: 'PUT'
Request headers:
    'Content-Length': '911'
    'x-ms-blob-type': 'REDACTED'
    'x-ms-version': 'REDACTED'
    'Content-Type': 'application/octet-stream'
    'Accept': 'application/xml'
    'User-Agent': 'azsdk-python-storage-blob/12.13.1 Python/3.8.15 (Linux-5.10.124-linuxkit-aarch64-with-glibc2.17)'
    'x-ms-date': 'REDACTED'
    'x-ms-client-request-id': 'd73a967c-4f1f-11ed-86cc-0242bebc0005'
    'Authorization': 'REDACTED'
A body is sent with the request
[2022-10-18 20:02:49,372] {_universal.py:504} INFO - Response status: 201
Response headers:
    'Content-Length': '0'
    'Content-MD5': 'REDACTED'
    'Last-Modified': 'Tue, 18 Oct 2022 20:02:49 GMT'
    'ETag': '"0x8DAB143BB8D592F"'
    'Server': 'Windows-Azure-Blob/1.0 Microsoft-HTTPAPI/2.0'
    'x-ms-request-id': '7dcd7ad2-a01e-000a-052c-e31bb0000000'
    'x-ms-client-request-id': 'd73a967c-4f1f-11ed-86cc-0242bebc0005'
    'x-ms-version': 'REDACTED'
    'x-ms-content-crc64': 'REDACTED'
    'x-ms-request-server-encrypted': 'REDACTED'
    'Date': 'Tue, 18 Oct 2022 20:02:49 GMT'
[2022-10-18 20:02:49,374] {_universal.py:473} INFO - Request URL: 'https://atacananews.blob.core.windows.net/atacana-blob-container/lung-cancer/clinical-trials/20221018/small-cell-lung-cancer/lung-cancer_clinical-trials_20221018_small-cell-lung-cancer_NCT05557708.json'
Request method: 'PUT'
Request headers:
    'Content-Length': '753'
    'x-ms-blob-type': 'REDACTED'
    'x-ms-version': 'REDACTED'
    'Content-Type': 'application/octet-stream'
    'Accept': 'application/xml'
    'User-Agent': 'azsdk-python-storage-blob/12.13.1 Python/3.8.15 (Linux-5.10.124-linuxkit-aarch64-with-glibc2.17)'
    'x-ms-date': 'REDACTED'
    'x-ms-client-request-id': 'd7571590-4f1f-11ed-86cc-0242bebc0005'
    'Authorization': 'REDACTED'
A body is sent with the request
[2022-10-18 20:02:49,562] {_universal.py:504} INFO - Response status: 201
Response headers:
    'Content-Length': '0'
    'Content-MD5': 'REDACTED'
    'Last-Modified': 'Tue, 18 Oct 2022 20:02:49 GMT'
    'ETag': '"0x8DAB143BBAA2BD9"'
    'Server': 'Windows-Azure-Blob/1.0 Microsoft-HTTPAPI/2.0'
    'x-ms-request-id': '7dcd7bb2-a01e-000a-5e2c-e31bb0000000'
    'x-ms-client-request-id': 'd7571590-4f1f-11ed-86cc-0242bebc0005'
    'x-ms-version': 'REDACTED'
    'x-ms-content-crc64': 'REDACTED'
    'x-ms-request-server-encrypted': 'REDACTED'
    'Date': 'Tue, 18 Oct 2022 20:02:49 GMT'
[2022-10-18 20:02:49,565] {_universal.py:473} INFO - Request URL: 'https://atacananews.blob.core.windows.net/atacana-blob-container/lung-cancer/clinical-trials/20221018/small-cell-lung-cancer/lung-cancer_clinical-trials_20221018_small-cell-lung-cancer_NCT05546268.json'
Request method: 'PUT'
Request headers:
    'Content-Length': '712'
    'x-ms-blob-type': 'REDACTED'
    'x-ms-version': 'REDACTED'
    'Content-Type': 'application/octet-stream'
    'Accept': 'application/xml'
    'User-Agent': 'azsdk-python-storage-blob/12.13.1 Python/3.8.15 (Linux-5.10.124-linuxkit-aarch64-with-glibc2.17)'
    'x-ms-date': 'REDACTED'
    'x-ms-client-request-id': 'd7742c48-4f1f-11ed-86cc-0242bebc0005'
    'Authorization': 'REDACTED'
A body is sent with the request
[2022-10-18 20:02:49,764] {_universal.py:504} INFO - Response status: 201
Response headers:
    'Content-Length': '0'
    'Content-MD5': 'REDACTED'
    'Last-Modified': 'Tue, 18 Oct 2022 20:02:49 GMT'
    'ETag': '"0x8DAB143BBC9480D"'
    'Server': 'Windows-Azure-Blob/1.0 Microsoft-HTTPAPI/2.0'
    'x-ms-request-id': '7dcd7cbd-a01e-000a-642c-e31bb0000000'
    'x-ms-client-request-id': 'd7742c48-4f1f-11ed-86cc-0242bebc0005'
    'x-ms-version': 'REDACTED'
    'x-ms-content-crc64': 'REDACTED'
    'x-ms-request-server-encrypted': 'REDACTED'
    'Date': 'Tue, 18 Oct 2022 20:02:49 GMT'
[2022-10-18 20:02:49,767] {python.py:173} INFO - Done. Returned value was: None
[2022-10-18 20:02:49,776] {taskinstance.py:1395} INFO - Marking task as SUCCESS. dag_id=clinical_trials__lung_cancer__etl__20220109, task_id=load_data_to_blob_storage_task, map_index=62, execution_date=20221018T180000, start_date=20221018T200245, end_date=20221018T200249
[2022-10-18 20:02:49,810] {local_task_job.py:156} INFO - Task exited with return code 0
[2022-10-18 20:02:49,861] {local_task_job.py:273} INFO - 0 downstream tasks scheduled from follow-on schedule check
