[2022-10-18 18:04:09,446] {taskinstance.py:1159} INFO - Dependencies all met for <TaskInstance: clinical_trials__lung_cancer__etl__20220109.load_data_to_mongodb_task scheduled__2022-10-18T16:00:00+00:00 map_index=3 [queued]>
[2022-10-18 18:04:09,456] {taskinstance.py:1159} INFO - Dependencies all met for <TaskInstance: clinical_trials__lung_cancer__etl__20220109.load_data_to_mongodb_task scheduled__2022-10-18T16:00:00+00:00 map_index=3 [queued]>
[2022-10-18 18:04:09,457] {taskinstance.py:1356} INFO - 
--------------------------------------------------------------------------------
[2022-10-18 18:04:09,458] {taskinstance.py:1357} INFO - Starting attempt 1 of 1
[2022-10-18 18:04:09,459] {taskinstance.py:1358} INFO - 
--------------------------------------------------------------------------------
[2022-10-18 18:04:09,468] {taskinstance.py:1377} INFO - Executing <Mapped(_PythonDecoratedOperator): load_data_to_mongodb_task> on 2022-10-18 16:00:00+00:00
[2022-10-18 18:04:09,472] {standard_task_runner.py:52} INFO - Started process 2839 to run task
[2022-10-18 18:04:09,476] {standard_task_runner.py:79} INFO - Running: ['airflow', 'tasks', 'run', 'clinical_trials__lung_cancer__etl__20220109', 'load_data_to_mongodb_task', 'scheduled__2022-10-18T16:00:00+00:00', '--job-id', '389', '--raw', '--subdir', 'DAGS_FOLDER/process_news_dags.py', '--cfg-path', '/tmp/tmp5jwx0wi8', '--map-index', '3', '--error-file', '/tmp/tmpk7ye5dps']
[2022-10-18 18:04:09,478] {standard_task_runner.py:80} INFO - Job 389: Subtask load_data_to_mongodb_task
[2022-10-18 18:04:09,489] {logging_mixin.py:115} WARNING - /root/.cache/pypoetry/virtualenvs/***-tXitOD5F-py3.8/lib/python3.8/site-packages/airflow/configuration.py:525 DeprecationWarning: The sql_alchemy_conn option in [core] has been moved to the sql_alchemy_conn option in [database] - the old setting has been used, but please update your config.
[2022-10-18 18:04:09,516] {task_command.py:370} INFO - Running <TaskInstance: clinical_trials__lung_cancer__etl__20220109.load_data_to_mongodb_task scheduled__2022-10-18T16:00:00+00:00 map_index=3 [running]> on host 6cdf6d517dc4
[2022-10-18 18:04:09,556] {taskinstance.py:1569} INFO - Exporting the following env vars:
AIRFLOW_CTX_DAG_EMAIL=wais@datakimia.com,david@datakimia.com,juanm@datakimia.com,tomas@datakimia.com
AIRFLOW_CTX_DAG_OWNER=atacana
AIRFLOW_CTX_DAG_ID=clinical_trials__lung_cancer__etl__20220109
AIRFLOW_CTX_TASK_ID=load_data_to_mongodb_task
AIRFLOW_CTX_EXECUTION_DATE=2022-10-18T16:00:00+00:00
AIRFLOW_CTX_TRY_NUMBER=1
AIRFLOW_CTX_DAG_RUN_ID=scheduled__2022-10-18T16:00:00+00:00
[2022-10-18 18:04:09,558] {process_news_dag_factory.py:128} INFO - Going to load data from clinical_trials about topic AZD-2281
[2022-10-18 18:04:09,576] {db_helpers.py:35} INFO - Connected successfully!!!
[2022-10-18 18:04:09,580] {_universal.py:476} INFO - Request URL: 'https://atacananews.blob.core.windows.net/atacana-blob-container?restype=REDACTED&comp=REDACTED&prefix=REDACTED&delimiter=REDACTED'
Request method: 'GET'
Request headers:
    'x-ms-version': 'REDACTED'
    'Accept': 'application/xml'
    'User-Agent': 'azsdk-python-storage-blob/12.13.1 Python/3.8.15 (Linux-5.10.124-linuxkit-aarch64-with-glibc2.17)'
    'x-ms-date': 'REDACTED'
    'x-ms-client-request-id': '439cb482-4f0f-11ed-a89a-0242bebc0005'
    'Authorization': 'REDACTED'
No body was attached to the request
[2022-10-18 18:04:10,512] {_universal.py:504} INFO - Response status: 200
Response headers:
    'Transfer-Encoding': 'chunked'
    'Content-Type': 'application/xml'
    'Server': 'Windows-Azure-Blob/1.0 Microsoft-HTTPAPI/2.0'
    'x-ms-request-id': '4b47bcdb-801e-0032-4f1c-e3bf70000000'
    'x-ms-client-request-id': '439cb482-4f0f-11ed-a89a-0242bebc0005'
    'x-ms-version': 'REDACTED'
    'Date': 'Tue, 18 Oct 2022 18:04:09 GMT'
[2022-10-18 18:04:10,522] {_universal.py:476} INFO - Request URL: 'https://atacananews.blob.core.windows.net/atacana-blob-container/lung-cancer/clinical-trials/20221018/azd-2281/lung-cancer_clinical-trials_20221018_azd-2281_NCT05457257.json'
Request method: 'GET'
Request headers:
    'x-ms-range': 'REDACTED'
    'x-ms-version': 'REDACTED'
    'Accept': 'application/xml'
    'User-Agent': 'azsdk-python-storage-blob/12.13.1 Python/3.8.15 (Linux-5.10.124-linuxkit-aarch64-with-glibc2.17)'
    'x-ms-date': 'REDACTED'
    'x-ms-client-request-id': '442c674e-4f0f-11ed-a89a-0242bebc0005'
    'Authorization': 'REDACTED'
No body was attached to the request
[2022-10-18 18:04:10,706] {_universal.py:504} INFO - Response status: 206
Response headers:
    'Content-Length': '819'
    'Content-Type': 'application/octet-stream'
    'Content-Range': 'REDACTED'
    'Last-Modified': 'Tue, 18 Oct 2022 18:01:33 GMT'
    'Accept-Ranges': 'REDACTED'
    'ETag': '"0x8DAB132CAEBB674"'
    'Server': 'Windows-Azure-Blob/1.0 Microsoft-HTTPAPI/2.0'
    'x-ms-request-id': '4b47bd72-801e-0032-5a1c-e3bf70000000'
    'x-ms-client-request-id': '442c674e-4f0f-11ed-a89a-0242bebc0005'
    'x-ms-version': 'REDACTED'
    'x-ms-creation-time': 'REDACTED'
    'x-ms-blob-content-md5': 'REDACTED'
    'x-ms-lease-status': 'REDACTED'
    'x-ms-lease-state': 'REDACTED'
    'x-ms-blob-type': 'REDACTED'
    'x-ms-server-encrypted': 'REDACTED'
    'Date': 'Tue, 18 Oct 2022 18:04:09 GMT'
[2022-10-18 18:04:10,725] {logging_mixin.py:115} INFO - <class 'pandas.core.frame.DataFrame'>
RangeIndex: 1 entries, 0 to 0
Data columns (total 13 columns):
 #   Column            Non-Null Count  Dtype 
---  ------            --------------  ----- 
 0   title             1 non-null      object
 1   link              1 non-null      object
 2   id                1 non-null      object
 3   published_at      1 non-null      object
 4   conditions        1 non-null      object
 5   intervention      1 non-null      object
 6   publisher         1 non-null      object
 7   status            1 non-null      object
 8   source            1 non-null      object
 9   keyword           1 non-null      object
 10  indication        1 non-null      object
 11  therapeutic_area  1 non-null      object
 12  updated_at        1 non-null      object
dtypes: object(13)
memory usage: 232.0+ bytes
[2022-10-18 18:04:10,728] {process_news_dag_factory.py:159} INFO - None
[2022-10-18 18:04:10,732] {process_news_dag_factory.py:167} INFO - {'id': 'NCT05457257', 'source': 'clinical_trials', 'therapeutic_area': 'Oncology', 'indication': 'Lung Cancer', 'keyword': 'AZD 2281', 'title': 'Clinical Study to Assess the Efficacy and Safety of Olaparib in Chinese Patients With Metastatic Castration-Resistant Prostate Cancer Who Have Failed Prior Treatment With a New Hormonal Agent and Have BRCA1/2 Mutations', 'link': 'https://clinicaltrials.gov/ct2/show/NCT05457257?cond=AZD+2281&sfpd_d=100', 'publisher': 'AstraZeneca;   Merck Sharp & Dohme LLC;   Foundation Medicine, Inc.;   Myriad Genetics, Inc.', 'published_at': '2022-07-13T12:00:00.000Z', 'updated_at': '2022-10-18T18:00:15.433Z', 'atacana_team': None, 'category': None, 'priority': None, 'content': None}
[2022-10-18 18:04:11,952] {_universal.py:476} INFO - Request URL: 'https://atacananews.blob.core.windows.net/atacana-blob-container/lung-cancer/clinical-trials/20221018/azd-2281/lung-cancer_clinical-trials_20221018_azd-2281_NCT05463848.json'
Request method: 'GET'
Request headers:
    'x-ms-range': 'REDACTED'
    'x-ms-version': 'REDACTED'
    'Accept': 'application/xml'
    'User-Agent': 'azsdk-python-storage-blob/12.13.1 Python/3.8.15 (Linux-5.10.124-linuxkit-aarch64-with-glibc2.17)'
    'x-ms-date': 'REDACTED'
    'x-ms-client-request-id': '4506a5bc-4f0f-11ed-a89a-0242bebc0005'
    'Authorization': 'REDACTED'
No body was attached to the request
[2022-10-18 18:04:12,140] {_universal.py:504} INFO - Response status: 206
Response headers:
    'Content-Length': '570'
    'Content-Type': 'application/octet-stream'
    'Content-Range': 'REDACTED'
    'Last-Modified': 'Tue, 18 Oct 2022 18:01:32 GMT'
    'Accept-Ranges': 'REDACTED'
    'ETag': '"0x8DAB132CA762258"'
    'Server': 'Windows-Azure-Blob/1.0 Microsoft-HTTPAPI/2.0'
    'x-ms-request-id': '4b47c020-801e-0032-411c-e3bf70000000'
    'x-ms-client-request-id': '4506a5bc-4f0f-11ed-a89a-0242bebc0005'
    'x-ms-version': 'REDACTED'
    'x-ms-creation-time': 'REDACTED'
    'x-ms-blob-content-md5': 'REDACTED'
    'x-ms-lease-status': 'REDACTED'
    'x-ms-lease-state': 'REDACTED'
    'x-ms-blob-type': 'REDACTED'
    'x-ms-server-encrypted': 'REDACTED'
    'Date': 'Tue, 18 Oct 2022 18:04:11 GMT'
[2022-10-18 18:04:12,147] {logging_mixin.py:115} INFO - <class 'pandas.core.frame.DataFrame'>
RangeIndex: 1 entries, 0 to 0
Data columns (total 13 columns):
 #   Column            Non-Null Count  Dtype 
---  ------            --------------  ----- 
 0   title             1 non-null      object
 1   link              1 non-null      object
 2   id                1 non-null      object
 3   published_at      1 non-null      object
 4   conditions        1 non-null      object
 5   intervention      1 non-null      object
 6   publisher         1 non-null      object
 7   status            1 non-null      object
 8   source            1 non-null      object
 9   keyword           1 non-null      object
 10  indication        1 non-null      object
 11  therapeutic_area  1 non-null      object
 12  updated_at        1 non-null      object
dtypes: object(13)
memory usage: 232.0+ bytes
[2022-10-18 18:04:12,148] {process_news_dag_factory.py:159} INFO - None
[2022-10-18 18:04:12,151] {process_news_dag_factory.py:167} INFO - {'id': 'NCT05463848', 'source': 'clinical_trials', 'therapeutic_area': 'Oncology', 'indication': 'Lung Cancer', 'keyword': 'AZD 2281', 'title': 'Surgical Pembro +/- Olaparib w TMZ for rGBM', 'link': 'https://clinicaltrials.gov/ct2/show/NCT05463848?cond=AZD+2281&sfpd_d=100', 'publisher': 'Patrick Y. Wen, MD;   Merck Sharp & Dohme LLC', 'published_at': '2022-07-19T12:00:00.000Z', 'updated_at': '2022-10-18T18:00:15.433Z', 'atacana_team': None, 'category': None, 'priority': None, 'content': None}
[2022-10-18 18:04:12,360] {_universal.py:476} INFO - Request URL: 'https://atacananews.blob.core.windows.net/atacana-blob-container/lung-cancer/clinical-trials/20221018/azd-2281/lung-cancer_clinical-trials_20221018_azd-2281_NCT05482074.json'
Request method: 'GET'
Request headers:
    'x-ms-range': 'REDACTED'
    'x-ms-version': 'REDACTED'
    'Accept': 'application/xml'
    'User-Agent': 'azsdk-python-storage-blob/12.13.1 Python/3.8.15 (Linux-5.10.124-linuxkit-aarch64-with-glibc2.17)'
    'x-ms-date': 'REDACTED'
    'x-ms-client-request-id': '4544e700-4f0f-11ed-a89a-0242bebc0005'
    'Authorization': 'REDACTED'
No body was attached to the request
[2022-10-18 18:04:12,540] {_universal.py:504} INFO - Response status: 206
Response headers:
    'Content-Length': '589'
    'Content-Type': 'application/octet-stream'
    'Content-Range': 'REDACTED'
    'Last-Modified': 'Tue, 18 Oct 2022 18:01:32 GMT'
    'Accept-Ranges': 'REDACTED'
    'ETag': '"0x8DAB132CA3E0384"'
    'Server': 'Windows-Azure-Blob/1.0 Microsoft-HTTPAPI/2.0'
    'x-ms-request-id': '4b47c0fd-801e-0032-021c-e3bf70000000'
    'x-ms-client-request-id': '4544e700-4f0f-11ed-a89a-0242bebc0005'
    'x-ms-version': 'REDACTED'
    'x-ms-creation-time': 'REDACTED'
    'x-ms-blob-content-md5': 'REDACTED'
    'x-ms-lease-status': 'REDACTED'
    'x-ms-lease-state': 'REDACTED'
    'x-ms-blob-type': 'REDACTED'
    'x-ms-server-encrypted': 'REDACTED'
    'Date': 'Tue, 18 Oct 2022 18:04:11 GMT'
[2022-10-18 18:04:12,545] {logging_mixin.py:115} INFO - <class 'pandas.core.frame.DataFrame'>
RangeIndex: 1 entries, 0 to 0
Data columns (total 13 columns):
 #   Column            Non-Null Count  Dtype 
---  ------            --------------  ----- 
 0   title             1 non-null      object
 1   link              1 non-null      object
 2   id                1 non-null      object
 3   published_at      1 non-null      object
 4   conditions        1 non-null      object
 5   intervention      1 non-null      object
 6   publisher         1 non-null      object
 7   status            1 non-null      object
 8   source            1 non-null      object
 9   keyword           1 non-null      object
 10  indication        1 non-null      object
 11  therapeutic_area  1 non-null      object
 12  updated_at        1 non-null      object
dtypes: object(13)
memory usage: 232.0+ bytes
[2022-10-18 18:04:12,547] {process_news_dag_factory.py:159} INFO - None
[2022-10-18 18:04:12,550] {process_news_dag_factory.py:167} INFO - {'id': 'NCT05482074', 'source': 'clinical_trials', 'therapeutic_area': 'Oncology', 'indication': 'Lung Cancer', 'keyword': 'AZD 2281', 'title': 'Olaparib in Unresectable/Metastatic Melanoma With BRCA1/2', 'link': 'https://clinicaltrials.gov/ct2/show/NCT05482074?cond=AZD+2281&sfpd_d=100', 'publisher': 'Dana-Farber Cancer Institute;   AstraZeneca', 'published_at': '2022-08-01T12:00:00.000Z', 'updated_at': '2022-10-18T18:00:15.433Z', 'atacana_team': None, 'category': None, 'priority': None, 'content': None}
[2022-10-18 18:04:12,761] {_universal.py:476} INFO - Request URL: 'https://atacananews.blob.core.windows.net/atacana-blob-container/lung-cancer/clinical-trials/20221018/azd-2281/lung-cancer_clinical-trials_20221018_azd-2281_NCT05485766.json'
Request method: 'GET'
Request headers:
    'x-ms-range': 'REDACTED'
    'x-ms-version': 'REDACTED'
    'Accept': 'application/xml'
    'User-Agent': 'azsdk-python-storage-blob/12.13.1 Python/3.8.15 (Linux-5.10.124-linuxkit-aarch64-with-glibc2.17)'
    'x-ms-date': 'REDACTED'
    'x-ms-client-request-id': '45821b66-4f0f-11ed-a89a-0242bebc0005'
    'Authorization': 'REDACTED'
No body was attached to the request
[2022-10-18 18:04:12,942] {_universal.py:504} INFO - Response status: 206
Response headers:
    'Content-Length': '831'
    'Content-Type': 'application/octet-stream'
    'Content-Range': 'REDACTED'
    'Last-Modified': 'Tue, 18 Oct 2022 18:01:34 GMT'
    'Accept-Ranges': 'REDACTED'
    'ETag': '"0x8DAB132CB2B7550"'
    'Server': 'Windows-Azure-Blob/1.0 Microsoft-HTTPAPI/2.0'
    'x-ms-request-id': '4b47c1f0-801e-0032-511c-e3bf70000000'
    'x-ms-client-request-id': '45821b66-4f0f-11ed-a89a-0242bebc0005'
    'x-ms-version': 'REDACTED'
    'x-ms-creation-time': 'REDACTED'
    'x-ms-blob-content-md5': 'REDACTED'
    'x-ms-lease-status': 'REDACTED'
    'x-ms-lease-state': 'REDACTED'
    'x-ms-blob-type': 'REDACTED'
    'x-ms-server-encrypted': 'REDACTED'
    'Date': 'Tue, 18 Oct 2022 18:04:12 GMT'
[2022-10-18 18:04:12,953] {logging_mixin.py:115} INFO - <class 'pandas.core.frame.DataFrame'>
RangeIndex: 1 entries, 0 to 0
Data columns (total 13 columns):
 #   Column            Non-Null Count  Dtype 
---  ------            --------------  ----- 
 0   title             1 non-null      object
 1   link              1 non-null      object
 2   id                1 non-null      object
 3   published_at      1 non-null      object
 4   conditions        1 non-null      object
 5   intervention      1 non-null      object
 6   publisher         1 non-null      object
 7   status            1 non-null      object
 8   source            1 non-null      object
 9   keyword           1 non-null      object
 10  indication        1 non-null      object
 11  therapeutic_area  1 non-null      object
 12  updated_at        1 non-null      object
dtypes: object(13)
memory usage: 232.0+ bytes
[2022-10-18 18:04:12,954] {process_news_dag_factory.py:159} INFO - None
[2022-10-18 18:04:12,958] {process_news_dag_factory.py:167} INFO - {'id': 'NCT05485766', 'source': 'clinical_trials', 'therapeutic_area': 'Oncology', 'indication': 'Lung Cancer', 'keyword': 'AZD 2281', 'title': 'Novel Neoadjuvant and Adjuvant Strategy for Germline BRCA 1/2 Mutated Triple Negative Breast Cancer', 'link': 'https://clinicaltrials.gov/ct2/show/NCT05485766?cond=AZD+2281&sfpd_d=100', 'publisher': 'Okayama University;   Merck Sharp & Dohme LLC', 'published_at': '2022-08-03T12:00:00.000Z', 'updated_at': '2022-10-18T18:00:15.433Z', 'atacana_team': None, 'category': None, 'priority': None, 'content': None}
[2022-10-18 18:04:13,169] {_universal.py:476} INFO - Request URL: 'https://atacananews.blob.core.windows.net/atacana-blob-container/lung-cancer/clinical-trials/20221018/azd-2281/lung-cancer_clinical-trials_20221018_azd-2281_NCT05498155.json'
Request method: 'GET'
Request headers:
    'x-ms-range': 'REDACTED'
    'x-ms-version': 'REDACTED'
    'Accept': 'application/xml'
    'User-Agent': 'azsdk-python-storage-blob/12.13.1 Python/3.8.15 (Linux-5.10.124-linuxkit-aarch64-with-glibc2.17)'
    'x-ms-date': 'REDACTED'
    'x-ms-client-request-id': '45c04b84-4f0f-11ed-a89a-0242bebc0005'
    'Authorization': 'REDACTED'
No body was attached to the request
[2022-10-18 18:04:13,366] {_universal.py:504} INFO - Response status: 206
Response headers:
    'Content-Length': '656'
    'Content-Type': 'application/octet-stream'
    'Content-Range': 'REDACTED'
    'Last-Modified': 'Tue, 18 Oct 2022 18:01:33 GMT'
    'Accept-Ranges': 'REDACTED'
    'ETag': '"0x8DAB132CACD8476"'
    'Server': 'Windows-Azure-Blob/1.0 Microsoft-HTTPAPI/2.0'
    'x-ms-request-id': '4b47c301-801e-0032-2f1c-e3bf70000000'
    'x-ms-client-request-id': '45c04b84-4f0f-11ed-a89a-0242bebc0005'
    'x-ms-version': 'REDACTED'
    'x-ms-creation-time': 'REDACTED'
    'x-ms-blob-content-md5': 'REDACTED'
    'x-ms-lease-status': 'REDACTED'
    'x-ms-lease-state': 'REDACTED'
    'x-ms-blob-type': 'REDACTED'
    'x-ms-server-encrypted': 'REDACTED'
    'Date': 'Tue, 18 Oct 2022 18:04:12 GMT'
[2022-10-18 18:04:13,376] {logging_mixin.py:115} INFO - <class 'pandas.core.frame.DataFrame'>
RangeIndex: 1 entries, 0 to 0
Data columns (total 13 columns):
 #   Column            Non-Null Count  Dtype 
---  ------            --------------  ----- 
 0   title             1 non-null      object
 1   link              1 non-null      object
 2   id                1 non-null      object
 3   published_at      1 non-null      object
 4   conditions        1 non-null      object
 5   intervention      1 non-null      object
 6   publisher         1 non-null      object
 7   status            1 non-null      object
 8   source            1 non-null      object
 9   keyword           1 non-null      object
 10  indication        1 non-null      object
 11  therapeutic_area  1 non-null      object
 12  updated_at        1 non-null      object
dtypes: object(13)
memory usage: 232.0+ bytes
[2022-10-18 18:04:13,379] {process_news_dag_factory.py:159} INFO - None
[2022-10-18 18:04:13,384] {process_news_dag_factory.py:167} INFO - {'id': 'NCT05498155', 'source': 'clinical_trials', 'therapeutic_area': 'Oncology', 'indication': 'Lung Cancer', 'keyword': 'AZD 2281', 'title': 'Study of Neoadjuvant Olaparib Monotherapy and Olaparib and Durvalumab Combination in HER2 Negative BRCAm Breast Cancer', 'link': 'https://clinicaltrials.gov/ct2/show/NCT05498155?cond=AZD+2281&sfpd_d=100', 'publisher': 'AstraZeneca', 'published_at': '2022-08-11T12:00:00.000Z', 'updated_at': '2022-10-18T18:00:15.433Z', 'atacana_team': None, 'category': None, 'priority': None, 'content': None}
[2022-10-18 18:04:13,604] {_universal.py:476} INFO - Request URL: 'https://atacananews.blob.core.windows.net/atacana-blob-container/lung-cancer/clinical-trials/20221018/azd-2281/lung-cancer_clinical-trials_20221018_azd-2281_NCT05501548.json'
Request method: 'GET'
Request headers:
    'x-ms-range': 'REDACTED'
    'x-ms-version': 'REDACTED'
    'Accept': 'application/xml'
    'User-Agent': 'azsdk-python-storage-blob/12.13.1 Python/3.8.15 (Linux-5.10.124-linuxkit-aarch64-with-glibc2.17)'
    'x-ms-date': 'REDACTED'
    'x-ms-client-request-id': '4602923c-4f0f-11ed-a89a-0242bebc0005'
    'Authorization': 'REDACTED'
No body was attached to the request
[2022-10-18 18:04:13,790] {_universal.py:504} INFO - Response status: 206
Response headers:
    'Content-Length': '714'
    'Content-Type': 'application/octet-stream'
    'Content-Range': 'REDACTED'
    'Last-Modified': 'Tue, 18 Oct 2022 18:01:32 GMT'
    'Accept-Ranges': 'REDACTED'
    'ETag': '"0x8DAB132CA201FA3"'
    'Server': 'Windows-Azure-Blob/1.0 Microsoft-HTTPAPI/2.0'
    'x-ms-request-id': '4b47c3db-801e-0032-6f1c-e3bf70000000'
    'x-ms-client-request-id': '4602923c-4f0f-11ed-a89a-0242bebc0005'
    'x-ms-version': 'REDACTED'
    'x-ms-creation-time': 'REDACTED'
    'x-ms-blob-content-md5': 'REDACTED'
    'x-ms-lease-status': 'REDACTED'
    'x-ms-lease-state': 'REDACTED'
    'x-ms-blob-type': 'REDACTED'
    'x-ms-server-encrypted': 'REDACTED'
    'Date': 'Tue, 18 Oct 2022 18:04:13 GMT'
[2022-10-18 18:04:13,796] {logging_mixin.py:115} INFO - <class 'pandas.core.frame.DataFrame'>
RangeIndex: 1 entries, 0 to 0
Data columns (total 13 columns):
 #   Column            Non-Null Count  Dtype 
---  ------            --------------  ----- 
 0   title             1 non-null      object
 1   link              1 non-null      object
 2   id                1 non-null      object
 3   published_at      1 non-null      object
 4   conditions        1 non-null      object
 5   intervention      1 non-null      object
 6   publisher         1 non-null      object
 7   status            1 non-null      object
 8   source            1 non-null      object
 9   keyword           1 non-null      object
 10  indication        1 non-null      object
 11  therapeutic_area  1 non-null      object
 12  updated_at        1 non-null      object
dtypes: object(13)
memory usage: 232.0+ bytes
[2022-10-18 18:04:13,797] {process_news_dag_factory.py:159} INFO - None
[2022-10-18 18:04:13,800] {process_news_dag_factory.py:167} INFO - {'id': 'NCT05501548', 'source': 'clinical_trials', 'therapeutic_area': 'Oncology', 'indication': 'Lung Cancer', 'keyword': 'AZD 2281', 'title': 'Phase II Study of PARP Inhibitor Olaparib and IV Ascorbate in Castration Resistant Prostate Cancer', 'link': 'https://clinicaltrials.gov/ct2/show/NCT05501548?cond=AZD+2281&sfpd_d=100', 'publisher': 'Sidney Kimmel Comprehensive Cancer Center at Johns Hopkins;   AstraZeneca;   McGuff Pharmaceuticals, Inc.;   The Marcus Foundation', 'published_at': '2022-08-15T12:00:00.000Z', 'updated_at': '2022-10-18T18:00:15.433Z', 'atacana_team': None, 'category': None, 'priority': None, 'content': None}
[2022-10-18 18:04:14,013] {_universal.py:476} INFO - Request URL: 'https://atacananews.blob.core.windows.net/atacana-blob-container/lung-cancer/clinical-trials/20221018/azd-2281/lung-cancer_clinical-trials_20221018_azd-2281_NCT05522491.json'
Request method: 'GET'
Request headers:
    'x-ms-range': 'REDACTED'
    'x-ms-version': 'REDACTED'
    'Accept': 'application/xml'
    'User-Agent': 'azsdk-python-storage-blob/12.13.1 Python/3.8.15 (Linux-5.10.124-linuxkit-aarch64-with-glibc2.17)'
    'x-ms-date': 'REDACTED'
    'x-ms-client-request-id': '464125d8-4f0f-11ed-a89a-0242bebc0005'
    'Authorization': 'REDACTED'
No body was attached to the request
[2022-10-18 18:04:14,204] {_universal.py:504} INFO - Response status: 206
Response headers:
    'Content-Length': '581'
    'Content-Type': 'application/octet-stream'
    'Content-Range': 'REDACTED'
    'Last-Modified': 'Tue, 18 Oct 2022 18:01:33 GMT'
    'Accept-Ranges': 'REDACTED'
    'ETag': '"0x8DAB132CAB08AC5"'
    'Server': 'Windows-Azure-Blob/1.0 Microsoft-HTTPAPI/2.0'
    'x-ms-request-id': '4b47c4c1-801e-0032-3c1c-e3bf70000000'
    'x-ms-client-request-id': '464125d8-4f0f-11ed-a89a-0242bebc0005'
    'x-ms-version': 'REDACTED'
    'x-ms-creation-time': 'REDACTED'
    'x-ms-blob-content-md5': 'REDACTED'
    'x-ms-lease-status': 'REDACTED'
    'x-ms-lease-state': 'REDACTED'
    'x-ms-blob-type': 'REDACTED'
    'x-ms-server-encrypted': 'REDACTED'
    'Date': 'Tue, 18 Oct 2022 18:04:13 GMT'
[2022-10-18 18:04:14,210] {logging_mixin.py:115} INFO - <class 'pandas.core.frame.DataFrame'>
RangeIndex: 1 entries, 0 to 0
Data columns (total 13 columns):
 #   Column            Non-Null Count  Dtype 
---  ------            --------------  ----- 
 0   title             1 non-null      object
 1   link              1 non-null      object
 2   id                1 non-null      object
 3   published_at      1 non-null      object
 4   conditions        1 non-null      object
 5   intervention      1 non-null      object
 6   publisher         1 non-null      object
 7   status            1 non-null      object
 8   source            1 non-null      object
 9   keyword           1 non-null      object
 10  indication        1 non-null      object
 11  therapeutic_area  1 non-null      object
 12  updated_at        1 non-null      object
dtypes: object(13)
memory usage: 232.0+ bytes
[2022-10-18 18:04:14,213] {process_news_dag_factory.py:159} INFO - None
[2022-10-18 18:04:14,215] {process_news_dag_factory.py:167} INFO - {'id': 'NCT05522491', 'source': 'clinical_trials', 'therapeutic_area': 'Oncology', 'indication': 'Lung Cancer', 'keyword': 'AZD 2281', 'title': 'Olaparib in the Treatment of BRCA1/2 Unmutated and BRCA1 Promoter Methylated Recurrent and Metastatic Triple-negative Breast Cancer', 'link': 'https://clinicaltrials.gov/ct2/show/NCT05522491?cond=AZD+2281&sfpd_d=100', 'publisher': 'Hebei Medical University Fourth Hospital', 'published_at': '2022-08-31T12:00:00.000Z', 'updated_at': '2022-10-18T18:00:15.433Z', 'atacana_team': None, 'category': None, 'priority': None, 'content': None}
[2022-10-18 18:04:14,419] {_universal.py:476} INFO - Request URL: 'https://atacananews.blob.core.windows.net/atacana-blob-container/lung-cancer/clinical-trials/20221018/azd-2281/lung-cancer_clinical-trials_20221018_azd-2281_NCT05524935.json'
Request method: 'GET'
Request headers:
    'x-ms-range': 'REDACTED'
    'x-ms-version': 'REDACTED'
    'Accept': 'application/xml'
    'User-Agent': 'azsdk-python-storage-blob/12.13.1 Python/3.8.15 (Linux-5.10.124-linuxkit-aarch64-with-glibc2.17)'
    'x-ms-date': 'REDACTED'
    'x-ms-client-request-id': '467f2a4a-4f0f-11ed-a89a-0242bebc0005'
    'Authorization': 'REDACTED'
No body was attached to the request
[2022-10-18 18:04:14,604] {_universal.py:504} INFO - Response status: 206
Response headers:
    'Content-Length': '594'
    'Content-Type': 'application/octet-stream'
    'Content-Range': 'REDACTED'
    'Last-Modified': 'Tue, 18 Oct 2022 18:01:32 GMT'
    'Accept-Ranges': 'REDACTED'
    'ETag': '"0x8DAB132CA59C4DA"'
    'Server': 'Windows-Azure-Blob/1.0 Microsoft-HTTPAPI/2.0'
    'x-ms-request-id': '4b47c5c0-801e-0032-071c-e3bf70000000'
    'x-ms-client-request-id': '467f2a4a-4f0f-11ed-a89a-0242bebc0005'
    'x-ms-version': 'REDACTED'
    'x-ms-creation-time': 'REDACTED'
    'x-ms-blob-content-md5': 'REDACTED'
    'x-ms-lease-status': 'REDACTED'
    'x-ms-lease-state': 'REDACTED'
    'x-ms-blob-type': 'REDACTED'
    'x-ms-server-encrypted': 'REDACTED'
    'Date': 'Tue, 18 Oct 2022 18:04:13 GMT'
[2022-10-18 18:04:14,608] {logging_mixin.py:115} INFO - <class 'pandas.core.frame.DataFrame'>
RangeIndex: 1 entries, 0 to 0
Data columns (total 13 columns):
 #   Column            Non-Null Count  Dtype 
---  ------            --------------  ----- 
 0   title             1 non-null      object
 1   link              1 non-null      object
 2   id                1 non-null      object
 3   published_at      1 non-null      object
 4   conditions        1 non-null      object
 5   intervention      1 non-null      object
 6   publisher         1 non-null      object
 7   status            1 non-null      object
 8   source            1 non-null      object
 9   keyword           1 non-null      object
 10  indication        1 non-null      object
 11  therapeutic_area  1 non-null      object
 12  updated_at        1 non-null      object
dtypes: object(13)
memory usage: 232.0+ bytes
[2022-10-18 18:04:14,609] {process_news_dag_factory.py:159} INFO - None
[2022-10-18 18:04:14,611] {process_news_dag_factory.py:167} INFO - {'id': 'NCT05524935', 'source': 'clinical_trials', 'therapeutic_area': 'Oncology', 'indication': 'Lung Cancer', 'keyword': 'AZD 2281', 'title': 'Olaparib in Combination With Pembrolizumab for Advanced Uveal Melanoma', 'link': 'https://clinicaltrials.gov/ct2/show/NCT05524935?cond=AZD+2281&sfpd_d=100', 'publisher': 'H. Lee Moffitt Cancer Center and Research Institute;   Merck Sharp & Dohme LLC', 'published_at': '2022-09-01T12:00:00.000Z', 'updated_at': '2022-10-18T18:00:15.433Z', 'atacana_team': None, 'category': None, 'priority': None, 'content': None}
[2022-10-18 18:04:14,823] {_universal.py:476} INFO - Request URL: 'https://atacananews.blob.core.windows.net/atacana-blob-container/lung-cancer/clinical-trials/20221018/azd-2281/lung-cancer_clinical-trials_20221018_azd-2281_NCT05554328.json'
Request method: 'GET'
Request headers:
    'x-ms-range': 'REDACTED'
    'x-ms-version': 'REDACTED'
    'Accept': 'application/xml'
    'User-Agent': 'azsdk-python-storage-blob/12.13.1 Python/3.8.15 (Linux-5.10.124-linuxkit-aarch64-with-glibc2.17)'
    'x-ms-date': 'REDACTED'
    'x-ms-client-request-id': '46bcd8cc-4f0f-11ed-a89a-0242bebc0005'
    'Authorization': 'REDACTED'
No body was attached to the request
[2022-10-18 18:04:15,006] {_universal.py:504} INFO - Response status: 206
Response headers:
    'Content-Length': '871'
    'Content-Type': 'application/octet-stream'
    'Content-Range': 'REDACTED'
    'Last-Modified': 'Tue, 18 Oct 2022 18:01:33 GMT'
    'Accept-Ranges': 'REDACTED'
    'ETag': '"0x8DAB132CB094C37"'
    'Server': 'Windows-Azure-Blob/1.0 Microsoft-HTTPAPI/2.0'
    'x-ms-request-id': '4b47c6c3-801e-0032-781c-e3bf70000000'
    'x-ms-client-request-id': '46bcd8cc-4f0f-11ed-a89a-0242bebc0005'
    'x-ms-version': 'REDACTED'
    'x-ms-creation-time': 'REDACTED'
    'x-ms-blob-content-md5': 'REDACTED'
    'x-ms-lease-status': 'REDACTED'
    'x-ms-lease-state': 'REDACTED'
    'x-ms-blob-type': 'REDACTED'
    'x-ms-server-encrypted': 'REDACTED'
    'Date': 'Tue, 18 Oct 2022 18:04:14 GMT'
[2022-10-18 18:04:15,013] {logging_mixin.py:115} INFO - <class 'pandas.core.frame.DataFrame'>
RangeIndex: 1 entries, 0 to 0
Data columns (total 13 columns):
 #   Column            Non-Null Count  Dtype 
---  ------            --------------  ----- 
 0   title             1 non-null      object
 1   link              1 non-null      object
 2   id                1 non-null      object
 3   published_at      1 non-null      object
 4   conditions        1 non-null      object
 5   intervention      1 non-null      object
 6   publisher         1 non-null      object
 7   status            1 non-null      object
 8   source            1 non-null      object
 9   keyword           1 non-null      object
 10  indication        1 non-null      object
 11  therapeutic_area  1 non-null      object
 12  updated_at        1 non-null      object
dtypes: object(13)
memory usage: 232.0+ bytes
[2022-10-18 18:04:15,014] {process_news_dag_factory.py:159} INFO - None
[2022-10-18 18:04:15,017] {process_news_dag_factory.py:167} INFO - {'id': 'NCT05554328', 'source': 'clinical_trials', 'therapeutic_area': 'Oncology', 'indication': 'Lung Cancer', 'keyword': 'AZD 2281', 'title': 'Testing the Use of the Combination of Selumetinib and Olaparib or Selumetinib Alone Targeted Treatment for RAS Pathway Mutant Recurrent or Persistent Ovarian and Endometrial Cancers, A ComboMATCH Treatment Trial', 'link': 'https://clinicaltrials.gov/ct2/show/NCT05554328?cond=AZD+2281&sfpd_d=100', 'publisher': 'National Cancer Institute (NCI)', 'published_at': '2022-09-26T12:00:00.000Z', 'updated_at': '2022-10-18T18:00:15.433Z', 'atacana_team': None, 'category': None, 'priority': None, 'content': None}
[2022-10-18 18:04:15,228] {_universal.py:476} INFO - Request URL: 'https://atacananews.blob.core.windows.net/atacana-blob-container/lung-cancer/clinical-trials/20221018/azd-2281/lung-cancer_clinical-trials_20221018_azd-2281_NCT05568550.json'
Request method: 'GET'
Request headers:
    'x-ms-range': 'REDACTED'
    'x-ms-version': 'REDACTED'
    'Accept': 'application/xml'
    'User-Agent': 'azsdk-python-storage-blob/12.13.1 Python/3.8.15 (Linux-5.10.124-linuxkit-aarch64-with-glibc2.17)'
    'x-ms-date': 'REDACTED'
    'x-ms-client-request-id': '46fa8b90-4f0f-11ed-a89a-0242bebc0005'
    'Authorization': 'REDACTED'
No body was attached to the request
[2022-10-18 18:04:15,428] {_universal.py:504} INFO - Response status: 206
Response headers:
    'Content-Length': '596'
    'Content-Type': 'application/octet-stream'
    'Content-Range': 'REDACTED'
    'Last-Modified': 'Tue, 18 Oct 2022 18:01:33 GMT'
    'Accept-Ranges': 'REDACTED'
    'ETag': '"0x8DAB132CA92F50D"'
    'Server': 'Windows-Azure-Blob/1.0 Microsoft-HTTPAPI/2.0'
    'x-ms-request-id': '4b47c799-801e-0032-301c-e3bf70000000'
    'x-ms-client-request-id': '46fa8b90-4f0f-11ed-a89a-0242bebc0005'
    'x-ms-version': 'REDACTED'
    'x-ms-creation-time': 'REDACTED'
    'x-ms-blob-content-md5': 'REDACTED'
    'x-ms-lease-status': 'REDACTED'
    'x-ms-lease-state': 'REDACTED'
    'x-ms-blob-type': 'REDACTED'
    'x-ms-server-encrypted': 'REDACTED'
    'Date': 'Tue, 18 Oct 2022 18:04:14 GMT'
[2022-10-18 18:04:15,438] {logging_mixin.py:115} INFO - <class 'pandas.core.frame.DataFrame'>
RangeIndex: 1 entries, 0 to 0
Data columns (total 13 columns):
 #   Column            Non-Null Count  Dtype 
---  ------            --------------  ----- 
 0   title             1 non-null      object
 1   link              1 non-null      object
 2   id                1 non-null      object
 3   published_at      1 non-null      object
 4   conditions        1 non-null      object
 5   intervention      1 non-null      object
 6   publisher         1 non-null      object
 7   status            1 non-null      object
 8   source            1 non-null      object
 9   keyword           1 non-null      object
 10  indication        1 non-null      object
 11  therapeutic_area  1 non-null      object
 12  updated_at        1 non-null      object
dtypes: object(13)
memory usage: 232.0+ bytes
[2022-10-18 18:04:15,440] {process_news_dag_factory.py:159} INFO - None
[2022-10-18 18:04:15,444] {process_news_dag_factory.py:167} INFO - {'id': 'NCT05568550', 'source': 'clinical_trials', 'therapeutic_area': 'Oncology', 'indication': 'Lung Cancer', 'keyword': 'AZD 2281', 'title': 'Pembro With Radiation With or Without Olaparib', 'link': 'https://clinicaltrials.gov/ct2/show/NCT05568550?cond=AZD+2281&sfpd_d=100', 'publisher': 'Zin W Myint;   Merck Sharp & Dohme LLC', 'published_at': '2022-10-05T12:00:00.000Z', 'updated_at': '2022-10-18T18:00:15.433Z', 'atacana_team': None, 'category': None, 'priority': None, 'content': None}
[2022-10-18 18:04:15,664] {python.py:173} INFO - Done. Returned value was: None
[2022-10-18 18:04:15,687] {taskinstance.py:1395} INFO - Marking task as SUCCESS. dag_id=clinical_trials__lung_cancer__etl__20220109, task_id=load_data_to_mongodb_task, map_index=3, execution_date=20221018T160000, start_date=20221018T180409, end_date=20221018T180415
[2022-10-18 18:04:15,726] {local_task_job.py:156} INFO - Task exited with return code 0
[2022-10-18 18:04:15,746] {local_task_job.py:273} INFO - 0 downstream tasks scheduled from follow-on schedule check
