[2022-10-18 22:03:42,822] {taskinstance.py:1159} INFO - Dependencies all met for <TaskInstance: clinical_trials__lung_cancer__etl__20220109.load_data_to_blob_storage_task scheduled__2022-10-18T20:00:00+00:00 map_index=10 [queued]>
[2022-10-18 22:03:42,834] {taskinstance.py:1159} INFO - Dependencies all met for <TaskInstance: clinical_trials__lung_cancer__etl__20220109.load_data_to_blob_storage_task scheduled__2022-10-18T20:00:00+00:00 map_index=10 [queued]>
[2022-10-18 22:03:42,835] {taskinstance.py:1356} INFO - 
--------------------------------------------------------------------------------
[2022-10-18 22:03:42,836] {taskinstance.py:1357} INFO - Starting attempt 1 of 1
[2022-10-18 22:03:42,837] {taskinstance.py:1358} INFO - 
--------------------------------------------------------------------------------
[2022-10-18 22:03:42,845] {taskinstance.py:1377} INFO - Executing <Mapped(_PythonDecoratedOperator): load_data_to_blob_storage_task> on 2022-10-18 20:00:00+00:00
[2022-10-18 22:03:42,849] {standard_task_runner.py:52} INFO - Started process 6831 to run task
[2022-10-18 22:03:42,853] {standard_task_runner.py:79} INFO - Running: ['airflow', 'tasks', 'run', 'clinical_trials__lung_cancer__etl__20220109', 'load_data_to_blob_storage_task', 'scheduled__2022-10-18T20:00:00+00:00', '--job-id', '861', '--raw', '--subdir', 'DAGS_FOLDER/process_news_dags.py', '--cfg-path', '/tmp/tmp86gmpswl', '--map-index', '10', '--error-file', '/tmp/tmpbu8ed03f']
[2022-10-18 22:03:42,854] {standard_task_runner.py:80} INFO - Job 861: Subtask load_data_to_blob_storage_task
[2022-10-18 22:03:42,867] {logging_mixin.py:115} WARNING - /root/.cache/pypoetry/virtualenvs/***-tXitOD5F-py3.8/lib/python3.8/site-packages/airflow/configuration.py:525 DeprecationWarning: The sql_alchemy_conn option in [core] has been moved to the sql_alchemy_conn option in [database] - the old setting has been used, but please update your config.
[2022-10-18 22:03:42,898] {task_command.py:370} INFO - Running <TaskInstance: clinical_trials__lung_cancer__etl__20220109.load_data_to_blob_storage_task scheduled__2022-10-18T20:00:00+00:00 map_index=10 [running]> on host 6cdf6d517dc4
[2022-10-18 22:03:42,961] {taskinstance.py:1569} INFO - Exporting the following env vars:
AIRFLOW_CTX_DAG_EMAIL=wais@datakimia.com,david@datakimia.com,juanm@datakimia.com,tomas@datakimia.com
AIRFLOW_CTX_DAG_OWNER=atacana
AIRFLOW_CTX_DAG_ID=clinical_trials__lung_cancer__etl__20220109
AIRFLOW_CTX_TASK_ID=load_data_to_blob_storage_task
AIRFLOW_CTX_EXECUTION_DATE=2022-10-18T20:00:00+00:00
AIRFLOW_CTX_TRY_NUMBER=1
AIRFLOW_CTX_DAG_RUN_ID=scheduled__2022-10-18T20:00:00+00:00
[2022-10-18 22:03:42,963] {process_news_dag_factory.py:105} INFO - Reading temp file: lung-cancer_clinical-trials_durvalumab_20221018-20_df.json
[2022-10-18 22:03:42,980] {helpers.py:114} INFO - Going to save clinical_trials data..
[2022-10-18 22:03:42,981] {helpers.py:115} INFO -                                                title  ...                  updated_at
0  Ceralasertib Followed by Durvalumab and Nab-pa...  ...  2022-10-18 22:00:16.052000
1  A Phase III Study of Ceralasertib Plus Durvalu...  ...  2022-10-18 22:00:16.052000
2  Lurbinectedin Combined With Durvalumab in Pre-...  ...  2022-10-18 22:00:16.052000
3  Study of Durvalumab Plus Tremelimumab as First...  ...  2022-10-18 22:00:16.052000
4  Durvalumab Combined With Consolidation Radioth...  ...  2022-10-18 22:00:16.052000

[5 rows x 13 columns]
[2022-10-18 22:03:42,991] {helpers.py:116} INFO - Index(['title', 'link', 'id', 'published_at', 'conditions', 'intervention',
       'publisher', 'status', 'source', 'keyword', 'indication',
       'therapeutic_area', 'updated_at'],
      dtype='object')
[2022-10-18 22:03:42,997] {_universal.py:473} INFO - Request URL: 'https://atacananews.blob.core.windows.net/atacana-blob-container/lung-cancer/clinical-trials/20221018/durvalumab/lung-cancer_clinical-trials_20221018_durvalumab_NCT05582538.json'
Request method: 'PUT'
Request headers:
    'Content-Length': '635'
    'x-ms-blob-type': 'REDACTED'
    'x-ms-version': 'REDACTED'
    'Content-Type': 'application/octet-stream'
    'Accept': 'application/xml'
    'User-Agent': 'azsdk-python-storage-blob/12.13.1 Python/3.8.15 (Linux-5.10.124-linuxkit-aarch64-with-glibc2.17)'
    'x-ms-date': 'REDACTED'
    'x-ms-client-request-id': 'bad626ca-4f30-11ed-856e-0242bebc0005'
    'Authorization': 'REDACTED'
A body is sent with the request
[2022-10-18 22:03:43,739] {_universal.py:504} INFO - Response status: 201
Response headers:
    'Content-Length': '0'
    'Content-MD5': 'REDACTED'
    'Last-Modified': 'Tue, 18 Oct 2022 22:03:43 GMT'
    'ETag': '"0x8DAB1549F81C613"'
    'Server': 'Windows-Azure-Blob/1.0 Microsoft-HTTPAPI/2.0'
    'x-ms-request-id': '3e0e98f8-b01e-004b-703d-e34354000000'
    'x-ms-client-request-id': 'bad626ca-4f30-11ed-856e-0242bebc0005'
    'x-ms-version': 'REDACTED'
    'x-ms-content-crc64': 'REDACTED'
    'x-ms-request-server-encrypted': 'REDACTED'
    'Date': 'Tue, 18 Oct 2022 22:03:43 GMT'
[2022-10-18 22:03:43,756] {_universal.py:473} INFO - Request URL: 'https://atacananews.blob.core.windows.net/atacana-blob-container/lung-cancer/clinical-trials/20221018/durvalumab/lung-cancer_clinical-trials_20221018_durvalumab_NCT05450692.json'
Request method: 'PUT'
Request headers:
    'Content-Length': '722'
    'x-ms-blob-type': 'REDACTED'
    'x-ms-version': 'REDACTED'
    'Content-Type': 'application/octet-stream'
    'Accept': 'application/xml'
    'User-Agent': 'azsdk-python-storage-blob/12.13.1 Python/3.8.15 (Linux-5.10.124-linuxkit-aarch64-with-glibc2.17)'
    'x-ms-date': 'REDACTED'
    'x-ms-client-request-id': 'bb49e9c0-4f30-11ed-856e-0242bebc0005'
    'Authorization': 'REDACTED'
A body is sent with the request
[2022-10-18 22:03:43,978] {_universal.py:504} INFO - Response status: 201
Response headers:
    'Content-Length': '0'
    'Content-MD5': 'REDACTED'
    'Last-Modified': 'Tue, 18 Oct 2022 22:03:44 GMT'
    'ETag': '"0x8DAB1549FA77106"'
    'Server': 'Windows-Azure-Blob/1.0 Microsoft-HTTPAPI/2.0'
    'x-ms-request-id': '3e0e995d-b01e-004b-4c3d-e34354000000'
    'x-ms-client-request-id': 'bb49e9c0-4f30-11ed-856e-0242bebc0005'
    'x-ms-version': 'REDACTED'
    'x-ms-content-crc64': 'REDACTED'
    'x-ms-request-server-encrypted': 'REDACTED'
    'Date': 'Tue, 18 Oct 2022 22:03:43 GMT'
[2022-10-18 22:03:43,981] {_universal.py:473} INFO - Request URL: 'https://atacananews.blob.core.windows.net/atacana-blob-container/lung-cancer/clinical-trials/20221018/durvalumab/lung-cancer_clinical-trials_20221018_durvalumab_NCT05572476.json'
Request method: 'PUT'
Request headers:
    'Content-Length': '755'
    'x-ms-blob-type': 'REDACTED'
    'x-ms-version': 'REDACTED'
    'Content-Type': 'application/octet-stream'
    'Accept': 'application/xml'
    'User-Agent': 'azsdk-python-storage-blob/12.13.1 Python/3.8.15 (Linux-5.10.124-linuxkit-aarch64-with-glibc2.17)'
    'x-ms-date': 'REDACTED'
    'x-ms-client-request-id': 'bb6c416e-4f30-11ed-856e-0242bebc0005'
    'Authorization': 'REDACTED'
A body is sent with the request
[2022-10-18 22:03:44,165] {_universal.py:504} INFO - Response status: 201
Response headers:
    'Content-Length': '0'
    'Content-MD5': 'REDACTED'
    'Last-Modified': 'Tue, 18 Oct 2022 22:03:44 GMT'
    'ETag': '"0x8DAB1549FC3806C"'
    'Server': 'Windows-Azure-Blob/1.0 Microsoft-HTTPAPI/2.0'
    'x-ms-request-id': '3e0e99e1-b01e-004b-433d-e34354000000'
    'x-ms-client-request-id': 'bb6c416e-4f30-11ed-856e-0242bebc0005'
    'x-ms-version': 'REDACTED'
    'x-ms-content-crc64': 'REDACTED'
    'x-ms-request-server-encrypted': 'REDACTED'
    'Date': 'Tue, 18 Oct 2022 22:03:43 GMT'
[2022-10-18 22:03:44,167] {_universal.py:473} INFO - Request URL: 'https://atacananews.blob.core.windows.net/atacana-blob-container/lung-cancer/clinical-trials/20221018/durvalumab/lung-cancer_clinical-trials_20221018_durvalumab_NCT05557838.json'
Request method: 'PUT'
Request headers:
    'Content-Length': '584'
    'x-ms-blob-type': 'REDACTED'
    'x-ms-version': 'REDACTED'
    'Content-Type': 'application/octet-stream'
    'Accept': 'application/xml'
    'User-Agent': 'azsdk-python-storage-blob/12.13.1 Python/3.8.15 (Linux-5.10.124-linuxkit-aarch64-with-glibc2.17)'
    'x-ms-date': 'REDACTED'
    'x-ms-client-request-id': 'bb88b02e-4f30-11ed-856e-0242bebc0005'
    'Authorization': 'REDACTED'
A body is sent with the request
[2022-10-18 22:03:44,356] {_universal.py:504} INFO - Response status: 201
Response headers:
    'Content-Length': '0'
    'Content-MD5': 'REDACTED'
    'Last-Modified': 'Tue, 18 Oct 2022 22:03:44 GMT'
    'ETag': '"0x8DAB1549FE02C09"'
    'Server': 'Windows-Azure-Blob/1.0 Microsoft-HTTPAPI/2.0'
    'x-ms-request-id': '3e0e9a3a-b01e-004b-153d-e34354000000'
    'x-ms-client-request-id': 'bb88b02e-4f30-11ed-856e-0242bebc0005'
    'x-ms-version': 'REDACTED'
    'x-ms-content-crc64': 'REDACTED'
    'x-ms-request-server-encrypted': 'REDACTED'
    'Date': 'Tue, 18 Oct 2022 22:03:44 GMT'
[2022-10-18 22:03:44,358] {_universal.py:473} INFO - Request URL: 'https://atacananews.blob.core.windows.net/atacana-blob-container/lung-cancer/clinical-trials/20221018/durvalumab/lung-cancer_clinical-trials_20221018_durvalumab_NCT05484583.json'
Request method: 'PUT'
Request headers:
    'Content-Length': '782'
    'x-ms-blob-type': 'REDACTED'
    'x-ms-version': 'REDACTED'
    'Content-Type': 'application/octet-stream'
    'Accept': 'application/xml'
    'User-Agent': 'azsdk-python-storage-blob/12.13.1 Python/3.8.15 (Linux-5.10.124-linuxkit-aarch64-with-glibc2.17)'
    'x-ms-date': 'REDACTED'
    'x-ms-client-request-id': 'bba5d3de-4f30-11ed-856e-0242bebc0005'
    'Authorization': 'REDACTED'
A body is sent with the request
[2022-10-18 22:03:44,551] {_universal.py:504} INFO - Response status: 201
Response headers:
    'Content-Length': '0'
    'Content-MD5': 'REDACTED'
    'Last-Modified': 'Tue, 18 Oct 2022 22:03:44 GMT'
    'ETag': '"0x8DAB1549FFD25A7"'
    'Server': 'Windows-Azure-Blob/1.0 Microsoft-HTTPAPI/2.0'
    'x-ms-request-id': '3e0e9a87-b01e-004b-5b3d-e34354000000'
    'x-ms-client-request-id': 'bba5d3de-4f30-11ed-856e-0242bebc0005'
    'x-ms-version': 'REDACTED'
    'x-ms-content-crc64': 'REDACTED'
    'x-ms-request-server-encrypted': 'REDACTED'
    'Date': 'Tue, 18 Oct 2022 22:03:44 GMT'
[2022-10-18 22:03:44,555] {_universal.py:473} INFO - Request URL: 'https://atacananews.blob.core.windows.net/atacana-blob-container/lung-cancer/clinical-trials/20221018/durvalumab/lung-cancer_clinical-trials_20221018_durvalumab_NCT05456867.json'
Request method: 'PUT'
Request headers:
    'Content-Length': '572'
    'x-ms-blob-type': 'REDACTED'
    'x-ms-version': 'REDACTED'
    'Content-Type': 'application/octet-stream'
    'Accept': 'application/xml'
    'User-Agent': 'azsdk-python-storage-blob/12.13.1 Python/3.8.15 (Linux-5.10.124-linuxkit-aarch64-with-glibc2.17)'
    'x-ms-date': 'REDACTED'
    'x-ms-client-request-id': 'bbc3e8ba-4f30-11ed-856e-0242bebc0005'
    'Authorization': 'REDACTED'
A body is sent with the request
[2022-10-18 22:03:44,785] {_universal.py:504} INFO - Response status: 201
Response headers:
    'Content-Length': '0'
    'Content-MD5': 'REDACTED'
    'Last-Modified': 'Tue, 18 Oct 2022 22:03:44 GMT'
    'ETag': '"0x8DAB154A0214A3F"'
    'Server': 'Windows-Azure-Blob/1.0 Microsoft-HTTPAPI/2.0'
    'x-ms-request-id': '3e0e9aeb-b01e-004b-383d-e34354000000'
    'x-ms-client-request-id': 'bbc3e8ba-4f30-11ed-856e-0242bebc0005'
    'x-ms-version': 'REDACTED'
    'x-ms-content-crc64': 'REDACTED'
    'x-ms-request-server-encrypted': 'REDACTED'
    'Date': 'Tue, 18 Oct 2022 22:03:44 GMT'
[2022-10-18 22:03:44,789] {_universal.py:473} INFO - Request URL: 'https://atacananews.blob.core.windows.net/atacana-blob-container/lung-cancer/clinical-trials/20221018/durvalumab/lung-cancer_clinical-trials_20221018_durvalumab_NCT05498155.json'
Request method: 'PUT'
Request headers:
    'Content-Length': '660'
    'x-ms-blob-type': 'REDACTED'
    'x-ms-version': 'REDACTED'
    'Content-Type': 'application/octet-stream'
    'Accept': 'application/xml'
    'User-Agent': 'azsdk-python-storage-blob/12.13.1 Python/3.8.15 (Linux-5.10.124-linuxkit-aarch64-with-glibc2.17)'
    'x-ms-date': 'REDACTED'
    'x-ms-client-request-id': 'bbe77c58-4f30-11ed-856e-0242bebc0005'
    'Authorization': 'REDACTED'
A body is sent with the request
[2022-10-18 22:03:44,974] {_universal.py:504} INFO - Response status: 201
Response headers:
    'Content-Length': '0'
    'Content-MD5': 'REDACTED'
    'Last-Modified': 'Tue, 18 Oct 2022 22:03:45 GMT'
    'ETag': '"0x8DAB154A03E9203"'
    'Server': 'Windows-Azure-Blob/1.0 Microsoft-HTTPAPI/2.0'
    'x-ms-request-id': '3e0e9b50-b01e-004b-133d-e34354000000'
    'x-ms-client-request-id': 'bbe77c58-4f30-11ed-856e-0242bebc0005'
    'x-ms-version': 'REDACTED'
    'x-ms-content-crc64': 'REDACTED'
    'x-ms-request-server-encrypted': 'REDACTED'
    'Date': 'Tue, 18 Oct 2022 22:03:44 GMT'
[2022-10-18 22:03:44,980] {_universal.py:473} INFO - Request URL: 'https://atacananews.blob.core.windows.net/atacana-blob-container/lung-cancer/clinical-trials/20221018/durvalumab/lung-cancer_clinical-trials_20221018_durvalumab_NCT05514132.json'
Request method: 'PUT'
Request headers:
    'Content-Length': '597'
    'x-ms-blob-type': 'REDACTED'
    'x-ms-version': 'REDACTED'
    'Content-Type': 'application/octet-stream'
    'Accept': 'application/xml'
    'User-Agent': 'azsdk-python-storage-blob/12.13.1 Python/3.8.15 (Linux-5.10.124-linuxkit-aarch64-with-glibc2.17)'
    'x-ms-date': 'REDACTED'
    'x-ms-client-request-id': 'bc04b5a2-4f30-11ed-856e-0242bebc0005'
    'Authorization': 'REDACTED'
A body is sent with the request
[2022-10-18 22:03:45,169] {_universal.py:504} INFO - Response status: 201
Response headers:
    'Content-Length': '0'
    'Content-MD5': 'REDACTED'
    'Last-Modified': 'Tue, 18 Oct 2022 22:03:45 GMT'
    'ETag': '"0x8DAB154A05C9CEB"'
    'Server': 'Windows-Azure-Blob/1.0 Microsoft-HTTPAPI/2.0'
    'x-ms-request-id': '3e0e9ba5-b01e-004b-613d-e34354000000'
    'x-ms-client-request-id': 'bc04b5a2-4f30-11ed-856e-0242bebc0005'
    'x-ms-version': 'REDACTED'
    'x-ms-content-crc64': 'REDACTED'
    'x-ms-request-server-encrypted': 'REDACTED'
    'Date': 'Tue, 18 Oct 2022 22:03:44 GMT'
[2022-10-18 22:03:45,187] {_universal.py:473} INFO - Request URL: 'https://atacananews.blob.core.windows.net/atacana-blob-container/lung-cancer/clinical-trials/20221018/durvalumab/lung-cancer_clinical-trials_20221018_durvalumab_NCT05568212.json'
Request method: 'PUT'
Request headers:
    'Content-Length': '744'
    'x-ms-blob-type': 'REDACTED'
    'x-ms-version': 'REDACTED'
    'Content-Type': 'application/octet-stream'
    'Accept': 'application/xml'
    'User-Agent': 'azsdk-python-storage-blob/12.13.1 Python/3.8.15 (Linux-5.10.124-linuxkit-aarch64-with-glibc2.17)'
    'x-ms-date': 'REDACTED'
    'x-ms-client-request-id': 'bc245d80-4f30-11ed-856e-0242bebc0005'
    'Authorization': 'REDACTED'
A body is sent with the request
[2022-10-18 22:03:45,393] {_universal.py:504} INFO - Response status: 201
Response headers:
    'Content-Length': '0'
    'Content-MD5': 'REDACTED'
    'Last-Modified': 'Tue, 18 Oct 2022 22:03:45 GMT'
    'ETag': '"0x8DAB154A07E29BE"'
    'Server': 'Windows-Azure-Blob/1.0 Microsoft-HTTPAPI/2.0'
    'x-ms-request-id': '3e0e9c1b-b01e-004b-523d-e34354000000'
    'x-ms-client-request-id': 'bc245d80-4f30-11ed-856e-0242bebc0005'
    'x-ms-version': 'REDACTED'
    'x-ms-content-crc64': 'REDACTED'
    'x-ms-request-server-encrypted': 'REDACTED'
    'Date': 'Tue, 18 Oct 2022 22:03:45 GMT'
[2022-10-18 22:03:45,427] {_universal.py:473} INFO - Request URL: 'https://atacananews.blob.core.windows.net/atacana-blob-container/lung-cancer/clinical-trials/20221018/durvalumab/lung-cancer_clinical-trials_20221018_durvalumab_NCT05451043.json'
Request method: 'PUT'
Request headers:
    'Content-Length': '777'
    'x-ms-blob-type': 'REDACTED'
    'x-ms-version': 'REDACTED'
    'Content-Type': 'application/octet-stream'
    'Accept': 'application/xml'
    'User-Agent': 'azsdk-python-storage-blob/12.13.1 Python/3.8.15 (Linux-5.10.124-linuxkit-aarch64-with-glibc2.17)'
    'x-ms-date': 'REDACTED'
    'x-ms-client-request-id': 'bc48ed9e-4f30-11ed-856e-0242bebc0005'
    'Authorization': 'REDACTED'
A body is sent with the request
[2022-10-18 22:03:45,753] {_universal.py:504} INFO - Response status: 201
Response headers:
    'Content-Length': '0'
    'Content-MD5': 'REDACTED'
    'Last-Modified': 'Tue, 18 Oct 2022 22:03:45 GMT'
    'ETag': '"0x8DAB154A0A97927"'
    'Server': 'Windows-Azure-Blob/1.0 Microsoft-HTTPAPI/2.0'
    'x-ms-request-id': '3e0e9ce3-b01e-004b-123d-e34354000000'
    'x-ms-client-request-id': 'bc48ed9e-4f30-11ed-856e-0242bebc0005'
    'x-ms-version': 'REDACTED'
    'x-ms-content-crc64': 'REDACTED'
    'x-ms-request-server-encrypted': 'REDACTED'
    'Date': 'Tue, 18 Oct 2022 22:03:45 GMT'
[2022-10-18 22:03:45,757] {python.py:173} INFO - Done. Returned value was: None
[2022-10-18 22:03:45,766] {taskinstance.py:1395} INFO - Marking task as SUCCESS. dag_id=clinical_trials__lung_cancer__etl__20220109, task_id=load_data_to_blob_storage_task, map_index=10, execution_date=20221018T200000, start_date=20221018T220342, end_date=20221018T220345
[2022-10-18 22:03:45,816] {local_task_job.py:156} INFO - Task exited with return code 0
[2022-10-18 22:03:45,916] {local_task_job.py:273} INFO - 0 downstream tasks scheduled from follow-on schedule check
