[2022-10-18 18:02:05,795] {taskinstance.py:1159} INFO - Dependencies all met for <TaskInstance: clinical_trials__lung_cancer__etl__20220109.load_data_to_blob_storage_task scheduled__2022-10-18T16:00:00+00:00 map_index=23 [queued]>
[2022-10-18 18:02:05,804] {taskinstance.py:1159} INFO - Dependencies all met for <TaskInstance: clinical_trials__lung_cancer__etl__20220109.load_data_to_blob_storage_task scheduled__2022-10-18T16:00:00+00:00 map_index=23 [queued]>
[2022-10-18 18:02:05,805] {taskinstance.py:1356} INFO - 
--------------------------------------------------------------------------------
[2022-10-18 18:02:05,806] {taskinstance.py:1357} INFO - Starting attempt 1 of 1
[2022-10-18 18:02:05,807] {taskinstance.py:1358} INFO - 
--------------------------------------------------------------------------------
[2022-10-18 18:02:05,813] {taskinstance.py:1377} INFO - Executing <Mapped(_PythonDecoratedOperator): load_data_to_blob_storage_task> on 2022-10-18 16:00:00+00:00
[2022-10-18 18:02:05,817] {standard_task_runner.py:52} INFO - Started process 2716 to run task
[2022-10-18 18:02:05,821] {standard_task_runner.py:79} INFO - Running: ['airflow', 'tasks', 'run', 'clinical_trials__lung_cancer__etl__20220109', 'load_data_to_blob_storage_task', 'scheduled__2022-10-18T16:00:00+00:00', '--job-id', '345', '--raw', '--subdir', 'DAGS_FOLDER/process_news_dags.py', '--cfg-path', '/tmp/tmplvnk9g1a', '--map-index', '23', '--error-file', '/tmp/tmpd6abfdim']
[2022-10-18 18:02:05,822] {standard_task_runner.py:80} INFO - Job 345: Subtask load_data_to_blob_storage_task
[2022-10-18 18:02:05,864] {logging_mixin.py:115} WARNING - /root/.cache/pypoetry/virtualenvs/***-tXitOD5F-py3.8/lib/python3.8/site-packages/airflow/configuration.py:525 DeprecationWarning: The sql_alchemy_conn option in [core] has been moved to the sql_alchemy_conn option in [database] - the old setting has been used, but please update your config.
[2022-10-18 18:02:05,897] {task_command.py:370} INFO - Running <TaskInstance: clinical_trials__lung_cancer__etl__20220109.load_data_to_blob_storage_task scheduled__2022-10-18T16:00:00+00:00 map_index=23 [running]> on host 6cdf6d517dc4
[2022-10-18 18:02:05,941] {taskinstance.py:1569} INFO - Exporting the following env vars:
AIRFLOW_CTX_DAG_EMAIL=wais@datakimia.com,david@datakimia.com,juanm@datakimia.com,tomas@datakimia.com
AIRFLOW_CTX_DAG_OWNER=atacana
AIRFLOW_CTX_DAG_ID=clinical_trials__lung_cancer__etl__20220109
AIRFLOW_CTX_TASK_ID=load_data_to_blob_storage_task
AIRFLOW_CTX_EXECUTION_DATE=2022-10-18T16:00:00+00:00
AIRFLOW_CTX_TRY_NUMBER=1
AIRFLOW_CTX_DAG_RUN_ID=scheduled__2022-10-18T16:00:00+00:00
[2022-10-18 18:02:05,944] {process_news_dag_factory.py:105} INFO - Reading temp file: lung-cancer_clinical-trials_mdx-1106_20221018-16_df.json
[2022-10-18 18:02:05,958] {helpers.py:114} INFO - Going to save clinical_trials data..
[2022-10-18 18:02:05,959] {helpers.py:115} INFO -                                                title  ...                  updated_at
0  CARG, VES13, G8 Scales in Predicting Drug Toxi...  ...  2022-10-18 18:00:31.828000
1  Nivolumab During Active Surveillance After Neo...  ...  2022-10-18 18:00:31.828000
2  Phase Ib/II Study to Evaluate the Safety and E...  ...  2022-10-18 18:00:31.828000
3  Study of Relatlimab in Combination With Nivolu...  ...  2022-10-18 18:00:31.828000
4  A Study of BMS-986442 With Nivolumab With or W...  ...  2022-10-18 18:00:31.828000

[5 rows x 13 columns]
[2022-10-18 18:02:05,968] {helpers.py:116} INFO - Index(['title', 'link', 'id', 'published_at', 'conditions', 'intervention',
       'publisher', 'status', 'source', 'keyword', 'indication',
       'therapeutic_area', 'updated_at'],
      dtype='object')
[2022-10-18 18:02:05,972] {_universal.py:473} INFO - Request URL: 'https://atacananews.blob.core.windows.net/atacana-blob-container/lung-cancer/clinical-trials/20221018/mdx-1106/lung-cancer_clinical-trials_20221018_mdx-1106_NCT05564923.json'
Request method: 'PUT'
Request headers:
    'Content-Length': '536'
    'x-ms-blob-type': 'REDACTED'
    'x-ms-version': 'REDACTED'
    'Content-Type': 'application/octet-stream'
    'Accept': 'application/xml'
    'User-Agent': 'azsdk-python-storage-blob/12.13.1 Python/3.8.15 (Linux-5.10.124-linuxkit-aarch64-with-glibc2.17)'
    'x-ms-date': 'REDACTED'
    'x-ms-client-request-id': 'f9efae70-4f0e-11ed-b4bc-0242bebc0005'
    'Authorization': 'REDACTED'
A body is sent with the request
[2022-10-18 18:02:06,717] {_universal.py:504} INFO - Response status: 201
Response headers:
    'Content-Length': '0'
    'Content-MD5': 'REDACTED'
    'Last-Modified': 'Tue, 18 Oct 2022 18:02:06 GMT'
    'ETag': '"0x8DAB132DE8E7460"'
    'Server': 'Windows-Azure-Blob/1.0 Microsoft-HTTPAPI/2.0'
    'x-ms-request-id': 'a2d54d39-d01e-004d-091b-e370eb000000'
    'x-ms-client-request-id': 'f9efae70-4f0e-11ed-b4bc-0242bebc0005'
    'x-ms-version': 'REDACTED'
    'x-ms-content-crc64': 'REDACTED'
    'x-ms-request-server-encrypted': 'REDACTED'
    'Date': 'Tue, 18 Oct 2022 18:02:06 GMT'
[2022-10-18 18:02:06,723] {_universal.py:473} INFO - Request URL: 'https://atacananews.blob.core.windows.net/atacana-blob-container/lung-cancer/clinical-trials/20221018/mdx-1106/lung-cancer_clinical-trials_20221018_mdx-1106_NCT05491616.json'
Request method: 'PUT'
Request headers:
    'Content-Length': '535'
    'x-ms-blob-type': 'REDACTED'
    'x-ms-version': 'REDACTED'
    'Content-Type': 'application/octet-stream'
    'Accept': 'application/xml'
    'User-Agent': 'azsdk-python-storage-blob/12.13.1 Python/3.8.15 (Linux-5.10.124-linuxkit-aarch64-with-glibc2.17)'
    'x-ms-date': 'REDACTED'
    'x-ms-client-request-id': 'fa624ec6-4f0e-11ed-b4bc-0242bebc0005'
    'Authorization': 'REDACTED'
A body is sent with the request
[2022-10-18 18:02:06,920] {_universal.py:504} INFO - Response status: 201
Response headers:
    'Content-Length': '0'
    'Content-MD5': 'REDACTED'
    'Last-Modified': 'Tue, 18 Oct 2022 18:02:06 GMT'
    'ETag': '"0x8DAB132DEAE05B7"'
    'Server': 'Windows-Azure-Blob/1.0 Microsoft-HTTPAPI/2.0'
    'x-ms-request-id': 'a2d54e0c-d01e-004d-491b-e370eb000000'
    'x-ms-client-request-id': 'fa624ec6-4f0e-11ed-b4bc-0242bebc0005'
    'x-ms-version': 'REDACTED'
    'x-ms-content-crc64': 'REDACTED'
    'x-ms-request-server-encrypted': 'REDACTED'
    'Date': 'Tue, 18 Oct 2022 18:02:06 GMT'
[2022-10-18 18:02:06,924] {_universal.py:473} INFO - Request URL: 'https://atacananews.blob.core.windows.net/atacana-blob-container/lung-cancer/clinical-trials/20221018/mdx-1106/lung-cancer_clinical-trials_20221018_mdx-1106_NCT05535569.json'
Request method: 'PUT'
Request headers:
    'Content-Length': '708'
    'x-ms-blob-type': 'REDACTED'
    'x-ms-version': 'REDACTED'
    'Content-Type': 'application/octet-stream'
    'Accept': 'application/xml'
    'User-Agent': 'azsdk-python-storage-blob/12.13.1 Python/3.8.15 (Linux-5.10.124-linuxkit-aarch64-with-glibc2.17)'
    'x-ms-date': 'REDACTED'
    'x-ms-client-request-id': 'fa80dce2-4f0e-11ed-b4bc-0242bebc0005'
    'Authorization': 'REDACTED'
A body is sent with the request
[2022-10-18 18:02:07,137] {_universal.py:504} INFO - Response status: 201
Response headers:
    'Content-Length': '0'
    'Content-MD5': 'REDACTED'
    'Last-Modified': 'Tue, 18 Oct 2022 18:02:07 GMT'
    'ETag': '"0x8DAB132DECEF668"'
    'Server': 'Windows-Azure-Blob/1.0 Microsoft-HTTPAPI/2.0'
    'x-ms-request-id': 'a2d54edd-d01e-004d-111b-e370eb000000'
    'x-ms-client-request-id': 'fa80dce2-4f0e-11ed-b4bc-0242bebc0005'
    'x-ms-version': 'REDACTED'
    'x-ms-content-crc64': 'REDACTED'
    'x-ms-request-server-encrypted': 'REDACTED'
    'Date': 'Tue, 18 Oct 2022 18:02:06 GMT'
[2022-10-18 18:02:07,142] {_universal.py:473} INFO - Request URL: 'https://atacananews.blob.core.windows.net/atacana-blob-container/lung-cancer/clinical-trials/20221018/mdx-1106/lung-cancer_clinical-trials_20221018_mdx-1106_NCT05498480.json'
Request method: 'PUT'
Request headers:
    'Content-Length': '545'
    'x-ms-blob-type': 'REDACTED'
    'x-ms-version': 'REDACTED'
    'Content-Type': 'application/octet-stream'
    'Accept': 'application/xml'
    'User-Agent': 'azsdk-python-storage-blob/12.13.1 Python/3.8.15 (Linux-5.10.124-linuxkit-aarch64-with-glibc2.17)'
    'x-ms-date': 'REDACTED'
    'x-ms-client-request-id': 'faa21ac4-4f0e-11ed-b4bc-0242bebc0005'
    'Authorization': 'REDACTED'
A body is sent with the request
[2022-10-18 18:02:07,339] {_universal.py:504} INFO - Response status: 201
Response headers:
    'Content-Length': '0'
    'Content-MD5': 'REDACTED'
    'Last-Modified': 'Tue, 18 Oct 2022 18:02:07 GMT'
    'ETag': '"0x8DAB132DEED4F6D"'
    'Server': 'Windows-Azure-Blob/1.0 Microsoft-HTTPAPI/2.0'
    'x-ms-request-id': 'a2d54f9a-d01e-004d-461b-e370eb000000'
    'x-ms-client-request-id': 'faa21ac4-4f0e-11ed-b4bc-0242bebc0005'
    'x-ms-version': 'REDACTED'
    'x-ms-content-crc64': 'REDACTED'
    'x-ms-request-server-encrypted': 'REDACTED'
    'Date': 'Tue, 18 Oct 2022 18:02:06 GMT'
[2022-10-18 18:02:07,342] {_universal.py:473} INFO - Request URL: 'https://atacananews.blob.core.windows.net/atacana-blob-container/lung-cancer/clinical-trials/20221018/mdx-1106/lung-cancer_clinical-trials_20221018_mdx-1106_NCT05543629.json'
Request method: 'PUT'
Request headers:
    'Content-Length': '694'
    'x-ms-blob-type': 'REDACTED'
    'x-ms-version': 'REDACTED'
    'Content-Type': 'application/octet-stream'
    'Accept': 'application/xml'
    'User-Agent': 'azsdk-python-storage-blob/12.13.1 Python/3.8.15 (Linux-5.10.124-linuxkit-aarch64-with-glibc2.17)'
    'x-ms-date': 'REDACTED'
    'x-ms-client-request-id': 'fac0bbf0-4f0e-11ed-b4bc-0242bebc0005'
    'Authorization': 'REDACTED'
A body is sent with the request
[2022-10-18 18:02:07,531] {_universal.py:504} INFO - Response status: 201
Response headers:
    'Content-Length': '0'
    'Content-MD5': 'REDACTED'
    'Last-Modified': 'Tue, 18 Oct 2022 18:02:07 GMT'
    'ETag': '"0x8DAB132DF0B816D"'
    'Server': 'Windows-Azure-Blob/1.0 Microsoft-HTTPAPI/2.0'
    'x-ms-request-id': 'a2d55061-d01e-004d-7a1b-e370eb000000'
    'x-ms-client-request-id': 'fac0bbf0-4f0e-11ed-b4bc-0242bebc0005'
    'x-ms-version': 'REDACTED'
    'x-ms-content-crc64': 'REDACTED'
    'x-ms-request-server-encrypted': 'REDACTED'
    'Date': 'Tue, 18 Oct 2022 18:02:07 GMT'
[2022-10-18 18:02:07,533] {_universal.py:473} INFO - Request URL: 'https://atacananews.blob.core.windows.net/atacana-blob-container/lung-cancer/clinical-trials/20221018/mdx-1106/lung-cancer_clinical-trials_20221018_mdx-1106_NCT05482451.json'
Request method: 'PUT'
Request headers:
    'Content-Length': '542'
    'x-ms-blob-type': 'REDACTED'
    'x-ms-version': 'REDACTED'
    'Content-Type': 'application/octet-stream'
    'Accept': 'application/xml'
    'User-Agent': 'azsdk-python-storage-blob/12.13.1 Python/3.8.15 (Linux-5.10.124-linuxkit-aarch64-with-glibc2.17)'
    'x-ms-date': 'REDACTED'
    'x-ms-client-request-id': 'faddd8ac-4f0e-11ed-b4bc-0242bebc0005'
    'Authorization': 'REDACTED'
A body is sent with the request
[2022-10-18 18:02:07,721] {_universal.py:504} INFO - Response status: 201
Response headers:
    'Content-Length': '0'
    'Content-MD5': 'REDACTED'
    'Last-Modified': 'Tue, 18 Oct 2022 18:02:07 GMT'
    'ETag': '"0x8DAB132DF28A21D"'
    'Server': 'Windows-Azure-Blob/1.0 Microsoft-HTTPAPI/2.0'
    'x-ms-request-id': 'a2d55109-d01e-004d-171b-e370eb000000'
    'x-ms-client-request-id': 'faddd8ac-4f0e-11ed-b4bc-0242bebc0005'
    'x-ms-version': 'REDACTED'
    'x-ms-content-crc64': 'REDACTED'
    'x-ms-request-server-encrypted': 'REDACTED'
    'Date': 'Tue, 18 Oct 2022 18:02:07 GMT'
[2022-10-18 18:02:07,723] {_universal.py:473} INFO - Request URL: 'https://atacananews.blob.core.windows.net/atacana-blob-container/lung-cancer/clinical-trials/20221018/mdx-1106/lung-cancer_clinical-trials_20221018_mdx-1106_NCT05472623.json'
Request method: 'PUT'
Request headers:
    'Content-Length': '680'
    'x-ms-blob-type': 'REDACTED'
    'x-ms-version': 'REDACTED'
    'Content-Type': 'application/octet-stream'
    'Accept': 'application/xml'
    'User-Agent': 'azsdk-python-storage-blob/12.13.1 Python/3.8.15 (Linux-5.10.124-linuxkit-aarch64-with-glibc2.17)'
    'x-ms-date': 'REDACTED'
    'x-ms-client-request-id': 'fafae7ee-4f0e-11ed-b4bc-0242bebc0005'
    'Authorization': 'REDACTED'
A body is sent with the request
[2022-10-18 18:02:07,916] {_universal.py:504} INFO - Response status: 201
Response headers:
    'Content-Length': '0'
    'Content-MD5': 'REDACTED'
    'Last-Modified': 'Tue, 18 Oct 2022 18:02:07 GMT'
    'ETag': '"0x8DAB132DF45C2D2"'
    'Server': 'Windows-Azure-Blob/1.0 Microsoft-HTTPAPI/2.0'
    'x-ms-request-id': 'a2d551af-d01e-004d-2d1b-e370eb000000'
    'x-ms-client-request-id': 'fafae7ee-4f0e-11ed-b4bc-0242bebc0005'
    'x-ms-version': 'REDACTED'
    'x-ms-content-crc64': 'REDACTED'
    'x-ms-request-server-encrypted': 'REDACTED'
    'Date': 'Tue, 18 Oct 2022 18:02:07 GMT'
[2022-10-18 18:02:07,924] {_universal.py:473} INFO - Request URL: 'https://atacananews.blob.core.windows.net/atacana-blob-container/lung-cancer/clinical-trials/20221018/mdx-1106/lung-cancer_clinical-trials_20221018_mdx-1106_NCT05492123.json'
Request method: 'PUT'
Request headers:
    'Content-Length': '642'
    'x-ms-blob-type': 'REDACTED'
    'x-ms-version': 'REDACTED'
    'Content-Type': 'application/octet-stream'
    'Accept': 'application/xml'
    'User-Agent': 'azsdk-python-storage-blob/12.13.1 Python/3.8.15 (Linux-5.10.124-linuxkit-aarch64-with-glibc2.17)'
    'x-ms-date': 'REDACTED'
    'x-ms-client-request-id': 'fb194004-4f0e-11ed-b4bc-0242bebc0005'
    'Authorization': 'REDACTED'
A body is sent with the request
[2022-10-18 18:02:08,155] {_universal.py:504} INFO - Response status: 201
Response headers:
    'Content-Length': '0'
    'Content-MD5': 'REDACTED'
    'Last-Modified': 'Tue, 18 Oct 2022 18:02:08 GMT'
    'ETag': '"0x8DAB132DF6A5C78"'
    'Server': 'Windows-Azure-Blob/1.0 Microsoft-HTTPAPI/2.0'
    'x-ms-request-id': 'a2d5526d-d01e-004d-5f1b-e370eb000000'
    'x-ms-client-request-id': 'fb194004-4f0e-11ed-b4bc-0242bebc0005'
    'x-ms-version': 'REDACTED'
    'x-ms-content-crc64': 'REDACTED'
    'x-ms-request-server-encrypted': 'REDACTED'
    'Date': 'Tue, 18 Oct 2022 18:02:07 GMT'
[2022-10-18 18:02:08,158] {_universal.py:473} INFO - Request URL: 'https://atacananews.blob.core.windows.net/atacana-blob-container/lung-cancer/clinical-trials/20221018/mdx-1106/lung-cancer_clinical-trials_20221018_mdx-1106_NCT05496192.json'
Request method: 'PUT'
Request headers:
    'Content-Length': '584'
    'x-ms-blob-type': 'REDACTED'
    'x-ms-version': 'REDACTED'
    'Content-Type': 'application/octet-stream'
    'Accept': 'application/xml'
    'User-Agent': 'azsdk-python-storage-blob/12.13.1 Python/3.8.15 (Linux-5.10.124-linuxkit-aarch64-with-glibc2.17)'
    'x-ms-date': 'REDACTED'
    'x-ms-client-request-id': 'fb3d2a50-4f0e-11ed-b4bc-0242bebc0005'
    'Authorization': 'REDACTED'
A body is sent with the request
[2022-10-18 18:02:08,344] {_universal.py:504} INFO - Response status: 201
Response headers:
    'Content-Length': '0'
    'Content-MD5': 'REDACTED'
    'Last-Modified': 'Tue, 18 Oct 2022 18:02:08 GMT'
    'ETag': '"0x8DAB132DF884057"'
    'Server': 'Windows-Azure-Blob/1.0 Microsoft-HTTPAPI/2.0'
    'x-ms-request-id': 'a2d5535d-d01e-004d-381b-e370eb000000'
    'x-ms-client-request-id': 'fb3d2a50-4f0e-11ed-b4bc-0242bebc0005'
    'x-ms-version': 'REDACTED'
    'x-ms-content-crc64': 'REDACTED'
    'x-ms-request-server-encrypted': 'REDACTED'
    'Date': 'Tue, 18 Oct 2022 18:02:07 GMT'
[2022-10-18 18:02:08,349] {_universal.py:473} INFO - Request URL: 'https://atacananews.blob.core.windows.net/atacana-blob-container/lung-cancer/clinical-trials/20221018/mdx-1106/lung-cancer_clinical-trials_20221018_mdx-1106_NCT05465174.json'
Request method: 'PUT'
Request headers:
    'Content-Length': '650'
    'x-ms-blob-type': 'REDACTED'
    'x-ms-version': 'REDACTED'
    'Content-Type': 'application/octet-stream'
    'Accept': 'application/xml'
    'User-Agent': 'azsdk-python-storage-blob/12.13.1 Python/3.8.15 (Linux-5.10.124-linuxkit-aarch64-with-glibc2.17)'
    'x-ms-date': 'REDACTED'
    'x-ms-client-request-id': 'fb5a5d3c-4f0e-11ed-b4bc-0242bebc0005'
    'Authorization': 'REDACTED'
A body is sent with the request
[2022-10-18 18:02:08,536] {_universal.py:504} INFO - Response status: 201
Response headers:
    'Content-Length': '0'
    'Content-MD5': 'REDACTED'
    'Last-Modified': 'Tue, 18 Oct 2022 18:02:08 GMT'
    'ETag': '"0x8DAB132DFA4EBFB"'
    'Server': 'Windows-Azure-Blob/1.0 Microsoft-HTTPAPI/2.0'
    'x-ms-request-id': 'a2d5544b-d01e-004d-0c1b-e370eb000000'
    'x-ms-client-request-id': 'fb5a5d3c-4f0e-11ed-b4bc-0242bebc0005'
    'x-ms-version': 'REDACTED'
    'x-ms-content-crc64': 'REDACTED'
    'x-ms-request-server-encrypted': 'REDACTED'
    'Date': 'Tue, 18 Oct 2022 18:02:08 GMT'
[2022-10-18 18:02:08,547] {_universal.py:473} INFO - Request URL: 'https://atacananews.blob.core.windows.net/atacana-blob-container/lung-cancer/clinical-trials/20221018/mdx-1106/lung-cancer_clinical-trials_20221018_mdx-1106_NCT05472506.json'
Request method: 'PUT'
Request headers:
    'Content-Length': '701'
    'x-ms-blob-type': 'REDACTED'
    'x-ms-version': 'REDACTED'
    'Content-Type': 'application/octet-stream'
    'Accept': 'application/xml'
    'User-Agent': 'azsdk-python-storage-blob/12.13.1 Python/3.8.15 (Linux-5.10.124-linuxkit-aarch64-with-glibc2.17)'
    'x-ms-date': 'REDACTED'
    'x-ms-client-request-id': 'fb7892fc-4f0e-11ed-b4bc-0242bebc0005'
    'Authorization': 'REDACTED'
A body is sent with the request
[2022-10-18 18:02:08,756] {_universal.py:504} INFO - Response status: 201
Response headers:
    'Content-Length': '0'
    'Content-MD5': 'REDACTED'
    'Last-Modified': 'Tue, 18 Oct 2022 18:02:08 GMT'
    'ETag': '"0x8DAB132DFC6C6E9"'
    'Server': 'Windows-Azure-Blob/1.0 Microsoft-HTTPAPI/2.0'
    'x-ms-request-id': 'a2d5550d-d01e-004d-441b-e370eb000000'
    'x-ms-client-request-id': 'fb7892fc-4f0e-11ed-b4bc-0242bebc0005'
    'x-ms-version': 'REDACTED'
    'x-ms-content-crc64': 'REDACTED'
    'x-ms-request-server-encrypted': 'REDACTED'
    'Date': 'Tue, 18 Oct 2022 18:02:08 GMT'
[2022-10-18 18:02:08,763] {_universal.py:473} INFO - Request URL: 'https://atacananews.blob.core.windows.net/atacana-blob-container/lung-cancer/clinical-trials/20221018/mdx-1106/lung-cancer_clinical-trials_20221018_mdx-1106_NCT05504642.json'
Request method: 'PUT'
Request headers:
    'Content-Length': '805'
    'x-ms-blob-type': 'REDACTED'
    'x-ms-version': 'REDACTED'
    'Content-Type': 'application/octet-stream'
    'Accept': 'application/xml'
    'User-Agent': 'azsdk-python-storage-blob/12.13.1 Python/3.8.15 (Linux-5.10.124-linuxkit-aarch64-with-glibc2.17)'
    'x-ms-date': 'REDACTED'
    'x-ms-client-request-id': 'fb997b2a-4f0e-11ed-b4bc-0242bebc0005'
    'Authorization': 'REDACTED'
A body is sent with the request
[2022-10-18 18:02:08,965] {_universal.py:504} INFO - Response status: 201
Response headers:
    'Content-Length': '0'
    'Content-MD5': 'REDACTED'
    'Last-Modified': 'Tue, 18 Oct 2022 18:02:08 GMT'
    'ETag': '"0x8DAB132DFE51FE9"'
    'Server': 'Windows-Azure-Blob/1.0 Microsoft-HTTPAPI/2.0'
    'x-ms-request-id': 'a2d555f3-d01e-004d-1b1b-e370eb000000'
    'x-ms-client-request-id': 'fb997b2a-4f0e-11ed-b4bc-0242bebc0005'
    'x-ms-version': 'REDACTED'
    'x-ms-content-crc64': 'REDACTED'
    'x-ms-request-server-encrypted': 'REDACTED'
    'Date': 'Tue, 18 Oct 2022 18:02:08 GMT'
[2022-10-18 18:02:08,971] {_universal.py:473} INFO - Request URL: 'https://atacananews.blob.core.windows.net/atacana-blob-container/lung-cancer/clinical-trials/20221018/mdx-1106/lung-cancer_clinical-trials_20221018_mdx-1106_NCT05502315.json'
Request method: 'PUT'
Request headers:
    'Content-Length': '614'
    'x-ms-blob-type': 'REDACTED'
    'x-ms-version': 'REDACTED'
    'Content-Type': 'application/octet-stream'
    'Accept': 'application/xml'
    'User-Agent': 'azsdk-python-storage-blob/12.13.1 Python/3.8.15 (Linux-5.10.124-linuxkit-aarch64-with-glibc2.17)'
    'x-ms-date': 'REDACTED'
    'x-ms-client-request-id': 'fbb94a22-4f0e-11ed-b4bc-0242bebc0005'
    'Authorization': 'REDACTED'
A body is sent with the request
[2022-10-18 18:02:09,172] {_universal.py:504} INFO - Response status: 201
Response headers:
    'Content-Length': '0'
    'Content-MD5': 'REDACTED'
    'Last-Modified': 'Tue, 18 Oct 2022 18:02:09 GMT'
    'ETag': '"0x8DAB132E004632B"'
    'Server': 'Windows-Azure-Blob/1.0 Microsoft-HTTPAPI/2.0'
    'x-ms-request-id': 'a2d55708-d01e-004d-191b-e370eb000000'
    'x-ms-client-request-id': 'fbb94a22-4f0e-11ed-b4bc-0242bebc0005'
    'x-ms-version': 'REDACTED'
    'x-ms-content-crc64': 'REDACTED'
    'x-ms-request-server-encrypted': 'REDACTED'
    'Date': 'Tue, 18 Oct 2022 18:02:08 GMT'
[2022-10-18 18:02:09,196] {_universal.py:473} INFO - Request URL: 'https://atacananews.blob.core.windows.net/atacana-blob-container/lung-cancer/clinical-trials/20221018/mdx-1106/lung-cancer_clinical-trials_20221018_mdx-1106_NCT05533983.json'
Request method: 'PUT'
Request headers:
    'Content-Length': '578'
    'x-ms-blob-type': 'REDACTED'
    'x-ms-version': 'REDACTED'
    'Content-Type': 'application/octet-stream'
    'Accept': 'application/xml'
    'User-Agent': 'azsdk-python-storage-blob/12.13.1 Python/3.8.15 (Linux-5.10.124-linuxkit-aarch64-with-glibc2.17)'
    'x-ms-date': 'REDACTED'
    'x-ms-client-request-id': 'fbdbadc4-4f0e-11ed-b4bc-0242bebc0005'
    'Authorization': 'REDACTED'
A body is sent with the request
[2022-10-18 18:02:09,380] {_universal.py:504} INFO - Response status: 201
Response headers:
    'Content-Length': '0'
    'Content-MD5': 'REDACTED'
    'Last-Modified': 'Tue, 18 Oct 2022 18:02:09 GMT'
    'ETag': '"0x8DAB132E0261712"'
    'Server': 'Windows-Azure-Blob/1.0 Microsoft-HTTPAPI/2.0'
    'x-ms-request-id': 'a2d557e9-d01e-004d-681b-e370eb000000'
    'x-ms-client-request-id': 'fbdbadc4-4f0e-11ed-b4bc-0242bebc0005'
    'x-ms-version': 'REDACTED'
    'x-ms-content-crc64': 'REDACTED'
    'x-ms-request-server-encrypted': 'REDACTED'
    'Date': 'Tue, 18 Oct 2022 18:02:08 GMT'
[2022-10-18 18:02:09,384] {_universal.py:473} INFO - Request URL: 'https://atacananews.blob.core.windows.net/atacana-blob-container/lung-cancer/clinical-trials/20221018/mdx-1106/lung-cancer_clinical-trials_20221018_mdx-1106_NCT05468294.json'
Request method: 'PUT'
Request headers:
    'Content-Length': '560'
    'x-ms-blob-type': 'REDACTED'
    'x-ms-version': 'REDACTED'
    'Content-Type': 'application/octet-stream'
    'Accept': 'application/xml'
    'User-Agent': 'azsdk-python-storage-blob/12.13.1 Python/3.8.15 (Linux-5.10.124-linuxkit-aarch64-with-glibc2.17)'
    'x-ms-date': 'REDACTED'
    'x-ms-client-request-id': 'fbf84204-4f0e-11ed-b4bc-0242bebc0005'
    'Authorization': 'REDACTED'
A body is sent with the request
[2022-10-18 18:02:09,588] {_universal.py:504} INFO - Response status: 201
Response headers:
    'Content-Length': '0'
    'Content-MD5': 'REDACTED'
    'Last-Modified': 'Tue, 18 Oct 2022 18:02:09 GMT'
    'ETag': '"0x8DAB132E0458168"'
    'Server': 'Windows-Azure-Blob/1.0 Microsoft-HTTPAPI/2.0'
    'x-ms-request-id': 'a2d558a4-d01e-004d-151b-e370eb000000'
    'x-ms-client-request-id': 'fbf84204-4f0e-11ed-b4bc-0242bebc0005'
    'x-ms-version': 'REDACTED'
    'x-ms-content-crc64': 'REDACTED'
    'x-ms-request-server-encrypted': 'REDACTED'
    'Date': 'Tue, 18 Oct 2022 18:02:09 GMT'
[2022-10-18 18:02:09,594] {_universal.py:473} INFO - Request URL: 'https://atacananews.blob.core.windows.net/atacana-blob-container/lung-cancer/clinical-trials/20221018/mdx-1106/lung-cancer_clinical-trials_20221018_mdx-1106_NCT05501054.json'
Request method: 'PUT'
Request headers:
    'Content-Length': '629'
    'x-ms-blob-type': 'REDACTED'
    'x-ms-version': 'REDACTED'
    'Content-Type': 'application/octet-stream'
    'Accept': 'application/xml'
    'User-Agent': 'azsdk-python-storage-blob/12.13.1 Python/3.8.15 (Linux-5.10.124-linuxkit-aarch64-with-glibc2.17)'
    'x-ms-date': 'REDACTED'
    'x-ms-client-request-id': 'fc1862c8-4f0e-11ed-b4bc-0242bebc0005'
    'Authorization': 'REDACTED'
A body is sent with the request
[2022-10-18 18:02:09,805] {_universal.py:504} INFO - Response status: 201
Response headers:
    'Content-Length': '0'
    'Content-MD5': 'REDACTED'
    'Last-Modified': 'Tue, 18 Oct 2022 18:02:09 GMT'
    'ETag': '"0x8DAB132E06623FF"'
    'Server': 'Windows-Azure-Blob/1.0 Microsoft-HTTPAPI/2.0'
    'x-ms-request-id': 'a2d559ab-d01e-004d-101b-e370eb000000'
    'x-ms-client-request-id': 'fc1862c8-4f0e-11ed-b4bc-0242bebc0005'
    'x-ms-version': 'REDACTED'
    'x-ms-content-crc64': 'REDACTED'
    'x-ms-request-server-encrypted': 'REDACTED'
    'Date': 'Tue, 18 Oct 2022 18:02:09 GMT'
[2022-10-18 18:02:09,812] {_universal.py:473} INFO - Request URL: 'https://atacananews.blob.core.windows.net/atacana-blob-container/lung-cancer/clinical-trials/20221018/mdx-1106/lung-cancer_clinical-trials_20221018_mdx-1106_NCT05500092.json'
Request method: 'PUT'
Request headers:
    'Content-Length': '753'
    'x-ms-blob-type': 'REDACTED'
    'x-ms-version': 'REDACTED'
    'Content-Type': 'application/octet-stream'
    'Accept': 'application/xml'
    'User-Agent': 'azsdk-python-storage-blob/12.13.1 Python/3.8.15 (Linux-5.10.124-linuxkit-aarch64-with-glibc2.17)'
    'x-ms-date': 'REDACTED'
    'x-ms-client-request-id': 'fc39aa46-4f0e-11ed-b4bc-0242bebc0005'
    'Authorization': 'REDACTED'
A body is sent with the request
[2022-10-18 18:02:10,010] {_universal.py:504} INFO - Response status: 201
Response headers:
    'Content-Length': '0'
    'Content-MD5': 'REDACTED'
    'Last-Modified': 'Tue, 18 Oct 2022 18:02:09 GMT'
    'ETag': '"0x8DAB132E0858E46"'
    'Server': 'Windows-Azure-Blob/1.0 Microsoft-HTTPAPI/2.0'
    'x-ms-request-id': 'a2d55a92-d01e-004d-671b-e370eb000000'
    'x-ms-client-request-id': 'fc39aa46-4f0e-11ed-b4bc-0242bebc0005'
    'x-ms-version': 'REDACTED'
    'x-ms-content-crc64': 'REDACTED'
    'x-ms-request-server-encrypted': 'REDACTED'
    'Date': 'Tue, 18 Oct 2022 18:02:09 GMT'
[2022-10-18 18:02:10,016] {_universal.py:473} INFO - Request URL: 'https://atacananews.blob.core.windows.net/atacana-blob-container/lung-cancer/clinical-trials/20221018/mdx-1106/lung-cancer_clinical-trials_20221018_mdx-1106_NCT05498792.json'
Request method: 'PUT'
Request headers:
    'Content-Length': '590'
    'x-ms-blob-type': 'REDACTED'
    'x-ms-version': 'REDACTED'
    'Content-Type': 'application/octet-stream'
    'Accept': 'application/xml'
    'User-Agent': 'azsdk-python-storage-blob/12.13.1 Python/3.8.15 (Linux-5.10.124-linuxkit-aarch64-with-glibc2.17)'
    'x-ms-date': 'REDACTED'
    'x-ms-client-request-id': 'fc58b2ce-4f0e-11ed-b4bc-0242bebc0005'
    'Authorization': 'REDACTED'
A body is sent with the request
[2022-10-18 18:02:10,229] {_universal.py:504} INFO - Response status: 201
Response headers:
    'Content-Length': '0'
    'Content-MD5': 'REDACTED'
    'Last-Modified': 'Tue, 18 Oct 2022 18:02:10 GMT'
    'ETag': '"0x8DAB132E0A594C0"'
    'Server': 'Windows-Azure-Blob/1.0 Microsoft-HTTPAPI/2.0'
    'x-ms-request-id': 'a2d55b52-d01e-004d-141b-e370eb000000'
    'x-ms-client-request-id': 'fc58b2ce-4f0e-11ed-b4bc-0242bebc0005'
    'x-ms-version': 'REDACTED'
    'x-ms-content-crc64': 'REDACTED'
    'x-ms-request-server-encrypted': 'REDACTED'
    'Date': 'Tue, 18 Oct 2022 18:02:09 GMT'
[2022-10-18 18:02:10,236] {_universal.py:473} INFO - Request URL: 'https://atacananews.blob.core.windows.net/atacana-blob-container/lung-cancer/clinical-trials/20221018/mdx-1106/lung-cancer_clinical-trials_20221018_mdx-1106_NCT05457959.json'
Request method: 'PUT'
Request headers:
    'Content-Length': '841'
    'x-ms-blob-type': 'REDACTED'
    'x-ms-version': 'REDACTED'
    'Content-Type': 'application/octet-stream'
    'Accept': 'application/xml'
    'User-Agent': 'azsdk-python-storage-blob/12.13.1 Python/3.8.15 (Linux-5.10.124-linuxkit-aarch64-with-glibc2.17)'
    'x-ms-date': 'REDACTED'
    'x-ms-client-request-id': 'fc7a48b2-4f0e-11ed-b4bc-0242bebc0005'
    'Authorization': 'REDACTED'
A body is sent with the request
[2022-10-18 18:02:10,435] {_universal.py:504} INFO - Response status: 201
Response headers:
    'Content-Length': '0'
    'Content-MD5': 'REDACTED'
    'Last-Modified': 'Tue, 18 Oct 2022 18:02:10 GMT'
    'ETag': '"0x8DAB132E0C5742F"'
    'Server': 'Windows-Azure-Blob/1.0 Microsoft-HTTPAPI/2.0'
    'x-ms-request-id': 'a2d55c01-d01e-004d-3c1b-e370eb000000'
    'x-ms-client-request-id': 'fc7a48b2-4f0e-11ed-b4bc-0242bebc0005'
    'x-ms-version': 'REDACTED'
    'x-ms-content-crc64': 'REDACTED'
    'x-ms-request-server-encrypted': 'REDACTED'
    'Date': 'Tue, 18 Oct 2022 18:02:09 GMT'
[2022-10-18 18:02:10,438] {_universal.py:473} INFO - Request URL: 'https://atacananews.blob.core.windows.net/atacana-blob-container/lung-cancer/clinical-trials/20221018/mdx-1106/lung-cancer_clinical-trials_20221018_mdx-1106_NCT05480384.json'
Request method: 'PUT'
Request headers:
    'Content-Length': '780'
    'x-ms-blob-type': 'REDACTED'
    'x-ms-version': 'REDACTED'
    'Content-Type': 'application/octet-stream'
    'Accept': 'application/xml'
    'User-Agent': 'azsdk-python-storage-blob/12.13.1 Python/3.8.15 (Linux-5.10.124-linuxkit-aarch64-with-glibc2.17)'
    'x-ms-date': 'REDACTED'
    'x-ms-client-request-id': 'fc992674-4f0e-11ed-b4bc-0242bebc0005'
    'Authorization': 'REDACTED'
A body is sent with the request
[2022-10-18 18:02:10,628] {_universal.py:504} INFO - Response status: 201
Response headers:
    'Content-Length': '0'
    'Content-MD5': 'REDACTED'
    'Last-Modified': 'Tue, 18 Oct 2022 18:02:10 GMT'
    'ETag': '"0x8DAB132E0E49060"'
    'Server': 'Windows-Azure-Blob/1.0 Microsoft-HTTPAPI/2.0'
    'x-ms-request-id': 'a2d55cba-d01e-004d-621b-e370eb000000'
    'x-ms-client-request-id': 'fc992674-4f0e-11ed-b4bc-0242bebc0005'
    'x-ms-version': 'REDACTED'
    'x-ms-content-crc64': 'REDACTED'
    'x-ms-request-server-encrypted': 'REDACTED'
    'Date': 'Tue, 18 Oct 2022 18:02:10 GMT'
[2022-10-18 18:02:10,630] {_universal.py:473} INFO - Request URL: 'https://atacananews.blob.core.windows.net/atacana-blob-container/lung-cancer/clinical-trials/20221018/mdx-1106/lung-cancer_clinical-trials_20221018_mdx-1106_NCT05568095.json'
Request method: 'PUT'
Request headers:
    'Content-Length': '862'
    'x-ms-blob-type': 'REDACTED'
    'x-ms-version': 'REDACTED'
    'Content-Type': 'application/octet-stream'
    'Accept': 'application/xml'
    'User-Agent': 'azsdk-python-storage-blob/12.13.1 Python/3.8.15 (Linux-5.10.124-linuxkit-aarch64-with-glibc2.17)'
    'x-ms-date': 'REDACTED'
    'x-ms-client-request-id': 'fcb67724-4f0e-11ed-b4bc-0242bebc0005'
    'Authorization': 'REDACTED'
A body is sent with the request
[2022-10-18 18:02:10,822] {_universal.py:504} INFO - Response status: 201
Response headers:
    'Content-Length': '0'
    'Content-MD5': 'REDACTED'
    'Last-Modified': 'Tue, 18 Oct 2022 18:02:10 GMT'
    'ETag': '"0x8DAB132E1018A10"'
    'Server': 'Windows-Azure-Blob/1.0 Microsoft-HTTPAPI/2.0'
    'x-ms-request-id': 'a2d55d7e-d01e-004d-121b-e370eb000000'
    'x-ms-client-request-id': 'fcb67724-4f0e-11ed-b4bc-0242bebc0005'
    'x-ms-version': 'REDACTED'
    'x-ms-content-crc64': 'REDACTED'
    'x-ms-request-server-encrypted': 'REDACTED'
    'Date': 'Tue, 18 Oct 2022 18:02:10 GMT'
[2022-10-18 18:02:10,824] {_universal.py:473} INFO - Request URL: 'https://atacananews.blob.core.windows.net/atacana-blob-container/lung-cancer/clinical-trials/20221018/mdx-1106/lung-cancer_clinical-trials_20221018_mdx-1106_NCT05504252.json'
Request method: 'PUT'
Request headers:
    'Content-Length': '673'
    'x-ms-blob-type': 'REDACTED'
    'x-ms-version': 'REDACTED'
    'Content-Type': 'application/octet-stream'
    'Accept': 'application/xml'
    'User-Agent': 'azsdk-python-storage-blob/12.13.1 Python/3.8.15 (Linux-5.10.124-linuxkit-aarch64-with-glibc2.17)'
    'x-ms-date': 'REDACTED'
    'x-ms-client-request-id': 'fcd41ad6-4f0e-11ed-b4bc-0242bebc0005'
    'Authorization': 'REDACTED'
A body is sent with the request
[2022-10-18 18:02:11,034] {_universal.py:504} INFO - Response status: 201
Response headers:
    'Content-Length': '0'
    'Content-MD5': 'REDACTED'
    'Last-Modified': 'Tue, 18 Oct 2022 18:02:10 GMT'
    'ETag': '"0x8DAB132E11EF8D7"'
    'Server': 'Windows-Azure-Blob/1.0 Microsoft-HTTPAPI/2.0'
    'x-ms-request-id': 'a2d55e34-d01e-004d-2b1b-e370eb000000'
    'x-ms-client-request-id': 'fcd41ad6-4f0e-11ed-b4bc-0242bebc0005'
    'x-ms-version': 'REDACTED'
    'x-ms-content-crc64': 'REDACTED'
    'x-ms-request-server-encrypted': 'REDACTED'
    'Date': 'Tue, 18 Oct 2022 18:02:10 GMT'
[2022-10-18 18:02:11,038] {_universal.py:473} INFO - Request URL: 'https://atacananews.blob.core.windows.net/atacana-blob-container/lung-cancer/clinical-trials/20221018/mdx-1106/lung-cancer_clinical-trials_20221018_mdx-1106_NCT05583188.json'
Request method: 'PUT'
Request headers:
    'Content-Length': '699'
    'x-ms-blob-type': 'REDACTED'
    'x-ms-version': 'REDACTED'
    'Content-Type': 'application/octet-stream'
    'Accept': 'application/xml'
    'User-Agent': 'azsdk-python-storage-blob/12.13.1 Python/3.8.15 (Linux-5.10.124-linuxkit-aarch64-with-glibc2.17)'
    'x-ms-date': 'REDACTED'
    'x-ms-client-request-id': 'fcf49f0e-4f0e-11ed-b4bc-0242bebc0005'
    'Authorization': 'REDACTED'
A body is sent with the request
[2022-10-18 18:02:11,231] {_universal.py:504} INFO - Response status: 201
Response headers:
    'Content-Length': '0'
    'Content-MD5': 'REDACTED'
    'Last-Modified': 'Tue, 18 Oct 2022 18:02:11 GMT'
    'ETag': '"0x8DAB132E13FC275"'
    'Server': 'Windows-Azure-Blob/1.0 Microsoft-HTTPAPI/2.0'
    'x-ms-request-id': 'a2d55f1a-d01e-004d-801b-e370eb000000'
    'x-ms-client-request-id': 'fcf49f0e-4f0e-11ed-b4bc-0242bebc0005'
    'x-ms-version': 'REDACTED'
    'x-ms-content-crc64': 'REDACTED'
    'x-ms-request-server-encrypted': 'REDACTED'
    'Date': 'Tue, 18 Oct 2022 18:02:10 GMT'
[2022-10-18 18:02:11,234] {python.py:173} INFO - Done. Returned value was: None
[2022-10-18 18:02:11,248] {taskinstance.py:1395} INFO - Marking task as SUCCESS. dag_id=clinical_trials__lung_cancer__etl__20220109, task_id=load_data_to_blob_storage_task, map_index=23, execution_date=20221018T160000, start_date=20221018T180205, end_date=20221018T180211
[2022-10-18 18:02:11,281] {local_task_job.py:156} INFO - Task exited with return code 0
[2022-10-18 18:02:11,313] {local_task_job.py:273} INFO - 0 downstream tasks scheduled from follow-on schedule check
