[2022-10-18 16:10:38,882] {taskinstance.py:1159} INFO - Dependencies all met for <TaskInstance: clinical_trials__lung_cancer__etl__20220109.load_data_to_blob_storage_task scheduled__2022-10-18T14:00:00+00:00 map_index=64 [queued]>
[2022-10-18 16:10:38,892] {taskinstance.py:1159} INFO - Dependencies all met for <TaskInstance: clinical_trials__lung_cancer__etl__20220109.load_data_to_blob_storage_task scheduled__2022-10-18T14:00:00+00:00 map_index=64 [queued]>
[2022-10-18 16:10:38,894] {taskinstance.py:1356} INFO - 
--------------------------------------------------------------------------------
[2022-10-18 16:10:38,895] {taskinstance.py:1357} INFO - Starting attempt 1 of 1
[2022-10-18 16:10:38,896] {taskinstance.py:1358} INFO - 
--------------------------------------------------------------------------------
[2022-10-18 16:10:38,905] {taskinstance.py:1377} INFO - Executing <Mapped(_PythonDecoratedOperator): load_data_to_blob_storage_task> on 2022-10-18 14:00:00+00:00
[2022-10-18 16:10:38,911] {standard_task_runner.py:52} INFO - Started process 881 to run task
[2022-10-18 16:10:38,916] {standard_task_runner.py:79} INFO - Running: ['airflow', 'tasks', 'run', 'clinical_trials__lung_cancer__etl__20220109', 'load_data_to_blob_storage_task', 'scheduled__2022-10-18T14:00:00+00:00', '--job-id', '145', '--raw', '--subdir', 'DAGS_FOLDER/process_news_dags.py', '--cfg-path', '/tmp/tmpga83q4ad', '--map-index', '64', '--error-file', '/tmp/tmpbuir307o']
[2022-10-18 16:10:38,919] {standard_task_runner.py:80} INFO - Job 145: Subtask load_data_to_blob_storage_task
[2022-10-18 16:10:38,930] {logging_mixin.py:115} WARNING - /root/.cache/pypoetry/virtualenvs/***-tXitOD5F-py3.8/lib/python3.8/site-packages/airflow/configuration.py:525 DeprecationWarning: The sql_alchemy_conn option in [core] has been moved to the sql_alchemy_conn option in [database] - the old setting has been used, but please update your config.
[2022-10-18 16:10:38,960] {task_command.py:370} INFO - Running <TaskInstance: clinical_trials__lung_cancer__etl__20220109.load_data_to_blob_storage_task scheduled__2022-10-18T14:00:00+00:00 map_index=64 [running]> on host 6cdf6d517dc4
[2022-10-18 16:10:39,000] {taskinstance.py:1569} INFO - Exporting the following env vars:
AIRFLOW_CTX_DAG_EMAIL=wais@datakimia.com,david@datakimia.com,juanm@datakimia.com,tomas@datakimia.com
AIRFLOW_CTX_DAG_OWNER=atacana
AIRFLOW_CTX_DAG_ID=clinical_trials__lung_cancer__etl__20220109
AIRFLOW_CTX_TASK_ID=load_data_to_blob_storage_task
AIRFLOW_CTX_EXECUTION_DATE=2022-10-18T14:00:00+00:00
AIRFLOW_CTX_TRY_NUMBER=1
AIRFLOW_CTX_DAG_RUN_ID=scheduled__2022-10-18T14:00:00+00:00
[2022-10-18 16:10:39,002] {process_news_dag_factory.py:105} INFO - Reading temp file: lung-cancer_clinical-trials_yervoy_20221018-14_df.json
[2022-10-18 16:10:39,026] {helpers.py:114} INFO - Going to save clinical_trials data..
[2022-10-18 16:10:39,030] {helpers.py:115} INFO -                                                title  ...                  updated_at
0  Nivolumab-ipilimumab and Chemoradiation for Ce...  ...  2022-10-18 16:08:13.969000
1  Chemo-radio-immunotherapy With Nivolumab and I...  ...  2022-10-18 16:08:13.969000
2  Phase 1b/2 Trial of Ipilimumab, Nivolumab, and...  ...  2022-10-18 16:08:13.969000
3  Study of CBL0137 in Combination With Ipilimuma...  ...  2022-10-18 16:08:13.969000
4  Peptide-Pulsed Dendritic Cell Vaccination in C...  ...  2022-10-18 16:08:13.969000

[5 rows x 13 columns]
[2022-10-18 16:10:39,044] {helpers.py:116} INFO - Index(['title', 'link', 'id', 'published_at', 'conditions', 'intervention',
       'publisher', 'status', 'source', 'keyword', 'indication',
       'therapeutic_area', 'updated_at'],
      dtype='object')
[2022-10-18 16:10:39,050] {_universal.py:473} INFO - Request URL: 'https://atacananews.blob.core.windows.net/atacana-blob-container/lung-cancer/clinical-trials/20221018/yervoy/lung-cancer_clinical-trials_20221018_yervoy_NCT05492123.json'
Request method: 'PUT'
Request headers:
    'Content-Length': '638'
    'x-ms-blob-type': 'REDACTED'
    'x-ms-version': 'REDACTED'
    'Content-Type': 'application/octet-stream'
    'Accept': 'application/xml'
    'User-Agent': 'azsdk-python-storage-blob/12.13.1 Python/3.8.15 (Linux-5.10.124-linuxkit-aarch64-with-glibc2.17)'
    'x-ms-date': 'REDACTED'
    'x-ms-client-request-id': '683862b0-4eff-11ed-a889-0242bebc0005'
    'Authorization': 'REDACTED'
A body is sent with the request
[2022-10-18 16:10:39,788] {_universal.py:504} INFO - Response status: 201
Response headers:
    'Content-Length': '0'
    'Content-MD5': 'REDACTED'
    'Last-Modified': 'Tue, 18 Oct 2022 16:10:39 GMT'
    'ETag': '"0x8DAB1234CDBA6AE"'
    'Server': 'Windows-Azure-Blob/1.0 Microsoft-HTTPAPI/2.0'
    'x-ms-request-id': '4c8a3458-601e-0048-0e0c-e3a230000000'
    'x-ms-client-request-id': '683862b0-4eff-11ed-a889-0242bebc0005'
    'x-ms-version': 'REDACTED'
    'x-ms-content-crc64': 'REDACTED'
    'x-ms-request-server-encrypted': 'REDACTED'
    'Date': 'Tue, 18 Oct 2022 16:10:39 GMT'
[2022-10-18 16:10:39,791] {_universal.py:473} INFO - Request URL: 'https://atacananews.blob.core.windows.net/atacana-blob-container/lung-cancer/clinical-trials/20221018/yervoy/lung-cancer_clinical-trials_20221018_yervoy_NCT05504642.json'
Request method: 'PUT'
Request headers:
    'Content-Length': '801'
    'x-ms-blob-type': 'REDACTED'
    'x-ms-version': 'REDACTED'
    'Content-Type': 'application/octet-stream'
    'Accept': 'application/xml'
    'User-Agent': 'azsdk-python-storage-blob/12.13.1 Python/3.8.15 (Linux-5.10.124-linuxkit-aarch64-with-glibc2.17)'
    'x-ms-date': 'REDACTED'
    'x-ms-client-request-id': '68a97324-4eff-11ed-a889-0242bebc0005'
    'Authorization': 'REDACTED'
A body is sent with the request
[2022-10-18 16:10:39,979] {_universal.py:504} INFO - Response status: 201
Response headers:
    'Content-Length': '0'
    'Content-MD5': 'REDACTED'
    'Last-Modified': 'Tue, 18 Oct 2022 16:10:39 GMT'
    'ETag': '"0x8DAB1234CF8EE63"'
    'Server': 'Windows-Azure-Blob/1.0 Microsoft-HTTPAPI/2.0'
    'x-ms-request-id': '4c8a351e-601e-0048-420c-e3a230000000'
    'x-ms-client-request-id': '68a97324-4eff-11ed-a889-0242bebc0005'
    'x-ms-version': 'REDACTED'
    'x-ms-content-crc64': 'REDACTED'
    'x-ms-request-server-encrypted': 'REDACTED'
    'Date': 'Tue, 18 Oct 2022 16:10:39 GMT'
[2022-10-18 16:10:39,981] {_universal.py:473} INFO - Request URL: 'https://atacananews.blob.core.windows.net/atacana-blob-container/lung-cancer/clinical-trials/20221018/yervoy/lung-cancer_clinical-trials_20221018_yervoy_NCT05501054.json'
Request method: 'PUT'
Request headers:
    'Content-Length': '625'
    'x-ms-blob-type': 'REDACTED'
    'x-ms-version': 'REDACTED'
    'Content-Type': 'application/octet-stream'
    'Accept': 'application/xml'
    'User-Agent': 'azsdk-python-storage-blob/12.13.1 Python/3.8.15 (Linux-5.10.124-linuxkit-aarch64-with-glibc2.17)'
    'x-ms-date': 'REDACTED'
    'x-ms-client-request-id': '68c669de-4eff-11ed-a889-0242bebc0005'
    'Authorization': 'REDACTED'
A body is sent with the request
[2022-10-18 16:10:40,166] {_universal.py:504} INFO - Response status: 201
Response headers:
    'Content-Length': '0'
    'Content-MD5': 'REDACTED'
    'Last-Modified': 'Tue, 18 Oct 2022 16:10:40 GMT'
    'ETag': '"0x8DAB1234D1572F2"'
    'Server': 'Windows-Azure-Blob/1.0 Microsoft-HTTPAPI/2.0'
    'x-ms-request-id': '4c8a35ad-601e-0048-480c-e3a230000000'
    'x-ms-client-request-id': '68c669de-4eff-11ed-a889-0242bebc0005'
    'x-ms-version': 'REDACTED'
    'x-ms-content-crc64': 'REDACTED'
    'x-ms-request-server-encrypted': 'REDACTED'
    'Date': 'Tue, 18 Oct 2022 16:10:39 GMT'
[2022-10-18 16:10:40,169] {_universal.py:473} INFO - Request URL: 'https://atacananews.blob.core.windows.net/atacana-blob-container/lung-cancer/clinical-trials/20221018/yervoy/lung-cancer_clinical-trials_20221018_yervoy_NCT05498792.json'
Request method: 'PUT'
Request headers:
    'Content-Length': '586'
    'x-ms-blob-type': 'REDACTED'
    'x-ms-version': 'REDACTED'
    'Content-Type': 'application/octet-stream'
    'Accept': 'application/xml'
    'User-Agent': 'azsdk-python-storage-blob/12.13.1 Python/3.8.15 (Linux-5.10.124-linuxkit-aarch64-with-glibc2.17)'
    'x-ms-date': 'REDACTED'
    'x-ms-client-request-id': '68e30972-4eff-11ed-a889-0242bebc0005'
    'Authorization': 'REDACTED'
A body is sent with the request
[2022-10-18 16:10:40,354] {_universal.py:504} INFO - Response status: 201
Response headers:
    'Content-Length': '0'
    'Content-MD5': 'REDACTED'
    'Last-Modified': 'Tue, 18 Oct 2022 16:10:40 GMT'
    'ETag': '"0x8DAB1234D321E9E"'
    'Server': 'Windows-Azure-Blob/1.0 Microsoft-HTTPAPI/2.0'
    'x-ms-request-id': '4c8a3651-601e-0048-590c-e3a230000000'
    'x-ms-client-request-id': '68e30972-4eff-11ed-a889-0242bebc0005'
    'x-ms-version': 'REDACTED'
    'x-ms-content-crc64': 'REDACTED'
    'x-ms-request-server-encrypted': 'REDACTED'
    'Date': 'Tue, 18 Oct 2022 16:10:40 GMT'
[2022-10-18 16:10:40,357] {_universal.py:473} INFO - Request URL: 'https://atacananews.blob.core.windows.net/atacana-blob-container/lung-cancer/clinical-trials/20221018/yervoy/lung-cancer_clinical-trials_20221018_yervoy_NCT05457959.json'
Request method: 'PUT'
Request headers:
    'Content-Length': '837'
    'x-ms-blob-type': 'REDACTED'
    'x-ms-version': 'REDACTED'
    'Content-Type': 'application/octet-stream'
    'Accept': 'application/xml'
    'User-Agent': 'azsdk-python-storage-blob/12.13.1 Python/3.8.15 (Linux-5.10.124-linuxkit-aarch64-with-glibc2.17)'
    'x-ms-date': 'REDACTED'
    'x-ms-client-request-id': '68ffc5f8-4eff-11ed-a889-0242bebc0005'
    'Authorization': 'REDACTED'
A body is sent with the request
[2022-10-18 16:10:40,545] {_universal.py:504} INFO - Response status: 201
Response headers:
    'Content-Length': '0'
    'Content-MD5': 'REDACTED'
    'Last-Modified': 'Tue, 18 Oct 2022 16:10:40 GMT'
    'ETag': '"0x8DAB1234D4F1848"'
    'Server': 'Windows-Azure-Blob/1.0 Microsoft-HTTPAPI/2.0'
    'x-ms-request-id': '4c8a36fc-601e-0048-7d0c-e3a230000000'
    'x-ms-client-request-id': '68ffc5f8-4eff-11ed-a889-0242bebc0005'
    'x-ms-version': 'REDACTED'
    'x-ms-content-crc64': 'REDACTED'
    'x-ms-request-server-encrypted': 'REDACTED'
    'Date': 'Tue, 18 Oct 2022 16:10:40 GMT'
[2022-10-18 16:10:40,548] {python.py:173} INFO - Done. Returned value was: None
[2022-10-18 16:10:40,559] {taskinstance.py:1395} INFO - Marking task as SUCCESS. dag_id=clinical_trials__lung_cancer__etl__20220109, task_id=load_data_to_blob_storage_task, map_index=64, execution_date=20221018T140000, start_date=20221018T161038, end_date=20221018T161040
[2022-10-18 16:10:40,602] {local_task_job.py:156} INFO - Task exited with return code 0
[2022-10-18 16:10:40,646] {local_task_job.py:273} INFO - 0 downstream tasks scheduled from follow-on schedule check
