[2022-10-18 20:06:26,953] {taskinstance.py:1159} INFO - Dependencies all met for <TaskInstance: clinical_trials__lung_cancer__etl__20220109.load_data_to_mongodb_task scheduled__2022-10-18T18:00:00+00:00 map_index=64 [queued]>
[2022-10-18 20:06:26,966] {taskinstance.py:1159} INFO - Dependencies all met for <TaskInstance: clinical_trials__lung_cancer__etl__20220109.load_data_to_mongodb_task scheduled__2022-10-18T18:00:00+00:00 map_index=64 [queued]>
[2022-10-18 20:06:26,968] {taskinstance.py:1356} INFO - 
--------------------------------------------------------------------------------
[2022-10-18 20:06:26,969] {taskinstance.py:1357} INFO - Starting attempt 1 of 1
[2022-10-18 20:06:26,970] {taskinstance.py:1358} INFO - 
--------------------------------------------------------------------------------
[2022-10-18 20:06:26,979] {taskinstance.py:1377} INFO - Executing <Mapped(_PythonDecoratedOperator): load_data_to_mongodb_task> on 2022-10-18 18:00:00+00:00
[2022-10-18 20:06:26,985] {standard_task_runner.py:52} INFO - Started process 5243 to run task
[2022-10-18 20:06:26,988] {standard_task_runner.py:79} INFO - Running: ['airflow', 'tasks', 'run', 'clinical_trials__lung_cancer__etl__20220109', 'load_data_to_mongodb_task', 'scheduled__2022-10-18T18:00:00+00:00', '--job-id', '662', '--raw', '--subdir', 'DAGS_FOLDER/process_news_dags.py', '--cfg-path', '/tmp/tmp7e_9288k', '--map-index', '64', '--error-file', '/tmp/tmpyfyxpek_']
[2022-10-18 20:06:26,989] {standard_task_runner.py:80} INFO - Job 662: Subtask load_data_to_mongodb_task
[2022-10-18 20:06:27,003] {logging_mixin.py:115} WARNING - /root/.cache/pypoetry/virtualenvs/***-tXitOD5F-py3.8/lib/python3.8/site-packages/airflow/configuration.py:525 DeprecationWarning: The sql_alchemy_conn option in [core] has been moved to the sql_alchemy_conn option in [database] - the old setting has been used, but please update your config.
[2022-10-18 20:06:27,033] {task_command.py:370} INFO - Running <TaskInstance: clinical_trials__lung_cancer__etl__20220109.load_data_to_mongodb_task scheduled__2022-10-18T18:00:00+00:00 map_index=64 [running]> on host 6cdf6d517dc4
[2022-10-18 20:06:27,085] {taskinstance.py:1569} INFO - Exporting the following env vars:
AIRFLOW_CTX_DAG_EMAIL=wais@datakimia.com,david@datakimia.com,juanm@datakimia.com,tomas@datakimia.com
AIRFLOW_CTX_DAG_OWNER=atacana
AIRFLOW_CTX_DAG_ID=clinical_trials__lung_cancer__etl__20220109
AIRFLOW_CTX_TASK_ID=load_data_to_mongodb_task
AIRFLOW_CTX_EXECUTION_DATE=2022-10-18T18:00:00+00:00
AIRFLOW_CTX_TRY_NUMBER=1
AIRFLOW_CTX_DAG_RUN_ID=scheduled__2022-10-18T18:00:00+00:00
[2022-10-18 20:06:27,088] {process_news_dag_factory.py:128} INFO - Going to load data from clinical_trials about topic Yervoy
[2022-10-18 20:06:27,131] {db_helpers.py:35} INFO - Connected successfully!!!
[2022-10-18 20:06:27,138] {_universal.py:476} INFO - Request URL: 'https://atacananews.blob.core.windows.net/atacana-blob-container?restype=REDACTED&comp=REDACTED&prefix=REDACTED&delimiter=REDACTED'
Request method: 'GET'
Request headers:
    'x-ms-version': 'REDACTED'
    'Accept': 'application/xml'
    'User-Agent': 'azsdk-python-storage-blob/12.13.1 Python/3.8.15 (Linux-5.10.124-linuxkit-aarch64-with-glibc2.17)'
    'x-ms-date': 'REDACTED'
    'x-ms-client-request-id': '5923107e-4f20-11ed-a969-0242bebc0005'
    'Authorization': 'REDACTED'
No body was attached to the request
[2022-10-18 20:06:28,035] {_universal.py:504} INFO - Response status: 200
Response headers:
    'Transfer-Encoding': 'chunked'
    'Content-Type': 'application/xml'
    'Server': 'Windows-Azure-Blob/1.0 Microsoft-HTTPAPI/2.0'
    'x-ms-request-id': '3432c752-a01e-0047-782d-e3d45c000000'
    'x-ms-client-request-id': '5923107e-4f20-11ed-a969-0242bebc0005'
    'x-ms-version': 'REDACTED'
    'Date': 'Tue, 18 Oct 2022 20:06:27 GMT'
[2022-10-18 20:06:28,041] {_universal.py:476} INFO - Request URL: 'https://atacananews.blob.core.windows.net/atacana-blob-container/lung-cancer/clinical-trials/20221018/yervoy/lung-cancer_clinical-trials_20221018_yervoy_NCT05457959.json'
Request method: 'GET'
Request headers:
    'x-ms-range': 'REDACTED'
    'x-ms-version': 'REDACTED'
    'Accept': 'application/xml'
    'User-Agent': 'azsdk-python-storage-blob/12.13.1 Python/3.8.15 (Linux-5.10.124-linuxkit-aarch64-with-glibc2.17)'
    'x-ms-date': 'REDACTED'
    'x-ms-client-request-id': '59ad0446-4f20-11ed-a969-0242bebc0005'
    'Authorization': 'REDACTED'
No body was attached to the request
[2022-10-18 20:06:28,240] {_universal.py:504} INFO - Response status: 206
Response headers:
    'Content-Length': '837'
    'Content-Type': 'application/octet-stream'
    'Content-Range': 'REDACTED'
    'Last-Modified': 'Tue, 18 Oct 2022 20:02:52 GMT'
    'Accept-Ranges': 'REDACTED'
    'ETag': '"0x8DAB143BD48362F"'
    'Server': 'Windows-Azure-Blob/1.0 Microsoft-HTTPAPI/2.0'
    'x-ms-request-id': '3432c8ef-a01e-0047-7c2d-e3d45c000000'
    'x-ms-client-request-id': '59ad0446-4f20-11ed-a969-0242bebc0005'
    'x-ms-version': 'REDACTED'
    'x-ms-creation-time': 'REDACTED'
    'x-ms-blob-content-md5': 'REDACTED'
    'x-ms-lease-status': 'REDACTED'
    'x-ms-lease-state': 'REDACTED'
    'x-ms-blob-type': 'REDACTED'
    'x-ms-server-encrypted': 'REDACTED'
    'Date': 'Tue, 18 Oct 2022 20:06:28 GMT'
[2022-10-18 20:06:28,260] {logging_mixin.py:115} INFO - <class 'pandas.core.frame.DataFrame'>
RangeIndex: 1 entries, 0 to 0
Data columns (total 13 columns):
 #   Column            Non-Null Count  Dtype 
---  ------            --------------  ----- 
 0   title             1 non-null      object
 1   link              1 non-null      object
 2   id                1 non-null      object
 3   published_at      1 non-null      object
 4   conditions        1 non-null      object
 5   intervention      1 non-null      object
 6   publisher         1 non-null      object
 7   status            1 non-null      object
 8   source            1 non-null      object
 9   keyword           1 non-null      object
 10  indication        1 non-null      object
 11  therapeutic_area  1 non-null      object
 12  updated_at        1 non-null      object
dtypes: object(13)
memory usage: 232.0+ bytes
[2022-10-18 20:06:28,262] {process_news_dag_factory.py:159} INFO - None
[2022-10-18 20:06:28,266] {process_news_dag_factory.py:167} INFO - {'id': 'NCT05457959', 'source': 'clinical_trials', 'therapeutic_area': 'Oncology', 'indication': 'Lung Cancer', 'keyword': 'Yervoy', 'title': 'Peptide-Pulsed Dendritic Cell Vaccination in Combination With Nivolumab and Ipilimumab for the Treatment of Recurrent and/or Progressive Diffuse Hemispheric Glioma, H3 G34-mutant', 'link': 'https://clinicaltrials.gov/ct2/show/NCT05457959?cond=Yervoy&sfpd_d=100', 'publisher': 'Jonsson Comprehensive Cancer Center', 'published_at': '2022-07-14T12:00:00.000Z', 'updated_at': '2022-10-18T20:00:08.417Z', 'atacana_team': None, 'category': None, 'priority': None, 'content': None}
[2022-10-18 20:06:29,427] {_universal.py:476} INFO - Request URL: 'https://atacananews.blob.core.windows.net/atacana-blob-container/lung-cancer/clinical-trials/20221018/yervoy/lung-cancer_clinical-trials_20221018_yervoy_NCT05492123.json'
Request method: 'GET'
Request headers:
    'x-ms-range': 'REDACTED'
    'x-ms-version': 'REDACTED'
    'Accept': 'application/xml'
    'User-Agent': 'azsdk-python-storage-blob/12.13.1 Python/3.8.15 (Linux-5.10.124-linuxkit-aarch64-with-glibc2.17)'
    'x-ms-date': 'REDACTED'
    'x-ms-client-request-id': '5a807038-4f20-11ed-a969-0242bebc0005'
    'Authorization': 'REDACTED'
No body was attached to the request
[2022-10-18 20:06:29,617] {_universal.py:504} INFO - Response status: 206
Response headers:
    'Content-Length': '638'
    'Content-Type': 'application/octet-stream'
    'Content-Range': 'REDACTED'
    'Last-Modified': 'Tue, 18 Oct 2022 20:02:51 GMT'
    'Accept-Ranges': 'REDACTED'
    'ETag': '"0x8DAB143BCD0F4AC"'
    'Server': 'Windows-Azure-Blob/1.0 Microsoft-HTTPAPI/2.0'
    'x-ms-request-id': '3432cf1a-a01e-0047-482d-e3d45c000000'
    'x-ms-client-request-id': '5a807038-4f20-11ed-a969-0242bebc0005'
    'x-ms-version': 'REDACTED'
    'x-ms-creation-time': 'REDACTED'
    'x-ms-blob-content-md5': 'REDACTED'
    'x-ms-lease-status': 'REDACTED'
    'x-ms-lease-state': 'REDACTED'
    'x-ms-blob-type': 'REDACTED'
    'x-ms-server-encrypted': 'REDACTED'
    'Date': 'Tue, 18 Oct 2022 20:06:29 GMT'
[2022-10-18 20:06:29,633] {logging_mixin.py:115} INFO - <class 'pandas.core.frame.DataFrame'>
RangeIndex: 1 entries, 0 to 0
Data columns (total 13 columns):
 #   Column            Non-Null Count  Dtype 
---  ------            --------------  ----- 
 0   title             1 non-null      object
 1   link              1 non-null      object
 2   id                1 non-null      object
 3   published_at      1 non-null      object
 4   conditions        1 non-null      object
 5   intervention      1 non-null      object
 6   publisher         1 non-null      object
 7   status            1 non-null      object
 8   source            1 non-null      object
 9   keyword           1 non-null      object
 10  indication        1 non-null      object
 11  therapeutic_area  1 non-null      object
 12  updated_at        1 non-null      object
dtypes: object(13)
memory usage: 232.0+ bytes
[2022-10-18 20:06:29,635] {process_news_dag_factory.py:159} INFO - None
[2022-10-18 20:06:29,639] {process_news_dag_factory.py:167} INFO - {'id': 'NCT05492123', 'source': 'clinical_trials', 'therapeutic_area': 'Oncology', 'indication': 'Lung Cancer', 'keyword': 'Yervoy', 'title': 'Nivolumab-ipilimumab and Chemoradiation for Cervical Cancer', 'link': 'https://clinicaltrials.gov/ct2/show/NCT05492123?cond=Yervoy&sfpd_d=100', 'publisher': 'Hospital Israelita Albert Einstein;   Bristol-Myers Squibb;   Brava', 'published_at': '2022-08-08T12:00:00.000Z', 'updated_at': '2022-10-18T20:00:08.417Z', 'atacana_team': None, 'category': None, 'priority': None, 'content': None}
[2022-10-18 20:06:29,848] {_universal.py:476} INFO - Request URL: 'https://atacananews.blob.core.windows.net/atacana-blob-container/lung-cancer/clinical-trials/20221018/yervoy/lung-cancer_clinical-trials_20221018_yervoy_NCT05498792.json'
Request method: 'GET'
Request headers:
    'x-ms-range': 'REDACTED'
    'x-ms-version': 'REDACTED'
    'Accept': 'application/xml'
    'User-Agent': 'azsdk-python-storage-blob/12.13.1 Python/3.8.15 (Linux-5.10.124-linuxkit-aarch64-with-glibc2.17)'
    'x-ms-date': 'REDACTED'
    'x-ms-client-request-id': '5ac0595a-4f20-11ed-a969-0242bebc0005'
    'Authorization': 'REDACTED'
No body was attached to the request
[2022-10-18 20:06:30,044] {_universal.py:504} INFO - Response status: 206
Response headers:
    'Content-Length': '586'
    'Content-Type': 'application/octet-stream'
    'Content-Range': 'REDACTED'
    'Last-Modified': 'Tue, 18 Oct 2022 20:02:52 GMT'
    'Accept-Ranges': 'REDACTED'
    'ETag': '"0x8DAB143BD28CBE9"'
    'Server': 'Windows-Azure-Blob/1.0 Microsoft-HTTPAPI/2.0'
    'x-ms-request-id': '3432d097-a01e-0047-2b2d-e3d45c000000'
    'x-ms-client-request-id': '5ac0595a-4f20-11ed-a969-0242bebc0005'
    'x-ms-version': 'REDACTED'
    'x-ms-creation-time': 'REDACTED'
    'x-ms-blob-content-md5': 'REDACTED'
    'x-ms-lease-status': 'REDACTED'
    'x-ms-lease-state': 'REDACTED'
    'x-ms-blob-type': 'REDACTED'
    'x-ms-server-encrypted': 'REDACTED'
    'Date': 'Tue, 18 Oct 2022 20:06:29 GMT'
[2022-10-18 20:06:30,050] {logging_mixin.py:115} INFO - <class 'pandas.core.frame.DataFrame'>
RangeIndex: 1 entries, 0 to 0
Data columns (total 13 columns):
 #   Column            Non-Null Count  Dtype 
---  ------            --------------  ----- 
 0   title             1 non-null      object
 1   link              1 non-null      object
 2   id                1 non-null      object
 3   published_at      1 non-null      object
 4   conditions        1 non-null      object
 5   intervention      1 non-null      object
 6   publisher         1 non-null      object
 7   status            1 non-null      object
 8   source            1 non-null      object
 9   keyword           1 non-null      object
 10  indication        1 non-null      object
 11  therapeutic_area  1 non-null      object
 12  updated_at        1 non-null      object
dtypes: object(13)
memory usage: 232.0+ bytes
[2022-10-18 20:06:30,052] {process_news_dag_factory.py:159} INFO - None
[2022-10-18 20:06:30,054] {process_news_dag_factory.py:167} INFO - {'id': 'NCT05498792', 'source': 'clinical_trials', 'therapeutic_area': 'Oncology', 'indication': 'Lung Cancer', 'keyword': 'Yervoy', 'title': 'Study of CBL0137 in Combination With Ipilimumab and Nivolumab Therapy in Melanoma', 'link': 'https://clinicaltrials.gov/ct2/show/NCT05498792?cond=Yervoy&sfpd_d=100', 'publisher': 'Fox Chase Cancer Center;   Incuron', 'published_at': '2022-08-12T12:00:00.000Z', 'updated_at': '2022-10-18T20:00:08.417Z', 'atacana_team': None, 'category': None, 'priority': None, 'content': None}
[2022-10-18 20:06:30,259] {_universal.py:476} INFO - Request URL: 'https://atacananews.blob.core.windows.net/atacana-blob-container/lung-cancer/clinical-trials/20221018/yervoy/lung-cancer_clinical-trials_20221018_yervoy_NCT05501054.json'
Request method: 'GET'
Request headers:
    'x-ms-range': 'REDACTED'
    'x-ms-version': 'REDACTED'
    'Accept': 'application/xml'
    'User-Agent': 'azsdk-python-storage-blob/12.13.1 Python/3.8.15 (Linux-5.10.124-linuxkit-aarch64-with-glibc2.17)'
    'x-ms-date': 'REDACTED'
    'x-ms-client-request-id': '5aff78c4-4f20-11ed-a969-0242bebc0005'
    'Authorization': 'REDACTED'
No body was attached to the request
[2022-10-18 20:06:30,450] {_universal.py:504} INFO - Response status: 206
Response headers:
    'Content-Length': '625'
    'Content-Type': 'application/octet-stream'
    'Content-Range': 'REDACTED'
    'Last-Modified': 'Tue, 18 Oct 2022 20:02:51 GMT'
    'Accept-Ranges': 'REDACTED'
    'ETag': '"0x8DAB143BD0A24CA"'
    'Server': 'Windows-Azure-Blob/1.0 Microsoft-HTTPAPI/2.0'
    'x-ms-request-id': '3432d225-a01e-0047-1e2d-e3d45c000000'
    'x-ms-client-request-id': '5aff78c4-4f20-11ed-a969-0242bebc0005'
    'x-ms-version': 'REDACTED'
    'x-ms-creation-time': 'REDACTED'
    'x-ms-blob-content-md5': 'REDACTED'
    'x-ms-lease-status': 'REDACTED'
    'x-ms-lease-state': 'REDACTED'
    'x-ms-blob-type': 'REDACTED'
    'x-ms-server-encrypted': 'REDACTED'
    'Date': 'Tue, 18 Oct 2022 20:06:30 GMT'
[2022-10-18 20:06:30,463] {logging_mixin.py:115} INFO - <class 'pandas.core.frame.DataFrame'>
RangeIndex: 1 entries, 0 to 0
Data columns (total 13 columns):
 #   Column            Non-Null Count  Dtype 
---  ------            --------------  ----- 
 0   title             1 non-null      object
 1   link              1 non-null      object
 2   id                1 non-null      object
 3   published_at      1 non-null      object
 4   conditions        1 non-null      object
 5   intervention      1 non-null      object
 6   publisher         1 non-null      object
 7   status            1 non-null      object
 8   source            1 non-null      object
 9   keyword           1 non-null      object
 10  indication        1 non-null      object
 11  therapeutic_area  1 non-null      object
 12  updated_at        1 non-null      object
dtypes: object(13)
memory usage: 232.0+ bytes
[2022-10-18 20:06:30,466] {process_news_dag_factory.py:159} INFO - None
[2022-10-18 20:06:30,473] {process_news_dag_factory.py:167} INFO - {'id': 'NCT05501054', 'source': 'clinical_trials', 'therapeutic_area': 'Oncology', 'indication': 'Lung Cancer', 'keyword': 'Yervoy', 'title': 'Phase 1b/2 Trial of Ipilimumab, Nivolumab, and Ciforadenant (Adenosine A2a Receptor Antagonist) in First-line Advanced Renal Cell Carcinoma.', 'link': 'https://clinicaltrials.gov/ct2/show/NCT05501054?cond=Yervoy&sfpd_d=100', 'publisher': 'M.D. Anderson Cancer Center', 'published_at': '2022-08-15T12:00:00.000Z', 'updated_at': '2022-10-18T20:00:08.417Z', 'atacana_team': None, 'category': None, 'priority': None, 'content': None}
[2022-10-18 20:06:30,677] {_universal.py:476} INFO - Request URL: 'https://atacananews.blob.core.windows.net/atacana-blob-container/lung-cancer/clinical-trials/20221018/yervoy/lung-cancer_clinical-trials_20221018_yervoy_NCT05504642.json'
Request method: 'GET'
Request headers:
    'x-ms-range': 'REDACTED'
    'x-ms-version': 'REDACTED'
    'Accept': 'application/xml'
    'User-Agent': 'azsdk-python-storage-blob/12.13.1 Python/3.8.15 (Linux-5.10.124-linuxkit-aarch64-with-glibc2.17)'
    'x-ms-date': 'REDACTED'
    'x-ms-client-request-id': '5b3f294c-4f20-11ed-a969-0242bebc0005'
    'Authorization': 'REDACTED'
No body was attached to the request
[2022-10-18 20:06:30,860] {_universal.py:504} INFO - Response status: 206
Response headers:
    'Content-Length': '801'
    'Content-Type': 'application/octet-stream'
    'Content-Range': 'REDACTED'
    'Last-Modified': 'Tue, 18 Oct 2022 20:02:51 GMT'
    'Accept-Ranges': 'REDACTED'
    'ETag': '"0x8DAB143BCEDEE54"'
    'Server': 'Windows-Azure-Blob/1.0 Microsoft-HTTPAPI/2.0'
    'x-ms-request-id': '3432d3dd-a01e-0047-302d-e3d45c000000'
    'x-ms-client-request-id': '5b3f294c-4f20-11ed-a969-0242bebc0005'
    'x-ms-version': 'REDACTED'
    'x-ms-creation-time': 'REDACTED'
    'x-ms-blob-content-md5': 'REDACTED'
    'x-ms-lease-status': 'REDACTED'
    'x-ms-lease-state': 'REDACTED'
    'x-ms-blob-type': 'REDACTED'
    'x-ms-server-encrypted': 'REDACTED'
    'Date': 'Tue, 18 Oct 2022 20:06:30 GMT'
[2022-10-18 20:06:30,872] {logging_mixin.py:115} INFO - <class 'pandas.core.frame.DataFrame'>
RangeIndex: 1 entries, 0 to 0
Data columns (total 13 columns):
 #   Column            Non-Null Count  Dtype 
---  ------            --------------  ----- 
 0   title             1 non-null      object
 1   link              1 non-null      object
 2   id                1 non-null      object
 3   published_at      1 non-null      object
 4   conditions        1 non-null      object
 5   intervention      1 non-null      object
 6   publisher         1 non-null      object
 7   status            1 non-null      object
 8   source            1 non-null      object
 9   keyword           1 non-null      object
 10  indication        1 non-null      object
 11  therapeutic_area  1 non-null      object
 12  updated_at        1 non-null      object
dtypes: object(13)
memory usage: 232.0+ bytes
[2022-10-18 20:06:30,887] {process_news_dag_factory.py:159} INFO - None
[2022-10-18 20:06:30,890] {process_news_dag_factory.py:167} INFO - {'id': 'NCT05504642', 'source': 'clinical_trials', 'therapeutic_area': 'Oncology', 'indication': 'Lung Cancer', 'keyword': 'Yervoy', 'title': 'Chemo-radio-immunotherapy With Nivolumab and Ipilimumab Treatment in Locally Advanced Cervical Cancer Patients', 'link': 'https://clinicaltrials.gov/ct2/show/NCT05504642?cond=Yervoy&sfpd_d=100', 'publisher': 'Universitätsklinikum Köln;   ZKS Köln', 'published_at': '2022-08-17T12:00:00.000Z', 'updated_at': '2022-10-18T20:00:08.417Z', 'atacana_team': None, 'category': None, 'priority': None, 'content': None}
[2022-10-18 20:06:31,106] {python.py:173} INFO - Done. Returned value was: None
[2022-10-18 20:06:31,128] {taskinstance.py:1395} INFO - Marking task as SUCCESS. dag_id=clinical_trials__lung_cancer__etl__20220109, task_id=load_data_to_mongodb_task, map_index=64, execution_date=20221018T180000, start_date=20221018T200626, end_date=20221018T200631
[2022-10-18 20:06:31,168] {local_task_job.py:156} INFO - Task exited with return code 0
[2022-10-18 20:06:31,201] {local_task_job.py:273} INFO - 0 downstream tasks scheduled from follow-on schedule check
