[2022-10-18 16:12:25,251] {taskinstance.py:1159} INFO - Dependencies all met for <TaskInstance: clinical_trials__lung_cancer__etl__20220109.load_data_to_mongodb_task scheduled__2022-10-18T14:00:00+00:00 map_index=2 [queued]>
[2022-10-18 16:12:25,267] {taskinstance.py:1159} INFO - Dependencies all met for <TaskInstance: clinical_trials__lung_cancer__etl__20220109.load_data_to_mongodb_task scheduled__2022-10-18T14:00:00+00:00 map_index=2 [queued]>
[2022-10-18 16:12:25,268] {taskinstance.py:1356} INFO - 
--------------------------------------------------------------------------------
[2022-10-18 16:12:25,269] {taskinstance.py:1357} INFO - Starting attempt 1 of 1
[2022-10-18 16:12:25,270] {taskinstance.py:1358} INFO - 
--------------------------------------------------------------------------------
[2022-10-18 16:12:25,277] {taskinstance.py:1377} INFO - Executing <Mapped(_PythonDecoratedOperator): load_data_to_mongodb_task> on 2022-10-18 14:00:00+00:00
[2022-10-18 16:12:25,282] {standard_task_runner.py:52} INFO - Started process 1075 to run task
[2022-10-18 16:12:25,286] {standard_task_runner.py:79} INFO - Running: ['airflow', 'tasks', 'run', 'clinical_trials__lung_cancer__etl__20220109', 'load_data_to_mongodb_task', 'scheduled__2022-10-18T14:00:00+00:00', '--job-id', '165', '--raw', '--subdir', 'DAGS_FOLDER/process_news_dags.py', '--cfg-path', '/tmp/tmptaepl_tr', '--map-index', '2', '--error-file', '/tmp/tmp16t9wcs2']
[2022-10-18 16:12:25,287] {standard_task_runner.py:80} INFO - Job 165: Subtask load_data_to_mongodb_task
[2022-10-18 16:12:25,300] {logging_mixin.py:115} WARNING - /root/.cache/pypoetry/virtualenvs/***-tXitOD5F-py3.8/lib/python3.8/site-packages/airflow/configuration.py:525 DeprecationWarning: The sql_alchemy_conn option in [core] has been moved to the sql_alchemy_conn option in [database] - the old setting has been used, but please update your config.
[2022-10-18 16:12:25,327] {task_command.py:370} INFO - Running <TaskInstance: clinical_trials__lung_cancer__etl__20220109.load_data_to_mongodb_task scheduled__2022-10-18T14:00:00+00:00 map_index=2 [running]> on host 6cdf6d517dc4
[2022-10-18 16:12:25,365] {taskinstance.py:1569} INFO - Exporting the following env vars:
AIRFLOW_CTX_DAG_EMAIL=wais@datakimia.com,david@datakimia.com,juanm@datakimia.com,tomas@datakimia.com
AIRFLOW_CTX_DAG_OWNER=atacana
AIRFLOW_CTX_DAG_ID=clinical_trials__lung_cancer__etl__20220109
AIRFLOW_CTX_TASK_ID=load_data_to_mongodb_task
AIRFLOW_CTX_EXECUTION_DATE=2022-10-18T14:00:00+00:00
AIRFLOW_CTX_TRY_NUMBER=1
AIRFLOW_CTX_DAG_RUN_ID=scheduled__2022-10-18T14:00:00+00:00
[2022-10-18 16:12:25,367] {process_news_dag_factory.py:128} INFO - Going to load data from clinical_trials about topic AZD 2281
[2022-10-18 16:12:25,398] {db_helpers.py:35} INFO - Connected successfully!!!
[2022-10-18 16:12:25,404] {_universal.py:476} INFO - Request URL: 'https://atacananews.blob.core.windows.net/atacana-blob-container?restype=REDACTED&comp=REDACTED&prefix=REDACTED&delimiter=REDACTED'
Request method: 'GET'
Request headers:
    'x-ms-version': 'REDACTED'
    'Accept': 'application/xml'
    'User-Agent': 'azsdk-python-storage-blob/12.13.1 Python/3.8.15 (Linux-5.10.124-linuxkit-aarch64-with-glibc2.17)'
    'x-ms-date': 'REDACTED'
    'x-ms-client-request-id': 'a79c8ce2-4eff-11ed-8248-0242bebc0005'
    'Authorization': 'REDACTED'
No body was attached to the request
[2022-10-18 16:12:26,436] {_universal.py:504} INFO - Response status: 200
Response headers:
    'Transfer-Encoding': 'chunked'
    'Content-Type': 'application/xml'
    'Server': 'Windows-Azure-Blob/1.0 Microsoft-HTTPAPI/2.0'
    'x-ms-request-id': '66e9657f-401e-005f-600c-e30b3b000000'
    'x-ms-client-request-id': 'a79c8ce2-4eff-11ed-8248-0242bebc0005'
    'x-ms-version': 'REDACTED'
    'Date': 'Tue, 18 Oct 2022 16:12:25 GMT'
[2022-10-18 16:12:26,444] {_universal.py:476} INFO - Request URL: 'https://atacananews.blob.core.windows.net/atacana-blob-container/lung-cancer/clinical-trials/20221018/azd-2281/lung-cancer_clinical-trials_20221018_azd-2281_NCT05457257.json'
Request method: 'GET'
Request headers:
    'x-ms-range': 'REDACTED'
    'x-ms-version': 'REDACTED'
    'Accept': 'application/xml'
    'User-Agent': 'azsdk-python-storage-blob/12.13.1 Python/3.8.15 (Linux-5.10.124-linuxkit-aarch64-with-glibc2.17)'
    'x-ms-date': 'REDACTED'
    'x-ms-client-request-id': 'a83b6344-4eff-11ed-8248-0242bebc0005'
    'Authorization': 'REDACTED'
No body was attached to the request
[2022-10-18 16:12:26,623] {_universal.py:504} INFO - Response status: 206
Response headers:
    'Content-Length': '819'
    'Content-Type': 'application/octet-stream'
    'Content-Range': 'REDACTED'
    'Last-Modified': 'Tue, 18 Oct 2022 16:10:01 GMT'
    'Accept-Ranges': 'REDACTED'
    'ETag': '"0x8DAB12335DE4EA0"'
    'Server': 'Windows-Azure-Blob/1.0 Microsoft-HTTPAPI/2.0'
    'x-ms-request-id': '66e9668f-401e-005f-520c-e30b3b000000'
    'x-ms-client-request-id': 'a83b6344-4eff-11ed-8248-0242bebc0005'
    'x-ms-version': 'REDACTED'
    'x-ms-creation-time': 'REDACTED'
    'x-ms-blob-content-md5': 'REDACTED'
    'x-ms-lease-status': 'REDACTED'
    'x-ms-lease-state': 'REDACTED'
    'x-ms-blob-type': 'REDACTED'
    'x-ms-server-encrypted': 'REDACTED'
    'Date': 'Tue, 18 Oct 2022 16:12:26 GMT'
[2022-10-18 16:12:26,639] {logging_mixin.py:115} INFO - <class 'pandas.core.frame.DataFrame'>
RangeIndex: 1 entries, 0 to 0
Data columns (total 13 columns):
 #   Column            Non-Null Count  Dtype 
---  ------            --------------  ----- 
 0   title             1 non-null      object
 1   link              1 non-null      object
 2   id                1 non-null      object
 3   published_at      1 non-null      object
 4   conditions        1 non-null      object
 5   intervention      1 non-null      object
 6   publisher         1 non-null      object
 7   status            1 non-null      object
 8   source            1 non-null      object
 9   keyword           1 non-null      object
 10  indication        1 non-null      object
 11  therapeutic_area  1 non-null      object
 12  updated_at        1 non-null      object
dtypes: object(13)
memory usage: 232.0+ bytes
[2022-10-18 16:12:26,640] {process_news_dag_factory.py:159} INFO - None
[2022-10-18 16:12:26,645] {process_news_dag_factory.py:167} INFO - {'id': 'NCT05457257', 'source': 'clinical_trials', 'therapeutic_area': 'Oncology', 'indication': 'Lung Cancer', 'keyword': 'AZD 2281', 'title': 'Clinical Study to Assess the Efficacy and Safety of Olaparib in Chinese Patients With Metastatic Castration-Resistant Prostate Cancer Who Have Failed Prior Treatment With a New Hormonal Agent and Have BRCA1/2 Mutations', 'link': 'https://clinicaltrials.gov/ct2/show/NCT05457257?cond=AZD+2281&sfpd_d=100', 'publisher': 'AstraZeneca;   Merck Sharp & Dohme LLC;   Foundation Medicine, Inc.;   Myriad Genetics, Inc.', 'published_at': '2022-07-13T12:00:00.000Z', 'updated_at': '2022-10-18T16:07:03.923Z', 'atacana_team': None, 'category': None, 'priority': None, 'content': None}
[2022-10-18 16:12:27,834] {_universal.py:476} INFO - Request URL: 'https://atacananews.blob.core.windows.net/atacana-blob-container/lung-cancer/clinical-trials/20221018/azd-2281/lung-cancer_clinical-trials_20221018_azd-2281_NCT05463848.json'
Request method: 'GET'
Request headers:
    'x-ms-range': 'REDACTED'
    'x-ms-version': 'REDACTED'
    'Accept': 'application/xml'
    'User-Agent': 'azsdk-python-storage-blob/12.13.1 Python/3.8.15 (Linux-5.10.124-linuxkit-aarch64-with-glibc2.17)'
    'x-ms-date': 'REDACTED'
    'x-ms-client-request-id': 'a90f5cb2-4eff-11ed-8248-0242bebc0005'
    'Authorization': 'REDACTED'
No body was attached to the request
[2022-10-18 16:12:28,024] {_universal.py:504} INFO - Response status: 206
Response headers:
    'Content-Length': '570'
    'Content-Type': 'application/octet-stream'
    'Content-Range': 'REDACTED'
    'Last-Modified': 'Tue, 18 Oct 2022 16:10:00 GMT'
    'Accept-Ranges': 'REDACTED'
    'ETag': '"0x8DAB12335684556"'
    'Server': 'Windows-Azure-Blob/1.0 Microsoft-HTTPAPI/2.0'
    'x-ms-request-id': '66e9698c-401e-005f-730c-e30b3b000000'
    'x-ms-client-request-id': 'a90f5cb2-4eff-11ed-8248-0242bebc0005'
    'x-ms-version': 'REDACTED'
    'x-ms-creation-time': 'REDACTED'
    'x-ms-blob-content-md5': 'REDACTED'
    'x-ms-lease-status': 'REDACTED'
    'x-ms-lease-state': 'REDACTED'
    'x-ms-blob-type': 'REDACTED'
    'x-ms-server-encrypted': 'REDACTED'
    'Date': 'Tue, 18 Oct 2022 16:12:27 GMT'
[2022-10-18 16:12:28,037] {logging_mixin.py:115} INFO - <class 'pandas.core.frame.DataFrame'>
RangeIndex: 1 entries, 0 to 0
Data columns (total 13 columns):
 #   Column            Non-Null Count  Dtype 
---  ------            --------------  ----- 
 0   title             1 non-null      object
 1   link              1 non-null      object
 2   id                1 non-null      object
 3   published_at      1 non-null      object
 4   conditions        1 non-null      object
 5   intervention      1 non-null      object
 6   publisher         1 non-null      object
 7   status            1 non-null      object
 8   source            1 non-null      object
 9   keyword           1 non-null      object
 10  indication        1 non-null      object
 11  therapeutic_area  1 non-null      object
 12  updated_at        1 non-null      object
dtypes: object(13)
memory usage: 232.0+ bytes
[2022-10-18 16:12:28,039] {process_news_dag_factory.py:159} INFO - None
[2022-10-18 16:12:28,043] {process_news_dag_factory.py:167} INFO - {'id': 'NCT05463848', 'source': 'clinical_trials', 'therapeutic_area': 'Oncology', 'indication': 'Lung Cancer', 'keyword': 'AZD 2281', 'title': 'Surgical Pembro +/- Olaparib w TMZ for rGBM', 'link': 'https://clinicaltrials.gov/ct2/show/NCT05463848?cond=AZD+2281&sfpd_d=100', 'publisher': 'Patrick Y. Wen, MD;   Merck Sharp & Dohme LLC', 'published_at': '2022-07-19T12:00:00.000Z', 'updated_at': '2022-10-18T16:07:03.923Z', 'atacana_team': None, 'category': None, 'priority': None, 'content': None}
[2022-10-18 16:12:28,248] {_universal.py:476} INFO - Request URL: 'https://atacananews.blob.core.windows.net/atacana-blob-container/lung-cancer/clinical-trials/20221018/azd-2281/lung-cancer_clinical-trials_20221018_azd-2281_NCT05482074.json'
Request method: 'GET'
Request headers:
    'x-ms-range': 'REDACTED'
    'x-ms-version': 'REDACTED'
    'Accept': 'application/xml'
    'User-Agent': 'azsdk-python-storage-blob/12.13.1 Python/3.8.15 (Linux-5.10.124-linuxkit-aarch64-with-glibc2.17)'
    'x-ms-date': 'REDACTED'
    'x-ms-client-request-id': 'a94e9b8e-4eff-11ed-8248-0242bebc0005'
    'Authorization': 'REDACTED'
No body was attached to the request
[2022-10-18 16:12:28,429] {_universal.py:504} INFO - Response status: 206
Response headers:
    'Content-Length': '589'
    'Content-Type': 'application/octet-stream'
    'Content-Range': 'REDACTED'
    'Last-Modified': 'Tue, 18 Oct 2022 16:10:00 GMT'
    'Accept-Ranges': 'REDACTED'
    'ETag': '"0x8DAB1233526D900"'
    'Server': 'Windows-Azure-Blob/1.0 Microsoft-HTTPAPI/2.0'
    'x-ms-request-id': '66e96a67-401e-005f-3a0c-e30b3b000000'
    'x-ms-client-request-id': 'a94e9b8e-4eff-11ed-8248-0242bebc0005'
    'x-ms-version': 'REDACTED'
    'x-ms-creation-time': 'REDACTED'
    'x-ms-blob-content-md5': 'REDACTED'
    'x-ms-lease-status': 'REDACTED'
    'x-ms-lease-state': 'REDACTED'
    'x-ms-blob-type': 'REDACTED'
    'x-ms-server-encrypted': 'REDACTED'
    'Date': 'Tue, 18 Oct 2022 16:12:27 GMT'
[2022-10-18 16:12:28,434] {logging_mixin.py:115} INFO - <class 'pandas.core.frame.DataFrame'>
RangeIndex: 1 entries, 0 to 0
Data columns (total 13 columns):
 #   Column            Non-Null Count  Dtype 
---  ------            --------------  ----- 
 0   title             1 non-null      object
 1   link              1 non-null      object
 2   id                1 non-null      object
 3   published_at      1 non-null      object
 4   conditions        1 non-null      object
 5   intervention      1 non-null      object
 6   publisher         1 non-null      object
 7   status            1 non-null      object
 8   source            1 non-null      object
 9   keyword           1 non-null      object
 10  indication        1 non-null      object
 11  therapeutic_area  1 non-null      object
 12  updated_at        1 non-null      object
dtypes: object(13)
memory usage: 232.0+ bytes
[2022-10-18 16:12:28,435] {process_news_dag_factory.py:159} INFO - None
[2022-10-18 16:12:28,437] {process_news_dag_factory.py:167} INFO - {'id': 'NCT05482074', 'source': 'clinical_trials', 'therapeutic_area': 'Oncology', 'indication': 'Lung Cancer', 'keyword': 'AZD 2281', 'title': 'Olaparib in Unresectable/Metastatic Melanoma With BRCA1/2', 'link': 'https://clinicaltrials.gov/ct2/show/NCT05482074?cond=AZD+2281&sfpd_d=100', 'publisher': 'Dana-Farber Cancer Institute;   AstraZeneca', 'published_at': '2022-08-01T12:00:00.000Z', 'updated_at': '2022-10-18T16:07:03.923Z', 'atacana_team': None, 'category': None, 'priority': None, 'content': None}
[2022-10-18 16:12:28,642] {_universal.py:476} INFO - Request URL: 'https://atacananews.blob.core.windows.net/atacana-blob-container/lung-cancer/clinical-trials/20221018/azd-2281/lung-cancer_clinical-trials_20221018_azd-2281_NCT05485766.json'
Request method: 'GET'
Request headers:
    'x-ms-range': 'REDACTED'
    'x-ms-version': 'REDACTED'
    'Accept': 'application/xml'
    'User-Agent': 'azsdk-python-storage-blob/12.13.1 Python/3.8.15 (Linux-5.10.124-linuxkit-aarch64-with-glibc2.17)'
    'x-ms-date': 'REDACTED'
    'x-ms-client-request-id': 'a98abf38-4eff-11ed-8248-0242bebc0005'
    'Authorization': 'REDACTED'
No body was attached to the request
[2022-10-18 16:12:28,827] {_universal.py:504} INFO - Response status: 206
Response headers:
    'Content-Length': '831'
    'Content-Type': 'application/octet-stream'
    'Content-Range': 'REDACTED'
    'Last-Modified': 'Tue, 18 Oct 2022 16:10:01 GMT'
    'Accept-Ranges': 'REDACTED'
    'ETag': '"0x8DAB12336192C3B"'
    'Server': 'Windows-Azure-Blob/1.0 Microsoft-HTTPAPI/2.0'
    'x-ms-request-id': '66e96b6a-401e-005f-180c-e30b3b000000'
    'x-ms-client-request-id': 'a98abf38-4eff-11ed-8248-0242bebc0005'
    'x-ms-version': 'REDACTED'
    'x-ms-creation-time': 'REDACTED'
    'x-ms-blob-content-md5': 'REDACTED'
    'x-ms-lease-status': 'REDACTED'
    'x-ms-lease-state': 'REDACTED'
    'x-ms-blob-type': 'REDACTED'
    'x-ms-server-encrypted': 'REDACTED'
    'Date': 'Tue, 18 Oct 2022 16:12:28 GMT'
[2022-10-18 16:12:28,837] {logging_mixin.py:115} INFO - <class 'pandas.core.frame.DataFrame'>
RangeIndex: 1 entries, 0 to 0
Data columns (total 13 columns):
 #   Column            Non-Null Count  Dtype 
---  ------            --------------  ----- 
 0   title             1 non-null      object
 1   link              1 non-null      object
 2   id                1 non-null      object
 3   published_at      1 non-null      object
 4   conditions        1 non-null      object
 5   intervention      1 non-null      object
 6   publisher         1 non-null      object
 7   status            1 non-null      object
 8   source            1 non-null      object
 9   keyword           1 non-null      object
 10  indication        1 non-null      object
 11  therapeutic_area  1 non-null      object
 12  updated_at        1 non-null      object
dtypes: object(13)
memory usage: 232.0+ bytes
[2022-10-18 16:12:28,839] {process_news_dag_factory.py:159} INFO - None
[2022-10-18 16:12:28,844] {process_news_dag_factory.py:167} INFO - {'id': 'NCT05485766', 'source': 'clinical_trials', 'therapeutic_area': 'Oncology', 'indication': 'Lung Cancer', 'keyword': 'AZD 2281', 'title': 'Novel Neoadjuvant and Adjuvant Strategy for Germline BRCA 1/2 Mutated Triple Negative Breast Cancer', 'link': 'https://clinicaltrials.gov/ct2/show/NCT05485766?cond=AZD+2281&sfpd_d=100', 'publisher': 'Okayama University;   Merck Sharp & Dohme LLC', 'published_at': '2022-08-03T12:00:00.000Z', 'updated_at': '2022-10-18T16:07:03.923Z', 'atacana_team': None, 'category': None, 'priority': None, 'content': None}
[2022-10-18 16:12:29,046] {_universal.py:476} INFO - Request URL: 'https://atacananews.blob.core.windows.net/atacana-blob-container/lung-cancer/clinical-trials/20221018/azd-2281/lung-cancer_clinical-trials_20221018_azd-2281_NCT05498155.json'
Request method: 'GET'
Request headers:
    'x-ms-range': 'REDACTED'
    'x-ms-version': 'REDACTED'
    'Accept': 'application/xml'
    'User-Agent': 'azsdk-python-storage-blob/12.13.1 Python/3.8.15 (Linux-5.10.124-linuxkit-aarch64-with-glibc2.17)'
    'x-ms-date': 'REDACTED'
    'x-ms-client-request-id': 'a9c86838-4eff-11ed-8248-0242bebc0005'
    'Authorization': 'REDACTED'
No body was attached to the request
[2022-10-18 16:12:29,231] {_universal.py:504} INFO - Response status: 206
Response headers:
    'Content-Length': '656'
    'Content-Type': 'application/octet-stream'
    'Content-Range': 'REDACTED'
    'Last-Modified': 'Tue, 18 Oct 2022 16:10:01 GMT'
    'Accept-Ranges': 'REDACTED'
    'ETag': '"0x8DAB12335C154F5"'
    'Server': 'Windows-Azure-Blob/1.0 Microsoft-HTTPAPI/2.0'
    'x-ms-request-id': '66e96c81-401e-005f-030c-e30b3b000000'
    'x-ms-client-request-id': 'a9c86838-4eff-11ed-8248-0242bebc0005'
    'x-ms-version': 'REDACTED'
    'x-ms-creation-time': 'REDACTED'
    'x-ms-blob-content-md5': 'REDACTED'
    'x-ms-lease-status': 'REDACTED'
    'x-ms-lease-state': 'REDACTED'
    'x-ms-blob-type': 'REDACTED'
    'x-ms-server-encrypted': 'REDACTED'
    'Date': 'Tue, 18 Oct 2022 16:12:28 GMT'
[2022-10-18 16:12:29,242] {logging_mixin.py:115} INFO - <class 'pandas.core.frame.DataFrame'>
RangeIndex: 1 entries, 0 to 0
Data columns (total 13 columns):
 #   Column            Non-Null Count  Dtype 
---  ------            --------------  ----- 
 0   title             1 non-null      object
 1   link              1 non-null      object
 2   id                1 non-null      object
 3   published_at      1 non-null      object
 4   conditions        1 non-null      object
 5   intervention      1 non-null      object
 6   publisher         1 non-null      object
 7   status            1 non-null      object
 8   source            1 non-null      object
 9   keyword           1 non-null      object
 10  indication        1 non-null      object
 11  therapeutic_area  1 non-null      object
 12  updated_at        1 non-null      object
dtypes: object(13)
memory usage: 232.0+ bytes
[2022-10-18 16:12:29,243] {process_news_dag_factory.py:159} INFO - None
[2022-10-18 16:12:29,248] {process_news_dag_factory.py:167} INFO - {'id': 'NCT05498155', 'source': 'clinical_trials', 'therapeutic_area': 'Oncology', 'indication': 'Lung Cancer', 'keyword': 'AZD 2281', 'title': 'Study of Neoadjuvant Olaparib Monotherapy and Olaparib and Durvalumab Combination in HER2 Negative BRCAm Breast Cancer', 'link': 'https://clinicaltrials.gov/ct2/show/NCT05498155?cond=AZD+2281&sfpd_d=100', 'publisher': 'AstraZeneca', 'published_at': '2022-08-11T12:00:00.000Z', 'updated_at': '2022-10-18T16:07:03.923Z', 'atacana_team': None, 'category': None, 'priority': None, 'content': None}
[2022-10-18 16:12:29,445] {_universal.py:476} INFO - Request URL: 'https://atacananews.blob.core.windows.net/atacana-blob-container/lung-cancer/clinical-trials/20221018/azd-2281/lung-cancer_clinical-trials_20221018_azd-2281_NCT05501548.json'
Request method: 'GET'
Request headers:
    'x-ms-range': 'REDACTED'
    'x-ms-version': 'REDACTED'
    'Accept': 'application/xml'
    'User-Agent': 'azsdk-python-storage-blob/12.13.1 Python/3.8.15 (Linux-5.10.124-linuxkit-aarch64-with-glibc2.17)'
    'x-ms-date': 'REDACTED'
    'x-ms-client-request-id': 'aa053cae-4eff-11ed-8248-0242bebc0005'
    'Authorization': 'REDACTED'
No body was attached to the request
[2022-10-18 16:12:29,629] {_universal.py:504} INFO - Response status: 206
Response headers:
    'Content-Length': '714'
    'Content-Type': 'application/octet-stream'
    'Content-Range': 'REDACTED'
    'Last-Modified': 'Tue, 18 Oct 2022 16:09:59 GMT'
    'Accept-Ranges': 'REDACTED'
    'ETag': '"0x8DAB1233509DF54"'
    'Server': 'Windows-Azure-Blob/1.0 Microsoft-HTTPAPI/2.0'
    'x-ms-request-id': '66e96d46-401e-005f-2c0c-e30b3b000000'
    'x-ms-client-request-id': 'aa053cae-4eff-11ed-8248-0242bebc0005'
    'x-ms-version': 'REDACTED'
    'x-ms-creation-time': 'REDACTED'
    'x-ms-blob-content-md5': 'REDACTED'
    'x-ms-lease-status': 'REDACTED'
    'x-ms-lease-state': 'REDACTED'
    'x-ms-blob-type': 'REDACTED'
    'x-ms-server-encrypted': 'REDACTED'
    'Date': 'Tue, 18 Oct 2022 16:12:29 GMT'
[2022-10-18 16:12:29,638] {logging_mixin.py:115} INFO - <class 'pandas.core.frame.DataFrame'>
RangeIndex: 1 entries, 0 to 0
Data columns (total 13 columns):
 #   Column            Non-Null Count  Dtype 
---  ------            --------------  ----- 
 0   title             1 non-null      object
 1   link              1 non-null      object
 2   id                1 non-null      object
 3   published_at      1 non-null      object
 4   conditions        1 non-null      object
 5   intervention      1 non-null      object
 6   publisher         1 non-null      object
 7   status            1 non-null      object
 8   source            1 non-null      object
 9   keyword           1 non-null      object
 10  indication        1 non-null      object
 11  therapeutic_area  1 non-null      object
 12  updated_at        1 non-null      object
dtypes: object(13)
memory usage: 232.0+ bytes
[2022-10-18 16:12:29,639] {process_news_dag_factory.py:159} INFO - None
[2022-10-18 16:12:29,642] {process_news_dag_factory.py:167} INFO - {'id': 'NCT05501548', 'source': 'clinical_trials', 'therapeutic_area': 'Oncology', 'indication': 'Lung Cancer', 'keyword': 'AZD 2281', 'title': 'Phase II Study of PARP Inhibitor Olaparib and IV Ascorbate in Castration Resistant Prostate Cancer', 'link': 'https://clinicaltrials.gov/ct2/show/NCT05501548?cond=AZD+2281&sfpd_d=100', 'publisher': 'Sidney Kimmel Comprehensive Cancer Center at Johns Hopkins;   AstraZeneca;   McGuff Pharmaceuticals, Inc.;   The Marcus Foundation', 'published_at': '2022-08-15T12:00:00.000Z', 'updated_at': '2022-10-18T16:07:03.923Z', 'atacana_team': None, 'category': None, 'priority': None, 'content': None}
[2022-10-18 16:12:29,850] {_universal.py:476} INFO - Request URL: 'https://atacananews.blob.core.windows.net/atacana-blob-container/lung-cancer/clinical-trials/20221018/azd-2281/lung-cancer_clinical-trials_20221018_azd-2281_NCT05522491.json'
Request method: 'GET'
Request headers:
    'x-ms-range': 'REDACTED'
    'x-ms-version': 'REDACTED'
    'Accept': 'application/xml'
    'User-Agent': 'azsdk-python-storage-blob/12.13.1 Python/3.8.15 (Linux-5.10.124-linuxkit-aarch64-with-glibc2.17)'
    'x-ms-date': 'REDACTED'
    'x-ms-client-request-id': 'aa42fe5e-4eff-11ed-8248-0242bebc0005'
    'Authorization': 'REDACTED'
No body was attached to the request
[2022-10-18 16:12:30,037] {_universal.py:504} INFO - Response status: 206
Response headers:
    'Content-Length': '581'
    'Content-Type': 'application/octet-stream'
    'Content-Range': 'REDACTED'
    'Last-Modified': 'Tue, 18 Oct 2022 16:10:00 GMT'
    'Accept-Ranges': 'REDACTED'
    'ETag': '"0x8DAB12335A3E62A"'
    'Server': 'Windows-Azure-Blob/1.0 Microsoft-HTTPAPI/2.0'
    'x-ms-request-id': '66e96e37-401e-005f-7b0c-e30b3b000000'
    'x-ms-client-request-id': 'aa42fe5e-4eff-11ed-8248-0242bebc0005'
    'x-ms-version': 'REDACTED'
    'x-ms-creation-time': 'REDACTED'
    'x-ms-blob-content-md5': 'REDACTED'
    'x-ms-lease-status': 'REDACTED'
    'x-ms-lease-state': 'REDACTED'
    'x-ms-blob-type': 'REDACTED'
    'x-ms-server-encrypted': 'REDACTED'
    'Date': 'Tue, 18 Oct 2022 16:12:29 GMT'
[2022-10-18 16:12:30,066] {logging_mixin.py:115} INFO - <class 'pandas.core.frame.DataFrame'>
RangeIndex: 1 entries, 0 to 0
Data columns (total 13 columns):
 #   Column            Non-Null Count  Dtype 
---  ------            --------------  ----- 
 0   title             1 non-null      object
 1   link              1 non-null      object
 2   id                1 non-null      object
 3   published_at      1 non-null      object
 4   conditions        1 non-null      object
 5   intervention      1 non-null      object
 6   publisher         1 non-null      object
 7   status            1 non-null      object
 8   source            1 non-null      object
 9   keyword           1 non-null      object
 10  indication        1 non-null      object
 11  therapeutic_area  1 non-null      object
 12  updated_at        1 non-null      object
dtypes: object(13)
memory usage: 232.0+ bytes
[2022-10-18 16:12:30,071] {process_news_dag_factory.py:159} INFO - None
[2022-10-18 16:12:30,077] {process_news_dag_factory.py:167} INFO - {'id': 'NCT05522491', 'source': 'clinical_trials', 'therapeutic_area': 'Oncology', 'indication': 'Lung Cancer', 'keyword': 'AZD 2281', 'title': 'Olaparib in the Treatment of BRCA1/2 Unmutated and BRCA1 Promoter Methylated Recurrent and Metastatic Triple-negative Breast Cancer', 'link': 'https://clinicaltrials.gov/ct2/show/NCT05522491?cond=AZD+2281&sfpd_d=100', 'publisher': 'Hebei Medical University Fourth Hospital', 'published_at': '2022-08-31T12:00:00.000Z', 'updated_at': '2022-10-18T16:07:03.923Z', 'atacana_team': None, 'category': None, 'priority': None, 'content': None}
[2022-10-18 16:12:30,284] {_universal.py:476} INFO - Request URL: 'https://atacananews.blob.core.windows.net/atacana-blob-container/lung-cancer/clinical-trials/20221018/azd-2281/lung-cancer_clinical-trials_20221018_azd-2281_NCT05524935.json'
Request method: 'GET'
Request headers:
    'x-ms-range': 'REDACTED'
    'x-ms-version': 'REDACTED'
    'Accept': 'application/xml'
    'User-Agent': 'azsdk-python-storage-blob/12.13.1 Python/3.8.15 (Linux-5.10.124-linuxkit-aarch64-with-glibc2.17)'
    'x-ms-date': 'REDACTED'
    'x-ms-client-request-id': 'aa8548cc-4eff-11ed-8248-0242bebc0005'
    'Authorization': 'REDACTED'
No body was attached to the request
[2022-10-18 16:12:30,467] {_universal.py:504} INFO - Response status: 206
Response headers:
    'Content-Length': '594'
    'Content-Type': 'application/octet-stream'
    'Content-Range': 'REDACTED'
    'Last-Modified': 'Tue, 18 Oct 2022 16:10:00 GMT'
    'Accept-Ranges': 'REDACTED'
    'ETag': '"0x8DAB1233548DB06"'
    'Server': 'Windows-Azure-Blob/1.0 Microsoft-HTTPAPI/2.0'
    'x-ms-request-id': '66e96f26-401e-005f-560c-e30b3b000000'
    'x-ms-client-request-id': 'aa8548cc-4eff-11ed-8248-0242bebc0005'
    'x-ms-version': 'REDACTED'
    'x-ms-creation-time': 'REDACTED'
    'x-ms-blob-content-md5': 'REDACTED'
    'x-ms-lease-status': 'REDACTED'
    'x-ms-lease-state': 'REDACTED'
    'x-ms-blob-type': 'REDACTED'
    'x-ms-server-encrypted': 'REDACTED'
    'Date': 'Tue, 18 Oct 2022 16:12:29 GMT'
[2022-10-18 16:12:30,473] {logging_mixin.py:115} INFO - <class 'pandas.core.frame.DataFrame'>
RangeIndex: 1 entries, 0 to 0
Data columns (total 13 columns):
 #   Column            Non-Null Count  Dtype 
---  ------            --------------  ----- 
 0   title             1 non-null      object
 1   link              1 non-null      object
 2   id                1 non-null      object
 3   published_at      1 non-null      object
 4   conditions        1 non-null      object
 5   intervention      1 non-null      object
 6   publisher         1 non-null      object
 7   status            1 non-null      object
 8   source            1 non-null      object
 9   keyword           1 non-null      object
 10  indication        1 non-null      object
 11  therapeutic_area  1 non-null      object
 12  updated_at        1 non-null      object
dtypes: object(13)
memory usage: 232.0+ bytes
[2022-10-18 16:12:30,474] {process_news_dag_factory.py:159} INFO - None
[2022-10-18 16:12:30,477] {process_news_dag_factory.py:167} INFO - {'id': 'NCT05524935', 'source': 'clinical_trials', 'therapeutic_area': 'Oncology', 'indication': 'Lung Cancer', 'keyword': 'AZD 2281', 'title': 'Olaparib in Combination With Pembrolizumab for Advanced Uveal Melanoma', 'link': 'https://clinicaltrials.gov/ct2/show/NCT05524935?cond=AZD+2281&sfpd_d=100', 'publisher': 'H. Lee Moffitt Cancer Center and Research Institute;   Merck Sharp & Dohme LLC', 'published_at': '2022-09-01T12:00:00.000Z', 'updated_at': '2022-10-18T16:07:03.923Z', 'atacana_team': None, 'category': None, 'priority': None, 'content': None}
[2022-10-18 16:12:30,679] {_universal.py:476} INFO - Request URL: 'https://atacananews.blob.core.windows.net/atacana-blob-container/lung-cancer/clinical-trials/20221018/azd-2281/lung-cancer_clinical-trials_20221018_azd-2281_NCT05554328.json'
Request method: 'GET'
Request headers:
    'x-ms-range': 'REDACTED'
    'x-ms-version': 'REDACTED'
    'Accept': 'application/xml'
    'User-Agent': 'azsdk-python-storage-blob/12.13.1 Python/3.8.15 (Linux-5.10.124-linuxkit-aarch64-with-glibc2.17)'
    'x-ms-date': 'REDACTED'
    'x-ms-client-request-id': 'aac183aa-4eff-11ed-8248-0242bebc0005'
    'Authorization': 'REDACTED'
No body was attached to the request
[2022-10-18 16:12:30,977] {_universal.py:504} INFO - Response status: 206
Response headers:
    'Content-Length': '871'
    'Content-Type': 'application/octet-stream'
    'Content-Range': 'REDACTED'
    'Last-Modified': 'Tue, 18 Oct 2022 16:10:01 GMT'
    'Accept-Ranges': 'REDACTED'
    'ETag': '"0x8DAB12335FAD339"'
    'Server': 'Windows-Azure-Blob/1.0 Microsoft-HTTPAPI/2.0'
    'x-ms-request-id': '66e97051-401e-005f-650c-e30b3b000000'
    'x-ms-client-request-id': 'aac183aa-4eff-11ed-8248-0242bebc0005'
    'x-ms-version': 'REDACTED'
    'x-ms-creation-time': 'REDACTED'
    'x-ms-blob-content-md5': 'REDACTED'
    'x-ms-lease-status': 'REDACTED'
    'x-ms-lease-state': 'REDACTED'
    'x-ms-blob-type': 'REDACTED'
    'x-ms-server-encrypted': 'REDACTED'
    'Date': 'Tue, 18 Oct 2022 16:12:30 GMT'
[2022-10-18 16:12:30,987] {logging_mixin.py:115} INFO - <class 'pandas.core.frame.DataFrame'>
RangeIndex: 1 entries, 0 to 0
Data columns (total 13 columns):
 #   Column            Non-Null Count  Dtype 
---  ------            --------------  ----- 
 0   title             1 non-null      object
 1   link              1 non-null      object
 2   id                1 non-null      object
 3   published_at      1 non-null      object
 4   conditions        1 non-null      object
 5   intervention      1 non-null      object
 6   publisher         1 non-null      object
 7   status            1 non-null      object
 8   source            1 non-null      object
 9   keyword           1 non-null      object
 10  indication        1 non-null      object
 11  therapeutic_area  1 non-null      object
 12  updated_at        1 non-null      object
dtypes: object(13)
memory usage: 232.0+ bytes
[2022-10-18 16:12:30,987] {process_news_dag_factory.py:159} INFO - None
[2022-10-18 16:12:30,990] {process_news_dag_factory.py:167} INFO - {'id': 'NCT05554328', 'source': 'clinical_trials', 'therapeutic_area': 'Oncology', 'indication': 'Lung Cancer', 'keyword': 'AZD 2281', 'title': 'Testing the Use of the Combination of Selumetinib and Olaparib or Selumetinib Alone Targeted Treatment for RAS Pathway Mutant Recurrent or Persistent Ovarian and Endometrial Cancers, A ComboMATCH Treatment Trial', 'link': 'https://clinicaltrials.gov/ct2/show/NCT05554328?cond=AZD+2281&sfpd_d=100', 'publisher': 'National Cancer Institute (NCI)', 'published_at': '2022-09-26T12:00:00.000Z', 'updated_at': '2022-10-18T16:07:03.923Z', 'atacana_team': None, 'category': None, 'priority': None, 'content': None}
[2022-10-18 16:12:31,210] {_universal.py:476} INFO - Request URL: 'https://atacananews.blob.core.windows.net/atacana-blob-container/lung-cancer/clinical-trials/20221018/azd-2281/lung-cancer_clinical-trials_20221018_azd-2281_NCT05568550.json'
Request method: 'GET'
Request headers:
    'x-ms-range': 'REDACTED'
    'x-ms-version': 'REDACTED'
    'Accept': 'application/xml'
    'User-Agent': 'azsdk-python-storage-blob/12.13.1 Python/3.8.15 (Linux-5.10.124-linuxkit-aarch64-with-glibc2.17)'
    'x-ms-date': 'REDACTED'
    'x-ms-client-request-id': 'ab129c7c-4eff-11ed-8248-0242bebc0005'
    'Authorization': 'REDACTED'
No body was attached to the request
[2022-10-18 16:12:31,394] {_universal.py:504} INFO - Response status: 206
Response headers:
    'Content-Length': '596'
    'Content-Type': 'application/octet-stream'
    'Content-Range': 'REDACTED'
    'Last-Modified': 'Tue, 18 Oct 2022 16:10:00 GMT'
    'Accept-Ranges': 'REDACTED'
    'ETag': '"0x8DAB12335862950"'
    'Server': 'Windows-Azure-Blob/1.0 Microsoft-HTTPAPI/2.0'
    'x-ms-request-id': '66e97159-401e-005f-530c-e30b3b000000'
    'x-ms-client-request-id': 'ab129c7c-4eff-11ed-8248-0242bebc0005'
    'x-ms-version': 'REDACTED'
    'x-ms-creation-time': 'REDACTED'
    'x-ms-blob-content-md5': 'REDACTED'
    'x-ms-lease-status': 'REDACTED'
    'x-ms-lease-state': 'REDACTED'
    'x-ms-blob-type': 'REDACTED'
    'x-ms-server-encrypted': 'REDACTED'
    'Date': 'Tue, 18 Oct 2022 16:12:30 GMT'
[2022-10-18 16:12:31,406] {logging_mixin.py:115} INFO - <class 'pandas.core.frame.DataFrame'>
RangeIndex: 1 entries, 0 to 0
Data columns (total 13 columns):
 #   Column            Non-Null Count  Dtype 
---  ------            --------------  ----- 
 0   title             1 non-null      object
 1   link              1 non-null      object
 2   id                1 non-null      object
 3   published_at      1 non-null      object
 4   conditions        1 non-null      object
 5   intervention      1 non-null      object
 6   publisher         1 non-null      object
 7   status            1 non-null      object
 8   source            1 non-null      object
 9   keyword           1 non-null      object
 10  indication        1 non-null      object
 11  therapeutic_area  1 non-null      object
 12  updated_at        1 non-null      object
dtypes: object(13)
memory usage: 232.0+ bytes
[2022-10-18 16:12:31,407] {process_news_dag_factory.py:159} INFO - None
[2022-10-18 16:12:31,410] {process_news_dag_factory.py:167} INFO - {'id': 'NCT05568550', 'source': 'clinical_trials', 'therapeutic_area': 'Oncology', 'indication': 'Lung Cancer', 'keyword': 'AZD 2281', 'title': 'Pembro With Radiation With or Without Olaparib', 'link': 'https://clinicaltrials.gov/ct2/show/NCT05568550?cond=AZD+2281&sfpd_d=100', 'publisher': 'Zin W Myint;   Merck Sharp & Dohme LLC', 'published_at': '2022-10-05T12:00:00.000Z', 'updated_at': '2022-10-18T16:07:03.923Z', 'atacana_team': None, 'category': None, 'priority': None, 'content': None}
[2022-10-18 16:12:31,613] {python.py:173} INFO - Done. Returned value was: None
[2022-10-18 16:12:31,622] {taskinstance.py:1395} INFO - Marking task as SUCCESS. dag_id=clinical_trials__lung_cancer__etl__20220109, task_id=load_data_to_mongodb_task, map_index=2, execution_date=20221018T140000, start_date=20221018T161225, end_date=20221018T161231
[2022-10-18 16:12:31,648] {local_task_job.py:156} INFO - Task exited with return code 0
[2022-10-18 16:12:31,671] {local_task_job.py:273} INFO - 0 downstream tasks scheduled from follow-on schedule check
