[2022-10-18 16:10:20,254] {taskinstance.py:1159} INFO - Dependencies all met for <TaskInstance: clinical_trials__lung_cancer__etl__20220109.load_data_to_blob_storage_task scheduled__2022-10-18T14:00:00+00:00 map_index=50 [queued]>
[2022-10-18 16:10:20,265] {taskinstance.py:1159} INFO - Dependencies all met for <TaskInstance: clinical_trials__lung_cancer__etl__20220109.load_data_to_blob_storage_task scheduled__2022-10-18T14:00:00+00:00 map_index=50 [queued]>
[2022-10-18 16:10:20,266] {taskinstance.py:1356} INFO - 
--------------------------------------------------------------------------------
[2022-10-18 16:10:20,267] {taskinstance.py:1357} INFO - Starting attempt 1 of 1
[2022-10-18 16:10:20,268] {taskinstance.py:1358} INFO - 
--------------------------------------------------------------------------------
[2022-10-18 16:10:20,277] {taskinstance.py:1377} INFO - Executing <Mapped(_PythonDecoratedOperator): load_data_to_blob_storage_task> on 2022-10-18 14:00:00+00:00
[2022-10-18 16:10:20,282] {standard_task_runner.py:52} INFO - Started process 853 to run task
[2022-10-18 16:10:20,285] {standard_task_runner.py:79} INFO - Running: ['airflow', 'tasks', 'run', 'clinical_trials__lung_cancer__etl__20220109', 'load_data_to_blob_storage_task', 'scheduled__2022-10-18T14:00:00+00:00', '--job-id', '132', '--raw', '--subdir', 'DAGS_FOLDER/process_news_dags.py', '--cfg-path', '/tmp/tmpa93vr6pv', '--map-index', '50', '--error-file', '/tmp/tmpr6wkivdt']
[2022-10-18 16:10:20,286] {standard_task_runner.py:80} INFO - Job 132: Subtask load_data_to_blob_storage_task
[2022-10-18 16:10:20,298] {logging_mixin.py:115} WARNING - /root/.cache/pypoetry/virtualenvs/***-tXitOD5F-py3.8/lib/python3.8/site-packages/airflow/configuration.py:525 DeprecationWarning: The sql_alchemy_conn option in [core] has been moved to the sql_alchemy_conn option in [database] - the old setting has been used, but please update your config.
[2022-10-18 16:10:20,328] {task_command.py:370} INFO - Running <TaskInstance: clinical_trials__lung_cancer__etl__20220109.load_data_to_blob_storage_task scheduled__2022-10-18T14:00:00+00:00 map_index=50 [running]> on host 6cdf6d517dc4
[2022-10-18 16:10:20,374] {taskinstance.py:1569} INFO - Exporting the following env vars:
AIRFLOW_CTX_DAG_EMAIL=wais@datakimia.com,david@datakimia.com,juanm@datakimia.com,tomas@datakimia.com
AIRFLOW_CTX_DAG_OWNER=atacana
AIRFLOW_CTX_DAG_ID=clinical_trials__lung_cancer__etl__20220109
AIRFLOW_CTX_TASK_ID=load_data_to_blob_storage_task
AIRFLOW_CTX_EXECUTION_DATE=2022-10-18T14:00:00+00:00
AIRFLOW_CTX_TRY_NUMBER=1
AIRFLOW_CTX_DAG_RUN_ID=scheduled__2022-10-18T14:00:00+00:00
[2022-10-18 16:10:20,376] {process_news_dag_factory.py:105} INFO - Reading temp file: lung-cancer_clinical-trials_rg7446_20221018-14_df.json
[2022-10-18 16:10:20,393] {helpers.py:114} INFO - Going to save clinical_trials data..
[2022-10-18 16:10:20,394] {helpers.py:115} INFO -                                                title  ...                  updated_at
0  Open Label Phase 2 Basket Trial With Atezolizu...  ...  2022-10-18 16:07:58.854000
1  ONC201 and Atezolizumab in Obesity-Driven Endo...  ...  2022-10-18 16:07:58.854000
2  Investigate the Contribution of Ipatasertib to...  ...  2022-10-18 16:07:58.854000
3     Atezolizumab for Idiopathic Pulmonary Fibrosis  ...  2022-10-18 16:07:58.854000
4  Deep, Multi-omics Phenotyping to Predict Respo...  ...  2022-10-18 16:07:58.854000

[5 rows x 13 columns]
[2022-10-18 16:10:20,403] {helpers.py:116} INFO - Index(['title', 'link', 'id', 'published_at', 'conditions', 'intervention',
       'publisher', 'status', 'source', 'keyword', 'indication',
       'therapeutic_area', 'updated_at'],
      dtype='object')
[2022-10-18 16:10:20,407] {_universal.py:473} INFO - Request URL: 'https://atacananews.blob.core.windows.net/atacana-blob-container/lung-cancer/clinical-trials/20221018/rg7446/lung-cancer_clinical-trials_20221018_rg7446_NCT05483400.json'
Request method: 'PUT'
Request headers:
    'Content-Length': '581'
    'x-ms-blob-type': 'REDACTED'
    'x-ms-version': 'REDACTED'
    'Content-Type': 'application/octet-stream'
    'Accept': 'application/xml'
    'User-Agent': 'azsdk-python-storage-blob/12.13.1 Python/3.8.15 (Linux-5.10.124-linuxkit-aarch64-with-glibc2.17)'
    'x-ms-date': 'REDACTED'
    'x-ms-client-request-id': '5d1b9a82-4eff-11ed-85bc-0242bebc0005'
    'Authorization': 'REDACTED'
A body is sent with the request
[2022-10-18 16:10:21,144] {_universal.py:504} INFO - Response status: 201
Response headers:
    'Content-Length': '0'
    'Content-MD5': 'REDACTED'
    'Last-Modified': 'Tue, 18 Oct 2022 16:10:21 GMT'
    'ETag': '"0x8DAB12341BF09C1"'
    'Server': 'Windows-Azure-Blob/1.0 Microsoft-HTTPAPI/2.0'
    'x-ms-request-id': '0606028a-201e-002b-600c-e33fcb000000'
    'x-ms-client-request-id': '5d1b9a82-4eff-11ed-85bc-0242bebc0005'
    'x-ms-version': 'REDACTED'
    'x-ms-content-crc64': 'REDACTED'
    'x-ms-request-server-encrypted': 'REDACTED'
    'Date': 'Tue, 18 Oct 2022 16:10:20 GMT'
[2022-10-18 16:10:21,149] {_universal.py:473} INFO - Request URL: 'https://atacananews.blob.core.windows.net/atacana-blob-container/lung-cancer/clinical-trials/20221018/rg7446/lung-cancer_clinical-trials_20221018_rg7446_NCT05542407.json'
Request method: 'PUT'
Request headers:
    'Content-Length': '588'
    'x-ms-blob-type': 'REDACTED'
    'x-ms-version': 'REDACTED'
    'Content-Type': 'application/octet-stream'
    'Accept': 'application/xml'
    'User-Agent': 'azsdk-python-storage-blob/12.13.1 Python/3.8.15 (Linux-5.10.124-linuxkit-aarch64-with-glibc2.17)'
    'x-ms-date': 'REDACTED'
    'x-ms-client-request-id': '5d8ce93a-4eff-11ed-85bc-0242bebc0005'
    'Authorization': 'REDACTED'
A body is sent with the request
[2022-10-18 16:10:21,334] {_universal.py:504} INFO - Response status: 201
Response headers:
    'Content-Length': '0'
    'Content-MD5': 'REDACTED'
    'Last-Modified': 'Tue, 18 Oct 2022 16:10:21 GMT'
    'ETag': '"0x8DAB12341DC9F93"'
    'Server': 'Windows-Azure-Blob/1.0 Microsoft-HTTPAPI/2.0'
    'x-ms-request-id': '0606038a-201e-002b-480c-e33fcb000000'
    'x-ms-client-request-id': '5d8ce93a-4eff-11ed-85bc-0242bebc0005'
    'x-ms-version': 'REDACTED'
    'x-ms-content-crc64': 'REDACTED'
    'x-ms-request-server-encrypted': 'REDACTED'
    'Date': 'Tue, 18 Oct 2022 16:10:20 GMT'
[2022-10-18 16:10:21,341] {_universal.py:473} INFO - Request URL: 'https://atacananews.blob.core.windows.net/atacana-blob-container/lung-cancer/clinical-trials/20221018/rg7446/lung-cancer_clinical-trials_20221018_rg7446_NCT05498896.json'
Request method: 'PUT'
Request headers:
    'Content-Length': '719'
    'x-ms-blob-type': 'REDACTED'
    'x-ms-version': 'REDACTED'
    'Content-Type': 'application/octet-stream'
    'Accept': 'application/xml'
    'User-Agent': 'azsdk-python-storage-blob/12.13.1 Python/3.8.15 (Linux-5.10.124-linuxkit-aarch64-with-glibc2.17)'
    'x-ms-date': 'REDACTED'
    'x-ms-client-request-id': '5daa135c-4eff-11ed-85bc-0242bebc0005'
    'Authorization': 'REDACTED'
A body is sent with the request
[2022-10-18 16:10:21,527] {_universal.py:504} INFO - Response status: 201
Response headers:
    'Content-Length': '0'
    'Content-MD5': 'REDACTED'
    'Last-Modified': 'Tue, 18 Oct 2022 16:10:21 GMT'
    'ETag': '"0x8DAB12341F9723F"'
    'Server': 'Windows-Azure-Blob/1.0 Microsoft-HTTPAPI/2.0'
    'x-ms-request-id': '0606049c-201e-002b-470c-e33fcb000000'
    'x-ms-client-request-id': '5daa135c-4eff-11ed-85bc-0242bebc0005'
    'x-ms-version': 'REDACTED'
    'x-ms-content-crc64': 'REDACTED'
    'x-ms-request-server-encrypted': 'REDACTED'
    'Date': 'Tue, 18 Oct 2022 16:10:20 GMT'
[2022-10-18 16:10:21,531] {_universal.py:473} INFO - Request URL: 'https://atacananews.blob.core.windows.net/atacana-blob-container/lung-cancer/clinical-trials/20221018/rg7446/lung-cancer_clinical-trials_20221018_rg7446_NCT05515627.json'
Request method: 'PUT'
Request headers:
    'Content-Length': '519'
    'x-ms-blob-type': 'REDACTED'
    'x-ms-version': 'REDACTED'
    'Content-Type': 'application/octet-stream'
    'Accept': 'application/xml'
    'User-Agent': 'azsdk-python-storage-blob/12.13.1 Python/3.8.15 (Linux-5.10.124-linuxkit-aarch64-with-glibc2.17)'
    'x-ms-date': 'REDACTED'
    'x-ms-client-request-id': '5dc7233e-4eff-11ed-85bc-0242bebc0005'
    'Authorization': 'REDACTED'
A body is sent with the request
[2022-10-18 16:10:21,717] {_universal.py:504} INFO - Response status: 201
Response headers:
    'Content-Length': '0'
    'Content-MD5': 'REDACTED'
    'Last-Modified': 'Tue, 18 Oct 2022 16:10:21 GMT'
    'ETag': '"0x8DAB12342166BE8"'
    'Server': 'Windows-Azure-Blob/1.0 Microsoft-HTTPAPI/2.0'
    'x-ms-request-id': '06060577-201e-002b-1a0c-e33fcb000000'
    'x-ms-client-request-id': '5dc7233e-4eff-11ed-85bc-0242bebc0005'
    'x-ms-version': 'REDACTED'
    'x-ms-content-crc64': 'REDACTED'
    'x-ms-request-server-encrypted': 'REDACTED'
    'Date': 'Tue, 18 Oct 2022 16:10:21 GMT'
[2022-10-18 16:10:21,720] {_universal.py:473} INFO - Request URL: 'https://atacananews.blob.core.windows.net/atacana-blob-container/lung-cancer/clinical-trials/20221018/rg7446/lung-cancer_clinical-trials_20221018_rg7446_NCT05516628.json'
Request method: 'PUT'
Request headers:
    'Content-Length': '1131'
    'x-ms-blob-type': 'REDACTED'
    'x-ms-version': 'REDACTED'
    'Content-Type': 'application/octet-stream'
    'Accept': 'application/xml'
    'User-Agent': 'azsdk-python-storage-blob/12.13.1 Python/3.8.15 (Linux-5.10.124-linuxkit-aarch64-with-glibc2.17)'
    'x-ms-date': 'REDACTED'
    'x-ms-client-request-id': '5de3eef6-4eff-11ed-85bc-0242bebc0005'
    'Authorization': 'REDACTED'
A body is sent with the request
[2022-10-18 16:10:21,907] {_universal.py:504} INFO - Response status: 201
Response headers:
    'Content-Length': '0'
    'Content-MD5': 'REDACTED'
    'Last-Modified': 'Tue, 18 Oct 2022 16:10:21 GMT'
    'ETag': '"0x8DAB1234233659B"'
    'Server': 'Windows-Azure-Blob/1.0 Microsoft-HTTPAPI/2.0'
    'x-ms-request-id': '06060667-201e-002b-7c0c-e33fcb000000'
    'x-ms-client-request-id': '5de3eef6-4eff-11ed-85bc-0242bebc0005'
    'x-ms-version': 'REDACTED'
    'x-ms-content-crc64': 'REDACTED'
    'x-ms-request-server-encrypted': 'REDACTED'
    'Date': 'Tue, 18 Oct 2022 16:10:21 GMT'
[2022-10-18 16:10:21,909] {_universal.py:473} INFO - Request URL: 'https://atacananews.blob.core.windows.net/atacana-blob-container/lung-cancer/clinical-trials/20221018/rg7446/lung-cancer_clinical-trials_20221018_rg7446_NCT05538091.json'
Request method: 'PUT'
Request headers:
    'Content-Length': '703'
    'x-ms-blob-type': 'REDACTED'
    'x-ms-version': 'REDACTED'
    'Content-Type': 'application/octet-stream'
    'Accept': 'application/xml'
    'User-Agent': 'azsdk-python-storage-blob/12.13.1 Python/3.8.15 (Linux-5.10.124-linuxkit-aarch64-with-glibc2.17)'
    'x-ms-date': 'REDACTED'
    'x-ms-client-request-id': '5e00ddf4-4eff-11ed-85bc-0242bebc0005'
    'Authorization': 'REDACTED'
A body is sent with the request
[2022-10-18 16:10:22,097] {_universal.py:504} INFO - Response status: 201
Response headers:
    'Content-Length': '0'
    'Content-MD5': 'REDACTED'
    'Last-Modified': 'Tue, 18 Oct 2022 16:10:22 GMT'
    'ETag': '"0x8DAB12342505F48"'
    'Server': 'Windows-Azure-Blob/1.0 Microsoft-HTTPAPI/2.0'
    'x-ms-request-id': '0606074d-201e-002b-560c-e33fcb000000'
    'x-ms-client-request-id': '5e00ddf4-4eff-11ed-85bc-0242bebc0005'
    'x-ms-version': 'REDACTED'
    'x-ms-content-crc64': 'REDACTED'
    'x-ms-request-server-encrypted': 'REDACTED'
    'Date': 'Tue, 18 Oct 2022 16:10:21 GMT'
[2022-10-18 16:10:22,099] {_universal.py:473} INFO - Request URL: 'https://atacananews.blob.core.windows.net/atacana-blob-container/lung-cancer/clinical-trials/20221018/rg7446/lung-cancer_clinical-trials_20221018_rg7446_NCT05470595.json'
Request method: 'PUT'
Request headers:
    'Content-Length': '621'
    'x-ms-blob-type': 'REDACTED'
    'x-ms-version': 'REDACTED'
    'Content-Type': 'application/octet-stream'
    'Accept': 'application/xml'
    'User-Agent': 'azsdk-python-storage-blob/12.13.1 Python/3.8.15 (Linux-5.10.124-linuxkit-aarch64-with-glibc2.17)'
    'x-ms-date': 'REDACTED'
    'x-ms-client-request-id': '5e1dd81e-4eff-11ed-85bc-0242bebc0005'
    'Authorization': 'REDACTED'
A body is sent with the request
[2022-10-18 16:10:22,283] {_universal.py:504} INFO - Response status: 201
Response headers:
    'Content-Length': '0'
    'Content-MD5': 'REDACTED'
    'Last-Modified': 'Tue, 18 Oct 2022 16:10:22 GMT'
    'ETag': '"0x8DAB123426CE3D0"'
    'Server': 'Windows-Azure-Blob/1.0 Microsoft-HTTPAPI/2.0'
    'x-ms-request-id': '06060830-201e-002b-2b0c-e33fcb000000'
    'x-ms-client-request-id': '5e1dd81e-4eff-11ed-85bc-0242bebc0005'
    'x-ms-version': 'REDACTED'
    'x-ms-content-crc64': 'REDACTED'
    'x-ms-request-server-encrypted': 'REDACTED'
    'Date': 'Tue, 18 Oct 2022 16:10:21 GMT'
[2022-10-18 16:10:22,285] {_universal.py:473} INFO - Request URL: 'https://atacananews.blob.core.windows.net/atacana-blob-container/lung-cancer/clinical-trials/20221018/rg7446/lung-cancer_clinical-trials_20221018_rg7446_NCT05546879.json'
Request method: 'PUT'
Request headers:
    'Content-Length': '645'
    'x-ms-blob-type': 'REDACTED'
    'x-ms-version': 'REDACTED'
    'Content-Type': 'application/octet-stream'
    'Accept': 'application/xml'
    'User-Agent': 'azsdk-python-storage-blob/12.13.1 Python/3.8.15 (Linux-5.10.124-linuxkit-aarch64-with-glibc2.17)'
    'x-ms-date': 'REDACTED'
    'x-ms-client-request-id': '5e3a3ba8-4eff-11ed-85bc-0242bebc0005'
    'Authorization': 'REDACTED'
A body is sent with the request
[2022-10-18 16:10:22,473] {_universal.py:504} INFO - Response status: 201
Response headers:
    'Content-Length': '0'
    'Content-MD5': 'REDACTED'
    'Last-Modified': 'Tue, 18 Oct 2022 16:10:22 GMT'
    'ETag': '"0x8DAB1234289B677"'
    'Server': 'Windows-Azure-Blob/1.0 Microsoft-HTTPAPI/2.0'
    'x-ms-request-id': '06060911-201e-002b-7d0c-e33fcb000000'
    'x-ms-client-request-id': '5e3a3ba8-4eff-11ed-85bc-0242bebc0005'
    'x-ms-version': 'REDACTED'
    'x-ms-content-crc64': 'REDACTED'
    'x-ms-request-server-encrypted': 'REDACTED'
    'Date': 'Tue, 18 Oct 2022 16:10:21 GMT'
[2022-10-18 16:10:22,475] {_universal.py:473} INFO - Request URL: 'https://atacananews.blob.core.windows.net/atacana-blob-container/lung-cancer/clinical-trials/20221018/rg7446/lung-cancer_clinical-trials_20221018_rg7446_NCT05564416.json'
Request method: 'PUT'
Request headers:
    'Content-Length': '1020'
    'x-ms-blob-type': 'REDACTED'
    'x-ms-version': 'REDACTED'
    'Content-Type': 'application/octet-stream'
    'Accept': 'application/xml'
    'User-Agent': 'azsdk-python-storage-blob/12.13.1 Python/3.8.15 (Linux-5.10.124-linuxkit-aarch64-with-glibc2.17)'
    'x-ms-date': 'REDACTED'
    'x-ms-client-request-id': '5e574450-4eff-11ed-85bc-0242bebc0005'
    'Authorization': 'REDACTED'
A body is sent with the request
[2022-10-18 16:10:22,662] {_universal.py:504} INFO - Response status: 201
Response headers:
    'Content-Length': '0'
    'Content-MD5': 'REDACTED'
    'Last-Modified': 'Tue, 18 Oct 2022 16:10:22 GMT'
    'ETag': '"0x8DAB12342A6620C"'
    'Server': 'Windows-Azure-Blob/1.0 Microsoft-HTTPAPI/2.0'
    'x-ms-request-id': '060609f5-201e-002b-500c-e33fcb000000'
    'x-ms-client-request-id': '5e574450-4eff-11ed-85bc-0242bebc0005'
    'x-ms-version': 'REDACTED'
    'x-ms-content-crc64': 'REDACTED'
    'x-ms-request-server-encrypted': 'REDACTED'
    'Date': 'Tue, 18 Oct 2022 16:10:22 GMT'
[2022-10-18 16:10:22,666] {_universal.py:473} INFO - Request URL: 'https://atacananews.blob.core.windows.net/atacana-blob-container/lung-cancer/clinical-trials/20221018/rg7446/lung-cancer_clinical-trials_20221018_rg7446_NCT05510427.json'
Request method: 'PUT'
Request headers:
    'Content-Length': '697'
    'x-ms-blob-type': 'REDACTED'
    'x-ms-version': 'REDACTED'
    'Content-Type': 'application/octet-stream'
    'Accept': 'application/xml'
    'User-Agent': 'azsdk-python-storage-blob/12.13.1 Python/3.8.15 (Linux-5.10.124-linuxkit-aarch64-with-glibc2.17)'
    'x-ms-date': 'REDACTED'
    'x-ms-client-request-id': '5e745158-4eff-11ed-85bc-0242bebc0005'
    'Authorization': 'REDACTED'
A body is sent with the request
[2022-10-18 16:10:22,848] {_universal.py:504} INFO - Response status: 201
Response headers:
    'Content-Length': '0'
    'Content-MD5': 'REDACTED'
    'Last-Modified': 'Tue, 18 Oct 2022 16:10:22 GMT'
    'ETag': '"0x8DAB12342C3A9CF"'
    'Server': 'Windows-Azure-Blob/1.0 Microsoft-HTTPAPI/2.0'
    'x-ms-request-id': '06060aef-201e-002b-3e0c-e33fcb000000'
    'x-ms-client-request-id': '5e745158-4eff-11ed-85bc-0242bebc0005'
    'x-ms-version': 'REDACTED'
    'x-ms-content-crc64': 'REDACTED'
    'x-ms-request-server-encrypted': 'REDACTED'
    'Date': 'Tue, 18 Oct 2022 16:10:22 GMT'
[2022-10-18 16:10:22,856] {_universal.py:473} INFO - Request URL: 'https://atacananews.blob.core.windows.net/atacana-blob-container/lung-cancer/clinical-trials/20221018/rg7446/lung-cancer_clinical-trials_20221018_rg7446_NCT05487235.json'
Request method: 'PUT'
Request headers:
    'Content-Length': '663'
    'x-ms-blob-type': 'REDACTED'
    'x-ms-version': 'REDACTED'
    'Content-Type': 'application/octet-stream'
    'Accept': 'application/xml'
    'User-Agent': 'azsdk-python-storage-blob/12.13.1 Python/3.8.15 (Linux-5.10.124-linuxkit-aarch64-with-glibc2.17)'
    'x-ms-date': 'REDACTED'
    'x-ms-client-request-id': '5e915028-4eff-11ed-85bc-0242bebc0005'
    'Authorization': 'REDACTED'
A body is sent with the request
[2022-10-18 16:10:23,043] {_universal.py:504} INFO - Response status: 201
Response headers:
    'Content-Length': '0'
    'Content-MD5': 'REDACTED'
    'Last-Modified': 'Tue, 18 Oct 2022 16:10:23 GMT'
    'ETag': '"0x8DAB12342E0A382"'
    'Server': 'Windows-Azure-Blob/1.0 Microsoft-HTTPAPI/2.0'
    'x-ms-request-id': '06060be3-201e-002b-250c-e33fcb000000'
    'x-ms-client-request-id': '5e915028-4eff-11ed-85bc-0242bebc0005'
    'x-ms-version': 'REDACTED'
    'x-ms-content-crc64': 'REDACTED'
    'x-ms-request-server-encrypted': 'REDACTED'
    'Date': 'Tue, 18 Oct 2022 16:10:22 GMT'
[2022-10-18 16:10:23,046] {_universal.py:473} INFO - Request URL: 'https://atacananews.blob.core.windows.net/atacana-blob-container/lung-cancer/clinical-trials/20221018/rg7446/lung-cancer_clinical-trials_20221018_rg7446_NCT05528952.json'
Request method: 'PUT'
Request headers:
    'Content-Length': '721'
    'x-ms-blob-type': 'REDACTED'
    'x-ms-version': 'REDACTED'
    'Content-Type': 'application/octet-stream'
    'Accept': 'application/xml'
    'User-Agent': 'azsdk-python-storage-blob/12.13.1 Python/3.8.15 (Linux-5.10.124-linuxkit-aarch64-with-glibc2.17)'
    'x-ms-date': 'REDACTED'
    'x-ms-client-request-id': '5eae658c-4eff-11ed-85bc-0242bebc0005'
    'Authorization': 'REDACTED'
A body is sent with the request
[2022-10-18 16:10:23,235] {_universal.py:504} INFO - Response status: 201
Response headers:
    'Content-Length': '0'
    'Content-MD5': 'REDACTED'
    'Last-Modified': 'Tue, 18 Oct 2022 16:10:23 GMT'
    'ETag': '"0x8DAB12342FE3954"'
    'Server': 'Windows-Azure-Blob/1.0 Microsoft-HTTPAPI/2.0'
    'x-ms-request-id': '06060c98-201e-002b-490c-e33fcb000000'
    'x-ms-client-request-id': '5eae658c-4eff-11ed-85bc-0242bebc0005'
    'x-ms-version': 'REDACTED'
    'x-ms-content-crc64': 'REDACTED'
    'x-ms-request-server-encrypted': 'REDACTED'
    'Date': 'Tue, 18 Oct 2022 16:10:22 GMT'
[2022-10-18 16:10:23,237] {_universal.py:473} INFO - Request URL: 'https://atacananews.blob.core.windows.net/atacana-blob-container/lung-cancer/clinical-trials/20221018/rg7446/lung-cancer_clinical-trials_20221018_rg7446_NCT05581004.json'
Request method: 'PUT'
Request headers:
    'Content-Length': '807'
    'x-ms-blob-type': 'REDACTED'
    'x-ms-version': 'REDACTED'
    'Content-Type': 'application/octet-stream'
    'Accept': 'application/xml'
    'User-Agent': 'azsdk-python-storage-blob/12.13.1 Python/3.8.15 (Linux-5.10.124-linuxkit-aarch64-with-glibc2.17)'
    'x-ms-date': 'REDACTED'
    'x-ms-client-request-id': '5ecb7320-4eff-11ed-85bc-0242bebc0005'
    'Authorization': 'REDACTED'
A body is sent with the request
[2022-10-18 16:10:23,419] {_universal.py:504} INFO - Response status: 201
Response headers:
    'Content-Length': '0'
    'Content-MD5': 'REDACTED'
    'Last-Modified': 'Tue, 18 Oct 2022 16:10:23 GMT'
    'ETag': '"0x8DAB123431A96DF"'
    'Server': 'Windows-Azure-Blob/1.0 Microsoft-HTTPAPI/2.0'
    'x-ms-request-id': '06060d8c-201e-002b-260c-e33fcb000000'
    'x-ms-client-request-id': '5ecb7320-4eff-11ed-85bc-0242bebc0005'
    'x-ms-version': 'REDACTED'
    'x-ms-content-crc64': 'REDACTED'
    'x-ms-request-server-encrypted': 'REDACTED'
    'Date': 'Tue, 18 Oct 2022 16:10:22 GMT'
[2022-10-18 16:10:23,423] {_universal.py:473} INFO - Request URL: 'https://atacananews.blob.core.windows.net/atacana-blob-container/lung-cancer/clinical-trials/20221018/rg7446/lung-cancer_clinical-trials_20221018_rg7446_NCT05468359.json'
Request method: 'PUT'
Request headers:
    'Content-Length': '728'
    'x-ms-blob-type': 'REDACTED'
    'x-ms-version': 'REDACTED'
    'Content-Type': 'application/octet-stream'
    'Accept': 'application/xml'
    'User-Agent': 'azsdk-python-storage-blob/12.13.1 Python/3.8.15 (Linux-5.10.124-linuxkit-aarch64-with-glibc2.17)'
    'x-ms-date': 'REDACTED'
    'x-ms-client-request-id': '5ee7ce80-4eff-11ed-85bc-0242bebc0005'
    'Authorization': 'REDACTED'
A body is sent with the request
[2022-10-18 16:10:23,604] {_universal.py:504} INFO - Response status: 201
Response headers:
    'Content-Length': '0'
    'Content-MD5': 'REDACTED'
    'Last-Modified': 'Tue, 18 Oct 2022 16:10:23 GMT'
    'ETag': '"0x8DAB12343371B67"'
    'Server': 'Windows-Azure-Blob/1.0 Microsoft-HTTPAPI/2.0'
    'x-ms-request-id': '06060e6b-201e-002b-730c-e33fcb000000'
    'x-ms-client-request-id': '5ee7ce80-4eff-11ed-85bc-0242bebc0005'
    'x-ms-version': 'REDACTED'
    'x-ms-content-crc64': 'REDACTED'
    'x-ms-request-server-encrypted': 'REDACTED'
    'Date': 'Tue, 18 Oct 2022 16:10:23 GMT'
[2022-10-18 16:10:23,606] {_universal.py:473} INFO - Request URL: 'https://atacananews.blob.core.windows.net/atacana-blob-container/lung-cancer/clinical-trials/20221018/rg7446/lung-cancer_clinical-trials_20221018_rg7446_NCT05488522.json'
Request method: 'PUT'
Request headers:
    'Content-Length': '527'
    'x-ms-blob-type': 'REDACTED'
    'x-ms-version': 'REDACTED'
    'Content-Type': 'application/octet-stream'
    'Accept': 'application/xml'
    'User-Agent': 'azsdk-python-storage-blob/12.13.1 Python/3.8.15 (Linux-5.10.124-linuxkit-aarch64-with-glibc2.17)'
    'x-ms-date': 'REDACTED'
    'x-ms-client-request-id': '5f03b6e0-4eff-11ed-85bc-0242bebc0005'
    'Authorization': 'REDACTED'
A body is sent with the request
[2022-10-18 16:10:23,796] {_universal.py:504} INFO - Response status: 201
Response headers:
    'Content-Length': '0'
    'Content-MD5': 'REDACTED'
    'Last-Modified': 'Tue, 18 Oct 2022 16:10:23 GMT'
    'ETag': '"0x8DAB123435378ED"'
    'Server': 'Windows-Azure-Blob/1.0 Microsoft-HTTPAPI/2.0'
    'x-ms-request-id': '06060f4b-201e-002b-3d0c-e33fcb000000'
    'x-ms-client-request-id': '5f03b6e0-4eff-11ed-85bc-0242bebc0005'
    'x-ms-version': 'REDACTED'
    'x-ms-content-crc64': 'REDACTED'
    'x-ms-request-server-encrypted': 'REDACTED'
    'Date': 'Tue, 18 Oct 2022 16:10:23 GMT'
[2022-10-18 16:10:23,800] {_universal.py:473} INFO - Request URL: 'https://atacananews.blob.core.windows.net/atacana-blob-container/lung-cancer/clinical-trials/20221018/rg7446/lung-cancer_clinical-trials_20221018_rg7446_NCT05468489.json'
Request method: 'PUT'
Request headers:
    'Content-Length': '653'
    'x-ms-blob-type': 'REDACTED'
    'x-ms-version': 'REDACTED'
    'Content-Type': 'application/octet-stream'
    'Accept': 'application/xml'
    'User-Agent': 'azsdk-python-storage-blob/12.13.1 Python/3.8.15 (Linux-5.10.124-linuxkit-aarch64-with-glibc2.17)'
    'x-ms-date': 'REDACTED'
    'x-ms-client-request-id': '5f216c1c-4eff-11ed-85bc-0242bebc0005'
    'Authorization': 'REDACTED'
A body is sent with the request
[2022-10-18 16:10:23,985] {_universal.py:504} INFO - Response status: 201
Response headers:
    'Content-Length': '0'
    'Content-MD5': 'REDACTED'
    'Last-Modified': 'Tue, 18 Oct 2022 16:10:23 GMT'
    'ETag': '"0x8DAB12343710EC2"'
    'Server': 'Windows-Azure-Blob/1.0 Microsoft-HTTPAPI/2.0'
    'x-ms-request-id': '0606102a-201e-002b-070c-e33fcb000000'
    'x-ms-client-request-id': '5f216c1c-4eff-11ed-85bc-0242bebc0005'
    'x-ms-version': 'REDACTED'
    'x-ms-content-crc64': 'REDACTED'
    'x-ms-request-server-encrypted': 'REDACTED'
    'Date': 'Tue, 18 Oct 2022 16:10:23 GMT'
[2022-10-18 16:10:23,989] {_universal.py:473} INFO - Request URL: 'https://atacananews.blob.core.windows.net/atacana-blob-container/lung-cancer/clinical-trials/20221018/rg7446/lung-cancer_clinical-trials_20221018_rg7446_NCT05537402.json'
Request method: 'PUT'
Request headers:
    'Content-Length': '680'
    'x-ms-blob-type': 'REDACTED'
    'x-ms-version': 'REDACTED'
    'Content-Type': 'application/octet-stream'
    'Accept': 'application/xml'
    'User-Agent': 'azsdk-python-storage-blob/12.13.1 Python/3.8.15 (Linux-5.10.124-linuxkit-aarch64-with-glibc2.17)'
    'x-ms-date': 'REDACTED'
    'x-ms-client-request-id': '5f3e2bb8-4eff-11ed-85bc-0242bebc0005'
    'Authorization': 'REDACTED'
A body is sent with the request
[2022-10-18 16:10:24,188] {_universal.py:504} INFO - Response status: 201
Response headers:
    'Content-Length': '0'
    'Content-MD5': 'REDACTED'
    'Last-Modified': 'Tue, 18 Oct 2022 16:10:24 GMT'
    'ETag': '"0x8DAB123438D453E"'
    'Server': 'Windows-Azure-Blob/1.0 Microsoft-HTTPAPI/2.0'
    'x-ms-request-id': '060610dd-201e-002b-260c-e33fcb000000'
    'x-ms-client-request-id': '5f3e2bb8-4eff-11ed-85bc-0242bebc0005'
    'x-ms-version': 'REDACTED'
    'x-ms-content-crc64': 'REDACTED'
    'x-ms-request-server-encrypted': 'REDACTED'
    'Date': 'Tue, 18 Oct 2022 16:10:23 GMT'
[2022-10-18 16:10:24,197] {_universal.py:473} INFO - Request URL: 'https://atacananews.blob.core.windows.net/atacana-blob-container/lung-cancer/clinical-trials/20221018/rg7446/lung-cancer_clinical-trials_20221018_rg7446_NCT05492123.json'
Request method: 'PUT'
Request headers:
    'Content-Length': '638'
    'x-ms-blob-type': 'REDACTED'
    'x-ms-version': 'REDACTED'
    'Content-Type': 'application/octet-stream'
    'Accept': 'application/xml'
    'User-Agent': 'azsdk-python-storage-blob/12.13.1 Python/3.8.15 (Linux-5.10.124-linuxkit-aarch64-with-glibc2.17)'
    'x-ms-date': 'REDACTED'
    'x-ms-client-request-id': '5f5dedae-4eff-11ed-85bc-0242bebc0005'
    'Authorization': 'REDACTED'
A body is sent with the request
[2022-10-18 16:10:24,402] {_universal.py:504} INFO - Response status: 201
Response headers:
    'Content-Length': '0'
    'Content-MD5': 'REDACTED'
    'Last-Modified': 'Tue, 18 Oct 2022 16:10:24 GMT'
    'ETag': '"0x8DAB12343B058A3"'
    'Server': 'Windows-Azure-Blob/1.0 Microsoft-HTTPAPI/2.0'
    'x-ms-request-id': '060611bd-201e-002b-7e0c-e33fcb000000'
    'x-ms-client-request-id': '5f5dedae-4eff-11ed-85bc-0242bebc0005'
    'x-ms-version': 'REDACTED'
    'x-ms-content-crc64': 'REDACTED'
    'x-ms-request-server-encrypted': 'REDACTED'
    'Date': 'Tue, 18 Oct 2022 16:10:23 GMT'
[2022-10-18 16:10:24,405] {_universal.py:473} INFO - Request URL: 'https://atacananews.blob.core.windows.net/atacana-blob-container/lung-cancer/clinical-trials/20221018/rg7446/lung-cancer_clinical-trials_20221018_rg7446_NCT05549297.json'
Request method: 'PUT'
Request headers:
    'Content-Length': '596'
    'x-ms-blob-type': 'REDACTED'
    'x-ms-version': 'REDACTED'
    'Content-Type': 'application/octet-stream'
    'Accept': 'application/xml'
    'User-Agent': 'azsdk-python-storage-blob/12.13.1 Python/3.8.15 (Linux-5.10.124-linuxkit-aarch64-with-glibc2.17)'
    'x-ms-date': 'REDACTED'
    'x-ms-client-request-id': '5f7da982-4eff-11ed-85bc-0242bebc0005'
    'Authorization': 'REDACTED'
A body is sent with the request
[2022-10-18 16:10:24,593] {_universal.py:504} INFO - Response status: 201
Response headers:
    'Content-Length': '0'
    'Content-MD5': 'REDACTED'
    'Last-Modified': 'Tue, 18 Oct 2022 16:10:24 GMT'
    'ETag': '"0x8DAB12343CCB612"'
    'Server': 'Windows-Azure-Blob/1.0 Microsoft-HTTPAPI/2.0'
    'x-ms-request-id': '0606126c-201e-002b-1b0c-e33fcb000000'
    'x-ms-client-request-id': '5f7da982-4eff-11ed-85bc-0242bebc0005'
    'x-ms-version': 'REDACTED'
    'x-ms-content-crc64': 'REDACTED'
    'x-ms-request-server-encrypted': 'REDACTED'
    'Date': 'Tue, 18 Oct 2022 16:10:24 GMT'
[2022-10-18 16:10:24,599] {python.py:173} INFO - Done. Returned value was: None
[2022-10-18 16:10:24,612] {taskinstance.py:1395} INFO - Marking task as SUCCESS. dag_id=clinical_trials__lung_cancer__etl__20220109, task_id=load_data_to_blob_storage_task, map_index=50, execution_date=20221018T140000, start_date=20221018T161020, end_date=20221018T161024
[2022-10-18 16:10:24,647] {local_task_job.py:156} INFO - Task exited with return code 0
[2022-10-18 16:10:24,683] {local_task_job.py:273} INFO - 0 downstream tasks scheduled from follow-on schedule check
