[2022-10-18 20:01:22,211] {taskinstance.py:1159} INFO - Dependencies all met for <TaskInstance: clinical_trials__lung_cancer__etl__20220109.load_data_to_blob_storage_task scheduled__2022-10-18T18:00:00+00:00 map_index=31 [queued]>
[2022-10-18 20:01:22,219] {taskinstance.py:1159} INFO - Dependencies all met for <TaskInstance: clinical_trials__lung_cancer__etl__20220109.load_data_to_blob_storage_task scheduled__2022-10-18T18:00:00+00:00 map_index=31 [queued]>
[2022-10-18 20:01:22,220] {taskinstance.py:1356} INFO - 
--------------------------------------------------------------------------------
[2022-10-18 20:01:22,221] {taskinstance.py:1357} INFO - Starting attempt 1 of 1
[2022-10-18 20:01:22,222] {taskinstance.py:1358} INFO - 
--------------------------------------------------------------------------------
[2022-10-18 20:01:22,229] {taskinstance.py:1377} INFO - Executing <Mapped(_PythonDecoratedOperator): load_data_to_blob_storage_task> on 2022-10-18 18:00:00+00:00
[2022-10-18 20:01:22,233] {standard_task_runner.py:52} INFO - Started process 4775 to run task
[2022-10-18 20:01:22,237] {standard_task_runner.py:79} INFO - Running: ['airflow', 'tasks', 'run', 'clinical_trials__lung_cancer__etl__20220109', 'load_data_to_blob_storage_task', 'scheduled__2022-10-18T18:00:00+00:00', '--job-id', '566', '--raw', '--subdir', 'DAGS_FOLDER/process_news_dags.py', '--cfg-path', '/tmp/tmp7p9f0zta', '--map-index', '31', '--error-file', '/tmp/tmp0zolire8']
[2022-10-18 20:01:22,238] {standard_task_runner.py:80} INFO - Job 566: Subtask load_data_to_blob_storage_task
[2022-10-18 20:01:22,249] {logging_mixin.py:115} WARNING - /root/.cache/pypoetry/virtualenvs/***-tXitOD5F-py3.8/lib/python3.8/site-packages/airflow/configuration.py:525 DeprecationWarning: The sql_alchemy_conn option in [core] has been moved to the sql_alchemy_conn option in [database] - the old setting has been used, but please update your config.
[2022-10-18 20:01:22,276] {task_command.py:370} INFO - Running <TaskInstance: clinical_trials__lung_cancer__etl__20220109.load_data_to_blob_storage_task scheduled__2022-10-18T18:00:00+00:00 map_index=31 [running]> on host 6cdf6d517dc4
[2022-10-18 20:01:22,316] {taskinstance.py:1569} INFO - Exporting the following env vars:
AIRFLOW_CTX_DAG_EMAIL=wais@datakimia.com,david@datakimia.com,juanm@datakimia.com,tomas@datakimia.com
AIRFLOW_CTX_DAG_OWNER=atacana
AIRFLOW_CTX_DAG_ID=clinical_trials__lung_cancer__etl__20220109
AIRFLOW_CTX_TASK_ID=load_data_to_blob_storage_task
AIRFLOW_CTX_EXECUTION_DATE=2022-10-18T18:00:00+00:00
AIRFLOW_CTX_TRY_NUMBER=1
AIRFLOW_CTX_DAG_RUN_ID=scheduled__2022-10-18T18:00:00+00:00
[2022-10-18 20:01:22,318] {process_news_dag_factory.py:105} INFO - Reading temp file: lung-cancer_clinical-trials_mk-3475_20221018-18_df.json
[2022-10-18 20:01:22,336] {helpers.py:114} INFO - Going to save clinical_trials data..
[2022-10-18 20:01:22,337] {helpers.py:115} INFO -                                                title  ...                  updated_at
0  A Study of Pembrolizumab (MK-3475) With or Wit...  ...  2022-10-18 20:00:44.965000
1  A Substudy of Investigational Agents in Progra...  ...  2022-10-18 20:00:44.965000
2  Pembrolizumab Plus Lenvatinib in Stage III-IV RCC  ...  2022-10-18 20:00:44.965000
3  A Study of Coformulated Favezelimab/Pembrolizu...  ...  2022-10-18 20:00:44.965000
4  Pembrolizumab Plus Radiotherapy for Advanced R...  ...  2022-10-18 20:00:44.965000

[5 rows x 13 columns]
[2022-10-18 20:01:22,346] {helpers.py:116} INFO - Index(['title', 'link', 'id', 'published_at', 'conditions', 'intervention',
       'publisher', 'status', 'source', 'keyword', 'indication',
       'therapeutic_area', 'updated_at'],
      dtype='object')
[2022-10-18 20:01:22,350] {_universal.py:473} INFO - Request URL: 'https://atacananews.blob.core.windows.net/atacana-blob-container/lung-cancer/clinical-trials/20221018/mk-3475/lung-cancer_clinical-trials_20221018_mk-3475_NCT05523323.json'
Request method: 'PUT'
Request headers:
    'Content-Length': '805'
    'x-ms-blob-type': 'REDACTED'
    'x-ms-version': 'REDACTED'
    'Content-Type': 'application/octet-stream'
    'Accept': 'application/xml'
    'User-Agent': 'azsdk-python-storage-blob/12.13.1 Python/3.8.15 (Linux-5.10.124-linuxkit-aarch64-with-glibc2.17)'
    'x-ms-date': 'REDACTED'
    'x-ms-client-request-id': 'a3783cfe-4f1f-11ed-8784-0242bebc0005'
    'Authorization': 'REDACTED'
A body is sent with the request
[2022-10-18 20:01:23,076] {_universal.py:504} INFO - Response status: 201
Response headers:
    'Content-Length': '0'
    'Content-MD5': 'REDACTED'
    'Last-Modified': 'Tue, 18 Oct 2022 20:01:23 GMT'
    'ETag': '"0x8DAB143881DCA80"'
    'Server': 'Windows-Azure-Blob/1.0 Microsoft-HTTPAPI/2.0'
    'x-ms-request-id': '739adc9d-e01e-001b-352c-e38104000000'
    'x-ms-client-request-id': 'a3783cfe-4f1f-11ed-8784-0242bebc0005'
    'x-ms-version': 'REDACTED'
    'x-ms-content-crc64': 'REDACTED'
    'x-ms-request-server-encrypted': 'REDACTED'
    'Date': 'Tue, 18 Oct 2022 20:01:22 GMT'
[2022-10-18 20:01:23,080] {_universal.py:473} INFO - Request URL: 'https://atacananews.blob.core.windows.net/atacana-blob-container/lung-cancer/clinical-trials/20221018/mk-3475/lung-cancer_clinical-trials_20221018_mk-3475_NCT05562830.json'
Request method: 'PUT'
Request headers:
    'Content-Length': '624'
    'x-ms-blob-type': 'REDACTED'
    'x-ms-version': 'REDACTED'
    'Content-Type': 'application/octet-stream'
    'Accept': 'application/xml'
    'User-Agent': 'azsdk-python-storage-blob/12.13.1 Python/3.8.15 (Linux-5.10.124-linuxkit-aarch64-with-glibc2.17)'
    'x-ms-date': 'REDACTED'
    'x-ms-client-request-id': 'a3e79ce8-4f1f-11ed-8784-0242bebc0005'
    'Authorization': 'REDACTED'
A body is sent with the request
[2022-10-18 20:01:23,274] {_universal.py:504} INFO - Response status: 201
Response headers:
    'Content-Length': '0'
    'Content-MD5': 'REDACTED'
    'Last-Modified': 'Tue, 18 Oct 2022 20:01:23 GMT'
    'ETag': '"0x8DAB143883B1239"'
    'Server': 'Windows-Azure-Blob/1.0 Microsoft-HTTPAPI/2.0'
    'x-ms-request-id': '739add6c-e01e-001b-6d2c-e38104000000'
    'x-ms-client-request-id': 'a3e79ce8-4f1f-11ed-8784-0242bebc0005'
    'x-ms-version': 'REDACTED'
    'x-ms-content-crc64': 'REDACTED'
    'x-ms-request-server-encrypted': 'REDACTED'
    'Date': 'Tue, 18 Oct 2022 20:01:22 GMT'
[2022-10-18 20:01:23,277] {_universal.py:473} INFO - Request URL: 'https://atacananews.blob.core.windows.net/atacana-blob-container/lung-cancer/clinical-trials/20221018/mk-3475/lung-cancer_clinical-trials_20221018_mk-3475_NCT05485896.json'
Request method: 'PUT'
Request headers:
    'Content-Length': '522'
    'x-ms-blob-type': 'REDACTED'
    'x-ms-version': 'REDACTED'
    'Content-Type': 'application/octet-stream'
    'Accept': 'application/xml'
    'User-Agent': 'azsdk-python-storage-blob/12.13.1 Python/3.8.15 (Linux-5.10.124-linuxkit-aarch64-with-glibc2.17)'
    'x-ms-date': 'REDACTED'
    'x-ms-client-request-id': 'a405acf6-4f1f-11ed-8784-0242bebc0005'
    'Authorization': 'REDACTED'
A body is sent with the request
[2022-10-18 20:01:23,468] {_universal.py:504} INFO - Response status: 201
Response headers:
    'Content-Length': '0'
    'Content-MD5': 'REDACTED'
    'Last-Modified': 'Tue, 18 Oct 2022 20:01:23 GMT'
    'ETag': '"0x8DAB1438858F616"'
    'Server': 'Windows-Azure-Blob/1.0 Microsoft-HTTPAPI/2.0'
    'x-ms-request-id': '739ade1a-e01e-001b-082c-e38104000000'
    'x-ms-client-request-id': 'a405acf6-4f1f-11ed-8784-0242bebc0005'
    'x-ms-version': 'REDACTED'
    'x-ms-content-crc64': 'REDACTED'
    'x-ms-request-server-encrypted': 'REDACTED'
    'Date': 'Tue, 18 Oct 2022 20:01:22 GMT'
[2022-10-18 20:01:23,471] {_universal.py:473} INFO - Request URL: 'https://atacananews.blob.core.windows.net/atacana-blob-container/lung-cancer/clinical-trials/20221018/mk-3475/lung-cancer_clinical-trials_20221018_mk-3475_NCT05508867.json'
Request method: 'PUT'
Request headers:
    'Content-Length': '682'
    'x-ms-blob-type': 'REDACTED'
    'x-ms-version': 'REDACTED'
    'Content-Type': 'application/octet-stream'
    'Accept': 'application/xml'
    'User-Agent': 'azsdk-python-storage-blob/12.13.1 Python/3.8.15 (Linux-5.10.124-linuxkit-aarch64-with-glibc2.17)'
    'x-ms-date': 'REDACTED'
    'x-ms-client-request-id': 'a4235288-4f1f-11ed-8784-0242bebc0005'
    'Authorization': 'REDACTED'
A body is sent with the request
[2022-10-18 20:01:23,656] {_universal.py:504} INFO - Response status: 201
Response headers:
    'Content-Length': '0'
    'Content-MD5': 'REDACTED'
    'Last-Modified': 'Tue, 18 Oct 2022 20:01:23 GMT'
    'ETag': '"0x8DAB143887664E0"'
    'Server': 'Windows-Azure-Blob/1.0 Microsoft-HTTPAPI/2.0'
    'x-ms-request-id': '739adec1-e01e-001b-252c-e38104000000'
    'x-ms-client-request-id': 'a4235288-4f1f-11ed-8784-0242bebc0005'
    'x-ms-version': 'REDACTED'
    'x-ms-content-crc64': 'REDACTED'
    'x-ms-request-server-encrypted': 'REDACTED'
    'Date': 'Tue, 18 Oct 2022 20:01:22 GMT'
[2022-10-18 20:01:23,660] {_universal.py:473} INFO - Request URL: 'https://atacananews.blob.core.windows.net/atacana-blob-container/lung-cancer/clinical-trials/20221018/mk-3475/lung-cancer_clinical-trials_20221018_mk-3475_NCT05567588.json'
Request method: 'PUT'
Request headers:
    'Content-Length': '568'
    'x-ms-blob-type': 'REDACTED'
    'x-ms-version': 'REDACTED'
    'Content-Type': 'application/octet-stream'
    'Accept': 'application/xml'
    'User-Agent': 'azsdk-python-storage-blob/12.13.1 Python/3.8.15 (Linux-5.10.124-linuxkit-aarch64-with-glibc2.17)'
    'x-ms-date': 'REDACTED'
    'x-ms-client-request-id': 'a440306a-4f1f-11ed-8784-0242bebc0005'
    'Authorization': 'REDACTED'
A body is sent with the request
[2022-10-18 20:01:23,854] {_universal.py:504} INFO - Response status: 201
Response headers:
    'Content-Length': '0'
    'Content-MD5': 'REDACTED'
    'Last-Modified': 'Tue, 18 Oct 2022 20:01:23 GMT'
    'ETag': '"0x8DAB14388946FD1"'
    'Server': 'Windows-Azure-Blob/1.0 Microsoft-HTTPAPI/2.0'
    'x-ms-request-id': '739adf54-e01e-001b-2b2c-e38104000000'
    'x-ms-client-request-id': 'a440306a-4f1f-11ed-8784-0242bebc0005'
    'x-ms-version': 'REDACTED'
    'x-ms-content-crc64': 'REDACTED'
    'x-ms-request-server-encrypted': 'REDACTED'
    'Date': 'Tue, 18 Oct 2022 20:01:23 GMT'
[2022-10-18 20:01:23,858] {_universal.py:473} INFO - Request URL: 'https://atacananews.blob.core.windows.net/atacana-blob-container/lung-cancer/clinical-trials/20221018/mk-3475/lung-cancer_clinical-trials_20221018_mk-3475_NCT05508737.json'
Request method: 'PUT'
Request headers:
    'Content-Length': '668'
    'x-ms-blob-type': 'REDACTED'
    'x-ms-version': 'REDACTED'
    'Content-Type': 'application/octet-stream'
    'Accept': 'application/xml'
    'User-Agent': 'azsdk-python-storage-blob/12.13.1 Python/3.8.15 (Linux-5.10.124-linuxkit-aarch64-with-glibc2.17)'
    'x-ms-date': 'REDACTED'
    'x-ms-client-request-id': 'a45e6cec-4f1f-11ed-8784-0242bebc0005'
    'Authorization': 'REDACTED'
A body is sent with the request
[2022-10-18 20:01:24,113] {_universal.py:504} INFO - Response status: 201
Response headers:
    'Content-Length': '0'
    'Content-MD5': 'REDACTED'
    'Last-Modified': 'Tue, 18 Oct 2022 20:01:24 GMT'
    'ETag': '"0x8DAB14388B316E6"'
    'Server': 'Windows-Azure-Blob/1.0 Microsoft-HTTPAPI/2.0'
    'x-ms-request-id': '739ae02f-e01e-001b-702c-e38104000000'
    'x-ms-client-request-id': 'a45e6cec-4f1f-11ed-8784-0242bebc0005'
    'x-ms-version': 'REDACTED'
    'x-ms-content-crc64': 'REDACTED'
    'x-ms-request-server-encrypted': 'REDACTED'
    'Date': 'Tue, 18 Oct 2022 20:01:23 GMT'
[2022-10-18 20:01:24,116] {_universal.py:473} INFO - Request URL: 'https://atacananews.blob.core.windows.net/atacana-blob-container/lung-cancer/clinical-trials/20221018/mk-3475/lung-cancer_clinical-trials_20221018_mk-3475_NCT05563467.json'
Request method: 'PUT'
Request headers:
    'Content-Length': '611'
    'x-ms-blob-type': 'REDACTED'
    'x-ms-version': 'REDACTED'
    'Content-Type': 'application/octet-stream'
    'Accept': 'application/xml'
    'User-Agent': 'azsdk-python-storage-blob/12.13.1 Python/3.8.15 (Linux-5.10.124-linuxkit-aarch64-with-glibc2.17)'
    'x-ms-date': 'REDACTED'
    'x-ms-client-request-id': 'a485cd0a-4f1f-11ed-8784-0242bebc0005'
    'Authorization': 'REDACTED'
A body is sent with the request
[2022-10-18 20:01:24,302] {_universal.py:504} INFO - Response status: 201
Response headers:
    'Content-Length': '0'
    'Content-MD5': 'REDACTED'
    'Last-Modified': 'Tue, 18 Oct 2022 20:01:24 GMT'
    'ETag': '"0x8DAB14388D8E8E8"'
    'Server': 'Windows-Azure-Blob/1.0 Microsoft-HTTPAPI/2.0'
    'x-ms-request-id': '739ae0dd-e01e-001b-122c-e38104000000'
    'x-ms-client-request-id': 'a485cd0a-4f1f-11ed-8784-0242bebc0005'
    'x-ms-version': 'REDACTED'
    'x-ms-content-crc64': 'REDACTED'
    'x-ms-request-server-encrypted': 'REDACTED'
    'Date': 'Tue, 18 Oct 2022 20:01:23 GMT'
[2022-10-18 20:01:24,307] {_universal.py:473} INFO - Request URL: 'https://atacananews.blob.core.windows.net/atacana-blob-container/lung-cancer/clinical-trials/20221018/mk-3475/lung-cancer_clinical-trials_20221018_mk-3475_NCT05491083.json'
Request method: 'PUT'
Request headers:
    'Content-Length': '682'
    'x-ms-blob-type': 'REDACTED'
    'x-ms-version': 'REDACTED'
    'Content-Type': 'application/octet-stream'
    'Accept': 'application/xml'
    'User-Agent': 'azsdk-python-storage-blob/12.13.1 Python/3.8.15 (Linux-5.10.124-linuxkit-aarch64-with-glibc2.17)'
    'x-ms-date': 'REDACTED'
    'x-ms-client-request-id': 'a4a2d1ac-4f1f-11ed-8784-0242bebc0005'
    'Authorization': 'REDACTED'
A body is sent with the request
[2022-10-18 20:01:24,499] {_universal.py:504} INFO - Response status: 201
Response headers:
    'Content-Length': '0'
    'Content-MD5': 'REDACTED'
    'Last-Modified': 'Tue, 18 Oct 2022 20:01:24 GMT'
    'ETag': '"0x8DAB14388F6A5C5"'
    'Server': 'Windows-Azure-Blob/1.0 Microsoft-HTTPAPI/2.0'
    'x-ms-request-id': '739ae1d3-e01e-001b-662c-e38104000000'
    'x-ms-client-request-id': 'a4a2d1ac-4f1f-11ed-8784-0242bebc0005'
    'x-ms-version': 'REDACTED'
    'x-ms-content-crc64': 'REDACTED'
    'x-ms-request-server-encrypted': 'REDACTED'
    'Date': 'Tue, 18 Oct 2022 20:01:23 GMT'
[2022-10-18 20:01:24,504] {_universal.py:473} INFO - Request URL: 'https://atacananews.blob.core.windows.net/atacana-blob-container/lung-cancer/clinical-trials/20221018/mk-3475/lung-cancer_clinical-trials_20221018_mk-3475_NCT05488366.json'
Request method: 'PUT'
Request headers:
    'Content-Length': '558'
    'x-ms-blob-type': 'REDACTED'
    'x-ms-version': 'REDACTED'
    'Content-Type': 'application/octet-stream'
    'Accept': 'application/xml'
    'User-Agent': 'azsdk-python-storage-blob/12.13.1 Python/3.8.15 (Linux-5.10.124-linuxkit-aarch64-with-glibc2.17)'
    'x-ms-date': 'REDACTED'
    'x-ms-client-request-id': 'a4c0f042-4f1f-11ed-8784-0242bebc0005'
    'Authorization': 'REDACTED'
A body is sent with the request
[2022-10-18 20:01:24,693] {_universal.py:504} INFO - Response status: 201
Response headers:
    'Content-Length': '0'
    'Content-MD5': 'REDACTED'
    'Last-Modified': 'Tue, 18 Oct 2022 20:01:24 GMT'
    'ETag': '"0x8DAB143891489AE"'
    'Server': 'Windows-Azure-Blob/1.0 Microsoft-HTTPAPI/2.0'
    'x-ms-request-id': '739ae2a0-e01e-001b-1f2c-e38104000000'
    'x-ms-client-request-id': 'a4c0f042-4f1f-11ed-8784-0242bebc0005'
    'x-ms-version': 'REDACTED'
    'x-ms-content-crc64': 'REDACTED'
    'x-ms-request-server-encrypted': 'REDACTED'
    'Date': 'Tue, 18 Oct 2022 20:01:23 GMT'
[2022-10-18 20:01:24,695] {_universal.py:473} INFO - Request URL: 'https://atacananews.blob.core.windows.net/atacana-blob-container/lung-cancer/clinical-trials/20221018/mk-3475/lung-cancer_clinical-trials_20221018_mk-3475_NCT05484622.json'
Request method: 'PUT'
Request headers:
    'Content-Length': '620'
    'x-ms-blob-type': 'REDACTED'
    'x-ms-version': 'REDACTED'
    'Content-Type': 'application/octet-stream'
    'Accept': 'application/xml'
    'User-Agent': 'azsdk-python-storage-blob/12.13.1 Python/3.8.15 (Linux-5.10.124-linuxkit-aarch64-with-glibc2.17)'
    'x-ms-date': 'REDACTED'
    'x-ms-client-request-id': 'a4de24e6-4f1f-11ed-8784-0242bebc0005'
    'Authorization': 'REDACTED'
A body is sent with the request
[2022-10-18 20:01:24,891] {_universal.py:504} INFO - Response status: 201
Response headers:
    'Content-Length': '0'
    'Content-MD5': 'REDACTED'
    'Last-Modified': 'Tue, 18 Oct 2022 20:01:24 GMT'
    'ETag': '"0x8DAB14389309910"'
    'Server': 'Windows-Azure-Blob/1.0 Microsoft-HTTPAPI/2.0'
    'x-ms-request-id': '739ae34b-e01e-001b-3c2c-e38104000000'
    'x-ms-client-request-id': 'a4de24e6-4f1f-11ed-8784-0242bebc0005'
    'x-ms-version': 'REDACTED'
    'x-ms-content-crc64': 'REDACTED'
    'x-ms-request-server-encrypted': 'REDACTED'
    'Date': 'Tue, 18 Oct 2022 20:01:24 GMT'
[2022-10-18 20:01:24,901] {_universal.py:473} INFO - Request URL: 'https://atacananews.blob.core.windows.net/atacana-blob-container/lung-cancer/clinical-trials/20221018/mk-3475/lung-cancer_clinical-trials_20221018_mk-3475_NCT05545969.json'
Request method: 'PUT'
Request headers:
    'Content-Length': '553'
    'x-ms-blob-type': 'REDACTED'
    'x-ms-version': 'REDACTED'
    'Content-Type': 'application/octet-stream'
    'Accept': 'application/xml'
    'User-Agent': 'azsdk-python-storage-blob/12.13.1 Python/3.8.15 (Linux-5.10.124-linuxkit-aarch64-with-glibc2.17)'
    'x-ms-date': 'REDACTED'
    'x-ms-client-request-id': 'a4fd7c24-4f1f-11ed-8784-0242bebc0005'
    'Authorization': 'REDACTED'
A body is sent with the request
[2022-10-18 20:01:25,125] {_universal.py:504} INFO - Response status: 201
Response headers:
    'Content-Length': '0'
    'Content-MD5': 'REDACTED'
    'Last-Modified': 'Tue, 18 Oct 2022 20:01:25 GMT'
    'ETag': '"0x8DAB1438955F5F7"'
    'Server': 'Windows-Azure-Blob/1.0 Microsoft-HTTPAPI/2.0'
    'x-ms-request-id': '739ae40e-e01e-001b-682c-e38104000000'
    'x-ms-client-request-id': 'a4fd7c24-4f1f-11ed-8784-0242bebc0005'
    'x-ms-version': 'REDACTED'
    'x-ms-content-crc64': 'REDACTED'
    'x-ms-request-server-encrypted': 'REDACTED'
    'Date': 'Tue, 18 Oct 2022 20:01:24 GMT'
[2022-10-18 20:01:25,130] {_universal.py:473} INFO - Request URL: 'https://atacananews.blob.core.windows.net/atacana-blob-container/lung-cancer/clinical-trials/20221018/mk-3475/lung-cancer_clinical-trials_20221018_mk-3475_NCT05555732.json'
Request method: 'PUT'
Request headers:
    'Content-Length': '731'
    'x-ms-blob-type': 'REDACTED'
    'x-ms-version': 'REDACTED'
    'Content-Type': 'application/octet-stream'
    'Accept': 'application/xml'
    'User-Agent': 'azsdk-python-storage-blob/12.13.1 Python/3.8.15 (Linux-5.10.124-linuxkit-aarch64-with-glibc2.17)'
    'x-ms-date': 'REDACTED'
    'x-ms-client-request-id': 'a52075f8-4f1f-11ed-8784-0242bebc0005'
    'Authorization': 'REDACTED'
A body is sent with the request
[2022-10-18 20:01:25,325] {_universal.py:504} INFO - Response status: 201
Response headers:
    'Content-Length': '0'
    'Content-MD5': 'REDACTED'
    'Last-Modified': 'Tue, 18 Oct 2022 20:01:25 GMT'
    'ETag': '"0x8DAB143897364BB"'
    'Server': 'Windows-Azure-Blob/1.0 Microsoft-HTTPAPI/2.0'
    'x-ms-request-id': '739ae4c0-e01e-001b-012c-e38104000000'
    'x-ms-client-request-id': 'a52075f8-4f1f-11ed-8784-0242bebc0005'
    'x-ms-version': 'REDACTED'
    'x-ms-content-crc64': 'REDACTED'
    'x-ms-request-server-encrypted': 'REDACTED'
    'Date': 'Tue, 18 Oct 2022 20:01:24 GMT'
[2022-10-18 20:01:25,336] {_universal.py:473} INFO - Request URL: 'https://atacananews.blob.core.windows.net/atacana-blob-container/lung-cancer/clinical-trials/20221018/mk-3475/lung-cancer_clinical-trials_20221018_mk-3475_NCT05479812.json'
Request method: 'PUT'
Request headers:
    'Content-Length': '666'
    'x-ms-blob-type': 'REDACTED'
    'x-ms-version': 'REDACTED'
    'Content-Type': 'application/octet-stream'
    'Accept': 'application/xml'
    'User-Agent': 'azsdk-python-storage-blob/12.13.1 Python/3.8.15 (Linux-5.10.124-linuxkit-aarch64-with-glibc2.17)'
    'x-ms-date': 'REDACTED'
    'x-ms-client-request-id': 'a53fe582-4f1f-11ed-8784-0242bebc0005'
    'Authorization': 'REDACTED'
A body is sent with the request
[2022-10-18 20:01:25,527] {_universal.py:504} INFO - Response status: 201
Response headers:
    'Content-Length': '0'
    'Content-MD5': 'REDACTED'
    'Last-Modified': 'Tue, 18 Oct 2022 20:01:25 GMT'
    'ETag': '"0x8DAB14389936B35"'
    'Server': 'Windows-Azure-Blob/1.0 Microsoft-HTTPAPI/2.0'
    'x-ms-request-id': '739ae576-e01e-001b-1f2c-e38104000000'
    'x-ms-client-request-id': 'a53fe582-4f1f-11ed-8784-0242bebc0005'
    'x-ms-version': 'REDACTED'
    'x-ms-content-crc64': 'REDACTED'
    'x-ms-request-server-encrypted': 'REDACTED'
    'Date': 'Tue, 18 Oct 2022 20:01:24 GMT'
[2022-10-18 20:01:25,536] {_universal.py:473} INFO - Request URL: 'https://atacananews.blob.core.windows.net/atacana-blob-container/lung-cancer/clinical-trials/20221018/mk-3475/lung-cancer_clinical-trials_20221018_mk-3475_NCT05493618.json'
Request method: 'PUT'
Request headers:
    'Content-Length': '610'
    'x-ms-blob-type': 'REDACTED'
    'x-ms-version': 'REDACTED'
    'Content-Type': 'application/octet-stream'
    'Accept': 'application/xml'
    'User-Agent': 'azsdk-python-storage-blob/12.13.1 Python/3.8.15 (Linux-5.10.124-linuxkit-aarch64-with-glibc2.17)'
    'x-ms-date': 'REDACTED'
    'x-ms-client-request-id': 'a55e5b3e-4f1f-11ed-8784-0242bebc0005'
    'Authorization': 'REDACTED'
A body is sent with the request
[2022-10-18 20:01:25,732] {_universal.py:504} INFO - Response status: 201
Response headers:
    'Content-Length': '0'
    'Content-MD5': 'REDACTED'
    'Last-Modified': 'Tue, 18 Oct 2022 20:01:25 GMT'
    'ETag': '"0x8DAB14389B23978"'
    'Server': 'Windows-Azure-Blob/1.0 Microsoft-HTTPAPI/2.0'
    'x-ms-request-id': '739ae668-e01e-001b-7b2c-e38104000000'
    'x-ms-client-request-id': 'a55e5b3e-4f1f-11ed-8784-0242bebc0005'
    'x-ms-version': 'REDACTED'
    'x-ms-content-crc64': 'REDACTED'
    'x-ms-request-server-encrypted': 'REDACTED'
    'Date': 'Tue, 18 Oct 2022 20:01:24 GMT'
[2022-10-18 20:01:25,743] {_universal.py:473} INFO - Request URL: 'https://atacananews.blob.core.windows.net/atacana-blob-container/lung-cancer/clinical-trials/20221018/mk-3475/lung-cancer_clinical-trials_20221018_mk-3475_NCT05541445.json'
Request method: 'PUT'
Request headers:
    'Content-Length': '549'
    'x-ms-blob-type': 'REDACTED'
    'x-ms-version': 'REDACTED'
    'Content-Type': 'application/octet-stream'
    'Accept': 'application/xml'
    'User-Agent': 'azsdk-python-storage-blob/12.13.1 Python/3.8.15 (Linux-5.10.124-linuxkit-aarch64-with-glibc2.17)'
    'x-ms-date': 'REDACTED'
    'x-ms-client-request-id': 'a57df002-4f1f-11ed-8784-0242bebc0005'
    'Authorization': 'REDACTED'
A body is sent with the request
[2022-10-18 20:01:25,934] {_universal.py:504} INFO - Response status: 201
Response headers:
    'Content-Length': '0'
    'Content-MD5': 'REDACTED'
    'Last-Modified': 'Tue, 18 Oct 2022 20:01:25 GMT'
    'ETag': '"0x8DAB14389D1F1B9"'
    'Server': 'Windows-Azure-Blob/1.0 Microsoft-HTTPAPI/2.0'
    'x-ms-request-id': '739ae76a-e01e-001b-6e2c-e38104000000'
    'x-ms-client-request-id': 'a57df002-4f1f-11ed-8784-0242bebc0005'
    'x-ms-version': 'REDACTED'
    'x-ms-content-crc64': 'REDACTED'
    'x-ms-request-server-encrypted': 'REDACTED'
    'Date': 'Tue, 18 Oct 2022 20:01:25 GMT'
[2022-10-18 20:01:25,940] {_universal.py:473} INFO - Request URL: 'https://atacananews.blob.core.windows.net/atacana-blob-container/lung-cancer/clinical-trials/20221018/mk-3475/lung-cancer_clinical-trials_20221018_mk-3475_NCT05578222.json'
Request method: 'PUT'
Request headers:
    'Content-Length': '508'
    'x-ms-blob-type': 'REDACTED'
    'x-ms-version': 'REDACTED'
    'Content-Type': 'application/octet-stream'
    'Accept': 'application/xml'
    'User-Agent': 'azsdk-python-storage-blob/12.13.1 Python/3.8.15 (Linux-5.10.124-linuxkit-aarch64-with-glibc2.17)'
    'x-ms-date': 'REDACTED'
    'x-ms-client-request-id': 'a59c01f0-4f1f-11ed-8784-0242bebc0005'
    'Authorization': 'REDACTED'
A body is sent with the request
[2022-10-18 20:01:26,141] {_universal.py:504} INFO - Response status: 201
Response headers:
    'Content-Length': '0'
    'Content-MD5': 'REDACTED'
    'Last-Modified': 'Tue, 18 Oct 2022 20:01:26 GMT'
    'ETag': '"0x8DAB14389F10E07"'
    'Server': 'Windows-Azure-Blob/1.0 Microsoft-HTTPAPI/2.0'
    'x-ms-request-id': '739ae86a-e01e-001b-572c-e38104000000'
    'x-ms-client-request-id': 'a59c01f0-4f1f-11ed-8784-0242bebc0005'
    'x-ms-version': 'REDACTED'
    'x-ms-content-crc64': 'REDACTED'
    'x-ms-request-server-encrypted': 'REDACTED'
    'Date': 'Tue, 18 Oct 2022 20:01:25 GMT'
[2022-10-18 20:01:26,153] {_universal.py:473} INFO - Request URL: 'https://atacananews.blob.core.windows.net/atacana-blob-container/lung-cancer/clinical-trials/20221018/mk-3475/lung-cancer_clinical-trials_20221018_mk-3475_NCT05504720.json'
Request method: 'PUT'
Request headers:
    'Content-Length': '727'
    'x-ms-blob-type': 'REDACTED'
    'x-ms-version': 'REDACTED'
    'Content-Type': 'application/octet-stream'
    'Accept': 'application/xml'
    'User-Agent': 'azsdk-python-storage-blob/12.13.1 Python/3.8.15 (Linux-5.10.124-linuxkit-aarch64-with-glibc2.17)'
    'x-ms-date': 'REDACTED'
    'x-ms-client-request-id': 'a5bc8182-4f1f-11ed-8784-0242bebc0005'
    'Authorization': 'REDACTED'
A body is sent with the request
[2022-10-18 20:01:26,339] {_universal.py:504} INFO - Response status: 201
Response headers:
    'Content-Length': '0'
    'Content-MD5': 'REDACTED'
    'Last-Modified': 'Tue, 18 Oct 2022 20:01:26 GMT'
    'ETag': '"0x8DAB1438A0FB51A"'
    'Server': 'Windows-Azure-Blob/1.0 Microsoft-HTTPAPI/2.0'
    'x-ms-request-id': '739ae947-e01e-001b-1b2c-e38104000000'
    'x-ms-client-request-id': 'a5bc8182-4f1f-11ed-8784-0242bebc0005'
    'x-ms-version': 'REDACTED'
    'x-ms-content-crc64': 'REDACTED'
    'x-ms-request-server-encrypted': 'REDACTED'
    'Date': 'Tue, 18 Oct 2022 20:01:25 GMT'
[2022-10-18 20:01:26,342] {_universal.py:473} INFO - Request URL: 'https://atacananews.blob.core.windows.net/atacana-blob-container/lung-cancer/clinical-trials/20221018/mk-3475/lung-cancer_clinical-trials_20221018_mk-3475_NCT05518032.json'
Request method: 'PUT'
Request headers:
    'Content-Length': '812'
    'x-ms-blob-type': 'REDACTED'
    'x-ms-version': 'REDACTED'
    'Content-Type': 'application/octet-stream'
    'Accept': 'application/xml'
    'User-Agent': 'azsdk-python-storage-blob/12.13.1 Python/3.8.15 (Linux-5.10.124-linuxkit-aarch64-with-glibc2.17)'
    'x-ms-date': 'REDACTED'
    'x-ms-client-request-id': 'a5d9657c-4f1f-11ed-8784-0242bebc0005'
    'Authorization': 'REDACTED'
A body is sent with the request
[2022-10-18 20:01:26,539] {_universal.py:504} INFO - Response status: 201
Response headers:
    'Content-Length': '0'
    'Content-MD5': 'REDACTED'
    'Last-Modified': 'Tue, 18 Oct 2022 20:01:26 GMT'
    'ETag': '"0x8DAB1438A2D4AD5"'
    'Server': 'Windows-Azure-Blob/1.0 Microsoft-HTTPAPI/2.0'
    'x-ms-request-id': '739aea40-e01e-001b-762c-e38104000000'
    'x-ms-client-request-id': 'a5d9657c-4f1f-11ed-8784-0242bebc0005'
    'x-ms-version': 'REDACTED'
    'x-ms-content-crc64': 'REDACTED'
    'x-ms-request-server-encrypted': 'REDACTED'
    'Date': 'Tue, 18 Oct 2022 20:01:25 GMT'
[2022-10-18 20:01:26,543] {_universal.py:473} INFO - Request URL: 'https://atacananews.blob.core.windows.net/atacana-blob-container/lung-cancer/clinical-trials/20221018/mk-3475/lung-cancer_clinical-trials_20221018_mk-3475_NCT05524935.json'
Request method: 'PUT'
Request headers:
    'Content-Length': '592'
    'x-ms-blob-type': 'REDACTED'
    'x-ms-version': 'REDACTED'
    'Content-Type': 'application/octet-stream'
    'Accept': 'application/xml'
    'User-Agent': 'azsdk-python-storage-blob/12.13.1 Python/3.8.15 (Linux-5.10.124-linuxkit-aarch64-with-glibc2.17)'
    'x-ms-date': 'REDACTED'
    'x-ms-client-request-id': 'a5f81490-4f1f-11ed-8784-0242bebc0005'
    'Authorization': 'REDACTED'
A body is sent with the request
[2022-10-18 20:01:26,757] {_universal.py:504} INFO - Response status: 201
Response headers:
    'Content-Length': '0'
    'Content-MD5': 'REDACTED'
    'Last-Modified': 'Tue, 18 Oct 2022 20:01:26 GMT'
    'ETag': '"0x8DAB1438A4ED7B2"'
    'Server': 'Windows-Azure-Blob/1.0 Microsoft-HTTPAPI/2.0'
    'x-ms-request-id': '739aeb20-e01e-001b-492c-e38104000000'
    'x-ms-client-request-id': 'a5f81490-4f1f-11ed-8784-0242bebc0005'
    'x-ms-version': 'REDACTED'
    'x-ms-content-crc64': 'REDACTED'
    'x-ms-request-server-encrypted': 'REDACTED'
    'Date': 'Tue, 18 Oct 2022 20:01:26 GMT'
[2022-10-18 20:01:26,765] {_universal.py:473} INFO - Request URL: 'https://atacananews.blob.core.windows.net/atacana-blob-container/lung-cancer/clinical-trials/20221018/mk-3475/lung-cancer_clinical-trials_20221018_mk-3475_NCT05465954.json'
Request method: 'PUT'
Request headers:
    'Content-Length': '692'
    'x-ms-blob-type': 'REDACTED'
    'x-ms-version': 'REDACTED'
    'Content-Type': 'application/octet-stream'
    'Accept': 'application/xml'
    'User-Agent': 'azsdk-python-storage-blob/12.13.1 Python/3.8.15 (Linux-5.10.124-linuxkit-aarch64-with-glibc2.17)'
    'x-ms-date': 'REDACTED'
    'x-ms-client-request-id': 'a619f7a4-4f1f-11ed-8784-0242bebc0005'
    'Authorization': 'REDACTED'
A body is sent with the request
[2022-10-18 20:01:26,960] {_universal.py:504} INFO - Response status: 201
Response headers:
    'Content-Length': '0'
    'Content-MD5': 'REDACTED'
    'Last-Modified': 'Tue, 18 Oct 2022 20:01:26 GMT'
    'ETag': '"0x8DAB1438A6D30B9"'
    'Server': 'Windows-Azure-Blob/1.0 Microsoft-HTTPAPI/2.0'
    'x-ms-request-id': '739aebe1-e01e-001b-012c-e38104000000'
    'x-ms-client-request-id': 'a619f7a4-4f1f-11ed-8784-0242bebc0005'
    'x-ms-version': 'REDACTED'
    'x-ms-content-crc64': 'REDACTED'
    'x-ms-request-server-encrypted': 'REDACTED'
    'Date': 'Tue, 18 Oct 2022 20:01:26 GMT'
[2022-10-18 20:01:26,962] {_universal.py:473} INFO - Request URL: 'https://atacananews.blob.core.windows.net/atacana-blob-container/lung-cancer/clinical-trials/20221018/mk-3475/lung-cancer_clinical-trials_20221018_mk-3475_NCT05535218.json'
Request method: 'PUT'
Request headers:
    'Content-Length': '605'
    'x-ms-blob-type': 'REDACTED'
    'x-ms-version': 'REDACTED'
    'Content-Type': 'application/octet-stream'
    'Accept': 'application/xml'
    'User-Agent': 'azsdk-python-storage-blob/12.13.1 Python/3.8.15 (Linux-5.10.124-linuxkit-aarch64-with-glibc2.17)'
    'x-ms-date': 'REDACTED'
    'x-ms-client-request-id': 'a6380b04-4f1f-11ed-8784-0242bebc0005'
    'Authorization': 'REDACTED'
A body is sent with the request
[2022-10-18 20:01:27,150] {_universal.py:504} INFO - Response status: 201
Response headers:
    'Content-Length': '0'
    'Content-MD5': 'REDACTED'
    'Last-Modified': 'Tue, 18 Oct 2022 20:01:27 GMT'
    'ETag': '"0x8DAB1438A8B62B5"'
    'Server': 'Windows-Azure-Blob/1.0 Microsoft-HTTPAPI/2.0'
    'x-ms-request-id': '739aec8e-e01e-001b-1f2c-e38104000000'
    'x-ms-client-request-id': 'a6380b04-4f1f-11ed-8784-0242bebc0005'
    'x-ms-version': 'REDACTED'
    'x-ms-content-crc64': 'REDACTED'
    'x-ms-request-server-encrypted': 'REDACTED'
    'Date': 'Tue, 18 Oct 2022 20:01:26 GMT'
[2022-10-18 20:01:27,153] {_universal.py:473} INFO - Request URL: 'https://atacananews.blob.core.windows.net/atacana-blob-container/lung-cancer/clinical-trials/20221018/mk-3475/lung-cancer_clinical-trials_20221018_mk-3475_NCT05563558.json'
Request method: 'PUT'
Request headers:
    'Content-Length': '603'
    'x-ms-blob-type': 'REDACTED'
    'x-ms-version': 'REDACTED'
    'Content-Type': 'application/octet-stream'
    'Accept': 'application/xml'
    'User-Agent': 'azsdk-python-storage-blob/12.13.1 Python/3.8.15 (Linux-5.10.124-linuxkit-aarch64-with-glibc2.17)'
    'x-ms-date': 'REDACTED'
    'x-ms-client-request-id': 'a6553a80-4f1f-11ed-8784-0242bebc0005'
    'Authorization': 'REDACTED'
A body is sent with the request
[2022-10-18 20:01:27,339] {_universal.py:504} INFO - Response status: 201
Response headers:
    'Content-Length': '0'
    'Content-MD5': 'REDACTED'
    'Last-Modified': 'Tue, 18 Oct 2022 20:01:27 GMT'
    'ETag': '"0x8DAB1438AA7E742"'
    'Server': 'Windows-Azure-Blob/1.0 Microsoft-HTTPAPI/2.0'
    'x-ms-request-id': '739aed35-e01e-001b-342c-e38104000000'
    'x-ms-client-request-id': 'a6553a80-4f1f-11ed-8784-0242bebc0005'
    'x-ms-version': 'REDACTED'
    'x-ms-content-crc64': 'REDACTED'
    'x-ms-request-server-encrypted': 'REDACTED'
    'Date': 'Tue, 18 Oct 2022 20:01:26 GMT'
[2022-10-18 20:01:27,342] {_universal.py:473} INFO - Request URL: 'https://atacananews.blob.core.windows.net/atacana-blob-container/lung-cancer/clinical-trials/20221018/mk-3475/lung-cancer_clinical-trials_20221018_mk-3475_NCT05558982.json'
Request method: 'PUT'
Request headers:
    'Content-Length': '596'
    'x-ms-blob-type': 'REDACTED'
    'x-ms-version': 'REDACTED'
    'Content-Type': 'application/octet-stream'
    'Accept': 'application/xml'
    'User-Agent': 'azsdk-python-storage-blob/12.13.1 Python/3.8.15 (Linux-5.10.124-linuxkit-aarch64-with-glibc2.17)'
    'x-ms-date': 'REDACTED'
    'x-ms-client-request-id': 'a6720282-4f1f-11ed-8784-0242bebc0005'
    'Authorization': 'REDACTED'
A body is sent with the request
[2022-10-18 20:01:27,529] {_universal.py:504} INFO - Response status: 201
Response headers:
    'Content-Length': '0'
    'Content-MD5': 'REDACTED'
    'Last-Modified': 'Tue, 18 Oct 2022 20:01:27 GMT'
    'ETag': '"0x8DAB1438AC4E0E9"'
    'Server': 'Windows-Azure-Blob/1.0 Microsoft-HTTPAPI/2.0'
    'x-ms-request-id': '739aedf7-e01e-001b-5b2c-e38104000000'
    'x-ms-client-request-id': 'a6720282-4f1f-11ed-8784-0242bebc0005'
    'x-ms-version': 'REDACTED'
    'x-ms-content-crc64': 'REDACTED'
    'x-ms-request-server-encrypted': 'REDACTED'
    'Date': 'Tue, 18 Oct 2022 20:01:26 GMT'
[2022-10-18 20:01:27,532] {_universal.py:473} INFO - Request URL: 'https://atacananews.blob.core.windows.net/atacana-blob-container/lung-cancer/clinical-trials/20221018/mk-3475/lung-cancer_clinical-trials_20221018_mk-3475_NCT05578170.json'
Request method: 'PUT'
Request headers:
    'Content-Length': '602'
    'x-ms-blob-type': 'REDACTED'
    'x-ms-version': 'REDACTED'
    'Content-Type': 'application/octet-stream'
    'Accept': 'application/xml'
    'User-Agent': 'azsdk-python-storage-blob/12.13.1 Python/3.8.15 (Linux-5.10.124-linuxkit-aarch64-with-glibc2.17)'
    'x-ms-date': 'REDACTED'
    'x-ms-client-request-id': 'a68f0e9a-4f1f-11ed-8784-0242bebc0005'
    'Authorization': 'REDACTED'
A body is sent with the request
[2022-10-18 20:01:27,722] {_universal.py:504} INFO - Response status: 201
Response headers:
    'Content-Length': '0'
    'Content-MD5': 'REDACTED'
    'Last-Modified': 'Tue, 18 Oct 2022 20:01:27 GMT'
    'ETag': '"0x8DAB1438AE20196"'
    'Server': 'Windows-Azure-Blob/1.0 Microsoft-HTTPAPI/2.0'
    'x-ms-request-id': '739aeed4-e01e-001b-252c-e38104000000'
    'x-ms-client-request-id': 'a68f0e9a-4f1f-11ed-8784-0242bebc0005'
    'x-ms-version': 'REDACTED'
    'x-ms-content-crc64': 'REDACTED'
    'x-ms-request-server-encrypted': 'REDACTED'
    'Date': 'Tue, 18 Oct 2022 20:01:26 GMT'
[2022-10-18 20:01:27,726] {_universal.py:473} INFO - Request URL: 'https://atacananews.blob.core.windows.net/atacana-blob-container/lung-cancer/clinical-trials/20221018/mk-3475/lung-cancer_clinical-trials_20221018_mk-3475_NCT05570825.json'
Request method: 'PUT'
Request headers:
    'Content-Length': '968'
    'x-ms-blob-type': 'REDACTED'
    'x-ms-version': 'REDACTED'
    'Content-Type': 'application/octet-stream'
    'Accept': 'application/xml'
    'User-Agent': 'azsdk-python-storage-blob/12.13.1 Python/3.8.15 (Linux-5.10.124-linuxkit-aarch64-with-glibc2.17)'
    'x-ms-date': 'REDACTED'
    'x-ms-client-request-id': 'a6aca9aa-4f1f-11ed-8784-0242bebc0005'
    'Authorization': 'REDACTED'
A body is sent with the request
[2022-10-18 20:01:27,914] {_universal.py:504} INFO - Response status: 201
Response headers:
    'Content-Length': '0'
    'Content-MD5': 'REDACTED'
    'Last-Modified': 'Tue, 18 Oct 2022 20:01:27 GMT'
    'ETag': '"0x8DAB1438AFFBE71"'
    'Server': 'Windows-Azure-Blob/1.0 Microsoft-HTTPAPI/2.0'
    'x-ms-request-id': '739aefc1-e01e-001b-742c-e38104000000'
    'x-ms-client-request-id': 'a6aca9aa-4f1f-11ed-8784-0242bebc0005'
    'x-ms-version': 'REDACTED'
    'x-ms-content-crc64': 'REDACTED'
    'x-ms-request-server-encrypted': 'REDACTED'
    'Date': 'Tue, 18 Oct 2022 20:01:27 GMT'
[2022-10-18 20:01:27,916] {_universal.py:473} INFO - Request URL: 'https://atacananews.blob.core.windows.net/atacana-blob-container/lung-cancer/clinical-trials/20221018/mk-3475/lung-cancer_clinical-trials_20221018_mk-3475_NCT05493566.json'
Request method: 'PUT'
Request headers:
    'Content-Length': '709'
    'x-ms-blob-type': 'REDACTED'
    'x-ms-version': 'REDACTED'
    'Content-Type': 'application/octet-stream'
    'Accept': 'application/xml'
    'User-Agent': 'azsdk-python-storage-blob/12.13.1 Python/3.8.15 (Linux-5.10.124-linuxkit-aarch64-with-glibc2.17)'
    'x-ms-date': 'REDACTED'
    'x-ms-client-request-id': 'a6c9a4c4-4f1f-11ed-8784-0242bebc0005'
    'Authorization': 'REDACTED'
A body is sent with the request
[2022-10-18 20:01:28,104] {_universal.py:504} INFO - Response status: 201
Response headers:
    'Content-Length': '0'
    'Content-MD5': 'REDACTED'
    'Last-Modified': 'Tue, 18 Oct 2022 20:01:28 GMT'
    'ETag': '"0x8DAB1438B1D2D36"'
    'Server': 'Windows-Azure-Blob/1.0 Microsoft-HTTPAPI/2.0'
    'x-ms-request-id': '739af096-e01e-001b-3d2c-e38104000000'
    'x-ms-client-request-id': 'a6c9a4c4-4f1f-11ed-8784-0242bebc0005'
    'x-ms-version': 'REDACTED'
    'x-ms-content-crc64': 'REDACTED'
    'x-ms-request-server-encrypted': 'REDACTED'
    'Date': 'Tue, 18 Oct 2022 20:01:27 GMT'
[2022-10-18 20:01:28,107] {_universal.py:473} INFO - Request URL: 'https://atacananews.blob.core.windows.net/atacana-blob-container/lung-cancer/clinical-trials/20221018/mk-3475/lung-cancer_clinical-trials_20221018_mk-3475_NCT05576077.json'
Request method: 'PUT'
Request headers:
    'Content-Length': '587'
    'x-ms-blob-type': 'REDACTED'
    'x-ms-version': 'REDACTED'
    'Content-Type': 'application/octet-stream'
    'Accept': 'application/xml'
    'User-Agent': 'azsdk-python-storage-blob/12.13.1 Python/3.8.15 (Linux-5.10.124-linuxkit-aarch64-with-glibc2.17)'
    'x-ms-date': 'REDACTED'
    'x-ms-client-request-id': 'a6e6b104-4f1f-11ed-8784-0242bebc0005'
    'Authorization': 'REDACTED'
A body is sent with the request
[2022-10-18 20:01:28,294] {_universal.py:504} INFO - Response status: 201
Response headers:
    'Content-Length': '0'
    'Content-MD5': 'REDACTED'
    'Last-Modified': 'Tue, 18 Oct 2022 20:01:28 GMT'
    'ETag': '"0x8DAB1438B3A26DE"'
    'Server': 'Windows-Azure-Blob/1.0 Microsoft-HTTPAPI/2.0'
    'x-ms-request-id': '739af176-e01e-001b-0f2c-e38104000000'
    'x-ms-client-request-id': 'a6e6b104-4f1f-11ed-8784-0242bebc0005'
    'x-ms-version': 'REDACTED'
    'x-ms-content-crc64': 'REDACTED'
    'x-ms-request-server-encrypted': 'REDACTED'
    'Date': 'Tue, 18 Oct 2022 20:01:27 GMT'
[2022-10-18 20:01:28,297] {_universal.py:473} INFO - Request URL: 'https://atacananews.blob.core.windows.net/atacana-blob-container/lung-cancer/clinical-trials/20221018/mk-3475/lung-cancer_clinical-trials_20221018_mk-3475_NCT05578664.json'
Request method: 'PUT'
Request headers:
    'Content-Length': '655'
    'x-ms-blob-type': 'REDACTED'
    'x-ms-version': 'REDACTED'
    'Content-Type': 'application/octet-stream'
    'Accept': 'application/xml'
    'User-Agent': 'azsdk-python-storage-blob/12.13.1 Python/3.8.15 (Linux-5.10.124-linuxkit-aarch64-with-glibc2.17)'
    'x-ms-date': 'REDACTED'
    'x-ms-client-request-id': 'a703b542-4f1f-11ed-8784-0242bebc0005'
    'Authorization': 'REDACTED'
A body is sent with the request
[2022-10-18 20:01:28,485] {_universal.py:504} INFO - Response status: 201
Response headers:
    'Content-Length': '0'
    'Content-MD5': 'REDACTED'
    'Last-Modified': 'Tue, 18 Oct 2022 20:01:28 GMT'
    'ETag': '"0x8DAB1438B56F980"'
    'Server': 'Windows-Azure-Blob/1.0 Microsoft-HTTPAPI/2.0'
    'x-ms-request-id': '739af217-e01e-001b-1c2c-e38104000000'
    'x-ms-client-request-id': 'a703b542-4f1f-11ed-8784-0242bebc0005'
    'x-ms-version': 'REDACTED'
    'x-ms-content-crc64': 'REDACTED'
    'x-ms-request-server-encrypted': 'REDACTED'
    'Date': 'Tue, 18 Oct 2022 20:01:27 GMT'
[2022-10-18 20:01:28,489] {_universal.py:473} INFO - Request URL: 'https://atacananews.blob.core.windows.net/atacana-blob-container/lung-cancer/clinical-trials/20221018/mk-3475/lung-cancer_clinical-trials_20221018_mk-3475_NCT05508100.json'
Request method: 'PUT'
Request headers:
    'Content-Length': '568'
    'x-ms-blob-type': 'REDACTED'
    'x-ms-version': 'REDACTED'
    'Content-Type': 'application/octet-stream'
    'Accept': 'application/xml'
    'User-Agent': 'azsdk-python-storage-blob/12.13.1 Python/3.8.15 (Linux-5.10.124-linuxkit-aarch64-with-glibc2.17)'
    'x-ms-date': 'REDACTED'
    'x-ms-client-request-id': 'a720f3a0-4f1f-11ed-8784-0242bebc0005'
    'Authorization': 'REDACTED'
A body is sent with the request
[2022-10-18 20:01:28,679] {_universal.py:504} INFO - Response status: 201
Response headers:
    'Content-Length': '0'
    'Content-MD5': 'REDACTED'
    'Last-Modified': 'Tue, 18 Oct 2022 20:01:28 GMT'
    'ETag': '"0x8DAB1438B748F4D"'
    'Server': 'Windows-Azure-Blob/1.0 Microsoft-HTTPAPI/2.0'
    'x-ms-request-id': '739af2f8-e01e-001b-6a2c-e38104000000'
    'x-ms-client-request-id': 'a720f3a0-4f1f-11ed-8784-0242bebc0005'
    'x-ms-version': 'REDACTED'
    'x-ms-content-crc64': 'REDACTED'
    'x-ms-request-server-encrypted': 'REDACTED'
    'Date': 'Tue, 18 Oct 2022 20:01:27 GMT'
[2022-10-18 20:01:28,686] {_universal.py:473} INFO - Request URL: 'https://atacananews.blob.core.windows.net/atacana-blob-container/lung-cancer/clinical-trials/20221018/mk-3475/lung-cancer_clinical-trials_20221018_mk-3475_NCT05547321.json'
Request method: 'PUT'
Request headers:
    'Content-Length': '580'
    'x-ms-blob-type': 'REDACTED'
    'x-ms-version': 'REDACTED'
    'Content-Type': 'application/octet-stream'
    'Accept': 'application/xml'
    'User-Agent': 'azsdk-python-storage-blob/12.13.1 Python/3.8.15 (Linux-5.10.124-linuxkit-aarch64-with-glibc2.17)'
    'x-ms-date': 'REDACTED'
    'x-ms-client-request-id': 'a73f0750-4f1f-11ed-8784-0242bebc0005'
    'Authorization': 'REDACTED'
A body is sent with the request
[2022-10-18 20:01:28,873] {_universal.py:504} INFO - Response status: 201
Response headers:
    'Content-Length': '0'
    'Content-MD5': 'REDACTED'
    'Last-Modified': 'Tue, 18 Oct 2022 20:01:28 GMT'
    'ETag': '"0x8DAB1438B922523"'
    'Server': 'Windows-Azure-Blob/1.0 Microsoft-HTTPAPI/2.0'
    'x-ms-request-id': '739af3c6-e01e-001b-302c-e38104000000'
    'x-ms-client-request-id': 'a73f0750-4f1f-11ed-8784-0242bebc0005'
    'x-ms-version': 'REDACTED'
    'x-ms-content-crc64': 'REDACTED'
    'x-ms-request-server-encrypted': 'REDACTED'
    'Date': 'Tue, 18 Oct 2022 20:01:28 GMT'
[2022-10-18 20:01:28,880] {_universal.py:473} INFO - Request URL: 'https://atacananews.blob.core.windows.net/atacana-blob-container/lung-cancer/clinical-trials/20221018/mk-3475/lung-cancer_clinical-trials_20221018_mk-3475_NCT05462236.json'
Request method: 'PUT'
Request headers:
    'Content-Length': '601'
    'x-ms-blob-type': 'REDACTED'
    'x-ms-version': 'REDACTED'
    'Content-Type': 'application/octet-stream'
    'Accept': 'application/xml'
    'User-Agent': 'azsdk-python-storage-blob/12.13.1 Python/3.8.15 (Linux-5.10.124-linuxkit-aarch64-with-glibc2.17)'
    'x-ms-date': 'REDACTED'
    'x-ms-client-request-id': 'a75ca7b0-4f1f-11ed-8784-0242bebc0005'
    'Authorization': 'REDACTED'
A body is sent with the request
[2022-10-18 20:01:29,078] {_universal.py:504} INFO - Response status: 201
Response headers:
    'Content-Length': '0'
    'Content-MD5': 'REDACTED'
    'Last-Modified': 'Tue, 18 Oct 2022 20:01:29 GMT'
    'ETag': '"0x8DAB1438BB05715"'
    'Server': 'Windows-Azure-Blob/1.0 Microsoft-HTTPAPI/2.0'
    'x-ms-request-id': '739af4d9-e01e-001b-302c-e38104000000'
    'x-ms-client-request-id': 'a75ca7b0-4f1f-11ed-8784-0242bebc0005'
    'x-ms-version': 'REDACTED'
    'x-ms-content-crc64': 'REDACTED'
    'x-ms-request-server-encrypted': 'REDACTED'
    'Date': 'Tue, 18 Oct 2022 20:01:28 GMT'
[2022-10-18 20:01:29,098] {_universal.py:473} INFO - Request URL: 'https://atacananews.blob.core.windows.net/atacana-blob-container/lung-cancer/clinical-trials/20221018/mk-3475/lung-cancer_clinical-trials_20221018_mk-3475_NCT05514990.json'
Request method: 'PUT'
Request headers:
    'Content-Length': '755'
    'x-ms-blob-type': 'REDACTED'
    'x-ms-version': 'REDACTED'
    'Content-Type': 'application/octet-stream'
    'Accept': 'application/xml'
    'User-Agent': 'azsdk-python-storage-blob/12.13.1 Python/3.8.15 (Linux-5.10.124-linuxkit-aarch64-with-glibc2.17)'
    'x-ms-date': 'REDACTED'
    'x-ms-client-request-id': 'a77de0f6-4f1f-11ed-8784-0242bebc0005'
    'Authorization': 'REDACTED'
A body is sent with the request
[2022-10-18 20:01:29,301] {_universal.py:504} INFO - Response status: 201
Response headers:
    'Content-Length': '0'
    'Content-MD5': 'REDACTED'
    'Last-Modified': 'Tue, 18 Oct 2022 20:01:29 GMT'
    'ETag': '"0x8DAB1438BD36A5E"'
    'Server': 'Windows-Azure-Blob/1.0 Microsoft-HTTPAPI/2.0'
    'x-ms-request-id': '739af5a9-e01e-001b-702c-e38104000000'
    'x-ms-client-request-id': 'a77de0f6-4f1f-11ed-8784-0242bebc0005'
    'x-ms-version': 'REDACTED'
    'x-ms-content-crc64': 'REDACTED'
    'x-ms-request-server-encrypted': 'REDACTED'
    'Date': 'Tue, 18 Oct 2022 20:01:28 GMT'
[2022-10-18 20:01:29,305] {_universal.py:473} INFO - Request URL: 'https://atacananews.blob.core.windows.net/atacana-blob-container/lung-cancer/clinical-trials/20221018/mk-3475/lung-cancer_clinical-trials_20221018_mk-3475_NCT05467670.json'
Request method: 'PUT'
Request headers:
    'Content-Length': '654'
    'x-ms-blob-type': 'REDACTED'
    'x-ms-version': 'REDACTED'
    'Content-Type': 'application/octet-stream'
    'Accept': 'application/xml'
    'User-Agent': 'azsdk-python-storage-blob/12.13.1 Python/3.8.15 (Linux-5.10.124-linuxkit-aarch64-with-glibc2.17)'
    'x-ms-date': 'REDACTED'
    'x-ms-client-request-id': 'a79d9568-4f1f-11ed-8784-0242bebc0005'
    'Authorization': 'REDACTED'
A body is sent with the request
[2022-10-18 20:01:29,490] {_universal.py:504} INFO - Response status: 201
Response headers:
    'Content-Length': '0'
    'Content-MD5': 'REDACTED'
    'Last-Modified': 'Tue, 18 Oct 2022 20:01:29 GMT'
    'ETag': '"0x8DAB1438BF08B0F"'
    'Server': 'Windows-Azure-Blob/1.0 Microsoft-HTTPAPI/2.0'
    'x-ms-request-id': '739af660-e01e-001b-1e2c-e38104000000'
    'x-ms-client-request-id': 'a79d9568-4f1f-11ed-8784-0242bebc0005'
    'x-ms-version': 'REDACTED'
    'x-ms-content-crc64': 'REDACTED'
    'x-ms-request-server-encrypted': 'REDACTED'
    'Date': 'Tue, 18 Oct 2022 20:01:28 GMT'
[2022-10-18 20:01:29,493] {_universal.py:473} INFO - Request URL: 'https://atacananews.blob.core.windows.net/atacana-blob-container/lung-cancer/clinical-trials/20221018/mk-3475/lung-cancer_clinical-trials_20221018_mk-3475_NCT05585034.json'
Request method: 'PUT'
Request headers:
    'Content-Length': '928'
    'x-ms-blob-type': 'REDACTED'
    'x-ms-version': 'REDACTED'
    'Content-Type': 'application/octet-stream'
    'Accept': 'application/xml'
    'User-Agent': 'azsdk-python-storage-blob/12.13.1 Python/3.8.15 (Linux-5.10.124-linuxkit-aarch64-with-glibc2.17)'
    'x-ms-date': 'REDACTED'
    'x-ms-client-request-id': 'a7ba3efc-4f1f-11ed-8784-0242bebc0005'
    'Authorization': 'REDACTED'
A body is sent with the request
[2022-10-18 20:01:29,678] {_universal.py:504} INFO - Response status: 201
Response headers:
    'Content-Length': '0'
    'Content-MD5': 'REDACTED'
    'Last-Modified': 'Tue, 18 Oct 2022 20:01:29 GMT'
    'ETag': '"0x8DAB1438C0D36AC"'
    'Server': 'Windows-Azure-Blob/1.0 Microsoft-HTTPAPI/2.0'
    'x-ms-request-id': '739af73c-e01e-001b-6f2c-e38104000000'
    'x-ms-client-request-id': 'a7ba3efc-4f1f-11ed-8784-0242bebc0005'
    'x-ms-version': 'REDACTED'
    'x-ms-content-crc64': 'REDACTED'
    'x-ms-request-server-encrypted': 'REDACTED'
    'Date': 'Tue, 18 Oct 2022 20:01:28 GMT'
[2022-10-18 20:01:29,682] {_universal.py:473} INFO - Request URL: 'https://atacananews.blob.core.windows.net/atacana-blob-container/lung-cancer/clinical-trials/20221018/mk-3475/lung-cancer_clinical-trials_20221018_mk-3475_NCT05514444.json'
Request method: 'PUT'
Request headers:
    'Content-Length': '616'
    'x-ms-blob-type': 'REDACTED'
    'x-ms-version': 'REDACTED'
    'Content-Type': 'application/octet-stream'
    'Accept': 'application/xml'
    'User-Agent': 'azsdk-python-storage-blob/12.13.1 Python/3.8.15 (Linux-5.10.124-linuxkit-aarch64-with-glibc2.17)'
    'x-ms-date': 'REDACTED'
    'x-ms-client-request-id': 'a7d71e0a-4f1f-11ed-8784-0242bebc0005'
    'Authorization': 'REDACTED'
A body is sent with the request
[2022-10-18 20:01:29,879] {_universal.py:504} INFO - Response status: 201
Response headers:
    'Content-Length': '0'
    'Content-MD5': 'REDACTED'
    'Last-Modified': 'Tue, 18 Oct 2022 20:01:29 GMT'
    'ETag': '"0x8DAB1438C2B1A85"'
    'Server': 'Windows-Azure-Blob/1.0 Microsoft-HTTPAPI/2.0'
    'x-ms-request-id': '739af820-e01e-001b-432c-e38104000000'
    'x-ms-client-request-id': 'a7d71e0a-4f1f-11ed-8784-0242bebc0005'
    'x-ms-version': 'REDACTED'
    'x-ms-content-crc64': 'REDACTED'
    'x-ms-request-server-encrypted': 'REDACTED'
    'Date': 'Tue, 18 Oct 2022 20:01:29 GMT'
[2022-10-18 20:01:29,885] {_universal.py:473} INFO - Request URL: 'https://atacananews.blob.core.windows.net/atacana-blob-container/lung-cancer/clinical-trials/20221018/mk-3475/lung-cancer_clinical-trials_20221018_mk-3475_NCT05572684.json'
Request method: 'PUT'
Request headers:
    'Content-Length': '838'
    'x-ms-blob-type': 'REDACTED'
    'x-ms-version': 'REDACTED'
    'Content-Type': 'application/octet-stream'
    'Accept': 'application/xml'
    'User-Agent': 'azsdk-python-storage-blob/12.13.1 Python/3.8.15 (Linux-5.10.124-linuxkit-aarch64-with-glibc2.17)'
    'x-ms-date': 'REDACTED'
    'x-ms-client-request-id': 'a7f60ca2-4f1f-11ed-8784-0242bebc0005'
    'Authorization': 'REDACTED'
A body is sent with the request
[2022-10-18 20:01:30,149] {_universal.py:504} INFO - Response status: 201
Response headers:
    'Content-Length': '0'
    'Content-MD5': 'REDACTED'
    'Last-Modified': 'Tue, 18 Oct 2022 20:01:30 GMT'
    'ETag': '"0x8DAB1438C50EC87"'
    'Server': 'Windows-Azure-Blob/1.0 Microsoft-HTTPAPI/2.0'
    'x-ms-request-id': '739af90e-e01e-001b-202c-e38104000000'
    'x-ms-client-request-id': 'a7f60ca2-4f1f-11ed-8784-0242bebc0005'
    'x-ms-version': 'REDACTED'
    'x-ms-content-crc64': 'REDACTED'
    'x-ms-request-server-encrypted': 'REDACTED'
    'Date': 'Tue, 18 Oct 2022 20:01:29 GMT'
[2022-10-18 20:01:30,163] {_universal.py:473} INFO - Request URL: 'https://atacananews.blob.core.windows.net/atacana-blob-container/lung-cancer/clinical-trials/20221018/mk-3475/lung-cancer_clinical-trials_20221018_mk-3475_NCT05502237.json'
Request method: 'PUT'
Request headers:
    'Content-Length': '793'
    'x-ms-blob-type': 'REDACTED'
    'x-ms-version': 'REDACTED'
    'Content-Type': 'application/octet-stream'
    'Accept': 'application/xml'
    'User-Agent': 'azsdk-python-storage-blob/12.13.1 Python/3.8.15 (Linux-5.10.124-linuxkit-aarch64-with-glibc2.17)'
    'x-ms-date': 'REDACTED'
    'x-ms-client-request-id': 'a8207ec4-4f1f-11ed-8784-0242bebc0005'
    'Authorization': 'REDACTED'
A body is sent with the request
[2022-10-18 20:01:30,354] {_universal.py:504} INFO - Response status: 201
Response headers:
    'Content-Length': '0'
    'Content-MD5': 'REDACTED'
    'Last-Modified': 'Tue, 18 Oct 2022 20:01:30 GMT'
    'ETag': '"0x8DAB1438C7426DC"'
    'Server': 'Windows-Azure-Blob/1.0 Microsoft-HTTPAPI/2.0'
    'x-ms-request-id': '739afa47-e01e-001b-3f2c-e38104000000'
    'x-ms-client-request-id': 'a8207ec4-4f1f-11ed-8784-0242bebc0005'
    'x-ms-version': 'REDACTED'
    'x-ms-content-crc64': 'REDACTED'
    'x-ms-request-server-encrypted': 'REDACTED'
    'Date': 'Tue, 18 Oct 2022 20:01:29 GMT'
[2022-10-18 20:01:30,358] {_universal.py:473} INFO - Request URL: 'https://atacananews.blob.core.windows.net/atacana-blob-container/lung-cancer/clinical-trials/20221018/mk-3475/lung-cancer_clinical-trials_20221018_mk-3475_NCT05469178.json'
Request method: 'PUT'
Request headers:
    'Content-Length': '748'
    'x-ms-blob-type': 'REDACTED'
    'x-ms-version': 'REDACTED'
    'Content-Type': 'application/octet-stream'
    'Accept': 'application/xml'
    'User-Agent': 'azsdk-python-storage-blob/12.13.1 Python/3.8.15 (Linux-5.10.124-linuxkit-aarch64-with-glibc2.17)'
    'x-ms-date': 'REDACTED'
    'x-ms-client-request-id': 'a83e4148-4f1f-11ed-8784-0242bebc0005'
    'Authorization': 'REDACTED'
A body is sent with the request
[2022-10-18 20:01:30,542] {_universal.py:504} INFO - Response status: 201
Response headers:
    'Content-Length': '0'
    'Content-MD5': 'REDACTED'
    'Last-Modified': 'Tue, 18 Oct 2022 20:01:30 GMT'
    'ETag': '"0x8DAB1438C914786"'
    'Server': 'Windows-Azure-Blob/1.0 Microsoft-HTTPAPI/2.0'
    'x-ms-request-id': '739afb22-e01e-001b-112c-e38104000000'
    'x-ms-client-request-id': 'a83e4148-4f1f-11ed-8784-0242bebc0005'
    'x-ms-version': 'REDACTED'
    'x-ms-content-crc64': 'REDACTED'
    'x-ms-request-server-encrypted': 'REDACTED'
    'Date': 'Tue, 18 Oct 2022 20:01:29 GMT'
[2022-10-18 20:01:30,546] {_universal.py:473} INFO - Request URL: 'https://atacananews.blob.core.windows.net/atacana-blob-container/lung-cancer/clinical-trials/20221018/mk-3475/lung-cancer_clinical-trials_20221018_mk-3475_NCT05537740.json'
Request method: 'PUT'
Request headers:
    'Content-Length': '731'
    'x-ms-blob-type': 'REDACTED'
    'x-ms-version': 'REDACTED'
    'Content-Type': 'application/octet-stream'
    'Accept': 'application/xml'
    'User-Agent': 'azsdk-python-storage-blob/12.13.1 Python/3.8.15 (Linux-5.10.124-linuxkit-aarch64-with-glibc2.17)'
    'x-ms-date': 'REDACTED'
    'x-ms-client-request-id': 'a85af202-4f1f-11ed-8784-0242bebc0005'
    'Authorization': 'REDACTED'
A body is sent with the request
[2022-10-18 20:01:30,734] {_universal.py:504} INFO - Response status: 201
Response headers:
    'Content-Length': '0'
    'Content-MD5': 'REDACTED'
    'Last-Modified': 'Tue, 18 Oct 2022 20:01:30 GMT'
    'ETag': '"0x8DAB1438CAE683B"'
    'Server': 'Windows-Azure-Blob/1.0 Microsoft-HTTPAPI/2.0'
    'x-ms-request-id': '739afbf6-e01e-001b-4e2c-e38104000000'
    'x-ms-client-request-id': 'a85af202-4f1f-11ed-8784-0242bebc0005'
    'x-ms-version': 'REDACTED'
    'x-ms-content-crc64': 'REDACTED'
    'x-ms-request-server-encrypted': 'REDACTED'
    'Date': 'Tue, 18 Oct 2022 20:01:29 GMT'
[2022-10-18 20:01:30,737] {_universal.py:473} INFO - Request URL: 'https://atacananews.blob.core.windows.net/atacana-blob-container/lung-cancer/clinical-trials/20221018/mk-3475/lung-cancer_clinical-trials_20221018_mk-3475_NCT05512182.json'
Request method: 'PUT'
Request headers:
    'Content-Length': '727'
    'x-ms-blob-type': 'REDACTED'
    'x-ms-version': 'REDACTED'
    'Content-Type': 'application/octet-stream'
    'Accept': 'application/xml'
    'User-Agent': 'azsdk-python-storage-blob/12.13.1 Python/3.8.15 (Linux-5.10.124-linuxkit-aarch64-with-glibc2.17)'
    'x-ms-date': 'REDACTED'
    'x-ms-client-request-id': 'a877fb72-4f1f-11ed-8784-0242bebc0005'
    'Authorization': 'REDACTED'
A body is sent with the request
[2022-10-18 20:01:30,926] {_universal.py:504} INFO - Response status: 201
Response headers:
    'Content-Length': '0'
    'Content-MD5': 'REDACTED'
    'Last-Modified': 'Tue, 18 Oct 2022 20:01:30 GMT'
    'ETag': '"0x8DAB1438CCB61E0"'
    'Server': 'Windows-Azure-Blob/1.0 Microsoft-HTTPAPI/2.0'
    'x-ms-request-id': '739afcbb-e01e-001b-022c-e38104000000'
    'x-ms-client-request-id': 'a877fb72-4f1f-11ed-8784-0242bebc0005'
    'x-ms-version': 'REDACTED'
    'x-ms-content-crc64': 'REDACTED'
    'x-ms-request-server-encrypted': 'REDACTED'
    'Date': 'Tue, 18 Oct 2022 20:01:30 GMT'
[2022-10-18 20:01:30,931] {_universal.py:473} INFO - Request URL: 'https://atacananews.blob.core.windows.net/atacana-blob-container/lung-cancer/clinical-trials/20221018/mk-3475/lung-cancer_clinical-trials_20221018_mk-3475_NCT05462496.json'
Request method: 'PUT'
Request headers:
    'Content-Length': '683'
    'x-ms-blob-type': 'REDACTED'
    'x-ms-version': 'REDACTED'
    'Content-Type': 'application/octet-stream'
    'Accept': 'application/xml'
    'User-Agent': 'azsdk-python-storage-blob/12.13.1 Python/3.8.15 (Linux-5.10.124-linuxkit-aarch64-with-glibc2.17)'
    'x-ms-date': 'REDACTED'
    'x-ms-client-request-id': 'a8959ac4-4f1f-11ed-8784-0242bebc0005'
    'Authorization': 'REDACTED'
A body is sent with the request
[2022-10-18 20:01:31,116] {_universal.py:504} INFO - Response status: 201
Response headers:
    'Content-Length': '0'
    'Content-MD5': 'REDACTED'
    'Last-Modified': 'Tue, 18 Oct 2022 20:01:31 GMT'
    'ETag': '"0x8DAB1438CE88292"'
    'Server': 'Windows-Azure-Blob/1.0 Microsoft-HTTPAPI/2.0'
    'x-ms-request-id': '739afd8d-e01e-001b-3f2c-e38104000000'
    'x-ms-client-request-id': 'a8959ac4-4f1f-11ed-8784-0242bebc0005'
    'x-ms-version': 'REDACTED'
    'x-ms-content-crc64': 'REDACTED'
    'x-ms-request-server-encrypted': 'REDACTED'
    'Date': 'Tue, 18 Oct 2022 20:01:30 GMT'
[2022-10-18 20:01:31,122] {_universal.py:473} INFO - Request URL: 'https://atacananews.blob.core.windows.net/atacana-blob-container/lung-cancer/clinical-trials/20221018/mk-3475/lung-cancer_clinical-trials_20221018_mk-3475_NCT05501665.json'
Request method: 'PUT'
Request headers:
    'Content-Length': '981'
    'x-ms-blob-type': 'REDACTED'
    'x-ms-version': 'REDACTED'
    'Content-Type': 'application/octet-stream'
    'Accept': 'application/xml'
    'User-Agent': 'azsdk-python-storage-blob/12.13.1 Python/3.8.15 (Linux-5.10.124-linuxkit-aarch64-with-glibc2.17)'
    'x-ms-date': 'REDACTED'
    'x-ms-client-request-id': 'a8b2bec4-4f1f-11ed-8784-0242bebc0005'
    'Authorization': 'REDACTED'
A body is sent with the request
[2022-10-18 20:01:31,318] {_universal.py:504} INFO - Response status: 201
Response headers:
    'Content-Length': '0'
    'Content-MD5': 'REDACTED'
    'Last-Modified': 'Tue, 18 Oct 2022 20:01:31 GMT'
    'ETag': '"0x8DAB1438D0729AA"'
    'Server': 'Windows-Azure-Blob/1.0 Microsoft-HTTPAPI/2.0'
    'x-ms-request-id': '739afe79-e01e-001b-132c-e38104000000'
    'x-ms-client-request-id': 'a8b2bec4-4f1f-11ed-8784-0242bebc0005'
    'x-ms-version': 'REDACTED'
    'x-ms-content-crc64': 'REDACTED'
    'x-ms-request-server-encrypted': 'REDACTED'
    'Date': 'Tue, 18 Oct 2022 20:01:30 GMT'
[2022-10-18 20:01:31,324] {_universal.py:473} INFO - Request URL: 'https://atacananews.blob.core.windows.net/atacana-blob-container/lung-cancer/clinical-trials/20221018/mk-3475/lung-cancer_clinical-trials_20221018_mk-3475_NCT05507541.json'
Request method: 'PUT'
Request headers:
    'Content-Length': '2748'
    'x-ms-blob-type': 'REDACTED'
    'x-ms-version': 'REDACTED'
    'Content-Type': 'application/octet-stream'
    'Accept': 'application/xml'
    'User-Agent': 'azsdk-python-storage-blob/12.13.1 Python/3.8.15 (Linux-5.10.124-linuxkit-aarch64-with-glibc2.17)'
    'x-ms-date': 'REDACTED'
    'x-ms-client-request-id': 'a8d187fa-4f1f-11ed-8784-0242bebc0005'
    'Authorization': 'REDACTED'
A body is sent with the request
[2022-10-18 20:01:31,859] {_universal.py:504} INFO - Response status: 201
Response headers:
    'Content-Length': '0'
    'Content-MD5': 'REDACTED'
    'Last-Modified': 'Tue, 18 Oct 2022 20:01:31 GMT'
    'ETag': '"0x8DAB1438D59836B"'
    'Server': 'Windows-Azure-Blob/1.0 Microsoft-HTTPAPI/2.0'
    'x-ms-request-id': '739aff4a-e01e-001b-522c-e38104000000'
    'x-ms-client-request-id': 'a8d187fa-4f1f-11ed-8784-0242bebc0005'
    'x-ms-version': 'REDACTED'
    'x-ms-content-crc64': 'REDACTED'
    'x-ms-request-server-encrypted': 'REDACTED'
    'Date': 'Tue, 18 Oct 2022 20:01:31 GMT'
[2022-10-18 20:01:31,864] {_universal.py:473} INFO - Request URL: 'https://atacananews.blob.core.windows.net/atacana-blob-container/lung-cancer/clinical-trials/20221018/mk-3475/lung-cancer_clinical-trials_20221018_mk-3475_NCT05549297.json'
Request method: 'PUT'
Request headers:
    'Content-Length': '598'
    'x-ms-blob-type': 'REDACTED'
    'x-ms-version': 'REDACTED'
    'Content-Type': 'application/octet-stream'
    'Accept': 'application/xml'
    'User-Agent': 'azsdk-python-storage-blob/12.13.1 Python/3.8.15 (Linux-5.10.124-linuxkit-aarch64-with-glibc2.17)'
    'x-ms-date': 'REDACTED'
    'x-ms-client-request-id': 'a9240822-4f1f-11ed-8784-0242bebc0005'
    'Authorization': 'REDACTED'
A body is sent with the request
[2022-10-18 20:01:32,050] {_universal.py:504} INFO - Response status: 201
Response headers:
    'Content-Length': '0'
    'Content-MD5': 'REDACTED'
    'Last-Modified': 'Tue, 18 Oct 2022 20:01:32 GMT'
    'ETag': '"0x8DAB1438D776764"'
    'Server': 'Windows-Azure-Blob/1.0 Microsoft-HTTPAPI/2.0'
    'x-ms-request-id': '739b0170-e01e-001b-4a2c-e38104000000'
    'x-ms-client-request-id': 'a9240822-4f1f-11ed-8784-0242bebc0005'
    'x-ms-version': 'REDACTED'
    'x-ms-content-crc64': 'REDACTED'
    'x-ms-request-server-encrypted': 'REDACTED'
    'Date': 'Tue, 18 Oct 2022 20:01:31 GMT'
[2022-10-18 20:01:32,054] {_universal.py:473} INFO - Request URL: 'https://atacananews.blob.core.windows.net/atacana-blob-container/lung-cancer/clinical-trials/20221018/mk-3475/lung-cancer_clinical-trials_20221018_mk-3475_NCT05568550.json'
Request method: 'PUT'
Request headers:
    'Content-Length': '594'
    'x-ms-blob-type': 'REDACTED'
    'x-ms-version': 'REDACTED'
    'Content-Type': 'application/octet-stream'
    'Accept': 'application/xml'
    'User-Agent': 'azsdk-python-storage-blob/12.13.1 Python/3.8.15 (Linux-5.10.124-linuxkit-aarch64-with-glibc2.17)'
    'x-ms-date': 'REDACTED'
    'x-ms-client-request-id': 'a940f8c4-4f1f-11ed-8784-0242bebc0005'
    'Authorization': 'REDACTED'
A body is sent with the request
[2022-10-18 20:01:32,245] {_universal.py:504} INFO - Response status: 201
Response headers:
    'Content-Length': '0'
    'Content-MD5': 'REDACTED'
    'Last-Modified': 'Tue, 18 Oct 2022 20:01:32 GMT'
    'ETag': '"0x8DAB1438D9412E6"'
    'Server': 'Windows-Azure-Blob/1.0 Microsoft-HTTPAPI/2.0'
    'x-ms-request-id': '739b0236-e01e-001b-772c-e38104000000'
    'x-ms-client-request-id': 'a940f8c4-4f1f-11ed-8784-0242bebc0005'
    'x-ms-version': 'REDACTED'
    'x-ms-content-crc64': 'REDACTED'
    'x-ms-request-server-encrypted': 'REDACTED'
    'Date': 'Tue, 18 Oct 2022 20:01:31 GMT'
[2022-10-18 20:01:32,247] {_universal.py:473} INFO - Request URL: 'https://atacananews.blob.core.windows.net/atacana-blob-container/lung-cancer/clinical-trials/20221018/mk-3475/lung-cancer_clinical-trials_20221018_mk-3475_NCT05463848.json'
Request method: 'PUT'
Request headers:
    'Content-Length': '568'
    'x-ms-blob-type': 'REDACTED'
    'x-ms-version': 'REDACTED'
    'Content-Type': 'application/octet-stream'
    'Accept': 'application/xml'
    'User-Agent': 'azsdk-python-storage-blob/12.13.1 Python/3.8.15 (Linux-5.10.124-linuxkit-aarch64-with-glibc2.17)'
    'x-ms-date': 'REDACTED'
    'x-ms-client-request-id': 'a95e7dfe-4f1f-11ed-8784-0242bebc0005'
    'Authorization': 'REDACTED'
A body is sent with the request
[2022-10-18 20:01:32,435] {_universal.py:504} INFO - Response status: 201
Response headers:
    'Content-Length': '0'
    'Content-MD5': 'REDACTED'
    'Last-Modified': 'Tue, 18 Oct 2022 20:01:32 GMT'
    'ETag': '"0x8DAB1438DB181B5"'
    'Server': 'Windows-Azure-Blob/1.0 Microsoft-HTTPAPI/2.0'
    'x-ms-request-id': '739b0308-e01e-001b-2a2c-e38104000000'
    'x-ms-client-request-id': 'a95e7dfe-4f1f-11ed-8784-0242bebc0005'
    'x-ms-version': 'REDACTED'
    'x-ms-content-crc64': 'REDACTED'
    'x-ms-request-server-encrypted': 'REDACTED'
    'Date': 'Tue, 18 Oct 2022 20:01:31 GMT'
[2022-10-18 20:01:32,438] {_universal.py:473} INFO - Request URL: 'https://atacananews.blob.core.windows.net/atacana-blob-container/lung-cancer/clinical-trials/20221018/mk-3475/lung-cancer_clinical-trials_20221018_mk-3475_NCT05485766.json'
Request method: 'PUT'
Request headers:
    'Content-Length': '829'
    'x-ms-blob-type': 'REDACTED'
    'x-ms-version': 'REDACTED'
    'Content-Type': 'application/octet-stream'
    'Accept': 'application/xml'
    'User-Agent': 'azsdk-python-storage-blob/12.13.1 Python/3.8.15 (Linux-5.10.124-linuxkit-aarch64-with-glibc2.17)'
    'x-ms-date': 'REDACTED'
    'x-ms-client-request-id': 'a97b93bc-4f1f-11ed-8784-0242bebc0005'
    'Authorization': 'REDACTED'
A body is sent with the request
[2022-10-18 20:01:32,674] {_universal.py:504} INFO - Response status: 201
Response headers:
    'Content-Length': '0'
    'Content-MD5': 'REDACTED'
    'Last-Modified': 'Tue, 18 Oct 2022 20:01:32 GMT'
    'ETag': '"0x8DAB1438DD61B59"'
    'Server': 'Windows-Azure-Blob/1.0 Microsoft-HTTPAPI/2.0'
    'x-ms-request-id': '739b03d9-e01e-001b-5b2c-e38104000000'
    'x-ms-client-request-id': 'a97b93bc-4f1f-11ed-8784-0242bebc0005'
    'x-ms-version': 'REDACTED'
    'x-ms-content-crc64': 'REDACTED'
    'x-ms-request-server-encrypted': 'REDACTED'
    'Date': 'Tue, 18 Oct 2022 20:01:31 GMT'
[2022-10-18 20:01:32,678] {_universal.py:473} INFO - Request URL: 'https://atacananews.blob.core.windows.net/atacana-blob-container/lung-cancer/clinical-trials/20221018/mk-3475/lung-cancer_clinical-trials_20221018_mk-3475_NCT05499390.json'
Request method: 'PUT'
Request headers:
    'Content-Length': '500'
    'x-ms-blob-type': 'REDACTED'
    'x-ms-version': 'REDACTED'
    'Content-Type': 'application/octet-stream'
    'Accept': 'application/xml'
    'User-Agent': 'azsdk-python-storage-blob/12.13.1 Python/3.8.15 (Linux-5.10.124-linuxkit-aarch64-with-glibc2.17)'
    'x-ms-date': 'REDACTED'
    'x-ms-client-request-id': 'a9a0306e-4f1f-11ed-8784-0242bebc0005'
    'Authorization': 'REDACTED'
A body is sent with the request
[2022-10-18 20:01:32,878] {_universal.py:504} INFO - Response status: 201
Response headers:
    'Content-Length': '0'
    'Content-MD5': 'REDACTED'
    'Last-Modified': 'Tue, 18 Oct 2022 20:01:32 GMT'
    'ETag': '"0x8DAB1438DF3FF46"'
    'Server': 'Windows-Azure-Blob/1.0 Microsoft-HTTPAPI/2.0'
    'x-ms-request-id': '739b04ce-e01e-001b-152c-e38104000000'
    'x-ms-client-request-id': 'a9a0306e-4f1f-11ed-8784-0242bebc0005'
    'x-ms-version': 'REDACTED'
    'x-ms-content-crc64': 'REDACTED'
    'x-ms-request-server-encrypted': 'REDACTED'
    'Date': 'Tue, 18 Oct 2022 20:01:32 GMT'
[2022-10-18 20:01:32,882] {_universal.py:473} INFO - Request URL: 'https://atacananews.blob.core.windows.net/atacana-blob-container/lung-cancer/clinical-trials/20221018/mk-3475/lung-cancer_clinical-trials_20221018_mk-3475_NCT05492682.json'
Request method: 'PUT'
Request headers:
    'Content-Length': '621'
    'x-ms-blob-type': 'REDACTED'
    'x-ms-version': 'REDACTED'
    'Content-Type': 'application/octet-stream'
    'Accept': 'application/xml'
    'User-Agent': 'azsdk-python-storage-blob/12.13.1 Python/3.8.15 (Linux-5.10.124-linuxkit-aarch64-with-glibc2.17)'
    'x-ms-date': 'REDACTED'
    'x-ms-client-request-id': 'a9bf55ac-4f1f-11ed-8784-0242bebc0005'
    'Authorization': 'REDACTED'
A body is sent with the request
[2022-10-18 20:01:33,086] {_universal.py:504} INFO - Response status: 201
Response headers:
    'Content-Length': '0'
    'Content-MD5': 'REDACTED'
    'Last-Modified': 'Tue, 18 Oct 2022 20:01:33 GMT'
    'ETag': '"0x8DAB1438E136987"'
    'Server': 'Windows-Azure-Blob/1.0 Microsoft-HTTPAPI/2.0'
    'x-ms-request-id': '739b057e-e01e-001b-3a2c-e38104000000'
    'x-ms-client-request-id': 'a9bf55ac-4f1f-11ed-8784-0242bebc0005'
    'x-ms-version': 'REDACTED'
    'x-ms-content-crc64': 'REDACTED'
    'x-ms-request-server-encrypted': 'REDACTED'
    'Date': 'Tue, 18 Oct 2022 20:01:32 GMT'
[2022-10-18 20:01:33,089] {_universal.py:473} INFO - Request URL: 'https://atacananews.blob.core.windows.net/atacana-blob-container/lung-cancer/clinical-trials/20221018/mk-3475/lung-cancer_clinical-trials_20221018_mk-3475_NCT05509985.json'
Request method: 'PUT'
Request headers:
    'Content-Length': '553'
    'x-ms-blob-type': 'REDACTED'
    'x-ms-version': 'REDACTED'
    'Content-Type': 'application/octet-stream'
    'Accept': 'application/xml'
    'User-Agent': 'azsdk-python-storage-blob/12.13.1 Python/3.8.15 (Linux-5.10.124-linuxkit-aarch64-with-glibc2.17)'
    'x-ms-date': 'REDACTED'
    'x-ms-client-request-id': 'a9deeea8-4f1f-11ed-8784-0242bebc0005'
    'Authorization': 'REDACTED'
A body is sent with the request
[2022-10-18 20:01:33,276] {_universal.py:504} INFO - Response status: 201
Response headers:
    'Content-Length': '0'
    'Content-MD5': 'REDACTED'
    'Last-Modified': 'Tue, 18 Oct 2022 20:01:33 GMT'
    'ETag': '"0x8DAB1438E3210A6"'
    'Server': 'Windows-Azure-Blob/1.0 Microsoft-HTTPAPI/2.0'
    'x-ms-request-id': '739b0668-e01e-001b-0a2c-e38104000000'
    'x-ms-client-request-id': 'a9deeea8-4f1f-11ed-8784-0242bebc0005'
    'x-ms-version': 'REDACTED'
    'x-ms-content-crc64': 'REDACTED'
    'x-ms-request-server-encrypted': 'REDACTED'
    'Date': 'Tue, 18 Oct 2022 20:01:32 GMT'
[2022-10-18 20:01:33,279] {_universal.py:473} INFO - Request URL: 'https://atacananews.blob.core.windows.net/atacana-blob-container/lung-cancer/clinical-trials/20221018/mk-3475/lung-cancer_clinical-trials_20221018_mk-3475_NCT05501821.json'
Request method: 'PUT'
Request headers:
    'Content-Length': '536'
    'x-ms-blob-type': 'REDACTED'
    'x-ms-version': 'REDACTED'
    'Content-Type': 'application/octet-stream'
    'Accept': 'application/xml'
    'User-Agent': 'azsdk-python-storage-blob/12.13.1 Python/3.8.15 (Linux-5.10.124-linuxkit-aarch64-with-glibc2.17)'
    'x-ms-date': 'REDACTED'
    'x-ms-client-request-id': 'a9fbefd0-4f1f-11ed-8784-0242bebc0005'
    'Authorization': 'REDACTED'
A body is sent with the request
[2022-10-18 20:01:33,467] {_universal.py:504} INFO - Response status: 201
Response headers:
    'Content-Length': '0'
    'Content-MD5': 'REDACTED'
    'Last-Modified': 'Tue, 18 Oct 2022 20:01:33 GMT'
    'ETag': '"0x8DAB1438E4F586C"'
    'Server': 'Windows-Azure-Blob/1.0 Microsoft-HTTPAPI/2.0'
    'x-ms-request-id': '739b0733-e01e-001b-352c-e38104000000'
    'x-ms-client-request-id': 'a9fbefd0-4f1f-11ed-8784-0242bebc0005'
    'x-ms-version': 'REDACTED'
    'x-ms-content-crc64': 'REDACTED'
    'x-ms-request-server-encrypted': 'REDACTED'
    'Date': 'Tue, 18 Oct 2022 20:01:32 GMT'
[2022-10-18 20:01:33,472] {_universal.py:473} INFO - Request URL: 'https://atacananews.blob.core.windows.net/atacana-blob-container/lung-cancer/clinical-trials/20221018/mk-3475/lung-cancer_clinical-trials_20221018_mk-3475_NCT05491226.json'
Request method: 'PUT'
Request headers:
    'Content-Length': '663'
    'x-ms-blob-type': 'REDACTED'
    'x-ms-version': 'REDACTED'
    'Content-Type': 'application/octet-stream'
    'Accept': 'application/xml'
    'User-Agent': 'azsdk-python-storage-blob/12.13.1 Python/3.8.15 (Linux-5.10.124-linuxkit-aarch64-with-glibc2.17)'
    'x-ms-date': 'REDACTED'
    'x-ms-client-request-id': 'aa194f94-4f1f-11ed-8784-0242bebc0005'
    'Authorization': 'REDACTED'
A body is sent with the request
[2022-10-18 20:01:33,664] {_universal.py:504} INFO - Response status: 201
Response headers:
    'Content-Length': '0'
    'Content-MD5': 'REDACTED'
    'Last-Modified': 'Tue, 18 Oct 2022 20:01:33 GMT'
    'ETag': '"0x8DAB1438E6D3C55"'
    'Server': 'Windows-Azure-Blob/1.0 Microsoft-HTTPAPI/2.0'
    'x-ms-request-id': '739b0824-e01e-001b-052c-e38104000000'
    'x-ms-client-request-id': 'aa194f94-4f1f-11ed-8784-0242bebc0005'
    'x-ms-version': 'REDACTED'
    'x-ms-content-crc64': 'REDACTED'
    'x-ms-request-server-encrypted': 'REDACTED'
    'Date': 'Tue, 18 Oct 2022 20:01:32 GMT'
[2022-10-18 20:01:33,681] {_universal.py:473} INFO - Request URL: 'https://atacananews.blob.core.windows.net/atacana-blob-container/lung-cancer/clinical-trials/20221018/mk-3475/lung-cancer_clinical-trials_20221018_mk-3475_NCT05533697.json'
Request method: 'PUT'
Request headers:
    'Content-Length': '591'
    'x-ms-blob-type': 'REDACTED'
    'x-ms-version': 'REDACTED'
    'Content-Type': 'application/octet-stream'
    'Accept': 'application/xml'
    'User-Agent': 'azsdk-python-storage-blob/12.13.1 Python/3.8.15 (Linux-5.10.124-linuxkit-aarch64-with-glibc2.17)'
    'x-ms-date': 'REDACTED'
    'x-ms-client-request-id': 'aa393b6a-4f1f-11ed-8784-0242bebc0005'
    'Authorization': 'REDACTED'
A body is sent with the request
[2022-10-18 20:01:33,924] {_universal.py:504} INFO - Response status: 201
Response headers:
    'Content-Length': '0'
    'Content-MD5': 'REDACTED'
    'Last-Modified': 'Tue, 18 Oct 2022 20:01:33 GMT'
    'ETag': '"0x8DAB1438E941F9A"'
    'Server': 'Windows-Azure-Blob/1.0 Microsoft-HTTPAPI/2.0'
    'x-ms-request-id': '739b08e9-e01e-001b-3d2c-e38104000000'
    'x-ms-client-request-id': 'aa393b6a-4f1f-11ed-8784-0242bebc0005'
    'x-ms-version': 'REDACTED'
    'x-ms-content-crc64': 'REDACTED'
    'x-ms-request-server-encrypted': 'REDACTED'
    'Date': 'Tue, 18 Oct 2022 20:01:33 GMT'
[2022-10-18 20:01:33,935] {_universal.py:473} INFO - Request URL: 'https://atacananews.blob.core.windows.net/atacana-blob-container/lung-cancer/clinical-trials/20221018/mk-3475/lung-cancer_clinical-trials_20221018_mk-3475_NCT05565378.json'
Request method: 'PUT'
Request headers:
    'Content-Length': '656'
    'x-ms-blob-type': 'REDACTED'
    'x-ms-version': 'REDACTED'
    'Content-Type': 'application/octet-stream'
    'Accept': 'application/xml'
    'User-Agent': 'azsdk-python-storage-blob/12.13.1 Python/3.8.15 (Linux-5.10.124-linuxkit-aarch64-with-glibc2.17)'
    'x-ms-date': 'REDACTED'
    'x-ms-client-request-id': 'aa5fe544-4f1f-11ed-8784-0242bebc0005'
    'Authorization': 'REDACTED'
A body is sent with the request
[2022-10-18 20:01:34,130] {_universal.py:504} INFO - Response status: 201
Response headers:
    'Content-Length': '0'
    'Content-MD5': 'REDACTED'
    'Last-Modified': 'Tue, 18 Oct 2022 20:01:34 GMT'
    'ETag': '"0x8DAB1438EB3FF00"'
    'Server': 'Windows-Azure-Blob/1.0 Microsoft-HTTPAPI/2.0'
    'x-ms-request-id': '739b09f1-e01e-001b-302c-e38104000000'
    'x-ms-client-request-id': 'aa5fe544-4f1f-11ed-8784-0242bebc0005'
    'x-ms-version': 'REDACTED'
    'x-ms-content-crc64': 'REDACTED'
    'x-ms-request-server-encrypted': 'REDACTED'
    'Date': 'Tue, 18 Oct 2022 20:01:33 GMT'
[2022-10-18 20:01:34,132] {python.py:173} INFO - Done. Returned value was: None
[2022-10-18 20:01:34,142] {taskinstance.py:1395} INFO - Marking task as SUCCESS. dag_id=clinical_trials__lung_cancer__etl__20220109, task_id=load_data_to_blob_storage_task, map_index=31, execution_date=20221018T180000, start_date=20221018T200122, end_date=20221018T200134
[2022-10-18 20:01:34,181] {local_task_job.py:156} INFO - Task exited with return code 0
[2022-10-18 20:01:34,209] {local_task_job.py:273} INFO - 0 downstream tasks scheduled from follow-on schedule check
