[2022-10-18 22:05:30,219] {taskinstance.py:1159} INFO - Dependencies all met for <TaskInstance: clinical_trials__lung_cancer__etl__20220109.load_data_to_mongodb_task scheduled__2022-10-18T20:00:00+00:00 map_index=62 [queued]>
[2022-10-18 22:05:30,229] {taskinstance.py:1159} INFO - Dependencies all met for <TaskInstance: clinical_trials__lung_cancer__etl__20220109.load_data_to_mongodb_task scheduled__2022-10-18T20:00:00+00:00 map_index=62 [queued]>
[2022-10-18 22:05:30,230] {taskinstance.py:1356} INFO - 
--------------------------------------------------------------------------------
[2022-10-18 22:05:30,231] {taskinstance.py:1357} INFO - Starting attempt 1 of 1
[2022-10-18 22:05:30,232] {taskinstance.py:1358} INFO - 
--------------------------------------------------------------------------------
[2022-10-18 22:05:30,239] {taskinstance.py:1377} INFO - Executing <Mapped(_PythonDecoratedOperator): load_data_to_mongodb_task> on 2022-10-18 20:00:00+00:00
[2022-10-18 22:05:30,245] {standard_task_runner.py:52} INFO - Started process 7107 to run task
[2022-10-18 22:05:30,247] {standard_task_runner.py:79} INFO - Running: ['airflow', 'tasks', 'run', 'clinical_trials__lung_cancer__etl__20220109', 'load_data_to_mongodb_task', 'scheduled__2022-10-18T20:00:00+00:00', '--job-id', '902', '--raw', '--subdir', 'DAGS_FOLDER/process_news_dags.py', '--cfg-path', '/tmp/tmp9bhoghvy', '--map-index', '62', '--error-file', '/tmp/tmplas1sr1p']
[2022-10-18 22:05:30,248] {standard_task_runner.py:80} INFO - Job 902: Subtask load_data_to_mongodb_task
[2022-10-18 22:05:30,259] {logging_mixin.py:115} WARNING - /root/.cache/pypoetry/virtualenvs/***-tXitOD5F-py3.8/lib/python3.8/site-packages/airflow/configuration.py:525 DeprecationWarning: The sql_alchemy_conn option in [core] has been moved to the sql_alchemy_conn option in [database] - the old setting has been used, but please update your config.
[2022-10-18 22:05:30,288] {task_command.py:370} INFO - Running <TaskInstance: clinical_trials__lung_cancer__etl__20220109.load_data_to_mongodb_task scheduled__2022-10-18T20:00:00+00:00 map_index=62 [running]> on host 6cdf6d517dc4
[2022-10-18 22:05:30,331] {taskinstance.py:1569} INFO - Exporting the following env vars:
AIRFLOW_CTX_DAG_EMAIL=wais@datakimia.com,david@datakimia.com,juanm@datakimia.com,tomas@datakimia.com
AIRFLOW_CTX_DAG_OWNER=atacana
AIRFLOW_CTX_DAG_ID=clinical_trials__lung_cancer__etl__20220109
AIRFLOW_CTX_TASK_ID=load_data_to_mongodb_task
AIRFLOW_CTX_EXECUTION_DATE=2022-10-18T20:00:00+00:00
AIRFLOW_CTX_TRY_NUMBER=1
AIRFLOW_CTX_DAG_RUN_ID=scheduled__2022-10-18T20:00:00+00:00
[2022-10-18 22:05:30,333] {process_news_dag_factory.py:128} INFO - Going to load data from clinical_trials about topic Small cell lung cancer
[2022-10-18 22:05:30,353] {db_helpers.py:35} INFO - Connected successfully!!!
[2022-10-18 22:05:30,358] {_universal.py:476} INFO - Request URL: 'https://atacananews.blob.core.windows.net/atacana-blob-container?restype=REDACTED&comp=REDACTED&prefix=REDACTED&delimiter=REDACTED'
Request method: 'GET'
Request headers:
    'x-ms-version': 'REDACTED'
    'Accept': 'application/xml'
    'User-Agent': 'azsdk-python-storage-blob/12.13.1 Python/3.8.15 (Linux-5.10.124-linuxkit-aarch64-with-glibc2.17)'
    'x-ms-date': 'REDACTED'
    'x-ms-client-request-id': 'fad41caa-4f30-11ed-896c-0242bebc0005'
    'Authorization': 'REDACTED'
No body was attached to the request
[2022-10-18 22:05:31,266] {_universal.py:504} INFO - Response status: 200
Response headers:
    'Transfer-Encoding': 'chunked'
    'Content-Type': 'application/xml'
    'Server': 'Windows-Azure-Blob/1.0 Microsoft-HTTPAPI/2.0'
    'x-ms-request-id': '8d5f50c4-001e-0013-5d3d-e39b0b000000'
    'x-ms-client-request-id': 'fad41caa-4f30-11ed-896c-0242bebc0005'
    'x-ms-version': 'REDACTED'
    'Date': 'Tue, 18 Oct 2022 22:05:30 GMT'
[2022-10-18 22:05:31,279] {_universal.py:476} INFO - Request URL: 'https://atacananews.blob.core.windows.net/atacana-blob-container/lung-cancer/clinical-trials/20221018/small-cell-lung-cancer/lung-cancer_clinical-trials_20221018_small-cell-lung-cancer_NCT05450965.json'
Request method: 'GET'
Request headers:
    'x-ms-range': 'REDACTED'
    'x-ms-version': 'REDACTED'
    'Accept': 'application/xml'
    'User-Agent': 'azsdk-python-storage-blob/12.13.1 Python/3.8.15 (Linux-5.10.124-linuxkit-aarch64-with-glibc2.17)'
    'x-ms-date': 'REDACTED'
    'x-ms-client-request-id': 'fb6095d6-4f30-11ed-896c-0242bebc0005'
    'Authorization': 'REDACTED'
No body was attached to the request
[2022-10-18 22:05:31,471] {_universal.py:504} INFO - Response status: 206
Response headers:
    'Content-Length': '620'
    'Content-Type': 'application/octet-stream'
    'Content-Range': 'REDACTED'
    'Last-Modified': 'Tue, 18 Oct 2022 22:03:51 GMT'
    'Accept-Ranges': 'REDACTED'
    'ETag': '"0x8DAB154A4108F49"'
    'Server': 'Windows-Azure-Blob/1.0 Microsoft-HTTPAPI/2.0'
    'x-ms-request-id': '8d5f5273-001e-0013-7c3d-e39b0b000000'
    'x-ms-client-request-id': 'fb6095d6-4f30-11ed-896c-0242bebc0005'
    'x-ms-version': 'REDACTED'
    'x-ms-creation-time': 'REDACTED'
    'x-ms-blob-content-md5': 'REDACTED'
    'x-ms-lease-status': 'REDACTED'
    'x-ms-lease-state': 'REDACTED'
    'x-ms-blob-type': 'REDACTED'
    'x-ms-server-encrypted': 'REDACTED'
    'Date': 'Tue, 18 Oct 2022 22:05:30 GMT'
[2022-10-18 22:05:31,492] {logging_mixin.py:115} INFO - <class 'pandas.core.frame.DataFrame'>
RangeIndex: 1 entries, 0 to 0
Data columns (total 13 columns):
 #   Column            Non-Null Count  Dtype 
---  ------            --------------  ----- 
 0   title             1 non-null      object
 1   link              1 non-null      object
 2   id                1 non-null      object
 3   published_at      1 non-null      object
 4   conditions        1 non-null      object
 5   intervention      1 non-null      object
 6   publisher         1 non-null      object
 7   status            1 non-null      object
 8   source            1 non-null      object
 9   keyword           1 non-null      object
 10  indication        1 non-null      object
 11  therapeutic_area  1 non-null      object
 12  updated_at        1 non-null      object
dtypes: object(13)
memory usage: 232.0+ bytes
[2022-10-18 22:05:31,507] {process_news_dag_factory.py:159} INFO - None
[2022-10-18 22:05:31,509] {process_news_dag_factory.py:167} INFO - {'id': 'NCT05450965', 'source': 'clinical_trials', 'therapeutic_area': 'Oncology', 'indication': 'Lung Cancer', 'keyword': 'Small cell lung cancer', 'title': 'Study of PLK1 Inhibitor, Onvansertib, in Relapsed Small Cell Lung Cancer', 'link': 'https://clinicaltrials.gov/ct2/show/NCT05450965?cond=Small+cell+lung+cancer&sfpd_d=100', 'publisher': 'Taofeek Owonikoko;   National Institutes of Health (NIH);   Cardiff Oncology', 'published_at': '2022-07-11T12:00:00.000Z', 'updated_at': '2022-10-18T22:01:21.886Z', 'atacana_team': None, 'category': None, 'priority': None, 'content': None}
[2022-10-18 22:05:32,760] {_universal.py:476} INFO - Request URL: 'https://atacananews.blob.core.windows.net/atacana-blob-container/lung-cancer/clinical-trials/20221018/small-cell-lung-cancer/lung-cancer_clinical-trials_20221018_small-cell-lung-cancer_NCT05468489.json'
Request method: 'GET'
Request headers:
    'x-ms-range': 'REDACTED'
    'x-ms-version': 'REDACTED'
    'Accept': 'application/xml'
    'User-Agent': 'azsdk-python-storage-blob/12.13.1 Python/3.8.15 (Linux-5.10.124-linuxkit-aarch64-with-glibc2.17)'
    'x-ms-date': 'REDACTED'
    'x-ms-client-request-id': 'fc42a67e-4f30-11ed-896c-0242bebc0005'
    'Authorization': 'REDACTED'
No body was attached to the request
[2022-10-18 22:05:32,945] {_universal.py:504} INFO - Response status: 206
Response headers:
    'Content-Length': '685'
    'Content-Type': 'application/octet-stream'
    'Content-Range': 'REDACTED'
    'Last-Modified': 'Tue, 18 Oct 2022 22:03:52 GMT'
    'Accept-Ranges': 'REDACTED'
    'ETag': '"0x8DAB154A48F49CD"'
    'Server': 'Windows-Azure-Blob/1.0 Microsoft-HTTPAPI/2.0'
    'x-ms-request-id': '8d5f5a1b-001e-0013-583d-e39b0b000000'
    'x-ms-client-request-id': 'fc42a67e-4f30-11ed-896c-0242bebc0005'
    'x-ms-version': 'REDACTED'
    'x-ms-creation-time': 'REDACTED'
    'x-ms-blob-content-md5': 'REDACTED'
    'x-ms-lease-status': 'REDACTED'
    'x-ms-lease-state': 'REDACTED'
    'x-ms-blob-type': 'REDACTED'
    'x-ms-server-encrypted': 'REDACTED'
    'Date': 'Tue, 18 Oct 2022 22:05:32 GMT'
[2022-10-18 22:05:32,951] {logging_mixin.py:115} INFO - <class 'pandas.core.frame.DataFrame'>
RangeIndex: 1 entries, 0 to 0
Data columns (total 13 columns):
 #   Column            Non-Null Count  Dtype 
---  ------            --------------  ----- 
 0   title             1 non-null      object
 1   link              1 non-null      object
 2   id                1 non-null      object
 3   published_at      1 non-null      object
 4   conditions        1 non-null      object
 5   intervention      1 non-null      object
 6   publisher         1 non-null      object
 7   status            1 non-null      object
 8   source            1 non-null      object
 9   keyword           1 non-null      object
 10  indication        1 non-null      object
 11  therapeutic_area  1 non-null      object
 12  updated_at        1 non-null      object
dtypes: object(13)
memory usage: 232.0+ bytes
[2022-10-18 22:05:32,966] {process_news_dag_factory.py:159} INFO - None
[2022-10-18 22:05:32,969] {process_news_dag_factory.py:167} INFO - {'id': 'NCT05468489', 'source': 'clinical_trials', 'therapeutic_area': 'Oncology', 'indication': 'Lung Cancer', 'keyword': 'Small cell lung cancer', 'title': 'To Evaluate Efficacy and Safety of HLX10 + Chemotherapy (Carboplatin- Etoposide) in US Patients With ES-SCLC', 'link': 'https://clinicaltrials.gov/ct2/show/NCT05468489?cond=Small+cell+lung+cancer&sfpd_d=100', 'publisher': 'Shanghai Henlius Biotech', 'published_at': '2022-07-21T12:00:00.000Z', 'updated_at': '2022-10-18T22:01:21.886Z', 'atacana_team': None, 'category': None, 'priority': None, 'content': None}
[2022-10-18 22:05:33,172] {_universal.py:476} INFO - Request URL: 'https://atacananews.blob.core.windows.net/atacana-blob-container/lung-cancer/clinical-trials/20221018/small-cell-lung-cancer/lung-cancer_clinical-trials_20221018_small-cell-lung-cancer_NCT05483543.json'
Request method: 'GET'
Request headers:
    'x-ms-range': 'REDACTED'
    'x-ms-version': 'REDACTED'
    'Accept': 'application/xml'
    'User-Agent': 'azsdk-python-storage-blob/12.13.1 Python/3.8.15 (Linux-5.10.124-linuxkit-aarch64-with-glibc2.17)'
    'x-ms-date': 'REDACTED'
    'x-ms-client-request-id': 'fc818150-4f30-11ed-896c-0242bebc0005'
    'Authorization': 'REDACTED'
No body was attached to the request
[2022-10-18 22:05:33,367] {_universal.py:504} INFO - Response status: 206
Response headers:
    'Content-Length': '567'
    'Content-Type': 'application/octet-stream'
    'Content-Range': 'REDACTED'
    'Last-Modified': 'Tue, 18 Oct 2022 22:03:52 GMT'
    'Accept-Ranges': 'REDACTED'
    'ETag': '"0x8DAB154A4E8F577"'
    'Server': 'Windows-Azure-Blob/1.0 Microsoft-HTTPAPI/2.0'
    'x-ms-request-id': '8d5f5cef-001e-0013-5e3d-e39b0b000000'
    'x-ms-client-request-id': 'fc818150-4f30-11ed-896c-0242bebc0005'
    'x-ms-version': 'REDACTED'
    'x-ms-creation-time': 'REDACTED'
    'x-ms-blob-content-md5': 'REDACTED'
    'x-ms-lease-status': 'REDACTED'
    'x-ms-lease-state': 'REDACTED'
    'x-ms-blob-type': 'REDACTED'
    'x-ms-server-encrypted': 'REDACTED'
    'Date': 'Tue, 18 Oct 2022 22:05:32 GMT'
[2022-10-18 22:05:33,378] {logging_mixin.py:115} INFO - <class 'pandas.core.frame.DataFrame'>
RangeIndex: 1 entries, 0 to 0
Data columns (total 13 columns):
 #   Column            Non-Null Count  Dtype 
---  ------            --------------  ----- 
 0   title             1 non-null      object
 1   link              1 non-null      object
 2   id                1 non-null      object
 3   published_at      1 non-null      object
 4   conditions        1 non-null      object
 5   intervention      1 non-null      object
 6   publisher         1 non-null      object
 7   status            1 non-null      object
 8   source            1 non-null      object
 9   keyword           1 non-null      object
 10  indication        1 non-null      object
 11  therapeutic_area  1 non-null      object
 12  updated_at        1 non-null      object
dtypes: object(13)
memory usage: 232.0+ bytes
[2022-10-18 22:05:33,382] {process_news_dag_factory.py:159} INFO - None
[2022-10-18 22:05:33,386] {process_news_dag_factory.py:167} INFO - {'id': 'NCT05483543', 'source': 'clinical_trials', 'therapeutic_area': 'Oncology', 'indication': 'Lung Cancer', 'keyword': 'Small cell lung cancer', 'title': 'Pamiparib for Consolidation Treatment of Unprogressed LS-SCLC After Concurrent Chemoradiotherapy', 'link': 'https://clinicaltrials.gov/ct2/show/NCT05483543?cond=Small+cell+lung+cancer&sfpd_d=100', 'publisher': 'Fudan University', 'published_at': '2022-08-02T12:00:00.000Z', 'updated_at': '2022-10-18T22:01:21.886Z', 'atacana_team': None, 'category': None, 'priority': None, 'content': None}
[2022-10-18 22:05:33,598] {_universal.py:476} INFO - Request URL: 'https://atacananews.blob.core.windows.net/atacana-blob-container/lung-cancer/clinical-trials/20221018/small-cell-lung-cancer/lung-cancer_clinical-trials_20221018_small-cell-lung-cancer_NCT05484583.json'
Request method: 'GET'
Request headers:
    'x-ms-range': 'REDACTED'
    'x-ms-version': 'REDACTED'
    'Accept': 'application/xml'
    'User-Agent': 'azsdk-python-storage-blob/12.13.1 Python/3.8.15 (Linux-5.10.124-linuxkit-aarch64-with-glibc2.17)'
    'x-ms-date': 'REDACTED'
    'x-ms-client-request-id': 'fcc27fe8-4f30-11ed-896c-0242bebc0005'
    'Authorization': 'REDACTED'
No body was attached to the request
[2022-10-18 22:05:33,783] {_universal.py:504} INFO - Response status: 206
Response headers:
    'Content-Length': '806'
    'Content-Type': 'application/octet-stream'
    'Content-Range': 'REDACTED'
    'Last-Modified': 'Tue, 18 Oct 2022 22:03:52 GMT'
    'Accept-Ranges': 'REDACTED'
    'ETag': '"0x8DAB154A4C8EEFE"'
    'Server': 'Windows-Azure-Blob/1.0 Microsoft-HTTPAPI/2.0'
    'x-ms-request-id': '8d5f5fb9-001e-0013-663d-e39b0b000000'
    'x-ms-client-request-id': 'fcc27fe8-4f30-11ed-896c-0242bebc0005'
    'x-ms-version': 'REDACTED'
    'x-ms-creation-time': 'REDACTED'
    'x-ms-blob-content-md5': 'REDACTED'
    'x-ms-lease-status': 'REDACTED'
    'x-ms-lease-state': 'REDACTED'
    'x-ms-blob-type': 'REDACTED'
    'x-ms-server-encrypted': 'REDACTED'
    'Date': 'Tue, 18 Oct 2022 22:05:33 GMT'
[2022-10-18 22:05:33,796] {logging_mixin.py:115} INFO - <class 'pandas.core.frame.DataFrame'>
RangeIndex: 1 entries, 0 to 0
Data columns (total 13 columns):
 #   Column            Non-Null Count  Dtype 
---  ------            --------------  ----- 
 0   title             1 non-null      object
 1   link              1 non-null      object
 2   id                1 non-null      object
 3   published_at      1 non-null      object
 4   conditions        1 non-null      object
 5   intervention      1 non-null      object
 6   publisher         1 non-null      object
 7   status            1 non-null      object
 8   source            1 non-null      object
 9   keyword           1 non-null      object
 10  indication        1 non-null      object
 11  therapeutic_area  1 non-null      object
 12  updated_at        1 non-null      object
dtypes: object(13)
memory usage: 232.0+ bytes
[2022-10-18 22:05:33,798] {process_news_dag_factory.py:159} INFO - None
[2022-10-18 22:05:33,804] {process_news_dag_factory.py:167} INFO - {'id': 'NCT05484583', 'source': 'clinical_trials', 'therapeutic_area': 'Oncology', 'indication': 'Lung Cancer', 'keyword': 'Small cell lung cancer', 'title': 'Durvalumab Combined With Consolidation Radiotherapy After First-line Treatment in Extensive Stage Small Cell Lung Cancer With Oligometastases', 'link': 'https://clinicaltrials.gov/ct2/show/NCT05484583?cond=Small+cell+lung+cancer&sfpd_d=100', 'publisher': 'Affiliated Cancer Hospital & Institute of Guangzhou Medical University', 'published_at': '2022-08-02T12:00:00.000Z', 'updated_at': '2022-10-18T22:01:21.886Z', 'atacana_team': None, 'category': None, 'priority': None, 'content': None}
[2022-10-18 22:05:34,008] {_universal.py:476} INFO - Request URL: 'https://atacananews.blob.core.windows.net/atacana-blob-container/lung-cancer/clinical-trials/20221018/small-cell-lung-cancer/lung-cancer_clinical-trials_20221018_small-cell-lung-cancer_NCT05490472.json'
Request method: 'GET'
Request headers:
    'x-ms-range': 'REDACTED'
    'x-ms-version': 'REDACTED'
    'Accept': 'application/xml'
    'User-Agent': 'azsdk-python-storage-blob/12.13.1 Python/3.8.15 (Linux-5.10.124-linuxkit-aarch64-with-glibc2.17)'
    'x-ms-date': 'REDACTED'
    'x-ms-client-request-id': 'fd01147e-4f30-11ed-896c-0242bebc0005'
    'Authorization': 'REDACTED'
No body was attached to the request
[2022-10-18 22:05:34,200] {_universal.py:504} INFO - Response status: 206
Response headers:
    'Content-Length': '670'
    'Content-Type': 'application/octet-stream'
    'Content-Range': 'REDACTED'
    'Last-Modified': 'Tue, 18 Oct 2022 22:03:54 GMT'
    'Accept-Ranges': 'REDACTED'
    'ETag': '"0x8DAB154A5B6FCE9"'
    'Server': 'Windows-Azure-Blob/1.0 Microsoft-HTTPAPI/2.0'
    'x-ms-request-id': '8d5f61a7-001e-0013-3c3d-e39b0b000000'
    'x-ms-client-request-id': 'fd01147e-4f30-11ed-896c-0242bebc0005'
    'x-ms-version': 'REDACTED'
    'x-ms-creation-time': 'REDACTED'
    'x-ms-blob-content-md5': 'REDACTED'
    'x-ms-lease-status': 'REDACTED'
    'x-ms-lease-state': 'REDACTED'
    'x-ms-blob-type': 'REDACTED'
    'x-ms-server-encrypted': 'REDACTED'
    'Date': 'Tue, 18 Oct 2022 22:05:33 GMT'
[2022-10-18 22:05:34,228] {logging_mixin.py:115} INFO - <class 'pandas.core.frame.DataFrame'>
RangeIndex: 1 entries, 0 to 0
Data columns (total 13 columns):
 #   Column            Non-Null Count  Dtype 
---  ------            --------------  ----- 
 0   title             1 non-null      object
 1   link              1 non-null      object
 2   id                1 non-null      object
 3   published_at      1 non-null      object
 4   conditions        1 non-null      object
 5   intervention      1 non-null      object
 6   publisher         1 non-null      object
 7   status            1 non-null      object
 8   source            1 non-null      object
 9   keyword           1 non-null      object
 10  indication        1 non-null      object
 11  therapeutic_area  1 non-null      object
 12  updated_at        1 non-null      object
dtypes: object(13)
memory usage: 232.0+ bytes
[2022-10-18 22:05:34,246] {process_news_dag_factory.py:159} INFO - None
[2022-10-18 22:05:34,252] {process_news_dag_factory.py:167} INFO - {'id': 'NCT05490472', 'source': 'clinical_trials', 'therapeutic_area': 'Oncology', 'indication': 'Lung Cancer', 'keyword': 'Small cell lung cancer', 'title': 'JAB-2485 Activity in Adult Patients With Advanced Solid Tumors', 'link': 'https://clinicaltrials.gov/ct2/show/NCT05490472?cond=Small+cell+lung+cancer&sfpd_d=100', 'publisher': 'Jacobio Pharmaceuticals Co., Ltd.', 'published_at': '2022-08-05T12:00:00.000Z', 'updated_at': '2022-10-18T22:01:21.886Z', 'atacana_team': None, 'category': None, 'priority': None, 'content': None}
[2022-10-18 22:05:34,507] {_universal.py:476} INFO - Request URL: 'https://atacananews.blob.core.windows.net/atacana-blob-container/lung-cancer/clinical-trials/20221018/small-cell-lung-cancer/lung-cancer_clinical-trials_20221018_small-cell-lung-cancer_NCT05496166.json'
Request method: 'GET'
Request headers:
    'x-ms-range': 'REDACTED'
    'x-ms-version': 'REDACTED'
    'Accept': 'application/xml'
    'User-Agent': 'azsdk-python-storage-blob/12.13.1 Python/3.8.15 (Linux-5.10.124-linuxkit-aarch64-with-glibc2.17)'
    'x-ms-date': 'REDACTED'
    'x-ms-client-request-id': 'fd4d33b8-4f30-11ed-896c-0242bebc0005'
    'Authorization': 'REDACTED'
No body was attached to the request
[2022-10-18 22:05:34,692] {_universal.py:504} INFO - Response status: 206
Response headers:
    'Content-Length': '789'
    'Content-Type': 'application/octet-stream'
    'Content-Range': 'REDACTED'
    'Last-Modified': 'Tue, 18 Oct 2022 22:03:51 GMT'
    'Accept-Ranges': 'REDACTED'
    'ETag': '"0x8DAB154A44E52A0"'
    'Server': 'Windows-Azure-Blob/1.0 Microsoft-HTTPAPI/2.0'
    'x-ms-request-id': '8d5f63dd-001e-0013-463d-e39b0b000000'
    'x-ms-client-request-id': 'fd4d33b8-4f30-11ed-896c-0242bebc0005'
    'x-ms-version': 'REDACTED'
    'x-ms-creation-time': 'REDACTED'
    'x-ms-blob-content-md5': 'REDACTED'
    'x-ms-lease-status': 'REDACTED'
    'x-ms-lease-state': 'REDACTED'
    'x-ms-blob-type': 'REDACTED'
    'x-ms-server-encrypted': 'REDACTED'
    'Date': 'Tue, 18 Oct 2022 22:05:34 GMT'
[2022-10-18 22:05:34,720] {logging_mixin.py:115} INFO - <class 'pandas.core.frame.DataFrame'>
RangeIndex: 1 entries, 0 to 0
Data columns (total 13 columns):
 #   Column            Non-Null Count  Dtype 
---  ------            --------------  ----- 
 0   title             1 non-null      object
 1   link              1 non-null      object
 2   id                1 non-null      object
 3   published_at      1 non-null      object
 4   conditions        1 non-null      object
 5   intervention      1 non-null      object
 6   publisher         1 non-null      object
 7   status            1 non-null      object
 8   source            1 non-null      object
 9   keyword           1 non-null      object
 10  indication        1 non-null      object
 11  therapeutic_area  1 non-null      object
 12  updated_at        1 non-null      object
dtypes: object(13)
memory usage: 232.0+ bytes
[2022-10-18 22:05:34,721] {process_news_dag_factory.py:159} INFO - None
[2022-10-18 22:05:34,724] {process_news_dag_factory.py:167} INFO - {'id': 'NCT05496166', 'source': 'clinical_trials', 'therapeutic_area': 'Oncology', 'indication': 'Lung Cancer', 'keyword': 'Small cell lung cancer', 'title': 'The Efficiency of Surgery and Radiotherapy After SHR-1316 (Adebrelimab) and Platinum-containing Doublet Induction Therapy for Limited-stage Small Cell Lung Cancer', 'link': 'https://clinicaltrials.gov/ct2/show/NCT05496166?cond=Small+cell+lung+cancer&sfpd_d=100', 'publisher': 'Shanghai Pulmonary Hospital, Shanghai, China;   Jiangsu HengRui Medicine Co., Ltd.', 'published_at': '2022-08-11T12:00:00.000Z', 'updated_at': '2022-10-18T22:01:21.886Z', 'atacana_team': None, 'category': None, 'priority': None, 'content': None}
[2022-10-18 22:05:34,956] {_universal.py:476} INFO - Request URL: 'https://atacananews.blob.core.windows.net/atacana-blob-container/lung-cancer/clinical-trials/20221018/small-cell-lung-cancer/lung-cancer_clinical-trials_20221018_small-cell-lung-cancer_NCT05505825.json'
Request method: 'GET'
Request headers:
    'x-ms-range': 'REDACTED'
    'x-ms-version': 'REDACTED'
    'Accept': 'application/xml'
    'User-Agent': 'azsdk-python-storage-blob/12.13.1 Python/3.8.15 (Linux-5.10.124-linuxkit-aarch64-with-glibc2.17)'
    'x-ms-date': 'REDACTED'
    'x-ms-client-request-id': 'fd91b84e-4f30-11ed-896c-0242bebc0005'
    'Authorization': 'REDACTED'
No body was attached to the request
[2022-10-18 22:05:35,160] {_universal.py:504} INFO - Response status: 206
Response headers:
    'Content-Length': '616'
    'Content-Type': 'application/octet-stream'
    'Content-Range': 'REDACTED'
    'Last-Modified': 'Tue, 18 Oct 2022 22:03:53 GMT'
    'Accept-Ranges': 'REDACTED'
    'ETag': '"0x8DAB154A57BAA37"'
    'Server': 'Windows-Azure-Blob/1.0 Microsoft-HTTPAPI/2.0'
    'x-ms-request-id': '8d5f659e-001e-0013-563d-e39b0b000000'
    'x-ms-client-request-id': 'fd91b84e-4f30-11ed-896c-0242bebc0005'
    'x-ms-version': 'REDACTED'
    'x-ms-creation-time': 'REDACTED'
    'x-ms-blob-content-md5': 'REDACTED'
    'x-ms-lease-status': 'REDACTED'
    'x-ms-lease-state': 'REDACTED'
    'x-ms-blob-type': 'REDACTED'
    'x-ms-server-encrypted': 'REDACTED'
    'Date': 'Tue, 18 Oct 2022 22:05:34 GMT'
[2022-10-18 22:05:35,187] {logging_mixin.py:115} INFO - <class 'pandas.core.frame.DataFrame'>
RangeIndex: 1 entries, 0 to 0
Data columns (total 13 columns):
 #   Column            Non-Null Count  Dtype 
---  ------            --------------  ----- 
 0   title             1 non-null      object
 1   link              1 non-null      object
 2   id                1 non-null      object
 3   published_at      1 non-null      object
 4   conditions        1 non-null      object
 5   intervention      1 non-null      object
 6   publisher         1 non-null      object
 7   status            1 non-null      object
 8   source            1 non-null      object
 9   keyword           1 non-null      object
 10  indication        1 non-null      object
 11  therapeutic_area  1 non-null      object
 12  updated_at        1 non-null      object
dtypes: object(13)
memory usage: 232.0+ bytes
[2022-10-18 22:05:35,189] {process_news_dag_factory.py:159} INFO - None
[2022-10-18 22:05:35,192] {process_news_dag_factory.py:167} INFO - {'id': 'NCT05505825', 'source': 'clinical_trials', 'therapeutic_area': 'Oncology', 'indication': 'Lung Cancer', 'keyword': 'Small cell lung cancer', 'title': 'A Study of AK104 in Combination With Chiauranib in Patients With Extensive Stage Small Cell Lung Cancer', 'link': 'https://clinicaltrials.gov/ct2/show/NCT05505825?cond=Small+cell+lung+cancer&sfpd_d=100', 'publisher': 'Akeso;   Chipscreen Biosciences, Ltd.', 'published_at': '2022-08-18T12:00:00.000Z', 'updated_at': '2022-10-18T22:01:21.886Z', 'atacana_team': None, 'category': None, 'priority': None, 'content': None}
[2022-10-18 22:05:35,406] {_universal.py:476} INFO - Request URL: 'https://atacananews.blob.core.windows.net/atacana-blob-container/lung-cancer/clinical-trials/20221018/small-cell-lung-cancer/lung-cancer_clinical-trials_20221018_small-cell-lung-cancer_NCT05507593.json'
Request method: 'GET'
Request headers:
    'x-ms-range': 'REDACTED'
    'x-ms-version': 'REDACTED'
    'Accept': 'application/xml'
    'User-Agent': 'azsdk-python-storage-blob/12.13.1 Python/3.8.15 (Linux-5.10.124-linuxkit-aarch64-with-glibc2.17)'
    'x-ms-date': 'REDACTED'
    'x-ms-client-request-id': 'fdd66890-4f30-11ed-896c-0242bebc0005'
    'Authorization': 'REDACTED'
No body was attached to the request
[2022-10-18 22:05:35,587] {_universal.py:504} INFO - Response status: 206
Response headers:
    'Content-Length': '595'
    'Content-Type': 'application/octet-stream'
    'Content-Range': 'REDACTED'
    'Last-Modified': 'Tue, 18 Oct 2022 22:03:53 GMT'
    'Accept-Ranges': 'REDACTED'
    'ETag': '"0x8DAB154A54141CB"'
    'Server': 'Windows-Azure-Blob/1.0 Microsoft-HTTPAPI/2.0'
    'x-ms-request-id': '8d5f676e-001e-0013-7f3d-e39b0b000000'
    'x-ms-client-request-id': 'fdd66890-4f30-11ed-896c-0242bebc0005'
    'x-ms-version': 'REDACTED'
    'x-ms-creation-time': 'REDACTED'
    'x-ms-blob-content-md5': 'REDACTED'
    'x-ms-lease-status': 'REDACTED'
    'x-ms-lease-state': 'REDACTED'
    'x-ms-blob-type': 'REDACTED'
    'x-ms-server-encrypted': 'REDACTED'
    'Date': 'Tue, 18 Oct 2022 22:05:35 GMT'
[2022-10-18 22:05:35,600] {logging_mixin.py:115} INFO - <class 'pandas.core.frame.DataFrame'>
RangeIndex: 1 entries, 0 to 0
Data columns (total 13 columns):
 #   Column            Non-Null Count  Dtype 
---  ------            --------------  ----- 
 0   title             1 non-null      object
 1   link              1 non-null      object
 2   id                1 non-null      object
 3   published_at      1 non-null      object
 4   conditions        1 non-null      object
 5   intervention      1 non-null      object
 6   publisher         1 non-null      object
 7   status            1 non-null      object
 8   source            1 non-null      object
 9   keyword           1 non-null      object
 10  indication        1 non-null      object
 11  therapeutic_area  1 non-null      object
 12  updated_at        1 non-null      object
dtypes: object(13)
memory usage: 232.0+ bytes
[2022-10-18 22:05:35,614] {process_news_dag_factory.py:159} INFO - None
[2022-10-18 22:05:35,635] {process_news_dag_factory.py:167} INFO - {'id': 'NCT05507593', 'source': 'clinical_trials', 'therapeutic_area': 'Oncology', 'indication': 'Lung Cancer', 'keyword': 'Small cell lung cancer', 'title': 'Study of DLL3-CAR-NK Cells in the Treatment of Extensive Stage Small Cell Lung Cancer', 'link': 'https://clinicaltrials.gov/ct2/show/NCT05507593?cond=Small+cell+lung+cancer&sfpd_d=100', 'publisher': 'Tianjin Medical University Cancer Institute and Hospital', 'published_at': '2022-08-19T12:00:00.000Z', 'updated_at': '2022-10-18T22:01:21.886Z', 'atacana_team': None, 'category': None, 'priority': None, 'content': None}
[2022-10-18 22:05:35,858] {_universal.py:476} INFO - Request URL: 'https://atacananews.blob.core.windows.net/atacana-blob-container/lung-cancer/clinical-trials/20221018/small-cell-lung-cancer/lung-cancer_clinical-trials_20221018_small-cell-lung-cancer_NCT05509699.json'
Request method: 'GET'
Request headers:
    'x-ms-range': 'REDACTED'
    'x-ms-version': 'REDACTED'
    'Accept': 'application/xml'
    'User-Agent': 'azsdk-python-storage-blob/12.13.1 Python/3.8.15 (Linux-5.10.124-linuxkit-aarch64-with-glibc2.17)'
    'x-ms-date': 'REDACTED'
    'x-ms-client-request-id': 'fe1b3a92-4f30-11ed-896c-0242bebc0005'
    'Authorization': 'REDACTED'
No body was attached to the request
[2022-10-18 22:05:36,071] {_universal.py:504} INFO - Response status: 206
Response headers:
    'Content-Length': '613'
    'Content-Type': 'application/octet-stream'
    'Content-Range': 'REDACTED'
    'Last-Modified': 'Tue, 18 Oct 2022 22:03:51 GMT'
    'Accept-Ranges': 'REDACTED'
    'ETag': '"0x8DAB154A43131EF"'
    'Server': 'Windows-Azure-Blob/1.0 Microsoft-HTTPAPI/2.0'
    'x-ms-request-id': '8d5f69f6-001e-0013-643d-e39b0b000000'
    'x-ms-client-request-id': 'fe1b3a92-4f30-11ed-896c-0242bebc0005'
    'x-ms-version': 'REDACTED'
    'x-ms-creation-time': 'REDACTED'
    'x-ms-blob-content-md5': 'REDACTED'
    'x-ms-lease-status': 'REDACTED'
    'x-ms-lease-state': 'REDACTED'
    'x-ms-blob-type': 'REDACTED'
    'x-ms-server-encrypted': 'REDACTED'
    'Date': 'Tue, 18 Oct 2022 22:05:35 GMT'
[2022-10-18 22:05:36,091] {logging_mixin.py:115} INFO - <class 'pandas.core.frame.DataFrame'>
RangeIndex: 1 entries, 0 to 0
Data columns (total 13 columns):
 #   Column            Non-Null Count  Dtype 
---  ------            --------------  ----- 
 0   title             1 non-null      object
 1   link              1 non-null      object
 2   id                1 non-null      object
 3   published_at      1 non-null      object
 4   conditions        1 non-null      object
 5   intervention      1 non-null      object
 6   publisher         1 non-null      object
 7   status            1 non-null      object
 8   source            1 non-null      object
 9   keyword           1 non-null      object
 10  indication        1 non-null      object
 11  therapeutic_area  1 non-null      object
 12  updated_at        1 non-null      object
dtypes: object(13)
memory usage: 232.0+ bytes
[2022-10-18 22:05:36,098] {process_news_dag_factory.py:159} INFO - None
[2022-10-18 22:05:36,103] {process_news_dag_factory.py:167} INFO - {'id': 'NCT05509699', 'source': 'clinical_trials', 'therapeutic_area': 'Oncology', 'indication': 'Lung Cancer', 'keyword': 'Small cell lung cancer', 'title': 'Surufatinib Plus Anti-PD-1/L1 as Maintenance Therapy in Extensive-Stage Small Cell Lung Cancer', 'link': 'https://clinicaltrials.gov/ct2/show/NCT05509699?cond=Small+cell+lung+cancer&sfpd_d=100', 'publisher': 'Hutchison Medipharma Limited', 'published_at': '2022-08-22T12:00:00.000Z', 'updated_at': '2022-10-18T22:01:21.886Z', 'atacana_team': None, 'category': None, 'priority': None, 'content': None}
[2022-10-18 22:05:36,323] {_universal.py:476} INFO - Request URL: 'https://atacananews.blob.core.windows.net/atacana-blob-container/lung-cancer/clinical-trials/20221018/small-cell-lung-cancer/lung-cancer_clinical-trials_20221018_small-cell-lung-cancer_NCT05523908.json'
Request method: 'GET'
Request headers:
    'x-ms-range': 'REDACTED'
    'x-ms-version': 'REDACTED'
    'Accept': 'application/xml'
    'User-Agent': 'azsdk-python-storage-blob/12.13.1 Python/3.8.15 (Linux-5.10.124-linuxkit-aarch64-with-glibc2.17)'
    'x-ms-date': 'REDACTED'
    'x-ms-client-request-id': 'fe62530a-4f30-11ed-896c-0242bebc0005'
    'Authorization': 'REDACTED'
No body was attached to the request
[2022-10-18 22:05:36,522] {_universal.py:504} INFO - Response status: 206
Response headers:
    'Content-Length': '618'
    'Content-Type': 'application/octet-stream'
    'Content-Range': 'REDACTED'
    'Last-Modified': 'Tue, 18 Oct 2022 22:03:53 GMT'
    'Accept-Ranges': 'REDACTED'
    'ETag': '"0x8DAB154A5249636"'
    'Server': 'Windows-Azure-Blob/1.0 Microsoft-HTTPAPI/2.0'
    'x-ms-request-id': '8d5f6c15-001e-0013-6a3d-e39b0b000000'
    'x-ms-client-request-id': 'fe62530a-4f30-11ed-896c-0242bebc0005'
    'x-ms-version': 'REDACTED'
    'x-ms-creation-time': 'REDACTED'
    'x-ms-blob-content-md5': 'REDACTED'
    'x-ms-lease-status': 'REDACTED'
    'x-ms-lease-state': 'REDACTED'
    'x-ms-blob-type': 'REDACTED'
    'x-ms-server-encrypted': 'REDACTED'
    'Date': 'Tue, 18 Oct 2022 22:05:35 GMT'
[2022-10-18 22:05:36,528] {logging_mixin.py:115} INFO - <class 'pandas.core.frame.DataFrame'>
RangeIndex: 1 entries, 0 to 0
Data columns (total 13 columns):
 #   Column            Non-Null Count  Dtype 
---  ------            --------------  ----- 
 0   title             1 non-null      object
 1   link              1 non-null      object
 2   id                1 non-null      object
 3   published_at      1 non-null      object
 4   conditions        1 non-null      object
 5   intervention      1 non-null      object
 6   publisher         1 non-null      object
 7   status            1 non-null      object
 8   source            1 non-null      object
 9   keyword           1 non-null      object
 10  indication        1 non-null      object
 11  therapeutic_area  1 non-null      object
 12  updated_at        1 non-null      object
dtypes: object(13)
memory usage: 232.0+ bytes
[2022-10-18 22:05:36,529] {process_news_dag_factory.py:159} INFO - None
[2022-10-18 22:05:36,531] {process_news_dag_factory.py:167} INFO - {'id': 'NCT05523908', 'source': 'clinical_trials', 'therapeutic_area': 'Oncology', 'indication': 'Lung Cancer', 'keyword': 'Small cell lung cancer', 'title': 'Hypofraction Radiotherapy for Limited-Stage Small Cell Lung Cancer', 'link': 'https://clinicaltrials.gov/ct2/show/NCT05523908?cond=Small+cell+lung+cancer&sfpd_d=100', 'publisher': 'Anhui Provincial Hospital', 'published_at': '2022-09-01T12:00:00.000Z', 'updated_at': '2022-10-18T22:01:21.886Z', 'atacana_team': None, 'category': None, 'priority': None, 'content': None}
[2022-10-18 22:05:36,755] {_universal.py:476} INFO - Request URL: 'https://atacananews.blob.core.windows.net/atacana-blob-container/lung-cancer/clinical-trials/20221018/small-cell-lung-cancer/lung-cancer_clinical-trials_20221018_small-cell-lung-cancer_NCT05527821.json'
Request method: 'GET'
Request headers:
    'x-ms-range': 'REDACTED'
    'x-ms-version': 'REDACTED'
    'Accept': 'application/xml'
    'User-Agent': 'azsdk-python-storage-blob/12.13.1 Python/3.8.15 (Linux-5.10.124-linuxkit-aarch64-with-glibc2.17)'
    'x-ms-date': 'REDACTED'
    'x-ms-client-request-id': 'fea42ef6-4f30-11ed-896c-0242bebc0005'
    'Authorization': 'REDACTED'
No body was attached to the request
[2022-10-18 22:05:36,950] {_universal.py:504} INFO - Response status: 206
Response headers:
    'Content-Length': '693'
    'Content-Type': 'application/octet-stream'
    'Content-Range': 'REDACTED'
    'Last-Modified': 'Tue, 18 Oct 2022 22:03:53 GMT'
    'Accept-Ranges': 'REDACTED'
    'ETag': '"0x8DAB154A598CAF3"'
    'Server': 'Windows-Azure-Blob/1.0 Microsoft-HTTPAPI/2.0'
    'x-ms-request-id': '8d5f6def-001e-0013-223d-e39b0b000000'
    'x-ms-client-request-id': 'fea42ef6-4f30-11ed-896c-0242bebc0005'
    'x-ms-version': 'REDACTED'
    'x-ms-creation-time': 'REDACTED'
    'x-ms-blob-content-md5': 'REDACTED'
    'x-ms-lease-status': 'REDACTED'
    'x-ms-lease-state': 'REDACTED'
    'x-ms-blob-type': 'REDACTED'
    'x-ms-server-encrypted': 'REDACTED'
    'Date': 'Tue, 18 Oct 2022 22:05:36 GMT'
[2022-10-18 22:05:36,955] {logging_mixin.py:115} INFO - <class 'pandas.core.frame.DataFrame'>
RangeIndex: 1 entries, 0 to 0
Data columns (total 13 columns):
 #   Column            Non-Null Count  Dtype 
---  ------            --------------  ----- 
 0   title             1 non-null      object
 1   link              1 non-null      object
 2   id                1 non-null      object
 3   published_at      1 non-null      object
 4   conditions        1 non-null      object
 5   intervention      1 non-null      object
 6   publisher         1 non-null      object
 7   status            1 non-null      object
 8   source            1 non-null      object
 9   keyword           1 non-null      object
 10  indication        1 non-null      object
 11  therapeutic_area  1 non-null      object
 12  updated_at        1 non-null      object
dtypes: object(13)
memory usage: 232.0+ bytes
[2022-10-18 22:05:36,974] {process_news_dag_factory.py:159} INFO - None
[2022-10-18 22:05:36,994] {process_news_dag_factory.py:167} INFO - {'id': 'NCT05527821', 'source': 'clinical_trials', 'therapeutic_area': 'Oncology', 'indication': 'Lung Cancer', 'keyword': 'Small cell lung cancer', 'title': 'Study of Surufatinib Combined With Sintilimab and SCRT in Advanced Solid Tumors', 'link': 'https://clinicaltrials.gov/ct2/show/NCT05527821?cond=Small+cell+lung+cancer&sfpd_d=100', 'publisher': 'Wuhan Union Hospital, China', 'published_at': '2022-09-06T12:00:00.000Z', 'updated_at': '2022-10-18T22:01:21.886Z', 'atacana_team': None, 'category': None, 'priority': None, 'content': None}
[2022-10-18 22:05:37,225] {_universal.py:476} INFO - Request URL: 'https://atacananews.blob.core.windows.net/atacana-blob-container/lung-cancer/clinical-trials/20221018/small-cell-lung-cancer/lung-cancer_clinical-trials_20221018_small-cell-lung-cancer_NCT05546268.json'
Request method: 'GET'
Request headers:
    'x-ms-range': 'REDACTED'
    'x-ms-version': 'REDACTED'
    'Accept': 'application/xml'
    'User-Agent': 'azsdk-python-storage-blob/12.13.1 Python/3.8.15 (Linux-5.10.124-linuxkit-aarch64-with-glibc2.17)'
    'x-ms-date': 'REDACTED'
    'x-ms-client-request-id': 'feebdf9e-4f30-11ed-896c-0242bebc0005'
    'Authorization': 'REDACTED'
No body was attached to the request
[2022-10-18 22:05:37,414] {_universal.py:504} INFO - Response status: 206
Response headers:
    'Content-Length': '712'
    'Content-Type': 'application/octet-stream'
    'Content-Range': 'REDACTED'
    'Last-Modified': 'Tue, 18 Oct 2022 22:03:54 GMT'
    'Accept-Ranges': 'REDACTED'
    'ETag': '"0x8DAB154A62F76BE"'
    'Server': 'Windows-Azure-Blob/1.0 Microsoft-HTTPAPI/2.0'
    'x-ms-request-id': '8d5f70fb-001e-0013-413d-e39b0b000000'
    'x-ms-client-request-id': 'feebdf9e-4f30-11ed-896c-0242bebc0005'
    'x-ms-version': 'REDACTED'
    'x-ms-creation-time': 'REDACTED'
    'x-ms-blob-content-md5': 'REDACTED'
    'x-ms-lease-status': 'REDACTED'
    'x-ms-lease-state': 'REDACTED'
    'x-ms-blob-type': 'REDACTED'
    'x-ms-server-encrypted': 'REDACTED'
    'Date': 'Tue, 18 Oct 2022 22:05:36 GMT'
[2022-10-18 22:05:37,420] {logging_mixin.py:115} INFO - <class 'pandas.core.frame.DataFrame'>
RangeIndex: 1 entries, 0 to 0
Data columns (total 13 columns):
 #   Column            Non-Null Count  Dtype 
---  ------            --------------  ----- 
 0   title             1 non-null      object
 1   link              1 non-null      object
 2   id                1 non-null      object
 3   published_at      1 non-null      object
 4   conditions        1 non-null      object
 5   intervention      1 non-null      object
 6   publisher         1 non-null      object
 7   status            1 non-null      object
 8   source            1 non-null      object
 9   keyword           1 non-null      object
 10  indication        1 non-null      object
 11  therapeutic_area  1 non-null      object
 12  updated_at        1 non-null      object
dtypes: object(13)
memory usage: 232.0+ bytes
[2022-10-18 22:05:37,434] {process_news_dag_factory.py:159} INFO - None
[2022-10-18 22:05:37,437] {process_news_dag_factory.py:167} INFO - {'id': 'NCT05546268', 'source': 'clinical_trials', 'therapeutic_area': 'Oncology', 'indication': 'Lung Cancer', 'keyword': 'Small cell lung cancer', 'title': 'Study of Oral MRT-2359 in Selected Cancer Patients', 'link': 'https://clinicaltrials.gov/ct2/show/NCT05546268?cond=Small+cell+lung+cancer&sfpd_d=100', 'publisher': 'Monte Rosa Therapeutics, Inc', 'published_at': '2022-09-19T12:00:00.000Z', 'updated_at': '2022-10-18T22:01:21.886Z', 'atacana_team': None, 'category': None, 'priority': None, 'content': None}
[2022-10-18 22:05:37,647] {_universal.py:476} INFO - Request URL: 'https://atacananews.blob.core.windows.net/atacana-blob-container/lung-cancer/clinical-trials/20221018/small-cell-lung-cancer/lung-cancer_clinical-trials_20221018_small-cell-lung-cancer_NCT05552846.json'
Request method: 'GET'
Request headers:
    'x-ms-range': 'REDACTED'
    'x-ms-version': 'REDACTED'
    'Accept': 'application/xml'
    'User-Agent': 'azsdk-python-storage-blob/12.13.1 Python/3.8.15 (Linux-5.10.124-linuxkit-aarch64-with-glibc2.17)'
    'x-ms-date': 'REDACTED'
    'x-ms-client-request-id': 'ff2c6668-4f30-11ed-896c-0242bebc0005'
    'Authorization': 'REDACTED'
No body was attached to the request
[2022-10-18 22:05:37,844] {_universal.py:504} INFO - Response status: 206
Response headers:
    'Content-Length': '581'
    'Content-Type': 'application/octet-stream'
    'Content-Range': 'REDACTED'
    'Last-Modified': 'Tue, 18 Oct 2022 22:03:52 GMT'
    'Accept-Ranges': 'REDACTED'
    'ETag': '"0x8DAB154A4ABF55C"'
    'Server': 'Windows-Azure-Blob/1.0 Microsoft-HTTPAPI/2.0'
    'x-ms-request-id': '8d5f7314-001e-0013-263d-e39b0b000000'
    'x-ms-client-request-id': 'ff2c6668-4f30-11ed-896c-0242bebc0005'
    'x-ms-version': 'REDACTED'
    'x-ms-creation-time': 'REDACTED'
    'x-ms-blob-content-md5': 'REDACTED'
    'x-ms-lease-status': 'REDACTED'
    'x-ms-lease-state': 'REDACTED'
    'x-ms-blob-type': 'REDACTED'
    'x-ms-server-encrypted': 'REDACTED'
    'Date': 'Tue, 18 Oct 2022 22:05:37 GMT'
[2022-10-18 22:05:37,853] {logging_mixin.py:115} INFO - <class 'pandas.core.frame.DataFrame'>
RangeIndex: 1 entries, 0 to 0
Data columns (total 13 columns):
 #   Column            Non-Null Count  Dtype 
---  ------            --------------  ----- 
 0   title             1 non-null      object
 1   link              1 non-null      object
 2   id                1 non-null      object
 3   published_at      1 non-null      object
 4   conditions        1 non-null      object
 5   intervention      1 non-null      object
 6   publisher         1 non-null      object
 7   status            1 non-null      object
 8   source            1 non-null      object
 9   keyword           1 non-null      object
 10  indication        1 non-null      object
 11  therapeutic_area  1 non-null      object
 12  updated_at        1 non-null      object
dtypes: object(13)
memory usage: 232.0+ bytes
[2022-10-18 22:05:37,867] {process_news_dag_factory.py:159} INFO - None
[2022-10-18 22:05:37,870] {process_news_dag_factory.py:167} INFO - {'id': 'NCT05552846', 'source': 'clinical_trials', 'therapeutic_area': 'Oncology', 'indication': 'Lung Cancer', 'keyword': 'Small cell lung cancer', 'title': 'Phase II Trial of Consolidative Thoracic Radiotherapy for ES-SCLC After Standard Care of Chemo-immunotherapy', 'link': 'https://clinicaltrials.gov/ct2/show/NCT05552846?cond=Small+cell+lung+cancer&sfpd_d=100', 'publisher': 'Ruijin Hospital', 'published_at': '2022-09-23T12:00:00.000Z', 'updated_at': '2022-10-18T22:01:21.886Z', 'atacana_team': None, 'category': None, 'priority': None, 'content': None}
[2022-10-18 22:05:38,095] {_universal.py:476} INFO - Request URL: 'https://atacananews.blob.core.windows.net/atacana-blob-container/lung-cancer/clinical-trials/20221018/small-cell-lung-cancer/lung-cancer_clinical-trials_20221018_small-cell-lung-cancer_NCT05557708.json'
Request method: 'GET'
Request headers:
    'x-ms-range': 'REDACTED'
    'x-ms-version': 'REDACTED'
    'Accept': 'application/xml'
    'User-Agent': 'azsdk-python-storage-blob/12.13.1 Python/3.8.15 (Linux-5.10.124-linuxkit-aarch64-with-glibc2.17)'
    'x-ms-date': 'REDACTED'
    'x-ms-client-request-id': 'ff70a38c-4f30-11ed-896c-0242bebc0005'
    'Authorization': 'REDACTED'
No body was attached to the request
[2022-10-18 22:05:38,276] {_universal.py:504} INFO - Response status: 206
Response headers:
    'Content-Length': '753'
    'Content-Type': 'application/octet-stream'
    'Content-Range': 'REDACTED'
    'Last-Modified': 'Tue, 18 Oct 2022 22:03:54 GMT'
    'Accept-Ranges': 'REDACTED'
    'ETag': '"0x8DAB154A611B9E1"'
    'Server': 'Windows-Azure-Blob/1.0 Microsoft-HTTPAPI/2.0'
    'x-ms-request-id': '8d5f760f-001e-0013-5c3d-e39b0b000000'
    'x-ms-client-request-id': 'ff70a38c-4f30-11ed-896c-0242bebc0005'
    'x-ms-version': 'REDACTED'
    'x-ms-creation-time': 'REDACTED'
    'x-ms-blob-content-md5': 'REDACTED'
    'x-ms-lease-status': 'REDACTED'
    'x-ms-lease-state': 'REDACTED'
    'x-ms-blob-type': 'REDACTED'
    'x-ms-server-encrypted': 'REDACTED'
    'Date': 'Tue, 18 Oct 2022 22:05:37 GMT'
[2022-10-18 22:05:38,283] {logging_mixin.py:115} INFO - <class 'pandas.core.frame.DataFrame'>
RangeIndex: 1 entries, 0 to 0
Data columns (total 13 columns):
 #   Column            Non-Null Count  Dtype 
---  ------            --------------  ----- 
 0   title             1 non-null      object
 1   link              1 non-null      object
 2   id                1 non-null      object
 3   published_at      1 non-null      object
 4   conditions        1 non-null      object
 5   intervention      1 non-null      object
 6   publisher         1 non-null      object
 7   status            1 non-null      object
 8   source            1 non-null      object
 9   keyword           1 non-null      object
 10  indication        1 non-null      object
 11  therapeutic_area  1 non-null      object
 12  updated_at        1 non-null      object
dtypes: object(13)
memory usage: 232.0+ bytes
[2022-10-18 22:05:38,285] {process_news_dag_factory.py:159} INFO - None
[2022-10-18 22:05:38,287] {process_news_dag_factory.py:167} INFO - {'id': 'NCT05557708', 'source': 'clinical_trials', 'therapeutic_area': 'Oncology', 'indication': 'Lung Cancer', 'keyword': 'Small cell lung cancer', 'title': 'A Safety Study of 212Pb-Pentixather Radioligand Therapy', 'link': 'https://clinicaltrials.gov/ct2/show/NCT05557708?cond=Small+cell+lung+cancer&sfpd_d=100', 'publisher': 'Yusuf Menda;   National Institutes of Health (NIH);   National Cancer Institute (NCI);   Holden Comprehensive Cancer Center', 'published_at': '2022-09-28T12:00:00.000Z', 'updated_at': '2022-10-18T22:01:21.886Z', 'atacana_team': None, 'category': None, 'priority': None, 'content': None}
[2022-10-18 22:05:38,504] {_universal.py:476} INFO - Request URL: 'https://atacananews.blob.core.windows.net/atacana-blob-container/lung-cancer/clinical-trials/20221018/small-cell-lung-cancer/lung-cancer_clinical-trials_20221018_small-cell-lung-cancer_NCT05563272.json'
Request method: 'GET'
Request headers:
    'x-ms-range': 'REDACTED'
    'x-ms-version': 'REDACTED'
    'Accept': 'application/xml'
    'User-Agent': 'azsdk-python-storage-blob/12.13.1 Python/3.8.15 (Linux-5.10.124-linuxkit-aarch64-with-glibc2.17)'
    'x-ms-date': 'REDACTED'
    'x-ms-client-request-id': 'ffaf22f6-4f30-11ed-896c-0242bebc0005'
    'Authorization': 'REDACTED'
No body was attached to the request
[2022-10-18 22:05:38,688] {_universal.py:504} INFO - Response status: 206
Response headers:
    'Content-Length': '894'
    'Content-Type': 'application/octet-stream'
    'Content-Range': 'REDACTED'
    'Last-Modified': 'Tue, 18 Oct 2022 22:03:54 GMT'
    'Accept-Ranges': 'REDACTED'
    'ETag': '"0x8DAB154A5D75179"'
    'Server': 'Windows-Azure-Blob/1.0 Microsoft-HTTPAPI/2.0'
    'x-ms-request-id': '8d5f7869-001e-0013-063d-e39b0b000000'
    'x-ms-client-request-id': 'ffaf22f6-4f30-11ed-896c-0242bebc0005'
    'x-ms-version': 'REDACTED'
    'x-ms-creation-time': 'REDACTED'
    'x-ms-blob-content-md5': 'REDACTED'
    'x-ms-lease-status': 'REDACTED'
    'x-ms-lease-state': 'REDACTED'
    'x-ms-blob-type': 'REDACTED'
    'x-ms-server-encrypted': 'REDACTED'
    'Date': 'Tue, 18 Oct 2022 22:05:38 GMT'
[2022-10-18 22:05:38,714] {logging_mixin.py:115} INFO - <class 'pandas.core.frame.DataFrame'>
RangeIndex: 1 entries, 0 to 0
Data columns (total 13 columns):
 #   Column            Non-Null Count  Dtype 
---  ------            --------------  ----- 
 0   title             1 non-null      object
 1   link              1 non-null      object
 2   id                1 non-null      object
 3   published_at      1 non-null      object
 4   conditions        1 non-null      object
 5   intervention      1 non-null      object
 6   publisher         1 non-null      object
 7   status            1 non-null      object
 8   source            1 non-null      object
 9   keyword           1 non-null      object
 10  indication        1 non-null      object
 11  therapeutic_area  1 non-null      object
 12  updated_at        1 non-null      object
dtypes: object(13)
memory usage: 232.0+ bytes
[2022-10-18 22:05:38,723] {process_news_dag_factory.py:159} INFO - None
[2022-10-18 22:05:38,728] {process_news_dag_factory.py:167} INFO - {'id': 'NCT05563272', 'source': 'clinical_trials', 'therapeutic_area': 'Oncology', 'indication': 'Lung Cancer', 'keyword': 'Small cell lung cancer', 'title': '89Zr-girentuximab for PET Imaging of CAIX Positive Solid Tumors', 'link': 'https://clinicaltrials.gov/ct2/show/NCT05563272?cond=Small+cell+lung+cancer&sfpd_d=100', 'publisher': 'Telix International Pty Ltd', 'published_at': '2022-10-03T12:00:00.000Z', 'updated_at': '2022-10-18T22:01:21.886Z', 'atacana_team': None, 'category': None, 'priority': None, 'content': None}
[2022-10-18 22:05:38,955] {_universal.py:476} INFO - Request URL: 'https://atacananews.blob.core.windows.net/atacana-blob-container/lung-cancer/clinical-trials/20221018/small-cell-lung-cancer/lung-cancer_clinical-trials_20221018_small-cell-lung-cancer_NCT05566041.json'
Request method: 'GET'
Request headers:
    'x-ms-range': 'REDACTED'
    'x-ms-version': 'REDACTED'
    'Accept': 'application/xml'
    'User-Agent': 'azsdk-python-storage-blob/12.13.1 Python/3.8.15 (Linux-5.10.124-linuxkit-aarch64-with-glibc2.17)'
    'x-ms-date': 'REDACTED'
    'x-ms-client-request-id': 'fff3e08a-4f30-11ed-896c-0242bebc0005'
    'Authorization': 'REDACTED'
No body was attached to the request
[2022-10-18 22:05:39,139] {_universal.py:504} INFO - Response status: 206
Response headers:
    'Content-Length': '719'
    'Content-Type': 'application/octet-stream'
    'Content-Range': 'REDACTED'
    'Last-Modified': 'Tue, 18 Oct 2022 22:03:53 GMT'
    'Accept-Ranges': 'REDACTED'
    'ETag': '"0x8DAB154A55EB08F"'
    'Server': 'Windows-Azure-Blob/1.0 Microsoft-HTTPAPI/2.0'
    'x-ms-request-id': '8d5f7b6f-001e-0013-1d3d-e39b0b000000'
    'x-ms-client-request-id': 'fff3e08a-4f30-11ed-896c-0242bebc0005'
    'x-ms-version': 'REDACTED'
    'x-ms-creation-time': 'REDACTED'
    'x-ms-blob-content-md5': 'REDACTED'
    'x-ms-lease-status': 'REDACTED'
    'x-ms-lease-state': 'REDACTED'
    'x-ms-blob-type': 'REDACTED'
    'x-ms-server-encrypted': 'REDACTED'
    'Date': 'Tue, 18 Oct 2022 22:05:38 GMT'
[2022-10-18 22:05:39,146] {logging_mixin.py:115} INFO - <class 'pandas.core.frame.DataFrame'>
RangeIndex: 1 entries, 0 to 0
Data columns (total 13 columns):
 #   Column            Non-Null Count  Dtype 
---  ------            --------------  ----- 
 0   title             1 non-null      object
 1   link              1 non-null      object
 2   id                1 non-null      object
 3   published_at      1 non-null      object
 4   conditions        1 non-null      object
 5   intervention      1 non-null      object
 6   publisher         1 non-null      object
 7   status            1 non-null      object
 8   source            1 non-null      object
 9   keyword           1 non-null      object
 10  indication        1 non-null      object
 11  therapeutic_area  1 non-null      object
 12  updated_at        1 non-null      object
dtypes: object(13)
memory usage: 232.0+ bytes
[2022-10-18 22:05:39,147] {process_news_dag_factory.py:159} INFO - None
[2022-10-18 22:05:39,149] {process_news_dag_factory.py:167} INFO - {'id': 'NCT05566041', 'source': 'clinical_trials', 'therapeutic_area': 'Oncology', 'indication': 'Lung Cancer', 'keyword': 'Small cell lung cancer', 'title': 'A Phase 3, Controlled, Open-label, Global Randomized Study of RRx-001 With a Platinum Doublet or a Platinum Doublet in Small Cell Lung Cancer', 'link': 'https://clinicaltrials.gov/ct2/show/NCT05566041?cond=Small+cell+lung+cancer&sfpd_d=100', 'publisher': 'EpicentRx, Inc.;   Sciclone Pharmaceuticals (China) Co., Ltd.', 'published_at': '2022-10-04T12:00:00.000Z', 'updated_at': '2022-10-18T22:01:21.886Z', 'atacana_team': None, 'category': None, 'priority': None, 'content': None}
[2022-10-18 22:05:39,356] {_universal.py:476} INFO - Request URL: 'https://atacananews.blob.core.windows.net/atacana-blob-container/lung-cancer/clinical-trials/20221018/small-cell-lung-cancer/lung-cancer_clinical-trials_20221018_small-cell-lung-cancer_NCT05572476.json'
Request method: 'GET'
Request headers:
    'x-ms-range': 'REDACTED'
    'x-ms-version': 'REDACTED'
    'Accept': 'application/xml'
    'User-Agent': 'azsdk-python-storage-blob/12.13.1 Python/3.8.15 (Linux-5.10.124-linuxkit-aarch64-with-glibc2.17)'
    'x-ms-date': 'REDACTED'
    'x-ms-client-request-id': '00311bee-4f31-11ed-896c-0242bebc0005'
    'Authorization': 'REDACTED'
No body was attached to the request
[2022-10-18 22:05:39,539] {_universal.py:504} INFO - Response status: 206
Response headers:
    'Content-Length': '779'
    'Content-Type': 'application/octet-stream'
    'Content-Range': 'REDACTED'
    'Last-Modified': 'Tue, 18 Oct 2022 22:03:52 GMT'
    'Accept-Ranges': 'REDACTED'
    'ETag': '"0x8DAB154A46B9A5A"'
    'Server': 'Windows-Azure-Blob/1.0 Microsoft-HTTPAPI/2.0'
    'x-ms-request-id': '8d5f7e1b-001e-0013-553d-e39b0b000000'
    'x-ms-client-request-id': '00311bee-4f31-11ed-896c-0242bebc0005'
    'x-ms-version': 'REDACTED'
    'x-ms-creation-time': 'REDACTED'
    'x-ms-blob-content-md5': 'REDACTED'
    'x-ms-lease-status': 'REDACTED'
    'x-ms-lease-state': 'REDACTED'
    'x-ms-blob-type': 'REDACTED'
    'x-ms-server-encrypted': 'REDACTED'
    'Date': 'Tue, 18 Oct 2022 22:05:39 GMT'
[2022-10-18 22:05:39,544] {logging_mixin.py:115} INFO - <class 'pandas.core.frame.DataFrame'>
RangeIndex: 1 entries, 0 to 0
Data columns (total 13 columns):
 #   Column            Non-Null Count  Dtype 
---  ------            --------------  ----- 
 0   title             1 non-null      object
 1   link              1 non-null      object
 2   id                1 non-null      object
 3   published_at      1 non-null      object
 4   conditions        1 non-null      object
 5   intervention      1 non-null      object
 6   publisher         1 non-null      object
 7   status            1 non-null      object
 8   source            1 non-null      object
 9   keyword           1 non-null      object
 10  indication        1 non-null      object
 11  therapeutic_area  1 non-null      object
 12  updated_at        1 non-null      object
dtypes: object(13)
memory usage: 232.0+ bytes
[2022-10-18 22:05:39,544] {process_news_dag_factory.py:159} INFO - None
[2022-10-18 22:05:39,547] {process_news_dag_factory.py:167} INFO - {'id': 'NCT05572476', 'source': 'clinical_trials', 'therapeutic_area': 'Oncology', 'indication': 'Lung Cancer', 'keyword': 'Small cell lung cancer', 'title': 'Lurbinectedin Combined With Durvalumab in Pre-treated Patients With Extensive Stage Small-cell Lung Cancer', 'link': 'https://clinicaltrials.gov/ct2/show/NCT05572476?cond=Small+cell+lung+cancer&sfpd_d=100', 'publisher': 'Institut Bergoni;   AstraZeneca;   PharmaMar', 'published_at': '2022-10-07T12:00:00.000Z', 'updated_at': '2022-10-18T22:01:21.886Z', 'atacana_team': None, 'category': None, 'priority': None, 'content': None}
[2022-10-18 22:05:39,756] {_universal.py:476} INFO - Request URL: 'https://atacananews.blob.core.windows.net/atacana-blob-container/lung-cancer/clinical-trials/20221018/small-cell-lung-cancer/lung-cancer_clinical-trials_20221018_small-cell-lung-cancer_NCT05578326.json'
Request method: 'GET'
Request headers:
    'x-ms-range': 'REDACTED'
    'x-ms-version': 'REDACTED'
    'Accept': 'application/xml'
    'User-Agent': 'azsdk-python-storage-blob/12.13.1 Python/3.8.15 (Linux-5.10.124-linuxkit-aarch64-with-glibc2.17)'
    'x-ms-date': 'REDACTED'
    'x-ms-client-request-id': '006e2520-4f31-11ed-896c-0242bebc0005'
    'Authorization': 'REDACTED'
No body was attached to the request
[2022-10-18 22:05:39,942] {_universal.py:504} INFO - Response status: 206
Response headers:
    'Content-Length': '594'
    'Content-Type': 'application/octet-stream'
    'Content-Range': 'REDACTED'
    'Last-Modified': 'Tue, 18 Oct 2022 22:03:53 GMT'
    'Accept-Ranges': 'REDACTED'
    'ETag': '"0x8DAB154A5070067"'
    'Server': 'Windows-Azure-Blob/1.0 Microsoft-HTTPAPI/2.0'
    'x-ms-request-id': '8d5f8020-001e-0013-173d-e39b0b000000'
    'x-ms-client-request-id': '006e2520-4f31-11ed-896c-0242bebc0005'
    'x-ms-version': 'REDACTED'
    'x-ms-creation-time': 'REDACTED'
    'x-ms-blob-content-md5': 'REDACTED'
    'x-ms-lease-status': 'REDACTED'
    'x-ms-lease-state': 'REDACTED'
    'x-ms-blob-type': 'REDACTED'
    'x-ms-server-encrypted': 'REDACTED'
    'Date': 'Tue, 18 Oct 2022 22:05:39 GMT'
[2022-10-18 22:05:39,953] {logging_mixin.py:115} INFO - <class 'pandas.core.frame.DataFrame'>
RangeIndex: 1 entries, 0 to 0
Data columns (total 13 columns):
 #   Column            Non-Null Count  Dtype 
---  ------            --------------  ----- 
 0   title             1 non-null      object
 1   link              1 non-null      object
 2   id                1 non-null      object
 3   published_at      1 non-null      object
 4   conditions        1 non-null      object
 5   intervention      1 non-null      object
 6   publisher         1 non-null      object
 7   status            1 non-null      object
 8   source            1 non-null      object
 9   keyword           1 non-null      object
 10  indication        1 non-null      object
 11  therapeutic_area  1 non-null      object
 12  updated_at        1 non-null      object
dtypes: object(13)
memory usage: 232.0+ bytes
[2022-10-18 22:05:39,969] {process_news_dag_factory.py:159} INFO - None
[2022-10-18 22:05:39,972] {process_news_dag_factory.py:167} INFO - {'id': 'NCT05578326', 'source': 'clinical_trials', 'therapeutic_area': 'Oncology', 'indication': 'Lung Cancer', 'keyword': 'Small cell lung cancer', 'title': 'Study of Trilaciclib and Lurbinectidin', 'link': 'https://clinicaltrials.gov/ct2/show/NCT05578326?cond=Small+cell+lung+cancer&sfpd_d=100', 'publisher': 'UNC Lineberger Comprehensive Cancer Center;   G1 Therapeutics, Inc.', 'published_at': '2022-10-13T12:00:00.000Z', 'updated_at': '2022-10-18T22:01:21.886Z', 'atacana_team': None, 'category': None, 'priority': None, 'content': None}
[2022-10-18 22:05:40,204] {_universal.py:476} INFO - Request URL: 'https://atacananews.blob.core.windows.net/atacana-blob-container/lung-cancer/clinical-trials/20221018/small-cell-lung-cancer/lung-cancer_clinical-trials_20221018_small-cell-lung-cancer_NCT05582031.json'
Request method: 'GET'
Request headers:
    'x-ms-range': 'REDACTED'
    'x-ms-version': 'REDACTED'
    'Accept': 'application/xml'
    'User-Agent': 'azsdk-python-storage-blob/12.13.1 Python/3.8.15 (Linux-5.10.124-linuxkit-aarch64-with-glibc2.17)'
    'x-ms-date': 'REDACTED'
    'x-ms-client-request-id': '00b2871a-4f31-11ed-896c-0242bebc0005'
    'Authorization': 'REDACTED'
No body was attached to the request
[2022-10-18 22:05:40,390] {_universal.py:504} INFO - Response status: 206
Response headers:
    'Content-Length': '911'
    'Content-Type': 'application/octet-stream'
    'Content-Range': 'REDACTED'
    'Last-Modified': 'Tue, 18 Oct 2022 22:03:54 GMT'
    'Accept-Ranges': 'REDACTED'
    'ETag': '"0x8DAB154A5F5836A"'
    'Server': 'Windows-Azure-Blob/1.0 Microsoft-HTTPAPI/2.0'
    'x-ms-request-id': '8d5f827a-001e-0013-193d-e39b0b000000'
    'x-ms-client-request-id': '00b2871a-4f31-11ed-896c-0242bebc0005'
    'x-ms-version': 'REDACTED'
    'x-ms-creation-time': 'REDACTED'
    'x-ms-blob-content-md5': 'REDACTED'
    'x-ms-lease-status': 'REDACTED'
    'x-ms-lease-state': 'REDACTED'
    'x-ms-blob-type': 'REDACTED'
    'x-ms-server-encrypted': 'REDACTED'
    'Date': 'Tue, 18 Oct 2022 22:05:39 GMT'
[2022-10-18 22:05:40,394] {logging_mixin.py:115} INFO - <class 'pandas.core.frame.DataFrame'>
RangeIndex: 1 entries, 0 to 0
Data columns (total 13 columns):
 #   Column            Non-Null Count  Dtype 
---  ------            --------------  ----- 
 0   title             1 non-null      object
 1   link              1 non-null      object
 2   id                1 non-null      object
 3   published_at      1 non-null      object
 4   conditions        1 non-null      object
 5   intervention      1 non-null      object
 6   publisher         1 non-null      object
 7   status            1 non-null      object
 8   source            1 non-null      object
 9   keyword           1 non-null      object
 10  indication        1 non-null      object
 11  therapeutic_area  1 non-null      object
 12  updated_at        1 non-null      object
dtypes: object(13)
memory usage: 232.0+ bytes
[2022-10-18 22:05:40,396] {process_news_dag_factory.py:159} INFO - None
[2022-10-18 22:05:40,399] {process_news_dag_factory.py:167} INFO - {'id': 'NCT05582031', 'source': 'clinical_trials', 'therapeutic_area': 'Oncology', 'indication': 'Lung Cancer', 'keyword': 'Small cell lung cancer', 'title': 'Regorafenib With Tislelizumab in Patients With Selected Mismatch Repair-Proficient/Microsatellite Stable Cancers', 'link': 'https://clinicaltrials.gov/ct2/show/NCT05582031?cond=Small+cell+lung+cancer&sfpd_d=100', 'publisher': 'Translational Research in Oncology;   Bayer;   Novartis', 'published_at': '2022-10-17T12:00:00.000Z', 'updated_at': '2022-10-18T22:01:21.886Z', 'atacana_team': None, 'category': None, 'priority': None, 'content': None}
[2022-10-18 22:05:40,607] {python.py:173} INFO - Done. Returned value was: None
[2022-10-18 22:05:40,617] {taskinstance.py:1395} INFO - Marking task as SUCCESS. dag_id=clinical_trials__lung_cancer__etl__20220109, task_id=load_data_to_mongodb_task, map_index=62, execution_date=20221018T200000, start_date=20221018T220530, end_date=20221018T220540
[2022-10-18 22:05:40,636] {local_task_job.py:156} INFO - Task exited with return code 0
[2022-10-18 22:05:40,659] {local_task_job.py:273} INFO - 0 downstream tasks scheduled from follow-on schedule check
