[2022-10-18 20:02:42,248] {taskinstance.py:1159} INFO - Dependencies all met for <TaskInstance: clinical_trials__lung_cancer__etl__20220109.load_data_to_blob_storage_task scheduled__2022-10-18T18:00:00+00:00 map_index=57 [queued]>
[2022-10-18 20:02:42,257] {taskinstance.py:1159} INFO - Dependencies all met for <TaskInstance: clinical_trials__lung_cancer__etl__20220109.load_data_to_blob_storage_task scheduled__2022-10-18T18:00:00+00:00 map_index=57 [queued]>
[2022-10-18 20:02:42,258] {taskinstance.py:1356} INFO - 
--------------------------------------------------------------------------------
[2022-10-18 20:02:42,260] {taskinstance.py:1357} INFO - Starting attempt 1 of 1
[2022-10-18 20:02:42,261] {taskinstance.py:1358} INFO - 
--------------------------------------------------------------------------------
[2022-10-18 20:02:42,268] {taskinstance.py:1377} INFO - Executing <Mapped(_PythonDecoratedOperator): load_data_to_blob_storage_task> on 2022-10-18 18:00:00+00:00
[2022-10-18 20:02:42,273] {standard_task_runner.py:52} INFO - Started process 4844 to run task
[2022-10-18 20:02:42,276] {standard_task_runner.py:79} INFO - Running: ['airflow', 'tasks', 'run', 'clinical_trials__lung_cancer__etl__20220109', 'load_data_to_blob_storage_task', 'scheduled__2022-10-18T18:00:00+00:00', '--job-id', '593', '--raw', '--subdir', 'DAGS_FOLDER/process_news_dags.py', '--cfg-path', '/tmp/tmp52bfr_nj', '--map-index', '57', '--error-file', '/tmp/tmpnftkmxgz']
[2022-10-18 20:02:42,277] {standard_task_runner.py:80} INFO - Job 593: Subtask load_data_to_blob_storage_task
[2022-10-18 20:02:42,289] {logging_mixin.py:115} WARNING - /root/.cache/pypoetry/virtualenvs/***-tXitOD5F-py3.8/lib/python3.8/site-packages/airflow/configuration.py:525 DeprecationWarning: The sql_alchemy_conn option in [core] has been moved to the sql_alchemy_conn option in [database] - the old setting has been used, but please update your config.
[2022-10-18 20:02:42,319] {task_command.py:370} INFO - Running <TaskInstance: clinical_trials__lung_cancer__etl__20220109.load_data_to_blob_storage_task scheduled__2022-10-18T18:00:00+00:00 map_index=57 [running]> on host 6cdf6d517dc4
[2022-10-18 20:02:42,358] {taskinstance.py:1569} INFO - Exporting the following env vars:
AIRFLOW_CTX_DAG_EMAIL=wais@datakimia.com,david@datakimia.com,juanm@datakimia.com,tomas@datakimia.com
AIRFLOW_CTX_DAG_OWNER=atacana
AIRFLOW_CTX_DAG_ID=clinical_trials__lung_cancer__etl__20220109
AIRFLOW_CTX_TASK_ID=load_data_to_blob_storage_task
AIRFLOW_CTX_EXECUTION_DATE=2022-10-18T18:00:00+00:00
AIRFLOW_CTX_TRY_NUMBER=1
AIRFLOW_CTX_DAG_RUN_ID=scheduled__2022-10-18T18:00:00+00:00
[2022-10-18 20:02:42,360] {process_news_dag_factory.py:105} INFO - Reading temp file: lung-cancer_clinical-trials_roche_20221018-18_df.json
[2022-10-18 20:02:42,376] {helpers.py:114} INFO - Going to save clinical_trials data..
[2022-10-18 20:02:42,377] {helpers.py:115} INFO -                                                title  ...                  updated_at
0  A Real-World Study to Gain Clinical Insights I...  ...  2022-10-18 20:01:13.074000
1                 R21 Roche: 3-Way Tau Tracers in AD  ...  2022-10-18 20:01:13.074000

[2 rows x 13 columns]
[2022-10-18 20:02:42,386] {helpers.py:116} INFO - Index(['title', 'link', 'id', 'published_at', 'conditions', 'intervention',
       'publisher', 'status', 'source', 'keyword', 'indication',
       'therapeutic_area', 'updated_at'],
      dtype='object')
[2022-10-18 20:02:42,390] {_universal.py:473} INFO - Request URL: 'https://atacananews.blob.core.windows.net/atacana-blob-container/lung-cancer/clinical-trials/20221018/roche/lung-cancer_clinical-trials_20221018_roche_NCT05476926.json'
Request method: 'PUT'
Request headers:
    'Content-Length': '620'
    'x-ms-blob-type': 'REDACTED'
    'x-ms-version': 'REDACTED'
    'Content-Type': 'application/octet-stream'
    'Accept': 'application/xml'
    'User-Agent': 'azsdk-python-storage-blob/12.13.1 Python/3.8.15 (Linux-5.10.124-linuxkit-aarch64-with-glibc2.17)'
    'x-ms-date': 'REDACTED'
    'x-ms-client-request-id': 'd32d6726-4f1f-11ed-80bd-0242bebc0005'
    'Authorization': 'REDACTED'
A body is sent with the request
[2022-10-18 20:02:43,291] {_universal.py:504} INFO - Response status: 201
Response headers:
    'Content-Length': '0'
    'Content-MD5': 'REDACTED'
    'Last-Modified': 'Tue, 18 Oct 2022 20:02:43 GMT'
    'ETag': '"0x8DAB143B7E96A10"'
    'Server': 'Windows-Azure-Blob/1.0 Microsoft-HTTPAPI/2.0'
    'x-ms-request-id': '6b83a9ae-c01e-000c-462c-e3280f000000'
    'x-ms-client-request-id': 'd32d6726-4f1f-11ed-80bd-0242bebc0005'
    'x-ms-version': 'REDACTED'
    'x-ms-content-crc64': 'REDACTED'
    'x-ms-request-server-encrypted': 'REDACTED'
    'Date': 'Tue, 18 Oct 2022 20:02:42 GMT'
[2022-10-18 20:02:43,293] {_universal.py:473} INFO - Request URL: 'https://atacananews.blob.core.windows.net/atacana-blob-container/lung-cancer/clinical-trials/20221018/roche/lung-cancer_clinical-trials_20221018_roche_NCT05464368.json'
Request method: 'PUT'
Request headers:
    'Content-Length': '535'
    'x-ms-blob-type': 'REDACTED'
    'x-ms-version': 'REDACTED'
    'Content-Type': 'application/octet-stream'
    'Accept': 'application/xml'
    'User-Agent': 'azsdk-python-storage-blob/12.13.1 Python/3.8.15 (Linux-5.10.124-linuxkit-aarch64-with-glibc2.17)'
    'x-ms-date': 'REDACTED'
    'x-ms-client-request-id': 'd3b744dc-4f1f-11ed-80bd-0242bebc0005'
    'Authorization': 'REDACTED'
A body is sent with the request
[2022-10-18 20:02:43,522] {_universal.py:504} INFO - Response status: 201
Response headers:
    'Content-Length': '0'
    'Content-MD5': 'REDACTED'
    'Last-Modified': 'Tue, 18 Oct 2022 20:02:43 GMT'
    'ETag': '"0x8DAB143B8107455"'
    'Server': 'Windows-Azure-Blob/1.0 Microsoft-HTTPAPI/2.0'
    'x-ms-request-id': '6b83ab81-c01e-000c-752c-e3280f000000'
    'x-ms-client-request-id': 'd3b744dc-4f1f-11ed-80bd-0242bebc0005'
    'x-ms-version': 'REDACTED'
    'x-ms-content-crc64': 'REDACTED'
    'x-ms-request-server-encrypted': 'REDACTED'
    'Date': 'Tue, 18 Oct 2022 20:02:42 GMT'
[2022-10-18 20:02:43,523] {python.py:173} INFO - Done. Returned value was: None
[2022-10-18 20:02:43,533] {taskinstance.py:1395} INFO - Marking task as SUCCESS. dag_id=clinical_trials__lung_cancer__etl__20220109, task_id=load_data_to_blob_storage_task, map_index=57, execution_date=20221018T180000, start_date=20221018T200242, end_date=20221018T200243
[2022-10-18 20:02:43,550] {local_task_job.py:156} INFO - Task exited with return code 0
[2022-10-18 20:02:43,586] {local_task_job.py:273} INFO - 0 downstream tasks scheduled from follow-on schedule check
