[2022-10-18 16:08:02,387] {taskinstance.py:1159} INFO - Dependencies all met for <TaskInstance: clinical_trials__lung_cancer__etl__20220109.get_data_task scheduled__2022-10-18T14:00:00+00:00 map_index=55 [queued]>
[2022-10-18 16:08:02,394] {taskinstance.py:1159} INFO - Dependencies all met for <TaskInstance: clinical_trials__lung_cancer__etl__20220109.get_data_task scheduled__2022-10-18T14:00:00+00:00 map_index=55 [queued]>
[2022-10-18 16:08:02,395] {taskinstance.py:1356} INFO - 
--------------------------------------------------------------------------------
[2022-10-18 16:08:02,396] {taskinstance.py:1357} INFO - Starting attempt 1 of 1
[2022-10-18 16:08:02,397] {taskinstance.py:1358} INFO - 
--------------------------------------------------------------------------------
[2022-10-18 16:08:02,404] {taskinstance.py:1377} INFO - Executing <Mapped(_PythonDecoratedOperator): get_data_task> on 2022-10-18 14:00:00+00:00
[2022-10-18 16:08:02,407] {standard_task_runner.py:52} INFO - Started process 714 to run task
[2022-10-18 16:08:02,410] {standard_task_runner.py:79} INFO - Running: ['airflow', 'tasks', 'run', 'clinical_trials__lung_cancer__etl__20220109', 'get_data_task', 'scheduled__2022-10-18T14:00:00+00:00', '--job-id', '70', '--raw', '--subdir', 'DAGS_FOLDER/process_news_dags.py', '--cfg-path', '/tmp/tmp687e_s81', '--map-index', '55', '--error-file', '/tmp/tmpep8y5zh8']
[2022-10-18 16:08:02,412] {standard_task_runner.py:80} INFO - Job 70: Subtask get_data_task
[2022-10-18 16:08:02,422] {logging_mixin.py:115} WARNING - /root/.cache/pypoetry/virtualenvs/***-tXitOD5F-py3.8/lib/python3.8/site-packages/airflow/configuration.py:525 DeprecationWarning: The sql_alchemy_conn option in [core] has been moved to the sql_alchemy_conn option in [database] - the old setting has been used, but please update your config.
[2022-10-18 16:08:02,447] {task_command.py:370} INFO - Running <TaskInstance: clinical_trials__lung_cancer__etl__20220109.get_data_task scheduled__2022-10-18T14:00:00+00:00 map_index=55 [running]> on host 6cdf6d517dc4
[2022-10-18 16:08:02,484] {taskinstance.py:1569} INFO - Exporting the following env vars:
AIRFLOW_CTX_DAG_EMAIL=wais@datakimia.com,david@datakimia.com,juanm@datakimia.com,tomas@datakimia.com
AIRFLOW_CTX_DAG_OWNER=atacana
AIRFLOW_CTX_DAG_ID=clinical_trials__lung_cancer__etl__20220109
AIRFLOW_CTX_TASK_ID=get_data_task
AIRFLOW_CTX_EXECUTION_DATE=2022-10-18T14:00:00+00:00
AIRFLOW_CTX_TRY_NUMBER=1
AIRFLOW_CTX_DAG_RUN_ID=scheduled__2022-10-18T14:00:00+00:00
[2022-10-18 16:08:02,487] {process_news_dag_factory.py:57} INFO - Extracting data for indication: Lung Cancer, source: clinical_trials, TA: Oncology, keyword: RO5541267 
[2022-10-18 16:08:02,488] {extract.py:30} INFO - Going to extract clinicaltrials data about keyword RO5541267
[2022-10-18 16:08:03,462] {process_news_dag_factory.py:66} INFO - Skipping... No new news articles found for clinical_trials-RO5541267
[2022-10-18 16:08:03,470] {taskinstance.py:1395} INFO - Marking task as SKIPPED. dag_id=clinical_trials__lung_cancer__etl__20220109, task_id=get_data_task, map_index=55, execution_date=20221018T140000, start_date=20221018T160802, end_date=20221018T160803
[2022-10-18 16:08:03,519] {local_task_job.py:156} INFO - Task exited with return code 0
[2022-10-18 16:08:03,638] {local_task_job.py:273} INFO - 0 downstream tasks scheduled from follow-on schedule check
