[2022-10-18 20:07:54,431] {taskinstance.py:1159} INFO - Dependencies all met for <TaskInstance: clinical_trials__lung_cancer__etl__20220109.load_data_to_mongodb_task scheduled__2022-10-18T18:00:00+00:00 map_index=23 [queued]>
[2022-10-18 20:07:54,442] {taskinstance.py:1159} INFO - Dependencies all met for <TaskInstance: clinical_trials__lung_cancer__etl__20220109.load_data_to_mongodb_task scheduled__2022-10-18T18:00:00+00:00 map_index=23 [queued]>
[2022-10-18 20:07:54,443] {taskinstance.py:1356} INFO - 
--------------------------------------------------------------------------------
[2022-10-18 20:07:54,444] {taskinstance.py:1357} INFO - Starting attempt 1 of 1
[2022-10-18 20:07:54,445] {taskinstance.py:1358} INFO - 
--------------------------------------------------------------------------------
[2022-10-18 20:07:54,452] {taskinstance.py:1377} INFO - Executing <Mapped(_PythonDecoratedOperator): load_data_to_mongodb_task> on 2022-10-18 18:00:00+00:00
[2022-10-18 20:07:54,456] {standard_task_runner.py:52} INFO - Started process 5474 to run task
[2022-10-18 20:07:54,460] {standard_task_runner.py:79} INFO - Running: ['airflow', 'tasks', 'run', 'clinical_trials__lung_cancer__etl__20220109', 'load_data_to_mongodb_task', 'scheduled__2022-10-18T18:00:00+00:00', '--job-id', '686', '--raw', '--subdir', 'DAGS_FOLDER/process_news_dags.py', '--cfg-path', '/tmp/tmpbwx43zh9', '--map-index', '23', '--error-file', '/tmp/tmppacnb6p7']
[2022-10-18 20:07:54,462] {standard_task_runner.py:80} INFO - Job 686: Subtask load_data_to_mongodb_task
[2022-10-18 20:07:54,473] {logging_mixin.py:115} WARNING - /root/.cache/pypoetry/virtualenvs/***-tXitOD5F-py3.8/lib/python3.8/site-packages/airflow/configuration.py:525 DeprecationWarning: The sql_alchemy_conn option in [core] has been moved to the sql_alchemy_conn option in [database] - the old setting has been used, but please update your config.
[2022-10-18 20:07:54,499] {task_command.py:370} INFO - Running <TaskInstance: clinical_trials__lung_cancer__etl__20220109.load_data_to_mongodb_task scheduled__2022-10-18T18:00:00+00:00 map_index=23 [running]> on host 6cdf6d517dc4
[2022-10-18 20:07:54,539] {taskinstance.py:1569} INFO - Exporting the following env vars:
AIRFLOW_CTX_DAG_EMAIL=wais@datakimia.com,david@datakimia.com,juanm@datakimia.com,tomas@datakimia.com
AIRFLOW_CTX_DAG_OWNER=atacana
AIRFLOW_CTX_DAG_ID=clinical_trials__lung_cancer__etl__20220109
AIRFLOW_CTX_TASK_ID=load_data_to_mongodb_task
AIRFLOW_CTX_EXECUTION_DATE=2022-10-18T18:00:00+00:00
AIRFLOW_CTX_TRY_NUMBER=1
AIRFLOW_CTX_DAG_RUN_ID=scheduled__2022-10-18T18:00:00+00:00
[2022-10-18 20:07:54,541] {process_news_dag_factory.py:128} INFO - Going to load data from clinical_trials about topic MDX-1106
[2022-10-18 20:07:54,561] {db_helpers.py:35} INFO - Connected successfully!!!
[2022-10-18 20:07:54,565] {_universal.py:476} INFO - Request URL: 'https://atacananews.blob.core.windows.net/atacana-blob-container?restype=REDACTED&comp=REDACTED&prefix=REDACTED&delimiter=REDACTED'
Request method: 'GET'
Request headers:
    'x-ms-version': 'REDACTED'
    'Accept': 'application/xml'
    'User-Agent': 'azsdk-python-storage-blob/12.13.1 Python/3.8.15 (Linux-5.10.124-linuxkit-aarch64-with-glibc2.17)'
    'x-ms-date': 'REDACTED'
    'x-ms-client-request-id': '8d3f8a0e-4f20-11ed-8a48-0242bebc0005'
    'Authorization': 'REDACTED'
No body was attached to the request
[2022-10-18 20:07:55,480] {_universal.py:504} INFO - Response status: 200
Response headers:
    'Transfer-Encoding': 'chunked'
    'Content-Type': 'application/xml'
    'Server': 'Windows-Azure-Blob/1.0 Microsoft-HTTPAPI/2.0'
    'x-ms-request-id': 'd60756a3-c01e-007e-072d-e32f40000000'
    'x-ms-client-request-id': '8d3f8a0e-4f20-11ed-8a48-0242bebc0005'
    'x-ms-version': 'REDACTED'
    'Date': 'Tue, 18 Oct 2022 20:07:55 GMT'
[2022-10-18 20:07:55,496] {_universal.py:476} INFO - Request URL: 'https://atacananews.blob.core.windows.net/atacana-blob-container/lung-cancer/clinical-trials/20221018/mdx-1106/lung-cancer_clinical-trials_20221018_mdx-1106_NCT05457959.json'
Request method: 'GET'
Request headers:
    'x-ms-range': 'REDACTED'
    'x-ms-version': 'REDACTED'
    'Accept': 'application/xml'
    'User-Agent': 'azsdk-python-storage-blob/12.13.1 Python/3.8.15 (Linux-5.10.124-linuxkit-aarch64-with-glibc2.17)'
    'x-ms-date': 'REDACTED'
    'x-ms-client-request-id': '8dcd9d58-4f20-11ed-8a48-0242bebc0005'
    'Authorization': 'REDACTED'
No body was attached to the request
[2022-10-18 20:07:55,683] {_universal.py:504} INFO - Response status: 206
Response headers:
    'Content-Length': '841'
    'Content-Type': 'application/octet-stream'
    'Content-Range': 'REDACTED'
    'Last-Modified': 'Tue, 18 Oct 2022 20:03:39 GMT'
    'Accept-Ranges': 'REDACTED'
    'ETag': '"0x8DAB143D96F4334"'
    'Server': 'Windows-Azure-Blob/1.0 Microsoft-HTTPAPI/2.0'
    'x-ms-request-id': 'd60757a2-c01e-007e-6c2d-e32f40000000'
    'x-ms-client-request-id': '8dcd9d58-4f20-11ed-8a48-0242bebc0005'
    'x-ms-version': 'REDACTED'
    'x-ms-creation-time': 'REDACTED'
    'x-ms-blob-content-md5': 'REDACTED'
    'x-ms-lease-status': 'REDACTED'
    'x-ms-lease-state': 'REDACTED'
    'x-ms-blob-type': 'REDACTED'
    'x-ms-server-encrypted': 'REDACTED'
    'Date': 'Tue, 18 Oct 2022 20:07:55 GMT'
[2022-10-18 20:07:55,717] {logging_mixin.py:115} INFO - <class 'pandas.core.frame.DataFrame'>
RangeIndex: 1 entries, 0 to 0
Data columns (total 13 columns):
 #   Column            Non-Null Count  Dtype 
---  ------            --------------  ----- 
 0   title             1 non-null      object
 1   link              1 non-null      object
 2   id                1 non-null      object
 3   published_at      1 non-null      object
 4   conditions        1 non-null      object
 5   intervention      1 non-null      object
 6   publisher         1 non-null      object
 7   status            1 non-null      object
 8   source            1 non-null      object
 9   keyword           1 non-null      object
 10  indication        1 non-null      object
 11  therapeutic_area  1 non-null      object
 12  updated_at        1 non-null      object
dtypes: object(13)
memory usage: 232.0+ bytes
[2022-10-18 20:07:55,720] {process_news_dag_factory.py:159} INFO - None
[2022-10-18 20:07:55,726] {process_news_dag_factory.py:167} INFO - {'id': 'NCT05457959', 'source': 'clinical_trials', 'therapeutic_area': 'Oncology', 'indication': 'Lung Cancer', 'keyword': 'MDX-1106', 'title': 'Peptide-Pulsed Dendritic Cell Vaccination in Combination With Nivolumab and Ipilimumab for the Treatment of Recurrent and/or Progressive Diffuse Hemispheric Glioma, H3 G34-mutant', 'link': 'https://clinicaltrials.gov/ct2/show/NCT05457959?cond=MDX-1106&sfpd_d=100', 'publisher': 'Jonsson Comprehensive Cancer Center', 'published_at': '2022-07-14T12:00:00.000Z', 'updated_at': '2022-10-18T20:00:33.038Z', 'atacana_team': None, 'category': None, 'priority': None, 'content': None}
[2022-10-18 20:07:56,919] {_universal.py:476} INFO - Request URL: 'https://atacananews.blob.core.windows.net/atacana-blob-container/lung-cancer/clinical-trials/20221018/mdx-1106/lung-cancer_clinical-trials_20221018_mdx-1106_NCT05465174.json'
Request method: 'GET'
Request headers:
    'x-ms-range': 'REDACTED'
    'x-ms-version': 'REDACTED'
    'Accept': 'application/xml'
    'User-Agent': 'azsdk-python-storage-blob/12.13.1 Python/3.8.15 (Linux-5.10.124-linuxkit-aarch64-with-glibc2.17)'
    'x-ms-date': 'REDACTED'
    'x-ms-client-request-id': '8ea6cda8-4f20-11ed-8a48-0242bebc0005'
    'Authorization': 'REDACTED'
No body was attached to the request
[2022-10-18 20:07:57,100] {_universal.py:504} INFO - Response status: 206
Response headers:
    'Content-Length': '650'
    'Content-Type': 'application/octet-stream'
    'Content-Range': 'REDACTED'
    'Last-Modified': 'Tue, 18 Oct 2022 20:03:37 GMT'
    'Accept-Ranges': 'REDACTED'
    'ETag': '"0x8DAB143D8696AF7"'
    'Server': 'Windows-Azure-Blob/1.0 Microsoft-HTTPAPI/2.0'
    'x-ms-request-id': 'd6075bc6-c01e-007e-352d-e32f40000000'
    'x-ms-client-request-id': '8ea6cda8-4f20-11ed-8a48-0242bebc0005'
    'x-ms-version': 'REDACTED'
    'x-ms-creation-time': 'REDACTED'
    'x-ms-blob-content-md5': 'REDACTED'
    'x-ms-lease-status': 'REDACTED'
    'x-ms-lease-state': 'REDACTED'
    'x-ms-blob-type': 'REDACTED'
    'x-ms-server-encrypted': 'REDACTED'
    'Date': 'Tue, 18 Oct 2022 20:07:57 GMT'
[2022-10-18 20:07:57,111] {logging_mixin.py:115} INFO - <class 'pandas.core.frame.DataFrame'>
RangeIndex: 1 entries, 0 to 0
Data columns (total 13 columns):
 #   Column            Non-Null Count  Dtype 
---  ------            --------------  ----- 
 0   title             1 non-null      object
 1   link              1 non-null      object
 2   id                1 non-null      object
 3   published_at      1 non-null      object
 4   conditions        1 non-null      object
 5   intervention      1 non-null      object
 6   publisher         1 non-null      object
 7   status            1 non-null      object
 8   source            1 non-null      object
 9   keyword           1 non-null      object
 10  indication        1 non-null      object
 11  therapeutic_area  1 non-null      object
 12  updated_at        1 non-null      object
dtypes: object(13)
memory usage: 232.0+ bytes
[2022-10-18 20:07:57,112] {process_news_dag_factory.py:159} INFO - None
[2022-10-18 20:07:57,116] {process_news_dag_factory.py:167} INFO - {'id': 'NCT05465174', 'source': 'clinical_trials', 'therapeutic_area': 'Oncology', 'indication': 'Lung Cancer', 'keyword': 'MDX-1106', 'title': 'Nivolumab and DAY101 for Treatment of Craniopharyngioma in Children and Young Adults', 'link': 'https://clinicaltrials.gov/ct2/show/NCT05465174?cond=MDX-1106&sfpd_d=100', 'publisher': 'Sabine Mueller, MD, PhD;   Bristol-Myers Squibb;   Day One Biopharmaceuticals, Inc.', 'published_at': '2022-07-19T12:00:00.000Z', 'updated_at': '2022-10-18T20:00:33.038Z', 'atacana_team': None, 'category': None, 'priority': None, 'content': None}
[2022-10-18 20:07:57,338] {_universal.py:476} INFO - Request URL: 'https://atacananews.blob.core.windows.net/atacana-blob-container/lung-cancer/clinical-trials/20221018/mdx-1106/lung-cancer_clinical-trials_20221018_mdx-1106_NCT05468294.json'
Request method: 'GET'
Request headers:
    'x-ms-range': 'REDACTED'
    'x-ms-version': 'REDACTED'
    'Accept': 'application/xml'
    'User-Agent': 'azsdk-python-storage-blob/12.13.1 Python/3.8.15 (Linux-5.10.124-linuxkit-aarch64-with-glibc2.17)'
    'x-ms-date': 'REDACTED'
    'x-ms-client-request-id': '8ee69d5c-4f20-11ed-8a48-0242bebc0005'
    'Authorization': 'REDACTED'
No body was attached to the request
[2022-10-18 20:07:57,520] {_universal.py:504} INFO - Response status: 206
Response headers:
    'Content-Length': '560'
    'Content-Type': 'application/octet-stream'
    'Content-Range': 'REDACTED'
    'Last-Modified': 'Tue, 18 Oct 2022 20:03:38 GMT'
    'Accept-Ranges': 'REDACTED'
    'ETag': '"0x8DAB143D8F876C4"'
    'Server': 'Windows-Azure-Blob/1.0 Microsoft-HTTPAPI/2.0'
    'x-ms-request-id': 'd6075cfe-c01e-007e-542d-e32f40000000'
    'x-ms-client-request-id': '8ee69d5c-4f20-11ed-8a48-0242bebc0005'
    'x-ms-version': 'REDACTED'
    'x-ms-creation-time': 'REDACTED'
    'x-ms-blob-content-md5': 'REDACTED'
    'x-ms-lease-status': 'REDACTED'
    'x-ms-lease-state': 'REDACTED'
    'x-ms-blob-type': 'REDACTED'
    'x-ms-server-encrypted': 'REDACTED'
    'Date': 'Tue, 18 Oct 2022 20:07:57 GMT'
[2022-10-18 20:07:57,524] {logging_mixin.py:115} INFO - <class 'pandas.core.frame.DataFrame'>
RangeIndex: 1 entries, 0 to 0
Data columns (total 13 columns):
 #   Column            Non-Null Count  Dtype 
---  ------            --------------  ----- 
 0   title             1 non-null      object
 1   link              1 non-null      object
 2   id                1 non-null      object
 3   published_at      1 non-null      object
 4   conditions        1 non-null      object
 5   intervention      1 non-null      object
 6   publisher         1 non-null      object
 7   status            1 non-null      object
 8   source            1 non-null      object
 9   keyword           1 non-null      object
 10  indication        1 non-null      object
 11  therapeutic_area  1 non-null      object
 12  updated_at        1 non-null      object
dtypes: object(13)
memory usage: 232.0+ bytes
[2022-10-18 20:07:57,526] {process_news_dag_factory.py:159} INFO - None
[2022-10-18 20:07:57,529] {process_news_dag_factory.py:167} INFO - {'id': 'NCT05468294', 'source': 'clinical_trials', 'therapeutic_area': 'Oncology', 'indication': 'Lung Cancer', 'keyword': 'MDX-1106', 'title': 'F16IL2 in Combination With Nivolumab in Patients With Non-small Cell Lung Cancer', 'link': 'https://clinicaltrials.gov/ct2/show/NCT05468294?cond=MDX-1106&sfpd_d=100', 'publisher': 'Philogen S.p.A.', 'published_at': '2022-07-21T12:00:00.000Z', 'updated_at': '2022-10-18T20:00:33.038Z', 'atacana_team': None, 'category': None, 'priority': None, 'content': None}
[2022-10-18 20:07:57,730] {_universal.py:476} INFO - Request URL: 'https://atacananews.blob.core.windows.net/atacana-blob-container/lung-cancer/clinical-trials/20221018/mdx-1106/lung-cancer_clinical-trials_20221018_mdx-1106_NCT05472506.json'
Request method: 'GET'
Request headers:
    'x-ms-range': 'REDACTED'
    'x-ms-version': 'REDACTED'
    'Accept': 'application/xml'
    'User-Agent': 'azsdk-python-storage-blob/12.13.1 Python/3.8.15 (Linux-5.10.124-linuxkit-aarch64-with-glibc2.17)'
    'x-ms-date': 'REDACTED'
    'x-ms-client-request-id': '8f226b48-4f20-11ed-8a48-0242bebc0005'
    'Authorization': 'REDACTED'
No body was attached to the request
[2022-10-18 20:07:57,914] {_universal.py:504} INFO - Response status: 206
Response headers:
    'Content-Length': '701'
    'Content-Type': 'application/octet-stream'
    'Content-Range': 'REDACTED'
    'Last-Modified': 'Tue, 18 Oct 2022 20:03:37 GMT'
    'Accept-Ranges': 'REDACTED'
    'ETag': '"0x8DAB143D8861690"'
    'Server': 'Windows-Azure-Blob/1.0 Microsoft-HTTPAPI/2.0'
    'x-ms-request-id': 'd6075e33-c01e-007e-7b2d-e32f40000000'
    'x-ms-client-request-id': '8f226b48-4f20-11ed-8a48-0242bebc0005'
    'x-ms-version': 'REDACTED'
    'x-ms-creation-time': 'REDACTED'
    'x-ms-blob-content-md5': 'REDACTED'
    'x-ms-lease-status': 'REDACTED'
    'x-ms-lease-state': 'REDACTED'
    'x-ms-blob-type': 'REDACTED'
    'x-ms-server-encrypted': 'REDACTED'
    'Date': 'Tue, 18 Oct 2022 20:07:57 GMT'
[2022-10-18 20:07:57,918] {logging_mixin.py:115} INFO - <class 'pandas.core.frame.DataFrame'>
RangeIndex: 1 entries, 0 to 0
Data columns (total 13 columns):
 #   Column            Non-Null Count  Dtype 
---  ------            --------------  ----- 
 0   title             1 non-null      object
 1   link              1 non-null      object
 2   id                1 non-null      object
 3   published_at      1 non-null      object
 4   conditions        1 non-null      object
 5   intervention      1 non-null      object
 6   publisher         1 non-null      object
 7   status            1 non-null      object
 8   source            1 non-null      object
 9   keyword           1 non-null      object
 10  indication        1 non-null      object
 11  therapeutic_area  1 non-null      object
 12  updated_at        1 non-null      object
dtypes: object(13)
memory usage: 232.0+ bytes
[2022-10-18 20:07:57,919] {process_news_dag_factory.py:159} INFO - None
[2022-10-18 20:07:57,921] {process_news_dag_factory.py:167} INFO - {'id': 'NCT05472506', 'source': 'clinical_trials', 'therapeutic_area': 'Oncology', 'indication': 'Lung Cancer', 'keyword': 'MDX-1106', 'title': 'Oral AHR Antagonist in Combination With Nivolumab in Patients With PD-1 Resistant Metastatic or Recurrent Head and Neck Cancer', 'link': 'https://clinicaltrials.gov/ct2/show/NCT05472506?cond=MDX-1106&sfpd_d=100', 'publisher': 'Ikena Oncology;   Bristol-Myers Squibb', 'published_at': '2022-07-25T12:00:00.000Z', 'updated_at': '2022-10-18T20:00:33.038Z', 'atacana_team': None, 'category': None, 'priority': None, 'content': None}
[2022-10-18 20:07:58,123] {_universal.py:476} INFO - Request URL: 'https://atacananews.blob.core.windows.net/atacana-blob-container/lung-cancer/clinical-trials/20221018/mdx-1106/lung-cancer_clinical-trials_20221018_mdx-1106_NCT05472623.json'
Request method: 'GET'
Request headers:
    'x-ms-range': 'REDACTED'
    'x-ms-version': 'REDACTED'
    'Accept': 'application/xml'
    'User-Agent': 'azsdk-python-storage-blob/12.13.1 Python/3.8.15 (Linux-5.10.124-linuxkit-aarch64-with-glibc2.17)'
    'x-ms-date': 'REDACTED'
    'x-ms-client-request-id': '8f5e5ffe-4f20-11ed-8a48-0242bebc0005'
    'Authorization': 'REDACTED'
No body was attached to the request
[2022-10-18 20:07:58,310] {_universal.py:504} INFO - Response status: 206
Response headers:
    'Content-Length': '680'
    'Content-Type': 'application/octet-stream'
    'Content-Range': 'REDACTED'
    'Last-Modified': 'Tue, 18 Oct 2022 20:03:37 GMT'
    'Accept-Ranges': 'REDACTED'
    'ETag': '"0x8DAB143D81145AD"'
    'Server': 'Windows-Azure-Blob/1.0 Microsoft-HTTPAPI/2.0'
    'x-ms-request-id': 'd6075f9d-c01e-007e-542d-e32f40000000'
    'x-ms-client-request-id': '8f5e5ffe-4f20-11ed-8a48-0242bebc0005'
    'x-ms-version': 'REDACTED'
    'x-ms-creation-time': 'REDACTED'
    'x-ms-blob-content-md5': 'REDACTED'
    'x-ms-lease-status': 'REDACTED'
    'x-ms-lease-state': 'REDACTED'
    'x-ms-blob-type': 'REDACTED'
    'x-ms-server-encrypted': 'REDACTED'
    'Date': 'Tue, 18 Oct 2022 20:07:58 GMT'
[2022-10-18 20:07:58,321] {logging_mixin.py:115} INFO - <class 'pandas.core.frame.DataFrame'>
RangeIndex: 1 entries, 0 to 0
Data columns (total 13 columns):
 #   Column            Non-Null Count  Dtype 
---  ------            --------------  ----- 
 0   title             1 non-null      object
 1   link              1 non-null      object
 2   id                1 non-null      object
 3   published_at      1 non-null      object
 4   conditions        1 non-null      object
 5   intervention      1 non-null      object
 6   publisher         1 non-null      object
 7   status            1 non-null      object
 8   source            1 non-null      object
 9   keyword           1 non-null      object
 10  indication        1 non-null      object
 11  therapeutic_area  1 non-null      object
 12  updated_at        1 non-null      object
dtypes: object(13)
memory usage: 232.0+ bytes
[2022-10-18 20:07:58,322] {process_news_dag_factory.py:159} INFO - None
[2022-10-18 20:07:58,326] {process_news_dag_factory.py:167} INFO - {'id': 'NCT05472623', 'source': 'clinical_trials', 'therapeutic_area': 'Oncology', 'indication': 'Lung Cancer', 'keyword': 'MDX-1106', 'title': 'Neoadjuvant KRAS G12C Directed Therapy With Adagrasib (MRTX849) With or Without Nivolumab', 'link': 'https://clinicaltrials.gov/ct2/show/NCT05472623?cond=MDX-1106&sfpd_d=100', 'publisher': 'Sidney Kimmel Comprehensive Cancer Center at Johns Hopkins;   Mirati Therapeutics Inc.;   Bristol-Myers Squibb', 'published_at': '2022-07-25T12:00:00.000Z', 'updated_at': '2022-10-18T20:00:33.038Z', 'atacana_team': None, 'category': None, 'priority': None, 'content': None}
[2022-10-18 20:07:58,527] {_universal.py:476} INFO - Request URL: 'https://atacananews.blob.core.windows.net/atacana-blob-container/lung-cancer/clinical-trials/20221018/mdx-1106/lung-cancer_clinical-trials_20221018_mdx-1106_NCT05480384.json'
Request method: 'GET'
Request headers:
    'x-ms-range': 'REDACTED'
    'x-ms-version': 'REDACTED'
    'Accept': 'application/xml'
    'User-Agent': 'azsdk-python-storage-blob/12.13.1 Python/3.8.15 (Linux-5.10.124-linuxkit-aarch64-with-glibc2.17)'
    'x-ms-date': 'REDACTED'
    'x-ms-client-request-id': '8f9c1dee-4f20-11ed-8a48-0242bebc0005'
    'Authorization': 'REDACTED'
No body was attached to the request
[2022-10-18 20:07:58,715] {_universal.py:504} INFO - Response status: 206
Response headers:
    'Content-Length': '780'
    'Content-Type': 'application/octet-stream'
    'Content-Range': 'REDACTED'
    'Last-Modified': 'Tue, 18 Oct 2022 20:03:39 GMT'
    'Accept-Ranges': 'REDACTED'
    'ETag': '"0x8DAB143D98BC7AE"'
    'Server': 'Windows-Azure-Blob/1.0 Microsoft-HTTPAPI/2.0'
    'x-ms-request-id': 'd60760f5-c01e-007e-142d-e32f40000000'
    'x-ms-client-request-id': '8f9c1dee-4f20-11ed-8a48-0242bebc0005'
    'x-ms-version': 'REDACTED'
    'x-ms-creation-time': 'REDACTED'
    'x-ms-blob-content-md5': 'REDACTED'
    'x-ms-lease-status': 'REDACTED'
    'x-ms-lease-state': 'REDACTED'
    'x-ms-blob-type': 'REDACTED'
    'x-ms-server-encrypted': 'REDACTED'
    'Date': 'Tue, 18 Oct 2022 20:07:58 GMT'
[2022-10-18 20:07:58,723] {logging_mixin.py:115} INFO - <class 'pandas.core.frame.DataFrame'>
RangeIndex: 1 entries, 0 to 0
Data columns (total 13 columns):
 #   Column            Non-Null Count  Dtype 
---  ------            --------------  ----- 
 0   title             1 non-null      object
 1   link              1 non-null      object
 2   id                1 non-null      object
 3   published_at      1 non-null      object
 4   conditions        1 non-null      object
 5   intervention      1 non-null      object
 6   publisher         1 non-null      object
 7   status            1 non-null      object
 8   source            1 non-null      object
 9   keyword           1 non-null      object
 10  indication        1 non-null      object
 11  therapeutic_area  1 non-null      object
 12  updated_at        1 non-null      object
dtypes: object(13)
memory usage: 232.0+ bytes
[2022-10-18 20:07:58,724] {process_news_dag_factory.py:159} INFO - None
[2022-10-18 20:07:58,727] {process_news_dag_factory.py:167} INFO - {'id': 'NCT05480384', 'source': 'clinical_trials', 'therapeutic_area': 'Oncology', 'indication': 'Lung Cancer', 'keyword': 'MDX-1106', 'title': 'Adjuvant Trastuzumab Deruxtecan (Enhertu) & Nivolumab For Patients Who Are Disease Free After Completion of Trimodality Treatment For HER-2- Positive Cancers of the Esophagus and Gastroesophageal Junction', 'link': 'https://clinicaltrials.gov/ct2/show/NCT05480384?cond=MDX-1106&sfpd_d=100', 'publisher': 'Brown University;   AstraZeneca', 'published_at': '2022-07-29T12:00:00.000Z', 'updated_at': '2022-10-18T20:00:33.038Z', 'atacana_team': None, 'category': None, 'priority': None, 'content': None}
[2022-10-18 20:07:58,940] {_universal.py:476} INFO - Request URL: 'https://atacananews.blob.core.windows.net/atacana-blob-container/lung-cancer/clinical-trials/20221018/mdx-1106/lung-cancer_clinical-trials_20221018_mdx-1106_NCT05482451.json'
Request method: 'GET'
Request headers:
    'x-ms-range': 'REDACTED'
    'x-ms-version': 'REDACTED'
    'Accept': 'application/xml'
    'User-Agent': 'azsdk-python-storage-blob/12.13.1 Python/3.8.15 (Linux-5.10.124-linuxkit-aarch64-with-glibc2.17)'
    'x-ms-date': 'REDACTED'
    'x-ms-client-request-id': '8fdb1a80-4f20-11ed-8a48-0242bebc0005'
    'Authorization': 'REDACTED'
No body was attached to the request
[2022-10-18 20:07:59,122] {_universal.py:504} INFO - Response status: 206
Response headers:
    'Content-Length': '542'
    'Content-Type': 'application/octet-stream'
    'Content-Range': 'REDACTED'
    'Last-Modified': 'Tue, 18 Oct 2022 20:03:37 GMT'
    'Accept-Ranges': 'REDACTED'
    'ETag': '"0x8DAB143D7F3FDF2"'
    'Server': 'Windows-Azure-Blob/1.0 Microsoft-HTTPAPI/2.0'
    'x-ms-request-id': 'd60762a6-c01e-007e-262d-e32f40000000'
    'x-ms-client-request-id': '8fdb1a80-4f20-11ed-8a48-0242bebc0005'
    'x-ms-version': 'REDACTED'
    'x-ms-creation-time': 'REDACTED'
    'x-ms-blob-content-md5': 'REDACTED'
    'x-ms-lease-status': 'REDACTED'
    'x-ms-lease-state': 'REDACTED'
    'x-ms-blob-type': 'REDACTED'
    'x-ms-server-encrypted': 'REDACTED'
    'Date': 'Tue, 18 Oct 2022 20:07:59 GMT'
[2022-10-18 20:07:59,128] {logging_mixin.py:115} INFO - <class 'pandas.core.frame.DataFrame'>
RangeIndex: 1 entries, 0 to 0
Data columns (total 13 columns):
 #   Column            Non-Null Count  Dtype 
---  ------            --------------  ----- 
 0   title             1 non-null      object
 1   link              1 non-null      object
 2   id                1 non-null      object
 3   published_at      1 non-null      object
 4   conditions        1 non-null      object
 5   intervention      1 non-null      object
 6   publisher         1 non-null      object
 7   status            1 non-null      object
 8   source            1 non-null      object
 9   keyword           1 non-null      object
 10  indication        1 non-null      object
 11  therapeutic_area  1 non-null      object
 12  updated_at        1 non-null      object
dtypes: object(13)
memory usage: 232.0+ bytes
[2022-10-18 20:07:59,131] {process_news_dag_factory.py:159} INFO - None
[2022-10-18 20:07:59,134] {process_news_dag_factory.py:167} INFO - {'id': 'NCT05482451', 'source': 'clinical_trials', 'therapeutic_area': 'Oncology', 'indication': 'Lung Cancer', 'keyword': 'MDX-1106', 'title': 'Nivolumab and All-trans Retinoic Acid for Pancreatic Cancer', 'link': 'https://clinicaltrials.gov/ct2/show/NCT05482451?cond=MDX-1106&sfpd_d=100', 'publisher': 'China Medical University Hospital', 'published_at': '2022-08-01T12:00:00.000Z', 'updated_at': '2022-10-18T20:00:33.038Z', 'atacana_team': None, 'category': None, 'priority': None, 'content': None}
[2022-10-18 20:07:59,336] {_universal.py:476} INFO - Request URL: 'https://atacananews.blob.core.windows.net/atacana-blob-container/lung-cancer/clinical-trials/20221018/mdx-1106/lung-cancer_clinical-trials_20221018_mdx-1106_NCT05491616.json'
Request method: 'GET'
Request headers:
    'x-ms-range': 'REDACTED'
    'x-ms-version': 'REDACTED'
    'Accept': 'application/xml'
    'User-Agent': 'azsdk-python-storage-blob/12.13.1 Python/3.8.15 (Linux-5.10.124-linuxkit-aarch64-with-glibc2.17)'
    'x-ms-date': 'REDACTED'
    'x-ms-client-request-id': '90177a16-4f20-11ed-8a48-0242bebc0005'
    'Authorization': 'REDACTED'
No body was attached to the request
[2022-10-18 20:07:59,519] {_universal.py:504} INFO - Response status: 206
Response headers:
    'Content-Length': '535'
    'Content-Type': 'application/octet-stream'
    'Content-Range': 'REDACTED'
    'Last-Modified': 'Tue, 18 Oct 2022 20:03:36 GMT'
    'Accept-Ranges': 'REDACTED'
    'ETag': '"0x8DAB143D77FC94A"'
    'Server': 'Windows-Azure-Blob/1.0 Microsoft-HTTPAPI/2.0'
    'x-ms-request-id': 'd607642a-c01e-007e-162d-e32f40000000'
    'x-ms-client-request-id': '90177a16-4f20-11ed-8a48-0242bebc0005'
    'x-ms-version': 'REDACTED'
    'x-ms-creation-time': 'REDACTED'
    'x-ms-blob-content-md5': 'REDACTED'
    'x-ms-lease-status': 'REDACTED'
    'x-ms-lease-state': 'REDACTED'
    'x-ms-blob-type': 'REDACTED'
    'x-ms-server-encrypted': 'REDACTED'
    'Date': 'Tue, 18 Oct 2022 20:07:59 GMT'
[2022-10-18 20:07:59,527] {logging_mixin.py:115} INFO - <class 'pandas.core.frame.DataFrame'>
RangeIndex: 1 entries, 0 to 0
Data columns (total 13 columns):
 #   Column            Non-Null Count  Dtype 
---  ------            --------------  ----- 
 0   title             1 non-null      object
 1   link              1 non-null      object
 2   id                1 non-null      object
 3   published_at      1 non-null      object
 4   conditions        1 non-null      object
 5   intervention      1 non-null      object
 6   publisher         1 non-null      object
 7   status            1 non-null      object
 8   source            1 non-null      object
 9   keyword           1 non-null      object
 10  indication        1 non-null      object
 11  therapeutic_area  1 non-null      object
 12  updated_at        1 non-null      object
dtypes: object(13)
memory usage: 232.0+ bytes
[2022-10-18 20:07:59,528] {process_news_dag_factory.py:159} INFO - None
[2022-10-18 20:07:59,531] {process_news_dag_factory.py:167} INFO - {'id': 'NCT05491616', 'source': 'clinical_trials', 'therapeutic_area': 'Oncology', 'indication': 'Lung Cancer', 'keyword': 'MDX-1106', 'title': 'Nivolumab During Active Surveillance After Neoadjuvant Chemoradiation for Esophageal Cancer: SANO-3 Study', 'link': 'https://clinicaltrials.gov/ct2/show/NCT05491616?cond=MDX-1106&sfpd_d=100', 'publisher': 'Erasmus Medical Center', 'published_at': '2022-08-08T12:00:00.000Z', 'updated_at': '2022-10-18T20:00:33.038Z', 'atacana_team': None, 'category': None, 'priority': None, 'content': None}
[2022-10-18 20:07:59,740] {_universal.py:476} INFO - Request URL: 'https://atacananews.blob.core.windows.net/atacana-blob-container/lung-cancer/clinical-trials/20221018/mdx-1106/lung-cancer_clinical-trials_20221018_mdx-1106_NCT05492123.json'
Request method: 'GET'
Request headers:
    'x-ms-range': 'REDACTED'
    'x-ms-version': 'REDACTED'
    'Accept': 'application/xml'
    'User-Agent': 'azsdk-python-storage-blob/12.13.1 Python/3.8.15 (Linux-5.10.124-linuxkit-aarch64-with-glibc2.17)'
    'x-ms-date': 'REDACTED'
    'x-ms-client-request-id': '905536f8-4f20-11ed-8a48-0242bebc0005'
    'Authorization': 'REDACTED'
No body was attached to the request
[2022-10-18 20:07:59,947] {_universal.py:504} INFO - Response status: 206
Response headers:
    'Content-Length': '642'
    'Content-Type': 'application/octet-stream'
    'Content-Range': 'REDACTED'
    'Last-Modified': 'Tue, 18 Oct 2022 20:03:37 GMT'
    'Accept-Ranges': 'REDACTED'
    'ETag': '"0x8DAB143D82DA32A"'
    'Server': 'Windows-Azure-Blob/1.0 Microsoft-HTTPAPI/2.0'
    'x-ms-request-id': 'd60765ee-c01e-007e-452d-e32f40000000'
    'x-ms-client-request-id': '905536f8-4f20-11ed-8a48-0242bebc0005'
    'x-ms-version': 'REDACTED'
    'x-ms-creation-time': 'REDACTED'
    'x-ms-blob-content-md5': 'REDACTED'
    'x-ms-lease-status': 'REDACTED'
    'x-ms-lease-state': 'REDACTED'
    'x-ms-blob-type': 'REDACTED'
    'x-ms-server-encrypted': 'REDACTED'
    'Date': 'Tue, 18 Oct 2022 20:07:59 GMT'
[2022-10-18 20:07:59,960] {logging_mixin.py:115} INFO - <class 'pandas.core.frame.DataFrame'>
RangeIndex: 1 entries, 0 to 0
Data columns (total 13 columns):
 #   Column            Non-Null Count  Dtype 
---  ------            --------------  ----- 
 0   title             1 non-null      object
 1   link              1 non-null      object
 2   id                1 non-null      object
 3   published_at      1 non-null      object
 4   conditions        1 non-null      object
 5   intervention      1 non-null      object
 6   publisher         1 non-null      object
 7   status            1 non-null      object
 8   source            1 non-null      object
 9   keyword           1 non-null      object
 10  indication        1 non-null      object
 11  therapeutic_area  1 non-null      object
 12  updated_at        1 non-null      object
dtypes: object(13)
memory usage: 232.0+ bytes
[2022-10-18 20:07:59,962] {process_news_dag_factory.py:159} INFO - None
[2022-10-18 20:07:59,966] {process_news_dag_factory.py:167} INFO - {'id': 'NCT05492123', 'source': 'clinical_trials', 'therapeutic_area': 'Oncology', 'indication': 'Lung Cancer', 'keyword': 'MDX-1106', 'title': 'Nivolumab-ipilimumab and Chemoradiation for Cervical Cancer', 'link': 'https://clinicaltrials.gov/ct2/show/NCT05492123?cond=MDX-1106&sfpd_d=100', 'publisher': 'Hospital Israelita Albert Einstein;   Bristol-Myers Squibb;   Brava', 'published_at': '2022-08-08T12:00:00.000Z', 'updated_at': '2022-10-18T20:00:33.038Z', 'atacana_team': None, 'category': None, 'priority': None, 'content': None}
[2022-10-18 20:08:00,187] {_universal.py:476} INFO - Request URL: 'https://atacananews.blob.core.windows.net/atacana-blob-container/lung-cancer/clinical-trials/20221018/mdx-1106/lung-cancer_clinical-trials_20221018_mdx-1106_NCT05496192.json'
Request method: 'GET'
Request headers:
    'x-ms-range': 'REDACTED'
    'x-ms-version': 'REDACTED'
    'Accept': 'application/xml'
    'User-Agent': 'azsdk-python-storage-blob/12.13.1 Python/3.8.15 (Linux-5.10.124-linuxkit-aarch64-with-glibc2.17)'
    'x-ms-date': 'REDACTED'
    'x-ms-client-request-id': '90995dec-4f20-11ed-8a48-0242bebc0005'
    'Authorization': 'REDACTED'
No body was attached to the request
[2022-10-18 20:08:00,375] {_universal.py:504} INFO - Response status: 206
Response headers:
    'Content-Length': '584'
    'Content-Type': 'application/octet-stream'
    'Content-Range': 'REDACTED'
    'Last-Modified': 'Tue, 18 Oct 2022 20:03:37 GMT'
    'Accept-Ranges': 'REDACTED'
    'ETag': '"0x8DAB143D84C4A4D"'
    'Server': 'Windows-Azure-Blob/1.0 Microsoft-HTTPAPI/2.0'
    'x-ms-request-id': 'd607675c-c01e-007e-182d-e32f40000000'
    'x-ms-client-request-id': '90995dec-4f20-11ed-8a48-0242bebc0005'
    'x-ms-version': 'REDACTED'
    'x-ms-creation-time': 'REDACTED'
    'x-ms-blob-content-md5': 'REDACTED'
    'x-ms-lease-status': 'REDACTED'
    'x-ms-lease-state': 'REDACTED'
    'x-ms-blob-type': 'REDACTED'
    'x-ms-server-encrypted': 'REDACTED'
    'Date': 'Tue, 18 Oct 2022 20:08:00 GMT'
[2022-10-18 20:08:00,386] {logging_mixin.py:115} INFO - <class 'pandas.core.frame.DataFrame'>
RangeIndex: 1 entries, 0 to 0
Data columns (total 13 columns):
 #   Column            Non-Null Count  Dtype 
---  ------            --------------  ----- 
 0   title             1 non-null      object
 1   link              1 non-null      object
 2   id                1 non-null      object
 3   published_at      1 non-null      object
 4   conditions        1 non-null      object
 5   intervention      1 non-null      object
 6   publisher         1 non-null      object
 7   status            1 non-null      object
 8   source            1 non-null      object
 9   keyword           1 non-null      object
 10  indication        1 non-null      object
 11  therapeutic_area  1 non-null      object
 12  updated_at        1 non-null      object
dtypes: object(13)
memory usage: 232.0+ bytes
[2022-10-18 20:08:00,388] {process_news_dag_factory.py:159} INFO - None
[2022-10-18 20:08:00,391] {process_news_dag_factory.py:167} INFO - {'id': 'NCT05496192', 'source': 'clinical_trials', 'therapeutic_area': 'Oncology', 'indication': 'Lung Cancer', 'keyword': 'MDX-1106', 'title': 'A Study of Nivolumab Intravenous (IV) to Subcutaneous (SC) Switch in Adjuvant Melanoma and Bladder Cancer', 'link': 'https://clinicaltrials.gov/ct2/show/NCT05496192?cond=MDX-1106&sfpd_d=100', 'publisher': 'Bristol-Myers Squibb', 'published_at': '2022-08-11T12:00:00.000Z', 'updated_at': '2022-10-18T20:00:33.038Z', 'atacana_team': None, 'category': None, 'priority': None, 'content': None}
[2022-10-18 20:08:00,595] {_universal.py:476} INFO - Request URL: 'https://atacananews.blob.core.windows.net/atacana-blob-container/lung-cancer/clinical-trials/20221018/mdx-1106/lung-cancer_clinical-trials_20221018_mdx-1106_NCT05498480.json'
Request method: 'GET'
Request headers:
    'x-ms-range': 'REDACTED'
    'x-ms-version': 'REDACTED'
    'Accept': 'application/xml'
    'User-Agent': 'azsdk-python-storage-blob/12.13.1 Python/3.8.15 (Linux-5.10.124-linuxkit-aarch64-with-glibc2.17)'
    'x-ms-date': 'REDACTED'
    'x-ms-client-request-id': '90d7b4fc-4f20-11ed-8a48-0242bebc0005'
    'Authorization': 'REDACTED'
No body was attached to the request
[2022-10-18 20:08:00,782] {_universal.py:504} INFO - Response status: 206
Response headers:
    'Content-Length': '545'
    'Content-Type': 'application/octet-stream'
    'Content-Range': 'REDACTED'
    'Last-Modified': 'Tue, 18 Oct 2022 20:03:36 GMT'
    'Accept-Ranges': 'REDACTED'
    'ETag': '"0x8DAB143D7BAF4E1"'
    'Server': 'Windows-Azure-Blob/1.0 Microsoft-HTTPAPI/2.0'
    'x-ms-request-id': 'd60768d1-c01e-007e-662d-e32f40000000'
    'x-ms-client-request-id': '90d7b4fc-4f20-11ed-8a48-0242bebc0005'
    'x-ms-version': 'REDACTED'
    'x-ms-creation-time': 'REDACTED'
    'x-ms-blob-content-md5': 'REDACTED'
    'x-ms-lease-status': 'REDACTED'
    'x-ms-lease-state': 'REDACTED'
    'x-ms-blob-type': 'REDACTED'
    'x-ms-server-encrypted': 'REDACTED'
    'Date': 'Tue, 18 Oct 2022 20:08:00 GMT'
[2022-10-18 20:08:00,786] {logging_mixin.py:115} INFO - <class 'pandas.core.frame.DataFrame'>
RangeIndex: 1 entries, 0 to 0
Data columns (total 13 columns):
 #   Column            Non-Null Count  Dtype 
---  ------            --------------  ----- 
 0   title             1 non-null      object
 1   link              1 non-null      object
 2   id                1 non-null      object
 3   published_at      1 non-null      object
 4   conditions        1 non-null      object
 5   intervention      1 non-null      object
 6   publisher         1 non-null      object
 7   status            1 non-null      object
 8   source            1 non-null      object
 9   keyword           1 non-null      object
 10  indication        1 non-null      object
 11  therapeutic_area  1 non-null      object
 12  updated_at        1 non-null      object
dtypes: object(13)
memory usage: 232.0+ bytes
[2022-10-18 20:08:00,788] {process_news_dag_factory.py:159} INFO - None
[2022-10-18 20:08:00,790] {process_news_dag_factory.py:167} INFO - {'id': 'NCT05498480', 'source': 'clinical_trials', 'therapeutic_area': 'Oncology', 'indication': 'Lung Cancer', 'keyword': 'MDX-1106', 'title': 'Study of Relatlimab in Combination With Nivolumab in Chinese Participants', 'link': 'https://clinicaltrials.gov/ct2/show/NCT05498480?cond=MDX-1106&sfpd_d=100', 'publisher': 'Bristol-Myers Squibb', 'published_at': '2022-08-12T12:00:00.000Z', 'updated_at': '2022-10-18T20:00:33.038Z', 'atacana_team': None, 'category': None, 'priority': None, 'content': None}
[2022-10-18 20:08:00,995] {_universal.py:476} INFO - Request URL: 'https://atacananews.blob.core.windows.net/atacana-blob-container/lung-cancer/clinical-trials/20221018/mdx-1106/lung-cancer_clinical-trials_20221018_mdx-1106_NCT05498792.json'
Request method: 'GET'
Request headers:
    'x-ms-range': 'REDACTED'
    'x-ms-version': 'REDACTED'
    'Accept': 'application/xml'
    'User-Agent': 'azsdk-python-storage-blob/12.13.1 Python/3.8.15 (Linux-5.10.124-linuxkit-aarch64-with-glibc2.17)'
    'x-ms-date': 'REDACTED'
    'x-ms-client-request-id': '9114b01e-4f20-11ed-8a48-0242bebc0005'
    'Authorization': 'REDACTED'
No body was attached to the request
[2022-10-18 20:08:01,185] {_universal.py:504} INFO - Response status: 206
Response headers:
    'Content-Length': '590'
    'Content-Type': 'application/octet-stream'
    'Content-Range': 'REDACTED'
    'Last-Modified': 'Tue, 18 Oct 2022 20:03:39 GMT'
    'Accept-Ranges': 'REDACTED'
    'ETag': '"0x8DAB143D950EA22"'
    'Server': 'Windows-Azure-Blob/1.0 Microsoft-HTTPAPI/2.0'
    'x-ms-request-id': 'd6076a9d-c01e-007e-132d-e32f40000000'
    'x-ms-client-request-id': '9114b01e-4f20-11ed-8a48-0242bebc0005'
    'x-ms-version': 'REDACTED'
    'x-ms-creation-time': 'REDACTED'
    'x-ms-blob-content-md5': 'REDACTED'
    'x-ms-lease-status': 'REDACTED'
    'x-ms-lease-state': 'REDACTED'
    'x-ms-blob-type': 'REDACTED'
    'x-ms-server-encrypted': 'REDACTED'
    'Date': 'Tue, 18 Oct 2022 20:08:01 GMT'
[2022-10-18 20:08:01,190] {logging_mixin.py:115} INFO - <class 'pandas.core.frame.DataFrame'>
RangeIndex: 1 entries, 0 to 0
Data columns (total 13 columns):
 #   Column            Non-Null Count  Dtype 
---  ------            --------------  ----- 
 0   title             1 non-null      object
 1   link              1 non-null      object
 2   id                1 non-null      object
 3   published_at      1 non-null      object
 4   conditions        1 non-null      object
 5   intervention      1 non-null      object
 6   publisher         1 non-null      object
 7   status            1 non-null      object
 8   source            1 non-null      object
 9   keyword           1 non-null      object
 10  indication        1 non-null      object
 11  therapeutic_area  1 non-null      object
 12  updated_at        1 non-null      object
dtypes: object(13)
memory usage: 232.0+ bytes
[2022-10-18 20:08:01,192] {process_news_dag_factory.py:159} INFO - None
[2022-10-18 20:08:01,193] {process_news_dag_factory.py:167} INFO - {'id': 'NCT05498792', 'source': 'clinical_trials', 'therapeutic_area': 'Oncology', 'indication': 'Lung Cancer', 'keyword': 'MDX-1106', 'title': 'Study of CBL0137 in Combination With Ipilimumab and Nivolumab Therapy in Melanoma', 'link': 'https://clinicaltrials.gov/ct2/show/NCT05498792?cond=MDX-1106&sfpd_d=100', 'publisher': 'Fox Chase Cancer Center;   Incuron', 'published_at': '2022-08-12T12:00:00.000Z', 'updated_at': '2022-10-18T20:00:33.038Z', 'atacana_team': None, 'category': None, 'priority': None, 'content': None}
[2022-10-18 20:08:01,398] {_universal.py:476} INFO - Request URL: 'https://atacananews.blob.core.windows.net/atacana-blob-container/lung-cancer/clinical-trials/20221018/mdx-1106/lung-cancer_clinical-trials_20221018_mdx-1106_NCT05500092.json'
Request method: 'GET'
Request headers:
    'x-ms-range': 'REDACTED'
    'x-ms-version': 'REDACTED'
    'Accept': 'application/xml'
    'User-Agent': 'azsdk-python-storage-blob/12.13.1 Python/3.8.15 (Linux-5.10.124-linuxkit-aarch64-with-glibc2.17)'
    'x-ms-date': 'REDACTED'
    'x-ms-client-request-id': '91522a2a-4f20-11ed-8a48-0242bebc0005'
    'Authorization': 'REDACTED'
No body was attached to the request
[2022-10-18 20:08:01,586] {_universal.py:504} INFO - Response status: 206
Response headers:
    'Content-Length': '753'
    'Content-Type': 'application/octet-stream'
    'Content-Range': 'REDACTED'
    'Last-Modified': 'Tue, 18 Oct 2022 20:03:39 GMT'
    'Accept-Ranges': 'REDACTED'
    'ETag': '"0x8DAB143D932B822"'
    'Server': 'Windows-Azure-Blob/1.0 Microsoft-HTTPAPI/2.0'
    'x-ms-request-id': 'd6076b92-c01e-007e-742d-e32f40000000'
    'x-ms-client-request-id': '91522a2a-4f20-11ed-8a48-0242bebc0005'
    'x-ms-version': 'REDACTED'
    'x-ms-creation-time': 'REDACTED'
    'x-ms-blob-content-md5': 'REDACTED'
    'x-ms-lease-status': 'REDACTED'
    'x-ms-lease-state': 'REDACTED'
    'x-ms-blob-type': 'REDACTED'
    'x-ms-server-encrypted': 'REDACTED'
    'Date': 'Tue, 18 Oct 2022 20:08:01 GMT'
[2022-10-18 20:08:01,597] {logging_mixin.py:115} INFO - <class 'pandas.core.frame.DataFrame'>
RangeIndex: 1 entries, 0 to 0
Data columns (total 13 columns):
 #   Column            Non-Null Count  Dtype 
---  ------            --------------  ----- 
 0   title             1 non-null      object
 1   link              1 non-null      object
 2   id                1 non-null      object
 3   published_at      1 non-null      object
 4   conditions        1 non-null      object
 5   intervention      1 non-null      object
 6   publisher         1 non-null      object
 7   status            1 non-null      object
 8   source            1 non-null      object
 9   keyword           1 non-null      object
 10  indication        1 non-null      object
 11  therapeutic_area  1 non-null      object
 12  updated_at        1 non-null      object
dtypes: object(13)
memory usage: 232.0+ bytes
[2022-10-18 20:08:01,609] {process_news_dag_factory.py:159} INFO - None
[2022-10-18 20:08:01,630] {process_news_dag_factory.py:167} INFO - {'id': 'NCT05500092', 'source': 'clinical_trials', 'therapeutic_area': 'Oncology', 'indication': 'Lung Cancer', 'keyword': 'MDX-1106', 'title': 'An Open Label, Randomized Study of Neoadjuvant Nivolumab and Chemotherapy, With or Without Sub-ablative Stereotactic Body Radiation Therapy, for Resectable Stage IIA to IIIB Non-small Cell Lung Cancer', 'link': 'https://clinicaltrials.gov/ct2/show/NCT05500092?cond=MDX-1106&sfpd_d=100', 'publisher': 'Montefiore Medical Center;   Bristol-Myers Squibb', 'published_at': '2022-08-12T12:00:00.000Z', 'updated_at': '2022-10-18T20:00:33.038Z', 'atacana_team': None, 'category': None, 'priority': None, 'content': None}
[2022-10-18 20:08:01,847] {_universal.py:476} INFO - Request URL: 'https://atacananews.blob.core.windows.net/atacana-blob-container/lung-cancer/clinical-trials/20221018/mdx-1106/lung-cancer_clinical-trials_20221018_mdx-1106_NCT05501054.json'
Request method: 'GET'
Request headers:
    'x-ms-range': 'REDACTED'
    'x-ms-version': 'REDACTED'
    'Accept': 'application/xml'
    'User-Agent': 'azsdk-python-storage-blob/12.13.1 Python/3.8.15 (Linux-5.10.124-linuxkit-aarch64-with-glibc2.17)'
    'x-ms-date': 'REDACTED'
    'x-ms-client-request-id': '9196bb0e-4f20-11ed-8a48-0242bebc0005'
    'Authorization': 'REDACTED'
No body was attached to the request
[2022-10-18 20:08:02,031] {_universal.py:504} INFO - Response status: 206
Response headers:
    'Content-Length': '629'
    'Content-Type': 'application/octet-stream'
    'Content-Range': 'REDACTED'
    'Last-Modified': 'Tue, 18 Oct 2022 20:03:38 GMT'
    'Accept-Ranges': 'REDACTED'
    'ETag': '"0x8DAB143D9159773"'
    'Server': 'Windows-Azure-Blob/1.0 Microsoft-HTTPAPI/2.0'
    'x-ms-request-id': 'd6076d39-c01e-007e-702d-e32f40000000'
    'x-ms-client-request-id': '9196bb0e-4f20-11ed-8a48-0242bebc0005'
    'x-ms-version': 'REDACTED'
    'x-ms-creation-time': 'REDACTED'
    'x-ms-blob-content-md5': 'REDACTED'
    'x-ms-lease-status': 'REDACTED'
    'x-ms-lease-state': 'REDACTED'
    'x-ms-blob-type': 'REDACTED'
    'x-ms-server-encrypted': 'REDACTED'
    'Date': 'Tue, 18 Oct 2022 20:08:01 GMT'
[2022-10-18 20:08:02,037] {logging_mixin.py:115} INFO - <class 'pandas.core.frame.DataFrame'>
RangeIndex: 1 entries, 0 to 0
Data columns (total 13 columns):
 #   Column            Non-Null Count  Dtype 
---  ------            --------------  ----- 
 0   title             1 non-null      object
 1   link              1 non-null      object
 2   id                1 non-null      object
 3   published_at      1 non-null      object
 4   conditions        1 non-null      object
 5   intervention      1 non-null      object
 6   publisher         1 non-null      object
 7   status            1 non-null      object
 8   source            1 non-null      object
 9   keyword           1 non-null      object
 10  indication        1 non-null      object
 11  therapeutic_area  1 non-null      object
 12  updated_at        1 non-null      object
dtypes: object(13)
memory usage: 232.0+ bytes
[2022-10-18 20:08:02,039] {process_news_dag_factory.py:159} INFO - None
[2022-10-18 20:08:02,041] {process_news_dag_factory.py:167} INFO - {'id': 'NCT05501054', 'source': 'clinical_trials', 'therapeutic_area': 'Oncology', 'indication': 'Lung Cancer', 'keyword': 'MDX-1106', 'title': 'Phase 1b/2 Trial of Ipilimumab, Nivolumab, and Ciforadenant (Adenosine A2a Receptor Antagonist) in First-line Advanced Renal Cell Carcinoma.', 'link': 'https://clinicaltrials.gov/ct2/show/NCT05501054?cond=MDX-1106&sfpd_d=100', 'publisher': 'M.D. Anderson Cancer Center', 'published_at': '2022-08-15T12:00:00.000Z', 'updated_at': '2022-10-18T20:00:33.038Z', 'atacana_team': None, 'category': None, 'priority': None, 'content': None}
[2022-10-18 20:08:02,241] {_universal.py:476} INFO - Request URL: 'https://atacananews.blob.core.windows.net/atacana-blob-container/lung-cancer/clinical-trials/20221018/mdx-1106/lung-cancer_clinical-trials_20221018_mdx-1106_NCT05502315.json'
Request method: 'GET'
Request headers:
    'x-ms-range': 'REDACTED'
    'x-ms-version': 'REDACTED'
    'Accept': 'application/xml'
    'User-Agent': 'azsdk-python-storage-blob/12.13.1 Python/3.8.15 (Linux-5.10.124-linuxkit-aarch64-with-glibc2.17)'
    'x-ms-date': 'REDACTED'
    'x-ms-client-request-id': '91d2d972-4f20-11ed-8a48-0242bebc0005'
    'Authorization': 'REDACTED'
No body was attached to the request
[2022-10-18 20:08:02,426] {_universal.py:504} INFO - Response status: 206
Response headers:
    'Content-Length': '614'
    'Content-Type': 'application/octet-stream'
    'Content-Range': 'REDACTED'
    'Last-Modified': 'Tue, 18 Oct 2022 20:03:38 GMT'
    'Accept-Ranges': 'REDACTED'
    'ETag': '"0x8DAB143D8BF46A6"'
    'Server': 'Windows-Azure-Blob/1.0 Microsoft-HTTPAPI/2.0'
    'x-ms-request-id': 'd6076e3a-c01e-007e-602d-e32f40000000'
    'x-ms-client-request-id': '91d2d972-4f20-11ed-8a48-0242bebc0005'
    'x-ms-version': 'REDACTED'
    'x-ms-creation-time': 'REDACTED'
    'x-ms-blob-content-md5': 'REDACTED'
    'x-ms-lease-status': 'REDACTED'
    'x-ms-lease-state': 'REDACTED'
    'x-ms-blob-type': 'REDACTED'
    'x-ms-server-encrypted': 'REDACTED'
    'Date': 'Tue, 18 Oct 2022 20:08:02 GMT'
[2022-10-18 20:08:02,435] {logging_mixin.py:115} INFO - <class 'pandas.core.frame.DataFrame'>
RangeIndex: 1 entries, 0 to 0
Data columns (total 13 columns):
 #   Column            Non-Null Count  Dtype 
---  ------            --------------  ----- 
 0   title             1 non-null      object
 1   link              1 non-null      object
 2   id                1 non-null      object
 3   published_at      1 non-null      object
 4   conditions        1 non-null      object
 5   intervention      1 non-null      object
 6   publisher         1 non-null      object
 7   status            1 non-null      object
 8   source            1 non-null      object
 9   keyword           1 non-null      object
 10  indication        1 non-null      object
 11  therapeutic_area  1 non-null      object
 12  updated_at        1 non-null      object
dtypes: object(13)
memory usage: 232.0+ bytes
[2022-10-18 20:08:02,437] {process_news_dag_factory.py:159} INFO - None
[2022-10-18 20:08:02,443] {process_news_dag_factory.py:167} INFO - {'id': 'NCT05502315', 'source': 'clinical_trials', 'therapeutic_area': 'Oncology', 'indication': 'Lung Cancer', 'keyword': 'MDX-1106', 'title': 'Study of Cabozantinib and Nivolumab in Metastatic Castration Resistant Prostate Cancer', 'link': 'https://clinicaltrials.gov/ct2/show/NCT05502315?cond=MDX-1106&sfpd_d=100', 'publisher': 'Rana McKay, MD;   Exelixis;   Bristol-Myers Squibb', 'published_at': '2022-08-16T12:00:00.000Z', 'updated_at': '2022-10-18T20:00:33.038Z', 'atacana_team': None, 'category': None, 'priority': None, 'content': None}
[2022-10-18 20:08:02,644] {_universal.py:476} INFO - Request URL: 'https://atacananews.blob.core.windows.net/atacana-blob-container/lung-cancer/clinical-trials/20221018/mdx-1106/lung-cancer_clinical-trials_20221018_mdx-1106_NCT05504252.json'
Request method: 'GET'
Request headers:
    'x-ms-range': 'REDACTED'
    'x-ms-version': 'REDACTED'
    'Accept': 'application/xml'
    'User-Agent': 'azsdk-python-storage-blob/12.13.1 Python/3.8.15 (Linux-5.10.124-linuxkit-aarch64-with-glibc2.17)'
    'x-ms-date': 'REDACTED'
    'x-ms-client-request-id': '921062ba-4f20-11ed-8a48-0242bebc0005'
    'Authorization': 'REDACTED'
No body was attached to the request
[2022-10-18 20:08:02,832] {_universal.py:504} INFO - Response status: 206
Response headers:
    'Content-Length': '673'
    'Content-Type': 'application/octet-stream'
    'Content-Range': 'REDACTED'
    'Last-Modified': 'Tue, 18 Oct 2022 20:03:40 GMT'
    'Accept-Ranges': 'REDACTED'
    'ETag': '"0x8DAB143D9C545E3"'
    'Server': 'Windows-Azure-Blob/1.0 Microsoft-HTTPAPI/2.0'
    'x-ms-request-id': 'd6076fd3-c01e-007e-652d-e32f40000000'
    'x-ms-client-request-id': '921062ba-4f20-11ed-8a48-0242bebc0005'
    'x-ms-version': 'REDACTED'
    'x-ms-creation-time': 'REDACTED'
    'x-ms-blob-content-md5': 'REDACTED'
    'x-ms-lease-status': 'REDACTED'
    'x-ms-lease-state': 'REDACTED'
    'x-ms-blob-type': 'REDACTED'
    'x-ms-server-encrypted': 'REDACTED'
    'Date': 'Tue, 18 Oct 2022 20:08:02 GMT'
[2022-10-18 20:08:02,840] {logging_mixin.py:115} INFO - <class 'pandas.core.frame.DataFrame'>
RangeIndex: 1 entries, 0 to 0
Data columns (total 13 columns):
 #   Column            Non-Null Count  Dtype 
---  ------            --------------  ----- 
 0   title             1 non-null      object
 1   link              1 non-null      object
 2   id                1 non-null      object
 3   published_at      1 non-null      object
 4   conditions        1 non-null      object
 5   intervention      1 non-null      object
 6   publisher         1 non-null      object
 7   status            1 non-null      object
 8   source            1 non-null      object
 9   keyword           1 non-null      object
 10  indication        1 non-null      object
 11  therapeutic_area  1 non-null      object
 12  updated_at        1 non-null      object
dtypes: object(13)
memory usage: 232.0+ bytes
[2022-10-18 20:08:02,841] {process_news_dag_factory.py:159} INFO - None
[2022-10-18 20:08:02,845] {process_news_dag_factory.py:167} INFO - {'id': 'NCT05504252', 'source': 'clinical_trials', 'therapeutic_area': 'Oncology', 'indication': 'Lung Cancer', 'keyword': 'MDX-1106', 'title': 'METIMMOX-2: Metastatic pMMR/MSS Colorectal Cancer - Shaping Anti-Tumor Immunity by Oxaliplatin', 'link': 'https://clinicaltrials.gov/ct2/show/NCT05504252?cond=MDX-1106&sfpd_d=100', 'publisher': 'University Hospital, Akershus;   Oslo University Hospital;   St. Olavs Hospital', 'published_at': '2022-08-17T12:00:00.000Z', 'updated_at': '2022-10-18T20:00:33.038Z', 'atacana_team': None, 'category': None, 'priority': None, 'content': None}
[2022-10-18 20:08:03,045] {_universal.py:476} INFO - Request URL: 'https://atacananews.blob.core.windows.net/atacana-blob-container/lung-cancer/clinical-trials/20221018/mdx-1106/lung-cancer_clinical-trials_20221018_mdx-1106_NCT05504642.json'
Request method: 'GET'
Request headers:
    'x-ms-range': 'REDACTED'
    'x-ms-version': 'REDACTED'
    'Accept': 'application/xml'
    'User-Agent': 'azsdk-python-storage-blob/12.13.1 Python/3.8.15 (Linux-5.10.124-linuxkit-aarch64-with-glibc2.17)'
    'x-ms-date': 'REDACTED'
    'x-ms-client-request-id': '924d846a-4f20-11ed-8a48-0242bebc0005'
    'Authorization': 'REDACTED'
No body was attached to the request
[2022-10-18 20:08:03,239] {_universal.py:504} INFO - Response status: 206
Response headers:
    'Content-Length': '805'
    'Content-Type': 'application/octet-stream'
    'Content-Range': 'REDACTED'
    'Last-Modified': 'Tue, 18 Oct 2022 20:03:38 GMT'
    'Accept-Ranges': 'REDACTED'
    'ETag': '"0x8DAB143D8A2E925"'
    'Server': 'Windows-Azure-Blob/1.0 Microsoft-HTTPAPI/2.0'
    'x-ms-request-id': 'd6077104-c01e-007e-7c2d-e32f40000000'
    'x-ms-client-request-id': '924d846a-4f20-11ed-8a48-0242bebc0005'
    'x-ms-version': 'REDACTED'
    'x-ms-creation-time': 'REDACTED'
    'x-ms-blob-content-md5': 'REDACTED'
    'x-ms-lease-status': 'REDACTED'
    'x-ms-lease-state': 'REDACTED'
    'x-ms-blob-type': 'REDACTED'
    'x-ms-server-encrypted': 'REDACTED'
    'Date': 'Tue, 18 Oct 2022 20:08:03 GMT'
[2022-10-18 20:08:03,248] {logging_mixin.py:115} INFO - <class 'pandas.core.frame.DataFrame'>
RangeIndex: 1 entries, 0 to 0
Data columns (total 13 columns):
 #   Column            Non-Null Count  Dtype 
---  ------            --------------  ----- 
 0   title             1 non-null      object
 1   link              1 non-null      object
 2   id                1 non-null      object
 3   published_at      1 non-null      object
 4   conditions        1 non-null      object
 5   intervention      1 non-null      object
 6   publisher         1 non-null      object
 7   status            1 non-null      object
 8   source            1 non-null      object
 9   keyword           1 non-null      object
 10  indication        1 non-null      object
 11  therapeutic_area  1 non-null      object
 12  updated_at        1 non-null      object
dtypes: object(13)
memory usage: 232.0+ bytes
[2022-10-18 20:08:03,249] {process_news_dag_factory.py:159} INFO - None
[2022-10-18 20:08:03,252] {process_news_dag_factory.py:167} INFO - {'id': 'NCT05504642', 'source': 'clinical_trials', 'therapeutic_area': 'Oncology', 'indication': 'Lung Cancer', 'keyword': 'MDX-1106', 'title': 'Chemo-radio-immunotherapy With Nivolumab and Ipilimumab Treatment in Locally Advanced Cervical Cancer Patients', 'link': 'https://clinicaltrials.gov/ct2/show/NCT05504642?cond=MDX-1106&sfpd_d=100', 'publisher': 'Universittsklinikum Kln;   ZKS Kln', 'published_at': '2022-08-17T12:00:00.000Z', 'updated_at': '2022-10-18T20:00:33.038Z', 'atacana_team': None, 'category': None, 'priority': None, 'content': None}
[2022-10-18 20:08:03,464] {_universal.py:476} INFO - Request URL: 'https://atacananews.blob.core.windows.net/atacana-blob-container/lung-cancer/clinical-trials/20221018/mdx-1106/lung-cancer_clinical-trials_20221018_mdx-1106_NCT05533983.json'
Request method: 'GET'
Request headers:
    'x-ms-range': 'REDACTED'
    'x-ms-version': 'REDACTED'
    'Accept': 'application/xml'
    'User-Agent': 'azsdk-python-storage-blob/12.13.1 Python/3.8.15 (Linux-5.10.124-linuxkit-aarch64-with-glibc2.17)'
    'x-ms-date': 'REDACTED'
    'x-ms-client-request-id': '928d5536-4f20-11ed-8a48-0242bebc0005'
    'Authorization': 'REDACTED'
No body was attached to the request
[2022-10-18 20:08:03,651] {_universal.py:504} INFO - Response status: 206
Response headers:
    'Content-Length': '578'
    'Content-Type': 'application/octet-stream'
    'Content-Range': 'REDACTED'
    'Last-Modified': 'Tue, 18 Oct 2022 20:03:38 GMT'
    'Accept-Ranges': 'REDACTED'
    'ETag': '"0x8DAB143D8DBF233"'
    'Server': 'Windows-Azure-Blob/1.0 Microsoft-HTTPAPI/2.0'
    'x-ms-request-id': 'd607725b-c01e-007e-3d2d-e32f40000000'
    'x-ms-client-request-id': '928d5536-4f20-11ed-8a48-0242bebc0005'
    'x-ms-version': 'REDACTED'
    'x-ms-creation-time': 'REDACTED'
    'x-ms-blob-content-md5': 'REDACTED'
    'x-ms-lease-status': 'REDACTED'
    'x-ms-lease-state': 'REDACTED'
    'x-ms-blob-type': 'REDACTED'
    'x-ms-server-encrypted': 'REDACTED'
    'Date': 'Tue, 18 Oct 2022 20:08:03 GMT'
[2022-10-18 20:08:03,656] {logging_mixin.py:115} INFO - <class 'pandas.core.frame.DataFrame'>
RangeIndex: 1 entries, 0 to 0
Data columns (total 13 columns):
 #   Column            Non-Null Count  Dtype 
---  ------            --------------  ----- 
 0   title             1 non-null      object
 1   link              1 non-null      object
 2   id                1 non-null      object
 3   published_at      1 non-null      object
 4   conditions        1 non-null      object
 5   intervention      1 non-null      object
 6   publisher         1 non-null      object
 7   status            1 non-null      object
 8   source            1 non-null      object
 9   keyword           1 non-null      object
 10  indication        1 non-null      object
 11  therapeutic_area  1 non-null      object
 12  updated_at        1 non-null      object
dtypes: object(13)
memory usage: 232.0+ bytes
[2022-10-18 20:08:03,659] {process_news_dag_factory.py:159} INFO - None
[2022-10-18 20:08:03,663] {process_news_dag_factory.py:167} INFO - {'id': 'NCT05533983', 'source': 'clinical_trials', 'therapeutic_area': 'Oncology', 'indication': 'Lung Cancer', 'keyword': 'MDX-1106', 'title': 'FMT With Nivolumab in Patients With Advanced Solid Cancers Who Have Progressed During Anti-PD-(L)1 Therapy', 'link': 'https://clinicaltrials.gov/ct2/show/NCT05533983?cond=MDX-1106&sfpd_d=100', 'publisher': 'Asan Medical Center', 'published_at': '2022-09-09T12:00:00.000Z', 'updated_at': '2022-10-18T20:00:33.038Z', 'atacana_team': None, 'category': None, 'priority': None, 'content': None}
[2022-10-18 20:08:03,868] {_universal.py:476} INFO - Request URL: 'https://atacananews.blob.core.windows.net/atacana-blob-container/lung-cancer/clinical-trials/20221018/mdx-1106/lung-cancer_clinical-trials_20221018_mdx-1106_NCT05535569.json'
Request method: 'GET'
Request headers:
    'x-ms-range': 'REDACTED'
    'x-ms-version': 'REDACTED'
    'Accept': 'application/xml'
    'User-Agent': 'azsdk-python-storage-blob/12.13.1 Python/3.8.15 (Linux-5.10.124-linuxkit-aarch64-with-glibc2.17)'
    'x-ms-date': 'REDACTED'
    'x-ms-client-request-id': '92caf4a4-4f20-11ed-8a48-0242bebc0005'
    'Authorization': 'REDACTED'
No body was attached to the request
[2022-10-18 20:08:04,064] {_universal.py:504} INFO - Response status: 206
Response headers:
    'Content-Length': '708'
    'Content-Type': 'application/octet-stream'
    'Content-Range': 'REDACTED'
    'Last-Modified': 'Tue, 18 Oct 2022 20:03:36 GMT'
    'Accept-Ranges': 'REDACTED'
    'ETag': '"0x8DAB143D79C74E8"'
    'Server': 'Windows-Azure-Blob/1.0 Microsoft-HTTPAPI/2.0'
    'x-ms-request-id': 'd60773ae-c01e-007e-7a2d-e32f40000000'
    'x-ms-client-request-id': '92caf4a4-4f20-11ed-8a48-0242bebc0005'
    'x-ms-version': 'REDACTED'
    'x-ms-creation-time': 'REDACTED'
    'x-ms-blob-content-md5': 'REDACTED'
    'x-ms-lease-status': 'REDACTED'
    'x-ms-lease-state': 'REDACTED'
    'x-ms-blob-type': 'REDACTED'
    'x-ms-server-encrypted': 'REDACTED'
    'Date': 'Tue, 18 Oct 2022 20:08:04 GMT'
[2022-10-18 20:08:04,069] {logging_mixin.py:115} INFO - <class 'pandas.core.frame.DataFrame'>
RangeIndex: 1 entries, 0 to 0
Data columns (total 13 columns):
 #   Column            Non-Null Count  Dtype 
---  ------            --------------  ----- 
 0   title             1 non-null      object
 1   link              1 non-null      object
 2   id                1 non-null      object
 3   published_at      1 non-null      object
 4   conditions        1 non-null      object
 5   intervention      1 non-null      object
 6   publisher         1 non-null      object
 7   status            1 non-null      object
 8   source            1 non-null      object
 9   keyword           1 non-null      object
 10  indication        1 non-null      object
 11  therapeutic_area  1 non-null      object
 12  updated_at        1 non-null      object
dtypes: object(13)
memory usage: 232.0+ bytes
[2022-10-18 20:08:04,071] {process_news_dag_factory.py:159} INFO - None
[2022-10-18 20:08:04,073] {process_news_dag_factory.py:167} INFO - {'id': 'NCT05535569', 'source': 'clinical_trials', 'therapeutic_area': 'Oncology', 'indication': 'Lung Cancer', 'keyword': 'MDX-1106', 'title': 'Phase Ib/II Study to Evaluate the Safety and Efficacy of Nivolumab in Combination With Paclitaxel in Epstein-Barr Virus(EBV)-Related, or Microsatellite Instability-High (MSI-H), or Programmed Cell Death Ligand 1 (PD-L1) Positive Advanced Gastric Cancer', 'link': 'https://clinicaltrials.gov/ct2/show/NCT05535569?cond=MDX-1106&sfpd_d=100', 'publisher': 'Yonsei University', 'published_at': '2022-09-10T12:00:00.000Z', 'updated_at': '2022-10-18T20:00:33.038Z', 'atacana_team': None, 'category': None, 'priority': None, 'content': None}
[2022-10-18 20:08:04,278] {_universal.py:476} INFO - Request URL: 'https://atacananews.blob.core.windows.net/atacana-blob-container/lung-cancer/clinical-trials/20221018/mdx-1106/lung-cancer_clinical-trials_20221018_mdx-1106_NCT05543629.json'
Request method: 'GET'
Request headers:
    'x-ms-range': 'REDACTED'
    'x-ms-version': 'REDACTED'
    'Accept': 'application/xml'
    'User-Agent': 'azsdk-python-storage-blob/12.13.1 Python/3.8.15 (Linux-5.10.124-linuxkit-aarch64-with-glibc2.17)'
    'x-ms-date': 'REDACTED'
    'x-ms-client-request-id': '9309a960-4f20-11ed-8a48-0242bebc0005'
    'Authorization': 'REDACTED'
No body was attached to the request
[2022-10-18 20:08:04,470] {_universal.py:504} INFO - Response status: 206
Response headers:
    'Content-Length': '694'
    'Content-Type': 'application/octet-stream'
    'Content-Range': 'REDACTED'
    'Last-Modified': 'Tue, 18 Oct 2022 20:03:36 GMT'
    'Accept-Ranges': 'REDACTED'
    'ETag': '"0x8DAB143D7D7EE8C"'
    'Server': 'Windows-Azure-Blob/1.0 Microsoft-HTTPAPI/2.0'
    'x-ms-request-id': 'd60774e6-c01e-007e-1f2d-e32f40000000'
    'x-ms-client-request-id': '9309a960-4f20-11ed-8a48-0242bebc0005'
    'x-ms-version': 'REDACTED'
    'x-ms-creation-time': 'REDACTED'
    'x-ms-blob-content-md5': 'REDACTED'
    'x-ms-lease-status': 'REDACTED'
    'x-ms-lease-state': 'REDACTED'
    'x-ms-blob-type': 'REDACTED'
    'x-ms-server-encrypted': 'REDACTED'
    'Date': 'Tue, 18 Oct 2022 20:08:04 GMT'
[2022-10-18 20:08:04,487] {logging_mixin.py:115} INFO - <class 'pandas.core.frame.DataFrame'>
RangeIndex: 1 entries, 0 to 0
Data columns (total 13 columns):
 #   Column            Non-Null Count  Dtype 
---  ------            --------------  ----- 
 0   title             1 non-null      object
 1   link              1 non-null      object
 2   id                1 non-null      object
 3   published_at      1 non-null      object
 4   conditions        1 non-null      object
 5   intervention      1 non-null      object
 6   publisher         1 non-null      object
 7   status            1 non-null      object
 8   source            1 non-null      object
 9   keyword           1 non-null      object
 10  indication        1 non-null      object
 11  therapeutic_area  1 non-null      object
 12  updated_at        1 non-null      object
dtypes: object(13)
memory usage: 232.0+ bytes
[2022-10-18 20:08:04,489] {process_news_dag_factory.py:159} INFO - None
[2022-10-18 20:08:04,494] {process_news_dag_factory.py:167} INFO - {'id': 'NCT05543629', 'source': 'clinical_trials', 'therapeutic_area': 'Oncology', 'indication': 'Lung Cancer', 'keyword': 'MDX-1106', 'title': 'A Study of BMS-986442 With Nivolumab With or Without Chemotherapy in Solid Tumors and Non-small Cell Lung Cancer', 'link': 'https://clinicaltrials.gov/ct2/show/NCT05543629?cond=MDX-1106&sfpd_d=100', 'publisher': 'Bristol-Myers Squibb', 'published_at': '2022-09-16T12:00:00.000Z', 'updated_at': '2022-10-18T20:00:33.038Z', 'atacana_team': None, 'category': None, 'priority': None, 'content': None}
[2022-10-18 20:08:04,698] {_universal.py:476} INFO - Request URL: 'https://atacananews.blob.core.windows.net/atacana-blob-container/lung-cancer/clinical-trials/20221018/mdx-1106/lung-cancer_clinical-trials_20221018_mdx-1106_NCT05564923.json'
Request method: 'GET'
Request headers:
    'x-ms-range': 'REDACTED'
    'x-ms-version': 'REDACTED'
    'Accept': 'application/xml'
    'User-Agent': 'azsdk-python-storage-blob/12.13.1 Python/3.8.15 (Linux-5.10.124-linuxkit-aarch64-with-glibc2.17)'
    'x-ms-date': 'REDACTED'
    'x-ms-client-request-id': '9349b1c2-4f20-11ed-8a48-0242bebc0005'
    'Authorization': 'REDACTED'
No body was attached to the request
[2022-10-18 20:08:04,883] {_universal.py:504} INFO - Response status: 206
Response headers:
    'Content-Length': '536'
    'Content-Type': 'application/octet-stream'
    'Content-Range': 'REDACTED'
    'Last-Modified': 'Tue, 18 Oct 2022 20:03:36 GMT'
    'Accept-Ranges': 'REDACTED'
    'ETag': '"0x8DAB143D761E562"'
    'Server': 'Windows-Azure-Blob/1.0 Microsoft-HTTPAPI/2.0'
    'x-ms-request-id': 'd607763b-c01e-007e-672d-e32f40000000'
    'x-ms-client-request-id': '9349b1c2-4f20-11ed-8a48-0242bebc0005'
    'x-ms-version': 'REDACTED'
    'x-ms-creation-time': 'REDACTED'
    'x-ms-blob-content-md5': 'REDACTED'
    'x-ms-lease-status': 'REDACTED'
    'x-ms-lease-state': 'REDACTED'
    'x-ms-blob-type': 'REDACTED'
    'x-ms-server-encrypted': 'REDACTED'
    'Date': 'Tue, 18 Oct 2022 20:08:04 GMT'
[2022-10-18 20:08:04,893] {logging_mixin.py:115} INFO - <class 'pandas.core.frame.DataFrame'>
RangeIndex: 1 entries, 0 to 0
Data columns (total 13 columns):
 #   Column            Non-Null Count  Dtype 
---  ------            --------------  ----- 
 0   title             1 non-null      object
 1   link              1 non-null      object
 2   id                1 non-null      object
 3   published_at      1 non-null      object
 4   conditions        1 non-null      object
 5   intervention      1 non-null      object
 6   publisher         1 non-null      object
 7   status            1 non-null      object
 8   source            1 non-null      object
 9   keyword           1 non-null      object
 10  indication        1 non-null      object
 11  therapeutic_area  1 non-null      object
 12  updated_at        1 non-null      object
dtypes: object(13)
memory usage: 232.0+ bytes
[2022-10-18 20:08:04,895] {process_news_dag_factory.py:159} INFO - None
[2022-10-18 20:08:04,900] {process_news_dag_factory.py:167} INFO - {'id': 'NCT05564923', 'source': 'clinical_trials', 'therapeutic_area': 'Oncology', 'indication': 'Lung Cancer', 'keyword': 'MDX-1106', 'title': 'CARG, VES13, G8 Scales in Predicting Drug Toxicity in Patients Receiving Nivolumab', 'link': 'https://clinicaltrials.gov/ct2/show/NCT05564923?cond=MDX-1106&sfpd_d=100', 'publisher': 'Namik Kemal University', 'published_at': '2022-10-04T12:00:00.000Z', 'updated_at': '2022-10-18T20:00:33.038Z', 'atacana_team': None, 'category': None, 'priority': None, 'content': None}
[2022-10-18 20:08:05,106] {_universal.py:476} INFO - Request URL: 'https://atacananews.blob.core.windows.net/atacana-blob-container/lung-cancer/clinical-trials/20221018/mdx-1106/lung-cancer_clinical-trials_20221018_mdx-1106_NCT05568095.json'
Request method: 'GET'
Request headers:
    'x-ms-range': 'REDACTED'
    'x-ms-version': 'REDACTED'
    'Accept': 'application/xml'
    'User-Agent': 'azsdk-python-storage-blob/12.13.1 Python/3.8.15 (Linux-5.10.124-linuxkit-aarch64-with-glibc2.17)'
    'x-ms-date': 'REDACTED'
    'x-ms-client-request-id': '9387dfba-4f20-11ed-8a48-0242bebc0005'
    'Authorization': 'REDACTED'
No body was attached to the request
[2022-10-18 20:08:05,290] {_universal.py:504} INFO - Response status: 206
Response headers:
    'Content-Length': '862'
    'Content-Type': 'application/octet-stream'
    'Content-Range': 'REDACTED'
    'Last-Modified': 'Tue, 18 Oct 2022 20:03:39 GMT'
    'Accept-Ranges': 'REDACTED'
    'ETag': '"0x8DAB143D9A8C158"'
    'Server': 'Windows-Azure-Blob/1.0 Microsoft-HTTPAPI/2.0'
    'x-ms-request-id': 'd6077817-c01e-007e-242d-e32f40000000'
    'x-ms-client-request-id': '9387dfba-4f20-11ed-8a48-0242bebc0005'
    'x-ms-version': 'REDACTED'
    'x-ms-creation-time': 'REDACTED'
    'x-ms-blob-content-md5': 'REDACTED'
    'x-ms-lease-status': 'REDACTED'
    'x-ms-lease-state': 'REDACTED'
    'x-ms-blob-type': 'REDACTED'
    'x-ms-server-encrypted': 'REDACTED'
    'Date': 'Tue, 18 Oct 2022 20:08:05 GMT'
[2022-10-18 20:08:05,295] {logging_mixin.py:115} INFO - <class 'pandas.core.frame.DataFrame'>
RangeIndex: 1 entries, 0 to 0
Data columns (total 13 columns):
 #   Column            Non-Null Count  Dtype 
---  ------            --------------  ----- 
 0   title             1 non-null      object
 1   link              1 non-null      object
 2   id                1 non-null      object
 3   published_at      1 non-null      object
 4   conditions        1 non-null      object
 5   intervention      1 non-null      object
 6   publisher         1 non-null      object
 7   status            1 non-null      object
 8   source            1 non-null      object
 9   keyword           1 non-null      object
 10  indication        1 non-null      object
 11  therapeutic_area  1 non-null      object
 12  updated_at        1 non-null      object
dtypes: object(13)
memory usage: 232.0+ bytes
[2022-10-18 20:08:05,296] {process_news_dag_factory.py:159} INFO - None
[2022-10-18 20:08:05,299] {process_news_dag_factory.py:167} INFO - {'id': 'NCT05568095', 'source': 'clinical_trials', 'therapeutic_area': 'Oncology', 'indication': 'Lung Cancer', 'keyword': 'MDX-1106', 'title': 'A Phase 3 Clinical Trial of a New Combination Treatment, Domvanalimab and Zimberelimab, Plus Chemotherapy, for People With an Upper Gastrointestinal Tract Cancer That Cannot be Removed With Surgery That Has Spread to Other Parts of the Body', 'link': 'https://clinicaltrials.gov/ct2/show/NCT05568095?cond=MDX-1106&sfpd_d=100', 'publisher': 'Arcus Biosciences, Inc.;   Gilead Sciences', 'published_at': '2022-10-05T12:00:00.000Z', 'updated_at': '2022-10-18T20:00:33.038Z', 'atacana_team': None, 'category': None, 'priority': None, 'content': None}
[2022-10-18 20:08:05,502] {_universal.py:476} INFO - Request URL: 'https://atacananews.blob.core.windows.net/atacana-blob-container/lung-cancer/clinical-trials/20221018/mdx-1106/lung-cancer_clinical-trials_20221018_mdx-1106_NCT05583188.json'
Request method: 'GET'
Request headers:
    'x-ms-range': 'REDACTED'
    'x-ms-version': 'REDACTED'
    'Accept': 'application/xml'
    'User-Agent': 'azsdk-python-storage-blob/12.13.1 Python/3.8.15 (Linux-5.10.124-linuxkit-aarch64-with-glibc2.17)'
    'x-ms-date': 'REDACTED'
    'x-ms-client-request-id': '93c45cc4-4f20-11ed-8a48-0242bebc0005'
    'Authorization': 'REDACTED'
No body was attached to the request
[2022-10-18 20:08:05,688] {_universal.py:504} INFO - Response status: 206
Response headers:
    'Content-Length': '699'
    'Content-Type': 'application/octet-stream'
    'Content-Range': 'REDACTED'
    'Last-Modified': 'Tue, 18 Oct 2022 20:03:40 GMT'
    'Accept-Ranges': 'REDACTED'
    'ETag': '"0x8DAB143D9E2668E"'
    'Server': 'Windows-Azure-Blob/1.0 Microsoft-HTTPAPI/2.0'
    'x-ms-request-id': 'd60779cc-c01e-007e-3b2d-e32f40000000'
    'x-ms-client-request-id': '93c45cc4-4f20-11ed-8a48-0242bebc0005'
    'x-ms-version': 'REDACTED'
    'x-ms-creation-time': 'REDACTED'
    'x-ms-blob-content-md5': 'REDACTED'
    'x-ms-lease-status': 'REDACTED'
    'x-ms-lease-state': 'REDACTED'
    'x-ms-blob-type': 'REDACTED'
    'x-ms-server-encrypted': 'REDACTED'
    'Date': 'Tue, 18 Oct 2022 20:08:05 GMT'
[2022-10-18 20:08:05,692] {logging_mixin.py:115} INFO - <class 'pandas.core.frame.DataFrame'>
RangeIndex: 1 entries, 0 to 0
Data columns (total 13 columns):
 #   Column            Non-Null Count  Dtype 
---  ------            --------------  ----- 
 0   title             1 non-null      object
 1   link              1 non-null      object
 2   id                1 non-null      object
 3   published_at      1 non-null      object
 4   conditions        1 non-null      object
 5   intervention      1 non-null      object
 6   publisher         1 non-null      object
 7   status            1 non-null      object
 8   source            1 non-null      object
 9   keyword           1 non-null      object
 10  indication        1 non-null      object
 11  therapeutic_area  1 non-null      object
 12  updated_at        1 non-null      object
dtypes: object(13)
memory usage: 232.0+ bytes
[2022-10-18 20:08:05,692] {process_news_dag_factory.py:159} INFO - None
[2022-10-18 20:08:05,695] {process_news_dag_factory.py:167} INFO - {'id': 'NCT05583188', 'source': 'clinical_trials', 'therapeutic_area': 'Oncology', 'indication': 'Lung Cancer', 'keyword': 'MDX-1106', 'title': 'Neoadjuvant Aliya PEF Soft Tissue Ablation With Systemic Therapy in Early-Stage Resectable NSCLC', 'link': 'https://clinicaltrials.gov/ct2/show/NCT05583188?cond=MDX-1106&sfpd_d=100', 'publisher': 'Galvanize Therapeutics, Inc.', 'published_at': '2022-10-17T12:00:00.000Z', 'updated_at': '2022-10-18T20:00:33.038Z', 'atacana_team': None, 'category': None, 'priority': None, 'content': None}
[2022-10-18 20:08:05,899] {python.py:173} INFO - Done. Returned value was: None
[2022-10-18 20:08:05,908] {taskinstance.py:1395} INFO - Marking task as SUCCESS. dag_id=clinical_trials__lung_cancer__etl__20220109, task_id=load_data_to_mongodb_task, map_index=23, execution_date=20221018T180000, start_date=20221018T200754, end_date=20221018T200805
[2022-10-18 20:08:05,961] {local_task_job.py:156} INFO - Task exited with return code 0
[2022-10-18 20:08:05,983] {local_task_job.py:273} INFO - 0 downstream tasks scheduled from follow-on schedule check
