[2022-10-18 22:01:54,088] {taskinstance.py:1159} INFO - Dependencies all met for <TaskInstance: clinical_trials__lung_cancer__etl__20220109.load_data_to_blob_storage_task scheduled__2022-10-18T20:00:00+00:00 map_index=25 [queued]>
[2022-10-18 22:01:54,097] {taskinstance.py:1159} INFO - Dependencies all met for <TaskInstance: clinical_trials__lung_cancer__etl__20220109.load_data_to_blob_storage_task scheduled__2022-10-18T20:00:00+00:00 map_index=25 [queued]>
[2022-10-18 22:01:54,097] {taskinstance.py:1356} INFO - 
--------------------------------------------------------------------------------
[2022-10-18 22:01:54,098] {taskinstance.py:1357} INFO - Starting attempt 1 of 1
[2022-10-18 22:01:54,099] {taskinstance.py:1358} INFO - 
--------------------------------------------------------------------------------
[2022-10-18 22:01:54,106] {taskinstance.py:1377} INFO - Executing <Mapped(_PythonDecoratedOperator): load_data_to_blob_storage_task> on 2022-10-18 20:00:00+00:00
[2022-10-18 22:01:54,110] {standard_task_runner.py:52} INFO - Started process 6723 to run task
[2022-10-18 22:01:54,114] {standard_task_runner.py:79} INFO - Running: ['airflow', 'tasks', 'run', 'clinical_trials__lung_cancer__etl__20220109', 'load_data_to_blob_storage_task', 'scheduled__2022-10-18T20:00:00+00:00', '--job-id', '822', '--raw', '--subdir', 'DAGS_FOLDER/process_news_dags.py', '--cfg-path', '/tmp/tmp95bmsz_m', '--map-index', '25', '--error-file', '/tmp/tmpmfzobnk4']
[2022-10-18 22:01:54,115] {standard_task_runner.py:80} INFO - Job 822: Subtask load_data_to_blob_storage_task
[2022-10-18 22:01:54,128] {logging_mixin.py:115} WARNING - /root/.cache/pypoetry/virtualenvs/***-tXitOD5F-py3.8/lib/python3.8/site-packages/airflow/configuration.py:525 DeprecationWarning: The sql_alchemy_conn option in [core] has been moved to the sql_alchemy_conn option in [database] - the old setting has been used, but please update your config.
[2022-10-18 22:01:54,158] {task_command.py:370} INFO - Running <TaskInstance: clinical_trials__lung_cancer__etl__20220109.load_data_to_blob_storage_task scheduled__2022-10-18T20:00:00+00:00 map_index=25 [running]> on host 6cdf6d517dc4
[2022-10-18 22:01:54,207] {taskinstance.py:1569} INFO - Exporting the following env vars:
AIRFLOW_CTX_DAG_EMAIL=wais@datakimia.com,david@datakimia.com,juanm@datakimia.com,tomas@datakimia.com
AIRFLOW_CTX_DAG_OWNER=atacana
AIRFLOW_CTX_DAG_ID=clinical_trials__lung_cancer__etl__20220109
AIRFLOW_CTX_TASK_ID=load_data_to_blob_storage_task
AIRFLOW_CTX_EXECUTION_DATE=2022-10-18T20:00:00+00:00
AIRFLOW_CTX_TRY_NUMBER=1
AIRFLOW_CTX_DAG_RUN_ID=scheduled__2022-10-18T20:00:00+00:00
[2022-10-18 22:01:54,210] {process_news_dag_factory.py:105} INFO - Reading temp file: lung-cancer_clinical-trials_medi4736_20221018-20_df.json
[2022-10-18 22:01:54,227] {helpers.py:114} INFO - Going to save clinical_trials data..
[2022-10-18 22:01:54,229] {helpers.py:115} INFO -                                                title  ...                  updated_at
0  Randomized Trial Comparing Standard of Care Ve...  ...  2022-10-18 22:00:34.528000
1  Ceralasertib Followed by Durvalumab and Nab-pa...  ...  2022-10-18 22:00:34.528000
2  A Phase III Study of Ceralasertib Plus Durvalu...  ...  2022-10-18 22:00:34.528000
3  Lurbinectedin Combined With Durvalumab in Pre-...  ...  2022-10-18 22:00:34.528000
4  Study of Durvalumab Plus Tremelimumab as First...  ...  2022-10-18 22:00:34.528000

[5 rows x 13 columns]
[2022-10-18 22:01:54,238] {helpers.py:116} INFO - Index(['title', 'link', 'id', 'published_at', 'conditions', 'intervention',
       'publisher', 'status', 'source', 'keyword', 'indication',
       'therapeutic_area', 'updated_at'],
      dtype='object')
[2022-10-18 22:01:54,243] {_universal.py:473} INFO - Request URL: 'https://atacananews.blob.core.windows.net/atacana-blob-container/lung-cancer/clinical-trials/20221018/medi4736/lung-cancer_clinical-trials_20221018_medi4736_NCT05568212.json'
Request method: 'PUT'
Request headers:
    'Content-Length': '740'
    'x-ms-blob-type': 'REDACTED'
    'x-ms-version': 'REDACTED'
    'Content-Type': 'application/octet-stream'
    'Accept': 'application/xml'
    'User-Agent': 'azsdk-python-storage-blob/12.13.1 Python/3.8.15 (Linux-5.10.124-linuxkit-aarch64-with-glibc2.17)'
    'x-ms-date': 'REDACTED'
    'x-ms-client-request-id': '7a039ba0-4f30-11ed-8573-0242bebc0005'
    'Authorization': 'REDACTED'
A body is sent with the request
[2022-10-18 22:01:54,978] {_universal.py:504} INFO - Response status: 201
Response headers:
    'Content-Length': '0'
    'Content-MD5': 'REDACTED'
    'Last-Modified': 'Tue, 18 Oct 2022 22:01:55 GMT'
    'ETag': '"0x8DAB1545EADD6BD"'
    'Server': 'Windows-Azure-Blob/1.0 Microsoft-HTTPAPI/2.0'
    'x-ms-request-id': '1e749653-701e-007b-1f3d-e3fd9b000000'
    'x-ms-client-request-id': '7a039ba0-4f30-11ed-8573-0242bebc0005'
    'x-ms-version': 'REDACTED'
    'x-ms-content-crc64': 'REDACTED'
    'x-ms-request-server-encrypted': 'REDACTED'
    'Date': 'Tue, 18 Oct 2022 22:01:54 GMT'
[2022-10-18 22:01:54,989] {_universal.py:473} INFO - Request URL: 'https://atacananews.blob.core.windows.net/atacana-blob-container/lung-cancer/clinical-trials/20221018/medi4736/lung-cancer_clinical-trials_20221018_medi4736_NCT05582538.json'
Request method: 'PUT'
Request headers:
    'Content-Length': '631'
    'x-ms-blob-type': 'REDACTED'
    'x-ms-version': 'REDACTED'
    'Content-Type': 'application/octet-stream'
    'Accept': 'application/xml'
    'User-Agent': 'azsdk-python-storage-blob/12.13.1 Python/3.8.15 (Linux-5.10.124-linuxkit-aarch64-with-glibc2.17)'
    'x-ms-date': 'REDACTED'
    'x-ms-client-request-id': '7a757324-4f30-11ed-8573-0242bebc0005'
    'Authorization': 'REDACTED'
A body is sent with the request
[2022-10-18 22:01:55,193] {_universal.py:504} INFO - Response status: 201
Response headers:
    'Content-Length': '0'
    'Content-MD5': 'REDACTED'
    'Last-Modified': 'Tue, 18 Oct 2022 22:01:55 GMT'
    'ETag': '"0x8DAB1545ECF1584"'
    'Server': 'Windows-Azure-Blob/1.0 Microsoft-HTTPAPI/2.0'
    'x-ms-request-id': '1e7496de-701e-007b-1b3d-e3fd9b000000'
    'x-ms-client-request-id': '7a757324-4f30-11ed-8573-0242bebc0005'
    'x-ms-version': 'REDACTED'
    'x-ms-content-crc64': 'REDACTED'
    'x-ms-request-server-encrypted': 'REDACTED'
    'Date': 'Tue, 18 Oct 2022 22:01:54 GMT'
[2022-10-18 22:01:55,198] {_universal.py:473} INFO - Request URL: 'https://atacananews.blob.core.windows.net/atacana-blob-container/lung-cancer/clinical-trials/20221018/medi4736/lung-cancer_clinical-trials_20221018_medi4736_NCT05450692.json'
Request method: 'PUT'
Request headers:
    'Content-Length': '718'
    'x-ms-blob-type': 'REDACTED'
    'x-ms-version': 'REDACTED'
    'Content-Type': 'application/octet-stream'
    'Accept': 'application/xml'
    'User-Agent': 'azsdk-python-storage-blob/12.13.1 Python/3.8.15 (Linux-5.10.124-linuxkit-aarch64-with-glibc2.17)'
    'x-ms-date': 'REDACTED'
    'x-ms-client-request-id': '7a955cc0-4f30-11ed-8573-0242bebc0005'
    'Authorization': 'REDACTED'
A body is sent with the request
[2022-10-18 22:01:55,406] {_universal.py:504} INFO - Response status: 201
Response headers:
    'Content-Length': '0'
    'Content-MD5': 'REDACTED'
    'Last-Modified': 'Tue, 18 Oct 2022 22:01:55 GMT'
    'ETag': '"0x8DAB1545EEC5D45"'
    'Server': 'Windows-Azure-Blob/1.0 Microsoft-HTTPAPI/2.0'
    'x-ms-request-id': '1e749748-701e-007b-7c3d-e3fd9b000000'
    'x-ms-client-request-id': '7a955cc0-4f30-11ed-8573-0242bebc0005'
    'x-ms-version': 'REDACTED'
    'x-ms-content-crc64': 'REDACTED'
    'x-ms-request-server-encrypted': 'REDACTED'
    'Date': 'Tue, 18 Oct 2022 22:01:54 GMT'
[2022-10-18 22:01:55,409] {_universal.py:473} INFO - Request URL: 'https://atacananews.blob.core.windows.net/atacana-blob-container/lung-cancer/clinical-trials/20221018/medi4736/lung-cancer_clinical-trials_20221018_medi4736_NCT05572476.json'
Request method: 'PUT'
Request headers:
    'Content-Length': '751'
    'x-ms-blob-type': 'REDACTED'
    'x-ms-version': 'REDACTED'
    'Content-Type': 'application/octet-stream'
    'Accept': 'application/xml'
    'User-Agent': 'azsdk-python-storage-blob/12.13.1 Python/3.8.15 (Linux-5.10.124-linuxkit-aarch64-with-glibc2.17)'
    'x-ms-date': 'REDACTED'
    'x-ms-client-request-id': '7ab58ac2-4f30-11ed-8573-0242bebc0005'
    'Authorization': 'REDACTED'
A body is sent with the request
[2022-10-18 22:01:55,593] {_universal.py:504} INFO - Response status: 201
Response headers:
    'Content-Length': '0'
    'Content-MD5': 'REDACTED'
    'Last-Modified': 'Tue, 18 Oct 2022 22:01:55 GMT'
    'ETag': '"0x8DAB1545F0C63BA"'
    'Server': 'Windows-Azure-Blob/1.0 Microsoft-HTTPAPI/2.0'
    'x-ms-request-id': '1e7497a0-701e-007b-4e3d-e3fd9b000000'
    'x-ms-client-request-id': '7ab58ac2-4f30-11ed-8573-0242bebc0005'
    'x-ms-version': 'REDACTED'
    'x-ms-content-crc64': 'REDACTED'
    'x-ms-request-server-encrypted': 'REDACTED'
    'Date': 'Tue, 18 Oct 2022 22:01:54 GMT'
[2022-10-18 22:01:55,596] {_universal.py:473} INFO - Request URL: 'https://atacananews.blob.core.windows.net/atacana-blob-container/lung-cancer/clinical-trials/20221018/medi4736/lung-cancer_clinical-trials_20221018_medi4736_NCT05557838.json'
Request method: 'PUT'
Request headers:
    'Content-Length': '580'
    'x-ms-blob-type': 'REDACTED'
    'x-ms-version': 'REDACTED'
    'Content-Type': 'application/octet-stream'
    'Accept': 'application/xml'
    'User-Agent': 'azsdk-python-storage-blob/12.13.1 Python/3.8.15 (Linux-5.10.124-linuxkit-aarch64-with-glibc2.17)'
    'x-ms-date': 'REDACTED'
    'x-ms-client-request-id': '7ad1f8d8-4f30-11ed-8573-0242bebc0005'
    'Authorization': 'REDACTED'
A body is sent with the request
[2022-10-18 22:01:55,780] {_universal.py:504} INFO - Response status: 201
Response headers:
    'Content-Length': '0'
    'Content-MD5': 'REDACTED'
    'Last-Modified': 'Tue, 18 Oct 2022 22:01:55 GMT'
    'ETag': '"0x8DAB1545F28C138"'
    'Server': 'Windows-Azure-Blob/1.0 Microsoft-HTTPAPI/2.0'
    'x-ms-request-id': '1e7497fa-701e-007b-213d-e3fd9b000000'
    'x-ms-client-request-id': '7ad1f8d8-4f30-11ed-8573-0242bebc0005'
    'x-ms-version': 'REDACTED'
    'x-ms-content-crc64': 'REDACTED'
    'x-ms-request-server-encrypted': 'REDACTED'
    'Date': 'Tue, 18 Oct 2022 22:01:54 GMT'
[2022-10-18 22:01:55,783] {_universal.py:473} INFO - Request URL: 'https://atacananews.blob.core.windows.net/atacana-blob-container/lung-cancer/clinical-trials/20221018/medi4736/lung-cancer_clinical-trials_20221018_medi4736_NCT05484583.json'
Request method: 'PUT'
Request headers:
    'Content-Length': '778'
    'x-ms-blob-type': 'REDACTED'
    'x-ms-version': 'REDACTED'
    'Content-Type': 'application/octet-stream'
    'Accept': 'application/xml'
    'User-Agent': 'azsdk-python-storage-blob/12.13.1 Python/3.8.15 (Linux-5.10.124-linuxkit-aarch64-with-glibc2.17)'
    'x-ms-date': 'REDACTED'
    'x-ms-client-request-id': '7aee8200-4f30-11ed-8573-0242bebc0005'
    'Authorization': 'REDACTED'
A body is sent with the request
[2022-10-18 22:01:55,976] {_universal.py:504} INFO - Response status: 201
Response headers:
    'Content-Length': '0'
    'Content-MD5': 'REDACTED'
    'Last-Modified': 'Tue, 18 Oct 2022 22:01:56 GMT'
    'ETag': '"0x8DAB1545F46A51D"'
    'Server': 'Windows-Azure-Blob/1.0 Microsoft-HTTPAPI/2.0'
    'x-ms-request-id': '1e74984f-701e-007b-6e3d-e3fd9b000000'
    'x-ms-client-request-id': '7aee8200-4f30-11ed-8573-0242bebc0005'
    'x-ms-version': 'REDACTED'
    'x-ms-content-crc64': 'REDACTED'
    'x-ms-request-server-encrypted': 'REDACTED'
    'Date': 'Tue, 18 Oct 2022 22:01:55 GMT'
[2022-10-18 22:01:55,981] {_universal.py:473} INFO - Request URL: 'https://atacananews.blob.core.windows.net/atacana-blob-container/lung-cancer/clinical-trials/20221018/medi4736/lung-cancer_clinical-trials_20221018_medi4736_NCT05456867.json'
Request method: 'PUT'
Request headers:
    'Content-Length': '568'
    'x-ms-blob-type': 'REDACTED'
    'x-ms-version': 'REDACTED'
    'Content-Type': 'application/octet-stream'
    'Accept': 'application/xml'
    'User-Agent': 'azsdk-python-storage-blob/12.13.1 Python/3.8.15 (Linux-5.10.124-linuxkit-aarch64-with-glibc2.17)'
    'x-ms-date': 'REDACTED'
    'x-ms-client-request-id': '7b0ccac6-4f30-11ed-8573-0242bebc0005'
    'Authorization': 'REDACTED'
A body is sent with the request
[2022-10-18 22:01:56,172] {_universal.py:504} INFO - Response status: 201
Response headers:
    'Content-Length': '0'
    'Content-MD5': 'REDACTED'
    'Last-Modified': 'Tue, 18 Oct 2022 22:01:56 GMT'
    'ETag': '"0x8DAB1545F6461F8"'
    'Server': 'Windows-Azure-Blob/1.0 Microsoft-HTTPAPI/2.0'
    'x-ms-request-id': '1e7498c7-701e-007b-5b3d-e3fd9b000000'
    'x-ms-client-request-id': '7b0ccac6-4f30-11ed-8573-0242bebc0005'
    'x-ms-version': 'REDACTED'
    'x-ms-content-crc64': 'REDACTED'
    'x-ms-request-server-encrypted': 'REDACTED'
    'Date': 'Tue, 18 Oct 2022 22:01:55 GMT'
[2022-10-18 22:01:56,184] {_universal.py:473} INFO - Request URL: 'https://atacananews.blob.core.windows.net/atacana-blob-container/lung-cancer/clinical-trials/20221018/medi4736/lung-cancer_clinical-trials_20221018_medi4736_NCT05498155.json'
Request method: 'PUT'
Request headers:
    'Content-Length': '656'
    'x-ms-blob-type': 'REDACTED'
    'x-ms-version': 'REDACTED'
    'Content-Type': 'application/octet-stream'
    'Accept': 'application/xml'
    'User-Agent': 'azsdk-python-storage-blob/12.13.1 Python/3.8.15 (Linux-5.10.124-linuxkit-aarch64-with-glibc2.17)'
    'x-ms-date': 'REDACTED'
    'x-ms-client-request-id': '7b2bbc42-4f30-11ed-8573-0242bebc0005'
    'Authorization': 'REDACTED'
A body is sent with the request
[2022-10-18 22:01:56,379] {_universal.py:504} INFO - Response status: 201
Response headers:
    'Content-Length': '0'
    'Content-MD5': 'REDACTED'
    'Last-Modified': 'Tue, 18 Oct 2022 22:01:56 GMT'
    'ETag': '"0x8DAB1545F844164"'
    'Server': 'Windows-Azure-Blob/1.0 Microsoft-HTTPAPI/2.0'
    'x-ms-request-id': '1e749935-701e-007b-3f3d-e3fd9b000000'
    'x-ms-client-request-id': '7b2bbc42-4f30-11ed-8573-0242bebc0005'
    'x-ms-version': 'REDACTED'
    'x-ms-content-crc64': 'REDACTED'
    'x-ms-request-server-encrypted': 'REDACTED'
    'Date': 'Tue, 18 Oct 2022 22:01:55 GMT'
[2022-10-18 22:01:56,394] {_universal.py:473} INFO - Request URL: 'https://atacananews.blob.core.windows.net/atacana-blob-container/lung-cancer/clinical-trials/20221018/medi4736/lung-cancer_clinical-trials_20221018_medi4736_NCT05514132.json'
Request method: 'PUT'
Request headers:
    'Content-Length': '593'
    'x-ms-blob-type': 'REDACTED'
    'x-ms-version': 'REDACTED'
    'Content-Type': 'application/octet-stream'
    'Accept': 'application/xml'
    'User-Agent': 'azsdk-python-storage-blob/12.13.1 Python/3.8.15 (Linux-5.10.124-linuxkit-aarch64-with-glibc2.17)'
    'x-ms-date': 'REDACTED'
    'x-ms-client-request-id': '7b4bbb96-4f30-11ed-8573-0242bebc0005'
    'Authorization': 'REDACTED'
A body is sent with the request
[2022-10-18 22:01:56,605] {_universal.py:504} INFO - Response status: 201
Response headers:
    'Content-Length': '0'
    'Content-MD5': 'REDACTED'
    'Last-Modified': 'Tue, 18 Oct 2022 22:01:56 GMT'
    'ETag': '"0x8DAB1545FA50B16"'
    'Server': 'Windows-Azure-Blob/1.0 Microsoft-HTTPAPI/2.0'
    'x-ms-request-id': '1e7499cf-701e-007b-4a3d-e3fd9b000000'
    'x-ms-client-request-id': '7b4bbb96-4f30-11ed-8573-0242bebc0005'
    'x-ms-version': 'REDACTED'
    'x-ms-content-crc64': 'REDACTED'
    'x-ms-request-server-encrypted': 'REDACTED'
    'Date': 'Tue, 18 Oct 2022 22:01:55 GMT'
[2022-10-18 22:01:56,607] {_universal.py:473} INFO - Request URL: 'https://atacananews.blob.core.windows.net/atacana-blob-container/lung-cancer/clinical-trials/20221018/medi4736/lung-cancer_clinical-trials_20221018_medi4736_NCT05451043.json'
Request method: 'PUT'
Request headers:
    'Content-Length': '773'
    'x-ms-blob-type': 'REDACTED'
    'x-ms-version': 'REDACTED'
    'Content-Type': 'application/octet-stream'
    'Accept': 'application/xml'
    'User-Agent': 'azsdk-python-storage-blob/12.13.1 Python/3.8.15 (Linux-5.10.124-linuxkit-aarch64-with-glibc2.17)'
    'x-ms-date': 'REDACTED'
    'x-ms-client-request-id': '7b6c5176-4f30-11ed-8573-0242bebc0005'
    'Authorization': 'REDACTED'
A body is sent with the request
[2022-10-18 22:01:56,791] {_universal.py:504} INFO - Response status: 201
Response headers:
    'Content-Length': '0'
    'Content-MD5': 'REDACTED'
    'Last-Modified': 'Tue, 18 Oct 2022 22:01:56 GMT'
    'ETag': '"0x8DAB1545FC33D0B"'
    'Server': 'Windows-Azure-Blob/1.0 Microsoft-HTTPAPI/2.0'
    'x-ms-request-id': '1e749a3d-701e-007b-313d-e3fd9b000000'
    'x-ms-client-request-id': '7b6c5176-4f30-11ed-8573-0242bebc0005'
    'x-ms-version': 'REDACTED'
    'x-ms-content-crc64': 'REDACTED'
    'x-ms-request-server-encrypted': 'REDACTED'
    'Date': 'Tue, 18 Oct 2022 22:01:55 GMT'
[2022-10-18 22:01:56,795] {python.py:173} INFO - Done. Returned value was: None
[2022-10-18 22:01:56,805] {taskinstance.py:1395} INFO - Marking task as SUCCESS. dag_id=clinical_trials__lung_cancer__etl__20220109, task_id=load_data_to_blob_storage_task, map_index=25, execution_date=20221018T200000, start_date=20221018T220154, end_date=20221018T220156
[2022-10-18 22:01:56,832] {local_task_job.py:156} INFO - Task exited with return code 0
[2022-10-18 22:01:56,868] {local_task_job.py:273} INFO - 0 downstream tasks scheduled from follow-on schedule check
