[2022-10-18 22:03:35,842] {taskinstance.py:1159} INFO - Dependencies all met for <TaskInstance: clinical_trials__lung_cancer__etl__20220109.load_data_to_blob_storage_task scheduled__2022-10-18T20:00:00+00:00 map_index=3 [queued]>
[2022-10-18 22:03:35,852] {taskinstance.py:1159} INFO - Dependencies all met for <TaskInstance: clinical_trials__lung_cancer__etl__20220109.load_data_to_blob_storage_task scheduled__2022-10-18T20:00:00+00:00 map_index=3 [queued]>
[2022-10-18 22:03:35,853] {taskinstance.py:1356} INFO - 
--------------------------------------------------------------------------------
[2022-10-18 22:03:35,854] {taskinstance.py:1357} INFO - Starting attempt 1 of 1
[2022-10-18 22:03:35,854] {taskinstance.py:1358} INFO - 
--------------------------------------------------------------------------------
[2022-10-18 22:03:35,861] {taskinstance.py:1377} INFO - Executing <Mapped(_PythonDecoratedOperator): load_data_to_blob_storage_task> on 2022-10-18 20:00:00+00:00
[2022-10-18 22:03:35,866] {standard_task_runner.py:52} INFO - Started process 6803 to run task
[2022-10-18 22:03:35,868] {standard_task_runner.py:79} INFO - Running: ['airflow', 'tasks', 'run', 'clinical_trials__lung_cancer__etl__20220109', 'load_data_to_blob_storage_task', 'scheduled__2022-10-18T20:00:00+00:00', '--job-id', '855', '--raw', '--subdir', 'DAGS_FOLDER/process_news_dags.py', '--cfg-path', '/tmp/tmporthxs59', '--map-index', '3', '--error-file', '/tmp/tmpva99e_su']
[2022-10-18 22:03:35,870] {standard_task_runner.py:80} INFO - Job 855: Subtask load_data_to_blob_storage_task
[2022-10-18 22:03:35,881] {logging_mixin.py:115} WARNING - /root/.cache/pypoetry/virtualenvs/***-tXitOD5F-py3.8/lib/python3.8/site-packages/airflow/configuration.py:525 DeprecationWarning: The sql_alchemy_conn option in [core] has been moved to the sql_alchemy_conn option in [database] - the old setting has been used, but please update your config.
[2022-10-18 22:03:35,908] {task_command.py:370} INFO - Running <TaskInstance: clinical_trials__lung_cancer__etl__20220109.load_data_to_blob_storage_task scheduled__2022-10-18T20:00:00+00:00 map_index=3 [running]> on host 6cdf6d517dc4
[2022-10-18 22:03:35,952] {taskinstance.py:1569} INFO - Exporting the following env vars:
AIRFLOW_CTX_DAG_EMAIL=wais@datakimia.com,david@datakimia.com,juanm@datakimia.com,tomas@datakimia.com
AIRFLOW_CTX_DAG_OWNER=atacana
AIRFLOW_CTX_DAG_ID=clinical_trials__lung_cancer__etl__20220109
AIRFLOW_CTX_TASK_ID=load_data_to_blob_storage_task
AIRFLOW_CTX_EXECUTION_DATE=2022-10-18T20:00:00+00:00
AIRFLOW_CTX_TRY_NUMBER=1
AIRFLOW_CTX_DAG_RUN_ID=scheduled__2022-10-18T20:00:00+00:00
[2022-10-18 22:03:35,954] {process_news_dag_factory.py:105} INFO - Reading temp file: lung-cancer_clinical-trials_azd-2281_20221018-20_df.json
[2022-10-18 22:03:35,967] {helpers.py:114} INFO - Going to save clinical_trials data..
[2022-10-18 22:03:35,968] {helpers.py:115} INFO -                                                title  ...                  updated_at
0  Phase II Study of PARP Inhibitor Olaparib and ...  ...  2022-10-18 22:00:08.952000
1  Olaparib in Unresectable/Metastatic Melanoma W...  ...  2022-10-18 22:00:08.952000
2  Olaparib in Combination With Pembrolizumab for...  ...  2022-10-18 22:00:08.952000
3        Surgical Pembro +/- Olaparib w TMZ for rGBM  ...  2022-10-18 22:00:08.952000
4     Pembro With Radiation With or Without Olaparib  ...  2022-10-18 22:00:08.952000

[5 rows x 13 columns]
[2022-10-18 22:03:35,976] {helpers.py:116} INFO - Index(['title', 'link', 'id', 'published_at', 'conditions', 'intervention',
       'publisher', 'status', 'source', 'keyword', 'indication',
       'therapeutic_area', 'updated_at'],
      dtype='object')
[2022-10-18 22:03:35,980] {_universal.py:473} INFO - Request URL: 'https://atacananews.blob.core.windows.net/atacana-blob-container/lung-cancer/clinical-trials/20221018/azd-2281/lung-cancer_clinical-trials_20221018_azd-2281_NCT05501548.json'
Request method: 'PUT'
Request headers:
    'Content-Length': '714'
    'x-ms-blob-type': 'REDACTED'
    'x-ms-version': 'REDACTED'
    'Content-Type': 'application/octet-stream'
    'Accept': 'application/xml'
    'User-Agent': 'azsdk-python-storage-blob/12.13.1 Python/3.8.15 (Linux-5.10.124-linuxkit-aarch64-with-glibc2.17)'
    'x-ms-date': 'REDACTED'
    'x-ms-client-request-id': 'b6a775ae-4f30-11ed-bf21-0242bebc0005'
    'Authorization': 'REDACTED'
A body is sent with the request
[2022-10-18 22:03:36,722] {_universal.py:504} INFO - Response status: 201
Response headers:
    'Content-Length': '0'
    'Content-MD5': 'REDACTED'
    'Last-Modified': 'Tue, 18 Oct 2022 22:03:36 GMT'
    'ETag': '"0x8DAB1549B538554"'
    'Server': 'Windows-Azure-Blob/1.0 Microsoft-HTTPAPI/2.0'
    'x-ms-request-id': '740b0246-e01e-001b-0d3d-e38104000000'
    'x-ms-client-request-id': 'b6a775ae-4f30-11ed-bf21-0242bebc0005'
    'x-ms-version': 'REDACTED'
    'x-ms-content-crc64': 'REDACTED'
    'x-ms-request-server-encrypted': 'REDACTED'
    'Date': 'Tue, 18 Oct 2022 22:03:36 GMT'
[2022-10-18 22:03:36,725] {_universal.py:473} INFO - Request URL: 'https://atacananews.blob.core.windows.net/atacana-blob-container/lung-cancer/clinical-trials/20221018/azd-2281/lung-cancer_clinical-trials_20221018_azd-2281_NCT05482074.json'
Request method: 'PUT'
Request headers:
    'Content-Length': '589'
    'x-ms-blob-type': 'REDACTED'
    'x-ms-version': 'REDACTED'
    'Content-Type': 'application/octet-stream'
    'Accept': 'application/xml'
    'User-Agent': 'azsdk-python-storage-blob/12.13.1 Python/3.8.15 (Linux-5.10.124-linuxkit-aarch64-with-glibc2.17)'
    'x-ms-date': 'REDACTED'
    'x-ms-client-request-id': 'b719276c-4f30-11ed-bf21-0242bebc0005'
    'Authorization': 'REDACTED'
A body is sent with the request
[2022-10-18 22:03:36,910] {_universal.py:504} INFO - Response status: 201
Response headers:
    'Content-Length': '0'
    'Content-MD5': 'REDACTED'
    'Last-Modified': 'Tue, 18 Oct 2022 22:03:36 GMT'
    'ETag': '"0x8DAB1549B7009DE"'
    'Server': 'Windows-Azure-Blob/1.0 Microsoft-HTTPAPI/2.0'
    'x-ms-request-id': '740b02d1-e01e-001b-053d-e38104000000'
    'x-ms-client-request-id': 'b719276c-4f30-11ed-bf21-0242bebc0005'
    'x-ms-version': 'REDACTED'
    'x-ms-content-crc64': 'REDACTED'
    'x-ms-request-server-encrypted': 'REDACTED'
    'Date': 'Tue, 18 Oct 2022 22:03:36 GMT'
[2022-10-18 22:03:36,912] {_universal.py:473} INFO - Request URL: 'https://atacananews.blob.core.windows.net/atacana-blob-container/lung-cancer/clinical-trials/20221018/azd-2281/lung-cancer_clinical-trials_20221018_azd-2281_NCT05524935.json'
Request method: 'PUT'
Request headers:
    'Content-Length': '594'
    'x-ms-blob-type': 'REDACTED'
    'x-ms-version': 'REDACTED'
    'Content-Type': 'application/octet-stream'
    'Accept': 'application/xml'
    'User-Agent': 'azsdk-python-storage-blob/12.13.1 Python/3.8.15 (Linux-5.10.124-linuxkit-aarch64-with-glibc2.17)'
    'x-ms-date': 'REDACTED'
    'x-ms-client-request-id': 'b735aa22-4f30-11ed-bf21-0242bebc0005'
    'Authorization': 'REDACTED'
A body is sent with the request
[2022-10-18 22:03:37,096] {_universal.py:504} INFO - Response status: 201
Response headers:
    'Content-Length': '0'
    'Content-MD5': 'REDACTED'
    'Last-Modified': 'Tue, 18 Oct 2022 22:03:37 GMT'
    'ETag': '"0x8DAB1549B8C404B"'
    'Server': 'Windows-Azure-Blob/1.0 Microsoft-HTTPAPI/2.0'
    'x-ms-request-id': '740b036e-e01e-001b-153d-e38104000000'
    'x-ms-client-request-id': 'b735aa22-4f30-11ed-bf21-0242bebc0005'
    'x-ms-version': 'REDACTED'
    'x-ms-content-crc64': 'REDACTED'
    'x-ms-request-server-encrypted': 'REDACTED'
    'Date': 'Tue, 18 Oct 2022 22:03:36 GMT'
[2022-10-18 22:03:37,099] {_universal.py:473} INFO - Request URL: 'https://atacananews.blob.core.windows.net/atacana-blob-container/lung-cancer/clinical-trials/20221018/azd-2281/lung-cancer_clinical-trials_20221018_azd-2281_NCT05463848.json'
Request method: 'PUT'
Request headers:
    'Content-Length': '570'
    'x-ms-blob-type': 'REDACTED'
    'x-ms-version': 'REDACTED'
    'Content-Type': 'application/octet-stream'
    'Accept': 'application/xml'
    'User-Agent': 'azsdk-python-storage-blob/12.13.1 Python/3.8.15 (Linux-5.10.124-linuxkit-aarch64-with-glibc2.17)'
    'x-ms-date': 'REDACTED'
    'x-ms-client-request-id': 'b752259e-4f30-11ed-bf21-0242bebc0005'
    'Authorization': 'REDACTED'
A body is sent with the request
[2022-10-18 22:03:37,283] {_universal.py:504} INFO - Response status: 201
Response headers:
    'Content-Length': '0'
    'Content-MD5': 'REDACTED'
    'Last-Modified': 'Tue, 18 Oct 2022 22:03:37 GMT'
    'ETag': '"0x8DAB1549BA912F1"'
    'Server': 'Windows-Azure-Blob/1.0 Microsoft-HTTPAPI/2.0'
    'x-ms-request-id': '740b0430-e01e-001b-3c3d-e38104000000'
    'x-ms-client-request-id': 'b752259e-4f30-11ed-bf21-0242bebc0005'
    'x-ms-version': 'REDACTED'
    'x-ms-content-crc64': 'REDACTED'
    'x-ms-request-server-encrypted': 'REDACTED'
    'Date': 'Tue, 18 Oct 2022 22:03:37 GMT'
[2022-10-18 22:03:37,287] {_universal.py:473} INFO - Request URL: 'https://atacananews.blob.core.windows.net/atacana-blob-container/lung-cancer/clinical-trials/20221018/azd-2281/lung-cancer_clinical-trials_20221018_azd-2281_NCT05568550.json'
Request method: 'PUT'
Request headers:
    'Content-Length': '596'
    'x-ms-blob-type': 'REDACTED'
    'x-ms-version': 'REDACTED'
    'Content-Type': 'application/octet-stream'
    'Accept': 'application/xml'
    'User-Agent': 'azsdk-python-storage-blob/12.13.1 Python/3.8.15 (Linux-5.10.124-linuxkit-aarch64-with-glibc2.17)'
    'x-ms-date': 'REDACTED'
    'x-ms-client-request-id': 'b76ed306-4f30-11ed-bf21-0242bebc0005'
    'Authorization': 'REDACTED'
A body is sent with the request
[2022-10-18 22:03:37,485] {_universal.py:504} INFO - Response status: 201
Response headers:
    'Content-Length': '0'
    'Content-MD5': 'REDACTED'
    'Last-Modified': 'Tue, 18 Oct 2022 22:03:37 GMT'
    'ETag': '"0x8DAB1549BC7E10F"'
    'Server': 'Windows-Azure-Blob/1.0 Microsoft-HTTPAPI/2.0'
    'x-ms-request-id': '740b04fd-e01e-001b-673d-e38104000000'
    'x-ms-client-request-id': 'b76ed306-4f30-11ed-bf21-0242bebc0005'
    'x-ms-version': 'REDACTED'
    'x-ms-content-crc64': 'REDACTED'
    'x-ms-request-server-encrypted': 'REDACTED'
    'Date': 'Tue, 18 Oct 2022 22:03:37 GMT'
[2022-10-18 22:03:37,488] {_universal.py:473} INFO - Request URL: 'https://atacananews.blob.core.windows.net/atacana-blob-container/lung-cancer/clinical-trials/20221018/azd-2281/lung-cancer_clinical-trials_20221018_azd-2281_NCT05522491.json'
Request method: 'PUT'
Request headers:
    'Content-Length': '581'
    'x-ms-blob-type': 'REDACTED'
    'x-ms-version': 'REDACTED'
    'Content-Type': 'application/octet-stream'
    'Accept': 'application/xml'
    'User-Agent': 'azsdk-python-storage-blob/12.13.1 Python/3.8.15 (Linux-5.10.124-linuxkit-aarch64-with-glibc2.17)'
    'x-ms-date': 'REDACTED'
    'x-ms-client-request-id': 'b78d752c-4f30-11ed-bf21-0242bebc0005'
    'Authorization': 'REDACTED'
A body is sent with the request
[2022-10-18 22:03:37,671] {_universal.py:504} INFO - Response status: 201
Response headers:
    'Content-Length': '0'
    'Content-MD5': 'REDACTED'
    'Last-Modified': 'Tue, 18 Oct 2022 22:03:37 GMT'
    'ETag': '"0x8DAB1549BE3C972"'
    'Server': 'Windows-Azure-Blob/1.0 Microsoft-HTTPAPI/2.0'
    'x-ms-request-id': '740b058e-e01e-001b-6e3d-e38104000000'
    'x-ms-client-request-id': 'b78d752c-4f30-11ed-bf21-0242bebc0005'
    'x-ms-version': 'REDACTED'
    'x-ms-content-crc64': 'REDACTED'
    'x-ms-request-server-encrypted': 'REDACTED'
    'Date': 'Tue, 18 Oct 2022 22:03:37 GMT'
[2022-10-18 22:03:37,689] {_universal.py:473} INFO - Request URL: 'https://atacananews.blob.core.windows.net/atacana-blob-container/lung-cancer/clinical-trials/20221018/azd-2281/lung-cancer_clinical-trials_20221018_azd-2281_NCT05498155.json'
Request method: 'PUT'
Request headers:
    'Content-Length': '656'
    'x-ms-blob-type': 'REDACTED'
    'x-ms-version': 'REDACTED'
    'Content-Type': 'application/octet-stream'
    'Accept': 'application/xml'
    'User-Agent': 'azsdk-python-storage-blob/12.13.1 Python/3.8.15 (Linux-5.10.124-linuxkit-aarch64-with-glibc2.17)'
    'x-ms-date': 'REDACTED'
    'x-ms-client-request-id': 'b7ac3d40-4f30-11ed-bf21-0242bebc0005'
    'Authorization': 'REDACTED'
A body is sent with the request
[2022-10-18 22:03:37,893] {_universal.py:504} INFO - Response status: 201
Response headers:
    'Content-Length': '0'
    'Content-MD5': 'REDACTED'
    'Last-Modified': 'Tue, 18 Oct 2022 22:03:37 GMT'
    'ETag': '"0x8DAB1549C064098"'
    'Server': 'Windows-Azure-Blob/1.0 Microsoft-HTTPAPI/2.0'
    'x-ms-request-id': '740b0639-e01e-001b-0d3d-e38104000000'
    'x-ms-client-request-id': 'b7ac3d40-4f30-11ed-bf21-0242bebc0005'
    'x-ms-version': 'REDACTED'
    'x-ms-content-crc64': 'REDACTED'
    'x-ms-request-server-encrypted': 'REDACTED'
    'Date': 'Tue, 18 Oct 2022 22:03:37 GMT'
[2022-10-18 22:03:37,911] {_universal.py:473} INFO - Request URL: 'https://atacananews.blob.core.windows.net/atacana-blob-container/lung-cancer/clinical-trials/20221018/azd-2281/lung-cancer_clinical-trials_20221018_azd-2281_NCT05457257.json'
Request method: 'PUT'
Request headers:
    'Content-Length': '819'
    'x-ms-blob-type': 'REDACTED'
    'x-ms-version': 'REDACTED'
    'Content-Type': 'application/octet-stream'
    'Accept': 'application/xml'
    'User-Agent': 'azsdk-python-storage-blob/12.13.1 Python/3.8.15 (Linux-5.10.124-linuxkit-aarch64-with-glibc2.17)'
    'x-ms-date': 'REDACTED'
    'x-ms-client-request-id': 'b7ce1794-4f30-11ed-bf21-0242bebc0005'
    'Authorization': 'REDACTED'
A body is sent with the request
[2022-10-18 22:03:38,104] {_universal.py:504} INFO - Response status: 201
Response headers:
    'Content-Length': '0'
    'Content-MD5': 'REDACTED'
    'Last-Modified': 'Tue, 18 Oct 2022 22:03:38 GMT'
    'ETag': '"0x8DAB1549C270A3C"'
    'Server': 'Windows-Azure-Blob/1.0 Microsoft-HTTPAPI/2.0'
    'x-ms-request-id': '740b06fc-e01e-001b-493d-e38104000000'
    'x-ms-client-request-id': 'b7ce1794-4f30-11ed-bf21-0242bebc0005'
    'x-ms-version': 'REDACTED'
    'x-ms-content-crc64': 'REDACTED'
    'x-ms-request-server-encrypted': 'REDACTED'
    'Date': 'Tue, 18 Oct 2022 22:03:37 GMT'
[2022-10-18 22:03:38,108] {_universal.py:473} INFO - Request URL: 'https://atacananews.blob.core.windows.net/atacana-blob-container/lung-cancer/clinical-trials/20221018/azd-2281/lung-cancer_clinical-trials_20221018_azd-2281_NCT05554328.json'
Request method: 'PUT'
Request headers:
    'Content-Length': '871'
    'x-ms-blob-type': 'REDACTED'
    'x-ms-version': 'REDACTED'
    'Content-Type': 'application/octet-stream'
    'Accept': 'application/xml'
    'User-Agent': 'azsdk-python-storage-blob/12.13.1 Python/3.8.15 (Linux-5.10.124-linuxkit-aarch64-with-glibc2.17)'
    'x-ms-date': 'REDACTED'
    'x-ms-client-request-id': 'b7ec1488-4f30-11ed-bf21-0242bebc0005'
    'Authorization': 'REDACTED'
A body is sent with the request
[2022-10-18 22:03:38,290] {_universal.py:504} INFO - Response status: 201
Response headers:
    'Content-Length': '0'
    'Content-MD5': 'REDACTED'
    'Last-Modified': 'Tue, 18 Oct 2022 22:03:38 GMT'
    'ETag': '"0x8DAB1549C438EBF"'
    'Server': 'Windows-Azure-Blob/1.0 Microsoft-HTTPAPI/2.0'
    'x-ms-request-id': '740b078e-e01e-001b-4e3d-e38104000000'
    'x-ms-client-request-id': 'b7ec1488-4f30-11ed-bf21-0242bebc0005'
    'x-ms-version': 'REDACTED'
    'x-ms-content-crc64': 'REDACTED'
    'x-ms-request-server-encrypted': 'REDACTED'
    'Date': 'Tue, 18 Oct 2022 22:03:38 GMT'
[2022-10-18 22:03:38,296] {_universal.py:473} INFO - Request URL: 'https://atacananews.blob.core.windows.net/atacana-blob-container/lung-cancer/clinical-trials/20221018/azd-2281/lung-cancer_clinical-trials_20221018_azd-2281_NCT05485766.json'
Request method: 'PUT'
Request headers:
    'Content-Length': '831'
    'x-ms-blob-type': 'REDACTED'
    'x-ms-version': 'REDACTED'
    'Content-Type': 'application/octet-stream'
    'Accept': 'application/xml'
    'User-Agent': 'azsdk-python-storage-blob/12.13.1 Python/3.8.15 (Linux-5.10.124-linuxkit-aarch64-with-glibc2.17)'
    'x-ms-date': 'REDACTED'
    'x-ms-client-request-id': 'b808bb1a-4f30-11ed-bf21-0242bebc0005'
    'Authorization': 'REDACTED'
A body is sent with the request
[2022-10-18 22:03:38,487] {_universal.py:504} INFO - Response status: 201
Response headers:
    'Content-Length': '0'
    'Content-MD5': 'REDACTED'
    'Last-Modified': 'Tue, 18 Oct 2022 22:03:38 GMT'
    'ETag': '"0x8DAB1549C60D67A"'
    'Server': 'Windows-Azure-Blob/1.0 Microsoft-HTTPAPI/2.0'
    'x-ms-request-id': '740b085b-e01e-001b-093d-e38104000000'
    'x-ms-client-request-id': 'b808bb1a-4f30-11ed-bf21-0242bebc0005'
    'x-ms-version': 'REDACTED'
    'x-ms-content-crc64': 'REDACTED'
    'x-ms-request-server-encrypted': 'REDACTED'
    'Date': 'Tue, 18 Oct 2022 22:03:38 GMT'
[2022-10-18 22:03:38,490] {python.py:173} INFO - Done. Returned value was: None
[2022-10-18 22:03:38,501] {taskinstance.py:1395} INFO - Marking task as SUCCESS. dag_id=clinical_trials__lung_cancer__etl__20220109, task_id=load_data_to_blob_storage_task, map_index=3, execution_date=20221018T200000, start_date=20221018T220335, end_date=20221018T220338
[2022-10-18 22:03:38,550] {local_task_job.py:156} INFO - Task exited with return code 0
[2022-10-18 22:03:38,590] {local_task_job.py:273} INFO - 0 downstream tasks scheduled from follow-on schedule check
